<!DOCTYPE html>
<html lang="en">
  <head>
    <meta charset="UTF-8" />
    <meta http-equiv="Content-Security-Policy"
      content="
        default-src 'self' 'unsafe-inline' 'unsafe-eval' data:;
        connect-src 'self' https://api.github.com;
      ">
    <link rel="shortcut icon" href="data:image/png;base64,iVBORw0KGgoAAAANSUhEUgAAADAAAAAwCAYAAABXAvmHAAAABHNCSVQICAgIfAhkiAAAAAlwSFlzAAAC1QAAAtUBwMJvJQAAABl0RVh0U29mdHdhcmUAd3d3Lmlua3NjYXBlLm9yZ5vuPBoAAAf5SURBVGiB7Zp7UFT3Fcc/v3vv8kaQgA8CEmtE8ZEYiVETjS+UkUcm09FM0rE2iRPttOOjY60WbLwNQoI6I9HONNo2rbZpxmo7RkBH8Z34qJpEx2cdoxHREZ8gu+yyu9xf/4BddoFdFlzTOu33r7vnd37nnO+9v9c5vxUEGfp4PcwWpb1pSDFTQBqAhPNCig3h9fYN+n7dFkx/IpjGFucsz0WKEuB7PlSqEOQXl+X9GYQMhs+gEPhFdkGaQFkNZAbkVHJAKur84rIlpx7W90MR+FmmHhdqClkmpfwpoLrkIWEhjJs2iuEThgLw1b7THNhyFLvN7tndEEJ+oihiUdG2/OquxtAlArPT15niet15S0IhEO82JmDIS2lkz5pEbEI3rz5198xU/PVzju88iZReo6dGwAcWI7pk7Y55DY+cwJLsggwDZbWAIZ7ypP69yZ09mZS0JL/9r1+6ybb1u7h6rqp100VDioUrt+eVdSaegAksyinor0i1EOR0T3m3uCgyfjCWEZnDECIwc1LCmUPn2f7xXu7fqm0d0m4U54Li0nfPBmKrQ4/6dD3KZjX9XEqWAKEuuaqpjMoazpQfjiM0PCSgwFvD0eDgwN+PcmDLERx2p1eTEOK3Ns2+rGSrXtMlArquK9YTphlIVgA9PdvSXuhP7uzJxPWK7VLgrVF7p46dG/fz9b7TeE8P7iF473J4/99s3vxaY3t92yWwKLtorIJcAwzzlPdIjifnnQxSh/ta5h8Ol89UUra+ghuX2yxKJw3EvJXleZ+3bmhDYHF20bsglwGKSxYRHc6kN8YwOud5FMX/qLOabVRfvY3R6lUqQtAzJYHwqDC//aWUfL3vLNs/3oO5xuLZZEjQV5TnF/gksDiraA5CfuT6rWoK6RnPkjlzHJHdIvw6djnf8cd91NdZ222PiA5n6lsTAprsVouN/ZuPcOizYzgdLaNHwJwPyvPXtyGg5+oRVsNUBXQHSElLYtr8bBKSnujQmQt2m51t6yr86rwyZzIhYYFP+ttVd9lcUkblhesuUU2jIyRp1a5FFvAYJjap5bqCj03oxqyC1zsV/KNCQtITzCp4g5h498YYq5kaslw/3ASkVAa4ngePHtCpt/SoERoewuDRqe7fBmKg61lpUTOiXU9hEaH8tyE8smXyC6T7cyjtaj9GCCoB1aShqL5NKqqCatKC6ZKgWlNVhRFTnuXquSoMQ3Lr2h2gaQNUFEHKoCRUPwS7guC+DiA5NZHk1EQMQ/KPtdsBGPPqCx1ugF3FYz8HuvwFzLX1OBocPtul0XKUqLlVi/DzBUJCTUTGdLzTt4cuEThRcYpv2yYkPrF306EOdfoOTiY945lOx9JpAubaer49V4WiKv4PZhIsD+oBms5RfqaA1WzjytlrDBzxdKe/RKcJOJoT86jYSKbMeNmnnuckzvzReL+TeNdfDvLgbh12m73TBP53JrGUEqvZhtXcVFgzGg0stfVoIVqblNJqseG0txyBm/RUr+MAwP1bNVhqrdQ/sNJgtXPz6m1sVjs9+8SjKIG924AIOB1O9m46zIO7dW6ZucbCjj/tA2DQqFQGjewPwOHSE20yqp0b9wPwZL9ejM5JB+DTFVs5dfCcl97pL84DEBkTwcKPfkxEtP/kBwIcQvdv1XoF3xquEomjwdleOujG9W9uupP3iycu+9Sz1NZz8ctLgYQWGAHPNb3d9ub0UUojAFtNOkYHuk5nuzl8Gzz2k/j/BP7TaCEgFXeNr3VVoaMlzbVJBbL0uXT85Q0Amua9QJpr6z2t3Hc/uR6EYrhrkacPXfAi0b1XLPGJcT6D7zfsqSanIRpPDU5ut2wihKDv4GS0kKbAnhk7yOcBL65nDGnNyzI0HUnOHvlXi4JsidVtYe7UNaERqrkSKXsA9OgTz7R52fQZ+KS7n9PubFOw0jS1zdtsdDbS2Oi9yqiqgqqpXjK7zYHV4n3jpGmq13Gi8sJ1tnxY7k6OgOrwCEcffbNu9yIAsCR7+XSJ+JubXXO9P+vtiXTvEcN3iQf3zOxue58gpRCvrSjL2+KOsXXH5urch3hUok2hJl7MfZ5Jr7/0yMstDruTw9uOs3fTIRqsXjc6DQgxt7gs73eewnYHYV524ZBGKAEmecpj4qPJnDmB5yYMIcCrgE7h/LFLlK7bxb3qNhX1PSosKCrPP9O6wW8YzbeOq4F+nvLkAYm8MnsKyQMSHzpogBuXqyldX8GVM5Vecim5JhSWFpflb/TVt8P3ODt9nal77zs/QfIe4C4oCSF4bsIQst6eSFRsZJcCr6+zsufTLzhSdgLD+7hiEYJVYWbHBx3dKwc8EPIyC3s7NXQBs2h1I/ny90cyfvqLaCbVj4UWNDoNjm7/kopPDmKzeN3rSRBbNM1YWPjZ0muB2OrCJd/76RKjBBjjKY9PjCNz5jiGjknz2//SySuUrt9NdeVt7wbJcUUR898vyzvSmXi6PBUX5yzPFVKslZDiKX96WF9y38mgZ0qCl/6d6/co/8Nuzh9rc0y+IeDXYSMcv9d1vePjbCs81Fqi5+oRNsM0V8JSIMolVzWFkVOHM3zi0OYblzP8c8dXNDq94rNKWIOqFa7Ytth3stEBgvNXg6nFSYrqKJJSzAjEphCyzCnkvFWlv7rysL6Dupr/MqtopKHIEiSjfKicNBSxYGVp3oFg+Qz6dqTrulJ/PORVIeWbCAYBIDknkBu+iUzd6uu6tKv4N+243iwIA9v6AAAAAElFTkSuQmCC" />
    <meta name="viewport" content="width=device-width, initial-scale=1.0" />
    <title>Postgres EXPLAIN Visualizer 2 (pev2)</title>
    <script type="module" crossorigin>(function(){const e=document.createElement("link").relList;if(e&&e.supports&&e.supports("modulepreload"))return;for(const i of document.querySelectorAll('link[rel="modulepreload"]'))r(i);new MutationObserver(i=>{for(const o of i)if(o.type==="childList")for(const a of o.addedNodes)a.tagName==="LINK"&&a.rel==="modulepreload"&&r(a)}).observe(document,{childList:!0,subtree:!0});function n(i){const o={};return i.integrity&&(o.integrity=i.integrity),i.referrerPolicy&&(o.referrerPolicy=i.referrerPolicy),i.crossOrigin==="use-credentials"?o.credentials="include":i.crossOrigin==="anonymous"?o.credentials="omit":o.credentials="same-origin",o}function r(i){if(i.ep)return;i.ep=!0;const o=n(i);fetch(i.href,o)}})();/**
* @vue/shared v3.5.25
* (c) 2018-present Yuxi (Evan) You and Vue contributors
* @license MIT
**/function km(t){const e=Object.create(null);for(const n of t.split(","))e[n]=1;return n=>n in e}const Ye={},Ra=[],yi=()=>{},US=()=>!1,mf=t=>t.charCodeAt(0)===111&&t.charCodeAt(1)===110&&(t.charCodeAt(2)>122||t.charCodeAt(2)<97),Bm=t=>t.startsWith("onUpdate:"),zn=Object.assign,Dm=(t,e)=>{const n=t.indexOf(e);n>-1&&t.splice(n,1)},Uw=Object.prototype.hasOwnProperty,Fe=(t,e)=>Uw.call(t,e),he=Array.isArray,ba=t=>Nc(t)==="[object Map]",_f=t=>Nc(t)==="[object Set]",R1=t=>Nc(t)==="[object Date]",ve=t=>typeof t=="function",Tn=t=>typeof t=="string",oi=t=>typeof t=="symbol",Qe=t=>t!==null&&typeof t=="object",$S=t=>(Qe(t)||ve(t))&&ve(t.then)&&ve(t.catch),VS=Object.prototype.toString,Nc=t=>VS.call(t),$w=t=>Nc(t).slice(8,-1),FS=t=>Nc(t)==="[object Object]",Pm=t=>Tn(t)&&t!=="NaN"&&t[0]!=="-"&&""+parseInt(t,10)===t,Yl=km(",key,ref,ref_for,ref_key,onVnodeBeforeMount,onVnodeMounted,onVnodeBeforeUpdate,onVnodeUpdated,onVnodeBeforeUnmount,onVnodeUnmounted"),Ef=t=>{const e=Object.create(null);return n=>e[n]||(e[n]=t(n))},Vw=/-\w/g,Fr=Ef(t=>t.replace(Vw,e=>e.slice(1).toUpperCase())),Fw=/\B([A-Z])/g,Vo=Ef(t=>t.replace(Fw,"-$1").toLowerCase()),gf=Ef(t=>t.charAt(0).toUpperCase()+t.slice(1)),ph=Ef(t=>t?`on${gf(t)}`:""),Ps=(t,e)=>!Object.is(t,e),_d=(t,...e)=>{for(let n=0;n<t.length;n++)t[n](...e)},GS=(t,e,n,r=!1)=>{Object.defineProperty(t,e,{configurable:!0,enumerable:!1,writable:r,value:n})},Mm=t=>{const e=parseFloat(t);return isNaN(e)?t:e};let b1;const Tf=()=>b1||(b1=typeof globalThis<"u"?globalThis:typeof self<"u"?self:typeof window<"u"?window:typeof global<"u"?global:{});function en(t){if(he(t)){const e={};for(let n=0;n<t.length;n++){const r=t[n],i=Tn(r)?Xw(r):en(r);if(i)for(const o in i)e[o]=i[o]}return e}else if(Tn(t)||Qe(t))return t}const Gw=/;(?![^(]*\))/g,zw=/:([^]+)/,Kw=/\/\*[^]*?\*\//g;function Xw(t){const e={};return t.replace(Kw,"").split(Gw).forEach(n=>{if(n){const r=n.split(zw);r.length>1&&(e[r[0].trim()]=r[1].trim())}}),e}function wt(t){let e="";if(Tn(t))e=t;else if(he(t))for(let n=0;n<t.length;n++){const r=wt(t[n]);r&&(e+=r+" ")}else if(Qe(t))for(const n in t)t[n]&&(e+=n+" ");return e.trim()}const Yw="itemscope,allowfullscreen,formnovalidate,ismap,nomodule,novalidate,readonly",qw=km(Yw);function zS(t){return!!t||t===""}function jw(t,e){if(t.length!==e.length)return!1;let n=!0;for(let r=0;n&&r<t.length;r++)n=vf(t[r],e[r]);return n}function vf(t,e){if(t===e)return!0;let n=R1(t),r=R1(e);if(n||r)return n&&r?t.getTime()===e.getTime():!1;if(n=oi(t),r=oi(e),n||r)return t===e;if(n=he(t),r=he(e),n||r)return n&&r?jw(t,e):!1;if(n=Qe(t),r=Qe(e),n||r){if(!n||!r)return!1;const i=Object.keys(t).length,o=Object.keys(e).length;if(i!==o)return!1;for(const a in t){const c=t.hasOwnProperty(a),u=e.hasOwnProperty(a);if(c&&!u||!c&&u||!vf(t[a],e[a]))return!1}}return String(t)===String(e)}function KS(t,e){return t.findIndex(n=>vf(n,e))}const XS=t=>!!(t&&t.__v_isRef===!0),ft=t=>Tn(t)?t:t==null?"":he(t)||Qe(t)&&(t.toString===VS||!ve(t.toString))?XS(t)?ft(t.value):JSON.stringify(t,YS,2):String(t),YS=(t,e)=>XS(e)?YS(t,e.value):ba(e)?{[`Map(${e.size})`]:[...e.entries()].reduce((n,[r,i],o)=>(n[hh(r,o)+" =>"]=i,n),{})}:_f(e)?{[`Set(${e.size})`]:[...e.values()].map(n=>hh(n))}:oi(e)?hh(e):Qe(e)&&!he(e)&&!FS(e)?String(e):e,hh=(t,e="")=>{var n;return oi(t)?`Symbol(${(n=t.description)!=null?n:e})`:t};/**
* @vue/reactivity v3.5.25
* (c) 2018-present Yuxi (Evan) You and Vue contributors
* @license MIT
**/let or;class Jw{constructor(e=!1){this.detached=e,this._active=!0,this._on=0,this.effects=[],this.cleanups=[],this._isPaused=!1,this.parent=or,!e&&or&&(this.index=(or.scopes||(or.scopes=[])).push(this)-1)}get active(){return this._active}pause(){if(this._active){this._isPaused=!0;let e,n;if(this.scopes)for(e=0,n=this.scopes.length;e<n;e++)this.scopes[e].pause();for(e=0,n=this.effects.length;e<n;e++)this.effects[e].pause()}}resume(){if(this._active&&this._isPaused){this._isPaused=!1;let e,n;if(this.scopes)for(e=0,n=this.scopes.length;e<n;e++)this.scopes[e].resume();for(e=0,n=this.effects.length;e<n;e++)this.effects[e].resume()}}run(e){if(this._active){const n=or;try{return or=this,e()}finally{or=n}}}on(){++this._on===1&&(this.prevScope=or,or=this)}off(){this._on>0&&--this._on===0&&(or=this.prevScope,this.prevScope=void 0)}stop(e){if(this._active){this._active=!1;let n,r;for(n=0,r=this.effects.length;n<r;n++)this.effects[n].stop();for(this.effects.length=0,n=0,r=this.cleanups.length;n<r;n++)this.cleanups[n]();if(this.cleanups.length=0,this.scopes){for(n=0,r=this.scopes.length;n<r;n++)this.scopes[n].stop(!0);this.scopes.length=0}if(!this.detached&&this.parent&&!e){const i=this.parent.scopes.pop();i&&i!==this&&(this.parent.scopes[this.index]=i,i.index=this.index)}this.parent=void 0}}}function Zw(){return or}let nn;const mh=new WeakSet;class qS{constructor(e){this.fn=e,this.deps=void 0,this.depsTail=void 0,this.flags=5,this.next=void 0,this.cleanup=void 0,this.scheduler=void 0,or&&or.active&&or.effects.push(this)}pause(){this.flags|=64}resume(){this.flags&64&&(this.flags&=-65,mh.has(this)&&(mh.delete(this),this.trigger()))}notify(){this.flags&2&&!(this.flags&32)||this.flags&8||JS(this)}run(){if(!(this.flags&1))return this.fn();this.flags|=2,y1(this),ZS(this);const e=nn,n=si;nn=this,si=!0;try{return this.fn()}finally{QS(this),nn=e,si=n,this.flags&=-3}}stop(){if(this.flags&1){for(let e=this.deps;e;e=e.nextDep)Um(e);this.deps=this.depsTail=void 0,y1(this),this.onStop&&this.onStop(),this.flags&=-2}}trigger(){this.flags&64?mh.add(this):this.scheduler?this.scheduler():this.runIfDirty()}runIfDirty(){f0(this)&&this.run()}get dirty(){return f0(this)}}let jS=0,ql,jl;function JS(t,e=!1){if(t.flags|=8,e){t.next=jl,jl=t;return}t.next=ql,ql=t}function Hm(){jS++}function Wm(){if(--jS>0)return;if(jl){let e=jl;for(jl=void 0;e;){const n=e.next;e.next=void 0,e.flags&=-9,e=n}}let t;for(;ql;){let e=ql;for(ql=void 0;e;){const n=e.next;if(e.next=void 0,e.flags&=-9,e.flags&1)try{e.trigger()}catch(r){t||(t=r)}e=n}}if(t)throw t}function ZS(t){for(let e=t.deps;e;e=e.nextDep)e.version=-1,e.prevActiveLink=e.dep.activeLink,e.dep.activeLink=e}function QS(t){let e,n=t.depsTail,r=n;for(;r;){const i=r.prevDep;r.version===-1?(r===n&&(n=i),Um(r),Qw(r)):e=r,r.dep.activeLink=r.prevActiveLink,r.prevActiveLink=void 0,r=i}t.deps=e,t.depsTail=n}function f0(t){for(let e=t.deps;e;e=e.nextDep)if(e.dep.version!==e.version||e.dep.computed&&(tA(e.dep.computed)||e.dep.version!==e.version))return!0;return!!t._dirty}function tA(t){if(t.flags&4&&!(t.flags&16)||(t.flags&=-17,t.globalVersion===lc)||(t.globalVersion=lc,!t.isSSR&&t.flags&128&&(!t.deps&&!t._dirty||!f0(t))))return;t.flags|=2;const e=t.dep,n=nn,r=si;nn=t,si=!0;try{ZS(t);const i=t.fn(t._value);(e.version===0||Ps(i,t._value))&&(t.flags|=128,t._value=i,e.version++)}catch(i){throw e.version++,i}finally{nn=n,si=r,QS(t),t.flags&=-3}}function Um(t,e=!1){const{dep:n,prevSub:r,nextSub:i}=t;if(r&&(r.nextSub=i,t.prevSub=void 0),i&&(i.prevSub=r,t.nextSub=void 0),n.subs===t&&(n.subs=r,!r&&n.computed)){n.computed.flags&=-5;for(let o=n.computed.deps;o;o=o.nextDep)Um(o,!0)}!e&&!--n.sc&&n.map&&n.map.delete(n.key)}function Qw(t){const{prevDep:e,nextDep:n}=t;e&&(e.nextDep=n,t.prevDep=void 0),n&&(n.prevDep=e,t.nextDep=void 0)}let si=!0;const eA=[];function ss(){eA.push(si),si=!1}function os(){const t=eA.pop();si=t===void 0?!0:t}function y1(t){const{cleanup:e}=t;if(t.cleanup=void 0,e){const n=nn;nn=void 0;try{e()}finally{nn=n}}}let lc=0;class tk{constructor(e,n){this.sub=e,this.dep=n,this.version=n.version,this.nextDep=this.prevDep=this.nextSub=this.prevSub=this.prevActiveLink=void 0}}class $m{constructor(e){this.computed=e,this.version=0,this.activeLink=void 0,this.subs=void 0,this.map=void 0,this.key=void 0,this.sc=0,this.__v_skip=!0}track(e){if(!nn||!si||nn===this.computed)return;let n=this.activeLink;if(n===void 0||n.sub!==nn)n=this.activeLink=new tk(nn,this),nn.deps?(n.prevDep=nn.depsTail,nn.depsTail.nextDep=n,nn.depsTail=n):nn.deps=nn.depsTail=n,nA(n);else if(n.version===-1&&(n.version=this.version,n.nextDep)){const r=n.nextDep;r.prevDep=n.prevDep,n.prevDep&&(n.prevDep.nextDep=r),n.prevDep=nn.depsTail,n.nextDep=void 0,nn.depsTail.nextDep=n,nn.depsTail=n,nn.deps===n&&(nn.deps=r)}return n}trigger(e){this.version++,lc++,this.notify(e)}notify(e){Hm();try{for(let n=this.subs;n;n=n.prevSub)n.sub.notify()&&n.sub.dep.notify()}finally{Wm()}}}function nA(t){if(t.dep.sc++,t.sub.flags&4){const e=t.dep.computed;if(e&&!t.dep.subs){e.flags|=20;for(let r=e.deps;r;r=r.nextDep)nA(r)}const n=t.dep.subs;n!==t&&(t.prevSub=n,n&&(n.nextSub=t)),t.dep.subs=t}}const p0=new WeakMap,Lo=Symbol(""),h0=Symbol(""),cc=Symbol("");function Fn(t,e,n){if(si&&nn){let r=p0.get(t);r||p0.set(t,r=new Map);let i=r.get(n);i||(r.set(n,i=new $m),i.map=r,i.key=n),i.track()}}function qi(t,e,n,r,i,o){const a=p0.get(t);if(!a){lc++;return}const c=u=>{u&&u.trigger()};if(Hm(),e==="clear")a.forEach(c);else{const u=he(t),p=u&&Pm(n);if(u&&n==="length"){const d=Number(r);a.forEach((_,S)=>{(S==="length"||S===cc||!oi(S)&&S>=d)&&c(_)})}else switch((n!==void 0||a.has(void 0))&&c(a.get(n)),p&&c(a.get(cc)),e){case"add":u?p&&c(a.get("length")):(c(a.get(Lo)),ba(t)&&c(a.get(h0)));break;case"delete":u||(c(a.get(Lo)),ba(t)&&c(a.get(h0)));break;case"set":ba(t)&&c(a.get(Lo));break}}Wm()}function da(t){const e=Ve(t);return e===t?e:(Fn(e,"iterate",cc),Ur(t)?e:e.map(ai))}function Sf(t){return Fn(t=Ve(t),"iterate",cc),t}function ws(t,e){return as(t)?ts(t)?ka(ai(e)):ka(e):ai(e)}const ek={__proto__:null,[Symbol.iterator](){return _h(this,Symbol.iterator,t=>ws(this,t))},concat(...t){return da(this).concat(...t.map(e=>he(e)?da(e):e))},entries(){return _h(this,"entries",t=>(t[1]=ws(this,t[1]),t))},every(t,e){return Ki(this,"every",t,e,void 0,arguments)},filter(t,e){return Ki(this,"filter",t,e,n=>n.map(r=>ws(this,r)),arguments)},find(t,e){return Ki(this,"find",t,e,n=>ws(this,n),arguments)},findIndex(t,e){return Ki(this,"findIndex",t,e,void 0,arguments)},findLast(t,e){return Ki(this,"findLast",t,e,n=>ws(this,n),arguments)},findLastIndex(t,e){return Ki(this,"findLastIndex",t,e,void 0,arguments)},forEach(t,e){return Ki(this,"forEach",t,e,void 0,arguments)},includes(...t){return Eh(this,"includes",t)},indexOf(...t){return Eh(this,"indexOf",t)},join(t){return da(this).join(t)},lastIndexOf(...t){return Eh(this,"lastIndexOf",t)},map(t,e){return Ki(this,"map",t,e,void 0,arguments)},pop(){return wl(this,"pop")},push(...t){return wl(this,"push",t)},reduce(t,...e){return O1(this,"reduce",t,e)},reduceRight(t,...e){return O1(this,"reduceRight",t,e)},shift(){return wl(this,"shift")},some(t,e){return Ki(this,"some",t,e,void 0,arguments)},splice(...t){return wl(this,"splice",t)},toReversed(){return da(this).toReversed()},toSorted(t){return da(this).toSorted(t)},toSpliced(...t){return da(this).toSpliced(...t)},unshift(...t){return wl(this,"unshift",t)},values(){return _h(this,"values",t=>ws(this,t))}};function _h(t,e,n){const r=Sf(t),i=r[e]();return r!==t&&!Ur(t)&&(i._next=i.next,i.next=()=>{const o=i._next();return o.done||(o.value=n(o.value)),o}),i}const nk=Array.prototype;function Ki(t,e,n,r,i,o){const a=Sf(t),c=a!==t&&!Ur(t),u=a[e];if(u!==nk[e]){const _=u.apply(t,o);return c?ai(_):_}let p=n;a!==t&&(c?p=function(_,S){return n.call(this,ws(t,_),S,t)}:n.length>2&&(p=function(_,S){return n.call(this,_,S,t)}));const d=u.call(a,p,r);return c&&i?i(d):d}function O1(t,e,n,r){const i=Sf(t);let o=n;return i!==t&&(Ur(t)?n.length>3&&(o=function(a,c,u){return n.call(this,a,c,u,t)}):o=function(a,c,u){return n.call(this,a,ws(t,c),u,t)}),i[e](o,...r)}function Eh(t,e,n){const r=Ve(t);Fn(r,"iterate",cc);const i=r[e](...n);return(i===-1||i===!1)&&Gm(n[0])?(n[0]=Ve(n[0]),r[e](...n)):i}function wl(t,e,n=[]){ss(),Hm();const r=Ve(t)[e].apply(t,n);return Wm(),os(),r}const rk=km("__proto__,__v_isRef,__isVue"),rA=new Set(Object.getOwnPropertyNames(Symbol).filter(t=>t!=="arguments"&&t!=="caller").map(t=>Symbol[t]).filter(oi));function ik(t){oi(t)||(t=String(t));const e=Ve(this);return Fn(e,"has",t),e.hasOwnProperty(t)}class iA{constructor(e=!1,n=!1){this._isReadonly=e,this._isShallow=n}get(e,n,r){if(n==="__v_skip")return e.__v_skip;const i=this._isReadonly,o=this._isShallow;if(n==="__v_isReactive")return!i;if(n==="__v_isReadonly")return i;if(n==="__v_isShallow")return o;if(n==="__v_raw")return r===(i?o?hk:lA:o?aA:oA).get(e)||Object.getPrototypeOf(e)===Object.getPrototypeOf(r)?e:void 0;const a=he(e);if(!i){let u;if(a&&(u=ek[n]))return u;if(n==="hasOwnProperty")return ik}const c=Reflect.get(e,n,an(e)?e:r);if((oi(n)?rA.has(n):rk(n))||(i||Fn(e,"get",n),o))return c;if(an(c)){const u=a&&Pm(n)?c:c.value;return i&&Qe(u)?_0(u):u}return Qe(c)?i?_0(c):Pn(c):c}}class sA extends iA{constructor(e=!1){super(!1,e)}set(e,n,r,i){let o=e[n];const a=he(e)&&Pm(n);if(!this._isShallow){const p=as(o);if(!Ur(r)&&!as(r)&&(o=Ve(o),r=Ve(r)),!a&&an(o)&&!an(r))return p||(o.value=r),!0}const c=a?Number(n)<e.length:Fe(e,n),u=Reflect.set(e,n,r,an(e)?e:i);return e===Ve(i)&&(c?Ps(r,o)&&qi(e,"set",n,r):qi(e,"add",n,r)),u}deleteProperty(e,n){const r=Fe(e,n);e[n];const i=Reflect.deleteProperty(e,n);return i&&r&&qi(e,"delete",n,void 0),i}has(e,n){const r=Reflect.has(e,n);return(!oi(n)||!rA.has(n))&&Fn(e,"has",n),r}ownKeys(e){return Fn(e,"iterate",he(e)?"length":Lo),Reflect.ownKeys(e)}}class sk extends iA{constructor(e=!1){super(!0,e)}set(e,n){return!0}deleteProperty(e,n){return!0}}const ok=new sA,ak=new sk,lk=new sA(!0);const m0=t=>t,Vu=t=>Reflect.getPrototypeOf(t);function ck(t,e,n){return function(...r){const i=this.__v_raw,o=Ve(i),a=ba(o),c=t==="entries"||t===Symbol.iterator&&a,u=t==="keys"&&a,p=i[t](...r),d=n?m0:e?ka:ai;return!e&&Fn(o,"iterate",u?h0:Lo),{next(){const{value:_,done:S}=p.next();return S?{value:_,done:S}:{value:c?[d(_[0]),d(_[1])]:d(_),done:S}},[Symbol.iterator](){return this}}}}function Fu(t){return function(...e){return t==="delete"?!1:t==="clear"?void 0:this}}function uk(t,e){const n={get(i){const o=this.__v_raw,a=Ve(o),c=Ve(i);t||(Ps(i,c)&&Fn(a,"get",i),Fn(a,"get",c));const{has:u}=Vu(a),p=e?m0:t?ka:ai;if(u.call(a,i))return p(o.get(i));if(u.call(a,c))return p(o.get(c));o!==a&&o.get(i)},get size(){const i=this.__v_raw;return!t&&Fn(Ve(i),"iterate",Lo),i.size},has(i){const o=this.__v_raw,a=Ve(o),c=Ve(i);return t||(Ps(i,c)&&Fn(a,"has",i),Fn(a,"has",c)),i===c?o.has(i):o.has(i)||o.has(c)},forEach(i,o){const a=this,c=a.__v_raw,u=Ve(c),p=e?m0:t?ka:ai;return!t&&Fn(u,"iterate",Lo),c.forEach((d,_)=>i.call(o,p(d),p(_),a))}};return zn(n,t?{add:Fu("add"),set:Fu("set"),delete:Fu("delete"),clear:Fu("clear")}:{add(i){!e&&!Ur(i)&&!as(i)&&(i=Ve(i));const o=Ve(this);return Vu(o).has.call(o,i)||(o.add(i),qi(o,"add",i,i)),this},set(i,o){!e&&!Ur(o)&&!as(o)&&(o=Ve(o));const a=Ve(this),{has:c,get:u}=Vu(a);let p=c.call(a,i);p||(i=Ve(i),p=c.call(a,i));const d=u.call(a,i);return a.set(i,o),p?Ps(o,d)&&qi(a,"set",i,o):qi(a,"add",i,o),this},delete(i){const o=Ve(this),{has:a,get:c}=Vu(o);let u=a.call(o,i);u||(i=Ve(i),u=a.call(o,i)),c&&c.call(o,i);const p=o.delete(i);return u&&qi(o,"delete",i,void 0),p},clear(){const i=Ve(this),o=i.size!==0,a=i.clear();return o&&qi(i,"clear",void 0,void 0),a}}),["keys","values","entries",Symbol.iterator].forEach(i=>{n[i]=ck(i,t,e)}),n}function Vm(t,e){const n=uk(t,e);return(r,i,o)=>i==="__v_isReactive"?!t:i==="__v_isReadonly"?t:i==="__v_raw"?r:Reflect.get(Fe(n,i)&&i in r?n:r,i,o)}const dk={get:Vm(!1,!1)},fk={get:Vm(!1,!0)},pk={get:Vm(!0,!1)};const oA=new WeakMap,aA=new WeakMap,lA=new WeakMap,hk=new WeakMap;function mk(t){switch(t){case"Object":case"Array":return 1;case"Map":case"Set":case"WeakMap":case"WeakSet":return 2;default:return 0}}function _k(t){return t.__v_skip||!Object.isExtensible(t)?0:mk($w(t))}function Pn(t){return as(t)?t:Fm(t,!1,ok,dk,oA)}function Ek(t){return Fm(t,!1,lk,fk,aA)}function _0(t){return Fm(t,!0,ak,pk,lA)}function Fm(t,e,n,r,i){if(!Qe(t)||t.__v_raw&&!(e&&t.__v_isReactive))return t;const o=_k(t);if(o===0)return t;const a=i.get(t);if(a)return a;const c=new Proxy(t,o===2?r:n);return i.set(t,c),c}function ts(t){return as(t)?ts(t.__v_raw):!!(t&&t.__v_isReactive)}function as(t){return!!(t&&t.__v_isReadonly)}function Ur(t){return!!(t&&t.__v_isShallow)}function Gm(t){return t?!!t.__v_raw:!1}function Ve(t){const e=t&&t.__v_raw;return e?Ve(e):t}function gk(t){return!Fe(t,"__v_skip")&&Object.isExtensible(t)&&GS(t,"__v_skip",!0),t}const ai=t=>Qe(t)?Pn(t):t,ka=t=>Qe(t)?_0(t):t;function an(t){return t?t.__v_isRef===!0:!1}function Yt(t){return cA(t,!1)}function Dd(t){return cA(t,!0)}function cA(t,e){return an(t)?t:new Tk(t,e)}class Tk{constructor(e,n){this.dep=new $m,this.__v_isRef=!0,this.__v_isShallow=!1,this._rawValue=n?e:Ve(e),this._value=n?e:ai(e),this.__v_isShallow=n}get value(){return this.dep.track(),this._value}set value(e){const n=this._rawValue,r=this.__v_isShallow||Ur(e)||as(e);e=r?e:Ve(e),Ps(e,n)&&(this._rawValue=e,this._value=r?e:ai(e),this.dep.trigger())}}function h(t){return an(t)?t.value:t}function Ed(t){return ve(t)?t():h(t)}const vk={get:(t,e,n)=>e==="__v_raw"?t:h(Reflect.get(t,e,n)),set:(t,e,n,r)=>{const i=t[e];return an(i)&&!an(n)?(i.value=n,!0):Reflect.set(t,e,n,r)}};function uA(t){return ts(t)?t:new Proxy(t,vk)}class Sk{constructor(e,n,r){this.fn=e,this.setter=n,this._value=void 0,this.dep=new $m(this),this.__v_isRef=!0,this.deps=void 0,this.depsTail=void 0,this.flags=16,this.globalVersion=lc-1,this.next=void 0,this.effect=this,this.__v_isReadonly=!n,this.isSSR=r}notify(){if(this.flags|=16,!(this.flags&8)&&nn!==this)return JS(this,!0),!0}get value(){const e=this.dep.track();return tA(this),e&&(e.version=this.dep.version),this._value}set value(e){this.setter&&this.setter(e)}}function Ak(t,e,n=!1){let r,i;return ve(t)?r=t:(r=t.get,i=t.set),new Sk(r,i,n)}const Gu={},Pd=new WeakMap;let mo;function Rk(t,e=!1,n=mo){if(n){let r=Pd.get(n);r||Pd.set(n,r=[]),r.push(t)}}function bk(t,e,n=Ye){const{immediate:r,deep:i,once:o,scheduler:a,augmentJob:c,call:u}=n,p=O=>i?O:Ur(O)||i===!1||i===0?ji(O,1):ji(O);let d,_,S,R,T=!1,b=!1;if(an(t)?(_=()=>t.value,T=Ur(t)):ts(t)?(_=()=>p(t),T=!0):he(t)?(b=!0,T=t.some(O=>ts(O)||Ur(O)),_=()=>t.map(O=>{if(an(O))return O.value;if(ts(O))return p(O);if(ve(O))return u?u(O,2):O()})):ve(t)?e?_=u?()=>u(t,2):t:_=()=>{if(S){ss();try{S()}finally{os()}}const O=mo;mo=d;try{return u?u(t,3,[R]):t(R)}finally{mo=O}}:_=yi,e&&i){const O=_,G=i===!0?1/0:i;_=()=>ji(O(),G)}const N=Zw(),C=()=>{d.stop(),N&&N.active&&Dm(N.effects,d)};if(o&&e){const O=e;e=(...G)=>{O(...G),C()}}let D=b?new Array(t.length).fill(Gu):Gu;const W=O=>{if(!(!(d.flags&1)||!d.dirty&&!O))if(e){const G=d.run();if(i||T||(b?G.some((M,z)=>Ps(M,D[z])):Ps(G,D))){S&&S();const M=mo;mo=d;try{const z=[G,D===Gu?void 0:b&&D[0]===Gu?[]:D,R];D=G,u?u(e,3,z):e(...z)}finally{mo=M}}}else d.run()};return c&&c(W),d=new qS(_),d.scheduler=a?()=>a(W,!1):W,R=O=>Rk(O,!1,d),S=d.onStop=()=>{const O=Pd.get(d);if(O){if(u)u(O,4);else for(const G of O)G();Pd.delete(d)}},e?r?W(!0):D=d.run():a?a(W.bind(null,!0),!0):d.run(),C.pause=d.pause.bind(d),C.resume=d.resume.bind(d),C.stop=C,C}function ji(t,e=1/0,n){if(e<=0||!Qe(t)||t.__v_skip||(n=n||new Map,(n.get(t)||0)>=e))return t;if(n.set(t,e),e--,an(t))ji(t.value,e,n);else if(he(t))for(let r=0;r<t.length;r++)ji(t[r],e,n);else if(_f(t)||ba(t))t.forEach(r=>{ji(r,e,n)});else if(FS(t)){for(const r in t)ji(t[r],e,n);for(const r of Object.getOwnPropertySymbols(t))Object.prototype.propertyIsEnumerable.call(t,r)&&ji(t[r],e,n)}return t}/**
* @vue/runtime-core v3.5.25
* (c) 2018-present Yuxi (Evan) You and Vue contributors
* @license MIT
**/function xc(t,e,n,r){try{return r?t(...r):t()}catch(i){Af(i,e,n)}}function xi(t,e,n,r){if(ve(t)){const i=xc(t,e,n,r);return i&&$S(i)&&i.catch(o=>{Af(o,e,n)}),i}if(he(t)){const i=[];for(let o=0;o<t.length;o++)i.push(xi(t[o],e,n,r));return i}}function Af(t,e,n,r=!0){const i=e?e.vnode:null,{errorHandler:o,throwUnhandledErrorInProduction:a}=e&&e.appContext.config||Ye;if(e){let c=e.parent;const u=e.proxy,p=`https://vuejs.org/error-reference/#runtime-${n}`;for(;c;){const d=c.ec;if(d){for(let _=0;_<d.length;_++)if(d[_](t,u,p)===!1)return}c=c.parent}if(o){ss(),xc(o,null,10,[t,u,p]),os();return}}yk(t,n,i,r,a)}function yk(t,e,n,r=!0,i=!1){if(i)throw t;console.error(t)}const Jn=[];let gi=-1;const ya=[];let ks=null,ha=0;const dA=Promise.resolve();let Md=null;function es(t){const e=Md||dA;return t?e.then(this?t.bind(this):t):e}function Ok(t){let e=gi+1,n=Jn.length;for(;e<n;){const r=e+n>>>1,i=Jn[r],o=uc(i);o<t||o===t&&i.flags&2?e=r+1:n=r}return e}function zm(t){if(!(t.flags&1)){const e=uc(t),n=Jn[Jn.length-1];!n||!(t.flags&2)&&e>=uc(n)?Jn.push(t):Jn.splice(Ok(e),0,t),t.flags|=1,fA()}}function fA(){Md||(Md=dA.then(hA))}function Lk(t){he(t)?ya.push(...t):ks&&t.id===-1?ks.splice(ha+1,0,t):t.flags&1||(ya.push(t),t.flags|=1),fA()}function L1(t,e,n=gi+1){for(;n<Jn.length;n++){const r=Jn[n];if(r&&r.flags&2){if(t&&r.id!==t.uid)continue;Jn.splice(n,1),n--,r.flags&4&&(r.flags&=-2),r(),r.flags&4||(r.flags&=-2)}}}function pA(t){if(ya.length){const e=[...new Set(ya)].sort((n,r)=>uc(n)-uc(r));if(ya.length=0,ks){ks.push(...e);return}for(ks=e,ha=0;ha<ks.length;ha++){const n=ks[ha];n.flags&4&&(n.flags&=-2),n.flags&8||n(),n.flags&=-2}ks=null,ha=0}}const uc=t=>t.id==null?t.flags&2?-1:1/0:t.id;function hA(t){try{for(gi=0;gi<Jn.length;gi++){const e=Jn[gi];e&&!(e.flags&8)&&(e.flags&4&&(e.flags&=-2),xc(e,e.i,e.i?15:14),e.flags&4||(e.flags&=-2))}}finally{for(;gi<Jn.length;gi++){const e=Jn[gi];e&&(e.flags&=-2)}gi=-1,Jn.length=0,pA(),Md=null,(Jn.length||ya.length)&&hA()}}let Dn=null,mA=null;function Hd(t){const e=Dn;return Dn=t,mA=t&&t.type.__scopeId||null,e}function Ae(t,e=Dn,n){if(!e||t._n)return t;const r=(...i)=>{r._d&&$d(-1);const o=Hd(e);let a;try{a=t(...i)}finally{Hd(o),r._d&&$d(1)}return a};return r._n=!0,r._c=!0,r._d=!0,r}function Ce(t,e){if(Dn===null)return t;const n=Lf(Dn),r=t.dirs||(t.dirs=[]);for(let i=0;i<e.length;i++){let[o,a,c,u=Ye]=e[i];o&&(ve(o)&&(o={mounted:o,updated:o}),o.deep&&ji(a),r.push({dir:o,instance:n,value:a,oldValue:void 0,arg:c,modifiers:u}))}return t}function fo(t,e,n,r){const i=t.dirs,o=e&&e.dirs;for(let a=0;a<i.length;a++){const c=i[a];o&&(c.oldValue=o[a].value);let u=c.dir[r];u&&(ss(),xi(u,n,8,[t.el,c,t,e]),os())}}const Ck=Symbol("_vte"),Ik=t=>t.__isTeleport,Nk=Symbol("_leaveCb");function Km(t,e){t.shapeFlag&6&&t.component?(t.transition=e,Km(t.component.subTree,e)):t.shapeFlag&128?(t.ssContent.transition=e.clone(t.ssContent),t.ssFallback.transition=e.clone(t.ssFallback)):t.transition=e}function Pe(t,e){return ve(t)?zn({name:t.name},e,{setup:t}):t}function _A(t){t.ids=[t.ids[0]+t.ids[2]+++"-",0,0]}function gh(t){const e=wc(),n=Dd(null);if(e){const i=e.refs===Ye?e.refs={}:e.refs;Object.defineProperty(i,t,{enumerable:!0,get:()=>n.value,set:o=>n.value=o})}return n}const Wd=new WeakMap;function Jl(t,e,n,r,i=!1){if(he(t)){t.forEach((T,b)=>Jl(T,e&&(he(e)?e[b]:e),n,r,i));return}if(Oa(r)&&!i){r.shapeFlag&512&&r.type.__asyncResolved&&r.component.subTree.component&&Jl(t,e,n,r.component.subTree);return}const o=r.shapeFlag&4?Lf(r.component):r.el,a=i?null:o,{i:c,r:u}=t,p=e&&e.r,d=c.refs===Ye?c.refs={}:c.refs,_=c.setupState,S=Ve(_),R=_===Ye?US:T=>Fe(S,T);if(p!=null&&p!==u){if(C1(e),Tn(p))d[p]=null,R(p)&&(_[p]=null);else if(an(p)){p.value=null;const T=e;T.k&&(d[T.k]=null)}}if(ve(u))xc(u,c,12,[a,d]);else{const T=Tn(u),b=an(u);if(T||b){const N=()=>{if(t.f){const C=T?R(u)?_[u]:d[u]:u.value;if(i)he(C)&&Dm(C,o);else if(he(C))C.includes(o)||C.push(o);else if(T)d[u]=[o],R(u)&&(_[u]=d[u]);else{const D=[o];u.value=D,t.k&&(d[t.k]=D)}}else T?(d[u]=a,R(u)&&(_[u]=a)):b&&(u.value=a,t.k&&(d[t.k]=a))};if(a){const C=()=>{N(),Wd.delete(t)};C.id=-1,Wd.set(t,C),Ar(C,n)}else C1(t),N()}}}function C1(t){const e=Wd.get(t);e&&(e.flags|=8,Wd.delete(t))}Tf().requestIdleCallback;Tf().cancelIdleCallback;const Oa=t=>!!t.type.__asyncLoader,EA=t=>t.type.__isKeepAlive;function xk(t,e){gA(t,"a",e)}function wk(t,e){gA(t,"da",e)}function gA(t,e,n=Gn){const r=t.__wdc||(t.__wdc=()=>{let i=n;for(;i;){if(i.isDeactivated)return;i=i.parent}return t()});if(Rf(e,r,n),n){let i=n.parent;for(;i&&i.parent;)EA(i.parent.vnode)&&kk(r,e,n,i),i=i.parent}}function kk(t,e,n,r){const i=Rf(e,t,r,!0);Xm(()=>{Dm(r[e],i)},n)}function Rf(t,e,n=Gn,r=!1){if(n){const i=n[t]||(n[t]=[]),o=e.__weh||(e.__weh=(...a)=>{ss();const c=kc(n),u=xi(e,n,t,a);return c(),os(),u});return r?i.unshift(o):i.push(o),o}}const ms=t=>(e,n=Gn)=>{(!fc||t==="sp")&&Rf(t,(...r)=>e(...r),n)},Fo=ms("bm"),Di=ms("m"),Bk=ms("bu"),Dk=ms("u"),bf=ms("bum"),Xm=ms("um"),Pk=ms("sp"),Mk=ms("rtg"),Hk=ms("rtc");function Wk(t,e=Gn){Rf("ec",t,e)}const Uk="components",TA=Symbol.for("v-ndc");function vA(t){return Tn(t)?$k(Uk,t,!1)||t:t||TA}function $k(t,e,n=!0,r=!1){const i=Dn||Gn;if(i){const o=i.type;{const c=I3(o,!1);if(c&&(c===e||c===Fr(e)||c===gf(Fr(e))))return o}const a=I1(i[t]||o[t],e)||I1(i.appContext[t],e);return!a&&r?o:a}}function I1(t,e){return t&&(t[e]||t[Fr(e)]||t[gf(Fr(e))])}function qe(t,e,n,r){let i;const o=n,a=he(t);if(a||Tn(t)){const c=a&&ts(t);let u=!1,p=!1;c&&(u=!Ur(t),p=as(t),t=Sf(t)),i=new Array(t.length);for(let d=0,_=t.length;d<_;d++)i[d]=e(u?p?ka(ai(t[d])):ai(t[d]):t[d],d,void 0,o)}else if(typeof t=="number"){i=new Array(t);for(let c=0;c<t;c++)i[c]=e(c+1,c,void 0,o)}else if(Qe(t))if(t[Symbol.iterator])i=Array.from(t,(c,u)=>e(c,u,void 0,o));else{const c=Object.keys(t);i=new Array(c.length);for(let u=0,p=c.length;u<p;u++){const d=c[u];i[u]=e(t[d],d,u,o)}}else i=[];return i}function Ds(t,e,n={},r,i){if(Dn.ce||Dn.parent&&Oa(Dn.parent)&&Dn.parent.ce){const p=Object.keys(n).length>0;return e!=="default"&&(n.name=e),w(),pe(Kt,null,[Rt("slot",n,r&&r())],p?-2:64)}let o=t[e];o&&o._c&&(o._d=!1),w();const a=o&&SA(o(n)),c=n.key||a&&a.key,u=pe(Kt,{key:(c&&!oi(c)?c:`_${e}`)+(!a&&r?"_fb":"")},a||(r?r():[]),a&&t._===1?64:-2);return u.scopeId&&(u.slotScopeIds=[u.scopeId+"-s"]),o&&o._c&&(o._d=!0),u}function SA(t){return t.some(e=>Ba(e)?!(e.type===ls||e.type===Kt&&!SA(e.children)):!0)?t:null}const E0=t=>t?$A(t)?Lf(t):E0(t.parent):null,Zl=zn(Object.create(null),{$:t=>t,$el:t=>t.vnode.el,$data:t=>t.data,$props:t=>t.props,$attrs:t=>t.attrs,$slots:t=>t.slots,$refs:t=>t.refs,$parent:t=>E0(t.parent),$root:t=>E0(t.root),$host:t=>t.ce,$emit:t=>t.emit,$options:t=>RA(t),$forceUpdate:t=>t.f||(t.f=()=>{zm(t.update)}),$nextTick:t=>t.n||(t.n=es.bind(t.proxy)),$watch:t=>t3.bind(t)}),Th=(t,e)=>t!==Ye&&!t.__isScriptSetup&&Fe(t,e),Vk={get({_:t},e){if(e==="__v_skip")return!0;const{ctx:n,setupState:r,data:i,props:o,accessCache:a,type:c,appContext:u}=t;if(e[0]!=="$"){const S=a[e];if(S!==void 0)switch(S){case 1:return r[e];case 2:return i[e];case 4:return n[e];case 3:return o[e]}else{if(Th(r,e))return a[e]=1,r[e];if(i!==Ye&&Fe(i,e))return a[e]=2,i[e];if(Fe(o,e))return a[e]=3,o[e];if(n!==Ye&&Fe(n,e))return a[e]=4,n[e];g0&&(a[e]=0)}}const p=Zl[e];let d,_;if(p)return e==="$attrs"&&Fn(t.attrs,"get",""),p(t);if((d=c.__cssModules)&&(d=d[e]))return d;if(n!==Ye&&Fe(n,e))return a[e]=4,n[e];if(_=u.config.globalProperties,Fe(_,e))return _[e]},set({_:t},e,n){const{data:r,setupState:i,ctx:o}=t;return Th(i,e)?(i[e]=n,!0):r!==Ye&&Fe(r,e)?(r[e]=n,!0):Fe(t.props,e)||e[0]==="$"&&e.slice(1)in t?!1:(o[e]=n,!0)},has({_:{data:t,setupState:e,accessCache:n,ctx:r,appContext:i,props:o,type:a}},c){let u;return!!(n[c]||t!==Ye&&c[0]!=="$"&&Fe(t,c)||Th(e,c)||Fe(o,c)||Fe(r,c)||Fe(Zl,c)||Fe(i.config.globalProperties,c)||(u=a.__cssModules)&&u[c])},defineProperty(t,e,n){return n.get!=null?t._.accessCache[e]=0:Fe(n,"value")&&this.set(t,e,n.value,null),Reflect.defineProperty(t,e,n)}};function Fk(){return Gk().slots}function Gk(t){const e=wc();return e.setupContext||(e.setupContext=FA(e))}function N1(t){return he(t)?t.reduce((e,n)=>(e[n]=null,e),{}):t}let g0=!0;function zk(t){const e=RA(t),n=t.proxy,r=t.ctx;g0=!1,e.beforeCreate&&x1(e.beforeCreate,t,"bc");const{data:i,computed:o,methods:a,watch:c,provide:u,inject:p,created:d,beforeMount:_,mounted:S,beforeUpdate:R,updated:T,activated:b,deactivated:N,beforeDestroy:C,beforeUnmount:D,destroyed:W,unmounted:O,render:G,renderTracked:M,renderTriggered:z,errorCaptured:tt,serverPrefetch:Et,expose:Ct,inheritAttrs:Tt,components:it,directives:U,filters:q}=e;if(p&&Kk(p,r,null),a)for(const j in a){const ct=a[j];ve(ct)&&(r[j]=ct.bind(n))}if(i){const j=i.call(n,n);Qe(j)&&(t.data=Pn(j))}if(g0=!0,o)for(const j in o){const ct=o[j],St=ve(ct)?ct.bind(n,n):ve(ct.get)?ct.get.bind(n,n):yi,Dt=!ve(ct)&&ve(ct.set)?ct.set.bind(n):yi,dt=kt({get:St,set:Dt});Object.defineProperty(r,j,{enumerable:!0,configurable:!0,get:()=>dt.value,set:vt=>dt.value=vt})}if(c)for(const j in c)AA(c[j],r,n,j);if(u){const j=ve(u)?u.call(n):u;Reflect.ownKeys(j).forEach(ct=>{mn(ct,j[ct])})}d&&x1(d,t,"c");function B(j,ct){he(ct)?ct.forEach(St=>j(St.bind(n))):ct&&j(ct.bind(n))}if(B(Fo,_),B(Di,S),B(Bk,R),B(Dk,T),B(xk,b),B(wk,N),B(Wk,tt),B(Hk,M),B(Mk,z),B(bf,D),B(Xm,O),B(Pk,Et),he(Ct))if(Ct.length){const j=t.exposed||(t.exposed={});Ct.forEach(ct=>{Object.defineProperty(j,ct,{get:()=>n[ct],set:St=>n[ct]=St,enumerable:!0})})}else t.exposed||(t.exposed={});G&&t.render===yi&&(t.render=G),Tt!=null&&(t.inheritAttrs=Tt),it&&(t.components=it),U&&(t.directives=U),Et&&_A(t)}function Kk(t,e,n=yi){he(t)&&(t=T0(t));for(const r in t){const i=t[r];let o;Qe(i)?"default"in i?o=be(i.from||r,i.default,!0):o=be(i.from||r):o=be(i),an(o)?Object.defineProperty(e,r,{enumerable:!0,configurable:!0,get:()=>o.value,set:a=>o.value=a}):e[r]=o}}function x1(t,e,n){xi(he(t)?t.map(r=>r.bind(e.proxy)):t.bind(e.proxy),e,n)}function AA(t,e,n,r){let i=r.includes(".")?OA(n,r):()=>n[r];if(Tn(t)){const o=e[t];ve(o)&&Ze(i,o)}else if(ve(t))Ze(i,t.bind(n));else if(Qe(t))if(he(t))t.forEach(o=>AA(o,e,n,r));else{const o=ve(t.handler)?t.handler.bind(n):e[t.handler];ve(o)&&Ze(i,o,t)}}function RA(t){const e=t.type,{mixins:n,extends:r}=e,{mixins:i,optionsCache:o,config:{optionMergeStrategies:a}}=t.appContext,c=o.get(e);let u;return c?u=c:!i.length&&!n&&!r?u=e:(u={},i.length&&i.forEach(p=>Ud(u,p,a,!0)),Ud(u,e,a)),Qe(e)&&o.set(e,u),u}function Ud(t,e,n,r=!1){const{mixins:i,extends:o}=e;o&&Ud(t,o,n,!0),i&&i.forEach(a=>Ud(t,a,n,!0));for(const a in e)if(!(r&&a==="expose")){const c=Xk[a]||n&&n[a];t[a]=c?c(t[a],e[a]):e[a]}return t}const Xk={data:w1,props:k1,emits:k1,methods:Vl,computed:Vl,beforeCreate:jn,created:jn,beforeMount:jn,mounted:jn,beforeUpdate:jn,updated:jn,beforeDestroy:jn,beforeUnmount:jn,destroyed:jn,unmounted:jn,activated:jn,deactivated:jn,errorCaptured:jn,serverPrefetch:jn,components:Vl,directives:Vl,watch:qk,provide:w1,inject:Yk};function w1(t,e){return e?t?function(){return zn(ve(t)?t.call(this,this):t,ve(e)?e.call(this,this):e)}:e:t}function Yk(t,e){return Vl(T0(t),T0(e))}function T0(t){if(he(t)){const e={};for(let n=0;n<t.length;n++)e[t[n]]=t[n];return e}return t}function jn(t,e){return t?[...new Set([].concat(t,e))]:e}function Vl(t,e){return t?zn(Object.create(null),t,e):e}function k1(t,e){return t?he(t)&&he(e)?[...new Set([...t,...e])]:zn(Object.create(null),N1(t),N1(e??{})):e}function qk(t,e){if(!t)return e;if(!e)return t;const n=zn(Object.create(null),t);for(const r in e)n[r]=jn(t[r],e[r]);return n}function bA(){return{app:null,config:{isNativeTag:US,performance:!1,globalProperties:{},optionMergeStrategies:{},errorHandler:void 0,warnHandler:void 0,compilerOptions:{}},mixins:[],components:{},directives:{},provides:Object.create(null),optionsCache:new WeakMap,propsCache:new WeakMap,emitsCache:new WeakMap}}let jk=0;function Jk(t,e){return function(r,i=null){ve(r)||(r=zn({},r)),i!=null&&!Qe(i)&&(i=null);const o=bA(),a=new WeakSet,c=[];let u=!1;const p=o.app={_uid:jk++,_component:r,_props:i,_container:null,_context:o,_instance:null,version:x3,get config(){return o.config},set config(d){},use(d,..._){return a.has(d)||(d&&ve(d.install)?(a.add(d),d.install(p,..._)):ve(d)&&(a.add(d),d(p,..._))),p},mixin(d){return o.mixins.includes(d)||o.mixins.push(d),p},component(d,_){return _?(o.components[d]=_,p):o.components[d]},directive(d,_){return _?(o.directives[d]=_,p):o.directives[d]},mount(d,_,S){if(!u){const R=p._ceVNode||Rt(r,i);return R.appContext=o,S===!0?S="svg":S===!1&&(S=void 0),t(R,d,S),u=!0,p._container=d,d.__vue_app__=p,Lf(R.component)}},onUnmount(d){c.push(d)},unmount(){u&&(xi(c,p._instance,16),t(null,p._container),delete p._container.__vue_app__)},provide(d,_){return o.provides[d]=_,p},runWithContext(d){const _=La;La=p;try{return d()}finally{La=_}}};return p}}let La=null;function mn(t,e){if(Gn){let n=Gn.provides;const r=Gn.parent&&Gn.parent.provides;r===n&&(n=Gn.provides=Object.create(r)),n[t]=e}}function be(t,e,n=!1){const r=wc();if(r||La){let i=La?La._context.provides:r?r.parent==null||r.ce?r.vnode.appContext&&r.vnode.appContext.provides:r.parent.provides:void 0;if(i&&t in i)return i[t];if(arguments.length>1)return n&&ve(e)?e.call(r&&r.proxy):e}}const Zk=Symbol.for("v-scx"),Qk=()=>be(Zk);function Ze(t,e,n){return yA(t,e,n)}function yA(t,e,n=Ye){const{immediate:r,deep:i,flush:o,once:a}=n,c=zn({},n),u=e&&r||!e&&o!=="post";let p;if(fc){if(o==="sync"){const R=Qk();p=R.__watcherHandles||(R.__watcherHandles=[])}else if(!u){const R=()=>{};return R.stop=yi,R.resume=yi,R.pause=yi,R}}const d=Gn;c.call=(R,T,b)=>xi(R,d,T,b);let _=!1;o==="post"?c.scheduler=R=>{Ar(R,d&&d.suspense)}:o!=="sync"&&(_=!0,c.scheduler=(R,T)=>{T?R():zm(R)}),c.augmentJob=R=>{e&&(R.flags|=4),_&&(R.flags|=2,d&&(R.id=d.uid,R.i=d))};const S=bk(t,e,c);return fc&&(p?p.push(S):u&&S()),S}function t3(t,e,n){const r=this.proxy,i=Tn(t)?t.includes(".")?OA(r,t):()=>r[t]:t.bind(r,r);let o;ve(e)?o=e:(o=e.handler,n=e);const a=kc(this),c=yA(i,o.bind(r),n);return a(),c}function OA(t,e){const n=e.split(".");return()=>{let r=t;for(let i=0;i<n.length&&r;i++)r=r[n[i]];return r}}const e3=(t,e)=>e==="modelValue"||e==="model-value"?t.modelModifiers:t[`${e}Modifiers`]||t[`${Fr(e)}Modifiers`]||t[`${Vo(e)}Modifiers`];function n3(t,e,...n){if(t.isUnmounted)return;const r=t.vnode.props||Ye;let i=n;const o=e.startsWith("update:"),a=o&&e3(r,e.slice(7));a&&(a.trim&&(i=n.map(d=>Tn(d)?d.trim():d)),a.number&&(i=n.map(Mm)));let c,u=r[c=ph(e)]||r[c=ph(Fr(e))];!u&&o&&(u=r[c=ph(Vo(e))]),u&&xi(u,t,6,i);const p=r[c+"Once"];if(p){if(!t.emitted)t.emitted={};else if(t.emitted[c])return;t.emitted[c]=!0,xi(p,t,6,i)}}const r3=new WeakMap;function LA(t,e,n=!1){const r=n?r3:e.emitsCache,i=r.get(t);if(i!==void 0)return i;const o=t.emits;let a={},c=!1;if(!ve(t)){const u=p=>{const d=LA(p,e,!0);d&&(c=!0,zn(a,d))};!n&&e.mixins.length&&e.mixins.forEach(u),t.extends&&u(t.extends),t.mixins&&t.mixins.forEach(u)}return!o&&!c?(Qe(t)&&r.set(t,null),null):(he(o)?o.forEach(u=>a[u]=null):zn(a,o),Qe(t)&&r.set(t,a),a)}function yf(t,e){return!t||!mf(e)?!1:(e=e.slice(2).replace(/Once$/,""),Fe(t,e[0].toLowerCase()+e.slice(1))||Fe(t,Vo(e))||Fe(t,e))}function B1(t){const{type:e,vnode:n,proxy:r,withProxy:i,propsOptions:[o],slots:a,attrs:c,emit:u,render:p,renderCache:d,props:_,data:S,setupState:R,ctx:T,inheritAttrs:b}=t,N=Hd(t);let C,D;try{if(n.shapeFlag&4){const O=i||r,G=O;C=Ti(p.call(G,O,d,_,R,S,T)),D=c}else{const O=e;C=Ti(O.length>1?O(_,{attrs:c,slots:a,emit:u}):O(_,null)),D=e.props?c:i3(c)}}catch(O){Ql.length=0,Af(O,t,1),C=Rt(ls)}let W=C;if(D&&b!==!1){const O=Object.keys(D),{shapeFlag:G}=W;O.length&&G&7&&(o&&O.some(Bm)&&(D=s3(D,o)),W=Da(W,D,!1,!0))}return n.dirs&&(W=Da(W,null,!1,!0),W.dirs=W.dirs?W.dirs.concat(n.dirs):n.dirs),n.transition&&Km(W,n.transition),C=W,Hd(N),C}const i3=t=>{let e;for(const n in t)(n==="class"||n==="style"||mf(n))&&((e||(e={}))[n]=t[n]);return e},s3=(t,e)=>{const n={};for(const r in t)(!Bm(r)||!(r.slice(9)in e))&&(n[r]=t[r]);return n};function o3(t,e,n){const{props:r,children:i,component:o}=t,{props:a,children:c,patchFlag:u}=e,p=o.emitsOptions;if(e.dirs||e.transition)return!0;if(n&&u>=0){if(u&1024)return!0;if(u&16)return r?D1(r,a,p):!!a;if(u&8){const d=e.dynamicProps;for(let _=0;_<d.length;_++){const S=d[_];if(a[S]!==r[S]&&!yf(p,S))return!0}}}else return(i||c)&&(!c||!c.$stable)?!0:r===a?!1:r?a?D1(r,a,p):!0:!!a;return!1}function D1(t,e,n){const r=Object.keys(e);if(r.length!==Object.keys(t).length)return!0;for(let i=0;i<r.length;i++){const o=r[i];if(e[o]!==t[o]&&!yf(n,o))return!0}return!1}function a3({vnode:t,parent:e},n){for(;e;){const r=e.subTree;if(r.suspense&&r.suspense.activeBranch===t&&(r.el=t.el),r===t)(t=e.vnode).el=n,e=e.parent;else break}}const CA={},IA=()=>Object.create(CA),NA=t=>Object.getPrototypeOf(t)===CA;function l3(t,e,n,r=!1){const i={},o=IA();t.propsDefaults=Object.create(null),xA(t,e,i,o);for(const a in t.propsOptions[0])a in i||(i[a]=void 0);n?t.props=r?i:Ek(i):t.type.props?t.props=i:t.props=o,t.attrs=o}function c3(t,e,n,r){const{props:i,attrs:o,vnode:{patchFlag:a}}=t,c=Ve(i),[u]=t.propsOptions;let p=!1;if((r||a>0)&&!(a&16)){if(a&8){const d=t.vnode.dynamicProps;for(let _=0;_<d.length;_++){let S=d[_];if(yf(t.emitsOptions,S))continue;const R=e[S];if(u)if(Fe(o,S))R!==o[S]&&(o[S]=R,p=!0);else{const T=Fr(S);i[T]=v0(u,c,T,R,t,!1)}else R!==o[S]&&(o[S]=R,p=!0)}}}else{xA(t,e,i,o)&&(p=!0);let d;for(const _ in c)(!e||!Fe(e,_)&&((d=Vo(_))===_||!Fe(e,d)))&&(u?n&&(n[_]!==void 0||n[d]!==void 0)&&(i[_]=v0(u,c,_,void 0,t,!0)):delete i[_]);if(o!==c)for(const _ in o)(!e||!Fe(e,_))&&(delete o[_],p=!0)}p&&qi(t.attrs,"set","")}function xA(t,e,n,r){const[i,o]=t.propsOptions;let a=!1,c;if(e)for(let u in e){if(Yl(u))continue;const p=e[u];let d;i&&Fe(i,d=Fr(u))?!o||!o.includes(d)?n[d]=p:(c||(c={}))[d]=p:yf(t.emitsOptions,u)||(!(u in r)||p!==r[u])&&(r[u]=p,a=!0)}if(o){const u=Ve(n),p=c||Ye;for(let d=0;d<o.length;d++){const _=o[d];n[_]=v0(i,u,_,p[_],t,!Fe(p,_))}}return a}function v0(t,e,n,r,i,o){const a=t[n];if(a!=null){const c=Fe(a,"default");if(c&&r===void 0){const u=a.default;if(a.type!==Function&&!a.skipFactory&&ve(u)){const{propsDefaults:p}=i;if(n in p)r=p[n];else{const d=kc(i);r=p[n]=u.call(null,e),d()}}else r=u;i.ce&&i.ce._setProp(n,r)}a[0]&&(o&&!c?r=!1:a[1]&&(r===""||r===Vo(n))&&(r=!0))}return r}const u3=new WeakMap;function wA(t,e,n=!1){const r=n?u3:e.propsCache,i=r.get(t);if(i)return i;const o=t.props,a={},c=[];let u=!1;if(!ve(t)){const d=_=>{u=!0;const[S,R]=wA(_,e,!0);zn(a,S),R&&c.push(...R)};!n&&e.mixins.length&&e.mixins.forEach(d),t.extends&&d(t.extends),t.mixins&&t.mixins.forEach(d)}if(!o&&!u)return Qe(t)&&r.set(t,Ra),Ra;if(he(o))for(let d=0;d<o.length;d++){const _=Fr(o[d]);P1(_)&&(a[_]=Ye)}else if(o)for(const d in o){const _=Fr(d);if(P1(_)){const S=o[d],R=a[_]=he(S)||ve(S)?{type:S}:zn({},S),T=R.type;let b=!1,N=!0;if(he(T))for(let C=0;C<T.length;++C){const D=T[C],W=ve(D)&&D.name;if(W==="Boolean"){b=!0;break}else W==="String"&&(N=!1)}else b=ve(T)&&T.name==="Boolean";R[0]=b,R[1]=N,(b||Fe(R,"default"))&&c.push(_)}}const p=[a,c];return Qe(t)&&r.set(t,p),p}function P1(t){return t[0]!=="$"&&!Yl(t)}const Ym=t=>t==="_"||t==="_ctx"||t==="$stable",qm=t=>he(t)?t.map(Ti):[Ti(t)],d3=(t,e,n)=>{if(e._n)return e;const r=Ae((...i)=>qm(e(...i)),n);return r._c=!1,r},kA=(t,e,n)=>{const r=t._ctx;for(const i in t){if(Ym(i))continue;const o=t[i];if(ve(o))e[i]=d3(i,o,r);else if(o!=null){const a=qm(o);e[i]=()=>a}}},BA=(t,e)=>{const n=qm(e);t.slots.default=()=>n},DA=(t,e,n)=>{for(const r in e)(n||!Ym(r))&&(t[r]=e[r])},f3=(t,e,n)=>{const r=t.slots=IA();if(t.vnode.shapeFlag&32){const i=e._;i?(DA(r,e,n),n&&GS(r,"_",i,!0)):kA(e,r)}else e&&BA(t,e)},p3=(t,e,n)=>{const{vnode:r,slots:i}=t;let o=!0,a=Ye;if(r.shapeFlag&32){const c=e._;c?n&&c===1?o=!1:DA(i,e,n):(o=!e.$stable,kA(e,i)),a=e}else e&&(BA(t,e),a={default:1});if(o)for(const c in i)!Ym(c)&&a[c]==null&&delete i[c]},Ar=g3;function h3(t){return m3(t)}function m3(t,e){const n=Tf();n.__VUE__=!0;const{insert:r,remove:i,patchProp:o,createElement:a,createText:c,createComment:u,setText:p,setElementText:d,parentNode:_,nextSibling:S,setScopeId:R=yi,insertStaticContent:T}=t,b=(H,K,ot,Lt=null,At=null,mt=null,Ht=void 0,rt=null,at=!!K.dynamicChildren)=>{if(H===K)return;H&&!kl(H,K)&&(Lt=L(H),vt(H,At,mt,!0),H=null),K.patchFlag===-2&&(at=!1,K.dynamicChildren=null);const{type:lt,ref:zt,shapeFlag:Bt}=K;switch(lt){case Of:N(H,K,ot,Lt);break;case ls:C(H,K,ot,Lt);break;case Sh:H==null&&D(K,ot,Lt,Ht);break;case Kt:it(H,K,ot,Lt,At,mt,Ht,rt,at);break;default:Bt&1?G(H,K,ot,Lt,At,mt,Ht,rt,at):Bt&6?U(H,K,ot,Lt,At,mt,Ht,rt,at):(Bt&64||Bt&128)&&lt.process(H,K,ot,Lt,At,mt,Ht,rt,at,Ot)}zt!=null&&At?Jl(zt,H&&H.ref,mt,K||H,!K):zt==null&&H&&H.ref!=null&&Jl(H.ref,null,mt,H,!0)},N=(H,K,ot,Lt)=>{if(H==null)r(K.el=c(K.children),ot,Lt);else{const At=K.el=H.el;K.children!==H.children&&p(At,K.children)}},C=(H,K,ot,Lt)=>{H==null?r(K.el=u(K.children||""),ot,Lt):K.el=H.el},D=(H,K,ot,Lt)=>{[H.el,H.anchor]=T(H.children,K,ot,Lt,H.el,H.anchor)},W=({el:H,anchor:K},ot,Lt)=>{let At;for(;H&&H!==K;)At=S(H),r(H,ot,Lt),H=At;r(K,ot,Lt)},O=({el:H,anchor:K})=>{let ot;for(;H&&H!==K;)ot=S(H),i(H),H=ot;i(K)},G=(H,K,ot,Lt,At,mt,Ht,rt,at)=>{if(K.type==="svg"?Ht="svg":K.type==="math"&&(Ht="mathml"),H==null)M(K,ot,Lt,At,mt,Ht,rt,at);else{const lt=H.el&&H.el._isVueCE?H.el:null;try{lt&&lt._beginPatch(),Et(H,K,At,mt,Ht,rt,at)}finally{lt&&lt._endPatch()}}},M=(H,K,ot,Lt,At,mt,Ht,rt)=>{let at,lt;const{props:zt,shapeFlag:Bt,transition:$t,dirs:Jt}=H;if(at=H.el=a(H.type,mt,zt&&zt.is,zt),Bt&8?d(at,H.children):Bt&16&&tt(H.children,at,null,Lt,At,vh(H,mt),Ht,rt),Jt&&fo(H,null,Lt,"created"),z(at,H,H.scopeId,Ht,Lt),zt){for(const ge in zt)ge!=="value"&&!Yl(ge)&&o(at,ge,null,zt[ge],mt,Lt);"value"in zt&&o(at,"value",null,zt.value,mt),(lt=zt.onVnodeBeforeMount)&&_i(lt,Lt,H)}Jt&&fo(H,null,Lt,"beforeMount");const se=_3(At,$t);se&&$t.beforeEnter(at),r(at,K,ot),((lt=zt&&zt.onVnodeMounted)||se||Jt)&&Ar(()=>{lt&&_i(lt,Lt,H),se&&$t.enter(at),Jt&&fo(H,null,Lt,"mounted")},At)},z=(H,K,ot,Lt,At)=>{if(ot&&R(H,ot),Lt)for(let mt=0;mt<Lt.length;mt++)R(H,Lt[mt]);if(At){let mt=At.subTree;if(K===mt||HA(mt.type)&&(mt.ssContent===K||mt.ssFallback===K)){const Ht=At.vnode;z(H,Ht,Ht.scopeId,Ht.slotScopeIds,At.parent)}}},tt=(H,K,ot,Lt,At,mt,Ht,rt,at=0)=>{for(let lt=at;lt<H.length;lt++){const zt=H[lt]=rt?Bs(H[lt]):Ti(H[lt]);b(null,zt,K,ot,Lt,At,mt,Ht,rt)}},Et=(H,K,ot,Lt,At,mt,Ht)=>{const rt=K.el=H.el;let{patchFlag:at,dynamicChildren:lt,dirs:zt}=K;at|=H.patchFlag&16;const Bt=H.props||Ye,$t=K.props||Ye;let Jt;if(ot&&po(ot,!1),(Jt=$t.onVnodeBeforeUpdate)&&_i(Jt,ot,K,H),zt&&fo(K,H,ot,"beforeUpdate"),ot&&po(ot,!0),(Bt.innerHTML&&$t.innerHTML==null||Bt.textContent&&$t.textContent==null)&&d(rt,""),lt?Ct(H.dynamicChildren,lt,rt,ot,Lt,vh(K,At),mt):Ht||ct(H,K,rt,null,ot,Lt,vh(K,At),mt,!1),at>0){if(at&16)Tt(rt,Bt,$t,ot,At);else if(at&2&&Bt.class!==$t.class&&o(rt,"class",null,$t.class,At),at&4&&o(rt,"style",Bt.style,$t.style,At),at&8){const se=K.dynamicProps;for(let ge=0;ge<se.length;ge++){const me=se[ge],cn=Bt[me],un=$t[me];(un!==cn||me==="value")&&o(rt,me,cn,un,At,ot)}}at&1&&H.children!==K.children&&d(rt,K.children)}else!Ht&&lt==null&&Tt(rt,Bt,$t,ot,At);((Jt=$t.onVnodeUpdated)||zt)&&Ar(()=>{Jt&&_i(Jt,ot,K,H),zt&&fo(K,H,ot,"updated")},Lt)},Ct=(H,K,ot,Lt,At,mt,Ht)=>{for(let rt=0;rt<K.length;rt++){const at=H[rt],lt=K[rt],zt=at.el&&(at.type===Kt||!kl(at,lt)||at.shapeFlag&198)?_(at.el):ot;b(at,lt,zt,null,Lt,At,mt,Ht,!0)}},Tt=(H,K,ot,Lt,At)=>{if(K!==ot){if(K!==Ye)for(const mt in K)!Yl(mt)&&!(mt in ot)&&o(H,mt,K[mt],null,At,Lt);for(const mt in ot){if(Yl(mt))continue;const Ht=ot[mt],rt=K[mt];Ht!==rt&&mt!=="value"&&o(H,mt,rt,Ht,At,Lt)}"value"in ot&&o(H,"value",K.value,ot.value,At)}},it=(H,K,ot,Lt,At,mt,Ht,rt,at)=>{const lt=K.el=H?H.el:c(""),zt=K.anchor=H?H.anchor:c("");let{patchFlag:Bt,dynamicChildren:$t,slotScopeIds:Jt}=K;Jt&&(rt=rt?rt.concat(Jt):Jt),H==null?(r(lt,ot,Lt),r(zt,ot,Lt),tt(K.children||[],ot,zt,At,mt,Ht,rt,at)):Bt>0&&Bt&64&&$t&&H.dynamicChildren?(Ct(H.dynamicChildren,$t,ot,At,mt,Ht,rt),(K.key!=null||At&&K===At.subTree)&&PA(H,K,!0)):ct(H,K,ot,zt,At,mt,Ht,rt,at)},U=(H,K,ot,Lt,At,mt,Ht,rt,at)=>{K.slotScopeIds=rt,H==null?K.shapeFlag&512?At.ctx.activate(K,ot,Lt,Ht,at):q(K,ot,Lt,At,mt,Ht,at):Z(H,K,at)},q=(H,K,ot,Lt,At,mt,Ht)=>{const rt=H.component=y3(H,Lt,At);if(EA(H)&&(rt.ctx.renderer=Ot),O3(rt,!1,Ht),rt.asyncDep){if(At&&At.registerDep(rt,B,Ht),!H.el){const at=rt.subTree=Rt(ls);C(null,at,K,ot),H.placeholder=at.el}}else B(rt,H,K,ot,At,mt,Ht)},Z=(H,K,ot)=>{const Lt=K.component=H.component;if(o3(H,K,ot))if(Lt.asyncDep&&!Lt.asyncResolved){j(Lt,K,ot);return}else Lt.next=K,Lt.update();else K.el=H.el,Lt.vnode=K},B=(H,K,ot,Lt,At,mt,Ht)=>{const rt=()=>{if(H.isMounted){let{next:Bt,bu:$t,u:Jt,parent:se,vnode:ge}=H;{const On=MA(H);if(On){Bt&&(Bt.el=ge.el,j(H,Bt,Ht)),On.asyncDep.then(()=>{H.isUnmounted||rt()});return}}let me=Bt,cn;po(H,!1),Bt?(Bt.el=ge.el,j(H,Bt,Ht)):Bt=ge,$t&&_d($t),(cn=Bt.props&&Bt.props.onVnodeBeforeUpdate)&&_i(cn,se,Bt,ge),po(H,!0);const un=B1(H),yn=H.subTree;H.subTree=un,b(yn,un,_(yn.el),L(yn),H,At,mt),Bt.el=un.el,me===null&&a3(H,un.el),Jt&&Ar(Jt,At),(cn=Bt.props&&Bt.props.onVnodeUpdated)&&Ar(()=>_i(cn,se,Bt,ge),At)}else{let Bt;const{el:$t,props:Jt}=K,{bm:se,m:ge,parent:me,root:cn,type:un}=H,yn=Oa(K);po(H,!1),se&&_d(se),!yn&&(Bt=Jt&&Jt.onVnodeBeforeMount)&&_i(Bt,me,K),po(H,!0);{cn.ce&&cn.ce._def.shadowRoot!==!1&&cn.ce._injectChildStyle(un);const On=H.subTree=B1(H);b(null,On,ot,Lt,H,At,mt),K.el=On.el}if(ge&&Ar(ge,At),!yn&&(Bt=Jt&&Jt.onVnodeMounted)){const On=K;Ar(()=>_i(Bt,me,On),At)}(K.shapeFlag&256||me&&Oa(me.vnode)&&me.vnode.shapeFlag&256)&&H.a&&Ar(H.a,At),H.isMounted=!0,K=ot=Lt=null}};H.scope.on();const at=H.effect=new qS(rt);H.scope.off();const lt=H.update=at.run.bind(at),zt=H.job=at.runIfDirty.bind(at);zt.i=H,zt.id=H.uid,at.scheduler=()=>zm(zt),po(H,!0),lt()},j=(H,K,ot)=>{K.component=H;const Lt=H.vnode.props;H.vnode=K,H.next=null,c3(H,K.props,Lt,ot),p3(H,K.children,ot),ss(),L1(H),os()},ct=(H,K,ot,Lt,At,mt,Ht,rt,at=!1)=>{const lt=H&&H.children,zt=H?H.shapeFlag:0,Bt=K.children,{patchFlag:$t,shapeFlag:Jt}=K;if($t>0){if($t&128){Dt(lt,Bt,ot,Lt,At,mt,Ht,rt,at);return}else if($t&256){St(lt,Bt,ot,Lt,At,mt,Ht,rt,at);return}}Jt&8?(zt&16&&I(lt,At,mt),Bt!==lt&&d(ot,Bt)):zt&16?Jt&16?Dt(lt,Bt,ot,Lt,At,mt,Ht,rt,at):I(lt,At,mt,!0):(zt&8&&d(ot,""),Jt&16&&tt(Bt,ot,Lt,At,mt,Ht,rt,at))},St=(H,K,ot,Lt,At,mt,Ht,rt,at)=>{H=H||Ra,K=K||Ra;const lt=H.length,zt=K.length,Bt=Math.min(lt,zt);let $t;for($t=0;$t<Bt;$t++){const Jt=K[$t]=at?Bs(K[$t]):Ti(K[$t]);b(H[$t],Jt,ot,null,At,mt,Ht,rt,at)}lt>zt?I(H,At,mt,!0,!1,Bt):tt(K,ot,Lt,At,mt,Ht,rt,at,Bt)},Dt=(H,K,ot,Lt,At,mt,Ht,rt,at)=>{let lt=0;const zt=K.length;let Bt=H.length-1,$t=zt-1;for(;lt<=Bt&&lt<=$t;){const Jt=H[lt],se=K[lt]=at?Bs(K[lt]):Ti(K[lt]);if(kl(Jt,se))b(Jt,se,ot,null,At,mt,Ht,rt,at);else break;lt++}for(;lt<=Bt&&lt<=$t;){const Jt=H[Bt],se=K[$t]=at?Bs(K[$t]):Ti(K[$t]);if(kl(Jt,se))b(Jt,se,ot,null,At,mt,Ht,rt,at);else break;Bt--,$t--}if(lt>Bt){if(lt<=$t){const Jt=$t+1,se=Jt<zt?K[Jt].el:Lt;for(;lt<=$t;)b(null,K[lt]=at?Bs(K[lt]):Ti(K[lt]),ot,se,At,mt,Ht,rt,at),lt++}}else if(lt>$t)for(;lt<=Bt;)vt(H[lt],At,mt,!0),lt++;else{const Jt=lt,se=lt,ge=new Map;for(lt=se;lt<=$t;lt++){const Ut=K[lt]=at?Bs(K[lt]):Ti(K[lt]);Ut.key!=null&&ge.set(Ut.key,lt)}let me,cn=0;const un=$t-se+1;let yn=!1,On=0;const pr=new Array(un);for(lt=0;lt<un;lt++)pr[lt]=0;for(lt=Jt;lt<=Bt;lt++){const Ut=H[lt];if(cn>=un){vt(Ut,At,mt,!0);continue}let jt;if(Ut.key!=null)jt=ge.get(Ut.key);else for(me=se;me<=$t;me++)if(pr[me-se]===0&&kl(Ut,K[me])){jt=me;break}jt===void 0?vt(Ut,At,mt,!0):(pr[jt-se]=lt+1,jt>=On?On=jt:yn=!0,b(Ut,K[jt],ot,null,At,mt,Ht,rt,at),cn++)}const pt=yn?E3(pr):Ra;for(me=pt.length-1,lt=un-1;lt>=0;lt--){const Ut=se+lt,jt=K[Ut],Ne=K[Ut+1],Re=Ut+1<zt?Ne.el||Ne.placeholder:Lt;pr[lt]===0?b(null,jt,ot,Re,At,mt,Ht,rt,at):yn&&(me<0||lt!==pt[me]?dt(jt,ot,Re,2):me--)}}},dt=(H,K,ot,Lt,At=null)=>{const{el:mt,type:Ht,transition:rt,children:at,shapeFlag:lt}=H;if(lt&6){dt(H.component.subTree,K,ot,Lt);return}if(lt&128){H.suspense.move(K,ot,Lt);return}if(lt&64){Ht.move(H,K,ot,Ot);return}if(Ht===Kt){r(mt,K,ot);for(let Bt=0;Bt<at.length;Bt++)dt(at[Bt],K,ot,Lt);r(H.anchor,K,ot);return}if(Ht===Sh){W(H,K,ot);return}if(Lt!==2&&lt&1&&rt)if(Lt===0)rt.beforeEnter(mt),r(mt,K,ot),Ar(()=>rt.enter(mt),At);else{const{leave:Bt,delayLeave:$t,afterLeave:Jt}=rt,se=()=>{H.ctx.isUnmounted?i(mt):r(mt,K,ot)},ge=()=>{mt._isLeaving&&mt[Nk](!0),Bt(mt,()=>{se(),Jt&&Jt()})};$t?$t(mt,se,ge):ge()}else r(mt,K,ot)},vt=(H,K,ot,Lt=!1,At=!1)=>{const{type:mt,props:Ht,ref:rt,children:at,dynamicChildren:lt,shapeFlag:zt,patchFlag:Bt,dirs:$t,cacheIndex:Jt}=H;if(Bt===-2&&(At=!1),rt!=null&&(ss(),Jl(rt,null,ot,H,!0),os()),Jt!=null&&(K.renderCache[Jt]=void 0),zt&256){K.ctx.deactivate(H);return}const se=zt&1&&$t,ge=!Oa(H);let me;if(ge&&(me=Ht&&Ht.onVnodeBeforeUnmount)&&_i(me,K,H),zt&6)A(H.component,ot,Lt);else{if(zt&128){H.suspense.unmount(ot,Lt);return}se&&fo(H,null,K,"beforeUnmount"),zt&64?H.type.remove(H,K,ot,Ot,Lt):lt&&!lt.hasOnce&&(mt!==Kt||Bt>0&&Bt&64)?I(lt,K,ot,!1,!0):(mt===Kt&&Bt&384||!At&&zt&16)&&I(at,K,ot),Lt&&ht(H)}(ge&&(me=Ht&&Ht.onVnodeUnmounted)||se)&&Ar(()=>{me&&_i(me,K,H),se&&fo(H,null,K,"unmounted")},ot)},ht=H=>{const{type:K,el:ot,anchor:Lt,transition:At}=H;if(K===Kt){et(ot,Lt);return}if(K===Sh){O(H);return}const mt=()=>{i(ot),At&&!At.persisted&&At.afterLeave&&At.afterLeave()};if(H.shapeFlag&1&&At&&!At.persisted){const{leave:Ht,delayLeave:rt}=At,at=()=>Ht(ot,mt);rt?rt(H.el,mt,at):at()}else mt()},et=(H,K)=>{let ot;for(;H!==K;)ot=S(H),i(H),H=ot;i(K)},A=(H,K,ot)=>{const{bum:Lt,scope:At,job:mt,subTree:Ht,um:rt,m:at,a:lt}=H;M1(at),M1(lt),Lt&&_d(Lt),At.stop(),mt&&(mt.flags|=8,vt(Ht,H,K,ot)),rt&&Ar(rt,K),Ar(()=>{H.isUnmounted=!0},K)},I=(H,K,ot,Lt=!1,At=!1,mt=0)=>{for(let Ht=mt;Ht<H.length;Ht++)vt(H[Ht],K,ot,Lt,At)},L=H=>{if(H.shapeFlag&6)return L(H.component.subTree);if(H.shapeFlag&128)return H.suspense.next();const K=S(H.anchor||H.el),ot=K&&K[Ck];return ot?S(ot):K};let V=!1;const st=(H,K,ot)=>{H==null?K._vnode&&vt(K._vnode,null,null,!0):b(K._vnode||null,H,K,null,null,null,ot),K._vnode=H,V||(V=!0,L1(),pA(),V=!1)},Ot={p:b,um:vt,m:dt,r:ht,mt:q,mc:tt,pc:ct,pbc:Ct,n:L,o:t};return{render:st,hydrate:void 0,createApp:Jk(st)}}function vh({type:t,props:e},n){return n==="svg"&&t==="foreignObject"||n==="mathml"&&t==="annotation-xml"&&e&&e.encoding&&e.encoding.includes("html")?void 0:n}function po({effect:t,job:e},n){n?(t.flags|=32,e.flags|=4):(t.flags&=-33,e.flags&=-5)}function _3(t,e){return(!t||t&&!t.pendingBranch)&&e&&!e.persisted}function PA(t,e,n=!1){const r=t.children,i=e.children;if(he(r)&&he(i))for(let o=0;o<r.length;o++){const a=r[o];let c=i[o];c.shapeFlag&1&&!c.dynamicChildren&&((c.patchFlag<=0||c.patchFlag===32)&&(c=i[o]=Bs(i[o]),c.el=a.el),!n&&c.patchFlag!==-2&&PA(a,c)),c.type===Of&&c.patchFlag!==-1&&(c.el=a.el),c.type===ls&&!c.el&&(c.el=a.el)}}function E3(t){const e=t.slice(),n=[0];let r,i,o,a,c;const u=t.length;for(r=0;r<u;r++){const p=t[r];if(p!==0){if(i=n[n.length-1],t[i]<p){e[r]=i,n.push(r);continue}for(o=0,a=n.length-1;o<a;)c=o+a>>1,t[n[c]]<p?o=c+1:a=c;p<t[n[o]]&&(o>0&&(e[r]=n[o-1]),n[o]=r)}}for(o=n.length,a=n[o-1];o-- >0;)n[o]=a,a=e[a];return n}function MA(t){const e=t.subTree.component;if(e)return e.asyncDep&&!e.asyncResolved?e:MA(e)}function M1(t){if(t)for(let e=0;e<t.length;e++)t[e].flags|=8}const HA=t=>t.__isSuspense;function g3(t,e){e&&e.pendingBranch?he(t)?e.effects.push(...t):e.effects.push(t):Lk(t)}const Kt=Symbol.for("v-fgt"),Of=Symbol.for("v-txt"),ls=Symbol.for("v-cmt"),Sh=Symbol.for("v-stc"),Ql=[];let br=null;function w(t=!1){Ql.push(br=t?null:[])}function T3(){Ql.pop(),br=Ql[Ql.length-1]||null}let dc=1;function $d(t,e=!1){dc+=t,t<0&&br&&e&&(br.hasOnce=!0)}function WA(t){return t.dynamicChildren=dc>0?br||Ra:null,T3(),dc>0&&br&&br.push(t),t}function P(t,e,n,r,i,o){return WA(v(t,e,n,r,i,o,!0))}function pe(t,e,n,r,i){return WA(Rt(t,e,n,r,i,!0))}function Ba(t){return t?t.__v_isVNode===!0:!1}function kl(t,e){return t.type===e.type&&t.key===e.key}const UA=({key:t})=>t??null,gd=({ref:t,ref_key:e,ref_for:n})=>(typeof t=="number"&&(t=""+t),t!=null?Tn(t)||an(t)||ve(t)?{i:Dn,r:t,k:e,f:!!n}:t:null);function v(t,e=null,n=null,r=0,i=null,o=t===Kt?0:1,a=!1,c=!1){const u={__v_isVNode:!0,__v_skip:!0,type:t,props:e,key:e&&UA(e),ref:e&&gd(e),scopeId:mA,slotScopeIds:null,children:n,component:null,suspense:null,ssContent:null,ssFallback:null,dirs:null,transition:null,el:null,anchor:null,target:null,targetStart:null,targetAnchor:null,staticCount:0,shapeFlag:o,patchFlag:r,dynamicProps:i,dynamicChildren:null,appContext:null,ctx:Dn};return c?(jm(u,n),o&128&&t.normalize(u)):n&&(u.shapeFlag|=Tn(n)?8:16),dc>0&&!a&&br&&(u.patchFlag>0||o&6)&&u.patchFlag!==32&&br.push(u),u}const Rt=v3;function v3(t,e=null,n=null,r=0,i=null,o=!1){if((!t||t===TA)&&(t=ls),Ba(t)){const c=Da(t,e,!0);return n&&jm(c,n),dc>0&&!o&&br&&(c.shapeFlag&6?br[br.indexOf(t)]=c:br.push(c)),c.patchFlag=-2,c}if(N3(t)&&(t=t.__vccOpts),e){e=S3(e);let{class:c,style:u}=e;c&&!Tn(c)&&(e.class=wt(c)),Qe(u)&&(Gm(u)&&!he(u)&&(u=zn({},u)),e.style=en(u))}const a=Tn(t)?1:HA(t)?128:Ik(t)?64:Qe(t)?4:ve(t)?2:0;return v(t,e,n,r,i,a,o,!0)}function S3(t){return t?Gm(t)||NA(t)?zn({},t):t:null}function Da(t,e,n=!1,r=!1){const{props:i,ref:o,patchFlag:a,children:c,transition:u}=t,p=e?A3(i||{},e):i,d={__v_isVNode:!0,__v_skip:!0,type:t.type,props:p,key:p&&UA(p),ref:e&&e.ref?n&&o?he(o)?o.concat(gd(e)):[o,gd(e)]:gd(e):o,scopeId:t.scopeId,slotScopeIds:t.slotScopeIds,children:c,target:t.target,targetStart:t.targetStart,targetAnchor:t.targetAnchor,staticCount:t.staticCount,shapeFlag:t.shapeFlag,patchFlag:e&&t.type!==Kt?a===-1?16:a|16:a,dynamicProps:t.dynamicProps,dynamicChildren:t.dynamicChildren,appContext:t.appContext,dirs:t.dirs,transition:u,component:t.component,suspense:t.suspense,ssContent:t.ssContent&&Da(t.ssContent),ssFallback:t.ssFallback&&Da(t.ssFallback),placeholder:t.placeholder,el:t.el,anchor:t.anchor,ctx:t.ctx,ce:t.ce};return u&&r&&Km(d,u.clone(d)),d}function g(t=" ",e=0){return Rt(Of,null,t,e)}function Q(t="",e=!1){return e?(w(),pe(ls,null,t)):Rt(ls,null,t)}function Ti(t){return t==null||typeof t=="boolean"?Rt(ls):he(t)?Rt(Kt,null,t.slice()):Ba(t)?Bs(t):Rt(Of,null,String(t))}function Bs(t){return t.el===null&&t.patchFlag!==-1||t.memo?t:Da(t)}function jm(t,e){let n=0;const{shapeFlag:r}=t;if(e==null)e=null;else if(he(e))n=16;else if(typeof e=="object")if(r&65){const i=e.default;i&&(i._c&&(i._d=!1),jm(t,i()),i._c&&(i._d=!0));return}else{n=32;const i=e._;!i&&!NA(e)?e._ctx=Dn:i===3&&Dn&&(Dn.slots._===1?e._=1:(e._=2,t.patchFlag|=1024))}else ve(e)?(e={default:e,_ctx:Dn},n=32):(e=String(e),r&64?(n=16,e=[g(e)]):n=8);t.children=e,t.shapeFlag|=n}function A3(...t){const e={};for(let n=0;n<t.length;n++){const r=t[n];for(const i in r)if(i==="class")e.class!==r.class&&(e.class=wt([e.class,r.class]));else if(i==="style")e.style=en([e.style,r.style]);else if(mf(i)){const o=e[i],a=r[i];a&&o!==a&&!(he(o)&&o.includes(a))&&(e[i]=o?[].concat(o,a):a)}else i!==""&&(e[i]=r[i])}return e}function _i(t,e,n,r=null){xi(t,e,7,[n,r])}const R3=bA();let b3=0;function y3(t,e,n){const r=t.type,i=(e?e.appContext:t.appContext)||R3,o={uid:b3++,vnode:t,type:r,parent:e,appContext:i,root:null,next:null,subTree:null,effect:null,update:null,job:null,scope:new Jw(!0),render:null,proxy:null,exposed:null,exposeProxy:null,withProxy:null,provides:e?e.provides:Object.create(i.provides),ids:e?e.ids:["",0,0],accessCache:null,renderCache:[],components:null,directives:null,propsOptions:wA(r,i),emitsOptions:LA(r,i),emit:null,emitted:null,propsDefaults:Ye,inheritAttrs:r.inheritAttrs,ctx:Ye,data:Ye,props:Ye,attrs:Ye,slots:Ye,refs:Ye,setupState:Ye,setupContext:null,suspense:n,suspenseId:n?n.pendingId:0,asyncDep:null,asyncResolved:!1,isMounted:!1,isUnmounted:!1,isDeactivated:!1,bc:null,c:null,bm:null,m:null,bu:null,u:null,um:null,bum:null,da:null,a:null,rtg:null,rtc:null,ec:null,sp:null};return o.ctx={_:o},o.root=e?e.root:o,o.emit=n3.bind(null,o),t.ce&&t.ce(o),o}let Gn=null;const wc=()=>Gn||Dn;let Vd,S0;{const t=Tf(),e=(n,r)=>{let i;return(i=t[n])||(i=t[n]=[]),i.push(r),o=>{i.length>1?i.forEach(a=>a(o)):i[0](o)}};Vd=e("__VUE_INSTANCE_SETTERS__",n=>Gn=n),S0=e("__VUE_SSR_SETTERS__",n=>fc=n)}const kc=t=>{const e=Gn;return Vd(t),t.scope.on(),()=>{t.scope.off(),Vd(e)}},H1=()=>{Gn&&Gn.scope.off(),Vd(null)};function $A(t){return t.vnode.shapeFlag&4}let fc=!1;function O3(t,e=!1,n=!1){e&&S0(e);const{props:r,children:i}=t.vnode,o=$A(t);l3(t,r,o,e),f3(t,i,n||e);const a=o?L3(t,e):void 0;return e&&S0(!1),a}function L3(t,e){const n=t.type;t.accessCache=Object.create(null),t.proxy=new Proxy(t.ctx,Vk);const{setup:r}=n;if(r){ss();const i=t.setupContext=r.length>1?FA(t):null,o=kc(t),a=xc(r,t,0,[t.props,i]),c=$S(a);if(os(),o(),(c||t.sp)&&!Oa(t)&&_A(t),c){if(a.then(H1,H1),e)return a.then(u=>{W1(t,u)}).catch(u=>{Af(u,t,0)});t.asyncDep=a}else W1(t,a)}else VA(t)}function W1(t,e,n){ve(e)?t.type.__ssrInlineRender?t.ssrRender=e:t.render=e:Qe(e)&&(t.setupState=uA(e)),VA(t)}function VA(t,e,n){const r=t.type;t.render||(t.render=r.render||yi);{const i=kc(t);ss();try{zk(t)}finally{os(),i()}}}const C3={get(t,e){return Fn(t,"get",""),t[e]}};function FA(t){const e=n=>{t.exposed=n||{}};return{attrs:new Proxy(t.attrs,C3),slots:t.slots,emit:t.emit,expose:e}}function Lf(t){return t.exposed?t.exposeProxy||(t.exposeProxy=new Proxy(uA(gk(t.exposed)),{get(e,n){if(n in e)return e[n];if(n in Zl)return Zl[n](t)},has(e,n){return n in e||n in Zl}})):t.proxy}function I3(t,e=!0){return ve(t)?t.displayName||t.name:t.name||e&&t.__name}function N3(t){return ve(t)&&"__vccOpts"in t}const kt=(t,e)=>Ak(t,e,fc);function vo(t,e,n){try{$d(-1);const r=arguments.length;return r===2?Qe(e)&&!he(e)?Ba(e)?Rt(t,null,[e]):Rt(t,e):Rt(t,null,e):(r>3?n=Array.prototype.slice.call(arguments,2):r===3&&Ba(n)&&(n=[n]),Rt(t,e,n))}finally{$d(1)}}const x3="3.5.25";/**
* @vue/runtime-dom v3.5.25
* (c) 2018-present Yuxi (Evan) You and Vue contributors
* @license MIT
**/let A0;const U1=typeof window<"u"&&window.trustedTypes;if(U1)try{A0=U1.createPolicy("vue",{createHTML:t=>t})}catch{}const GA=A0?t=>A0.createHTML(t):t=>t,w3="http://www.w3.org/2000/svg",k3="http://www.w3.org/1998/Math/MathML",Yi=typeof document<"u"?document:null,$1=Yi&&Yi.createElement("template"),B3={insert:(t,e,n)=>{e.insertBefore(t,n||null)},remove:t=>{const e=t.parentNode;e&&e.removeChild(t)},createElement:(t,e,n,r)=>{const i=e==="svg"?Yi.createElementNS(w3,t):e==="mathml"?Yi.createElementNS(k3,t):n?Yi.createElement(t,{is:n}):Yi.createElement(t);return t==="select"&&r&&r.multiple!=null&&i.setAttribute("multiple",r.multiple),i},createText:t=>Yi.createTextNode(t),createComment:t=>Yi.createComment(t),setText:(t,e)=>{t.nodeValue=e},setElementText:(t,e)=>{t.textContent=e},parentNode:t=>t.parentNode,nextSibling:t=>t.nextSibling,querySelector:t=>Yi.querySelector(t),setScopeId(t,e){t.setAttribute(e,"")},insertStaticContent(t,e,n,r,i,o){const a=n?n.previousSibling:e.lastChild;if(i&&(i===o||i.nextSibling))for(;e.insertBefore(i.cloneNode(!0),n),!(i===o||!(i=i.nextSibling)););else{$1.innerHTML=GA(r==="svg"?`<svg>${t}</svg>`:r==="mathml"?`<math>${t}</math>`:t);const c=$1.content;if(r==="svg"||r==="mathml"){const u=c.firstChild;for(;u.firstChild;)c.appendChild(u.firstChild);c.removeChild(u)}e.insertBefore(c,n)}return[a?a.nextSibling:e.firstChild,n?n.previousSibling:e.lastChild]}},D3=Symbol("_vtc");function P3(t,e,n){const r=t[D3];r&&(e=(e?[e,...r]:[...r]).join(" ")),e==null?t.removeAttribute("class"):n?t.setAttribute("class",e):t.className=e}const V1=Symbol("_vod"),M3=Symbol("_vsh"),H3=Symbol(""),W3=/(?:^|;)\s*display\s*:/;function U3(t,e,n){const r=t.style,i=Tn(n);let o=!1;if(n&&!i){if(e)if(Tn(e))for(const a of e.split(";")){const c=a.slice(0,a.indexOf(":")).trim();n[c]==null&&Td(r,c,"")}else for(const a in e)n[a]==null&&Td(r,a,"");for(const a in n)a==="display"&&(o=!0),Td(r,a,n[a])}else if(i){if(e!==n){const a=r[H3];a&&(n+=";"+a),r.cssText=n,o=W3.test(n)}}else e&&t.removeAttribute("style");V1 in t&&(t[V1]=o?r.display:"",t[M3]&&(r.display="none"))}const F1=/\s*!important$/;function Td(t,e,n){if(he(n))n.forEach(r=>Td(t,e,r));else if(n==null&&(n=""),e.startsWith("--"))t.setProperty(e,n);else{const r=$3(t,e);F1.test(n)?t.setProperty(Vo(r),n.replace(F1,""),"important"):t[r]=n}}const G1=["Webkit","Moz","ms"],Ah={};function $3(t,e){const n=Ah[e];if(n)return n;let r=Fr(e);if(r!=="filter"&&r in t)return Ah[e]=r;r=gf(r);for(let i=0;i<G1.length;i++){const o=G1[i]+r;if(o in t)return Ah[e]=o}return e}const z1="http://www.w3.org/1999/xlink";function K1(t,e,n,r,i,o=qw(e)){r&&e.startsWith("xlink:")?n==null?t.removeAttributeNS(z1,e.slice(6,e.length)):t.setAttributeNS(z1,e,n):n==null||o&&!zS(n)?t.removeAttribute(e):t.setAttribute(e,o?"":oi(n)?String(n):n)}function X1(t,e,n,r,i){if(e==="innerHTML"||e==="textContent"){n!=null&&(t[e]=e==="innerHTML"?GA(n):n);return}const o=t.tagName;if(e==="value"&&o!=="PROGRESS"&&!o.includes("-")){const c=o==="OPTION"?t.getAttribute("value")||"":t.value,u=n==null?t.type==="checkbox"?"on":"":String(n);(c!==u||!("_value"in t))&&(t.value=u),n==null&&t.removeAttribute(e),t._value=n;return}let a=!1;if(n===""||n==null){const c=typeof t[e];c==="boolean"?n=zS(n):n==null&&c==="string"?(n="",a=!0):c==="number"&&(n=0,a=!0)}try{t[e]=n}catch{}a&&t.removeAttribute(i||e)}function To(t,e,n,r){t.addEventListener(e,n,r)}function V3(t,e,n,r){t.removeEventListener(e,n,r)}const Y1=Symbol("_vei");function F3(t,e,n,r,i=null){const o=t[Y1]||(t[Y1]={}),a=o[e];if(r&&a)a.value=r;else{const[c,u]=G3(e);if(r){const p=o[e]=X3(r,i);To(t,c,p,u)}else a&&(V3(t,c,a,u),o[e]=void 0)}}const q1=/(?:Once|Passive|Capture)$/;function G3(t){let e;if(q1.test(t)){e={};let r;for(;r=t.match(q1);)t=t.slice(0,t.length-r[0].length),e[r[0].toLowerCase()]=!0}return[t[2]===":"?t.slice(3):Vo(t.slice(2)),e]}let Rh=0;const z3=Promise.resolve(),K3=()=>Rh||(z3.then(()=>Rh=0),Rh=Date.now());function X3(t,e){const n=r=>{if(!r._vts)r._vts=Date.now();else if(r._vts<=n.attached)return;xi(Y3(r,n.value),e,5,[r])};return n.value=t,n.attached=K3(),n}function Y3(t,e){if(he(e)){const n=t.stopImmediatePropagation;return t.stopImmediatePropagation=()=>{n.call(t),t._stopped=!0},e.map(r=>i=>!i._stopped&&r&&r(i))}else return e}const j1=t=>t.charCodeAt(0)===111&&t.charCodeAt(1)===110&&t.charCodeAt(2)>96&&t.charCodeAt(2)<123,q3=(t,e,n,r,i,o)=>{const a=i==="svg";e==="class"?P3(t,r,a):e==="style"?U3(t,n,r):mf(e)?Bm(e)||F3(t,e,n,r,o):(e[0]==="."?(e=e.slice(1),!0):e[0]==="^"?(e=e.slice(1),!1):j3(t,e,r,a))?(X1(t,e,r),!t.tagName.includes("-")&&(e==="value"||e==="checked"||e==="selected")&&K1(t,e,r,a,o,e!=="value")):t._isVueCE&&(/[A-Z]/.test(e)||!Tn(r))?X1(t,Fr(e),r,o,e):(e==="true-value"?t._trueValue=r:e==="false-value"&&(t._falseValue=r),K1(t,e,r,a))};function j3(t,e,n,r){if(r)return!!(e==="innerHTML"||e==="textContent"||e in t&&j1(e)&&ve(n));if(e==="spellcheck"||e==="draggable"||e==="translate"||e==="autocorrect"||e==="sandbox"&&t.tagName==="IFRAME"||e==="form"||e==="list"&&t.tagName==="INPUT"||e==="type"&&t.tagName==="TEXTAREA")return!1;if(e==="width"||e==="height"){const i=t.tagName;if(i==="IMG"||i==="VIDEO"||i==="CANVAS"||i==="SOURCE")return!1}return j1(e)&&Tn(n)?!1:e in t}const Fd=t=>{const e=t.props["onUpdate:modelValue"]||!1;return he(e)?n=>_d(e,n):e};function J3(t){t.target.composing=!0}function J1(t){const e=t.target;e.composing&&(e.composing=!1,e.dispatchEvent(new Event("input")))}const Ca=Symbol("_assign");function Z1(t,e,n){return e&&(t=t.trim()),n&&(t=Mm(t)),t}const bh={created(t,{modifiers:{lazy:e,trim:n,number:r}},i){t[Ca]=Fd(i);const o=r||i.props&&i.props.type==="number";To(t,e?"change":"input",a=>{a.target.composing||t[Ca](Z1(t.value,n,o))}),(n||o)&&To(t,"change",()=>{t.value=Z1(t.value,n,o)}),e||(To(t,"compositionstart",J3),To(t,"compositionend",J1),To(t,"change",J1))},mounted(t,{value:e}){t.value=e??""},beforeUpdate(t,{value:e,oldValue:n,modifiers:{lazy:r,trim:i,number:o}},a){if(t[Ca]=Fd(a),t.composing)return;const c=(o||t.type==="number")&&!/^0\d/.test(t.value)?Mm(t.value):t.value,u=e??"";c!==u&&(document.activeElement===t&&t.type!=="range"&&(r&&e===n||i&&t.value.trim()===u)||(t.value=u))}},Z3={deep:!0,created(t,e,n){t[Ca]=Fd(n),To(t,"change",()=>{const r=t._modelValue,i=Q3(t),o=t.checked,a=t[Ca];if(he(r)){const c=KS(r,i),u=c!==-1;if(o&&!u)a(r.concat(i));else if(!o&&u){const p=[...r];p.splice(c,1),a(p)}}else if(_f(r)){const c=new Set(r);o?c.add(i):c.delete(i),a(c)}else a(zA(t,o))})},mounted:Q1,beforeUpdate(t,e,n){t[Ca]=Fd(n),Q1(t,e,n)}};function Q1(t,{value:e,oldValue:n},r){t._modelValue=e;let i;if(he(e))i=KS(e,r.props.value)>-1;else if(_f(e))i=e.has(r.props.value);else{if(e===n)return;i=vf(e,zA(t,!0))}t.checked!==i&&(t.checked=i)}function Q3(t){return"_value"in t?t._value:t.value}function zA(t,e){const n=e?"_trueValue":"_falseValue";return n in t?t[n]:e}const t4=["ctrl","shift","alt","meta"],e4={stop:t=>t.stopPropagation(),prevent:t=>t.preventDefault(),self:t=>t.target!==t.currentTarget,ctrl:t=>!t.ctrlKey,shift:t=>!t.shiftKey,alt:t=>!t.altKey,meta:t=>!t.metaKey,left:t=>"button"in t&&t.button!==0,middle:t=>"button"in t&&t.button!==1,right:t=>"button"in t&&t.button!==2,exact:(t,e)=>t4.some(n=>t[`${n}Key`]&&!e.includes(n))},We=(t,e)=>{const n=t._withMods||(t._withMods={}),r=e.join(".");return n[r]||(n[r]=(i,...o)=>{for(let a=0;a<e.length;a++){const c=e4[e[a]];if(c&&c(i,e))return}return t(i,...o)})},n4=zn({patchProp:q3},B3);let tT;function r4(){return tT||(tT=h3(n4))}const pc=(...t)=>{const e=r4().createApp(...t),{mount:n}=e;return e.mount=r=>{const i=s4(r);if(!i)return;const o=e._component;!ve(o)&&!o.render&&!o.template&&(o.template=i.innerHTML),i.nodeType===1&&(i.textContent="");const a=n(i,!1,i4(i));return i instanceof Element&&(i.removeAttribute("v-cloak"),i.setAttribute("data-v-app","")),a},e};function i4(t){if(t instanceof SVGElement)return"svg";if(typeof MathMLElement=="function"&&t instanceof MathMLElement)return"mathml"}function s4(t){return Tn(t)?document.querySelector(t):t}var Qn="top",yr="bottom",Or="right",tr="left",Cf="auto",Qa=[Qn,yr,Or,tr],Bo="start",Pa="end",KA="clippingParents",Jm="viewport",ma="popper",XA="reference",R0=Qa.reduce(function(t,e){return t.concat([e+"-"+Bo,e+"-"+Pa])},[]),Zm=[].concat(Qa,[Cf]).reduce(function(t,e){return t.concat([e,e+"-"+Bo,e+"-"+Pa])},[]),YA="beforeRead",qA="read",jA="afterRead",JA="beforeMain",ZA="main",QA="afterMain",tR="beforeWrite",eR="write",nR="afterWrite",rR=[YA,qA,jA,JA,ZA,QA,tR,eR,nR];function wi(t){return t?(t.nodeName||"").toLowerCase():null}function Lr(t){if(t==null)return window;if(t.toString()!=="[object Window]"){var e=t.ownerDocument;return e&&e.defaultView||window}return t}function Do(t){var e=Lr(t).Element;return t instanceof e||t instanceof Element}function $r(t){var e=Lr(t).HTMLElement;return t instanceof e||t instanceof HTMLElement}function Qm(t){if(typeof ShadowRoot>"u")return!1;var e=Lr(t).ShadowRoot;return t instanceof e||t instanceof ShadowRoot}function o4(t){var e=t.state;Object.keys(e.elements).forEach(function(n){var r=e.styles[n]||{},i=e.attributes[n]||{},o=e.elements[n];!$r(o)||!wi(o)||(Object.assign(o.style,r),Object.keys(i).forEach(function(a){var c=i[a];c===!1?o.removeAttribute(a):o.setAttribute(a,c===!0?"":c)}))})}function a4(t){var e=t.state,n={popper:{position:e.options.strategy,left:"0",top:"0",margin:"0"},arrow:{position:"absolute"},reference:{}};return Object.assign(e.elements.popper.style,n.popper),e.styles=n,e.elements.arrow&&Object.assign(e.elements.arrow.style,n.arrow),function(){Object.keys(e.elements).forEach(function(r){var i=e.elements[r],o=e.attributes[r]||{},a=Object.keys(e.styles.hasOwnProperty(r)?e.styles[r]:n[r]),c=a.reduce(function(u,p){return u[p]="",u},{});!$r(i)||!wi(i)||(Object.assign(i.style,c),Object.keys(o).forEach(function(u){i.removeAttribute(u)}))})}}const t_={name:"applyStyles",enabled:!0,phase:"write",fn:o4,effect:a4,requires:["computeStyles"]};function Oi(t){return t.split("-")[0]}var Co=Math.max,Gd=Math.min,Ma=Math.round;function b0(){var t=navigator.userAgentData;return t!=null&&t.brands&&Array.isArray(t.brands)?t.brands.map(function(e){return e.brand+"/"+e.version}).join(" "):navigator.userAgent}function iR(){return!/^((?!chrome|android).)*safari/i.test(b0())}function Ha(t,e,n){e===void 0&&(e=!1),n===void 0&&(n=!1);var r=t.getBoundingClientRect(),i=1,o=1;e&&$r(t)&&(i=t.offsetWidth>0&&Ma(r.width)/t.offsetWidth||1,o=t.offsetHeight>0&&Ma(r.height)/t.offsetHeight||1);var a=Do(t)?Lr(t):window,c=a.visualViewport,u=!iR()&&n,p=(r.left+(u&&c?c.offsetLeft:0))/i,d=(r.top+(u&&c?c.offsetTop:0))/o,_=r.width/i,S=r.height/o;return{width:_,height:S,top:d,right:p+_,bottom:d+S,left:p,x:p,y:d}}function e_(t){var e=Ha(t),n=t.offsetWidth,r=t.offsetHeight;return Math.abs(e.width-n)<=1&&(n=e.width),Math.abs(e.height-r)<=1&&(r=e.height),{x:t.offsetLeft,y:t.offsetTop,width:n,height:r}}function sR(t,e){var n=e.getRootNode&&e.getRootNode();if(t.contains(e))return!0;if(n&&Qm(n)){var r=e;do{if(r&&t.isSameNode(r))return!0;r=r.parentNode||r.host}while(r)}return!1}function cs(t){return Lr(t).getComputedStyle(t)}function l4(t){return["table","td","th"].indexOf(wi(t))>=0}function Gs(t){return((Do(t)?t.ownerDocument:t.document)||window.document).documentElement}function If(t){return wi(t)==="html"?t:t.assignedSlot||t.parentNode||(Qm(t)?t.host:null)||Gs(t)}function eT(t){return!$r(t)||cs(t).position==="fixed"?null:t.offsetParent}function c4(t){var e=/firefox/i.test(b0()),n=/Trident/i.test(b0());if(n&&$r(t)){var r=cs(t);if(r.position==="fixed")return null}var i=If(t);for(Qm(i)&&(i=i.host);$r(i)&&["html","body"].indexOf(wi(i))<0;){var o=cs(i);if(o.transform!=="none"||o.perspective!=="none"||o.contain==="paint"||["transform","perspective"].indexOf(o.willChange)!==-1||e&&o.willChange==="filter"||e&&o.filter&&o.filter!=="none")return i;i=i.parentNode}return null}function Bc(t){for(var e=Lr(t),n=eT(t);n&&l4(n)&&cs(n).position==="static";)n=eT(n);return n&&(wi(n)==="html"||wi(n)==="body"&&cs(n).position==="static")?e:n||c4(t)||e}function n_(t){return["top","bottom"].indexOf(t)>=0?"x":"y"}function tc(t,e,n){return Co(t,Gd(e,n))}function u4(t,e,n){var r=tc(t,e,n);return r>n?n:r}function oR(){return{top:0,right:0,bottom:0,left:0}}function aR(t){return Object.assign({},oR(),t)}function lR(t,e){return e.reduce(function(n,r){return n[r]=t,n},{})}var d4=function(e,n){return e=typeof e=="function"?e(Object.assign({},n.rects,{placement:n.placement})):e,aR(typeof e!="number"?e:lR(e,Qa))};function f4(t){var e,n=t.state,r=t.name,i=t.options,o=n.elements.arrow,a=n.modifiersData.popperOffsets,c=Oi(n.placement),u=n_(c),p=[tr,Or].indexOf(c)>=0,d=p?"height":"width";if(!(!o||!a)){var _=d4(i.padding,n),S=e_(o),R=u==="y"?Qn:tr,T=u==="y"?yr:Or,b=n.rects.reference[d]+n.rects.reference[u]-a[u]-n.rects.popper[d],N=a[u]-n.rects.reference[u],C=Bc(o),D=C?u==="y"?C.clientHeight||0:C.clientWidth||0:0,W=b/2-N/2,O=_[R],G=D-S[d]-_[T],M=D/2-S[d]/2+W,z=tc(O,M,G),tt=u;n.modifiersData[r]=(e={},e[tt]=z,e.centerOffset=z-M,e)}}function p4(t){var e=t.state,n=t.options,r=n.element,i=r===void 0?"[data-popper-arrow]":r;i!=null&&(typeof i=="string"&&(i=e.elements.popper.querySelector(i),!i)||sR(e.elements.popper,i)&&(e.elements.arrow=i))}const cR={name:"arrow",enabled:!0,phase:"main",fn:f4,effect:p4,requires:["popperOffsets"],requiresIfExists:["preventOverflow"]};function Wa(t){return t.split("-")[1]}var h4={top:"auto",right:"auto",bottom:"auto",left:"auto"};function m4(t,e){var n=t.x,r=t.y,i=e.devicePixelRatio||1;return{x:Ma(n*i)/i||0,y:Ma(r*i)/i||0}}function nT(t){var e,n=t.popper,r=t.popperRect,i=t.placement,o=t.variation,a=t.offsets,c=t.position,u=t.gpuAcceleration,p=t.adaptive,d=t.roundOffsets,_=t.isFixed,S=a.x,R=S===void 0?0:S,T=a.y,b=T===void 0?0:T,N=typeof d=="function"?d({x:R,y:b}):{x:R,y:b};R=N.x,b=N.y;var C=a.hasOwnProperty("x"),D=a.hasOwnProperty("y"),W=tr,O=Qn,G=window;if(p){var M=Bc(n),z="clientHeight",tt="clientWidth";if(M===Lr(n)&&(M=Gs(n),cs(M).position!=="static"&&c==="absolute"&&(z="scrollHeight",tt="scrollWidth")),M=M,i===Qn||(i===tr||i===Or)&&o===Pa){O=yr;var Et=_&&M===G&&G.visualViewport?G.visualViewport.height:M[z];b-=Et-r.height,b*=u?1:-1}if(i===tr||(i===Qn||i===yr)&&o===Pa){W=Or;var Ct=_&&M===G&&G.visualViewport?G.visualViewport.width:M[tt];R-=Ct-r.width,R*=u?1:-1}}var Tt=Object.assign({position:c},p&&h4),it=d===!0?m4({x:R,y:b},Lr(n)):{x:R,y:b};if(R=it.x,b=it.y,u){var U;return Object.assign({},Tt,(U={},U[O]=D?"0":"",U[W]=C?"0":"",U.transform=(G.devicePixelRatio||1)<=1?"translate("+R+"px, "+b+"px)":"translate3d("+R+"px, "+b+"px, 0)",U))}return Object.assign({},Tt,(e={},e[O]=D?b+"px":"",e[W]=C?R+"px":"",e.transform="",e))}function _4(t){var e=t.state,n=t.options,r=n.gpuAcceleration,i=r===void 0?!0:r,o=n.adaptive,a=o===void 0?!0:o,c=n.roundOffsets,u=c===void 0?!0:c,p={placement:Oi(e.placement),variation:Wa(e.placement),popper:e.elements.popper,popperRect:e.rects.popper,gpuAcceleration:i,isFixed:e.options.strategy==="fixed"};e.modifiersData.popperOffsets!=null&&(e.styles.popper=Object.assign({},e.styles.popper,nT(Object.assign({},p,{offsets:e.modifiersData.popperOffsets,position:e.options.strategy,adaptive:a,roundOffsets:u})))),e.modifiersData.arrow!=null&&(e.styles.arrow=Object.assign({},e.styles.arrow,nT(Object.assign({},p,{offsets:e.modifiersData.arrow,position:"absolute",adaptive:!1,roundOffsets:u})))),e.attributes.popper=Object.assign({},e.attributes.popper,{"data-popper-placement":e.placement})}const r_={name:"computeStyles",enabled:!0,phase:"beforeWrite",fn:_4,data:{}};var zu={passive:!0};function E4(t){var e=t.state,n=t.instance,r=t.options,i=r.scroll,o=i===void 0?!0:i,a=r.resize,c=a===void 0?!0:a,u=Lr(e.elements.popper),p=[].concat(e.scrollParents.reference,e.scrollParents.popper);return o&&p.forEach(function(d){d.addEventListener("scroll",n.update,zu)}),c&&u.addEventListener("resize",n.update,zu),function(){o&&p.forEach(function(d){d.removeEventListener("scroll",n.update,zu)}),c&&u.removeEventListener("resize",n.update,zu)}}const i_={name:"eventListeners",enabled:!0,phase:"write",fn:function(){},effect:E4,data:{}};var g4={left:"right",right:"left",bottom:"top",top:"bottom"};function vd(t){return t.replace(/left|right|bottom|top/g,function(e){return g4[e]})}var T4={start:"end",end:"start"};function rT(t){return t.replace(/start|end/g,function(e){return T4[e]})}function s_(t){var e=Lr(t),n=e.pageXOffset,r=e.pageYOffset;return{scrollLeft:n,scrollTop:r}}function o_(t){return Ha(Gs(t)).left+s_(t).scrollLeft}function v4(t,e){var n=Lr(t),r=Gs(t),i=n.visualViewport,o=r.clientWidth,a=r.clientHeight,c=0,u=0;if(i){o=i.width,a=i.height;var p=iR();(p||!p&&e==="fixed")&&(c=i.offsetLeft,u=i.offsetTop)}return{width:o,height:a,x:c+o_(t),y:u}}function S4(t){var e,n=Gs(t),r=s_(t),i=(e=t.ownerDocument)==null?void 0:e.body,o=Co(n.scrollWidth,n.clientWidth,i?i.scrollWidth:0,i?i.clientWidth:0),a=Co(n.scrollHeight,n.clientHeight,i?i.scrollHeight:0,i?i.clientHeight:0),c=-r.scrollLeft+o_(t),u=-r.scrollTop;return cs(i||n).direction==="rtl"&&(c+=Co(n.clientWidth,i?i.clientWidth:0)-o),{width:o,height:a,x:c,y:u}}function a_(t){var e=cs(t),n=e.overflow,r=e.overflowX,i=e.overflowY;return/auto|scroll|overlay|hidden/.test(n+i+r)}function uR(t){return["html","body","#document"].indexOf(wi(t))>=0?t.ownerDocument.body:$r(t)&&a_(t)?t:uR(If(t))}function ec(t,e){var n;e===void 0&&(e=[]);var r=uR(t),i=r===((n=t.ownerDocument)==null?void 0:n.body),o=Lr(r),a=i?[o].concat(o.visualViewport||[],a_(r)?r:[]):r,c=e.concat(a);return i?c:c.concat(ec(If(a)))}function y0(t){return Object.assign({},t,{left:t.x,top:t.y,right:t.x+t.width,bottom:t.y+t.height})}function A4(t,e){var n=Ha(t,!1,e==="fixed");return n.top=n.top+t.clientTop,n.left=n.left+t.clientLeft,n.bottom=n.top+t.clientHeight,n.right=n.left+t.clientWidth,n.width=t.clientWidth,n.height=t.clientHeight,n.x=n.left,n.y=n.top,n}function iT(t,e,n){return e===Jm?y0(v4(t,n)):Do(e)?A4(e,n):y0(S4(Gs(t)))}function R4(t){var e=ec(If(t)),n=["absolute","fixed"].indexOf(cs(t).position)>=0,r=n&&$r(t)?Bc(t):t;return Do(r)?e.filter(function(i){return Do(i)&&sR(i,r)&&wi(i)!=="body"}):[]}function b4(t,e,n,r){var i=e==="clippingParents"?R4(t):[].concat(e),o=[].concat(i,[n]),a=o[0],c=o.reduce(function(u,p){var d=iT(t,p,r);return u.top=Co(d.top,u.top),u.right=Gd(d.right,u.right),u.bottom=Gd(d.bottom,u.bottom),u.left=Co(d.left,u.left),u},iT(t,a,r));return c.width=c.right-c.left,c.height=c.bottom-c.top,c.x=c.left,c.y=c.top,c}function dR(t){var e=t.reference,n=t.element,r=t.placement,i=r?Oi(r):null,o=r?Wa(r):null,a=e.x+e.width/2-n.width/2,c=e.y+e.height/2-n.height/2,u;switch(i){case Qn:u={x:a,y:e.y-n.height};break;case yr:u={x:a,y:e.y+e.height};break;case Or:u={x:e.x+e.width,y:c};break;case tr:u={x:e.x-n.width,y:c};break;default:u={x:e.x,y:e.y}}var p=i?n_(i):null;if(p!=null){var d=p==="y"?"height":"width";switch(o){case Bo:u[p]=u[p]-(e[d]/2-n[d]/2);break;case Pa:u[p]=u[p]+(e[d]/2-n[d]/2);break}}return u}function Ua(t,e){e===void 0&&(e={});var n=e,r=n.placement,i=r===void 0?t.placement:r,o=n.strategy,a=o===void 0?t.strategy:o,c=n.boundary,u=c===void 0?KA:c,p=n.rootBoundary,d=p===void 0?Jm:p,_=n.elementContext,S=_===void 0?ma:_,R=n.altBoundary,T=R===void 0?!1:R,b=n.padding,N=b===void 0?0:b,C=aR(typeof N!="number"?N:lR(N,Qa)),D=S===ma?XA:ma,W=t.rects.popper,O=t.elements[T?D:S],G=b4(Do(O)?O:O.contextElement||Gs(t.elements.popper),u,d,a),M=Ha(t.elements.reference),z=dR({reference:M,element:W,placement:i}),tt=y0(Object.assign({},W,z)),Et=S===ma?tt:M,Ct={top:G.top-Et.top+C.top,bottom:Et.bottom-G.bottom+C.bottom,left:G.left-Et.left+C.left,right:Et.right-G.right+C.right},Tt=t.modifiersData.offset;if(S===ma&&Tt){var it=Tt[i];Object.keys(Ct).forEach(function(U){var q=[Or,yr].indexOf(U)>=0?1:-1,Z=[Qn,yr].indexOf(U)>=0?"y":"x";Ct[U]+=it[Z]*q})}return Ct}function y4(t,e){e===void 0&&(e={});var n=e,r=n.placement,i=n.boundary,o=n.rootBoundary,a=n.padding,c=n.flipVariations,u=n.allowedAutoPlacements,p=u===void 0?Zm:u,d=Wa(r),_=d?c?R0:R0.filter(function(T){return Wa(T)===d}):Qa,S=_.filter(function(T){return p.indexOf(T)>=0});S.length===0&&(S=_);var R=S.reduce(function(T,b){return T[b]=Ua(t,{placement:b,boundary:i,rootBoundary:o,padding:a})[Oi(b)],T},{});return Object.keys(R).sort(function(T,b){return R[T]-R[b]})}function O4(t){if(Oi(t)===Cf)return[];var e=vd(t);return[rT(t),e,rT(e)]}function L4(t){var e=t.state,n=t.options,r=t.name;if(!e.modifiersData[r]._skip){for(var i=n.mainAxis,o=i===void 0?!0:i,a=n.altAxis,c=a===void 0?!0:a,u=n.fallbackPlacements,p=n.padding,d=n.boundary,_=n.rootBoundary,S=n.altBoundary,R=n.flipVariations,T=R===void 0?!0:R,b=n.allowedAutoPlacements,N=e.options.placement,C=Oi(N),D=C===N,W=u||(D||!T?[vd(N)]:O4(N)),O=[N].concat(W).reduce(function(et,A){return et.concat(Oi(A)===Cf?y4(e,{placement:A,boundary:d,rootBoundary:_,padding:p,flipVariations:T,allowedAutoPlacements:b}):A)},[]),G=e.rects.reference,M=e.rects.popper,z=new Map,tt=!0,Et=O[0],Ct=0;Ct<O.length;Ct++){var Tt=O[Ct],it=Oi(Tt),U=Wa(Tt)===Bo,q=[Qn,yr].indexOf(it)>=0,Z=q?"width":"height",B=Ua(e,{placement:Tt,boundary:d,rootBoundary:_,altBoundary:S,padding:p}),j=q?U?Or:tr:U?yr:Qn;G[Z]>M[Z]&&(j=vd(j));var ct=vd(j),St=[];if(o&&St.push(B[it]<=0),c&&St.push(B[j]<=0,B[ct]<=0),St.every(function(et){return et})){Et=Tt,tt=!1;break}z.set(Tt,St)}if(tt)for(var Dt=T?3:1,dt=function(A){var I=O.find(function(L){var V=z.get(L);if(V)return V.slice(0,A).every(function(st){return st})});if(I)return Et=I,"break"},vt=Dt;vt>0;vt--){var ht=dt(vt);if(ht==="break")break}e.placement!==Et&&(e.modifiersData[r]._skip=!0,e.placement=Et,e.reset=!0)}}const fR={name:"flip",enabled:!0,phase:"main",fn:L4,requiresIfExists:["offset"],data:{_skip:!1}};function sT(t,e,n){return n===void 0&&(n={x:0,y:0}),{top:t.top-e.height-n.y,right:t.right-e.width+n.x,bottom:t.bottom-e.height+n.y,left:t.left-e.width-n.x}}function oT(t){return[Qn,Or,yr,tr].some(function(e){return t[e]>=0})}function C4(t){var e=t.state,n=t.name,r=e.rects.reference,i=e.rects.popper,o=e.modifiersData.preventOverflow,a=Ua(e,{elementContext:"reference"}),c=Ua(e,{altBoundary:!0}),u=sT(a,r),p=sT(c,i,o),d=oT(u),_=oT(p);e.modifiersData[n]={referenceClippingOffsets:u,popperEscapeOffsets:p,isReferenceHidden:d,hasPopperEscaped:_},e.attributes.popper=Object.assign({},e.attributes.popper,{"data-popper-reference-hidden":d,"data-popper-escaped":_})}const pR={name:"hide",enabled:!0,phase:"main",requiresIfExists:["preventOverflow"],fn:C4};function I4(t,e,n){var r=Oi(t),i=[tr,Qn].indexOf(r)>=0?-1:1,o=typeof n=="function"?n(Object.assign({},e,{placement:t})):n,a=o[0],c=o[1];return a=a||0,c=(c||0)*i,[tr,Or].indexOf(r)>=0?{x:c,y:a}:{x:a,y:c}}function N4(t){var e=t.state,n=t.options,r=t.name,i=n.offset,o=i===void 0?[0,0]:i,a=Zm.reduce(function(d,_){return d[_]=I4(_,e.rects,o),d},{}),c=a[e.placement],u=c.x,p=c.y;e.modifiersData.popperOffsets!=null&&(e.modifiersData.popperOffsets.x+=u,e.modifiersData.popperOffsets.y+=p),e.modifiersData[r]=a}const hR={name:"offset",enabled:!0,phase:"main",requires:["popperOffsets"],fn:N4};function x4(t){var e=t.state,n=t.name;e.modifiersData[n]=dR({reference:e.rects.reference,element:e.rects.popper,placement:e.placement})}const l_={name:"popperOffsets",enabled:!0,phase:"read",fn:x4,data:{}};function w4(t){return t==="x"?"y":"x"}function k4(t){var e=t.state,n=t.options,r=t.name,i=n.mainAxis,o=i===void 0?!0:i,a=n.altAxis,c=a===void 0?!1:a,u=n.boundary,p=n.rootBoundary,d=n.altBoundary,_=n.padding,S=n.tether,R=S===void 0?!0:S,T=n.tetherOffset,b=T===void 0?0:T,N=Ua(e,{boundary:u,rootBoundary:p,padding:_,altBoundary:d}),C=Oi(e.placement),D=Wa(e.placement),W=!D,O=n_(C),G=w4(O),M=e.modifiersData.popperOffsets,z=e.rects.reference,tt=e.rects.popper,Et=typeof b=="function"?b(Object.assign({},e.rects,{placement:e.placement})):b,Ct=typeof Et=="number"?{mainAxis:Et,altAxis:Et}:Object.assign({mainAxis:0,altAxis:0},Et),Tt=e.modifiersData.offset?e.modifiersData.offset[e.placement]:null,it={x:0,y:0};if(M){if(o){var U,q=O==="y"?Qn:tr,Z=O==="y"?yr:Or,B=O==="y"?"height":"width",j=M[O],ct=j+N[q],St=j-N[Z],Dt=R?-tt[B]/2:0,dt=D===Bo?z[B]:tt[B],vt=D===Bo?-tt[B]:-z[B],ht=e.elements.arrow,et=R&&ht?e_(ht):{width:0,height:0},A=e.modifiersData["arrow#persistent"]?e.modifiersData["arrow#persistent"].padding:oR(),I=A[q],L=A[Z],V=tc(0,z[B],et[B]),st=W?z[B]/2-Dt-V-I-Ct.mainAxis:dt-V-I-Ct.mainAxis,Ot=W?-z[B]/2+Dt+V+L+Ct.mainAxis:vt+V+L+Ct.mainAxis,Vt=e.elements.arrow&&Bc(e.elements.arrow),H=Vt?O==="y"?Vt.clientTop||0:Vt.clientLeft||0:0,K=(U=Tt?.[O])!=null?U:0,ot=j+st-K-H,Lt=j+Ot-K,At=tc(R?Gd(ct,ot):ct,j,R?Co(St,Lt):St);M[O]=At,it[O]=At-j}if(c){var mt,Ht=O==="x"?Qn:tr,rt=O==="x"?yr:Or,at=M[G],lt=G==="y"?"height":"width",zt=at+N[Ht],Bt=at-N[rt],$t=[Qn,tr].indexOf(C)!==-1,Jt=(mt=Tt?.[G])!=null?mt:0,se=$t?zt:at-z[lt]-tt[lt]-Jt+Ct.altAxis,ge=$t?at+z[lt]+tt[lt]-Jt-Ct.altAxis:Bt,me=R&&$t?u4(se,at,ge):tc(R?se:zt,at,R?ge:Bt);M[G]=me,it[G]=me-at}e.modifiersData[r]=it}}const mR={name:"preventOverflow",enabled:!0,phase:"main",fn:k4,requiresIfExists:["offset"]};function B4(t){return{scrollLeft:t.scrollLeft,scrollTop:t.scrollTop}}function D4(t){return t===Lr(t)||!$r(t)?s_(t):B4(t)}function P4(t){var e=t.getBoundingClientRect(),n=Ma(e.width)/t.offsetWidth||1,r=Ma(e.height)/t.offsetHeight||1;return n!==1||r!==1}function M4(t,e,n){n===void 0&&(n=!1);var r=$r(e),i=$r(e)&&P4(e),o=Gs(e),a=Ha(t,i,n),c={scrollLeft:0,scrollTop:0},u={x:0,y:0};return(r||!r&&!n)&&((wi(e)!=="body"||a_(o))&&(c=D4(e)),$r(e)?(u=Ha(e,!0),u.x+=e.clientLeft,u.y+=e.clientTop):o&&(u.x=o_(o))),{x:a.left+c.scrollLeft-u.x,y:a.top+c.scrollTop-u.y,width:a.width,height:a.height}}function H4(t){var e=new Map,n=new Set,r=[];t.forEach(function(o){e.set(o.name,o)});function i(o){n.add(o.name);var a=[].concat(o.requires||[],o.requiresIfExists||[]);a.forEach(function(c){if(!n.has(c)){var u=e.get(c);u&&i(u)}}),r.push(o)}return t.forEach(function(o){n.has(o.name)||i(o)}),r}function W4(t){var e=H4(t);return rR.reduce(function(n,r){return n.concat(e.filter(function(i){return i.phase===r}))},[])}function U4(t){var e;return function(){return e||(e=new Promise(function(n){Promise.resolve().then(function(){e=void 0,n(t())})})),e}}function $4(t){var e=t.reduce(function(n,r){var i=n[r.name];return n[r.name]=i?Object.assign({},i,r,{options:Object.assign({},i.options,r.options),data:Object.assign({},i.data,r.data)}):r,n},{});return Object.keys(e).map(function(n){return e[n]})}var aT={placement:"bottom",modifiers:[],strategy:"absolute"};function lT(){for(var t=arguments.length,e=new Array(t),n=0;n<t;n++)e[n]=arguments[n];return!e.some(function(r){return!(r&&typeof r.getBoundingClientRect=="function")})}function Nf(t){t===void 0&&(t={});var e=t,n=e.defaultModifiers,r=n===void 0?[]:n,i=e.defaultOptions,o=i===void 0?aT:i;return function(c,u,p){p===void 0&&(p=o);var d={placement:"bottom",orderedModifiers:[],options:Object.assign({},aT,o),modifiersData:{},elements:{reference:c,popper:u},attributes:{},styles:{}},_=[],S=!1,R={state:d,setOptions:function(C){var D=typeof C=="function"?C(d.options):C;b(),d.options=Object.assign({},o,d.options,D),d.scrollParents={reference:Do(c)?ec(c):c.contextElement?ec(c.contextElement):[],popper:ec(u)};var W=W4($4([].concat(r,d.options.modifiers)));return d.orderedModifiers=W.filter(function(O){return O.enabled}),T(),R.update()},forceUpdate:function(){if(!S){var C=d.elements,D=C.reference,W=C.popper;if(lT(D,W)){d.rects={reference:M4(D,Bc(W),d.options.strategy==="fixed"),popper:e_(W)},d.reset=!1,d.placement=d.options.placement,d.orderedModifiers.forEach(function(Ct){return d.modifiersData[Ct.name]=Object.assign({},Ct.data)});for(var O=0;O<d.orderedModifiers.length;O++){if(d.reset===!0){d.reset=!1,O=-1;continue}var G=d.orderedModifiers[O],M=G.fn,z=G.options,tt=z===void 0?{}:z,Et=G.name;typeof M=="function"&&(d=M({state:d,options:tt,name:Et,instance:R})||d)}}}},update:U4(function(){return new Promise(function(N){R.forceUpdate(),N(d)})}),destroy:function(){b(),S=!0}};if(!lT(c,u))return R;R.setOptions(p).then(function(N){!S&&p.onFirstUpdate&&p.onFirstUpdate(N)});function T(){d.orderedModifiers.forEach(function(N){var C=N.name,D=N.options,W=D===void 0?{}:D,O=N.effect;if(typeof O=="function"){var G=O({state:d,name:C,instance:R,options:W}),M=function(){};_.push(G||M)}})}function b(){_.forEach(function(N){return N()}),_=[]}return R}}var V4=Nf(),F4=[i_,l_,r_,t_],G4=Nf({defaultModifiers:F4}),z4=[i_,l_,r_,t_,hR,fR,mR,cR,pR],c_=Nf({defaultModifiers:z4});const _R=Object.freeze(Object.defineProperty({__proto__:null,afterMain:QA,afterRead:jA,afterWrite:nR,applyStyles:t_,arrow:cR,auto:Cf,basePlacements:Qa,beforeMain:JA,beforeRead:YA,beforeWrite:tR,bottom:yr,clippingParents:KA,computeStyles:r_,createPopper:c_,createPopperBase:V4,createPopperLite:G4,detectOverflow:Ua,end:Pa,eventListeners:i_,flip:fR,hide:pR,left:tr,main:ZA,modifierPhases:rR,offset:hR,placements:Zm,popper:ma,popperGenerator:Nf,popperOffsets:l_,preventOverflow:mR,read:qA,reference:XA,right:Or,start:Bo,top:Qn,variationPlacements:R0,viewport:Jm,write:eR},Symbol.toStringTag,{value:"Module"}));/*!
  * Bootstrap v5.3.8 (https://getbootstrap.com/)
  * Copyright 2011-2025 The Bootstrap Authors (https://github.com/twbs/bootstrap/graphs/contributors)
  * Licensed under MIT (https://github.com/twbs/bootstrap/blob/main/LICENSE)
  */const Is=new Map,yh={set(t,e,n){Is.has(t)||Is.set(t,new Map);const r=Is.get(t);if(!r.has(e)&&r.size!==0){console.error(`Bootstrap doesn't allow more than one instance per element. Bound instance: ${Array.from(r.keys())[0]}.`);return}r.set(e,n)},get(t,e){return Is.has(t)&&Is.get(t).get(e)||null},remove(t,e){if(!Is.has(t))return;const n=Is.get(t);n.delete(e),n.size===0&&Is.delete(t)}},K4=1e6,X4=1e3,O0="transitionend",ER=t=>(t&&window.CSS&&window.CSS.escape&&(t=t.replace(/#([^\s"#']+)/g,(e,n)=>`#${CSS.escape(n)}`)),t),Y4=t=>t==null?`${t}`:Object.prototype.toString.call(t).match(/\s([a-z]+)/i)[1].toLowerCase(),q4=t=>{do t+=Math.floor(Math.random()*K4);while(document.getElementById(t));return t},j4=t=>{if(!t)return 0;let{transitionDuration:e,transitionDelay:n}=window.getComputedStyle(t);const r=Number.parseFloat(e),i=Number.parseFloat(n);return!r&&!i?0:(e=e.split(",")[0],n=n.split(",")[0],(Number.parseFloat(e)+Number.parseFloat(n))*X4)},gR=t=>{t.dispatchEvent(new Event(O0))},ns=t=>!t||typeof t!="object"?!1:(typeof t.jquery<"u"&&(t=t[0]),typeof t.nodeType<"u"),Hs=t=>ns(t)?t.jquery?t[0]:t:typeof t=="string"&&t.length>0?document.querySelector(ER(t)):null,tl=t=>{if(!ns(t)||t.getClientRects().length===0)return!1;const e=getComputedStyle(t).getPropertyValue("visibility")==="visible",n=t.closest("details:not([open])");if(!n)return e;if(n!==t){const r=t.closest("summary");if(r&&r.parentNode!==n||r===null)return!1}return e},Ws=t=>!t||t.nodeType!==Node.ELEMENT_NODE||t.classList.contains("disabled")?!0:typeof t.disabled<"u"?t.disabled:t.hasAttribute("disabled")&&t.getAttribute("disabled")!=="false",TR=t=>{if(!document.documentElement.attachShadow)return null;if(typeof t.getRootNode=="function"){const e=t.getRootNode();return e instanceof ShadowRoot?e:null}return t instanceof ShadowRoot?t:t.parentNode?TR(t.parentNode):null},zd=()=>{},Dc=t=>{t.offsetHeight},vR=()=>window.jQuery&&!document.body.hasAttribute("data-bs-no-jquery")?window.jQuery:null,Oh=[],J4=t=>{document.readyState==="loading"?(Oh.length||document.addEventListener("DOMContentLoaded",()=>{for(const e of Oh)e()}),Oh.push(t)):t()},Gr=()=>document.documentElement.dir==="rtl",Yr=t=>{J4(()=>{const e=vR();if(e){const n=t.NAME,r=e.fn[n];e.fn[n]=t.jQueryInterface,e.fn[n].Constructor=t,e.fn[n].noConflict=()=>(e.fn[n]=r,t.jQueryInterface)}})},lr=(t,e=[],n=t)=>typeof t=="function"?t.call(...e):n,SR=(t,e,n=!0)=>{if(!n){lr(t);return}const i=j4(e)+5;let o=!1;const a=({target:c})=>{c===e&&(o=!0,e.removeEventListener(O0,a),lr(t))};e.addEventListener(O0,a),setTimeout(()=>{o||gR(e)},i)},u_=(t,e,n,r)=>{const i=t.length;let o=t.indexOf(e);return o===-1?!n&&r?t[i-1]:t[0]:(o+=n?1:-1,r&&(o=(o+i)%i),t[Math.max(0,Math.min(o,i-1))])},Z4=/[^.]*(?=\..*)\.|.*/,Q4=/\..*/,tB=/::\d+$/,Lh={};let cT=1;const AR={mouseenter:"mouseover",mouseleave:"mouseout"},eB=new Set(["click","dblclick","mouseup","mousedown","contextmenu","mousewheel","DOMMouseScroll","mouseover","mouseout","mousemove","selectstart","selectend","keydown","keypress","keyup","orientationchange","touchstart","touchmove","touchend","touchcancel","pointerdown","pointermove","pointerup","pointerleave","pointercancel","gesturestart","gesturechange","gestureend","focus","blur","change","reset","select","submit","focusin","focusout","load","unload","beforeunload","resize","move","DOMContentLoaded","readystatechange","error","abort","scroll"]);function RR(t,e){return e&&`${e}::${cT++}`||t.uidEvent||cT++}function bR(t){const e=RR(t);return t.uidEvent=e,Lh[e]=Lh[e]||{},Lh[e]}function nB(t,e){return function n(r){return d_(r,{delegateTarget:t}),n.oneOff&&xt.off(t,r.type,e),e.apply(t,[r])}}function rB(t,e,n){return function r(i){const o=t.querySelectorAll(e);for(let{target:a}=i;a&&a!==this;a=a.parentNode)for(const c of o)if(c===a)return d_(i,{delegateTarget:a}),r.oneOff&&xt.off(t,i.type,e,n),n.apply(a,[i])}}function yR(t,e,n=null){return Object.values(t).find(r=>r.callable===e&&r.delegationSelector===n)}function OR(t,e,n){const r=typeof e=="string",i=r?n:e||n;let o=LR(t);return eB.has(o)||(o=t),[r,i,o]}function uT(t,e,n,r,i){if(typeof e!="string"||!t)return;let[o,a,c]=OR(e,n,r);e in AR&&(a=(T=>function(b){if(!b.relatedTarget||b.relatedTarget!==b.delegateTarget&&!b.delegateTarget.contains(b.relatedTarget))return T.call(this,b)})(a));const u=bR(t),p=u[c]||(u[c]={}),d=yR(p,a,o?n:null);if(d){d.oneOff=d.oneOff&&i;return}const _=RR(a,e.replace(Z4,"")),S=o?rB(t,n,a):nB(t,a);S.delegationSelector=o?n:null,S.callable=a,S.oneOff=i,S.uidEvent=_,p[_]=S,t.addEventListener(c,S,o)}function L0(t,e,n,r,i){const o=yR(e[n],r,i);o&&(t.removeEventListener(n,o,!!i),delete e[n][o.uidEvent])}function iB(t,e,n,r){const i=e[n]||{};for(const[o,a]of Object.entries(i))o.includes(r)&&L0(t,e,n,a.callable,a.delegationSelector)}function LR(t){return t=t.replace(Q4,""),AR[t]||t}const xt={on(t,e,n,r){uT(t,e,n,r,!1)},one(t,e,n,r){uT(t,e,n,r,!0)},off(t,e,n,r){if(typeof e!="string"||!t)return;const[i,o,a]=OR(e,n,r),c=a!==e,u=bR(t),p=u[a]||{},d=e.startsWith(".");if(typeof o<"u"){if(!Object.keys(p).length)return;L0(t,u,a,o,i?n:null);return}if(d)for(const _ of Object.keys(u))iB(t,u,_,e.slice(1));for(const[_,S]of Object.entries(p)){const R=_.replace(tB,"");(!c||e.includes(R))&&L0(t,u,a,S.callable,S.delegationSelector)}},trigger(t,e,n){if(typeof e!="string"||!t)return null;const r=vR(),i=LR(e),o=e!==i;let a=null,c=!0,u=!0,p=!1;o&&r&&(a=r.Event(e,n),r(t).trigger(a),c=!a.isPropagationStopped(),u=!a.isImmediatePropagationStopped(),p=a.isDefaultPrevented());const d=d_(new Event(e,{bubbles:c,cancelable:!0}),n);return p&&d.preventDefault(),u&&t.dispatchEvent(d),d.defaultPrevented&&a&&a.preventDefault(),d}};function d_(t,e={}){for(const[n,r]of Object.entries(e))try{t[n]=r}catch{Object.defineProperty(t,n,{configurable:!0,get(){return r}})}return t}function dT(t){if(t==="true")return!0;if(t==="false")return!1;if(t===Number(t).toString())return Number(t);if(t===""||t==="null")return null;if(typeof t!="string")return t;try{return JSON.parse(decodeURIComponent(t))}catch{return t}}function Ch(t){return t.replace(/[A-Z]/g,e=>`-${e.toLowerCase()}`)}const rs={setDataAttribute(t,e,n){t.setAttribute(`data-bs-${Ch(e)}`,n)},removeDataAttribute(t,e){t.removeAttribute(`data-bs-${Ch(e)}`)},getDataAttributes(t){if(!t)return{};const e={},n=Object.keys(t.dataset).filter(r=>r.startsWith("bs")&&!r.startsWith("bsConfig"));for(const r of n){let i=r.replace(/^bs/,"");i=i.charAt(0).toLowerCase()+i.slice(1),e[i]=dT(t.dataset[r])}return e},getDataAttribute(t,e){return dT(t.getAttribute(`data-bs-${Ch(e)}`))}};class Pc{static get Default(){return{}}static get DefaultType(){return{}}static get NAME(){throw new Error('You have to implement the static method "NAME", for each component!')}_getConfig(e){return e=this._mergeConfigObj(e),e=this._configAfterMerge(e),this._typeCheckConfig(e),e}_configAfterMerge(e){return e}_mergeConfigObj(e,n){const r=ns(n)?rs.getDataAttribute(n,"config"):{};return{...this.constructor.Default,...typeof r=="object"?r:{},...ns(n)?rs.getDataAttributes(n):{},...typeof e=="object"?e:{}}}_typeCheckConfig(e,n=this.constructor.DefaultType){for(const[r,i]of Object.entries(n)){const o=e[r],a=ns(o)?"element":Y4(o);if(!new RegExp(i).test(a))throw new TypeError(`${this.constructor.NAME.toUpperCase()}: Option "${r}" provided type "${a}" but expected type "${i}".`)}}}const sB="5.3.8";class li extends Pc{constructor(e,n){super(),e=Hs(e),e&&(this._element=e,this._config=this._getConfig(n),yh.set(this._element,this.constructor.DATA_KEY,this))}dispose(){yh.remove(this._element,this.constructor.DATA_KEY),xt.off(this._element,this.constructor.EVENT_KEY);for(const e of Object.getOwnPropertyNames(this))this[e]=null}_queueCallback(e,n,r=!0){SR(e,n,r)}_getConfig(e){return e=this._mergeConfigObj(e,this._element),e=this._configAfterMerge(e),this._typeCheckConfig(e),e}static getInstance(e){return yh.get(Hs(e),this.DATA_KEY)}static getOrCreateInstance(e,n={}){return this.getInstance(e)||new this(e,typeof n=="object"?n:null)}static get VERSION(){return sB}static get DATA_KEY(){return`bs.${this.NAME}`}static get EVENT_KEY(){return`.${this.DATA_KEY}`}static eventName(e){return`${e}${this.EVENT_KEY}`}}const Ih=t=>{let e=t.getAttribute("data-bs-target");if(!e||e==="#"){let n=t.getAttribute("href");if(!n||!n.includes("#")&&!n.startsWith("."))return null;n.includes("#")&&!n.startsWith("#")&&(n=`#${n.split("#")[1]}`),e=n&&n!=="#"?n.trim():null}return e?e.split(",").map(n=>ER(n)).join(","):null},ie={find(t,e=document.documentElement){return[].concat(...Element.prototype.querySelectorAll.call(e,t))},findOne(t,e=document.documentElement){return Element.prototype.querySelector.call(e,t)},children(t,e){return[].concat(...t.children).filter(n=>n.matches(e))},parents(t,e){const n=[];let r=t.parentNode.closest(e);for(;r;)n.push(r),r=r.parentNode.closest(e);return n},prev(t,e){let n=t.previousElementSibling;for(;n;){if(n.matches(e))return[n];n=n.previousElementSibling}return[]},next(t,e){let n=t.nextElementSibling;for(;n;){if(n.matches(e))return[n];n=n.nextElementSibling}return[]},focusableChildren(t){const e=["a","button","input","textarea","select","details","[tabindex]",'[contenteditable="true"]'].map(n=>`${n}:not([tabindex^="-"])`).join(",");return this.find(e,t).filter(n=>!Ws(n)&&tl(n))},getSelectorFromElement(t){const e=Ih(t);return e&&ie.findOne(e)?e:null},getElementFromSelector(t){const e=Ih(t);return e?ie.findOne(e):null},getMultipleElementsFromSelector(t){const e=Ih(t);return e?ie.find(e):[]}},xf=(t,e="hide")=>{const n=`click.dismiss${t.EVENT_KEY}`,r=t.NAME;xt.on(document,n,`[data-bs-dismiss="${r}"]`,function(i){if(["A","AREA"].includes(this.tagName)&&i.preventDefault(),Ws(this))return;const o=ie.getElementFromSelector(this)||this.closest(`.${r}`);t.getOrCreateInstance(o)[e]()})},oB="alert",aB="bs.alert",CR=`.${aB}`,lB=`close${CR}`,cB=`closed${CR}`,uB="fade",dB="show";class wf extends li{static get NAME(){return oB}close(){if(xt.trigger(this._element,lB).defaultPrevented)return;this._element.classList.remove(dB);const n=this._element.classList.contains(uB);this._queueCallback(()=>this._destroyElement(),this._element,n)}_destroyElement(){this._element.remove(),xt.trigger(this._element,cB),this.dispose()}static jQueryInterface(e){return this.each(function(){const n=wf.getOrCreateInstance(this);if(typeof e=="string"){if(n[e]===void 0||e.startsWith("_")||e==="constructor")throw new TypeError(`No method named "${e}"`);n[e](this)}})}}xf(wf,"close");Yr(wf);const fB="button",pB="bs.button",hB=`.${pB}`,mB=".data-api",_B="active",fT='[data-bs-toggle="button"]',EB=`click${hB}${mB}`;class kf extends li{static get NAME(){return fB}toggle(){this._element.setAttribute("aria-pressed",this._element.classList.toggle(_B))}static jQueryInterface(e){return this.each(function(){const n=kf.getOrCreateInstance(this);e==="toggle"&&n[e]()})}}xt.on(document,EB,fT,t=>{t.preventDefault();const e=t.target.closest(fT);kf.getOrCreateInstance(e).toggle()});Yr(kf);const gB="swipe",el=".bs.swipe",TB=`touchstart${el}`,vB=`touchmove${el}`,SB=`touchend${el}`,AB=`pointerdown${el}`,RB=`pointerup${el}`,bB="touch",yB="pen",OB="pointer-event",LB=40,CB={endCallback:null,leftCallback:null,rightCallback:null},IB={endCallback:"(function|null)",leftCallback:"(function|null)",rightCallback:"(function|null)"};class Kd extends Pc{constructor(e,n){super(),this._element=e,!(!e||!Kd.isSupported())&&(this._config=this._getConfig(n),this._deltaX=0,this._supportPointerEvents=!!window.PointerEvent,this._initEvents())}static get Default(){return CB}static get DefaultType(){return IB}static get NAME(){return gB}dispose(){xt.off(this._element,el)}_start(e){if(!this._supportPointerEvents){this._deltaX=e.touches[0].clientX;return}this._eventIsPointerPenTouch(e)&&(this._deltaX=e.clientX)}_end(e){this._eventIsPointerPenTouch(e)&&(this._deltaX=e.clientX-this._deltaX),this._handleSwipe(),lr(this._config.endCallback)}_move(e){this._deltaX=e.touches&&e.touches.length>1?0:e.touches[0].clientX-this._deltaX}_handleSwipe(){const e=Math.abs(this._deltaX);if(e<=LB)return;const n=e/this._deltaX;this._deltaX=0,n&&lr(n>0?this._config.rightCallback:this._config.leftCallback)}_initEvents(){this._supportPointerEvents?(xt.on(this._element,AB,e=>this._start(e)),xt.on(this._element,RB,e=>this._end(e)),this._element.classList.add(OB)):(xt.on(this._element,TB,e=>this._start(e)),xt.on(this._element,vB,e=>this._move(e)),xt.on(this._element,SB,e=>this._end(e)))}_eventIsPointerPenTouch(e){return this._supportPointerEvents&&(e.pointerType===yB||e.pointerType===bB)}static isSupported(){return"ontouchstart"in document.documentElement||navigator.maxTouchPoints>0}}const NB="carousel",xB="bs.carousel",zs=`.${xB}`,IR=".data-api",wB="ArrowLeft",kB="ArrowRight",BB=500,Bl="next",fa="prev",_a="left",Sd="right",DB=`slide${zs}`,Nh=`slid${zs}`,PB=`keydown${zs}`,MB=`mouseenter${zs}`,HB=`mouseleave${zs}`,WB=`dragstart${zs}`,UB=`load${zs}${IR}`,$B=`click${zs}${IR}`,NR="carousel",Ku="active",VB="slide",FB="carousel-item-end",GB="carousel-item-start",zB="carousel-item-next",KB="carousel-item-prev",xR=".active",wR=".carousel-item",XB=xR+wR,YB=".carousel-item img",qB=".carousel-indicators",jB="[data-bs-slide], [data-bs-slide-to]",JB='[data-bs-ride="carousel"]',ZB={[wB]:Sd,[kB]:_a},QB={interval:5e3,keyboard:!0,pause:"hover",ride:!1,touch:!0,wrap:!0},tD={interval:"(number|boolean)",keyboard:"boolean",pause:"(string|boolean)",ride:"(boolean|string)",touch:"boolean",wrap:"boolean"};class Mc extends li{constructor(e,n){super(e,n),this._interval=null,this._activeElement=null,this._isSliding=!1,this.touchTimeout=null,this._swipeHelper=null,this._indicatorsElement=ie.findOne(qB,this._element),this._addEventListeners(),this._config.ride===NR&&this.cycle()}static get Default(){return QB}static get DefaultType(){return tD}static get NAME(){return NB}next(){this._slide(Bl)}nextWhenVisible(){!document.hidden&&tl(this._element)&&this.next()}prev(){this._slide(fa)}pause(){this._isSliding&&gR(this._element),this._clearInterval()}cycle(){this._clearInterval(),this._updateInterval(),this._interval=setInterval(()=>this.nextWhenVisible(),this._config.interval)}_maybeEnableCycle(){if(this._config.ride){if(this._isSliding){xt.one(this._element,Nh,()=>this.cycle());return}this.cycle()}}to(e){const n=this._getItems();if(e>n.length-1||e<0)return;if(this._isSliding){xt.one(this._element,Nh,()=>this.to(e));return}const r=this._getItemIndex(this._getActive());if(r===e)return;const i=e>r?Bl:fa;this._slide(i,n[e])}dispose(){this._swipeHelper&&this._swipeHelper.dispose(),super.dispose()}_configAfterMerge(e){return e.defaultInterval=e.interval,e}_addEventListeners(){this._config.keyboard&&xt.on(this._element,PB,e=>this._keydown(e)),this._config.pause==="hover"&&(xt.on(this._element,MB,()=>this.pause()),xt.on(this._element,HB,()=>this._maybeEnableCycle())),this._config.touch&&Kd.isSupported()&&this._addTouchEventListeners()}_addTouchEventListeners(){for(const r of ie.find(YB,this._element))xt.on(r,WB,i=>i.preventDefault());const n={leftCallback:()=>this._slide(this._directionToOrder(_a)),rightCallback:()=>this._slide(this._directionToOrder(Sd)),endCallback:()=>{this._config.pause==="hover"&&(this.pause(),this.touchTimeout&&clearTimeout(this.touchTimeout),this.touchTimeout=setTimeout(()=>this._maybeEnableCycle(),BB+this._config.interval))}};this._swipeHelper=new Kd(this._element,n)}_keydown(e){if(/input|textarea/i.test(e.target.tagName))return;const n=ZB[e.key];n&&(e.preventDefault(),this._slide(this._directionToOrder(n)))}_getItemIndex(e){return this._getItems().indexOf(e)}_setActiveIndicatorElement(e){if(!this._indicatorsElement)return;const n=ie.findOne(xR,this._indicatorsElement);n.classList.remove(Ku),n.removeAttribute("aria-current");const r=ie.findOne(`[data-bs-slide-to="${e}"]`,this._indicatorsElement);r&&(r.classList.add(Ku),r.setAttribute("aria-current","true"))}_updateInterval(){const e=this._activeElement||this._getActive();if(!e)return;const n=Number.parseInt(e.getAttribute("data-bs-interval"),10);this._config.interval=n||this._config.defaultInterval}_slide(e,n=null){if(this._isSliding)return;const r=this._getActive(),i=e===Bl,o=n||u_(this._getItems(),r,i,this._config.wrap);if(o===r)return;const a=this._getItemIndex(o),c=R=>xt.trigger(this._element,R,{relatedTarget:o,direction:this._orderToDirection(e),from:this._getItemIndex(r),to:a});if(c(DB).defaultPrevented||!r||!o)return;const p=!!this._interval;this.pause(),this._isSliding=!0,this._setActiveIndicatorElement(a),this._activeElement=o;const d=i?GB:FB,_=i?zB:KB;o.classList.add(_),Dc(o),r.classList.add(d),o.classList.add(d);const S=()=>{o.classList.remove(d,_),o.classList.add(Ku),r.classList.remove(Ku,_,d),this._isSliding=!1,c(Nh)};this._queueCallback(S,r,this._isAnimated()),p&&this.cycle()}_isAnimated(){return this._element.classList.contains(VB)}_getActive(){return ie.findOne(XB,this._element)}_getItems(){return ie.find(wR,this._element)}_clearInterval(){this._interval&&(clearInterval(this._interval),this._interval=null)}_directionToOrder(e){return Gr()?e===_a?fa:Bl:e===_a?Bl:fa}_orderToDirection(e){return Gr()?e===fa?_a:Sd:e===fa?Sd:_a}static jQueryInterface(e){return this.each(function(){const n=Mc.getOrCreateInstance(this,e);if(typeof e=="number"){n.to(e);return}if(typeof e=="string"){if(n[e]===void 0||e.startsWith("_")||e==="constructor")throw new TypeError(`No method named "${e}"`);n[e]()}})}}xt.on(document,$B,jB,function(t){const e=ie.getElementFromSelector(this);if(!e||!e.classList.contains(NR))return;t.preventDefault();const n=Mc.getOrCreateInstance(e),r=this.getAttribute("data-bs-slide-to");if(r){n.to(r),n._maybeEnableCycle();return}if(rs.getDataAttribute(this,"slide")==="next"){n.next(),n._maybeEnableCycle();return}n.prev(),n._maybeEnableCycle()});xt.on(window,UB,()=>{const t=ie.find(JB);for(const e of t)Mc.getOrCreateInstance(e)});Yr(Mc);const eD="collapse",nD="bs.collapse",Hc=`.${nD}`,rD=".data-api",iD=`show${Hc}`,sD=`shown${Hc}`,oD=`hide${Hc}`,aD=`hidden${Hc}`,lD=`click${Hc}${rD}`,xh="show",Ta="collapse",Xu="collapsing",cD="collapsed",uD=`:scope .${Ta} .${Ta}`,dD="collapse-horizontal",fD="width",pD="height",hD=".collapse.show, .collapse.collapsing",C0='[data-bs-toggle="collapse"]',mD={parent:null,toggle:!0},_D={parent:"(null|element)",toggle:"boolean"};class hc extends li{constructor(e,n){super(e,n),this._isTransitioning=!1,this._triggerArray=[];const r=ie.find(C0);for(const i of r){const o=ie.getSelectorFromElement(i),a=ie.find(o).filter(c=>c===this._element);o!==null&&a.length&&this._triggerArray.push(i)}this._initializeChildren(),this._config.parent||this._addAriaAndCollapsedClass(this._triggerArray,this._isShown()),this._config.toggle&&this.toggle()}static get Default(){return mD}static get DefaultType(){return _D}static get NAME(){return eD}toggle(){this._isShown()?this.hide():this.show()}show(){if(this._isTransitioning||this._isShown())return;let e=[];if(this._config.parent&&(e=this._getFirstLevelChildren(hD).filter(c=>c!==this._element).map(c=>hc.getOrCreateInstance(c,{toggle:!1}))),e.length&&e[0]._isTransitioning||xt.trigger(this._element,iD).defaultPrevented)return;for(const c of e)c.hide();const r=this._getDimension();this._element.classList.remove(Ta),this._element.classList.add(Xu),this._element.style[r]=0,this._addAriaAndCollapsedClass(this._triggerArray,!0),this._isTransitioning=!0;const i=()=>{this._isTransitioning=!1,this._element.classList.remove(Xu),this._element.classList.add(Ta,xh),this._element.style[r]="",xt.trigger(this._element,sD)},a=`scroll${r[0].toUpperCase()+r.slice(1)}`;this._queueCallback(i,this._element,!0),this._element.style[r]=`${this._element[a]}px`}hide(){if(this._isTransitioning||!this._isShown()||xt.trigger(this._element,oD).defaultPrevented)return;const n=this._getDimension();this._element.style[n]=`${this._element.getBoundingClientRect()[n]}px`,Dc(this._element),this._element.classList.add(Xu),this._element.classList.remove(Ta,xh);for(const i of this._triggerArray){const o=ie.getElementFromSelector(i);o&&!this._isShown(o)&&this._addAriaAndCollapsedClass([i],!1)}this._isTransitioning=!0;const r=()=>{this._isTransitioning=!1,this._element.classList.remove(Xu),this._element.classList.add(Ta),xt.trigger(this._element,aD)};this._element.style[n]="",this._queueCallback(r,this._element,!0)}_isShown(e=this._element){return e.classList.contains(xh)}_configAfterMerge(e){return e.toggle=!!e.toggle,e.parent=Hs(e.parent),e}_getDimension(){return this._element.classList.contains(dD)?fD:pD}_initializeChildren(){if(!this._config.parent)return;const e=this._getFirstLevelChildren(C0);for(const n of e){const r=ie.getElementFromSelector(n);r&&this._addAriaAndCollapsedClass([n],this._isShown(r))}}_getFirstLevelChildren(e){const n=ie.find(uD,this._config.parent);return ie.find(e,this._config.parent).filter(r=>!n.includes(r))}_addAriaAndCollapsedClass(e,n){if(e.length)for(const r of e)r.classList.toggle(cD,!n),r.setAttribute("aria-expanded",n)}static jQueryInterface(e){const n={};return typeof e=="string"&&/show|hide/.test(e)&&(n.toggle=!1),this.each(function(){const r=hc.getOrCreateInstance(this,n);if(typeof e=="string"){if(typeof r[e]>"u")throw new TypeError(`No method named "${e}"`);r[e]()}})}}xt.on(document,lD,C0,function(t){(t.target.tagName==="A"||t.delegateTarget&&t.delegateTarget.tagName==="A")&&t.preventDefault();for(const e of ie.getMultipleElementsFromSelector(this))hc.getOrCreateInstance(e,{toggle:!1}).toggle()});Yr(hc);const pT="dropdown",ED="bs.dropdown",Go=`.${ED}`,f_=".data-api",gD="Escape",hT="Tab",TD="ArrowUp",mT="ArrowDown",vD=2,SD=`hide${Go}`,AD=`hidden${Go}`,RD=`show${Go}`,bD=`shown${Go}`,kR=`click${Go}${f_}`,BR=`keydown${Go}${f_}`,yD=`keyup${Go}${f_}`,Ea="show",OD="dropup",LD="dropend",CD="dropstart",ID="dropup-center",ND="dropdown-center",So='[data-bs-toggle="dropdown"]:not(.disabled):not(:disabled)',xD=`${So}.${Ea}`,Ad=".dropdown-menu",wD=".navbar",kD=".navbar-nav",BD=".dropdown-menu .dropdown-item:not(.disabled):not(:disabled)",DD=Gr()?"top-end":"top-start",PD=Gr()?"top-start":"top-end",MD=Gr()?"bottom-end":"bottom-start",HD=Gr()?"bottom-start":"bottom-end",WD=Gr()?"left-start":"right-start",UD=Gr()?"right-start":"left-start",$D="top",VD="bottom",FD={autoClose:!0,boundary:"clippingParents",display:"dynamic",offset:[0,2],popperConfig:null,reference:"toggle"},GD={autoClose:"(boolean|string)",boundary:"(string|element)",display:"string",offset:"(array|string|function)",popperConfig:"(null|object|function)",reference:"(string|element|object)"};class Li extends li{constructor(e,n){super(e,n),this._popper=null,this._parent=this._element.parentNode,this._menu=ie.next(this._element,Ad)[0]||ie.prev(this._element,Ad)[0]||ie.findOne(Ad,this._parent),this._inNavbar=this._detectNavbar()}static get Default(){return FD}static get DefaultType(){return GD}static get NAME(){return pT}toggle(){return this._isShown()?this.hide():this.show()}show(){if(Ws(this._element)||this._isShown())return;const e={relatedTarget:this._element};if(!xt.trigger(this._element,RD,e).defaultPrevented){if(this._createPopper(),"ontouchstart"in document.documentElement&&!this._parent.closest(kD))for(const r of[].concat(...document.body.children))xt.on(r,"mouseover",zd);this._element.focus(),this._element.setAttribute("aria-expanded",!0),this._menu.classList.add(Ea),this._element.classList.add(Ea),xt.trigger(this._element,bD,e)}}hide(){if(Ws(this._element)||!this._isShown())return;const e={relatedTarget:this._element};this._completeHide(e)}dispose(){this._popper&&this._popper.destroy(),super.dispose()}update(){this._inNavbar=this._detectNavbar(),this._popper&&this._popper.update()}_completeHide(e){if(!xt.trigger(this._element,SD,e).defaultPrevented){if("ontouchstart"in document.documentElement)for(const r of[].concat(...document.body.children))xt.off(r,"mouseover",zd);this._popper&&this._popper.destroy(),this._menu.classList.remove(Ea),this._element.classList.remove(Ea),this._element.setAttribute("aria-expanded","false"),rs.removeDataAttribute(this._menu,"popper"),xt.trigger(this._element,AD,e)}}_getConfig(e){if(e=super._getConfig(e),typeof e.reference=="object"&&!ns(e.reference)&&typeof e.reference.getBoundingClientRect!="function")throw new TypeError(`${pT.toUpperCase()}: Option "reference" provided type "object" without a required "getBoundingClientRect" method.`);return e}_createPopper(){if(typeof _R>"u")throw new TypeError("Bootstrap's dropdowns require Popper (https://popper.js.org/docs/v2/)");let e=this._element;this._config.reference==="parent"?e=this._parent:ns(this._config.reference)?e=Hs(this._config.reference):typeof this._config.reference=="object"&&(e=this._config.reference);const n=this._getPopperConfig();this._popper=c_(e,this._menu,n)}_isShown(){return this._menu.classList.contains(Ea)}_getPlacement(){const e=this._parent;if(e.classList.contains(LD))return WD;if(e.classList.contains(CD))return UD;if(e.classList.contains(ID))return $D;if(e.classList.contains(ND))return VD;const n=getComputedStyle(this._menu).getPropertyValue("--bs-position").trim()==="end";return e.classList.contains(OD)?n?PD:DD:n?HD:MD}_detectNavbar(){return this._element.closest(wD)!==null}_getOffset(){const{offset:e}=this._config;return typeof e=="string"?e.split(",").map(n=>Number.parseInt(n,10)):typeof e=="function"?n=>e(n,this._element):e}_getPopperConfig(){const e={placement:this._getPlacement(),modifiers:[{name:"preventOverflow",options:{boundary:this._config.boundary}},{name:"offset",options:{offset:this._getOffset()}}]};return(this._inNavbar||this._config.display==="static")&&(rs.setDataAttribute(this._menu,"popper","static"),e.modifiers=[{name:"applyStyles",enabled:!1}]),{...e,...lr(this._config.popperConfig,[void 0,e])}}_selectMenuItem({key:e,target:n}){const r=ie.find(BD,this._menu).filter(i=>tl(i));r.length&&u_(r,n,e===mT,!r.includes(n)).focus()}static jQueryInterface(e){return this.each(function(){const n=Li.getOrCreateInstance(this,e);if(typeof e=="string"){if(typeof n[e]>"u")throw new TypeError(`No method named "${e}"`);n[e]()}})}static clearMenus(e){if(e.button===vD||e.type==="keyup"&&e.key!==hT)return;const n=ie.find(xD);for(const r of n){const i=Li.getInstance(r);if(!i||i._config.autoClose===!1)continue;const o=e.composedPath(),a=o.includes(i._menu);if(o.includes(i._element)||i._config.autoClose==="inside"&&!a||i._config.autoClose==="outside"&&a||i._menu.contains(e.target)&&(e.type==="keyup"&&e.key===hT||/input|select|option|textarea|form/i.test(e.target.tagName)))continue;const c={relatedTarget:i._element};e.type==="click"&&(c.clickEvent=e),i._completeHide(c)}}static dataApiKeydownHandler(e){const n=/input|textarea/i.test(e.target.tagName),r=e.key===gD,i=[TD,mT].includes(e.key);if(!i&&!r||n&&!r)return;e.preventDefault();const o=this.matches(So)?this:ie.prev(this,So)[0]||ie.next(this,So)[0]||ie.findOne(So,e.delegateTarget.parentNode),a=Li.getOrCreateInstance(o);if(i){e.stopPropagation(),a.show(),a._selectMenuItem(e);return}a._isShown()&&(e.stopPropagation(),a.hide(),o.focus())}}xt.on(document,BR,So,Li.dataApiKeydownHandler);xt.on(document,BR,Ad,Li.dataApiKeydownHandler);xt.on(document,kR,Li.clearMenus);xt.on(document,yD,Li.clearMenus);xt.on(document,kR,So,function(t){t.preventDefault(),Li.getOrCreateInstance(this).toggle()});Yr(Li);const DR="backdrop",zD="fade",_T="show",ET=`mousedown.bs.${DR}`,KD={className:"modal-backdrop",clickCallback:null,isAnimated:!1,isVisible:!0,rootElement:"body"},XD={className:"string",clickCallback:"(function|null)",isAnimated:"boolean",isVisible:"boolean",rootElement:"(element|string)"};class PR extends Pc{constructor(e){super(),this._config=this._getConfig(e),this._isAppended=!1,this._element=null}static get Default(){return KD}static get DefaultType(){return XD}static get NAME(){return DR}show(e){if(!this._config.isVisible){lr(e);return}this._append();const n=this._getElement();this._config.isAnimated&&Dc(n),n.classList.add(_T),this._emulateAnimation(()=>{lr(e)})}hide(e){if(!this._config.isVisible){lr(e);return}this._getElement().classList.remove(_T),this._emulateAnimation(()=>{this.dispose(),lr(e)})}dispose(){this._isAppended&&(xt.off(this._element,ET),this._element.remove(),this._isAppended=!1)}_getElement(){if(!this._element){const e=document.createElement("div");e.className=this._config.className,this._config.isAnimated&&e.classList.add(zD),this._element=e}return this._element}_configAfterMerge(e){return e.rootElement=Hs(e.rootElement),e}_append(){if(this._isAppended)return;const e=this._getElement();this._config.rootElement.append(e),xt.on(e,ET,()=>{lr(this._config.clickCallback)}),this._isAppended=!0}_emulateAnimation(e){SR(e,this._getElement(),this._config.isAnimated)}}const YD="focustrap",qD="bs.focustrap",Xd=`.${qD}`,jD=`focusin${Xd}`,JD=`keydown.tab${Xd}`,ZD="Tab",QD="forward",gT="backward",tP={autofocus:!0,trapElement:null},eP={autofocus:"boolean",trapElement:"element"};class MR extends Pc{constructor(e){super(),this._config=this._getConfig(e),this._isActive=!1,this._lastTabNavDirection=null}static get Default(){return tP}static get DefaultType(){return eP}static get NAME(){return YD}activate(){this._isActive||(this._config.autofocus&&this._config.trapElement.focus(),xt.off(document,Xd),xt.on(document,jD,e=>this._handleFocusin(e)),xt.on(document,JD,e=>this._handleKeydown(e)),this._isActive=!0)}deactivate(){this._isActive&&(this._isActive=!1,xt.off(document,Xd))}_handleFocusin(e){const{trapElement:n}=this._config;if(e.target===document||e.target===n||n.contains(e.target))return;const r=ie.focusableChildren(n);r.length===0?n.focus():this._lastTabNavDirection===gT?r[r.length-1].focus():r[0].focus()}_handleKeydown(e){e.key===ZD&&(this._lastTabNavDirection=e.shiftKey?gT:QD)}}const TT=".fixed-top, .fixed-bottom, .is-fixed, .sticky-top",vT=".sticky-top",Yu="padding-right",ST="margin-right";class I0{constructor(){this._element=document.body}getWidth(){const e=document.documentElement.clientWidth;return Math.abs(window.innerWidth-e)}hide(){const e=this.getWidth();this._disableOverFlow(),this._setElementAttributes(this._element,Yu,n=>n+e),this._setElementAttributes(TT,Yu,n=>n+e),this._setElementAttributes(vT,ST,n=>n-e)}reset(){this._resetElementAttributes(this._element,"overflow"),this._resetElementAttributes(this._element,Yu),this._resetElementAttributes(TT,Yu),this._resetElementAttributes(vT,ST)}isOverflowing(){return this.getWidth()>0}_disableOverFlow(){this._saveInitialAttribute(this._element,"overflow"),this._element.style.overflow="hidden"}_setElementAttributes(e,n,r){const i=this.getWidth(),o=a=>{if(a!==this._element&&window.innerWidth>a.clientWidth+i)return;this._saveInitialAttribute(a,n);const c=window.getComputedStyle(a).getPropertyValue(n);a.style.setProperty(n,`${r(Number.parseFloat(c))}px`)};this._applyManipulationCallback(e,o)}_saveInitialAttribute(e,n){const r=e.style.getPropertyValue(n);r&&rs.setDataAttribute(e,n,r)}_resetElementAttributes(e,n){const r=i=>{const o=rs.getDataAttribute(i,n);if(o===null){i.style.removeProperty(n);return}rs.removeDataAttribute(i,n),i.style.setProperty(n,o)};this._applyManipulationCallback(e,r)}_applyManipulationCallback(e,n){if(ns(e)){n(e);return}for(const r of ie.find(e,this._element))n(r)}}const nP="modal",rP="bs.modal",zr=`.${rP}`,iP=".data-api",sP="Escape",oP=`hide${zr}`,aP=`hidePrevented${zr}`,HR=`hidden${zr}`,WR=`show${zr}`,lP=`shown${zr}`,cP=`resize${zr}`,uP=`click.dismiss${zr}`,dP=`mousedown.dismiss${zr}`,fP=`keydown.dismiss${zr}`,pP=`click${zr}${iP}`,AT="modal-open",hP="fade",RT="show",wh="modal-static",mP=".modal.show",_P=".modal-dialog",EP=".modal-body",gP='[data-bs-toggle="modal"]',TP={backdrop:!0,focus:!0,keyboard:!0},vP={backdrop:"(boolean|string)",focus:"boolean",keyboard:"boolean"};class $a extends li{constructor(e,n){super(e,n),this._dialog=ie.findOne(_P,this._element),this._backdrop=this._initializeBackDrop(),this._focustrap=this._initializeFocusTrap(),this._isShown=!1,this._isTransitioning=!1,this._scrollBar=new I0,this._addEventListeners()}static get Default(){return TP}static get DefaultType(){return vP}static get NAME(){return nP}toggle(e){return this._isShown?this.hide():this.show(e)}show(e){this._isShown||this._isTransitioning||xt.trigger(this._element,WR,{relatedTarget:e}).defaultPrevented||(this._isShown=!0,this._isTransitioning=!0,this._scrollBar.hide(),document.body.classList.add(AT),this._adjustDialog(),this._backdrop.show(()=>this._showElement(e)))}hide(){!this._isShown||this._isTransitioning||xt.trigger(this._element,oP).defaultPrevented||(this._isShown=!1,this._isTransitioning=!0,this._focustrap.deactivate(),this._element.classList.remove(RT),this._queueCallback(()=>this._hideModal(),this._element,this._isAnimated()))}dispose(){xt.off(window,zr),xt.off(this._dialog,zr),this._backdrop.dispose(),this._focustrap.deactivate(),super.dispose()}handleUpdate(){this._adjustDialog()}_initializeBackDrop(){return new PR({isVisible:!!this._config.backdrop,isAnimated:this._isAnimated()})}_initializeFocusTrap(){return new MR({trapElement:this._element})}_showElement(e){document.body.contains(this._element)||document.body.append(this._element),this._element.style.display="block",this._element.removeAttribute("aria-hidden"),this._element.setAttribute("aria-modal",!0),this._element.setAttribute("role","dialog"),this._element.scrollTop=0;const n=ie.findOne(EP,this._dialog);n&&(n.scrollTop=0),Dc(this._element),this._element.classList.add(RT);const r=()=>{this._config.focus&&this._focustrap.activate(),this._isTransitioning=!1,xt.trigger(this._element,lP,{relatedTarget:e})};this._queueCallback(r,this._dialog,this._isAnimated())}_addEventListeners(){xt.on(this._element,fP,e=>{if(e.key===sP){if(this._config.keyboard){this.hide();return}this._triggerBackdropTransition()}}),xt.on(window,cP,()=>{this._isShown&&!this._isTransitioning&&this._adjustDialog()}),xt.on(this._element,dP,e=>{xt.one(this._element,uP,n=>{if(!(this._element!==e.target||this._element!==n.target)){if(this._config.backdrop==="static"){this._triggerBackdropTransition();return}this._config.backdrop&&this.hide()}})})}_hideModal(){this._element.style.display="none",this._element.setAttribute("aria-hidden",!0),this._element.removeAttribute("aria-modal"),this._element.removeAttribute("role"),this._isTransitioning=!1,this._backdrop.hide(()=>{document.body.classList.remove(AT),this._resetAdjustments(),this._scrollBar.reset(),xt.trigger(this._element,HR)})}_isAnimated(){return this._element.classList.contains(hP)}_triggerBackdropTransition(){if(xt.trigger(this._element,aP).defaultPrevented)return;const n=this._element.scrollHeight>document.documentElement.clientHeight,r=this._element.style.overflowY;r==="hidden"||this._element.classList.contains(wh)||(n||(this._element.style.overflowY="hidden"),this._element.classList.add(wh),this._queueCallback(()=>{this._element.classList.remove(wh),this._queueCallback(()=>{this._element.style.overflowY=r},this._dialog)},this._dialog),this._element.focus())}_adjustDialog(){const e=this._element.scrollHeight>document.documentElement.clientHeight,n=this._scrollBar.getWidth(),r=n>0;if(r&&!e){const i=Gr()?"paddingLeft":"paddingRight";this._element.style[i]=`${n}px`}if(!r&&e){const i=Gr()?"paddingRight":"paddingLeft";this._element.style[i]=`${n}px`}}_resetAdjustments(){this._element.style.paddingLeft="",this._element.style.paddingRight=""}static jQueryInterface(e,n){return this.each(function(){const r=$a.getOrCreateInstance(this,e);if(typeof e=="string"){if(typeof r[e]>"u")throw new TypeError(`No method named "${e}"`);r[e](n)}})}}xt.on(document,pP,gP,function(t){const e=ie.getElementFromSelector(this);["A","AREA"].includes(this.tagName)&&t.preventDefault(),xt.one(e,WR,i=>{i.defaultPrevented||xt.one(e,HR,()=>{tl(this)&&this.focus()})});const n=ie.findOne(mP);n&&$a.getInstance(n).hide(),$a.getOrCreateInstance(e).toggle(this)});xf($a);Yr($a);const SP="offcanvas",AP="bs.offcanvas",_s=`.${AP}`,UR=".data-api",RP=`load${_s}${UR}`,bP="Escape",bT="show",yT="showing",OT="hiding",yP="offcanvas-backdrop",$R=".offcanvas.show",OP=`show${_s}`,LP=`shown${_s}`,CP=`hide${_s}`,LT=`hidePrevented${_s}`,VR=`hidden${_s}`,IP=`resize${_s}`,NP=`click${_s}${UR}`,xP=`keydown.dismiss${_s}`,wP='[data-bs-toggle="offcanvas"]',kP={backdrop:!0,keyboard:!0,scroll:!1},BP={backdrop:"(boolean|string)",keyboard:"boolean",scroll:"boolean"};class Us extends li{constructor(e,n){super(e,n),this._isShown=!1,this._backdrop=this._initializeBackDrop(),this._focustrap=this._initializeFocusTrap(),this._addEventListeners()}static get Default(){return kP}static get DefaultType(){return BP}static get NAME(){return SP}toggle(e){return this._isShown?this.hide():this.show(e)}show(e){if(this._isShown||xt.trigger(this._element,OP,{relatedTarget:e}).defaultPrevented)return;this._isShown=!0,this._backdrop.show(),this._config.scroll||new I0().hide(),this._element.setAttribute("aria-modal",!0),this._element.setAttribute("role","dialog"),this._element.classList.add(yT);const r=()=>{(!this._config.scroll||this._config.backdrop)&&this._focustrap.activate(),this._element.classList.add(bT),this._element.classList.remove(yT),xt.trigger(this._element,LP,{relatedTarget:e})};this._queueCallback(r,this._element,!0)}hide(){if(!this._isShown||xt.trigger(this._element,CP).defaultPrevented)return;this._focustrap.deactivate(),this._element.blur(),this._isShown=!1,this._element.classList.add(OT),this._backdrop.hide();const n=()=>{this._element.classList.remove(bT,OT),this._element.removeAttribute("aria-modal"),this._element.removeAttribute("role"),this._config.scroll||new I0().reset(),xt.trigger(this._element,VR)};this._queueCallback(n,this._element,!0)}dispose(){this._backdrop.dispose(),this._focustrap.deactivate(),super.dispose()}_initializeBackDrop(){const e=()=>{if(this._config.backdrop==="static"){xt.trigger(this._element,LT);return}this.hide()},n=!!this._config.backdrop;return new PR({className:yP,isVisible:n,isAnimated:!0,rootElement:this._element.parentNode,clickCallback:n?e:null})}_initializeFocusTrap(){return new MR({trapElement:this._element})}_addEventListeners(){xt.on(this._element,xP,e=>{if(e.key===bP){if(this._config.keyboard){this.hide();return}xt.trigger(this._element,LT)}})}static jQueryInterface(e){return this.each(function(){const n=Us.getOrCreateInstance(this,e);if(typeof e=="string"){if(n[e]===void 0||e.startsWith("_")||e==="constructor")throw new TypeError(`No method named "${e}"`);n[e](this)}})}}xt.on(document,NP,wP,function(t){const e=ie.getElementFromSelector(this);if(["A","AREA"].includes(this.tagName)&&t.preventDefault(),Ws(this))return;xt.one(e,VR,()=>{tl(this)&&this.focus()});const n=ie.findOne($R);n&&n!==e&&Us.getInstance(n).hide(),Us.getOrCreateInstance(e).toggle(this)});xt.on(window,RP,()=>{for(const t of ie.find($R))Us.getOrCreateInstance(t).show()});xt.on(window,IP,()=>{for(const t of ie.find("[aria-modal][class*=show][class*=offcanvas-]"))getComputedStyle(t).position!=="fixed"&&Us.getOrCreateInstance(t).hide()});xf(Us);Yr(Us);const DP=/^aria-[\w-]*$/i,FR={"*":["class","dir","id","lang","role",DP],a:["target","href","title","rel"],area:[],b:[],br:[],col:[],code:[],dd:[],div:[],dl:[],dt:[],em:[],hr:[],h1:[],h2:[],h3:[],h4:[],h5:[],h6:[],i:[],img:["src","srcset","alt","title","width","height"],li:[],ol:[],p:[],pre:[],s:[],small:[],span:[],sub:[],sup:[],strong:[],u:[],ul:[]},PP=new Set(["background","cite","href","itemtype","longdesc","poster","src","xlink:href"]),MP=/^(?!javascript:)(?:[a-z0-9+.-]+:|[^&:/?#]*(?:[/?#]|$))/i,HP=(t,e)=>{const n=t.nodeName.toLowerCase();return e.includes(n)?PP.has(n)?!!MP.test(t.nodeValue):!0:e.filter(r=>r instanceof RegExp).some(r=>r.test(n))};function WP(t,e,n){if(!t.length)return t;if(n&&typeof n=="function")return n(t);const i=new window.DOMParser().parseFromString(t,"text/html"),o=[].concat(...i.body.querySelectorAll("*"));for(const a of o){const c=a.nodeName.toLowerCase();if(!Object.keys(e).includes(c)){a.remove();continue}const u=[].concat(...a.attributes),p=[].concat(e["*"]||[],e[c]||[]);for(const d of u)HP(d,p)||a.removeAttribute(d.nodeName)}return i.body.innerHTML}const UP="TemplateFactory",$P={allowList:FR,content:{},extraClass:"",html:!1,sanitize:!0,sanitizeFn:null,template:"<div></div>"},VP={allowList:"object",content:"object",extraClass:"(string|function)",html:"boolean",sanitize:"boolean",sanitizeFn:"(null|function)",template:"string"},FP={entry:"(string|element|function|null)",selector:"(string|element)"};class GP extends Pc{constructor(e){super(),this._config=this._getConfig(e)}static get Default(){return $P}static get DefaultType(){return VP}static get NAME(){return UP}getContent(){return Object.values(this._config.content).map(e=>this._resolvePossibleFunction(e)).filter(Boolean)}hasContent(){return this.getContent().length>0}changeContent(e){return this._checkContent(e),this._config.content={...this._config.content,...e},this}toHtml(){const e=document.createElement("div");e.innerHTML=this._maybeSanitize(this._config.template);for(const[i,o]of Object.entries(this._config.content))this._setContent(e,o,i);const n=e.children[0],r=this._resolvePossibleFunction(this._config.extraClass);return r&&n.classList.add(...r.split(" ")),n}_typeCheckConfig(e){super._typeCheckConfig(e),this._checkContent(e.content)}_checkContent(e){for(const[n,r]of Object.entries(e))super._typeCheckConfig({selector:n,entry:r},FP)}_setContent(e,n,r){const i=ie.findOne(r,e);if(i){if(n=this._resolvePossibleFunction(n),!n){i.remove();return}if(ns(n)){this._putElementInTemplate(Hs(n),i);return}if(this._config.html){i.innerHTML=this._maybeSanitize(n);return}i.textContent=n}}_maybeSanitize(e){return this._config.sanitize?WP(e,this._config.allowList,this._config.sanitizeFn):e}_resolvePossibleFunction(e){return lr(e,[void 0,this])}_putElementInTemplate(e,n){if(this._config.html){n.innerHTML="",n.append(e);return}n.textContent=e.textContent}}const zP="tooltip",KP=new Set(["sanitize","allowList","sanitizeFn"]),kh="fade",XP="modal",qu="show",YP=".tooltip-inner",CT=`.${XP}`,IT="hide.bs.modal",Dl="hover",Bh="focus",Dh="click",qP="manual",jP="hide",JP="hidden",ZP="show",QP="shown",t6="inserted",e6="click",n6="focusin",r6="focusout",i6="mouseenter",s6="mouseleave",o6={AUTO:"auto",TOP:"top",RIGHT:Gr()?"left":"right",BOTTOM:"bottom",LEFT:Gr()?"right":"left"},a6={allowList:FR,animation:!0,boundary:"clippingParents",container:!1,customClass:"",delay:0,fallbackPlacements:["top","right","bottom","left"],html:!1,offset:[0,6],placement:"top",popperConfig:null,sanitize:!0,sanitizeFn:null,selector:!1,template:'<div class="tooltip" role="tooltip"><div class="tooltip-arrow"></div><div class="tooltip-inner"></div></div>',title:"",trigger:"hover focus"},l6={allowList:"object",animation:"boolean",boundary:"(string|element)",container:"(string|element|boolean)",customClass:"(string|function)",delay:"(number|object)",fallbackPlacements:"array",html:"boolean",offset:"(array|string|function)",placement:"(string|function)",popperConfig:"(null|object|function)",sanitize:"boolean",sanitizeFn:"(null|function)",selector:"(string|boolean)",template:"string",title:"(string|element|function)",trigger:"string"};class nl extends li{constructor(e,n){if(typeof _R>"u")throw new TypeError("Bootstrap's tooltips require Popper (https://popper.js.org/docs/v2/)");super(e,n),this._isEnabled=!0,this._timeout=0,this._isHovered=null,this._activeTrigger={},this._popper=null,this._templateFactory=null,this._newContent=null,this.tip=null,this._setListeners(),this._config.selector||this._fixTitle()}static get Default(){return a6}static get DefaultType(){return l6}static get NAME(){return zP}enable(){this._isEnabled=!0}disable(){this._isEnabled=!1}toggleEnabled(){this._isEnabled=!this._isEnabled}toggle(){if(this._isEnabled){if(this._isShown()){this._leave();return}this._enter()}}dispose(){clearTimeout(this._timeout),xt.off(this._element.closest(CT),IT,this._hideModalHandler),this._element.getAttribute("data-bs-original-title")&&this._element.setAttribute("title",this._element.getAttribute("data-bs-original-title")),this._disposePopper(),super.dispose()}show(){if(this._element.style.display==="none")throw new Error("Please use show on visible elements");if(!(this._isWithContent()&&this._isEnabled))return;const e=xt.trigger(this._element,this.constructor.eventName(ZP)),r=(TR(this._element)||this._element.ownerDocument.documentElement).contains(this._element);if(e.defaultPrevented||!r)return;this._disposePopper();const i=this._getTipElement();this._element.setAttribute("aria-describedby",i.getAttribute("id"));const{container:o}=this._config;if(this._element.ownerDocument.documentElement.contains(this.tip)||(o.append(i),xt.trigger(this._element,this.constructor.eventName(t6))),this._popper=this._createPopper(i),i.classList.add(qu),"ontouchstart"in document.documentElement)for(const c of[].concat(...document.body.children))xt.on(c,"mouseover",zd);const a=()=>{xt.trigger(this._element,this.constructor.eventName(QP)),this._isHovered===!1&&this._leave(),this._isHovered=!1};this._queueCallback(a,this.tip,this._isAnimated())}hide(){if(!this._isShown()||xt.trigger(this._element,this.constructor.eventName(jP)).defaultPrevented)return;if(this._getTipElement().classList.remove(qu),"ontouchstart"in document.documentElement)for(const i of[].concat(...document.body.children))xt.off(i,"mouseover",zd);this._activeTrigger[Dh]=!1,this._activeTrigger[Bh]=!1,this._activeTrigger[Dl]=!1,this._isHovered=null;const r=()=>{this._isWithActiveTrigger()||(this._isHovered||this._disposePopper(),this._element.removeAttribute("aria-describedby"),xt.trigger(this._element,this.constructor.eventName(JP)))};this._queueCallback(r,this.tip,this._isAnimated())}update(){this._popper&&this._popper.update()}_isWithContent(){return!!this._getTitle()}_getTipElement(){return this.tip||(this.tip=this._createTipElement(this._newContent||this._getContentForTemplate())),this.tip}_createTipElement(e){const n=this._getTemplateFactory(e).toHtml();if(!n)return null;n.classList.remove(kh,qu),n.classList.add(`bs-${this.constructor.NAME}-auto`);const r=q4(this.constructor.NAME).toString();return n.setAttribute("id",r),this._isAnimated()&&n.classList.add(kh),n}setContent(e){this._newContent=e,this._isShown()&&(this._disposePopper(),this.show())}_getTemplateFactory(e){return this._templateFactory?this._templateFactory.changeContent(e):this._templateFactory=new GP({...this._config,content:e,extraClass:this._resolvePossibleFunction(this._config.customClass)}),this._templateFactory}_getContentForTemplate(){return{[YP]:this._getTitle()}}_getTitle(){return this._resolvePossibleFunction(this._config.title)||this._element.getAttribute("data-bs-original-title")}_initializeOnDelegatedTarget(e){return this.constructor.getOrCreateInstance(e.delegateTarget,this._getDelegateConfig())}_isAnimated(){return this._config.animation||this.tip&&this.tip.classList.contains(kh)}_isShown(){return this.tip&&this.tip.classList.contains(qu)}_createPopper(e){const n=lr(this._config.placement,[this,e,this._element]),r=o6[n.toUpperCase()];return c_(this._element,e,this._getPopperConfig(r))}_getOffset(){const{offset:e}=this._config;return typeof e=="string"?e.split(",").map(n=>Number.parseInt(n,10)):typeof e=="function"?n=>e(n,this._element):e}_resolvePossibleFunction(e){return lr(e,[this._element,this._element])}_getPopperConfig(e){const n={placement:e,modifiers:[{name:"flip",options:{fallbackPlacements:this._config.fallbackPlacements}},{name:"offset",options:{offset:this._getOffset()}},{name:"preventOverflow",options:{boundary:this._config.boundary}},{name:"arrow",options:{element:`.${this.constructor.NAME}-arrow`}},{name:"preSetPlacement",enabled:!0,phase:"beforeMain",fn:r=>{this._getTipElement().setAttribute("data-popper-placement",r.state.placement)}}]};return{...n,...lr(this._config.popperConfig,[void 0,n])}}_setListeners(){const e=this._config.trigger.split(" ");for(const n of e)if(n==="click")xt.on(this._element,this.constructor.eventName(e6),this._config.selector,r=>{const i=this._initializeOnDelegatedTarget(r);i._activeTrigger[Dh]=!(i._isShown()&&i._activeTrigger[Dh]),i.toggle()});else if(n!==qP){const r=n===Dl?this.constructor.eventName(i6):this.constructor.eventName(n6),i=n===Dl?this.constructor.eventName(s6):this.constructor.eventName(r6);xt.on(this._element,r,this._config.selector,o=>{const a=this._initializeOnDelegatedTarget(o);a._activeTrigger[o.type==="focusin"?Bh:Dl]=!0,a._enter()}),xt.on(this._element,i,this._config.selector,o=>{const a=this._initializeOnDelegatedTarget(o);a._activeTrigger[o.type==="focusout"?Bh:Dl]=a._element.contains(o.relatedTarget),a._leave()})}this._hideModalHandler=()=>{this._element&&this.hide()},xt.on(this._element.closest(CT),IT,this._hideModalHandler)}_fixTitle(){const e=this._element.getAttribute("title");e&&(!this._element.getAttribute("aria-label")&&!this._element.textContent.trim()&&this._element.setAttribute("aria-label",e),this._element.setAttribute("data-bs-original-title",e),this._element.removeAttribute("title"))}_enter(){if(this._isShown()||this._isHovered){this._isHovered=!0;return}this._isHovered=!0,this._setTimeout(()=>{this._isHovered&&this.show()},this._config.delay.show)}_leave(){this._isWithActiveTrigger()||(this._isHovered=!1,this._setTimeout(()=>{this._isHovered||this.hide()},this._config.delay.hide))}_setTimeout(e,n){clearTimeout(this._timeout),this._timeout=setTimeout(e,n)}_isWithActiveTrigger(){return Object.values(this._activeTrigger).includes(!0)}_getConfig(e){const n=rs.getDataAttributes(this._element);for(const r of Object.keys(n))KP.has(r)&&delete n[r];return e={...n,...typeof e=="object"&&e?e:{}},e=this._mergeConfigObj(e),e=this._configAfterMerge(e),this._typeCheckConfig(e),e}_configAfterMerge(e){return e.container=e.container===!1?document.body:Hs(e.container),typeof e.delay=="number"&&(e.delay={show:e.delay,hide:e.delay}),typeof e.title=="number"&&(e.title=e.title.toString()),typeof e.content=="number"&&(e.content=e.content.toString()),e}_getDelegateConfig(){const e={};for(const[n,r]of Object.entries(this._config))this.constructor.Default[n]!==r&&(e[n]=r);return e.selector=!1,e.trigger="manual",e}_disposePopper(){this._popper&&(this._popper.destroy(),this._popper=null),this.tip&&(this.tip.remove(),this.tip=null)}static jQueryInterface(e){return this.each(function(){const n=nl.getOrCreateInstance(this,e);if(typeof e=="string"){if(typeof n[e]>"u")throw new TypeError(`No method named "${e}"`);n[e]()}})}}Yr(nl);const c6="popover",u6=".popover-header",d6=".popover-body",f6={...nl.Default,content:"",offset:[0,8],placement:"right",template:'<div class="popover" role="tooltip"><div class="popover-arrow"></div><h3 class="popover-header"></h3><div class="popover-body"></div></div>',trigger:"click"},p6={...nl.DefaultType,content:"(null|string|element|function)"};class p_ extends nl{static get Default(){return f6}static get DefaultType(){return p6}static get NAME(){return c6}_isWithContent(){return this._getTitle()||this._getContent()}_getContentForTemplate(){return{[u6]:this._getTitle(),[d6]:this._getContent()}}_getContent(){return this._resolvePossibleFunction(this._config.content)}static jQueryInterface(e){return this.each(function(){const n=p_.getOrCreateInstance(this,e);if(typeof e=="string"){if(typeof n[e]>"u")throw new TypeError(`No method named "${e}"`);n[e]()}})}}Yr(p_);const h6="scrollspy",m6="bs.scrollspy",h_=`.${m6}`,_6=".data-api",E6=`activate${h_}`,NT=`click${h_}`,g6=`load${h_}${_6}`,T6="dropdown-item",pa="active",v6='[data-bs-spy="scroll"]',Ph="[href]",S6=".nav, .list-group",xT=".nav-link",A6=".nav-item",R6=".list-group-item",b6=`${xT}, ${A6} > ${xT}, ${R6}`,y6=".dropdown",O6=".dropdown-toggle",L6={offset:null,rootMargin:"0px 0px -25%",smoothScroll:!1,target:null,threshold:[.1,.5,1]},C6={offset:"(number|null)",rootMargin:"string",smoothScroll:"boolean",target:"element",threshold:"array"};class Bf extends li{constructor(e,n){super(e,n),this._targetLinks=new Map,this._observableSections=new Map,this._rootElement=getComputedStyle(this._element).overflowY==="visible"?null:this._element,this._activeTarget=null,this._observer=null,this._previousScrollData={visibleEntryTop:0,parentScrollTop:0},this.refresh()}static get Default(){return L6}static get DefaultType(){return C6}static get NAME(){return h6}refresh(){this._initializeTargetsAndObservables(),this._maybeEnableSmoothScroll(),this._observer?this._observer.disconnect():this._observer=this._getNewObserver();for(const e of this._observableSections.values())this._observer.observe(e)}dispose(){this._observer.disconnect(),super.dispose()}_configAfterMerge(e){return e.target=Hs(e.target)||document.body,e.rootMargin=e.offset?`${e.offset}px 0px -30%`:e.rootMargin,typeof e.threshold=="string"&&(e.threshold=e.threshold.split(",").map(n=>Number.parseFloat(n))),e}_maybeEnableSmoothScroll(){this._config.smoothScroll&&(xt.off(this._config.target,NT),xt.on(this._config.target,NT,Ph,e=>{const n=this._observableSections.get(e.target.hash);if(n){e.preventDefault();const r=this._rootElement||window,i=n.offsetTop-this._element.offsetTop;if(r.scrollTo){r.scrollTo({top:i,behavior:"smooth"});return}r.scrollTop=i}}))}_getNewObserver(){const e={root:this._rootElement,threshold:this._config.threshold,rootMargin:this._config.rootMargin};return new IntersectionObserver(n=>this._observerCallback(n),e)}_observerCallback(e){const n=a=>this._targetLinks.get(`#${a.target.id}`),r=a=>{this._previousScrollData.visibleEntryTop=a.target.offsetTop,this._process(n(a))},i=(this._rootElement||document.documentElement).scrollTop,o=i>=this._previousScrollData.parentScrollTop;this._previousScrollData.parentScrollTop=i;for(const a of e){if(!a.isIntersecting){this._activeTarget=null,this._clearActiveClass(n(a));continue}const c=a.target.offsetTop>=this._previousScrollData.visibleEntryTop;if(o&&c){if(r(a),!i)return;continue}!o&&!c&&r(a)}}_initializeTargetsAndObservables(){this._targetLinks=new Map,this._observableSections=new Map;const e=ie.find(Ph,this._config.target);for(const n of e){if(!n.hash||Ws(n))continue;const r=ie.findOne(decodeURI(n.hash),this._element);tl(r)&&(this._targetLinks.set(decodeURI(n.hash),n),this._observableSections.set(n.hash,r))}}_process(e){this._activeTarget!==e&&(this._clearActiveClass(this._config.target),this._activeTarget=e,e.classList.add(pa),this._activateParents(e),xt.trigger(this._element,E6,{relatedTarget:e}))}_activateParents(e){if(e.classList.contains(T6)){ie.findOne(O6,e.closest(y6)).classList.add(pa);return}for(const n of ie.parents(e,S6))for(const r of ie.prev(n,b6))r.classList.add(pa)}_clearActiveClass(e){e.classList.remove(pa);const n=ie.find(`${Ph}.${pa}`,e);for(const r of n)r.classList.remove(pa)}static jQueryInterface(e){return this.each(function(){const n=Bf.getOrCreateInstance(this,e);if(typeof e=="string"){if(n[e]===void 0||e.startsWith("_")||e==="constructor")throw new TypeError(`No method named "${e}"`);n[e]()}})}}xt.on(window,g6,()=>{for(const t of ie.find(v6))Bf.getOrCreateInstance(t)});Yr(Bf);const I6="tab",N6="bs.tab",zo=`.${N6}`,x6=`hide${zo}`,w6=`hidden${zo}`,k6=`show${zo}`,B6=`shown${zo}`,D6=`click${zo}`,P6=`keydown${zo}`,M6=`load${zo}`,H6="ArrowLeft",wT="ArrowRight",W6="ArrowUp",kT="ArrowDown",Mh="Home",BT="End",Ao="active",DT="fade",Hh="show",U6="dropdown",GR=".dropdown-toggle",$6=".dropdown-menu",Wh=`:not(${GR})`,V6='.list-group, .nav, [role="tablist"]',F6=".nav-item, .list-group-item",G6=`.nav-link${Wh}, .list-group-item${Wh}, [role="tab"]${Wh}`,zR='[data-bs-toggle="tab"], [data-bs-toggle="pill"], [data-bs-toggle="list"]',Uh=`${G6}, ${zR}`,z6=`.${Ao}[data-bs-toggle="tab"], .${Ao}[data-bs-toggle="pill"], .${Ao}[data-bs-toggle="list"]`;class Va extends li{constructor(e){super(e),this._parent=this._element.closest(V6),this._parent&&(this._setInitialAttributes(this._parent,this._getChildren()),xt.on(this._element,P6,n=>this._keydown(n)))}static get NAME(){return I6}show(){const e=this._element;if(this._elemIsActive(e))return;const n=this._getActiveElem(),r=n?xt.trigger(n,x6,{relatedTarget:e}):null;xt.trigger(e,k6,{relatedTarget:n}).defaultPrevented||r&&r.defaultPrevented||(this._deactivate(n,e),this._activate(e,n))}_activate(e,n){if(!e)return;e.classList.add(Ao),this._activate(ie.getElementFromSelector(e));const r=()=>{if(e.getAttribute("role")!=="tab"){e.classList.add(Hh);return}e.removeAttribute("tabindex"),e.setAttribute("aria-selected",!0),this._toggleDropDown(e,!0),xt.trigger(e,B6,{relatedTarget:n})};this._queueCallback(r,e,e.classList.contains(DT))}_deactivate(e,n){if(!e)return;e.classList.remove(Ao),e.blur(),this._deactivate(ie.getElementFromSelector(e));const r=()=>{if(e.getAttribute("role")!=="tab"){e.classList.remove(Hh);return}e.setAttribute("aria-selected",!1),e.setAttribute("tabindex","-1"),this._toggleDropDown(e,!1),xt.trigger(e,w6,{relatedTarget:n})};this._queueCallback(r,e,e.classList.contains(DT))}_keydown(e){if(![H6,wT,W6,kT,Mh,BT].includes(e.key))return;e.stopPropagation(),e.preventDefault();const n=this._getChildren().filter(i=>!Ws(i));let r;if([Mh,BT].includes(e.key))r=n[e.key===Mh?0:n.length-1];else{const i=[wT,kT].includes(e.key);r=u_(n,e.target,i,!0)}r&&(r.focus({preventScroll:!0}),Va.getOrCreateInstance(r).show())}_getChildren(){return ie.find(Uh,this._parent)}_getActiveElem(){return this._getChildren().find(e=>this._elemIsActive(e))||null}_setInitialAttributes(e,n){this._setAttributeIfNotExists(e,"role","tablist");for(const r of n)this._setInitialAttributesOnChild(r)}_setInitialAttributesOnChild(e){e=this._getInnerElement(e);const n=this._elemIsActive(e),r=this._getOuterElement(e);e.setAttribute("aria-selected",n),r!==e&&this._setAttributeIfNotExists(r,"role","presentation"),n||e.setAttribute("tabindex","-1"),this._setAttributeIfNotExists(e,"role","tab"),this._setInitialAttributesOnTargetPanel(e)}_setInitialAttributesOnTargetPanel(e){const n=ie.getElementFromSelector(e);n&&(this._setAttributeIfNotExists(n,"role","tabpanel"),e.id&&this._setAttributeIfNotExists(n,"aria-labelledby",`${e.id}`))}_toggleDropDown(e,n){const r=this._getOuterElement(e);if(!r.classList.contains(U6))return;const i=(o,a)=>{const c=ie.findOne(o,r);c&&c.classList.toggle(a,n)};i(GR,Ao),i($6,Hh),r.setAttribute("aria-expanded",n)}_setAttributeIfNotExists(e,n,r){e.hasAttribute(n)||e.setAttribute(n,r)}_elemIsActive(e){return e.classList.contains(Ao)}_getInnerElement(e){return e.matches(Uh)?e:ie.findOne(Uh,e)}_getOuterElement(e){return e.closest(F6)||e}static jQueryInterface(e){return this.each(function(){const n=Va.getOrCreateInstance(this);if(typeof e=="string"){if(n[e]===void 0||e.startsWith("_")||e==="constructor")throw new TypeError(`No method named "${e}"`);n[e]()}})}}xt.on(document,D6,zR,function(t){["A","AREA"].includes(this.tagName)&&t.preventDefault(),!Ws(this)&&Va.getOrCreateInstance(this).show()});xt.on(window,M6,()=>{for(const t of ie.find(z6))Va.getOrCreateInstance(t)});Yr(Va);const K6="toast",X6="bs.toast",Ks=`.${X6}`,Y6=`mouseover${Ks}`,q6=`mouseout${Ks}`,j6=`focusin${Ks}`,J6=`focusout${Ks}`,Z6=`hide${Ks}`,Q6=`hidden${Ks}`,tM=`show${Ks}`,eM=`shown${Ks}`,nM="fade",PT="hide",ju="show",Ju="showing",rM={animation:"boolean",autohide:"boolean",delay:"number"},iM={animation:!0,autohide:!0,delay:5e3};class Df extends li{constructor(e,n){super(e,n),this._timeout=null,this._hasMouseInteraction=!1,this._hasKeyboardInteraction=!1,this._setListeners()}static get Default(){return iM}static get DefaultType(){return rM}static get NAME(){return K6}show(){if(xt.trigger(this._element,tM).defaultPrevented)return;this._clearTimeout(),this._config.animation&&this._element.classList.add(nM);const n=()=>{this._element.classList.remove(Ju),xt.trigger(this._element,eM),this._maybeScheduleHide()};this._element.classList.remove(PT),Dc(this._element),this._element.classList.add(ju,Ju),this._queueCallback(n,this._element,this._config.animation)}hide(){if(!this.isShown()||xt.trigger(this._element,Z6).defaultPrevented)return;const n=()=>{this._element.classList.add(PT),this._element.classList.remove(Ju,ju),xt.trigger(this._element,Q6)};this._element.classList.add(Ju),this._queueCallback(n,this._element,this._config.animation)}dispose(){this._clearTimeout(),this.isShown()&&this._element.classList.remove(ju),super.dispose()}isShown(){return this._element.classList.contains(ju)}_maybeScheduleHide(){this._config.autohide&&(this._hasMouseInteraction||this._hasKeyboardInteraction||(this._timeout=setTimeout(()=>{this.hide()},this._config.delay)))}_onInteraction(e,n){switch(e.type){case"mouseover":case"mouseout":{this._hasMouseInteraction=n;break}case"focusin":case"focusout":{this._hasKeyboardInteraction=n;break}}if(n){this._clearTimeout();return}const r=e.relatedTarget;this._element===r||this._element.contains(r)||this._maybeScheduleHide()}_setListeners(){xt.on(this._element,Y6,e=>this._onInteraction(e,!0)),xt.on(this._element,q6,e=>this._onInteraction(e,!1)),xt.on(this._element,j6,e=>this._onInteraction(e,!0)),xt.on(this._element,J6,e=>this._onInteraction(e,!1))}_clearTimeout(){clearTimeout(this._timeout),this._timeout=null}static jQueryInterface(e){return this.each(function(){const n=Df.getOrCreateInstance(this,e);if(typeof e=="string"){if(typeof n[e]>"u")throw new TypeError(`No method named "${e}"`);n[e](this)}})}}xf(Df);Yr(Df);const sM="data:image/svg+xml,%3c?xml%20version='1.0'%20encoding='UTF-8'%20standalone='no'?%3e%3c!--%20Created%20with%20Inkscape%20(http://www.inkscape.org/)%20--%3e%3csvg%20xmlns:dc='http://purl.org/dc/elements/1.1/'%20xmlns:cc='http://creativecommons.org/ns%23'%20xmlns:rdf='http://www.w3.org/1999/02/22-rdf-syntax-ns%23'%20xmlns:svg='http://www.w3.org/2000/svg'%20xmlns='http://www.w3.org/2000/svg'%20xmlns:sodipodi='http://sodipodi.sourceforge.net/DTD/sodipodi-0.dtd'%20xmlns:inkscape='http://www.inkscape.org/namespaces/inkscape'%20width='59.474369mm'%20height='66.145752mm'%20viewBox='0%200%2059.474369%2066.145752'%20version='1.1'%20id='svg974'%20inkscape:version='0.92.3%20(2405546,%202018-03-11)'%20sodipodi:docname='logo_pev2_2.svg'%3e%3cdefs%20id='defs968'%20/%3e%3csodipodi:namedview%20id='base'%20pagecolor='%23ffffff'%20bordercolor='%23666666'%20borderopacity='1.0'%20inkscape:pageopacity='0.0'%20inkscape:pageshadow='2'%20inkscape:zoom='2.8'%20inkscape:cx='141.17157'%20inkscape:cy='139.52042'%20inkscape:document-units='mm'%20inkscape:current-layer='layer1'%20showgrid='false'%20fit-margin-top='0'%20fit-margin-left='0'%20fit-margin-right='0'%20fit-margin-bottom='0'%20showguides='true'%20inkscape:window-width='2560'%20inkscape:window-height='1385'%20inkscape:window-x='0'%20inkscape:window-y='0'%20inkscape:window-maximized='1'%20/%3e%3cmetadata%20id='metadata971'%3e%3crdf:RDF%3e%3ccc:Work%20rdf:about=''%3e%3cdc:format%3eimage/svg+xml%3c/dc:format%3e%3cdc:type%20rdf:resource='http://purl.org/dc/dcmitype/StillImage'%20/%3e%3cdc:title%3e%3c/dc:title%3e%3c/cc:Work%3e%3c/rdf:RDF%3e%3c/metadata%3e%3cg%20inkscape:label='Calque%201'%20inkscape:groupmode='layer'%20id='layer1'%20transform='translate(-464.65567,15.775256)'%20style='display:inline'%3e%3cpath%20style='fill:%23774b85;fill-opacity:1;stroke-width:0.26458332'%20d='m%20494.39616,50.370495%20a%208.1290583,8.1290583%200%200%201%20-4.064,-1.088761%20l%20-21.61249,-12.47775%20c%20-2.50692,-1.455737%20-4.05791,-4.133585%20-4.064,-7.032889%20V%204.8034235%20a%208.1457271,8.1457271%200%200%201%204.064,-7.033154%20l%2021.61196,-12.4772215%20a%208.2531479,8.2531479%200%200%201%208.12218,0%20l%2021.61223,12.4772215%20a%208.1457271,8.1457271%200%200%201%204.064,7.033154%20V%2029.764745%20c%20-0.006,2.899304%20-1.55072,5.583502%20-4.064,7.033154%20l%20-21.60588,12.483835%20a%208.1772125,8.1772125%200%200%201%20-4.064,1.088761'%20id='path1916'%20/%3e%3cpath%20style='fill:%23ffffff;fill-opacity:1;stroke-width:0.26458332'%20d='m%20494.39616,-11.567141%20c%20-0.68368,0%20-1.35466,0.177271%20-1.94998,0.525462%20L%20470.83422,1.4294565%20a%203.9163625,3.9163625%200%200%200%20-1.94997,3.373967%20V%2029.764745%20c%200,1.392766%200.74718,2.677583%201.94997,3.374231%20l%2021.61884,12.483571%20a%203.9512875,3.9512875%200%200%200%203.89308,0%20l%2021.61884,-12.483571%20a%203.9163625,3.9163625%200%200%200%201.94972,-3.374231%20V%204.8034235%20c%200,-1.392502%20-0.74692,-2.677584%20-1.94998,-3.373967%20L%20496.34614,-11.048029%20c%20-0.59504,-0.341841%20-1.26603,-0.525462%20-1.94971,-0.519112'%20id='path2'%20/%3e%3c/g%3e%3cg%20inkscape:groupmode='layer'%20id='layer10'%20inkscape:label='Calque%207'%20style='display:inline'%3e%3cpath%20style='display:inline;opacity:1;fill:%23ab90b4;fill-opacity:1;stroke-width:5.31295395'%20d='m%2099.109375,55.244141%20c%20-4.399143,0%20-7.96875,3.569621%20-7.96875,7.96875%20v%2026.566406%20c%200,4.399128%203.569607,7.96875%207.96875,7.96875%20h%207.970705%20V%20113.6875%20H%2064.576172%20c%20-5.812384,0%20-10.626953,4.81263%20-10.626953,10.625%20v%2015.93945%20h%20-7.96875%20c%20-4.399144,0%20-7.96875,3.56963%20-7.96875,7.96875%20v%2026.56446%20c%200,4.39912%203.569606,7.9707%207.96875,7.9707%20h%2026.564453%20c%204.399143,0%207.970703,-3.57158%207.970703,-7.9707%20V%20148.2207%20c%200,-4.39912%20-3.57156,-7.96875%20-7.970703,-7.96875%20h%20-7.96875%20V%20124.3125%20h%2042.503908%20v%2015.93945%20h%20-7.970705%20c%20-4.399143,0%20-7.96875,3.56963%20-7.96875,7.96875%20v%2026.56446%20c%200,4.39912%203.569607,7.9707%207.96875,7.9707%20h%2026.566405%20c%204.39911,0%207.96875,-3.57158%207.96875,-7.9707%20V%20148.2207%20c%200,-4.39912%20-3.56964,-7.96875%20-7.96875,-7.96875%20h%20-7.9707%20V%20124.3125%20h%2042.5039%20v%2015.93945%20h%20-7.96875%20c%20-4.3991,0%20-7.9707,3.56963%20-7.9707,7.96875%20v%2026.56446%20c%200,4.39912%203.5716,7.9707%207.9707,7.9707%20h%2026.56446%20c%204.3991,0%207.96875,-3.57158%207.96875,-7.9707%20V%20148.2207%20c%200,-4.39912%20-3.56965,-7.96875%20-7.96875,-7.96875%20h%20-7.96875%20V%20124.3125%20c%200,-5.81237%20-4.81458,-10.625%20-10.62696,-10.625%20h%20-42.5039%20V%2097.748047%20h%207.9707%20c%204.39911,0%207.96875,-3.569622%207.96875,-7.96875%20V%2063.212891%20c%200,-4.399129%20-3.56964,-7.96875%20-7.96875,-7.96875%20z'%20transform='scale(0.26458333)'%20id='path1881'%20inkscape:connector-curvature='0'%20/%3e%3c/g%3e%3cg%20inkscape:groupmode='layer'%20id='layer9'%20inkscape:label='Calque%206'%20style='display:inline'%3e%3cpath%20style='display:inline;fill:%23774b85;fill-opacity:1;stroke-width:1.40571904'%20d='m%2045.200342,37.108329%20h%20-2.811716%20-2.108398%20c%20-1.163929,0%20-2.108915,0.944465%20-2.108915,2.108398%20v%207.028514%20c%200,1.163934%200.944986,2.108914%202.108915,2.108914%20h%207.028513%20c%201.163928,0%202.108398,-0.94498%202.108398,-2.108914%20v%20-7.028514%20c%200,-1.163933%20-0.94447,-2.108398%20-2.108398,-2.108398%20z'%20id='path1877-9'%20inkscape:connector-curvature='0'%20/%3e%3c/g%3e%3c/svg%3e",oM=["to"],$h=Pe({__name:"VLink",props:{to:{type:String,required:!0}},setup(t){const e=t,n=be("currentPath"),r=i=>{i.preventDefault(),n.value=e.to};return(i,o)=>(w(),P("a",{to:t.to,onClick:r,href:""},[Ds(i.$slots,"default")],8,oM))}}),aM={class:"d-flex flex-column vh-100"},lM={class:"navbar"},cM={key:0,class:"text-center ms-auto"},m_=Pe({__name:"MainLayout",props:{title:{}},setup(t){const e=t,n=be("currentPath");return(r,i)=>(w(),P("div",aM,[v("nav",lM,[v("div",{class:wt([h(n)=="/plan"?"container-fluid":"container"])},[Rt($h,{class:"btn btn-link",to:"/"},{default:Ae(()=>[...i[0]||(i[0]=[v("img",{src:sM,alt:"",style:{height:"1.5rem"}},null,-1)])]),_:1}),i[3]||(i[3]=g()),e?.title?(w(),P("div",cM,ft(e?.title),1)):Q("",!0),i[4]||(i[4]=g()),Rt($h,{class:"btn btn-secondary ms-auto",to:"/"},{default:Ae(()=>[...i[1]||(i[1]=[g("New Plan",-1)])]),_:1}),i[5]||(i[5]=g()),Rt($h,{class:"btn btn-link",to:"/about"},{default:Ae(()=>[...i[2]||(i[2]=[g("About",-1)])]),_:1})],2)]),i[6]||(i[6]=g()),Ds(r.$slots,"default")]))}}),uM=Pe({__name:"AboutView",setup(t){return(e,n)=>(w(),pe(m_,null,{default:Ae(()=>[...n[0]||(n[0]=[v("div",{class:"container"},[v("h2",null,"Disclaimer"),g(),v("p",null,[g(`
        This project is a rewrite of the excellent
        `),v("a",{href:"https://github.com/AlexTatiyants/pev"},"Postgres Explain Visualizer (pev)"),g(`. Kudos go to Alex Tatiyants.
      `)]),g(),v("p",null,[g(`
        The pev project was initialy written in early 2016 but seem to be
        abandonned since then. There was no activity at all for more than
        `),v("a",{href:"https://github.com/AlexTatiyants/pev/issues/42"},"3 years and counting"),g(`
        though there are
        `),v("a",{href:"https://github.com/AlexTatiyants/pev/issues"},"several issues open"),g(`
        and relevant pull requests pending.
      `)]),g(),v("h2",null,"Usage tips"),g(),v("p",null,[g(`
        To get the most out of it, we recommend generating a query plan using
        the following line:
        `),v("code",null,"EXPLAIN (ANALYZE, COSTS, VERBOSE, BUFFERS, FORMAT JSON)"),g(`. It
        is recommend submitting a (decently formatted) SQL query that generated
        the plan.
      `)]),g(),v("p",null,`
        PEV2 can also parse text although the JSON format usually has better
        support.
      `),g(),v("h2",null,"Help improve PEV2"),g(),v("p",null,"You can help us."),g(),v("p",null,[g(`
        Report issues or contribute to the code on
        `),v("a",{href:"https://github.com/dalibo/pev2"},"Github"),g(`.
      `)]),g(),v("hr"),g(),v("div",{class:"text-center text-secondary"},[v("b",null,"pev2"),g(` is brought to you by
        `),v("a",{href:"https://dalibo.com"},"Dalibo")])],-1)])]),_:1}))}});/*!
 * Font Awesome Free 6.7.2 by @fontawesome - https://fontawesome.com
 * License - https://fontawesome.com/license/free (Icons: CC BY 4.0, Fonts: SIL OFL 1.1, Code: MIT License)
 * Copyright 2024 Fonticons, Inc.
 */function dM(t,e,n){return(e=pM(e))in t?Object.defineProperty(t,e,{value:n,enumerable:!0,configurable:!0,writable:!0}):t[e]=n,t}function MT(t,e){var n=Object.keys(t);if(Object.getOwnPropertySymbols){var r=Object.getOwnPropertySymbols(t);e&&(r=r.filter(function(i){return Object.getOwnPropertyDescriptor(t,i).enumerable})),n.push.apply(n,r)}return n}function Pt(t){for(var e=1;e<arguments.length;e++){var n=arguments[e]!=null?arguments[e]:{};e%2?MT(Object(n),!0).forEach(function(r){dM(t,r,n[r])}):Object.getOwnPropertyDescriptors?Object.defineProperties(t,Object.getOwnPropertyDescriptors(n)):MT(Object(n)).forEach(function(r){Object.defineProperty(t,r,Object.getOwnPropertyDescriptor(n,r))})}return t}function fM(t,e){if(typeof t!="object"||!t)return t;var n=t[Symbol.toPrimitive];if(n!==void 0){var r=n.call(t,e);if(typeof r!="object")return r;throw new TypeError("@@toPrimitive must return a primitive value.")}return(e==="string"?String:Number)(t)}function pM(t){var e=fM(t,"string");return typeof e=="symbol"?e:e+""}const HT=()=>{};let __={},KR={},XR=null,YR={mark:HT,measure:HT};try{typeof window<"u"&&(__=window),typeof document<"u"&&(KR=document),typeof MutationObserver<"u"&&(XR=MutationObserver),typeof performance<"u"&&(YR=performance)}catch{}const{userAgent:WT=""}=__.navigator||{},$s=__,sn=KR,UT=XR,Zu=YR;$s.document;const Es=!!sn.documentElement&&!!sn.head&&typeof sn.addEventListener=="function"&&typeof sn.createElement=="function",qR=~WT.indexOf("MSIE")||~WT.indexOf("Trident/");var hM=/fa(s|r|l|t|d|dr|dl|dt|b|k|kd|ss|sr|sl|st|sds|sdr|sdl|sdt)?[\-\ ]/,mM=/Font ?Awesome ?([56 ]*)(Solid|Regular|Light|Thin|Duotone|Brands|Free|Pro|Sharp Duotone|Sharp|Kit)?.*/i,jR={classic:{fa:"solid",fas:"solid","fa-solid":"solid",far:"regular","fa-regular":"regular",fal:"light","fa-light":"light",fat:"thin","fa-thin":"thin",fab:"brands","fa-brands":"brands"},duotone:{fa:"solid",fad:"solid","fa-solid":"solid","fa-duotone":"solid",fadr:"regular","fa-regular":"regular",fadl:"light","fa-light":"light",fadt:"thin","fa-thin":"thin"},sharp:{fa:"solid",fass:"solid","fa-solid":"solid",fasr:"regular","fa-regular":"regular",fasl:"light","fa-light":"light",fast:"thin","fa-thin":"thin"},"sharp-duotone":{fa:"solid",fasds:"solid","fa-solid":"solid",fasdr:"regular","fa-regular":"regular",fasdl:"light","fa-light":"light",fasdt:"thin","fa-thin":"thin"}},_M={GROUP:"duotone-group",PRIMARY:"primary",SECONDARY:"secondary"},JR=["fa-classic","fa-duotone","fa-sharp","fa-sharp-duotone"],Kn="classic",Pf="duotone",EM="sharp",gM="sharp-duotone",ZR=[Kn,Pf,EM,gM],TM={classic:{900:"fas",400:"far",normal:"far",300:"fal",100:"fat"},duotone:{900:"fad",400:"fadr",300:"fadl",100:"fadt"},sharp:{900:"fass",400:"fasr",300:"fasl",100:"fast"},"sharp-duotone":{900:"fasds",400:"fasdr",300:"fasdl",100:"fasdt"}},vM={"Font Awesome 6 Free":{900:"fas",400:"far"},"Font Awesome 6 Pro":{900:"fas",400:"far",normal:"far",300:"fal",100:"fat"},"Font Awesome 6 Brands":{400:"fab",normal:"fab"},"Font Awesome 6 Duotone":{900:"fad",400:"fadr",normal:"fadr",300:"fadl",100:"fadt"},"Font Awesome 6 Sharp":{900:"fass",400:"fasr",normal:"fasr",300:"fasl",100:"fast"},"Font Awesome 6 Sharp Duotone":{900:"fasds",400:"fasdr",normal:"fasdr",300:"fasdl",100:"fasdt"}},SM=new Map([["classic",{defaultShortPrefixId:"fas",defaultStyleId:"solid",styleIds:["solid","regular","light","thin","brands"],futureStyleIds:[],defaultFontWeight:900}],["sharp",{defaultShortPrefixId:"fass",defaultStyleId:"solid",styleIds:["solid","regular","light","thin"],futureStyleIds:[],defaultFontWeight:900}],["duotone",{defaultShortPrefixId:"fad",defaultStyleId:"solid",styleIds:["solid","regular","light","thin"],futureStyleIds:[],defaultFontWeight:900}],["sharp-duotone",{defaultShortPrefixId:"fasds",defaultStyleId:"solid",styleIds:["solid","regular","light","thin"],futureStyleIds:[],defaultFontWeight:900}]]),AM={classic:{solid:"fas",regular:"far",light:"fal",thin:"fat",brands:"fab"},duotone:{solid:"fad",regular:"fadr",light:"fadl",thin:"fadt"},sharp:{solid:"fass",regular:"fasr",light:"fasl",thin:"fast"},"sharp-duotone":{solid:"fasds",regular:"fasdr",light:"fasdl",thin:"fasdt"}},RM=["fak","fa-kit","fakd","fa-kit-duotone"],$T={kit:{fak:"kit","fa-kit":"kit"},"kit-duotone":{fakd:"kit-duotone","fa-kit-duotone":"kit-duotone"}},bM=["kit"],yM={kit:{"fa-kit":"fak"}},OM=["fak","fakd"],LM={kit:{fak:"fa-kit"}},VT={kit:{kit:"fak"},"kit-duotone":{"kit-duotone":"fakd"}},Qu={GROUP:"duotone-group",SWAP_OPACITY:"swap-opacity",PRIMARY:"primary",SECONDARY:"secondary"},CM=["fa-classic","fa-duotone","fa-sharp","fa-sharp-duotone"],IM=["fak","fa-kit","fakd","fa-kit-duotone"],NM={"Font Awesome Kit":{400:"fak",normal:"fak"},"Font Awesome Kit Duotone":{400:"fakd",normal:"fakd"}},xM={classic:{"fa-brands":"fab","fa-duotone":"fad","fa-light":"fal","fa-regular":"far","fa-solid":"fas","fa-thin":"fat"},duotone:{"fa-regular":"fadr","fa-light":"fadl","fa-thin":"fadt"},sharp:{"fa-solid":"fass","fa-regular":"fasr","fa-light":"fasl","fa-thin":"fast"},"sharp-duotone":{"fa-solid":"fasds","fa-regular":"fasdr","fa-light":"fasdl","fa-thin":"fasdt"}},wM={classic:["fas","far","fal","fat","fad"],duotone:["fadr","fadl","fadt"],sharp:["fass","fasr","fasl","fast"],"sharp-duotone":["fasds","fasdr","fasdl","fasdt"]},N0={classic:{fab:"fa-brands",fad:"fa-duotone",fal:"fa-light",far:"fa-regular",fas:"fa-solid",fat:"fa-thin"},duotone:{fadr:"fa-regular",fadl:"fa-light",fadt:"fa-thin"},sharp:{fass:"fa-solid",fasr:"fa-regular",fasl:"fa-light",fast:"fa-thin"},"sharp-duotone":{fasds:"fa-solid",fasdr:"fa-regular",fasdl:"fa-light",fasdt:"fa-thin"}},kM=["fa-solid","fa-regular","fa-light","fa-thin","fa-duotone","fa-brands"],x0=["fa","fas","far","fal","fat","fad","fadr","fadl","fadt","fab","fass","fasr","fasl","fast","fasds","fasdr","fasdl","fasdt",...CM,...kM],BM=["solid","regular","light","thin","duotone","brands"],QR=[1,2,3,4,5,6,7,8,9,10],DM=QR.concat([11,12,13,14,15,16,17,18,19,20]),PM=[...Object.keys(wM),...BM,"2xs","xs","sm","lg","xl","2xl","beat","border","fade","beat-fade","bounce","flip-both","flip-horizontal","flip-vertical","flip","fw","inverse","layers-counter","layers-text","layers","li","pull-left","pull-right","pulse","rotate-180","rotate-270","rotate-90","rotate-by","shake","spin-pulse","spin-reverse","spin","stack-1x","stack-2x","stack","ul",Qu.GROUP,Qu.SWAP_OPACITY,Qu.PRIMARY,Qu.SECONDARY].concat(QR.map(t=>"".concat(t,"x"))).concat(DM.map(t=>"w-".concat(t))),MM={"Font Awesome 5 Free":{900:"fas",400:"far"},"Font Awesome 5 Pro":{900:"fas",400:"far",normal:"far",300:"fal"},"Font Awesome 5 Brands":{400:"fab",normal:"fab"},"Font Awesome 5 Duotone":{900:"fad"}};const us="___FONT_AWESOME___",w0=16,tb="fa",eb="svg-inline--fa",Po="data-fa-i2svg",k0="data-fa-pseudo-element",HM="data-fa-pseudo-element-pending",E_="data-prefix",g_="data-icon",FT="fontawesome-i2svg",WM="async",UM=["HTML","HEAD","STYLE","SCRIPT"],nb=(()=>{try{return!0}catch{return!1}})();function Wc(t){return new Proxy(t,{get(e,n){return n in e?e[n]:e[Kn]}})}const rb=Pt({},jR);rb[Kn]=Pt(Pt(Pt(Pt({},{"fa-duotone":"duotone"}),jR[Kn]),$T.kit),$T["kit-duotone"]);const $M=Wc(rb),B0=Pt({},AM);B0[Kn]=Pt(Pt(Pt(Pt({},{duotone:"fad"}),B0[Kn]),VT.kit),VT["kit-duotone"]);const GT=Wc(B0),D0=Pt({},N0);D0[Kn]=Pt(Pt({},D0[Kn]),LM.kit);const T_=Wc(D0),P0=Pt({},xM);P0[Kn]=Pt(Pt({},P0[Kn]),yM.kit);Wc(P0);const VM=hM,ib="fa-layers-text",FM=mM,GM=Pt({},TM);Wc(GM);const zM=["class","data-prefix","data-icon","data-fa-transform","data-fa-mask"],Vh=_M,KM=[...bM,...PM],nc=$s.FontAwesomeConfig||{};function XM(t){var e=sn.querySelector("script["+t+"]");if(e)return e.getAttribute(t)}function YM(t){return t===""?!0:t==="false"?!1:t==="true"?!0:t}sn&&typeof sn.querySelector=="function"&&[["data-family-prefix","familyPrefix"],["data-css-prefix","cssPrefix"],["data-family-default","familyDefault"],["data-style-default","styleDefault"],["data-replacement-class","replacementClass"],["data-auto-replace-svg","autoReplaceSvg"],["data-auto-add-css","autoAddCss"],["data-auto-a11y","autoA11y"],["data-search-pseudo-elements","searchPseudoElements"],["data-observe-mutations","observeMutations"],["data-mutate-approach","mutateApproach"],["data-keep-original-source","keepOriginalSource"],["data-measure-performance","measurePerformance"],["data-show-missing-icons","showMissingIcons"]].forEach(e=>{let[n,r]=e;const i=YM(XM(n));i!=null&&(nc[r]=i)});const sb={styleDefault:"solid",familyDefault:Kn,cssPrefix:tb,replacementClass:eb,autoReplaceSvg:!0,autoAddCss:!0,autoA11y:!0,searchPseudoElements:!1,observeMutations:!0,mutateApproach:"async",keepOriginalSource:!0,measurePerformance:!1,showMissingIcons:!0};nc.familyPrefix&&(nc.cssPrefix=nc.familyPrefix);const Fa=Pt(Pt({},sb),nc);Fa.autoReplaceSvg||(Fa.observeMutations=!1);const ee={};Object.keys(sb).forEach(t=>{Object.defineProperty(ee,t,{enumerable:!0,set:function(e){Fa[t]=e,rc.forEach(n=>n(ee))},get:function(){return Fa[t]}})});Object.defineProperty(ee,"familyPrefix",{enumerable:!0,set:function(t){Fa.cssPrefix=t,rc.forEach(e=>e(ee))},get:function(){return Fa.cssPrefix}});$s.FontAwesomeConfig=ee;const rc=[];function qM(t){return rc.push(t),()=>{rc.splice(rc.indexOf(t),1)}}const Ns=w0,Ai={size:16,x:0,y:0,rotate:0,flipX:!1,flipY:!1};function jM(t){if(!t||!Es)return;const e=sn.createElement("style");e.setAttribute("type","text/css"),e.innerHTML=t;const n=sn.head.childNodes;let r=null;for(let i=n.length-1;i>-1;i--){const o=n[i],a=(o.tagName||"").toUpperCase();["STYLE","LINK"].indexOf(a)>-1&&(r=o)}return sn.head.insertBefore(e,r),t}const JM="0123456789abcdefghijklmnopqrstuvwxyzABCDEFGHIJKLMNOPQRSTUVWXYZ";function mc(){let t=12,e="";for(;t-- >0;)e+=JM[Math.random()*62|0];return e}function rl(t){const e=[];for(let n=(t||[]).length>>>0;n--;)e[n]=t[n];return e}function v_(t){return t.classList?rl(t.classList):(t.getAttribute("class")||"").split(" ").filter(e=>e)}function ob(t){return"".concat(t).replace(/&/g,"&amp;").replace(/"/g,"&quot;").replace(/'/g,"&#39;").replace(/</g,"&lt;").replace(/>/g,"&gt;")}function ZM(t){return Object.keys(t||{}).reduce((e,n)=>e+"".concat(n,'="').concat(ob(t[n]),'" '),"").trim()}function Mf(t){return Object.keys(t||{}).reduce((e,n)=>e+"".concat(n,": ").concat(t[n].trim(),";"),"")}function S_(t){return t.size!==Ai.size||t.x!==Ai.x||t.y!==Ai.y||t.rotate!==Ai.rotate||t.flipX||t.flipY}function QM(t){let{transform:e,containerWidth:n,iconWidth:r}=t;const i={transform:"translate(".concat(n/2," 256)")},o="translate(".concat(e.x*32,", ").concat(e.y*32,") "),a="scale(".concat(e.size/16*(e.flipX?-1:1),", ").concat(e.size/16*(e.flipY?-1:1),") "),c="rotate(".concat(e.rotate," 0 0)"),u={transform:"".concat(o," ").concat(a," ").concat(c)},p={transform:"translate(".concat(r/2*-1," -256)")};return{outer:i,inner:u,path:p}}function t5(t){let{transform:e,width:n=w0,height:r=w0,startCentered:i=!1}=t,o="";return i&&qR?o+="translate(".concat(e.x/Ns-n/2,"em, ").concat(e.y/Ns-r/2,"em) "):i?o+="translate(calc(-50% + ".concat(e.x/Ns,"em), calc(-50% + ").concat(e.y/Ns,"em)) "):o+="translate(".concat(e.x/Ns,"em, ").concat(e.y/Ns,"em) "),o+="scale(".concat(e.size/Ns*(e.flipX?-1:1),", ").concat(e.size/Ns*(e.flipY?-1:1),") "),o+="rotate(".concat(e.rotate,"deg) "),o}var e5=`:root, :host {
  --fa-font-solid: normal 900 1em/1 "Font Awesome 6 Free";
  --fa-font-regular: normal 400 1em/1 "Font Awesome 6 Free";
  --fa-font-light: normal 300 1em/1 "Font Awesome 6 Pro";
  --fa-font-thin: normal 100 1em/1 "Font Awesome 6 Pro";
  --fa-font-duotone: normal 900 1em/1 "Font Awesome 6 Duotone";
  --fa-font-duotone-regular: normal 400 1em/1 "Font Awesome 6 Duotone";
  --fa-font-duotone-light: normal 300 1em/1 "Font Awesome 6 Duotone";
  --fa-font-duotone-thin: normal 100 1em/1 "Font Awesome 6 Duotone";
  --fa-font-brands: normal 400 1em/1 "Font Awesome 6 Brands";
  --fa-font-sharp-solid: normal 900 1em/1 "Font Awesome 6 Sharp";
  --fa-font-sharp-regular: normal 400 1em/1 "Font Awesome 6 Sharp";
  --fa-font-sharp-light: normal 300 1em/1 "Font Awesome 6 Sharp";
  --fa-font-sharp-thin: normal 100 1em/1 "Font Awesome 6 Sharp";
  --fa-font-sharp-duotone-solid: normal 900 1em/1 "Font Awesome 6 Sharp Duotone";
  --fa-font-sharp-duotone-regular: normal 400 1em/1 "Font Awesome 6 Sharp Duotone";
  --fa-font-sharp-duotone-light: normal 300 1em/1 "Font Awesome 6 Sharp Duotone";
  --fa-font-sharp-duotone-thin: normal 100 1em/1 "Font Awesome 6 Sharp Duotone";
}

svg:not(:root).svg-inline--fa, svg:not(:host).svg-inline--fa {
  overflow: visible;
  box-sizing: content-box;
}

.svg-inline--fa {
  display: var(--fa-display, inline-block);
  height: 1em;
  overflow: visible;
  vertical-align: -0.125em;
}
.svg-inline--fa.fa-2xs {
  vertical-align: 0.1em;
}
.svg-inline--fa.fa-xs {
  vertical-align: 0em;
}
.svg-inline--fa.fa-sm {
  vertical-align: -0.0714285705em;
}
.svg-inline--fa.fa-lg {
  vertical-align: -0.2em;
}
.svg-inline--fa.fa-xl {
  vertical-align: -0.25em;
}
.svg-inline--fa.fa-2xl {
  vertical-align: -0.3125em;
}
.svg-inline--fa.fa-pull-left {
  margin-right: var(--fa-pull-margin, 0.3em);
  width: auto;
}
.svg-inline--fa.fa-pull-right {
  margin-left: var(--fa-pull-margin, 0.3em);
  width: auto;
}
.svg-inline--fa.fa-li {
  width: var(--fa-li-width, 2em);
  top: 0.25em;
}
.svg-inline--fa.fa-fw {
  width: var(--fa-fw-width, 1.25em);
}

.fa-layers svg.svg-inline--fa {
  bottom: 0;
  left: 0;
  margin: auto;
  position: absolute;
  right: 0;
  top: 0;
}

.fa-layers-counter, .fa-layers-text {
  display: inline-block;
  position: absolute;
  text-align: center;
}

.fa-layers {
  display: inline-block;
  height: 1em;
  position: relative;
  text-align: center;
  vertical-align: -0.125em;
  width: 1em;
}
.fa-layers svg.svg-inline--fa {
  transform-origin: center center;
}

.fa-layers-text {
  left: 50%;
  top: 50%;
  transform: translate(-50%, -50%);
  transform-origin: center center;
}

.fa-layers-counter {
  background-color: var(--fa-counter-background-color, #ff253a);
  border-radius: var(--fa-counter-border-radius, 1em);
  box-sizing: border-box;
  color: var(--fa-inverse, #fff);
  line-height: var(--fa-counter-line-height, 1);
  max-width: var(--fa-counter-max-width, 5em);
  min-width: var(--fa-counter-min-width, 1.5em);
  overflow: hidden;
  padding: var(--fa-counter-padding, 0.25em 0.5em);
  right: var(--fa-right, 0);
  text-overflow: ellipsis;
  top: var(--fa-top, 0);
  transform: scale(var(--fa-counter-scale, 0.25));
  transform-origin: top right;
}

.fa-layers-bottom-right {
  bottom: var(--fa-bottom, 0);
  right: var(--fa-right, 0);
  top: auto;
  transform: scale(var(--fa-layers-scale, 0.25));
  transform-origin: bottom right;
}

.fa-layers-bottom-left {
  bottom: var(--fa-bottom, 0);
  left: var(--fa-left, 0);
  right: auto;
  top: auto;
  transform: scale(var(--fa-layers-scale, 0.25));
  transform-origin: bottom left;
}

.fa-layers-top-right {
  top: var(--fa-top, 0);
  right: var(--fa-right, 0);
  transform: scale(var(--fa-layers-scale, 0.25));
  transform-origin: top right;
}

.fa-layers-top-left {
  left: var(--fa-left, 0);
  right: auto;
  top: var(--fa-top, 0);
  transform: scale(var(--fa-layers-scale, 0.25));
  transform-origin: top left;
}

.fa-1x {
  font-size: 1em;
}

.fa-2x {
  font-size: 2em;
}

.fa-3x {
  font-size: 3em;
}

.fa-4x {
  font-size: 4em;
}

.fa-5x {
  font-size: 5em;
}

.fa-6x {
  font-size: 6em;
}

.fa-7x {
  font-size: 7em;
}

.fa-8x {
  font-size: 8em;
}

.fa-9x {
  font-size: 9em;
}

.fa-10x {
  font-size: 10em;
}

.fa-2xs {
  font-size: 0.625em;
  line-height: 0.1em;
  vertical-align: 0.225em;
}

.fa-xs {
  font-size: 0.75em;
  line-height: 0.0833333337em;
  vertical-align: 0.125em;
}

.fa-sm {
  font-size: 0.875em;
  line-height: 0.0714285718em;
  vertical-align: 0.0535714295em;
}

.fa-lg {
  font-size: 1.25em;
  line-height: 0.05em;
  vertical-align: -0.075em;
}

.fa-xl {
  font-size: 1.5em;
  line-height: 0.0416666682em;
  vertical-align: -0.125em;
}

.fa-2xl {
  font-size: 2em;
  line-height: 0.03125em;
  vertical-align: -0.1875em;
}

.fa-fw {
  text-align: center;
  width: 1.25em;
}

.fa-ul {
  list-style-type: none;
  margin-left: var(--fa-li-margin, 2.5em);
  padding-left: 0;
}
.fa-ul > li {
  position: relative;
}

.fa-li {
  left: calc(-1 * var(--fa-li-width, 2em));
  position: absolute;
  text-align: center;
  width: var(--fa-li-width, 2em);
  line-height: inherit;
}

.fa-border {
  border-color: var(--fa-border-color, #eee);
  border-radius: var(--fa-border-radius, 0.1em);
  border-style: var(--fa-border-style, solid);
  border-width: var(--fa-border-width, 0.08em);
  padding: var(--fa-border-padding, 0.2em 0.25em 0.15em);
}

.fa-pull-left {
  float: left;
  margin-right: var(--fa-pull-margin, 0.3em);
}

.fa-pull-right {
  float: right;
  margin-left: var(--fa-pull-margin, 0.3em);
}

.fa-beat {
  animation-name: fa-beat;
  animation-delay: var(--fa-animation-delay, 0s);
  animation-direction: var(--fa-animation-direction, normal);
  animation-duration: var(--fa-animation-duration, 1s);
  animation-iteration-count: var(--fa-animation-iteration-count, infinite);
  animation-timing-function: var(--fa-animation-timing, ease-in-out);
}

.fa-bounce {
  animation-name: fa-bounce;
  animation-delay: var(--fa-animation-delay, 0s);
  animation-direction: var(--fa-animation-direction, normal);
  animation-duration: var(--fa-animation-duration, 1s);
  animation-iteration-count: var(--fa-animation-iteration-count, infinite);
  animation-timing-function: var(--fa-animation-timing, cubic-bezier(0.28, 0.84, 0.42, 1));
}

.fa-fade {
  animation-name: fa-fade;
  animation-delay: var(--fa-animation-delay, 0s);
  animation-direction: var(--fa-animation-direction, normal);
  animation-duration: var(--fa-animation-duration, 1s);
  animation-iteration-count: var(--fa-animation-iteration-count, infinite);
  animation-timing-function: var(--fa-animation-timing, cubic-bezier(0.4, 0, 0.6, 1));
}

.fa-beat-fade {
  animation-name: fa-beat-fade;
  animation-delay: var(--fa-animation-delay, 0s);
  animation-direction: var(--fa-animation-direction, normal);
  animation-duration: var(--fa-animation-duration, 1s);
  animation-iteration-count: var(--fa-animation-iteration-count, infinite);
  animation-timing-function: var(--fa-animation-timing, cubic-bezier(0.4, 0, 0.6, 1));
}

.fa-flip {
  animation-name: fa-flip;
  animation-delay: var(--fa-animation-delay, 0s);
  animation-direction: var(--fa-animation-direction, normal);
  animation-duration: var(--fa-animation-duration, 1s);
  animation-iteration-count: var(--fa-animation-iteration-count, infinite);
  animation-timing-function: var(--fa-animation-timing, ease-in-out);
}

.fa-shake {
  animation-name: fa-shake;
  animation-delay: var(--fa-animation-delay, 0s);
  animation-direction: var(--fa-animation-direction, normal);
  animation-duration: var(--fa-animation-duration, 1s);
  animation-iteration-count: var(--fa-animation-iteration-count, infinite);
  animation-timing-function: var(--fa-animation-timing, linear);
}

.fa-spin {
  animation-name: fa-spin;
  animation-delay: var(--fa-animation-delay, 0s);
  animation-direction: var(--fa-animation-direction, normal);
  animation-duration: var(--fa-animation-duration, 2s);
  animation-iteration-count: var(--fa-animation-iteration-count, infinite);
  animation-timing-function: var(--fa-animation-timing, linear);
}

.fa-spin-reverse {
  --fa-animation-direction: reverse;
}

.fa-pulse,
.fa-spin-pulse {
  animation-name: fa-spin;
  animation-direction: var(--fa-animation-direction, normal);
  animation-duration: var(--fa-animation-duration, 1s);
  animation-iteration-count: var(--fa-animation-iteration-count, infinite);
  animation-timing-function: var(--fa-animation-timing, steps(8));
}

@media (prefers-reduced-motion: reduce) {
  .fa-beat,
.fa-bounce,
.fa-fade,
.fa-beat-fade,
.fa-flip,
.fa-pulse,
.fa-shake,
.fa-spin,
.fa-spin-pulse {
    animation-delay: -1ms;
    animation-duration: 1ms;
    animation-iteration-count: 1;
    transition-delay: 0s;
    transition-duration: 0s;
  }
}
@keyframes fa-beat {
  0%, 90% {
    transform: scale(1);
  }
  45% {
    transform: scale(var(--fa-beat-scale, 1.25));
  }
}
@keyframes fa-bounce {
  0% {
    transform: scale(1, 1) translateY(0);
  }
  10% {
    transform: scale(var(--fa-bounce-start-scale-x, 1.1), var(--fa-bounce-start-scale-y, 0.9)) translateY(0);
  }
  30% {
    transform: scale(var(--fa-bounce-jump-scale-x, 0.9), var(--fa-bounce-jump-scale-y, 1.1)) translateY(var(--fa-bounce-height, -0.5em));
  }
  50% {
    transform: scale(var(--fa-bounce-land-scale-x, 1.05), var(--fa-bounce-land-scale-y, 0.95)) translateY(0);
  }
  57% {
    transform: scale(1, 1) translateY(var(--fa-bounce-rebound, -0.125em));
  }
  64% {
    transform: scale(1, 1) translateY(0);
  }
  100% {
    transform: scale(1, 1) translateY(0);
  }
}
@keyframes fa-fade {
  50% {
    opacity: var(--fa-fade-opacity, 0.4);
  }
}
@keyframes fa-beat-fade {
  0%, 100% {
    opacity: var(--fa-beat-fade-opacity, 0.4);
    transform: scale(1);
  }
  50% {
    opacity: 1;
    transform: scale(var(--fa-beat-fade-scale, 1.125));
  }
}
@keyframes fa-flip {
  50% {
    transform: rotate3d(var(--fa-flip-x, 0), var(--fa-flip-y, 1), var(--fa-flip-z, 0), var(--fa-flip-angle, -180deg));
  }
}
@keyframes fa-shake {
  0% {
    transform: rotate(-15deg);
  }
  4% {
    transform: rotate(15deg);
  }
  8%, 24% {
    transform: rotate(-18deg);
  }
  12%, 28% {
    transform: rotate(18deg);
  }
  16% {
    transform: rotate(-22deg);
  }
  20% {
    transform: rotate(22deg);
  }
  32% {
    transform: rotate(-12deg);
  }
  36% {
    transform: rotate(12deg);
  }
  40%, 100% {
    transform: rotate(0deg);
  }
}
@keyframes fa-spin {
  0% {
    transform: rotate(0deg);
  }
  100% {
    transform: rotate(360deg);
  }
}
.fa-rotate-90 {
  transform: rotate(90deg);
}

.fa-rotate-180 {
  transform: rotate(180deg);
}

.fa-rotate-270 {
  transform: rotate(270deg);
}

.fa-flip-horizontal {
  transform: scale(-1, 1);
}

.fa-flip-vertical {
  transform: scale(1, -1);
}

.fa-flip-both,
.fa-flip-horizontal.fa-flip-vertical {
  transform: scale(-1, -1);
}

.fa-rotate-by {
  transform: rotate(var(--fa-rotate-angle, 0));
}

.fa-stack {
  display: inline-block;
  vertical-align: middle;
  height: 2em;
  position: relative;
  width: 2.5em;
}

.fa-stack-1x,
.fa-stack-2x {
  bottom: 0;
  left: 0;
  margin: auto;
  position: absolute;
  right: 0;
  top: 0;
  z-index: var(--fa-stack-z-index, auto);
}

.svg-inline--fa.fa-stack-1x {
  height: 1em;
  width: 1.25em;
}
.svg-inline--fa.fa-stack-2x {
  height: 2em;
  width: 2.5em;
}

.fa-inverse {
  color: var(--fa-inverse, #fff);
}

.sr-only,
.fa-sr-only {
  position: absolute;
  width: 1px;
  height: 1px;
  padding: 0;
  margin: -1px;
  overflow: hidden;
  clip: rect(0, 0, 0, 0);
  white-space: nowrap;
  border-width: 0;
}

.sr-only-focusable:not(:focus),
.fa-sr-only-focusable:not(:focus) {
  position: absolute;
  width: 1px;
  height: 1px;
  padding: 0;
  margin: -1px;
  overflow: hidden;
  clip: rect(0, 0, 0, 0);
  white-space: nowrap;
  border-width: 0;
}

.svg-inline--fa .fa-primary {
  fill: var(--fa-primary-color, currentColor);
  opacity: var(--fa-primary-opacity, 1);
}

.svg-inline--fa .fa-secondary {
  fill: var(--fa-secondary-color, currentColor);
  opacity: var(--fa-secondary-opacity, 0.4);
}

.svg-inline--fa.fa-swap-opacity .fa-primary {
  opacity: var(--fa-secondary-opacity, 0.4);
}

.svg-inline--fa.fa-swap-opacity .fa-secondary {
  opacity: var(--fa-primary-opacity, 1);
}

.svg-inline--fa mask .fa-primary,
.svg-inline--fa mask .fa-secondary {
  fill: black;
}`;function ab(){const t=tb,e=eb,n=ee.cssPrefix,r=ee.replacementClass;let i=e5;if(n!==t||r!==e){const o=new RegExp("\\.".concat(t,"\\-"),"g"),a=new RegExp("\\--".concat(t,"\\-"),"g"),c=new RegExp("\\.".concat(e),"g");i=i.replace(o,".".concat(n,"-")).replace(a,"--".concat(n,"-")).replace(c,".".concat(r))}return i}let zT=!1;function Fh(){ee.autoAddCss&&!zT&&(jM(ab()),zT=!0)}var n5={mixout(){return{dom:{css:ab,insertCss:Fh}}},hooks(){return{beforeDOMElementCreation(){Fh()},beforeI2svg(){Fh()}}}};const ds=$s||{};ds[us]||(ds[us]={});ds[us].styles||(ds[us].styles={});ds[us].hooks||(ds[us].hooks={});ds[us].shims||(ds[us].shims=[]);var Ri=ds[us];const lb=[],cb=function(){sn.removeEventListener("DOMContentLoaded",cb),Yd=1,lb.map(t=>t())};let Yd=!1;Es&&(Yd=(sn.documentElement.doScroll?/^loaded|^c/:/^loaded|^i|^c/).test(sn.readyState),Yd||sn.addEventListener("DOMContentLoaded",cb));function r5(t){Es&&(Yd?setTimeout(t,0):lb.push(t))}function Uc(t){const{tag:e,attributes:n={},children:r=[]}=t;return typeof t=="string"?ob(t):"<".concat(e," ").concat(ZM(n),">").concat(r.map(Uc).join(""),"</").concat(e,">")}function KT(t,e,n){if(t&&t[e]&&t[e][n])return{prefix:e,iconName:n,icon:t[e][n]}}var Gh=function(e,n,r,i){var o=Object.keys(e),a=o.length,c=n,u,p,d;for(r===void 0?(u=1,d=e[o[0]]):(u=0,d=r);u<a;u++)p=o[u],d=c(d,e[p],p,e);return d};function i5(t){const e=[];let n=0;const r=t.length;for(;n<r;){const i=t.charCodeAt(n++);if(i>=55296&&i<=56319&&n<r){const o=t.charCodeAt(n++);(o&64512)==56320?e.push(((i&1023)<<10)+(o&1023)+65536):(e.push(i),n--)}else e.push(i)}return e}function M0(t){const e=i5(t);return e.length===1?e[0].toString(16):null}function s5(t,e){const n=t.length;let r=t.charCodeAt(e),i;return r>=55296&&r<=56319&&n>e+1&&(i=t.charCodeAt(e+1),i>=56320&&i<=57343)?(r-55296)*1024+i-56320+65536:r}function XT(t){return Object.keys(t).reduce((e,n)=>{const r=t[n];return!!r.icon?e[r.iconName]=r.icon:e[n]=r,e},{})}function H0(t,e){let n=arguments.length>2&&arguments[2]!==void 0?arguments[2]:{};const{skipHooks:r=!1}=n,i=XT(e);typeof Ri.hooks.addPack=="function"&&!r?Ri.hooks.addPack(t,XT(e)):Ri.styles[t]=Pt(Pt({},Ri.styles[t]||{}),i),t==="fas"&&H0("fa",e)}const{styles:_c,shims:o5}=Ri,ub=Object.keys(T_),a5=ub.reduce((t,e)=>(t[e]=Object.keys(T_[e]),t),{});let A_=null,db={},fb={},pb={},hb={},mb={};function l5(t){return~KM.indexOf(t)}function c5(t,e){const n=e.split("-"),r=n[0],i=n.slice(1).join("-");return r===t&&i!==""&&!l5(i)?i:null}const _b=()=>{const t=r=>Gh(_c,(i,o,a)=>(i[a]=Gh(o,r,{}),i),{});db=t((r,i,o)=>(i[3]&&(r[i[3]]=o),i[2]&&i[2].filter(c=>typeof c=="number").forEach(c=>{r[c.toString(16)]=o}),r)),fb=t((r,i,o)=>(r[o]=o,i[2]&&i[2].filter(c=>typeof c=="string").forEach(c=>{r[c]=o}),r)),mb=t((r,i,o)=>{const a=i[2];return r[o]=o,a.forEach(c=>{r[c]=o}),r});const e="far"in _c||ee.autoFetchSvg,n=Gh(o5,(r,i)=>{const o=i[0];let a=i[1];const c=i[2];return a==="far"&&!e&&(a="fas"),typeof o=="string"&&(r.names[o]={prefix:a,iconName:c}),typeof o=="number"&&(r.unicodes[o.toString(16)]={prefix:a,iconName:c}),r},{names:{},unicodes:{}});pb=n.names,hb=n.unicodes,A_=Hf(ee.styleDefault,{family:ee.familyDefault})};qM(t=>{A_=Hf(t.styleDefault,{family:ee.familyDefault})});_b();function R_(t,e){return(db[t]||{})[e]}function u5(t,e){return(fb[t]||{})[e]}function Ro(t,e){return(mb[t]||{})[e]}function Eb(t){return pb[t]||{prefix:null,iconName:null}}function d5(t){const e=hb[t],n=R_("fas",t);return e||(n?{prefix:"fas",iconName:n}:null)||{prefix:null,iconName:null}}function Vs(){return A_}const gb=()=>({prefix:null,iconName:null,rest:[]});function f5(t){let e=Kn;const n=ub.reduce((r,i)=>(r[i]="".concat(ee.cssPrefix,"-").concat(i),r),{});return ZR.forEach(r=>{(t.includes(n[r])||t.some(i=>a5[r].includes(i)))&&(e=r)}),e}function Hf(t){let e=arguments.length>1&&arguments[1]!==void 0?arguments[1]:{};const{family:n=Kn}=e,r=$M[n][t];if(n===Pf&&!t)return"fad";const i=GT[n][t]||GT[n][r],o=t in Ri.styles?t:null;return i||o||null}function p5(t){let e=[],n=null;return t.forEach(r=>{const i=c5(ee.cssPrefix,r);i?n=i:r&&e.push(r)}),{iconName:n,rest:e}}function YT(t){return t.sort().filter((e,n,r)=>r.indexOf(e)===n)}function Wf(t){let e=arguments.length>1&&arguments[1]!==void 0?arguments[1]:{};const{skipLookups:n=!1}=e;let r=null;const i=x0.concat(IM),o=YT(t.filter(_=>i.includes(_))),a=YT(t.filter(_=>!x0.includes(_))),c=o.filter(_=>(r=_,!JR.includes(_))),[u=null]=c,p=f5(o),d=Pt(Pt({},p5(a)),{},{prefix:Hf(u,{family:p})});return Pt(Pt(Pt({},d),E5({values:t,family:p,styles:_c,config:ee,canonical:d,givenPrefix:r})),h5(n,r,d))}function h5(t,e,n){let{prefix:r,iconName:i}=n;if(t||!r||!i)return{prefix:r,iconName:i};const o=e==="fa"?Eb(i):{},a=Ro(r,i);return i=o.iconName||a||i,r=o.prefix||r,r==="far"&&!_c.far&&_c.fas&&!ee.autoFetchSvg&&(r="fas"),{prefix:r,iconName:i}}const m5=ZR.filter(t=>t!==Kn||t!==Pf),_5=Object.keys(N0).filter(t=>t!==Kn).map(t=>Object.keys(N0[t])).flat();function E5(t){const{values:e,family:n,canonical:r,givenPrefix:i="",styles:o={},config:a={}}=t,c=n===Pf,u=e.includes("fa-duotone")||e.includes("fad"),p=a.familyDefault==="duotone",d=r.prefix==="fad"||r.prefix==="fa-duotone";if(!c&&(u||p||d)&&(r.prefix="fad"),(e.includes("fa-brands")||e.includes("fab"))&&(r.prefix="fab"),!r.prefix&&m5.includes(n)&&(Object.keys(o).find(S=>_5.includes(S))||a.autoFetchSvg)){const S=SM.get(n).defaultShortPrefixId;r.prefix=S,r.iconName=Ro(r.prefix,r.iconName)||r.iconName}return(r.prefix==="fa"||i==="fa")&&(r.prefix=Vs()||"fas"),r}class g5{constructor(){this.definitions={}}add(){for(var e=arguments.length,n=new Array(e),r=0;r<e;r++)n[r]=arguments[r];const i=n.reduce(this._pullDefinitions,{});Object.keys(i).forEach(o=>{this.definitions[o]=Pt(Pt({},this.definitions[o]||{}),i[o]),H0(o,i[o]);const a=T_[Kn][o];a&&H0(a,i[o]),_b()})}reset(){this.definitions={}}_pullDefinitions(e,n){const r=n.prefix&&n.iconName&&n.icon?{0:n}:n;return Object.keys(r).map(i=>{const{prefix:o,iconName:a,icon:c}=r[i],u=c[2];e[o]||(e[o]={}),u.length>0&&u.forEach(p=>{typeof p=="string"&&(e[o][p]=c)}),e[o][a]=c}),e}}let qT=[],va={};const Ia={},T5=Object.keys(Ia);function v5(t,e){let{mixoutsTo:n}=e;return qT=t,va={},Object.keys(Ia).forEach(r=>{T5.indexOf(r)===-1&&delete Ia[r]}),qT.forEach(r=>{const i=r.mixout?r.mixout():{};if(Object.keys(i).forEach(o=>{typeof i[o]=="function"&&(n[o]=i[o]),typeof i[o]=="object"&&Object.keys(i[o]).forEach(a=>{n[o]||(n[o]={}),n[o][a]=i[o][a]})}),r.hooks){const o=r.hooks();Object.keys(o).forEach(a=>{va[a]||(va[a]=[]),va[a].push(o[a])})}r.provides&&r.provides(Ia)}),n}function W0(t,e){for(var n=arguments.length,r=new Array(n>2?n-2:0),i=2;i<n;i++)r[i-2]=arguments[i];return(va[t]||[]).forEach(a=>{e=a.apply(null,[e,...r])}),e}function Mo(t){for(var e=arguments.length,n=new Array(e>1?e-1:0),r=1;r<e;r++)n[r-1]=arguments[r];(va[t]||[]).forEach(o=>{o.apply(null,n)})}function Fs(){const t=arguments[0],e=Array.prototype.slice.call(arguments,1);return Ia[t]?Ia[t].apply(null,e):void 0}function U0(t){t.prefix==="fa"&&(t.prefix="fas");let{iconName:e}=t;const n=t.prefix||Vs();if(e)return e=Ro(n,e)||e,KT(Tb.definitions,n,e)||KT(Ri.styles,n,e)}const Tb=new g5,S5=()=>{ee.autoReplaceSvg=!1,ee.observeMutations=!1,Mo("noAuto")},A5={i2svg:function(){let t=arguments.length>0&&arguments[0]!==void 0?arguments[0]:{};return Es?(Mo("beforeI2svg",t),Fs("pseudoElements2svg",t),Fs("i2svg",t)):Promise.reject(new Error("Operation requires a DOM of some kind."))},watch:function(){let t=arguments.length>0&&arguments[0]!==void 0?arguments[0]:{};const{autoReplaceSvgRoot:e}=t;ee.autoReplaceSvg===!1&&(ee.autoReplaceSvg=!0),ee.observeMutations=!0,r5(()=>{b5({autoReplaceSvgRoot:e}),Mo("watch",t)})}},R5={icon:t=>{if(t===null)return null;if(typeof t=="object"&&t.prefix&&t.iconName)return{prefix:t.prefix,iconName:Ro(t.prefix,t.iconName)||t.iconName};if(Array.isArray(t)&&t.length===2){const e=t[1].indexOf("fa-")===0?t[1].slice(3):t[1],n=Hf(t[0]);return{prefix:n,iconName:Ro(n,e)||e}}if(typeof t=="string"&&(t.indexOf("".concat(ee.cssPrefix,"-"))>-1||t.match(VM))){const e=Wf(t.split(" "),{skipLookups:!0});return{prefix:e.prefix||Vs(),iconName:Ro(e.prefix,e.iconName)||e.iconName}}if(typeof t=="string"){const e=Vs();return{prefix:e,iconName:Ro(e,t)||t}}}},Ir={noAuto:S5,config:ee,dom:A5,parse:R5,library:Tb,findIconDefinition:U0,toHtml:Uc},b5=function(){let t=arguments.length>0&&arguments[0]!==void 0?arguments[0]:{};const{autoReplaceSvgRoot:e=sn}=t;(Object.keys(Ri.styles).length>0||ee.autoFetchSvg)&&Es&&ee.autoReplaceSvg&&Ir.dom.i2svg({node:e})};function Uf(t,e){return Object.defineProperty(t,"abstract",{get:e}),Object.defineProperty(t,"html",{get:function(){return t.abstract.map(n=>Uc(n))}}),Object.defineProperty(t,"node",{get:function(){if(!Es)return;const n=sn.createElement("div");return n.innerHTML=t.html,n.children}}),t}function y5(t){let{children:e,main:n,mask:r,attributes:i,styles:o,transform:a}=t;if(S_(a)&&n.found&&!r.found){const{width:c,height:u}=n,p={x:c/u/2,y:.5};i.style=Mf(Pt(Pt({},o),{},{"transform-origin":"".concat(p.x+a.x/16,"em ").concat(p.y+a.y/16,"em")}))}return[{tag:"svg",attributes:i,children:e}]}function O5(t){let{prefix:e,iconName:n,children:r,attributes:i,symbol:o}=t;const a=o===!0?"".concat(e,"-").concat(ee.cssPrefix,"-").concat(n):o;return[{tag:"svg",attributes:{style:"display: none;"},children:[{tag:"symbol",attributes:Pt(Pt({},i),{},{id:a}),children:r}]}]}function b_(t){const{icons:{main:e,mask:n},prefix:r,iconName:i,transform:o,symbol:a,title:c,maskId:u,titleId:p,extra:d,watchable:_=!1}=t,{width:S,height:R}=n.found?n:e,T=OM.includes(r),b=[ee.replacementClass,i?"".concat(ee.cssPrefix,"-").concat(i):""].filter(G=>d.classes.indexOf(G)===-1).filter(G=>G!==""||!!G).concat(d.classes).join(" ");let N={children:[],attributes:Pt(Pt({},d.attributes),{},{"data-prefix":r,"data-icon":i,class:b,role:d.attributes.role||"img",xmlns:"http://www.w3.org/2000/svg",viewBox:"0 0 ".concat(S," ").concat(R)})};const C=T&&!~d.classes.indexOf("fa-fw")?{width:"".concat(S/R*16*.0625,"em")}:{};_&&(N.attributes[Po]=""),c&&(N.children.push({tag:"title",attributes:{id:N.attributes["aria-labelledby"]||"title-".concat(p||mc())},children:[c]}),delete N.attributes.title);const D=Pt(Pt({},N),{},{prefix:r,iconName:i,main:e,mask:n,maskId:u,transform:o,symbol:a,styles:Pt(Pt({},C),d.styles)}),{children:W,attributes:O}=n.found&&e.found?Fs("generateAbstractMask",D)||{children:[],attributes:{}}:Fs("generateAbstractIcon",D)||{children:[],attributes:{}};return D.children=W,D.attributes=O,a?O5(D):y5(D)}function jT(t){const{content:e,width:n,height:r,transform:i,title:o,extra:a,watchable:c=!1}=t,u=Pt(Pt(Pt({},a.attributes),o?{title:o}:{}),{},{class:a.classes.join(" ")});c&&(u[Po]="");const p=Pt({},a.styles);S_(i)&&(p.transform=t5({transform:i,startCentered:!0,width:n,height:r}),p["-webkit-transform"]=p.transform);const d=Mf(p);d.length>0&&(u.style=d);const _=[];return _.push({tag:"span",attributes:u,children:[e]}),o&&_.push({tag:"span",attributes:{class:"sr-only"},children:[o]}),_}function L5(t){const{content:e,title:n,extra:r}=t,i=Pt(Pt(Pt({},r.attributes),n?{title:n}:{}),{},{class:r.classes.join(" ")}),o=Mf(r.styles);o.length>0&&(i.style=o);const a=[];return a.push({tag:"span",attributes:i,children:[e]}),n&&a.push({tag:"span",attributes:{class:"sr-only"},children:[n]}),a}const{styles:zh}=Ri;function $0(t){const e=t[0],n=t[1],[r]=t.slice(4);let i=null;return Array.isArray(r)?i={tag:"g",attributes:{class:"".concat(ee.cssPrefix,"-").concat(Vh.GROUP)},children:[{tag:"path",attributes:{class:"".concat(ee.cssPrefix,"-").concat(Vh.SECONDARY),fill:"currentColor",d:r[0]}},{tag:"path",attributes:{class:"".concat(ee.cssPrefix,"-").concat(Vh.PRIMARY),fill:"currentColor",d:r[1]}}]}:i={tag:"path",attributes:{fill:"currentColor",d:r}},{found:!0,width:e,height:n,icon:i}}const C5={found:!1,width:512,height:512};function I5(t,e){!nb&&!ee.showMissingIcons&&t&&console.error('Icon with name "'.concat(t,'" and prefix "').concat(e,'" is missing.'))}function V0(t,e){let n=e;return e==="fa"&&ee.styleDefault!==null&&(e=Vs()),new Promise((r,i)=>{if(n==="fa"){const o=Eb(t)||{};t=o.iconName||t,e=o.prefix||e}if(t&&e&&zh[e]&&zh[e][t]){const o=zh[e][t];return r($0(o))}I5(t,e),r(Pt(Pt({},C5),{},{icon:ee.showMissingIcons&&t?Fs("missingIconAbstract")||{}:{}}))})}const JT=()=>{},F0=ee.measurePerformance&&Zu&&Zu.mark&&Zu.measure?Zu:{mark:JT,measure:JT},Fl='FA "6.7.2"',N5=t=>(F0.mark("".concat(Fl," ").concat(t," begins")),()=>vb(t)),vb=t=>{F0.mark("".concat(Fl," ").concat(t," ends")),F0.measure("".concat(Fl," ").concat(t),"".concat(Fl," ").concat(t," begins"),"".concat(Fl," ").concat(t," ends"))};var y_={begin:N5,end:vb};const Rd=()=>{};function ZT(t){return typeof(t.getAttribute?t.getAttribute(Po):null)=="string"}function x5(t){const e=t.getAttribute?t.getAttribute(E_):null,n=t.getAttribute?t.getAttribute(g_):null;return e&&n}function w5(t){return t&&t.classList&&t.classList.contains&&t.classList.contains(ee.replacementClass)}function k5(){return ee.autoReplaceSvg===!0?bd.replace:bd[ee.autoReplaceSvg]||bd.replace}function B5(t){return sn.createElementNS("http://www.w3.org/2000/svg",t)}function D5(t){return sn.createElement(t)}function Sb(t){let e=arguments.length>1&&arguments[1]!==void 0?arguments[1]:{};const{ceFn:n=t.tag==="svg"?B5:D5}=e;if(typeof t=="string")return sn.createTextNode(t);const r=n(t.tag);return Object.keys(t.attributes||[]).forEach(function(o){r.setAttribute(o,t.attributes[o])}),(t.children||[]).forEach(function(o){r.appendChild(Sb(o,{ceFn:n}))}),r}function P5(t){let e=" ".concat(t.outerHTML," ");return e="".concat(e,"Font Awesome fontawesome.com "),e}const bd={replace:function(t){const e=t[0];if(e.parentNode)if(t[1].forEach(n=>{e.parentNode.insertBefore(Sb(n),e)}),e.getAttribute(Po)===null&&ee.keepOriginalSource){let n=sn.createComment(P5(e));e.parentNode.replaceChild(n,e)}else e.remove()},nest:function(t){const e=t[0],n=t[1];if(~v_(e).indexOf(ee.replacementClass))return bd.replace(t);const r=new RegExp("".concat(ee.cssPrefix,"-.*"));if(delete n[0].attributes.id,n[0].attributes.class){const o=n[0].attributes.class.split(" ").reduce((a,c)=>(c===ee.replacementClass||c.match(r)?a.toSvg.push(c):a.toNode.push(c),a),{toNode:[],toSvg:[]});n[0].attributes.class=o.toSvg.join(" "),o.toNode.length===0?e.removeAttribute("class"):e.setAttribute("class",o.toNode.join(" "))}const i=n.map(o=>Uc(o)).join(`
`);e.setAttribute(Po,""),e.innerHTML=i}};function QT(t){t()}function Ab(t,e){const n=typeof e=="function"?e:Rd;if(t.length===0)n();else{let r=QT;ee.mutateApproach===WM&&(r=$s.requestAnimationFrame||QT),r(()=>{const i=k5(),o=y_.begin("mutate");t.map(i),o(),n()})}}let O_=!1;function Rb(){O_=!0}function G0(){O_=!1}let qd=null;function tv(t){if(!UT||!ee.observeMutations)return;const{treeCallback:e=Rd,nodeCallback:n=Rd,pseudoElementsCallback:r=Rd,observeMutationsRoot:i=sn}=t;qd=new UT(o=>{if(O_)return;const a=Vs();rl(o).forEach(c=>{if(c.type==="childList"&&c.addedNodes.length>0&&!ZT(c.addedNodes[0])&&(ee.searchPseudoElements&&r(c.target),e(c.target)),c.type==="attributes"&&c.target.parentNode&&ee.searchPseudoElements&&r(c.target.parentNode),c.type==="attributes"&&ZT(c.target)&&~zM.indexOf(c.attributeName))if(c.attributeName==="class"&&x5(c.target)){const{prefix:u,iconName:p}=Wf(v_(c.target));c.target.setAttribute(E_,u||a),p&&c.target.setAttribute(g_,p)}else w5(c.target)&&n(c.target)})}),Es&&qd.observe(i,{childList:!0,attributes:!0,characterData:!0,subtree:!0})}function M5(){qd&&qd.disconnect()}function H5(t){const e=t.getAttribute("style");let n=[];return e&&(n=e.split(";").reduce((r,i)=>{const o=i.split(":"),a=o[0],c=o.slice(1);return a&&c.length>0&&(r[a]=c.join(":").trim()),r},{})),n}function W5(t){const e=t.getAttribute("data-prefix"),n=t.getAttribute("data-icon"),r=t.innerText!==void 0?t.innerText.trim():"";let i=Wf(v_(t));return i.prefix||(i.prefix=Vs()),e&&n&&(i.prefix=e,i.iconName=n),i.iconName&&i.prefix||(i.prefix&&r.length>0&&(i.iconName=u5(i.prefix,t.innerText)||R_(i.prefix,M0(t.innerText))),!i.iconName&&ee.autoFetchSvg&&t.firstChild&&t.firstChild.nodeType===Node.TEXT_NODE&&(i.iconName=t.firstChild.data)),i}function U5(t){const e=rl(t.attributes).reduce((i,o)=>(i.name!=="class"&&i.name!=="style"&&(i[o.name]=o.value),i),{}),n=t.getAttribute("title"),r=t.getAttribute("data-fa-title-id");return ee.autoA11y&&(n?e["aria-labelledby"]="".concat(ee.replacementClass,"-title-").concat(r||mc()):(e["aria-hidden"]="true",e.focusable="false")),e}function $5(){return{iconName:null,title:null,titleId:null,prefix:null,transform:Ai,symbol:!1,mask:{iconName:null,prefix:null,rest:[]},maskId:null,extra:{classes:[],styles:{},attributes:{}}}}function ev(t){let e=arguments.length>1&&arguments[1]!==void 0?arguments[1]:{styleParser:!0};const{iconName:n,prefix:r,rest:i}=W5(t),o=U5(t),a=W0("parseNodeAttributes",{},t);let c=e.styleParser?H5(t):[];return Pt({iconName:n,title:t.getAttribute("title"),titleId:t.getAttribute("data-fa-title-id"),prefix:r,transform:Ai,mask:{iconName:null,prefix:null,rest:[]},maskId:null,symbol:!1,extra:{classes:i,styles:c,attributes:o}},a)}const{styles:V5}=Ri;function bb(t){const e=ee.autoReplaceSvg==="nest"?ev(t,{styleParser:!1}):ev(t);return~e.extra.classes.indexOf(ib)?Fs("generateLayersText",t,e):Fs("generateSvgReplacementMutation",t,e)}function F5(){return[...RM,...x0]}function nv(t){let e=arguments.length>1&&arguments[1]!==void 0?arguments[1]:null;if(!Es)return Promise.resolve();const n=sn.documentElement.classList,r=d=>n.add("".concat(FT,"-").concat(d)),i=d=>n.remove("".concat(FT,"-").concat(d)),o=ee.autoFetchSvg?F5():JR.concat(Object.keys(V5));o.includes("fa")||o.push("fa");const a=[".".concat(ib,":not([").concat(Po,"])")].concat(o.map(d=>".".concat(d,":not([").concat(Po,"])"))).join(", ");if(a.length===0)return Promise.resolve();let c=[];try{c=rl(t.querySelectorAll(a))}catch{}if(c.length>0)r("pending"),i("complete");else return Promise.resolve();const u=y_.begin("onTree"),p=c.reduce((d,_)=>{try{const S=bb(_);S&&d.push(S)}catch(S){nb||S.name==="MissingIcon"&&console.error(S)}return d},[]);return new Promise((d,_)=>{Promise.all(p).then(S=>{Ab(S,()=>{r("active"),r("complete"),i("pending"),typeof e=="function"&&e(),u(),d()})}).catch(S=>{u(),_(S)})})}function G5(t){let e=arguments.length>1&&arguments[1]!==void 0?arguments[1]:null;bb(t).then(n=>{n&&Ab([n],e)})}function z5(t){return function(e){let n=arguments.length>1&&arguments[1]!==void 0?arguments[1]:{};const r=(e||{}).icon?e:U0(e||{});let{mask:i}=n;return i&&(i=(i||{}).icon?i:U0(i||{})),t(r,Pt(Pt({},n),{},{mask:i}))}}const K5=function(t){let e=arguments.length>1&&arguments[1]!==void 0?arguments[1]:{};const{transform:n=Ai,symbol:r=!1,mask:i=null,maskId:o=null,title:a=null,titleId:c=null,classes:u=[],attributes:p={},styles:d={}}=e;if(!t)return;const{prefix:_,iconName:S,icon:R}=t;return Uf(Pt({type:"icon"},t),()=>(Mo("beforeDOMElementCreation",{iconDefinition:t,params:e}),ee.autoA11y&&(a?p["aria-labelledby"]="".concat(ee.replacementClass,"-title-").concat(c||mc()):(p["aria-hidden"]="true",p.focusable="false")),b_({icons:{main:$0(R),mask:i?$0(i.icon):{found:!1,width:null,height:null,icon:{}}},prefix:_,iconName:S,transform:Pt(Pt({},Ai),n),symbol:r,title:a,maskId:o,titleId:c,extra:{attributes:p,styles:d,classes:u}})))};var X5={mixout(){return{icon:z5(K5)}},hooks(){return{mutationObserverCallbacks(t){return t.treeCallback=nv,t.nodeCallback=G5,t}}},provides(t){t.i2svg=function(e){const{node:n=sn,callback:r=()=>{}}=e;return nv(n,r)},t.generateSvgReplacementMutation=function(e,n){const{iconName:r,title:i,titleId:o,prefix:a,transform:c,symbol:u,mask:p,maskId:d,extra:_}=n;return new Promise((S,R)=>{Promise.all([V0(r,a),p.iconName?V0(p.iconName,p.prefix):Promise.resolve({found:!1,width:512,height:512,icon:{}})]).then(T=>{let[b,N]=T;S([e,b_({icons:{main:b,mask:N},prefix:a,iconName:r,transform:c,symbol:u,maskId:d,title:i,titleId:o,extra:_,watchable:!0})])}).catch(R)})},t.generateAbstractIcon=function(e){let{children:n,attributes:r,main:i,transform:o,styles:a}=e;const c=Mf(a);c.length>0&&(r.style=c);let u;return S_(o)&&(u=Fs("generateAbstractTransformGrouping",{main:i,transform:o,containerWidth:i.width,iconWidth:i.width})),n.push(u||i.icon),{children:n,attributes:r}}}},Y5={mixout(){return{layer(t){let e=arguments.length>1&&arguments[1]!==void 0?arguments[1]:{};const{classes:n=[]}=e;return Uf({type:"layer"},()=>{Mo("beforeDOMElementCreation",{assembler:t,params:e});let r=[];return t(i=>{Array.isArray(i)?i.map(o=>{r=r.concat(o.abstract)}):r=r.concat(i.abstract)}),[{tag:"span",attributes:{class:["".concat(ee.cssPrefix,"-layers"),...n].join(" ")},children:r}]})}}}},q5={mixout(){return{counter(t){let e=arguments.length>1&&arguments[1]!==void 0?arguments[1]:{};const{title:n=null,classes:r=[],attributes:i={},styles:o={}}=e;return Uf({type:"counter",content:t},()=>(Mo("beforeDOMElementCreation",{content:t,params:e}),L5({content:t.toString(),title:n,extra:{attributes:i,styles:o,classes:["".concat(ee.cssPrefix,"-layers-counter"),...r]}})))}}}},j5={mixout(){return{text(t){let e=arguments.length>1&&arguments[1]!==void 0?arguments[1]:{};const{transform:n=Ai,title:r=null,classes:i=[],attributes:o={},styles:a={}}=e;return Uf({type:"text",content:t},()=>(Mo("beforeDOMElementCreation",{content:t,params:e}),jT({content:t,transform:Pt(Pt({},Ai),n),title:r,extra:{attributes:o,styles:a,classes:["".concat(ee.cssPrefix,"-layers-text"),...i]}})))}}},provides(t){t.generateLayersText=function(e,n){const{title:r,transform:i,extra:o}=n;let a=null,c=null;if(qR){const u=parseInt(getComputedStyle(e).fontSize,10),p=e.getBoundingClientRect();a=p.width/u,c=p.height/u}return ee.autoA11y&&!r&&(o.attributes["aria-hidden"]="true"),Promise.resolve([e,jT({content:e.innerHTML,width:a,height:c,transform:i,title:r,extra:o,watchable:!0})])}}};const J5=new RegExp('"',"ug"),rv=[1105920,1112319],iv=Pt(Pt(Pt(Pt({},{FontAwesome:{normal:"fas",400:"fas"}}),vM),MM),NM),z0=Object.keys(iv).reduce((t,e)=>(t[e.toLowerCase()]=iv[e],t),{}),Z5=Object.keys(z0).reduce((t,e)=>{const n=z0[e];return t[e]=n[900]||[...Object.entries(n)][0][1],t},{});function Q5(t){const e=t.replace(J5,""),n=s5(e,0),r=n>=rv[0]&&n<=rv[1],i=e.length===2?e[0]===e[1]:!1;return{value:M0(i?e[0]:e),isSecondary:r||i}}function tH(t,e){const n=t.replace(/^['"]|['"]$/g,"").toLowerCase(),r=parseInt(e),i=isNaN(r)?"normal":r;return(z0[n]||{})[i]||Z5[n]}function sv(t,e){const n="".concat(HM).concat(e.replace(":","-"));return new Promise((r,i)=>{if(t.getAttribute(n)!==null)return r();const a=rl(t.children).filter(S=>S.getAttribute(k0)===e)[0],c=$s.getComputedStyle(t,e),u=c.getPropertyValue("font-family"),p=u.match(FM),d=c.getPropertyValue("font-weight"),_=c.getPropertyValue("content");if(a&&!p)return t.removeChild(a),r();if(p&&_!=="none"&&_!==""){const S=c.getPropertyValue("content");let R=tH(u,d);const{value:T,isSecondary:b}=Q5(S),N=p[0].startsWith("FontAwesome");let C=R_(R,T),D=C;if(N){const W=d5(T);W.iconName&&W.prefix&&(C=W.iconName,R=W.prefix)}if(C&&!b&&(!a||a.getAttribute(E_)!==R||a.getAttribute(g_)!==D)){t.setAttribute(n,D),a&&t.removeChild(a);const W=$5(),{extra:O}=W;O.attributes[k0]=e,V0(C,R).then(G=>{const M=b_(Pt(Pt({},W),{},{icons:{main:G,mask:gb()},prefix:R,iconName:D,extra:O,watchable:!0})),z=sn.createElementNS("http://www.w3.org/2000/svg","svg");e==="::before"?t.insertBefore(z,t.firstChild):t.appendChild(z),z.outerHTML=M.map(tt=>Uc(tt)).join(`
`),t.removeAttribute(n),r()}).catch(i)}else r()}else r()})}function eH(t){return Promise.all([sv(t,"::before"),sv(t,"::after")])}function nH(t){return t.parentNode!==document.head&&!~UM.indexOf(t.tagName.toUpperCase())&&!t.getAttribute(k0)&&(!t.parentNode||t.parentNode.tagName!=="svg")}function ov(t){if(Es)return new Promise((e,n)=>{const r=rl(t.querySelectorAll("*")).filter(nH).map(eH),i=y_.begin("searchPseudoElements");Rb(),Promise.all(r).then(()=>{i(),G0(),e()}).catch(()=>{i(),G0(),n()})})}var rH={hooks(){return{mutationObserverCallbacks(t){return t.pseudoElementsCallback=ov,t}}},provides(t){t.pseudoElements2svg=function(e){const{node:n=sn}=e;ee.searchPseudoElements&&ov(n)}}};let av=!1;var iH={mixout(){return{dom:{unwatch(){Rb(),av=!0}}}},hooks(){return{bootstrap(){tv(W0("mutationObserverCallbacks",{}))},noAuto(){M5()},watch(t){const{observeMutationsRoot:e}=t;av?G0():tv(W0("mutationObserverCallbacks",{observeMutationsRoot:e}))}}}};const lv=t=>{let e={size:16,x:0,y:0,flipX:!1,flipY:!1,rotate:0};return t.toLowerCase().split(" ").reduce((n,r)=>{const i=r.toLowerCase().split("-"),o=i[0];let a=i.slice(1).join("-");if(o&&a==="h")return n.flipX=!0,n;if(o&&a==="v")return n.flipY=!0,n;if(a=parseFloat(a),isNaN(a))return n;switch(o){case"grow":n.size=n.size+a;break;case"shrink":n.size=n.size-a;break;case"left":n.x=n.x-a;break;case"right":n.x=n.x+a;break;case"up":n.y=n.y-a;break;case"down":n.y=n.y+a;break;case"rotate":n.rotate=n.rotate+a;break}return n},e)};var sH={mixout(){return{parse:{transform:t=>lv(t)}}},hooks(){return{parseNodeAttributes(t,e){const n=e.getAttribute("data-fa-transform");return n&&(t.transform=lv(n)),t}}},provides(t){t.generateAbstractTransformGrouping=function(e){let{main:n,transform:r,containerWidth:i,iconWidth:o}=e;const a={transform:"translate(".concat(i/2," 256)")},c="translate(".concat(r.x*32,", ").concat(r.y*32,") "),u="scale(".concat(r.size/16*(r.flipX?-1:1),", ").concat(r.size/16*(r.flipY?-1:1),") "),p="rotate(".concat(r.rotate," 0 0)"),d={transform:"".concat(c," ").concat(u," ").concat(p)},_={transform:"translate(".concat(o/2*-1," -256)")},S={outer:a,inner:d,path:_};return{tag:"g",attributes:Pt({},S.outer),children:[{tag:"g",attributes:Pt({},S.inner),children:[{tag:n.icon.tag,children:n.icon.children,attributes:Pt(Pt({},n.icon.attributes),S.path)}]}]}}}};const Kh={x:0,y:0,width:"100%",height:"100%"};function cv(t){let e=arguments.length>1&&arguments[1]!==void 0?arguments[1]:!0;return t.attributes&&(t.attributes.fill||e)&&(t.attributes.fill="black"),t}function oH(t){return t.tag==="g"?t.children:[t]}var aH={hooks(){return{parseNodeAttributes(t,e){const n=e.getAttribute("data-fa-mask"),r=n?Wf(n.split(" ").map(i=>i.trim())):gb();return r.prefix||(r.prefix=Vs()),t.mask=r,t.maskId=e.getAttribute("data-fa-mask-id"),t}}},provides(t){t.generateAbstractMask=function(e){let{children:n,attributes:r,main:i,mask:o,maskId:a,transform:c}=e;const{width:u,icon:p}=i,{width:d,icon:_}=o,S=QM({transform:c,containerWidth:d,iconWidth:u}),R={tag:"rect",attributes:Pt(Pt({},Kh),{},{fill:"white"})},T=p.children?{children:p.children.map(cv)}:{},b={tag:"g",attributes:Pt({},S.inner),children:[cv(Pt({tag:p.tag,attributes:Pt(Pt({},p.attributes),S.path)},T))]},N={tag:"g",attributes:Pt({},S.outer),children:[b]},C="mask-".concat(a||mc()),D="clip-".concat(a||mc()),W={tag:"mask",attributes:Pt(Pt({},Kh),{},{id:C,maskUnits:"userSpaceOnUse",maskContentUnits:"userSpaceOnUse"}),children:[R,N]},O={tag:"defs",children:[{tag:"clipPath",attributes:{id:D},children:oH(_)},W]};return n.push(O,{tag:"rect",attributes:Pt({fill:"currentColor","clip-path":"url(#".concat(D,")"),mask:"url(#".concat(C,")")},Kh)}),{children:n,attributes:r}}}},lH={provides(t){let e=!1;$s.matchMedia&&(e=$s.matchMedia("(prefers-reduced-motion: reduce)").matches),t.missingIconAbstract=function(){const n=[],r={fill:"currentColor"},i={attributeType:"XML",repeatCount:"indefinite",dur:"2s"};n.push({tag:"path",attributes:Pt(Pt({},r),{},{d:"M156.5,447.7l-12.6,29.5c-18.7-9.5-35.9-21.2-51.5-34.9l22.7-22.7C127.6,430.5,141.5,440,156.5,447.7z M40.6,272H8.5 c1.4,21.2,5.4,41.7,11.7,61.1L50,321.2C45.1,305.5,41.8,289,40.6,272z M40.6,240c1.4-18.8,5.2-37,11.1-54.1l-29.5-12.6 C14.7,194.3,10,216.7,8.5,240H40.6z M64.3,156.5c7.8-14.9,17.2-28.8,28.1-41.5L69.7,92.3c-13.7,15.6-25.5,32.8-34.9,51.5 L64.3,156.5z M397,419.6c-13.9,12-29.4,22.3-46.1,30.4l11.9,29.8c20.7-9.9,39.8-22.6,56.9-37.6L397,419.6z M115,92.4 c13.9-12,29.4-22.3,46.1-30.4l-11.9-29.8c-20.7,9.9-39.8,22.6-56.8,37.6L115,92.4z M447.7,355.5c-7.8,14.9-17.2,28.8-28.1,41.5 l22.7,22.7c13.7-15.6,25.5-32.9,34.9-51.5L447.7,355.5z M471.4,272c-1.4,18.8-5.2,37-11.1,54.1l29.5,12.6 c7.5-21.1,12.2-43.5,13.6-66.8H471.4z M321.2,462c-15.7,5-32.2,8.2-49.2,9.4v32.1c21.2-1.4,41.7-5.4,61.1-11.7L321.2,462z M240,471.4c-18.8-1.4-37-5.2-54.1-11.1l-12.6,29.5c21.1,7.5,43.5,12.2,66.8,13.6V471.4z M462,190.8c5,15.7,8.2,32.2,9.4,49.2h32.1 c-1.4-21.2-5.4-41.7-11.7-61.1L462,190.8z M92.4,397c-12-13.9-22.3-29.4-30.4-46.1l-29.8,11.9c9.9,20.7,22.6,39.8,37.6,56.9 L92.4,397z M272,40.6c18.8,1.4,36.9,5.2,54.1,11.1l12.6-29.5C317.7,14.7,295.3,10,272,8.5V40.6z M190.8,50 c15.7-5,32.2-8.2,49.2-9.4V8.5c-21.2,1.4-41.7,5.4-61.1,11.7L190.8,50z M442.3,92.3L419.6,115c12,13.9,22.3,29.4,30.5,46.1 l29.8-11.9C470,128.5,457.3,109.4,442.3,92.3z M397,92.4l22.7-22.7c-15.6-13.7-32.8-25.5-51.5-34.9l-12.6,29.5 C370.4,72.1,384.4,81.5,397,92.4z"})});const o=Pt(Pt({},i),{},{attributeName:"opacity"}),a={tag:"circle",attributes:Pt(Pt({},r),{},{cx:"256",cy:"364",r:"28"}),children:[]};return e||a.children.push({tag:"animate",attributes:Pt(Pt({},i),{},{attributeName:"r",values:"28;14;28;28;14;28;"})},{tag:"animate",attributes:Pt(Pt({},o),{},{values:"1;0;1;1;0;1;"})}),n.push(a),n.push({tag:"path",attributes:Pt(Pt({},r),{},{opacity:"1",d:"M263.7,312h-16c-6.6,0-12-5.4-12-12c0-71,77.4-63.9,77.4-107.8c0-20-17.8-40.2-57.4-40.2c-29.1,0-44.3,9.6-59.2,28.7 c-3.9,5-11.1,6-16.2,2.4l-13.1-9.2c-5.6-3.9-6.9-11.8-2.6-17.2c21.2-27.2,46.4-44.7,91.2-44.7c52.3,0,97.4,29.8,97.4,80.2 c0,67.6-77.4,63.5-77.4,107.8C275.7,306.6,270.3,312,263.7,312z"}),children:e?[]:[{tag:"animate",attributes:Pt(Pt({},o),{},{values:"1;0;0;0;0;1;"})}]}),e||n.push({tag:"path",attributes:Pt(Pt({},r),{},{opacity:"0",d:"M232.5,134.5l7,168c0.3,6.4,5.6,11.5,12,11.5h9c6.4,0,11.7-5.1,12-11.5l7-168c0.3-6.8-5.2-12.5-12-12.5h-23 C237.7,122,232.2,127.7,232.5,134.5z"}),children:[{tag:"animate",attributes:Pt(Pt({},o),{},{values:"0;0;1;1;0;0;"})}]}),{tag:"g",attributes:{class:"missing"},children:n}}}},cH={hooks(){return{parseNodeAttributes(t,e){const n=e.getAttribute("data-fa-symbol"),r=n===null?!1:n===""?!0:n;return t.symbol=r,t}}}},uH=[n5,X5,Y5,q5,j5,rH,iH,sH,aH,lH,cH];v5(uH,{mixoutsTo:Ir});Ir.noAuto;Ir.config;Ir.library;Ir.dom;const K0=Ir.parse;Ir.findIconDefinition;Ir.toHtml;const dH=Ir.icon;Ir.layer;Ir.text;Ir.counter;function $n(t,e,n){return(e=mH(e))in t?Object.defineProperty(t,e,{value:n,enumerable:!0,configurable:!0,writable:!0}):t[e]=n,t}function uv(t,e){var n=Object.keys(t);if(Object.getOwnPropertySymbols){var r=Object.getOwnPropertySymbols(t);e&&(r=r.filter(function(i){return Object.getOwnPropertyDescriptor(t,i).enumerable})),n.push.apply(n,r)}return n}function Ji(t){for(var e=1;e<arguments.length;e++){var n=arguments[e]!=null?arguments[e]:{};e%2?uv(Object(n),!0).forEach(function(r){$n(t,r,n[r])}):Object.getOwnPropertyDescriptors?Object.defineProperties(t,Object.getOwnPropertyDescriptors(n)):uv(Object(n)).forEach(function(r){Object.defineProperty(t,r,Object.getOwnPropertyDescriptor(n,r))})}return t}function fH(t,e){if(t==null)return{};var n,r,i=pH(t,e);if(Object.getOwnPropertySymbols){var o=Object.getOwnPropertySymbols(t);for(r=0;r<o.length;r++)n=o[r],e.indexOf(n)===-1&&{}.propertyIsEnumerable.call(t,n)&&(i[n]=t[n])}return i}function pH(t,e){if(t==null)return{};var n={};for(var r in t)if({}.hasOwnProperty.call(t,r)){if(e.indexOf(r)!==-1)continue;n[r]=t[r]}return n}function hH(t,e){if(typeof t!="object"||!t)return t;var n=t[Symbol.toPrimitive];if(n!==void 0){var r=n.call(t,e);if(typeof r!="object")return r;throw new TypeError("@@toPrimitive must return a primitive value.")}return(e==="string"?String:Number)(t)}function mH(t){var e=hH(t,"string");return typeof e=="symbol"?e:e+""}function jd(t){"@babel/helpers - typeof";return jd=typeof Symbol=="function"&&typeof Symbol.iterator=="symbol"?function(e){return typeof e}:function(e){return e&&typeof Symbol=="function"&&e.constructor===Symbol&&e!==Symbol.prototype?"symbol":typeof e},jd(t)}function Xh(t,e){return Array.isArray(e)&&e.length>0||!Array.isArray(e)&&e?$n({},t,e):{}}function _H(t){var e,n=(e={"fa-spin":t.spin,"fa-pulse":t.pulse,"fa-fw":t.fixedWidth,"fa-border":t.border,"fa-li":t.listItem,"fa-inverse":t.inverse,"fa-flip":t.flip===!0,"fa-flip-horizontal":t.flip==="horizontal"||t.flip==="both","fa-flip-vertical":t.flip==="vertical"||t.flip==="both"},$n($n($n($n($n($n($n($n($n($n(e,"fa-".concat(t.size),t.size!==null),"fa-rotate-".concat(t.rotation),t.rotation!==null),"fa-rotate-by",t.rotateBy),"fa-pull-".concat(t.pull),t.pull!==null),"fa-swap-opacity",t.swapOpacity),"fa-bounce",t.bounce),"fa-shake",t.shake),"fa-beat",t.beat),"fa-fade",t.fade),"fa-beat-fade",t.beatFade),$n($n($n($n(e,"fa-flash",t.flash),"fa-spin-pulse",t.spinPulse),"fa-spin-reverse",t.spinReverse),"fa-width-auto",t.widthAuto));return Object.keys(n).map(function(r){return n[r]?r:null}).filter(function(r){return r})}var EH=typeof globalThis<"u"?globalThis:typeof window<"u"?window:typeof global<"u"?global:typeof self<"u"?self:{},yb={exports:{}};(function(t){(function(e){var n=function(C,D,W){if(!p(D)||_(D)||S(D)||R(D)||u(D))return D;var O,G=0,M=0;if(d(D))for(O=[],M=D.length;G<M;G++)O.push(n(C,D[G],W));else{O={};for(var z in D)Object.prototype.hasOwnProperty.call(D,z)&&(O[C(z,W)]=n(C,D[z],W))}return O},r=function(C,D){D=D||{};var W=D.separator||"_",O=D.split||/(?=[A-Z])/;return C.split(O).join(W)},i=function(C){return T(C)?C:(C=C.replace(/[\-_\s]+(.)?/g,function(D,W){return W?W.toUpperCase():""}),C.substr(0,1).toLowerCase()+C.substr(1))},o=function(C){var D=i(C);return D.substr(0,1).toUpperCase()+D.substr(1)},a=function(C,D){return r(C,D).toLowerCase()},c=Object.prototype.toString,u=function(C){return typeof C=="function"},p=function(C){return C===Object(C)},d=function(C){return c.call(C)=="[object Array]"},_=function(C){return c.call(C)=="[object Date]"},S=function(C){return c.call(C)=="[object RegExp]"},R=function(C){return c.call(C)=="[object Boolean]"},T=function(C){return C=C-0,C===C},b=function(C,D){var W=D&&"process"in D?D.process:D;return typeof W!="function"?C:function(O,G){return W(O,C,G)}},N={camelize:i,decamelize:a,pascalize:o,depascalize:a,camelizeKeys:function(C,D){return n(b(i,D),C)},decamelizeKeys:function(C,D){return n(b(a,D),C,D)},pascalizeKeys:function(C,D){return n(b(o,D),C)},depascalizeKeys:function(){return this.decamelizeKeys.apply(this,arguments)}};t.exports?t.exports=N:e.humps=N})(EH)})(yb);var gH=yb.exports,TH=["class","style"];function vH(t){return t.split(";").map(function(e){return e.trim()}).filter(function(e){return e}).reduce(function(e,n){var r=n.indexOf(":"),i=gH.camelize(n.slice(0,r)),o=n.slice(r+1).trim();return e[i]=o,e},{})}function SH(t){return t.split(/\s+/).reduce(function(e,n){return e[n]=!0,e},{})}function Ob(t){var e=arguments.length>1&&arguments[1]!==void 0?arguments[1]:{},n=arguments.length>2&&arguments[2]!==void 0?arguments[2]:{};if(typeof t=="string")return t;var r=(t.children||[]).map(function(u){return Ob(u)}),i=Object.keys(t.attributes||{}).reduce(function(u,p){var d=t.attributes[p];switch(p){case"class":u.class=SH(d);break;case"style":u.style=vH(d);break;default:u.attrs[p]=d}return u},{attrs:{},class:{},style:{}});n.class;var o=n.style,a=o===void 0?{}:o,c=fH(n,TH);return vo(t.tag,Ji(Ji(Ji({},e),{},{class:i.class,style:Ji(Ji({},i.style),a)},i.attrs),c),r)}var Lb=!1;try{Lb=!0}catch{}function AH(){if(!Lb&&console&&typeof console.error=="function"){var t;(t=console).error.apply(t,arguments)}}function dv(t){if(t&&jd(t)==="object"&&t.prefix&&t.iconName&&t.icon)return t;if(K0.icon)return K0.icon(t);if(t===null)return null;if(jd(t)==="object"&&t.prefix&&t.iconName)return t;if(Array.isArray(t)&&t.length===2)return{prefix:t[0],iconName:t[1]};if(typeof t=="string")return{prefix:"fas",iconName:t}}var Ee=Pe({name:"FontAwesomeIcon",props:{border:{type:Boolean,default:!1},fixedWidth:{type:Boolean,default:!1},flip:{type:[Boolean,String],default:!1,validator:function(e){return[!0,!1,"horizontal","vertical","both"].indexOf(e)>-1}},icon:{type:[Object,Array,String],required:!0},mask:{type:[Object,Array,String],default:null},maskId:{type:String,default:null},listItem:{type:Boolean,default:!1},pull:{type:String,default:null,validator:function(e){return["right","left"].indexOf(e)>-1}},pulse:{type:Boolean,default:!1},rotation:{type:[String,Number],default:null,validator:function(e){return[90,180,270].indexOf(Number.parseInt(e,10))>-1}},rotateBy:{type:Boolean,default:!1},swapOpacity:{type:Boolean,default:!1},size:{type:String,default:null,validator:function(e){return["2xs","xs","sm","lg","xl","2xl","1x","2x","3x","4x","5x","6x","7x","8x","9x","10x"].indexOf(e)>-1}},spin:{type:Boolean,default:!1},transform:{type:[String,Object],default:null},symbol:{type:[Boolean,String],default:!1},title:{type:String,default:null},titleId:{type:String,default:null},inverse:{type:Boolean,default:!1},bounce:{type:Boolean,default:!1},shake:{type:Boolean,default:!1},beat:{type:Boolean,default:!1},fade:{type:Boolean,default:!1},beatFade:{type:Boolean,default:!1},flash:{type:Boolean,default:!1},spinPulse:{type:Boolean,default:!1},spinReverse:{type:Boolean,default:!1},widthAuto:{type:Boolean,default:!1}},setup:function(e,n){var r=n.attrs,i=kt(function(){return dv(e.icon)}),o=kt(function(){return Xh("classes",_H(e))}),a=kt(function(){return Xh("transform",typeof e.transform=="string"?K0.transform(e.transform):e.transform)}),c=kt(function(){return Xh("mask",dv(e.mask))}),u=kt(function(){var d=Ji(Ji(Ji(Ji({},o.value),a.value),c.value),{},{symbol:e.symbol,maskId:e.maskId});return d.title=e.title,d.titleId=e.titleId,dH(i.value,d)});Ze(u,function(d){if(!d)return AH("Could not find one or more icon(s)",i.value,c.value)},{immediate:!0});var p=kt(function(){return u.value?Ob(u.value.abstract[0],{},r):null});return function(){return p.value}}});/*!
  * vue-tippy v6.7.1
  * (c) 2025 
  * @license MIT
  */var dr="top",Kr="bottom",Xr="right",fr="left",L_="auto",$c=[dr,Kr,Xr,fr],Ga="start",Ec="end",RH="clippingParents",Cb="viewport",Pl="popper",bH="reference",fv=$c.reduce(function(t,e){return t.concat([e+"-"+Ga,e+"-"+Ec])},[]),Ib=[].concat($c,[L_]).reduce(function(t,e){return t.concat([e,e+"-"+Ga,e+"-"+Ec])},[]),yH="beforeRead",OH="read",LH="afterRead",CH="beforeMain",IH="main",NH="afterMain",xH="beforeWrite",wH="write",kH="afterWrite",BH=[yH,OH,LH,CH,IH,NH,xH,wH,kH];function ki(t){return t?(t.nodeName||"").toLowerCase():null}function ci(t){if(t==null)return window;if(t.toString()!=="[object Window]"){var e=t.ownerDocument;return e&&e.defaultView||window}return t}function za(t){var e=ci(t).Element;return t instanceof e||t instanceof Element}function Vr(t){var e=ci(t).HTMLElement;return t instanceof e||t instanceof HTMLElement}function Nb(t){if(typeof ShadowRoot>"u")return!1;var e=ci(t).ShadowRoot;return t instanceof e||t instanceof ShadowRoot}function DH(t){var e=t.state;Object.keys(e.elements).forEach(function(n){var r=e.styles[n]||{},i=e.attributes[n]||{},o=e.elements[n];!Vr(o)||!ki(o)||(Object.assign(o.style,r),Object.keys(i).forEach(function(a){var c=i[a];c===!1?o.removeAttribute(a):o.setAttribute(a,c===!0?"":c)}))})}function PH(t){var e=t.state,n={popper:{position:e.options.strategy,left:"0",top:"0",margin:"0"},arrow:{position:"absolute"},reference:{}};return Object.assign(e.elements.popper.style,n.popper),e.styles=n,e.elements.arrow&&Object.assign(e.elements.arrow.style,n.arrow),function(){Object.keys(e.elements).forEach(function(r){var i=e.elements[r],o=e.attributes[r]||{},a=Object.keys(e.styles.hasOwnProperty(r)?e.styles[r]:n[r]),c=a.reduce(function(u,p){return u[p]="",u},{});!Vr(i)||!ki(i)||(Object.assign(i.style,c),Object.keys(o).forEach(function(u){i.removeAttribute(u)}))})}}var xb={name:"applyStyles",enabled:!0,phase:"write",fn:DH,effect:PH,requires:["computeStyles"]};function Ci(t){return t.split("-")[0]}var Io=Math.max,Jd=Math.min,Ka=Math.round;function Xa(t,e){e===void 0&&(e=!1);var n=t.getBoundingClientRect(),r=1,i=1;if(Vr(t)&&e){var o=t.offsetHeight,a=t.offsetWidth;a>0&&(r=Ka(n.width)/a||1),o>0&&(i=Ka(n.height)/o||1)}return{width:n.width/r,height:n.height/i,top:n.top/i,right:n.right/r,bottom:n.bottom/i,left:n.left/r,x:n.left/r,y:n.top/i}}function C_(t){var e=Xa(t),n=t.offsetWidth,r=t.offsetHeight;return Math.abs(e.width-n)<=1&&(n=e.width),Math.abs(e.height-r)<=1&&(r=e.height),{x:t.offsetLeft,y:t.offsetTop,width:n,height:r}}function wb(t,e){var n=e.getRootNode&&e.getRootNode();if(t.contains(e))return!0;if(n&&Nb(n)){var r=e;do{if(r&&t.isSameNode(r))return!0;r=r.parentNode||r.host}while(r)}return!1}function Bi(t){return ci(t).getComputedStyle(t)}function MH(t){return["table","td","th"].indexOf(ki(t))>=0}function Xs(t){return((za(t)?t.ownerDocument:t.document)||window.document).documentElement}function $f(t){return ki(t)==="html"?t:t.assignedSlot||t.parentNode||(Nb(t)?t.host:null)||Xs(t)}function pv(t){return!Vr(t)||Bi(t).position==="fixed"?null:t.offsetParent}function HH(t){var e=navigator.userAgent.toLowerCase().indexOf("firefox")!==-1,n=navigator.userAgent.indexOf("Trident")!==-1;if(n&&Vr(t)){var r=Bi(t);if(r.position==="fixed")return null}for(var i=$f(t);Vr(i)&&["html","body"].indexOf(ki(i))<0;){var o=Bi(i);if(o.transform!=="none"||o.perspective!=="none"||o.contain==="paint"||["transform","perspective"].indexOf(o.willChange)!==-1||e&&o.willChange==="filter"||e&&o.filter&&o.filter!=="none")return i;i=i.parentNode}return null}function Vc(t){for(var e=ci(t),n=pv(t);n&&MH(n)&&Bi(n).position==="static";)n=pv(n);return n&&(ki(n)==="html"||ki(n)==="body"&&Bi(n).position==="static")?e:n||HH(t)||e}function I_(t){return["top","bottom"].indexOf(t)>=0?"x":"y"}function ic(t,e,n){return Io(t,Jd(e,n))}function WH(t,e,n){var r=ic(t,e,n);return r>n?n:r}function kb(){return{top:0,right:0,bottom:0,left:0}}function Bb(t){return Object.assign({},kb(),t)}function Db(t,e){return e.reduce(function(n,r){return n[r]=t,n},{})}var UH=function(e,n){return e=typeof e=="function"?e(Object.assign({},n.rects,{placement:n.placement})):e,Bb(typeof e!="number"?e:Db(e,$c))};function $H(t){var e,n=t.state,r=t.name,i=t.options,o=n.elements.arrow,a=n.modifiersData.popperOffsets,c=Ci(n.placement),u=I_(c),p=[fr,Xr].indexOf(c)>=0,d=p?"height":"width";if(!(!o||!a)){var _=UH(i.padding,n),S=C_(o),R=u==="y"?dr:fr,T=u==="y"?Kr:Xr,b=n.rects.reference[d]+n.rects.reference[u]-a[u]-n.rects.popper[d],N=a[u]-n.rects.reference[u],C=Vc(o),D=C?u==="y"?C.clientHeight||0:C.clientWidth||0:0,W=b/2-N/2,O=_[R],G=D-S[d]-_[T],M=D/2-S[d]/2+W,z=ic(O,M,G),tt=u;n.modifiersData[r]=(e={},e[tt]=z,e.centerOffset=z-M,e)}}function VH(t){var e=t.state,n=t.options,r=n.element,i=r===void 0?"[data-popper-arrow]":r;i!=null&&(typeof i=="string"&&(i=e.elements.popper.querySelector(i),!i)||wb(e.elements.popper,i)&&(e.elements.arrow=i))}var FH={name:"arrow",enabled:!0,phase:"main",fn:$H,effect:VH,requires:["popperOffsets"],requiresIfExists:["preventOverflow"]};function Ya(t){return t.split("-")[1]}var GH={top:"auto",right:"auto",bottom:"auto",left:"auto"};function zH(t){var e=t.x,n=t.y,r=window,i=r.devicePixelRatio||1;return{x:Ka(e*i)/i||0,y:Ka(n*i)/i||0}}function hv(t){var e,n=t.popper,r=t.popperRect,i=t.placement,o=t.variation,a=t.offsets,c=t.position,u=t.gpuAcceleration,p=t.adaptive,d=t.roundOffsets,_=t.isFixed,S=d===!0?zH(a):typeof d=="function"?d(a):a,R=S.x,T=R===void 0?0:R,b=S.y,N=b===void 0?0:b,C=a.hasOwnProperty("x"),D=a.hasOwnProperty("y"),W=fr,O=dr,G=window;if(p){var M=Vc(n),z="clientHeight",tt="clientWidth";if(M===ci(n)&&(M=Xs(n),Bi(M).position!=="static"&&c==="absolute"&&(z="scrollHeight",tt="scrollWidth")),M=M,i===dr||(i===fr||i===Xr)&&o===Ec){O=Kr;var Et=_&&G.visualViewport?G.visualViewport.height:M[z];N-=Et-r.height,N*=u?1:-1}if(i===fr||(i===dr||i===Kr)&&o===Ec){W=Xr;var Ct=_&&G.visualViewport?G.visualViewport.width:M[tt];T-=Ct-r.width,T*=u?1:-1}}var Tt=Object.assign({position:c},p&&GH);if(u){var it;return Object.assign({},Tt,(it={},it[O]=D?"0":"",it[W]=C?"0":"",it.transform=(G.devicePixelRatio||1)<=1?"translate("+T+"px, "+N+"px)":"translate3d("+T+"px, "+N+"px, 0)",it))}return Object.assign({},Tt,(e={},e[O]=D?N+"px":"",e[W]=C?T+"px":"",e.transform="",e))}function KH(t){var e=t.state,n=t.options,r=n.gpuAcceleration,i=r===void 0?!0:r,o=n.adaptive,a=o===void 0?!0:o,c=n.roundOffsets,u=c===void 0?!0:c,p={placement:Ci(e.placement),variation:Ya(e.placement),popper:e.elements.popper,popperRect:e.rects.popper,gpuAcceleration:i,isFixed:e.options.strategy==="fixed"};e.modifiersData.popperOffsets!=null&&(e.styles.popper=Object.assign({},e.styles.popper,hv(Object.assign({},p,{offsets:e.modifiersData.popperOffsets,position:e.options.strategy,adaptive:a,roundOffsets:u})))),e.modifiersData.arrow!=null&&(e.styles.arrow=Object.assign({},e.styles.arrow,hv(Object.assign({},p,{offsets:e.modifiersData.arrow,position:"absolute",adaptive:!1,roundOffsets:u})))),e.attributes.popper=Object.assign({},e.attributes.popper,{"data-popper-placement":e.placement})}var XH={name:"computeStyles",enabled:!0,phase:"beforeWrite",fn:KH,data:{}},td={passive:!0};function YH(t){var e=t.state,n=t.instance,r=t.options,i=r.scroll,o=i===void 0?!0:i,a=r.resize,c=a===void 0?!0:a,u=ci(e.elements.popper),p=[].concat(e.scrollParents.reference,e.scrollParents.popper);return o&&p.forEach(function(d){d.addEventListener("scroll",n.update,td)}),c&&u.addEventListener("resize",n.update,td),function(){o&&p.forEach(function(d){d.removeEventListener("scroll",n.update,td)}),c&&u.removeEventListener("resize",n.update,td)}}var qH={name:"eventListeners",enabled:!0,phase:"write",fn:function(){},effect:YH,data:{}},jH={left:"right",right:"left",bottom:"top",top:"bottom"};function yd(t){return t.replace(/left|right|bottom|top/g,function(e){return jH[e]})}var JH={start:"end",end:"start"};function mv(t){return t.replace(/start|end/g,function(e){return JH[e]})}function N_(t){var e=ci(t),n=e.pageXOffset,r=e.pageYOffset;return{scrollLeft:n,scrollTop:r}}function x_(t){return Xa(Xs(t)).left+N_(t).scrollLeft}function ZH(t){var e=ci(t),n=Xs(t),r=e.visualViewport,i=n.clientWidth,o=n.clientHeight,a=0,c=0;return r&&(i=r.width,o=r.height,/^((?!chrome|android).)*safari/i.test(navigator.userAgent)||(a=r.offsetLeft,c=r.offsetTop)),{width:i,height:o,x:a+x_(t),y:c}}function QH(t){var e,n=Xs(t),r=N_(t),i=(e=t.ownerDocument)==null?void 0:e.body,o=Io(n.scrollWidth,n.clientWidth,i?i.scrollWidth:0,i?i.clientWidth:0),a=Io(n.scrollHeight,n.clientHeight,i?i.scrollHeight:0,i?i.clientHeight:0),c=-r.scrollLeft+x_(t),u=-r.scrollTop;return Bi(i||n).direction==="rtl"&&(c+=Io(n.clientWidth,i?i.clientWidth:0)-o),{width:o,height:a,x:c,y:u}}function w_(t){var e=Bi(t),n=e.overflow,r=e.overflowX,i=e.overflowY;return/auto|scroll|overlay|hidden/.test(n+i+r)}function Pb(t){return["html","body","#document"].indexOf(ki(t))>=0?t.ownerDocument.body:Vr(t)&&w_(t)?t:Pb($f(t))}function sc(t,e){var n;e===void 0&&(e=[]);var r=Pb(t),i=r===((n=t.ownerDocument)==null?void 0:n.body),o=ci(r),a=i?[o].concat(o.visualViewport||[],w_(r)?r:[]):r,c=e.concat(a);return i?c:c.concat(sc($f(a)))}function X0(t){return Object.assign({},t,{left:t.x,top:t.y,right:t.x+t.width,bottom:t.y+t.height})}function t8(t){var e=Xa(t);return e.top=e.top+t.clientTop,e.left=e.left+t.clientLeft,e.bottom=e.top+t.clientHeight,e.right=e.left+t.clientWidth,e.width=t.clientWidth,e.height=t.clientHeight,e.x=e.left,e.y=e.top,e}function _v(t,e){return e===Cb?X0(ZH(t)):za(e)?t8(e):X0(QH(Xs(t)))}function e8(t){var e=sc($f(t)),n=["absolute","fixed"].indexOf(Bi(t).position)>=0,r=n&&Vr(t)?Vc(t):t;return za(r)?e.filter(function(i){return za(i)&&wb(i,r)&&ki(i)!=="body"&&(n?Bi(i).position!=="static":!0)}):[]}function n8(t,e,n){var r=e==="clippingParents"?e8(t):[].concat(e),i=[].concat(r,[n]),o=i[0],a=i.reduce(function(c,u){var p=_v(t,u);return c.top=Io(p.top,c.top),c.right=Jd(p.right,c.right),c.bottom=Jd(p.bottom,c.bottom),c.left=Io(p.left,c.left),c},_v(t,o));return a.width=a.right-a.left,a.height=a.bottom-a.top,a.x=a.left,a.y=a.top,a}function Mb(t){var e=t.reference,n=t.element,r=t.placement,i=r?Ci(r):null,o=r?Ya(r):null,a=e.x+e.width/2-n.width/2,c=e.y+e.height/2-n.height/2,u;switch(i){case dr:u={x:a,y:e.y-n.height};break;case Kr:u={x:a,y:e.y+e.height};break;case Xr:u={x:e.x+e.width,y:c};break;case fr:u={x:e.x-n.width,y:c};break;default:u={x:e.x,y:e.y}}var p=i?I_(i):null;if(p!=null){var d=p==="y"?"height":"width";switch(o){case Ga:u[p]=u[p]-(e[d]/2-n[d]/2);break;case Ec:u[p]=u[p]+(e[d]/2-n[d]/2);break}}return u}function gc(t,e){e===void 0&&(e={});var n=e,r=n.placement,i=r===void 0?t.placement:r,o=n.boundary,a=o===void 0?RH:o,c=n.rootBoundary,u=c===void 0?Cb:c,p=n.elementContext,d=p===void 0?Pl:p,_=n.altBoundary,S=_===void 0?!1:_,R=n.padding,T=R===void 0?0:R,b=Bb(typeof T!="number"?T:Db(T,$c)),N=d===Pl?bH:Pl,C=t.rects.popper,D=t.elements[S?N:d],W=n8(za(D)?D:D.contextElement||Xs(t.elements.popper),a,u),O=Xa(t.elements.reference),G=Mb({reference:O,element:C,placement:i}),M=X0(Object.assign({},C,G)),z=d===Pl?M:O,tt={top:W.top-z.top+b.top,bottom:z.bottom-W.bottom+b.bottom,left:W.left-z.left+b.left,right:z.right-W.right+b.right},Et=t.modifiersData.offset;if(d===Pl&&Et){var Ct=Et[i];Object.keys(tt).forEach(function(Tt){var it=[Xr,Kr].indexOf(Tt)>=0?1:-1,U=[dr,Kr].indexOf(Tt)>=0?"y":"x";tt[Tt]+=Ct[U]*it})}return tt}function r8(t,e){e===void 0&&(e={});var n=e,r=n.placement,i=n.boundary,o=n.rootBoundary,a=n.padding,c=n.flipVariations,u=n.allowedAutoPlacements,p=u===void 0?Ib:u,d=Ya(r),_=d?c?fv:fv.filter(function(T){return Ya(T)===d}):$c,S=_.filter(function(T){return p.indexOf(T)>=0});S.length===0&&(S=_);var R=S.reduce(function(T,b){return T[b]=gc(t,{placement:b,boundary:i,rootBoundary:o,padding:a})[Ci(b)],T},{});return Object.keys(R).sort(function(T,b){return R[T]-R[b]})}function i8(t){if(Ci(t)===L_)return[];var e=yd(t);return[mv(t),e,mv(e)]}function s8(t){var e=t.state,n=t.options,r=t.name;if(!e.modifiersData[r]._skip){for(var i=n.mainAxis,o=i===void 0?!0:i,a=n.altAxis,c=a===void 0?!0:a,u=n.fallbackPlacements,p=n.padding,d=n.boundary,_=n.rootBoundary,S=n.altBoundary,R=n.flipVariations,T=R===void 0?!0:R,b=n.allowedAutoPlacements,N=e.options.placement,C=Ci(N),D=C===N,W=u||(D||!T?[yd(N)]:i8(N)),O=[N].concat(W).reduce(function(et,A){return et.concat(Ci(A)===L_?r8(e,{placement:A,boundary:d,rootBoundary:_,padding:p,flipVariations:T,allowedAutoPlacements:b}):A)},[]),G=e.rects.reference,M=e.rects.popper,z=new Map,tt=!0,Et=O[0],Ct=0;Ct<O.length;Ct++){var Tt=O[Ct],it=Ci(Tt),U=Ya(Tt)===Ga,q=[dr,Kr].indexOf(it)>=0,Z=q?"width":"height",B=gc(e,{placement:Tt,boundary:d,rootBoundary:_,altBoundary:S,padding:p}),j=q?U?Xr:fr:U?Kr:dr;G[Z]>M[Z]&&(j=yd(j));var ct=yd(j),St=[];if(o&&St.push(B[it]<=0),c&&St.push(B[j]<=0,B[ct]<=0),St.every(function(et){return et})){Et=Tt,tt=!1;break}z.set(Tt,St)}if(tt)for(var Dt=T?3:1,dt=function(A){var I=O.find(function(L){var V=z.get(L);if(V)return V.slice(0,A).every(function(st){return st})});if(I)return Et=I,"break"},vt=Dt;vt>0;vt--){var ht=dt(vt);if(ht==="break")break}e.placement!==Et&&(e.modifiersData[r]._skip=!0,e.placement=Et,e.reset=!0)}}var o8={name:"flip",enabled:!0,phase:"main",fn:s8,requiresIfExists:["offset"],data:{_skip:!1}};function Ev(t,e,n){return n===void 0&&(n={x:0,y:0}),{top:t.top-e.height-n.y,right:t.right-e.width+n.x,bottom:t.bottom-e.height+n.y,left:t.left-e.width-n.x}}function gv(t){return[dr,Xr,Kr,fr].some(function(e){return t[e]>=0})}function a8(t){var e=t.state,n=t.name,r=e.rects.reference,i=e.rects.popper,o=e.modifiersData.preventOverflow,a=gc(e,{elementContext:"reference"}),c=gc(e,{altBoundary:!0}),u=Ev(a,r),p=Ev(c,i,o),d=gv(u),_=gv(p);e.modifiersData[n]={referenceClippingOffsets:u,popperEscapeOffsets:p,isReferenceHidden:d,hasPopperEscaped:_},e.attributes.popper=Object.assign({},e.attributes.popper,{"data-popper-reference-hidden":d,"data-popper-escaped":_})}var l8={name:"hide",enabled:!0,phase:"main",requiresIfExists:["preventOverflow"],fn:a8};function c8(t,e,n){var r=Ci(t),i=[fr,dr].indexOf(r)>=0?-1:1,o=typeof n=="function"?n(Object.assign({},e,{placement:t})):n,a=o[0],c=o[1];return a=a||0,c=(c||0)*i,[fr,Xr].indexOf(r)>=0?{x:c,y:a}:{x:a,y:c}}function u8(t){var e=t.state,n=t.options,r=t.name,i=n.offset,o=i===void 0?[0,0]:i,a=Ib.reduce(function(d,_){return d[_]=c8(_,e.rects,o),d},{}),c=a[e.placement],u=c.x,p=c.y;e.modifiersData.popperOffsets!=null&&(e.modifiersData.popperOffsets.x+=u,e.modifiersData.popperOffsets.y+=p),e.modifiersData[r]=a}var d8={name:"offset",enabled:!0,phase:"main",requires:["popperOffsets"],fn:u8};function f8(t){var e=t.state,n=t.name;e.modifiersData[n]=Mb({reference:e.rects.reference,element:e.rects.popper,placement:e.placement})}var p8={name:"popperOffsets",enabled:!0,phase:"read",fn:f8,data:{}};function h8(t){return t==="x"?"y":"x"}function m8(t){var e=t.state,n=t.options,r=t.name,i=n.mainAxis,o=i===void 0?!0:i,a=n.altAxis,c=a===void 0?!1:a,u=n.boundary,p=n.rootBoundary,d=n.altBoundary,_=n.padding,S=n.tether,R=S===void 0?!0:S,T=n.tetherOffset,b=T===void 0?0:T,N=gc(e,{boundary:u,rootBoundary:p,padding:_,altBoundary:d}),C=Ci(e.placement),D=Ya(e.placement),W=!D,O=I_(C),G=h8(O),M=e.modifiersData.popperOffsets,z=e.rects.reference,tt=e.rects.popper,Et=typeof b=="function"?b(Object.assign({},e.rects,{placement:e.placement})):b,Ct=typeof Et=="number"?{mainAxis:Et,altAxis:Et}:Object.assign({mainAxis:0,altAxis:0},Et),Tt=e.modifiersData.offset?e.modifiersData.offset[e.placement]:null,it={x:0,y:0};if(M){if(o){var U,q=O==="y"?dr:fr,Z=O==="y"?Kr:Xr,B=O==="y"?"height":"width",j=M[O],ct=j+N[q],St=j-N[Z],Dt=R?-tt[B]/2:0,dt=D===Ga?z[B]:tt[B],vt=D===Ga?-tt[B]:-z[B],ht=e.elements.arrow,et=R&&ht?C_(ht):{width:0,height:0},A=e.modifiersData["arrow#persistent"]?e.modifiersData["arrow#persistent"].padding:kb(),I=A[q],L=A[Z],V=ic(0,z[B],et[B]),st=W?z[B]/2-Dt-V-I-Ct.mainAxis:dt-V-I-Ct.mainAxis,Ot=W?-z[B]/2+Dt+V+L+Ct.mainAxis:vt+V+L+Ct.mainAxis,Vt=e.elements.arrow&&Vc(e.elements.arrow),H=Vt?O==="y"?Vt.clientTop||0:Vt.clientLeft||0:0,K=(U=Tt?.[O])!=null?U:0,ot=j+st-K-H,Lt=j+Ot-K,At=ic(R?Jd(ct,ot):ct,j,R?Io(St,Lt):St);M[O]=At,it[O]=At-j}if(c){var mt,Ht=O==="x"?dr:fr,rt=O==="x"?Kr:Xr,at=M[G],lt=G==="y"?"height":"width",zt=at+N[Ht],Bt=at-N[rt],$t=[dr,fr].indexOf(C)!==-1,Jt=(mt=Tt?.[G])!=null?mt:0,se=$t?zt:at-z[lt]-tt[lt]-Jt+Ct.altAxis,ge=$t?at+z[lt]+tt[lt]-Jt-Ct.altAxis:Bt,me=R&&$t?WH(se,at,ge):ic(R?se:zt,at,R?ge:Bt);M[G]=me,it[G]=me-at}e.modifiersData[r]=it}}var _8={name:"preventOverflow",enabled:!0,phase:"main",fn:m8,requiresIfExists:["offset"]};function E8(t){return{scrollLeft:t.scrollLeft,scrollTop:t.scrollTop}}function g8(t){return t===ci(t)||!Vr(t)?N_(t):E8(t)}function T8(t){var e=t.getBoundingClientRect(),n=Ka(e.width)/t.offsetWidth||1,r=Ka(e.height)/t.offsetHeight||1;return n!==1||r!==1}function v8(t,e,n){n===void 0&&(n=!1);var r=Vr(e),i=Vr(e)&&T8(e),o=Xs(e),a=Xa(t,i),c={scrollLeft:0,scrollTop:0},u={x:0,y:0};return(r||!r&&!n)&&((ki(e)!=="body"||w_(o))&&(c=g8(e)),Vr(e)?(u=Xa(e,!0),u.x+=e.clientLeft,u.y+=e.clientTop):o&&(u.x=x_(o))),{x:a.left+c.scrollLeft-u.x,y:a.top+c.scrollTop-u.y,width:a.width,height:a.height}}function S8(t){var e=new Map,n=new Set,r=[];t.forEach(function(o){e.set(o.name,o)});function i(o){n.add(o.name);var a=[].concat(o.requires||[],o.requiresIfExists||[]);a.forEach(function(c){if(!n.has(c)){var u=e.get(c);u&&i(u)}}),r.push(o)}return t.forEach(function(o){n.has(o.name)||i(o)}),r}function A8(t){var e=S8(t);return BH.reduce(function(n,r){return n.concat(e.filter(function(i){return i.phase===r}))},[])}function R8(t){var e;return function(){return e||(e=new Promise(function(n){Promise.resolve().then(function(){e=void 0,n(t())})})),e}}function b8(t){var e=t.reduce(function(n,r){var i=n[r.name];return n[r.name]=i?Object.assign({},i,r,{options:Object.assign({},i.options,r.options),data:Object.assign({},i.data,r.data)}):r,n},{});return Object.keys(e).map(function(n){return e[n]})}var Tv={placement:"bottom",modifiers:[],strategy:"absolute"};function vv(){for(var t=arguments.length,e=new Array(t),n=0;n<t;n++)e[n]=arguments[n];return!e.some(function(r){return!(r&&typeof r.getBoundingClientRect=="function")})}function y8(t){t===void 0&&(t={});var e=t,n=e.defaultModifiers,r=n===void 0?[]:n,i=e.defaultOptions,o=i===void 0?Tv:i;return function(c,u,p){p===void 0&&(p=o);var d={placement:"bottom",orderedModifiers:[],options:Object.assign({},Tv,o),modifiersData:{},elements:{reference:c,popper:u},attributes:{},styles:{}},_=[],S=!1,R={state:d,setOptions:function(C){var D=typeof C=="function"?C(d.options):C;b(),d.options=Object.assign({},o,d.options,D),d.scrollParents={reference:za(c)?sc(c):c.contextElement?sc(c.contextElement):[],popper:sc(u)};var W=A8(b8([].concat(r,d.options.modifiers)));return d.orderedModifiers=W.filter(function(O){return O.enabled}),T(),R.update()},forceUpdate:function(){if(!S){var C=d.elements,D=C.reference,W=C.popper;if(vv(D,W)){d.rects={reference:v8(D,Vc(W),d.options.strategy==="fixed"),popper:C_(W)},d.reset=!1,d.placement=d.options.placement,d.orderedModifiers.forEach(function(Ct){return d.modifiersData[Ct.name]=Object.assign({},Ct.data)});for(var O=0;O<d.orderedModifiers.length;O++){if(d.reset===!0){d.reset=!1,O=-1;continue}var G=d.orderedModifiers[O],M=G.fn,z=G.options,tt=z===void 0?{}:z,Et=G.name;typeof M=="function"&&(d=M({state:d,options:tt,name:Et,instance:R})||d)}}}},update:R8(function(){return new Promise(function(N){R.forceUpdate(),N(d)})}),destroy:function(){b(),S=!0}};if(!vv(c,u))return R;R.setOptions(p).then(function(N){!S&&p.onFirstUpdate&&p.onFirstUpdate(N)});function T(){d.orderedModifiers.forEach(function(N){var C=N.name,D=N.options,W=D===void 0?{}:D,O=N.effect;if(typeof O=="function"){var G=O({state:d,name:C,instance:R,options:W}),M=function(){};_.push(G||M)}})}function b(){_.forEach(function(N){return N()}),_=[]}return R}}var O8=[qH,p8,XH,xb,d8,o8,_8,FH,l8],L8=y8({defaultModifiers:O8}),C8="tippy-box",Hb="tippy-content",Wb="tippy-backdrop",Ub="tippy-arrow",$b="tippy-svg-arrow",_o={passive:!0,capture:!0},Vb=function(){return document.body};function Yh(t,e,n){if(Array.isArray(t)){var r=t[e];return r??(Array.isArray(n)?n[e]:n)}return t}function k_(t,e){var n={}.toString.call(t);return n.indexOf("[object")===0&&n.indexOf(e+"]")>-1}function Fb(t,e){return typeof t=="function"?t.apply(void 0,e):t}function Sv(t,e){if(e===0)return t;var n;return function(r){clearTimeout(n),n=setTimeout(function(){t(r)},e)}}function I8(t){return t.split(/\s+/).filter(Boolean)}function ga(t){return[].concat(t)}function Av(t,e){t.indexOf(e)===-1&&t.push(e)}function N8(t){return t.filter(function(e,n){return t.indexOf(e)===n})}function Gb(t){return t.split("-")[0]}function qa(t){return[].slice.call(t)}function Rv(t){return Object.keys(t).reduce(function(e,n){return t[n]!==void 0&&(e[n]=t[n]),e},{})}function Na(){return document.createElement("div")}function Vf(t){return["Element","Fragment"].some(function(e){return k_(t,e)})}function x8(t){return k_(t,"NodeList")}function B_(t){return k_(t,"MouseEvent")}function w8(t){return!!(t&&t._tippy&&t._tippy.reference===t)}function k8(t){return Vf(t)?[t]:x8(t)?qa(t):Array.isArray(t)?t:qa(document.querySelectorAll(t))}function qh(t,e){t.forEach(function(n){n&&(n.style.transitionDuration=e+"ms")})}function Tc(t,e){t.forEach(function(n){n&&n.setAttribute("data-state",e)})}function zb(t){var e,n=ga(t),r=n[0];return r!=null&&(e=r.ownerDocument)!=null&&e.body?r.ownerDocument:document}function B8(t,e){var n=e.clientX,r=e.clientY;return t.every(function(i){var o=i.popperRect,a=i.popperState,c=i.props,u=c.interactiveBorder,p=Gb(a.placement),d=a.modifiersData.offset;if(!d)return!0;var _=p==="bottom"?d.top.y:0,S=p==="top"?d.bottom.y:0,R=p==="right"?d.left.x:0,T=p==="left"?d.right.x:0,b=o.top-r+_>u,N=r-o.bottom-S>u,C=o.left-n+R>u,D=n-o.right-T>u;return b||N||C||D})}function jh(t,e,n){var r=e+"EventListener";["transitionend","webkitTransitionEnd"].forEach(function(i){t[r](i,n)})}function bv(t,e){for(var n=e;n;){var r;if(t.contains(n))return!0;n=n.getRootNode==null||(r=n.getRootNode())==null?void 0:r.host}return!1}var vi={isTouch:!1},yv=0;function D8(){vi.isTouch||(vi.isTouch=!0,window.performance&&document.addEventListener("mousemove",Kb))}function Kb(){var t=performance.now();t-yv<20&&(vi.isTouch=!1,document.removeEventListener("mousemove",Kb)),yv=t}function P8(){var t=document.activeElement;if(w8(t)){var e=t._tippy;t.blur&&!e.state.isVisible&&t.blur()}}function M8(){document.addEventListener("touchstart",D8,_o),window.addEventListener("blur",P8)}var H8=typeof window<"u"&&typeof document<"u",W8=H8?!!window.msCrypto:!1,U8={animateFill:!1,followCursor:!1,inlinePositioning:!1,sticky:!1},$8={allowHTML:!1,animation:"fade",arrow:!0,content:"",inertia:!1,maxWidth:350,role:"tooltip",theme:"",zIndex:9999},ii=Object.assign({appendTo:Vb,aria:{content:"auto",expanded:"auto"},delay:0,duration:[300,250],getReferenceClientRect:null,hideOnClick:!0,ignoreAttributes:!1,interactive:!1,interactiveBorder:2,interactiveDebounce:0,moveTransition:"",offset:[0,10],onAfterUpdate:function(){},onBeforeUpdate:function(){},onCreate:function(){},onDestroy:function(){},onHidden:function(){},onHide:function(){},onMount:function(){},onShow:function(){},onShown:function(){},onTrigger:function(){},onUntrigger:function(){},onClickOutside:function(){},placement:"top",plugins:[],popperOptions:{},render:null,showOnCreate:!1,touch:!0,trigger:"mouseenter focus",triggerTarget:null},U8,$8),V8=Object.keys(ii),F8=function(e){var n=Object.keys(e);n.forEach(function(r){ii[r]=e[r]})};function Xb(t){var e=t.plugins||[],n=e.reduce(function(r,i){var o=i.name,a=i.defaultValue;if(o){var c;r[o]=t[o]!==void 0?t[o]:(c=ii[o])!=null?c:a}return r},{});return Object.assign({},t,n)}function G8(t,e){var n=e?Object.keys(Xb(Object.assign({},ii,{plugins:e}))):V8,r=n.reduce(function(i,o){var a=(t.getAttribute("data-tippy-"+o)||"").trim();if(!a)return i;if(o==="content")i[o]=a;else try{i[o]=JSON.parse(a)}catch{i[o]=a}return i},{});return r}function Ov(t,e){var n=Object.assign({},e,{content:Fb(e.content,[t])},e.ignoreAttributes?{}:G8(t,e.plugins));return n.aria=Object.assign({},ii.aria,n.aria),n.aria={expanded:n.aria.expanded==="auto"?e.interactive:n.aria.expanded,content:n.aria.content==="auto"?e.interactive?null:"describedby":n.aria.content},n}var z8=function(){return"innerHTML"};function Y0(t,e){t[z8()]=e}function Lv(t){var e=Na();return t===!0?e.className=Ub:(e.className=$b,Vf(t)?e.appendChild(t):Y0(e,t)),e}function Cv(t,e){Vf(e.content)?(Y0(t,""),t.appendChild(e.content)):typeof e.content!="function"&&(e.allowHTML?Y0(t,e.content):t.textContent=e.content)}function Zd(t){var e=t.firstElementChild,n=qa(e.children);return{box:e,content:n.find(function(r){return r.classList.contains(Hb)}),arrow:n.find(function(r){return r.classList.contains(Ub)||r.classList.contains($b)}),backdrop:n.find(function(r){return r.classList.contains(Wb)})}}function Yb(t){var e=Na(),n=Na();n.className=C8,n.setAttribute("data-state","hidden"),n.setAttribute("tabindex","-1");var r=Na();r.className=Hb,r.setAttribute("data-state","hidden"),Cv(r,t.props),e.appendChild(n),n.appendChild(r),i(t.props,t.props);function i(o,a){var c=Zd(e),u=c.box,p=c.content,d=c.arrow;a.theme?u.setAttribute("data-theme",a.theme):u.removeAttribute("data-theme"),typeof a.animation=="string"?u.setAttribute("data-animation",a.animation):u.removeAttribute("data-animation"),a.inertia?u.setAttribute("data-inertia",""):u.removeAttribute("data-inertia"),u.style.maxWidth=typeof a.maxWidth=="number"?a.maxWidth+"px":a.maxWidth,a.role?u.setAttribute("role",a.role):u.removeAttribute("role"),(o.content!==a.content||o.allowHTML!==a.allowHTML)&&Cv(p,t.props),a.arrow?d?o.arrow!==a.arrow&&(u.removeChild(d),u.appendChild(Lv(a.arrow))):u.appendChild(Lv(a.arrow)):d&&u.removeChild(d)}return{popper:e,onUpdate:i}}Yb.$$tippy=!0;var K8=1,ed=[],Jh=[];function X8(t,e){var n=Ov(t,Object.assign({},ii,Xb(Rv(e)))),r,i,o,a=!1,c=!1,u=!1,p=!1,d,_,S,R=[],T=Sv(ot,n.interactiveDebounce),b,N=K8++,C=null,D=N8(n.plugins),W={isEnabled:!0,isVisible:!1,isDestroyed:!1,isMounted:!1,isShown:!1},O={id:N,reference:t,popper:Na(),popperInstance:C,props:n,state:W,plugins:D,clearDelayTimeouts:se,setProps:ge,setContent:me,show:cn,hide:un,hideWithInteractivity:yn,enable:$t,disable:Jt,unmount:On,destroy:pr};if(!n.render)return O;var G=n.render(O),M=G.popper,z=G.onUpdate;M.setAttribute("data-tippy-root",""),M.id="tippy-"+O.id,O.popper=M,t._tippy=O,M._tippy=O;var tt=D.map(function(pt){return pt.fn(O)}),Et=t.hasAttribute("aria-expanded");return Vt(),Dt(),j(),ct("onCreate",[O]),n.showOnCreate&&zt(),M.addEventListener("mouseenter",function(){O.props.interactive&&O.state.isVisible&&O.clearDelayTimeouts()}),M.addEventListener("mouseleave",function(){O.props.interactive&&O.props.trigger.indexOf("mouseenter")>=0&&q().addEventListener("mousemove",T)}),O;function Ct(){var pt=O.props.touch;return Array.isArray(pt)?pt:[pt,0]}function Tt(){return Ct()[0]==="hold"}function it(){var pt;return!!((pt=O.props.render)!=null&&pt.$$tippy)}function U(){return b||t}function q(){var pt=U().parentNode;return pt?zb(pt):document}function Z(){return Zd(M)}function B(pt){return O.state.isMounted&&!O.state.isVisible||vi.isTouch||d&&d.type==="focus"?0:Yh(O.props.delay,pt?0:1,ii.delay)}function j(pt){pt===void 0&&(pt=!1),M.style.pointerEvents=O.props.interactive&&!pt?"":"none",M.style.zIndex=""+O.props.zIndex}function ct(pt,Ut,jt){if(jt===void 0&&(jt=!0),tt.forEach(function(Re){Re[pt]&&Re[pt].apply(Re,Ut)}),jt){var Ne;(Ne=O.props)[pt].apply(Ne,Ut)}}function St(){var pt=O.props.aria;if(pt.content){var Ut="aria-"+pt.content,jt=M.id,Ne=ga(O.props.triggerTarget||t);Ne.forEach(function(Re){var vn=Re.getAttribute(Ut);if(O.state.isVisible)Re.setAttribute(Ut,vn?vn+" "+jt:jt);else{var Nn=vn&&vn.replace(jt,"").trim();Nn?Re.setAttribute(Ut,Nn):Re.removeAttribute(Ut)}})}}function Dt(){if(!(Et||!O.props.aria.expanded)){var pt=ga(O.props.triggerTarget||t);pt.forEach(function(Ut){O.props.interactive?Ut.setAttribute("aria-expanded",O.state.isVisible&&Ut===U()?"true":"false"):Ut.removeAttribute("aria-expanded")})}}function dt(){q().removeEventListener("mousemove",T),ed=ed.filter(function(pt){return pt!==T})}function vt(pt){if(!(vi.isTouch&&(u||pt.type==="mousedown"))){var Ut=pt.composedPath&&pt.composedPath()[0]||pt.target;if(!(O.props.interactive&&bv(M,Ut))){if(ga(O.props.triggerTarget||t).some(function(jt){return bv(jt,Ut)})){if(vi.isTouch||O.state.isVisible&&O.props.trigger.indexOf("click")>=0)return}else ct("onClickOutside",[O,pt]);O.props.hideOnClick===!0&&(O.clearDelayTimeouts(),O.hide(),c=!0,setTimeout(function(){c=!1}),O.state.isMounted||I())}}}function ht(){u=!0}function et(){u=!1}function A(){var pt=q();pt.addEventListener("mousedown",vt,!0),pt.addEventListener("touchend",vt,_o),pt.addEventListener("touchstart",et,_o),pt.addEventListener("touchmove",ht,_o)}function I(){var pt=q();pt.removeEventListener("mousedown",vt,!0),pt.removeEventListener("touchend",vt,_o),pt.removeEventListener("touchstart",et,_o),pt.removeEventListener("touchmove",ht,_o)}function L(pt,Ut){st(pt,function(){!O.state.isVisible&&M.parentNode&&M.parentNode.contains(M)&&Ut()})}function V(pt,Ut){st(pt,Ut)}function st(pt,Ut){var jt=Z().box;function Ne(Re){Re.target===jt&&(jh(jt,"remove",Ne),Ut())}if(pt===0)return Ut();jh(jt,"remove",_),jh(jt,"add",Ne),_=Ne}function Ot(pt,Ut,jt){jt===void 0&&(jt=!1);var Ne=ga(O.props.triggerTarget||t);Ne.forEach(function(Re){Re.addEventListener(pt,Ut,jt),R.push({node:Re,eventType:pt,handler:Ut,options:jt})})}function Vt(){Tt()&&(Ot("touchstart",K,{passive:!0}),Ot("touchend",Lt,{passive:!0})),I8(O.props.trigger).forEach(function(pt){if(pt!=="manual")switch(Ot(pt,K),pt){case"mouseenter":Ot("mouseleave",Lt);break;case"focus":Ot(W8?"focusout":"blur",At);break;case"focusin":Ot("focusout",At);break}})}function H(){R.forEach(function(pt){var Ut=pt.node,jt=pt.eventType,Ne=pt.handler,Re=pt.options;Ut.removeEventListener(jt,Ne,Re)}),R=[]}function K(pt){var Ut,jt=!1;if(!(!O.state.isEnabled||mt(pt)||c)){var Ne=((Ut=d)==null?void 0:Ut.type)==="focus";d=pt,b=pt.currentTarget,Dt(),!O.state.isVisible&&B_(pt)&&ed.forEach(function(Re){return Re(pt)}),pt.type==="click"&&(O.props.trigger.indexOf("mouseenter")<0||a)&&O.props.hideOnClick!==!1&&O.state.isVisible?jt=!0:zt(pt),pt.type==="click"&&(a=!jt),jt&&!Ne&&Bt(pt)}}function ot(pt){var Ut=pt.target,jt=U().contains(Ut)||M.contains(Ut);if(!(pt.type==="mousemove"&&jt)){var Ne=lt().concat(M).map(function(Re){var vn,Nn=Re._tippy,qr=(vn=Nn.popperInstance)==null?void 0:vn.state;return qr?{popperRect:Re.getBoundingClientRect(),popperState:qr,props:n}:null}).filter(Boolean);B8(Ne,pt)&&(dt(),Bt(pt))}}function Lt(pt){var Ut=mt(pt)||O.props.trigger.indexOf("click")>=0&&a;if(!Ut){if(O.props.interactive){O.hideWithInteractivity(pt);return}Bt(pt)}}function At(pt){O.props.trigger.indexOf("focusin")<0&&pt.target!==U()||O.props.interactive&&pt.relatedTarget&&M.contains(pt.relatedTarget)||Bt(pt)}function mt(pt){return vi.isTouch?Tt()!==pt.type.indexOf("touch")>=0:!1}function Ht(){rt();var pt=O.props,Ut=pt.popperOptions,jt=pt.placement,Ne=pt.offset,Re=pt.getReferenceClientRect,vn=pt.moveTransition,Nn=it()?Zd(M).arrow:null,qr=Re?{getBoundingClientRect:Re,contextElement:Re.contextElement||U()}:t,gs={name:"$$tippy",enabled:!0,phase:"beforeWrite",requires:["computeStyles"],fn:function(gt){var Wt=gt.state;if(it()){var ue=Z(),je=ue.box;["placement","reference-hidden","escaped"].forEach(function(ze){ze==="placement"?je.setAttribute("data-placement",Wt.placement):Wt.attributes.popper["data-popper-"+ze]?je.setAttribute("data-"+ze,""):je.removeAttribute("data-"+ze)}),Wt.attributes.popper={}}}},Mn=[{name:"offset",options:{offset:Ne}},{name:"preventOverflow",options:{padding:{top:2,bottom:2,left:5,right:5}}},{name:"flip",options:{padding:5}},{name:"computeStyles",options:{adaptive:!vn}},gs];it()&&Nn&&Mn.push({name:"arrow",options:{element:Nn,padding:3}}),Mn.push.apply(Mn,Ut?.modifiers||[]),O.popperInstance=L8(qr,M,Object.assign({},Ut,{placement:jt,onFirstUpdate:S,modifiers:Mn}))}function rt(){O.popperInstance&&(O.popperInstance.destroy(),O.popperInstance=null)}function at(){var pt=O.props.appendTo,Ut,jt=U();O.props.interactive&&pt===Vb||pt==="parent"?Ut=jt.parentNode:Ut=Fb(pt,[jt]),Ut.contains(M)||Ut.appendChild(M),O.state.isMounted=!0,Ht()}function lt(){return qa(M.querySelectorAll("[data-tippy-root]"))}function zt(pt){O.clearDelayTimeouts(),pt&&ct("onTrigger",[O,pt]),A();var Ut=B(!0),jt=Ct(),Ne=jt[0],Re=jt[1];vi.isTouch&&Ne==="hold"&&Re&&(Ut=Re),Ut?r=setTimeout(function(){O.show()},Ut):O.show()}function Bt(pt){if(O.clearDelayTimeouts(),ct("onUntrigger",[O,pt]),!O.state.isVisible){I();return}if(!(O.props.trigger.indexOf("mouseenter")>=0&&O.props.trigger.indexOf("click")>=0&&["mouseleave","mousemove"].indexOf(pt.type)>=0&&a)){var Ut=B(!1);Ut?i=setTimeout(function(){O.state.isVisible&&O.hide()},Ut):o=requestAnimationFrame(function(){O.hide()})}}function $t(){O.state.isEnabled=!0}function Jt(){O.hide(),O.state.isEnabled=!1}function se(){clearTimeout(r),clearTimeout(i),cancelAnimationFrame(o)}function ge(pt){if(!O.state.isDestroyed){ct("onBeforeUpdate",[O,pt]),H();var Ut=O.props,jt=Ov(t,Object.assign({},Ut,Rv(pt),{ignoreAttributes:!0}));O.props=jt,Vt(),Ut.interactiveDebounce!==jt.interactiveDebounce&&(dt(),T=Sv(ot,jt.interactiveDebounce)),Ut.triggerTarget&&!jt.triggerTarget?ga(Ut.triggerTarget).forEach(function(Ne){Ne.removeAttribute("aria-expanded")}):jt.triggerTarget&&t.removeAttribute("aria-expanded"),Dt(),j(),z&&z(Ut,jt),O.popperInstance&&(Ht(),lt().forEach(function(Ne){requestAnimationFrame(Ne._tippy.popperInstance.forceUpdate)})),ct("onAfterUpdate",[O,pt])}}function me(pt){O.setProps({content:pt})}function cn(){var pt=O.state.isVisible,Ut=O.state.isDestroyed,jt=!O.state.isEnabled,Ne=vi.isTouch&&!O.props.touch,Re=Yh(O.props.duration,0,ii.duration);if(!(pt||Ut||jt||Ne)&&!U().hasAttribute("disabled")&&(ct("onShow",[O],!1),O.props.onShow(O)!==!1)){if(O.state.isVisible=!0,it()&&(M.style.visibility="visible"),j(),A(),O.state.isMounted||(M.style.transition="none"),it()){var vn=Z(),Nn=vn.box,qr=vn.content;qh([Nn,qr],0)}S=function(){var Mn;if(!(!O.state.isVisible||p)){if(p=!0,M.offsetHeight,M.style.transition=O.props.moveTransition,it()&&O.props.animation){var F=Z(),gt=F.box,Wt=F.content;qh([gt,Wt],Re),Tc([gt,Wt],"visible")}St(),Dt(),Av(Jh,O),(Mn=O.popperInstance)==null||Mn.forceUpdate(),ct("onMount",[O]),O.props.animation&&it()&&V(Re,function(){O.state.isShown=!0,ct("onShown",[O])})}},at()}}function un(){var pt=!O.state.isVisible,Ut=O.state.isDestroyed,jt=!O.state.isEnabled,Ne=Yh(O.props.duration,1,ii.duration);if(!(pt||Ut||jt)&&(ct("onHide",[O],!1),O.props.onHide(O)!==!1)){if(O.state.isVisible=!1,O.state.isShown=!1,p=!1,a=!1,it()&&(M.style.visibility="hidden"),dt(),I(),j(!0),it()){var Re=Z(),vn=Re.box,Nn=Re.content;O.props.animation&&(qh([vn,Nn],Ne),Tc([vn,Nn],"hidden"))}St(),Dt(),O.props.animation?it()&&L(Ne,O.unmount):O.unmount()}}function yn(pt){q().addEventListener("mousemove",T),Av(ed,T),T(pt)}function On(){O.state.isVisible&&O.hide(),O.state.isMounted&&(rt(),lt().forEach(function(pt){pt._tippy.unmount()}),M.parentNode&&M.parentNode.removeChild(M),Jh=Jh.filter(function(pt){return pt!==O}),O.state.isMounted=!1,ct("onHidden",[O]))}function pr(){O.state.isDestroyed||(O.clearDelayTimeouts(),O.unmount(),H(),delete t._tippy,O.state.isDestroyed=!0,ct("onDestroy",[O]))}}function re(t,e){e===void 0&&(e={});var n=ii.plugins.concat(e.plugins||[]);M8();var r=Object.assign({},e,{plugins:n}),i=k8(t),o=i.reduce(function(a,c){var u=c&&X8(c,r);return u&&a.push(u),a},[]);return Vf(t)?o[0]:o}re.defaultProps=ii;re.setDefaultProps=F8;re.currentInput=vi;Object.assign({},xb,{effect:function(e){var n=e.state,r={popper:{position:n.options.strategy,left:"0",top:"0",margin:"0"},arrow:{position:"absolute"},reference:{}};Object.assign(n.elements.popper.style,r.popper),n.styles=r,n.elements.arrow&&Object.assign(n.elements.arrow.style,r.arrow)}});var Y8={name:"animateFill",defaultValue:!1,fn:function(e){var n;if(!((n=e.props.render)!=null&&n.$$tippy))return{};var r=Zd(e.popper),i=r.box,o=r.content,a=e.props.animateFill?q8():null;return{onCreate:function(){a&&(i.insertBefore(a,i.firstElementChild),i.setAttribute("data-animatefill",""),i.style.overflow="hidden",e.setProps({arrow:!1,animation:"shift-away"}))},onMount:function(){if(a){var u=i.style.transitionDuration,p=Number(u.replace("ms",""));o.style.transitionDelay=Math.round(p/10)+"ms",a.style.transitionDuration=u,Tc([a],"visible")}},onShow:function(){a&&(a.style.transitionDuration="0ms")},onHide:function(){a&&Tc([a],"hidden")}}}};function q8(){var t=Na();return t.className=Wb,Tc([t],"hidden"),t}var q0={clientX:0,clientY:0},nd=[];function qb(t){var e=t.clientX,n=t.clientY;q0={clientX:e,clientY:n}}function j8(t){t.addEventListener("mousemove",qb)}function J8(t){t.removeEventListener("mousemove",qb)}var Z8={name:"followCursor",defaultValue:!1,fn:function(e){var n=e.reference,r=zb(e.props.triggerTarget||n),i=!1,o=!1,a=!0,c=e.props;function u(){return e.props.followCursor==="initial"&&e.state.isVisible}function p(){r.addEventListener("mousemove",S)}function d(){r.removeEventListener("mousemove",S)}function _(){i=!0,e.setProps({getReferenceClientRect:null}),i=!1}function S(b){var N=b.target?n.contains(b.target):!0,C=e.props.followCursor,D=b.clientX,W=b.clientY,O=n.getBoundingClientRect(),G=D-O.left,M=W-O.top;(N||!e.props.interactive)&&e.setProps({getReferenceClientRect:function(){var tt=n.getBoundingClientRect(),Et=D,Ct=W;C==="initial"&&(Et=tt.left+G,Ct=tt.top+M);var Tt=C==="horizontal"?tt.top:Ct,it=C==="vertical"?tt.right:Et,U=C==="horizontal"?tt.bottom:Ct,q=C==="vertical"?tt.left:Et;return{width:it-q,height:U-Tt,top:Tt,right:it,bottom:U,left:q}}})}function R(){e.props.followCursor&&(nd.push({instance:e,doc:r}),j8(r))}function T(){nd=nd.filter(function(b){return b.instance!==e}),nd.filter(function(b){return b.doc===r}).length===0&&J8(r)}return{onCreate:R,onDestroy:T,onBeforeUpdate:function(){c=e.props},onAfterUpdate:function(N,C){var D=C.followCursor;i||D!==void 0&&c.followCursor!==D&&(T(),D?(R(),e.state.isMounted&&!o&&!u()&&p()):(d(),_()))},onMount:function(){e.props.followCursor&&!o&&(a&&(S(q0),a=!1),u()||p())},onTrigger:function(N,C){B_(C)&&(q0={clientX:C.clientX,clientY:C.clientY}),o=C.type==="focus"},onHidden:function(){e.props.followCursor&&(_(),d(),a=!0)}}}};function Q8(t,e){var n;return{popperOptions:Object.assign({},t.popperOptions,{modifiers:[].concat((((n=t.popperOptions)==null?void 0:n.modifiers)||[]).filter(function(r){var i=r.name;return i!==e.name}),[e])})}}var tW={name:"inlinePositioning",defaultValue:!1,fn:function(e){var n=e.reference;function r(){return!!e.props.inlinePositioning}var i,o=-1,a=!1,c=[],u={name:"tippyInlinePositioning",enabled:!0,phase:"afterWrite",fn:function(R){var T=R.state;r()&&(c.indexOf(T.placement)!==-1&&(c=[]),i!==T.placement&&c.indexOf(T.placement)===-1&&(c.push(T.placement),e.setProps({getReferenceClientRect:function(){return p(T.placement)}})),i=T.placement)}};function p(S){return eW(Gb(S),n.getBoundingClientRect(),qa(n.getClientRects()),o)}function d(S){a=!0,e.setProps(S),a=!1}function _(){a||d(Q8(e.props,u))}return{onCreate:_,onAfterUpdate:_,onTrigger:function(R,T){if(B_(T)){var b=qa(e.reference.getClientRects()),N=b.find(function(D){return D.left-2<=T.clientX&&D.right+2>=T.clientX&&D.top-2<=T.clientY&&D.bottom+2>=T.clientY}),C=b.indexOf(N);o=C>-1?C:o}},onHidden:function(){o=-1}}}};function eW(t,e,n,r){if(n.length<2||t===null)return e;if(n.length===2&&r>=0&&n[0].left>n[1].right)return n[r]||e;switch(t){case"top":case"bottom":{var i=n[0],o=n[n.length-1],a=t==="top",c=i.top,u=o.bottom,p=a?i.left:o.left,d=a?i.right:o.right,_=d-p,S=u-c;return{top:c,bottom:u,left:p,right:d,width:_,height:S}}case"left":case"right":{var R=Math.min.apply(Math,n.map(function(M){return M.left})),T=Math.max.apply(Math,n.map(function(M){return M.right})),b=n.filter(function(M){return t==="left"?M.left===R:M.right===T}),N=b[0].top,C=b[b.length-1].bottom,D=R,W=T,O=W-D,G=C-N;return{top:N,bottom:C,left:D,right:W,width:O,height:G}}default:return e}}var nW={name:"sticky",defaultValue:!1,fn:function(e){var n=e.reference,r=e.popper;function i(){return e.popperInstance?e.popperInstance.state.elements.reference:n}function o(p){return e.props.sticky===!0||e.props.sticky===p}var a=null,c=null;function u(){var p=o("reference")?i().getBoundingClientRect():null,d=o("popper")?r.getBoundingClientRect():null;(p&&Iv(a,p)||d&&Iv(c,d))&&e.popperInstance&&e.popperInstance.update(),a=p,c=d,e.state.isMounted&&requestAnimationFrame(u)}return{onMount:function(){e.props.sticky&&u()}}}};function Iv(t,e){return t&&e?t.top!==e.top||t.right!==e.right||t.bottom!==e.bottom||t.left!==e.left:!0}re.setDefaultProps({render:Yb});re.setDefaultProps({onShow:t=>{if(!t.props.content)return!1}});const rW=t=>t instanceof Object&&"$"in t&&"$el"in t;function jb(t,e={},n={mount:!0,appName:"Tippy"}){n=Object.assign({mount:!0,appName:"Tippy"},n);const r=wc(),i=Yt(),o=Yt({isEnabled:!1,isVisible:!1,isDestroyed:!1,isMounted:!1,isShown:!1}),a=Dd();let c=null;const u=()=>c||(c=document.createDocumentFragment(),c),p=z=>{let tt,Et=an(z)?z.value:z;return Ba(Et)?(a.value||(a.value=pc({name:n.appName,setup:()=>()=>an(z)?z.value:z}),r&&Object.assign(a.value._context,r.appContext),a.value.mount(u())),tt=()=>u()):typeof Et=="object"?(a.value||(a.value=pc({name:n.appName,setup:()=>()=>vo(an(z)?z.value:z)}),r&&Object.assign(a.value._context,r.appContext),a.value.mount(u())),tt=()=>u()):tt=Et,tt},d=z=>{let tt={};return an(z)?tt=z.value||{}:ts(z)?tt={...z}:tt={...z},tt.content&&(tt.content=p(tt.content)),tt.triggerTarget&&(tt.triggerTarget=an(tt.triggerTarget)?tt.triggerTarget.value:tt.triggerTarget),(!tt.plugins||!Array.isArray(tt.plugins))&&(tt.plugins=[]),tt.plugins=tt.plugins.filter(Et=>Et.name!=="vueTippyReactiveState"),tt.plugins.push({name:"vueTippyReactiveState",fn:()=>({onCreate(){o.value.isEnabled=!0},onMount(){o.value.isMounted=!0},onShow(){o.value.isMounted=!0,o.value.isVisible=!0},onShown(){o.value.isShown=!0},onHide(){o.value.isMounted=!1,o.value.isVisible=!1},onHidden(){o.value.isShown=!1},onUnmounted(){o.value.isMounted=!1},onDestroy(){o.value.isDestroyed=!0}})}),tt},_=()=>{i.value&&i.value.setProps(d(e))},S=()=>{!i.value||!e.content||i.value.setContent(p(e.content))},R=z=>{var tt;(tt=i.value)===null||tt===void 0||tt.setContent(p(z))},T=z=>{var tt;(tt=i.value)===null||tt===void 0||tt.setProps(d(z))},b=()=>{var z;i.value&&(i.value.destroy(),i.value=void 0),c=null,(z=a.value)===null||z===void 0||z.unmount(),a.value=void 0},N=()=>{var z;(z=i.value)===null||z===void 0||z.show()},C=()=>{var z;(z=i.value)===null||z===void 0||z.hide()},D=()=>{var z;(z=i.value)===null||z===void 0||z.disable(),o.value.isEnabled=!1},W=()=>{var z;(z=i.value)===null||z===void 0||z.enable(),o.value.isEnabled=!0},O=()=>{var z;(z=i.value)===null||z===void 0||z.unmount()},G=()=>{if(!t)return;let z=an(t)?t.value:t;typeof z=="function"&&(z=z()),rW(z)&&(z=z.$el),z&&(i.value=re(z,d(e)),z.$tippy=M)},M={tippy:i,refresh:_,refreshContent:S,setContent:R,setProps:T,destroy:b,hide:C,show:N,disable:D,enable:W,unmount:O,mount:G,state:o};return n.mount&&(r?r.isMounted?G():Di(G):G()),r&&Xm(()=>{b()}),an(e)||ts(e)?Ze(e,_,{immediate:!1}):an(e.content)&&Ze(e.content,S,{immediate:!1}),M}function iW(t){return typeof t=="function"?t():h(t)}function sW(t){var e,n;const r=iW(t);return(n=(e=r)===null||e===void 0?void 0:e.$el)!==null&&n!==void 0?n:r}const No=Pe({props:{to:{type:[String,Function]},tag:{type:[String,Object],default:"span"},contentTag:{type:[String,Object],default:"span"},contentClass:{type:String,default:null},appendTo:{default:()=>re.defaultProps.appendTo},aria:{default:()=>re.defaultProps.aria},delay:{default:()=>re.defaultProps.delay},duration:{default:()=>re.defaultProps.duration},getReferenceClientRect:{default:()=>re.defaultProps.getReferenceClientRect},hideOnClick:{type:[Boolean,String],default:()=>re.defaultProps.hideOnClick},ignoreAttributes:{type:Boolean,default:()=>re.defaultProps.ignoreAttributes},interactive:{type:Boolean,default:()=>re.defaultProps.interactive},interactiveBorder:{default:()=>re.defaultProps.interactiveBorder},interactiveDebounce:{default:()=>re.defaultProps.interactiveDebounce},moveTransition:{default:()=>re.defaultProps.moveTransition},offset:{default:()=>re.defaultProps.offset},onAfterUpdate:{default:()=>re.defaultProps.onAfterUpdate},onBeforeUpdate:{default:()=>re.defaultProps.onBeforeUpdate},onCreate:{default:()=>re.defaultProps.onCreate},onDestroy:{default:()=>re.defaultProps.onDestroy},onHidden:{default:()=>re.defaultProps.onHidden},onHide:{default:()=>re.defaultProps.onHide},onMount:{default:()=>re.defaultProps.onMount},onShow:{default:()=>re.defaultProps.onShow},onShown:{default:()=>re.defaultProps.onShown},onTrigger:{default:()=>re.defaultProps.onTrigger},onUntrigger:{default:()=>re.defaultProps.onUntrigger},onClickOutside:{default:()=>re.defaultProps.onClickOutside},placement:{default:()=>re.defaultProps.placement},plugins:{default:()=>re.defaultProps.plugins},popperOptions:{default:()=>re.defaultProps.popperOptions},render:{default:()=>re.defaultProps.render},showOnCreate:{type:Boolean,default:()=>re.defaultProps.showOnCreate},touch:{type:[Boolean,String,Array],default:()=>re.defaultProps.touch},trigger:{default:()=>re.defaultProps.trigger},triggerTarget:{default:()=>re.defaultProps.triggerTarget},animateFill:{type:Boolean,default:()=>re.defaultProps.animateFill},followCursor:{type:[Boolean,String],default:()=>re.defaultProps.followCursor},inlinePositioning:{type:Boolean,default:()=>re.defaultProps.inlinePositioning},sticky:{type:[Boolean,String],default:()=>re.defaultProps.sticky},allowHTML:{type:Boolean,default:()=>re.defaultProps.allowHTML},animation:{default:()=>re.defaultProps.animation},arrow:{default:()=>re.defaultProps.arrow},content:{default:()=>re.defaultProps.content},inertia:{default:()=>re.defaultProps.inertia},maxWidth:{default:()=>re.defaultProps.maxWidth},role:{default:()=>re.defaultProps.role},theme:{default:()=>re.defaultProps.theme},zIndex:{default:()=>re.defaultProps.zIndex}},emits:["state"],setup(t,{slots:e,emit:n,expose:r}){const i=Yt(),o=Yt(),a=Yt(),c=Yt(!1),u=()=>{let R={...t};for(const T of["to","tag","contentTag","contentClass"])R.hasOwnProperty(T)&&delete R[T];return R};let p=()=>sW(i);t.to&&(typeof Element<"u"&&t.to instanceof Element?p=()=>t.to:t.to==="parent"?p=()=>{let R=i.value;return R||(R=i.value=o.value.parentElement),R}:(typeof t.to=="string"||t.to instanceof String)&&(p=()=>document.querySelector(t.to)));const d=jb(p,u());let _=e.content;!_&&t.to==="parent"&&(_=e.default),Di(()=>{c.value=!0,es(()=>{_&&d.setContent(()=>a.value)})}),Ze(d.state,()=>{n("state",h(d.state))},{immediate:!0,deep:!0}),Ze(()=>t,()=>{d.setProps(u()),_&&d.setContent(()=>a.value)},{deep:!0});let S=Pn({elem:i,contentElem:a,mounted:c,...d});return r(S),()=>{const R=(typeof t.contentTag=="string",t.contentTag),T=_?vo(R,{ref:a,style:{display:c.value?"inherit":"none"},class:t.contentClass},_(S)):null;if(t.to==="parent"){const C=[];if(!i.value){const D=vo("span",{ref:o,"data-v-tippy":"",style:{display:"none"}});C.push(D)}return T&&C.push(T),C}const b=e.default?e.default(S):[];if(!t.tag){const C=vo(b[0],{ref:i,"data-v-tippy":""});return T?[C,T]:C}const N=(typeof t.tag=="string",t.tag);return vo(N,{ref:i,"data-v-tippy":""},T?[b,T]:b)}}}),oW=["a11y","allowHTML","arrow","flip","flipOnUpdate","hideOnClick","ignoreAttributes","inertia","interactive","lazy","multiple","showOnInit","touch","touchHold"];let Nv={};Object.keys(re.defaultProps).forEach(t=>{oW.includes(t)?Nv[t]={type:Boolean,default:function(){return re.defaultProps[t]}}:Nv[t]={default:function(){return re.defaultProps[t]}}});const Be={mounted(t,e,n){const r=typeof e.value=="string"?{content:e.value}:e.value||{},i=Object.keys(e.modifiers||{}),o=i.find(c=>c!=="arrow"),a=i.findIndex(c=>c==="arrow")!==-1;o&&(r.placement=r.placement||o),a&&(r.arrow=r.arrow!==void 0?r.arrow:!0),n.props&&n.props.onTippyShow&&(r.onShow=function(...c){var u;return(u=n.props)===null||u===void 0?void 0:u.onTippyShow(...c)}),n.props&&n.props.onTippyShown&&(r.onShown=function(...c){var u;return(u=n.props)===null||u===void 0?void 0:u.onTippyShown(...c)}),n.props&&n.props.onTippyHidden&&(r.onHidden=function(...c){var u;return(u=n.props)===null||u===void 0?void 0:u.onTippyHidden(...c)}),n.props&&n.props.onTippyHide&&(r.onHide=function(...c){var u;return(u=n.props)===null||u===void 0?void 0:u.onTippyHide(...c)}),n.props&&n.props.onTippyMount&&(r.onMount=function(...c){var u;return(u=n.props)===null||u===void 0?void 0:u.onTippyMount(...c)}),t.getAttribute("title")&&!r.content&&(r.content=t.getAttribute("title"),t.removeAttribute("title")),t.getAttribute("content")&&!r.content&&(r.content=t.getAttribute("content")),jb(t,r)},unmounted(t){t.$tippy?t.$tippy.destroy():t._tippy&&t._tippy.destroy()},updated(t,e){const n=typeof e.value=="string"?{content:e.value}:e.value||{};n.content||(n.content=null),t.getAttribute("title")&&!n.content&&(n.content=t.getAttribute("title"),t.removeAttribute("title")),t.getAttribute("content")&&!n.content&&(n.content=t.getAttribute("content")),t.$tippy?t.$tippy.setProps(n||{}):t._tippy&&t._tippy.setProps(n||{})}},Jb=re.setDefaultProps;Jb({ignoreAttributes:!0,plugins:[nW,tW,Z8,Y8]});const Zb=typeof window<"u"&&typeof document<"u";typeof WorkerGlobalScope<"u"&&globalThis instanceof WorkerGlobalScope;const aW=Object.prototype.toString,lW=t=>aW.call(t)==="[object Object]";function Zh(t){return Array.isArray(t)?t:[t]}function cW(t,e,n){return Ze(t,e,{...n,immediate:!0})}const uW=Zb?window:void 0;function dW(t){var e;const n=Ed(t);return(e=n?.$el)!==null&&e!==void 0?e:n}function rd(...t){const e=(r,i,o,a)=>(r.addEventListener(i,o,a),()=>r.removeEventListener(i,o,a)),n=kt(()=>{const r=Zh(Ed(t[0])).filter(i=>i!=null);return r.every(i=>typeof i!="string")?r:void 0});return cW(()=>{var r,i;return[(r=(i=n.value)===null||i===void 0?void 0:i.map(o=>dW(o)))!==null&&r!==void 0?r:[uW].filter(o=>o!=null),Zh(Ed(n.value?t[1]:t[0])),Zh(h(n.value?t[2]:t[1])),Ed(n.value?t[3]:t[2])]},([r,i,o,a],c,u)=>{if(!r?.length||!i?.length||!o?.length)return;const p=lW(a)?{...a}:a,d=r.flatMap(_=>i.flatMap(S=>o.map(R=>e(_,S,R,p))));u(()=>{d.forEach(_=>_())})},{flush:"post"})}function Qh(t,e={}){const n=Dd(!1),r=Dd(null);let i=0,o=!0;if(Zb){var a,c;const u=typeof e=="function"?{onDrop:e}:e,p=(a=u.multiple)!==null&&a!==void 0?a:!0,d=(c=u.preventDefaultForUnhandled)!==null&&c!==void 0?c:!1,_=N=>{var C,D;const W=Array.from((C=(D=N.dataTransfer)===null||D===void 0?void 0:D.files)!==null&&C!==void 0?C:[]);return W.length===0?null:p?W:[W[0]]},S=N=>{const C=h(u.dataTypes);return typeof C=="function"?C(N):C?.length?N.length===0?!1:N.every(D=>C.some(W=>D.includes(W))):!0},R=N=>{if(u.checkValidity)return u.checkValidity(N);const C=S(Array.from(N??[]).map(W=>W.type)),D=p||N.length<=1;return C&&D},T=()=>/^(?:(?!chrome|android).)*safari/i.test(navigator.userAgent)&&!("chrome"in window),b=(N,C)=>{var D,W;const O=(D=N.dataTransfer)===null||D===void 0?void 0:D.items;if(o=(W=O&&R(O))!==null&&W!==void 0?W:!1,d&&N.preventDefault(),!T()&&!o){N.dataTransfer&&(N.dataTransfer.dropEffect="none");return}N.preventDefault(),N.dataTransfer&&(N.dataTransfer.dropEffect="copy");const G=_(N);switch(C){case"enter":var M;i+=1,n.value=!0,(M=u.onEnter)===null||M===void 0||M.call(u,null,N);break;case"over":var z;(z=u.onOver)===null||z===void 0||z.call(u,null,N);break;case"leave":var tt;i-=1,i===0&&(n.value=!1),(tt=u.onLeave)===null||tt===void 0||tt.call(u,null,N);break;case"drop":if(i=0,n.value=!1,o){var Et;r.value=G,(Et=u.onDrop)===null||Et===void 0||Et.call(u,G,N)}break}};rd(t,"dragenter",N=>b(N,"enter")),rd(t,"dragover",N=>b(N,"over")),rd(t,"dragleave",N=>b(N,"leave")),rd(t,"drop",N=>b(N,"drop"))}return{files:r,isOverDropZone:n}}function fW(t){switch(typeof t){case"number":break;case"string":t=+new Date(t);break;case"object":t.constructor===Date&&(t=t.getTime());break;default:t=+new Date}const e=[[60,"less than 1 minute ago",""],[120,"1 minute ago","1 minute from now"],[3600,"minutes",60],[7200,"1 hour ago","1 hour from now"],[86400,"hours",3600],[172800,"Yesterday","Tomorrow"],[604800,"days",86400],[1209600,"Last week","Next week"],[2419200,"weeks",604800],[4838400,"Last month","Next month"],[29030400,"months",2419200],[58060800,"Last year","Next year"],[290304e4,"years",29030400]];let n=(+new Date-t)/1e3,r="ago",i=1;if(n==0)return"Just now";n<0&&(n=Math.abs(n),r="from now",i=2);let o=0,a;for(;a=e[o++];)if(n<a[0])return typeof a[2]=="string"?a[i]:Math.floor(n/a[2])+" "+a[1]+" "+r;return t}var id=typeof globalThis<"u"?globalThis:typeof window<"u"?window:typeof global<"u"?global:typeof self<"u"?self:{};function D_(t){return t&&t.__esModule&&Object.prototype.hasOwnProperty.call(t,"default")?t.default:t}var Gl={exports:{}};/**
 * @license
 * Lodash <https://lodash.com/>
 * Copyright OpenJS Foundation and other contributors <https://openjsf.org/>
 * Released under MIT license <https://lodash.com/license>
 * Based on Underscore.js 1.8.3 <http://underscorejs.org/LICENSE>
 * Copyright Jeremy Ashkenas, DocumentCloud and Investigative Reporters & Editors
 */var pW=Gl.exports,xv;function hW(){return xv||(xv=1,function(t,e){(function(){var n,r="4.17.21",i=200,o="Unsupported core-js use. Try https://npms.io/search?q=ponyfill.",a="Expected a function",c="Invalid `variable` option passed into `_.template`",u="__lodash_hash_undefined__",p=500,d="__lodash_placeholder__",_=1,S=2,R=4,T=1,b=2,N=1,C=2,D=4,W=8,O=16,G=32,M=64,z=128,tt=256,Et=512,Ct=30,Tt="...",it=800,U=16,q=1,Z=2,B=3,j=1/0,ct=9007199254740991,St=17976931348623157e292,Dt=NaN,dt=4294967295,vt=dt-1,ht=dt>>>1,et=[["ary",z],["bind",N],["bindKey",C],["curry",W],["curryRight",O],["flip",Et],["partial",G],["partialRight",M],["rearg",tt]],A="[object Arguments]",I="[object Array]",L="[object AsyncFunction]",V="[object Boolean]",st="[object Date]",Ot="[object DOMException]",Vt="[object Error]",H="[object Function]",K="[object GeneratorFunction]",ot="[object Map]",Lt="[object Number]",At="[object Null]",mt="[object Object]",Ht="[object Promise]",rt="[object Proxy]",at="[object RegExp]",lt="[object Set]",zt="[object String]",Bt="[object Symbol]",$t="[object Undefined]",Jt="[object WeakMap]",se="[object WeakSet]",ge="[object ArrayBuffer]",me="[object DataView]",cn="[object Float32Array]",un="[object Float64Array]",yn="[object Int8Array]",On="[object Int16Array]",pr="[object Int32Array]",pt="[object Uint8Array]",Ut="[object Uint8ClampedArray]",jt="[object Uint16Array]",Ne="[object Uint32Array]",Re=/\b__p \+= '';/g,vn=/\b(__p \+=) '' \+/g,Nn=/(__e\(.*?\)|\b__t\)) \+\n'';/g,qr=/&(?:amp|lt|gt|quot|#39);/g,gs=/[&<>"']/g,Mn=RegExp(qr.source),F=RegExp(gs.source),gt=/<%-([\s\S]+?)%>/g,Wt=/<%([\s\S]+?)%>/g,ue=/<%=([\s\S]+?)%>/g,je=/\.|\[(?:[^[\]]*|(["'])(?:(?!\1)[^\\]|\\.)*?\1)\]/,ze=/^\w*$/,Zt=/[^.[\]]+|\[(?:(-?\d+(?:\.\d+)?)|(["'])((?:(?!\2)[^\\]|\\.)*?)\2)\]|(?=(?:\.|\[\])(?:\.|\[\]|$))/g,Xt=/[\\^$.*+?()[\]{}|]/g,de=RegExp(Xt.source),dn=/^\s+/,fn=/\s/,js=/\{(?:\n\/\* \[wrapped with .+\] \*\/)?\n?/,dl=/\{\n\/\* \[wrapped with (.+)\] \*/,fl=/,? & /,jf=/[^\x00-\x2f\x3a-\x40\x5b-\x60\x7b-\x7f]+/g,pl=/[()=,{}\[\]\/\s]/,Jf=/\\(\\)?/g,Zf=/\$\{([^\\}]*(?:\\.[^\\}]*)*)\}/g,Yc=/\w*$/,qc=/^[-+]0x[0-9a-f]+$/i,Xo=/^0b[01]+$/i,Qf=/^\[object .+?Constructor\]$/,tp=/^0o[0-7]+$/i,ep=/^(?:0|[1-9]\d*)$/,di=/[\xc0-\xd6\xd8-\xf6\xf8-\xff\u0100-\u017f]/g,Js=/($^)/,jc=/['\n\r\u2028\u2029\\]/g,Yo="\\ud800-\\udfff",np="\\u0300-\\u036f",rp="\\ufe20-\\ufe2f",qo="\\u20d0-\\u20ff",Jc=np+rp+qo,Mt="\\u2700-\\u27bf",ne="a-z\\xdf-\\xf6\\xf8-\\xff",xe="\\xac\\xb1\\xd7\\xf7",Ke="\\x00-\\x2f\\x3a-\\x40\\x5b-\\x60\\x7b-\\xbf",_n="\\u2000-\\u206f",hr=" \\t\\x0b\\f\\xa0\\ufeff\\n\\r\\u2028\\u2029\\u1680\\u180e\\u2000\\u2001\\u2002\\u2003\\u2004\\u2005\\u2006\\u2007\\u2008\\u2009\\u200a\\u202f\\u205f\\u3000",jr="A-Z\\xc0-\\xd6\\xd8-\\xde",Zs="\\ufe0e\\ufe0f",Hn=xe+Ke+_n+hr,er="[']",Zc="["+Yo+"]",hl="["+Hn+"]",Qs="["+Jc+"]",Qc="\\d+",ip="["+Mt+"]",tu="["+ne+"]",eu="[^"+Yo+Hn+Qc+Mt+ne+jr+"]",Ts="\\ud83c[\\udffb-\\udfff]",nu="(?:"+Qs+"|"+Ts+")",mr="[^"+Yo+"]",ml="(?:\\ud83c[\\udde6-\\uddff]){2}",to="[\\ud800-\\udbff][\\udc00-\\udfff]",ae="["+jr+"]",_l="\\u200d",Sn="(?:"+tu+"|"+eu+")",Xe="(?:"+ae+"|"+eu+")",eo="(?:"+er+"(?:d|ll|m|re|s|t|ve))?",fi="(?:"+er+"(?:D|LL|M|RE|S|T|VE))?",jo=nu+"?",Jo="["+Zs+"]?",Ft="(?:"+_l+"(?:"+[mr,ml,to].join("|")+")"+Jo+jo+")*",te="\\d*(?:1st|2nd|3rd|(?![123])\\dth)(?=\\b|[A-Z_])",ye="\\d*(?:1ST|2ND|3RD|(?![123])\\dTH)(?=\\b|[a-z_])",Me=Jo+jo+Ft,Ln="(?:"+[ip,ml,to].join("|")+")"+Me,Jr="(?:"+[mr+Qs+"?",Qs,ml,to,Zc].join("|")+")",sp=RegExp(er,"g"),op=RegExp(Qs,"g"),ap=RegExp(Ts+"(?="+Ts+")|"+Jr+Me,"g"),JO=RegExp([ae+"?"+tu+"+"+eo+"(?="+[hl,ae,"$"].join("|")+")",Xe+"+"+fi+"(?="+[hl,ae+Sn,"$"].join("|")+")",ae+"?"+Sn+"+"+eo,ae+"+"+fi,ye,te,Qc,Ln].join("|"),"g"),ZO=RegExp("["+_l+Yo+Jc+Zs+"]"),QO=/[a-z][A-Z]|[A-Z]{2}[a-z]|[0-9][a-zA-Z]|[a-zA-Z][0-9]|[^a-zA-Z0-9 ]/,t2=["Array","Buffer","DataView","Date","Error","Float32Array","Float64Array","Function","Int8Array","Int16Array","Int32Array","Map","Math","Object","Promise","RegExp","Set","String","Symbol","TypeError","Uint8Array","Uint8ClampedArray","Uint16Array","Uint32Array","WeakMap","_","clearTimeout","isFinite","parseInt","setTimeout"],e2=-1,rn={};rn[cn]=rn[un]=rn[yn]=rn[On]=rn[pr]=rn[pt]=rn[Ut]=rn[jt]=rn[Ne]=!0,rn[A]=rn[I]=rn[ge]=rn[V]=rn[me]=rn[st]=rn[Vt]=rn[H]=rn[ot]=rn[Lt]=rn[mt]=rn[at]=rn[lt]=rn[zt]=rn[Jt]=!1;var tn={};tn[A]=tn[I]=tn[ge]=tn[me]=tn[V]=tn[st]=tn[cn]=tn[un]=tn[yn]=tn[On]=tn[pr]=tn[ot]=tn[Lt]=tn[mt]=tn[at]=tn[lt]=tn[zt]=tn[Bt]=tn[pt]=tn[Ut]=tn[jt]=tn[Ne]=!0,tn[Vt]=tn[H]=tn[Jt]=!1;var n2={:"A",:"A",:"A",:"A",:"A",:"A",:"a",:"a",:"a",:"a",:"a",:"a",:"C",:"c",:"D",:"d",:"E",:"E",:"E",:"E",:"e",:"e",:"e",:"e",:"I",:"I",:"I",:"I",:"i",:"i",:"i",:"i",:"N",:"n",:"O",:"O",:"O",:"O",:"O",:"O",:"o",:"o",:"o",:"o",:"o",:"o",:"U",:"U",:"U",:"U",:"u",:"u",:"u",:"u",:"Y",:"y",:"y",:"Ae",:"ae",:"Th",:"th",:"ss",:"A",:"A",:"A",:"a",:"a",:"a",:"C",:"C",:"C",:"C",:"c",:"c",:"c",:"c",:"D",:"D",:"d",:"d",:"E",:"E",:"E",:"E",:"E",:"e",:"e",:"e",:"e",:"e",:"G",:"G",:"G",:"G",:"g",:"g",:"g",:"g",:"H",:"H",:"h",:"h",:"I",:"I",:"I",:"I",:"I",:"i",:"i",:"i",:"i",:"i",:"J",:"j",:"K",:"k",:"k",:"L",:"L",:"L",:"L",:"L",:"l",:"l",:"l",:"l",:"l",:"N",:"N",:"N",:"N",:"n",:"n",:"n",:"n",:"O",:"O",:"O",:"o",:"o",:"o",:"R",:"R",:"R",:"r",:"r",:"r",:"S",:"S",:"S",:"S",:"s",:"s",:"s",:"s",:"T",:"T",:"T",:"t",:"t",:"t",:"U",:"U",:"U",:"U",:"U",:"U",:"u",:"u",:"u",:"u",:"u",:"u",:"W",:"w",:"Y",:"y",:"Y",:"Z",:"Z",:"Z",:"z",:"z",:"z",:"IJ",:"ij",:"Oe",:"oe",:"'n",:"s"},r2={"&":"&amp;","<":"&lt;",">":"&gt;",'"':"&quot;","'":"&#39;"},i2={"&amp;":"&","&lt;":"<","&gt;":">","&quot;":'"',"&#39;":"'"},s2={"\\":"\\","'":"'","\n":"n","\r":"r","\u2028":"u2028","\u2029":"u2029"},o2=parseFloat,a2=parseInt,_E=typeof id=="object"&&id&&id.Object===Object&&id,l2=typeof self=="object"&&self&&self.Object===Object&&self,xn=_E||l2||Function("return this")(),lp=e&&!e.nodeType&&e,no=lp&&!0&&t&&!t.nodeType&&t,EE=no&&no.exports===lp,cp=EE&&_E.process,Nr=function(){try{var J=no&&no.require&&no.require("util").types;return J||cp&&cp.binding&&cp.binding("util")}catch{}}(),gE=Nr&&Nr.isArrayBuffer,TE=Nr&&Nr.isDate,vE=Nr&&Nr.isMap,SE=Nr&&Nr.isRegExp,AE=Nr&&Nr.isSet,RE=Nr&&Nr.isTypedArray;function _r(J,_t,ut){switch(ut.length){case 0:return J.call(_t);case 1:return J.call(_t,ut[0]);case 2:return J.call(_t,ut[0],ut[1]);case 3:return J.call(_t,ut[0],ut[1],ut[2])}return J.apply(_t,ut)}function c2(J,_t,ut,qt){for(var Te=-1,Ue=J==null?0:J.length;++Te<Ue;){var Rn=J[Te];_t(qt,Rn,ut(Rn),J)}return qt}function xr(J,_t){for(var ut=-1,qt=J==null?0:J.length;++ut<qt&&_t(J[ut],ut,J)!==!1;);return J}function u2(J,_t){for(var ut=J==null?0:J.length;ut--&&_t(J[ut],ut,J)!==!1;);return J}function bE(J,_t){for(var ut=-1,qt=J==null?0:J.length;++ut<qt;)if(!_t(J[ut],ut,J))return!1;return!0}function vs(J,_t){for(var ut=-1,qt=J==null?0:J.length,Te=0,Ue=[];++ut<qt;){var Rn=J[ut];_t(Rn,ut,J)&&(Ue[Te++]=Rn)}return Ue}function ru(J,_t){var ut=J==null?0:J.length;return!!ut&&Zo(J,_t,0)>-1}function up(J,_t,ut){for(var qt=-1,Te=J==null?0:J.length;++qt<Te;)if(ut(_t,J[qt]))return!0;return!1}function on(J,_t){for(var ut=-1,qt=J==null?0:J.length,Te=Array(qt);++ut<qt;)Te[ut]=_t(J[ut],ut,J);return Te}function Ss(J,_t){for(var ut=-1,qt=_t.length,Te=J.length;++ut<qt;)J[Te+ut]=_t[ut];return J}function dp(J,_t,ut,qt){var Te=-1,Ue=J==null?0:J.length;for(qt&&Ue&&(ut=J[++Te]);++Te<Ue;)ut=_t(ut,J[Te],Te,J);return ut}function d2(J,_t,ut,qt){var Te=J==null?0:J.length;for(qt&&Te&&(ut=J[--Te]);Te--;)ut=_t(ut,J[Te],Te,J);return ut}function fp(J,_t){for(var ut=-1,qt=J==null?0:J.length;++ut<qt;)if(_t(J[ut],ut,J))return!0;return!1}var f2=pp("length");function p2(J){return J.split("")}function h2(J){return J.match(jf)||[]}function yE(J,_t,ut){var qt;return ut(J,function(Te,Ue,Rn){if(_t(Te,Ue,Rn))return qt=Ue,!1}),qt}function iu(J,_t,ut,qt){for(var Te=J.length,Ue=ut+(qt?1:-1);qt?Ue--:++Ue<Te;)if(_t(J[Ue],Ue,J))return Ue;return-1}function Zo(J,_t,ut){return _t===_t?O2(J,_t,ut):iu(J,OE,ut)}function m2(J,_t,ut,qt){for(var Te=ut-1,Ue=J.length;++Te<Ue;)if(qt(J[Te],_t))return Te;return-1}function OE(J){return J!==J}function LE(J,_t){var ut=J==null?0:J.length;return ut?mp(J,_t)/ut:Dt}function pp(J){return function(_t){return _t==null?n:_t[J]}}function hp(J){return function(_t){return J==null?n:J[_t]}}function CE(J,_t,ut,qt,Te){return Te(J,function(Ue,Rn,Je){ut=qt?(qt=!1,Ue):_t(ut,Ue,Rn,Je)}),ut}function _2(J,_t){var ut=J.length;for(J.sort(_t);ut--;)J[ut]=J[ut].value;return J}function mp(J,_t){for(var ut,qt=-1,Te=J.length;++qt<Te;){var Ue=_t(J[qt]);Ue!==n&&(ut=ut===n?Ue:ut+Ue)}return ut}function _p(J,_t){for(var ut=-1,qt=Array(J);++ut<J;)qt[ut]=_t(ut);return qt}function E2(J,_t){return on(_t,function(ut){return[ut,J[ut]]})}function IE(J){return J&&J.slice(0,kE(J)+1).replace(dn,"")}function Er(J){return function(_t){return J(_t)}}function Ep(J,_t){return on(_t,function(ut){return J[ut]})}function El(J,_t){return J.has(_t)}function NE(J,_t){for(var ut=-1,qt=J.length;++ut<qt&&Zo(_t,J[ut],0)>-1;);return ut}function xE(J,_t){for(var ut=J.length;ut--&&Zo(_t,J[ut],0)>-1;);return ut}function g2(J,_t){for(var ut=J.length,qt=0;ut--;)J[ut]===_t&&++qt;return qt}var T2=hp(n2),v2=hp(r2);function S2(J){return"\\"+s2[J]}function A2(J,_t){return J==null?n:J[_t]}function Qo(J){return ZO.test(J)}function R2(J){return QO.test(J)}function b2(J){for(var _t,ut=[];!(_t=J.next()).done;)ut.push(_t.value);return ut}function gp(J){var _t=-1,ut=Array(J.size);return J.forEach(function(qt,Te){ut[++_t]=[Te,qt]}),ut}function wE(J,_t){return function(ut){return J(_t(ut))}}function As(J,_t){for(var ut=-1,qt=J.length,Te=0,Ue=[];++ut<qt;){var Rn=J[ut];(Rn===_t||Rn===d)&&(J[ut]=d,Ue[Te++]=ut)}return Ue}function su(J){var _t=-1,ut=Array(J.size);return J.forEach(function(qt){ut[++_t]=qt}),ut}function y2(J){var _t=-1,ut=Array(J.size);return J.forEach(function(qt){ut[++_t]=[qt,qt]}),ut}function O2(J,_t,ut){for(var qt=ut-1,Te=J.length;++qt<Te;)if(J[qt]===_t)return qt;return-1}function L2(J,_t,ut){for(var qt=ut+1;qt--;)if(J[qt]===_t)return qt;return qt}function ta(J){return Qo(J)?I2(J):f2(J)}function Zr(J){return Qo(J)?N2(J):p2(J)}function kE(J){for(var _t=J.length;_t--&&fn.test(J.charAt(_t)););return _t}var C2=hp(i2);function I2(J){for(var _t=ap.lastIndex=0;ap.test(J);)++_t;return _t}function N2(J){return J.match(ap)||[]}function x2(J){return J.match(JO)||[]}var w2=function J(_t){_t=_t==null?xn:ea.defaults(xn.Object(),_t,ea.pick(xn,t2));var ut=_t.Array,qt=_t.Date,Te=_t.Error,Ue=_t.Function,Rn=_t.Math,Je=_t.Object,Tp=_t.RegExp,k2=_t.String,wr=_t.TypeError,ou=ut.prototype,B2=Ue.prototype,na=Je.prototype,au=_t["__core-js_shared__"],lu=B2.toString,Ge=na.hasOwnProperty,D2=0,BE=function(){var s=/[^.]+$/.exec(au&&au.keys&&au.keys.IE_PROTO||"");return s?"Symbol(src)_1."+s:""}(),cu=na.toString,P2=lu.call(Je),M2=xn._,H2=Tp("^"+lu.call(Ge).replace(Xt,"\\$&").replace(/hasOwnProperty|(function).*?(?=\\\()| for .+?(?=\\\])/g,"$1.*?")+"$"),uu=EE?_t.Buffer:n,Rs=_t.Symbol,du=_t.Uint8Array,DE=uu?uu.allocUnsafe:n,fu=wE(Je.getPrototypeOf,Je),PE=Je.create,ME=na.propertyIsEnumerable,pu=ou.splice,HE=Rs?Rs.isConcatSpreadable:n,gl=Rs?Rs.iterator:n,ro=Rs?Rs.toStringTag:n,hu=function(){try{var s=lo(Je,"defineProperty");return s({},"",{}),s}catch{}}(),W2=_t.clearTimeout!==xn.clearTimeout&&_t.clearTimeout,U2=qt&&qt.now!==xn.Date.now&&qt.now,$2=_t.setTimeout!==xn.setTimeout&&_t.setTimeout,mu=Rn.ceil,_u=Rn.floor,vp=Je.getOwnPropertySymbols,V2=uu?uu.isBuffer:n,WE=_t.isFinite,F2=ou.join,G2=wE(Je.keys,Je),bn=Rn.max,Wn=Rn.min,z2=qt.now,K2=_t.parseInt,UE=Rn.random,X2=ou.reverse,Sp=lo(_t,"DataView"),Tl=lo(_t,"Map"),Ap=lo(_t,"Promise"),ra=lo(_t,"Set"),vl=lo(_t,"WeakMap"),Sl=lo(Je,"create"),Eu=vl&&new vl,ia={},Y2=co(Sp),q2=co(Tl),j2=co(Ap),J2=co(ra),Z2=co(vl),gu=Rs?Rs.prototype:n,Al=gu?gu.valueOf:n,$E=gu?gu.toString:n;function x(s){if(pn(s)&&!Se(s)&&!(s instanceof ke)){if(s instanceof kr)return s;if(Ge.call(s,"__wrapped__"))return Vg(s)}return new kr(s)}var sa=function(){function s(){}return function(l){if(!ln(l))return{};if(PE)return PE(l);s.prototype=l;var f=new s;return s.prototype=n,f}}();function Tu(){}function kr(s,l){this.__wrapped__=s,this.__actions__=[],this.__chain__=!!l,this.__index__=0,this.__values__=n}x.templateSettings={escape:gt,evaluate:Wt,interpolate:ue,variable:"",imports:{_:x}},x.prototype=Tu.prototype,x.prototype.constructor=x,kr.prototype=sa(Tu.prototype),kr.prototype.constructor=kr;function ke(s){this.__wrapped__=s,this.__actions__=[],this.__dir__=1,this.__filtered__=!1,this.__iteratees__=[],this.__takeCount__=dt,this.__views__=[]}function Q2(){var s=new ke(this.__wrapped__);return s.__actions__=nr(this.__actions__),s.__dir__=this.__dir__,s.__filtered__=this.__filtered__,s.__iteratees__=nr(this.__iteratees__),s.__takeCount__=this.__takeCount__,s.__views__=nr(this.__views__),s}function tL(){if(this.__filtered__){var s=new ke(this);s.__dir__=-1,s.__filtered__=!0}else s=this.clone(),s.__dir__*=-1;return s}function eL(){var s=this.__wrapped__.value(),l=this.__dir__,f=Se(s),E=l<0,y=f?s.length:0,k=pC(0,y,this.__views__),$=k.start,Y=k.end,nt=Y-$,bt=E?Y:$-1,yt=this.__iteratees__,It=yt.length,Gt=0,Qt=Wn(nt,this.__takeCount__);if(!f||!E&&y==nt&&Qt==nt)return dg(s,this.__actions__);var le=[];t:for(;nt--&&Gt<Qt;){bt+=l;for(var Le=-1,ce=s[bt];++Le<It;){var we=yt[Le],De=we.iteratee,vr=we.type,qn=De(ce);if(vr==Z)ce=qn;else if(!qn){if(vr==q)continue t;break t}}le[Gt++]=ce}return le}ke.prototype=sa(Tu.prototype),ke.prototype.constructor=ke;function io(s){var l=-1,f=s==null?0:s.length;for(this.clear();++l<f;){var E=s[l];this.set(E[0],E[1])}}function nL(){this.__data__=Sl?Sl(null):{},this.size=0}function rL(s){var l=this.has(s)&&delete this.__data__[s];return this.size-=l?1:0,l}function iL(s){var l=this.__data__;if(Sl){var f=l[s];return f===u?n:f}return Ge.call(l,s)?l[s]:n}function sL(s){var l=this.__data__;return Sl?l[s]!==n:Ge.call(l,s)}function oL(s,l){var f=this.__data__;return this.size+=this.has(s)?0:1,f[s]=Sl&&l===n?u:l,this}io.prototype.clear=nL,io.prototype.delete=rL,io.prototype.get=iL,io.prototype.has=sL,io.prototype.set=oL;function Mi(s){var l=-1,f=s==null?0:s.length;for(this.clear();++l<f;){var E=s[l];this.set(E[0],E[1])}}function aL(){this.__data__=[],this.size=0}function lL(s){var l=this.__data__,f=vu(l,s);if(f<0)return!1;var E=l.length-1;return f==E?l.pop():pu.call(l,f,1),--this.size,!0}function cL(s){var l=this.__data__,f=vu(l,s);return f<0?n:l[f][1]}function uL(s){return vu(this.__data__,s)>-1}function dL(s,l){var f=this.__data__,E=vu(f,s);return E<0?(++this.size,f.push([s,l])):f[E][1]=l,this}Mi.prototype.clear=aL,Mi.prototype.delete=lL,Mi.prototype.get=cL,Mi.prototype.has=uL,Mi.prototype.set=dL;function Hi(s){var l=-1,f=s==null?0:s.length;for(this.clear();++l<f;){var E=s[l];this.set(E[0],E[1])}}function fL(){this.size=0,this.__data__={hash:new io,map:new(Tl||Mi),string:new io}}function pL(s){var l=wu(this,s).delete(s);return this.size-=l?1:0,l}function hL(s){return wu(this,s).get(s)}function mL(s){return wu(this,s).has(s)}function _L(s,l){var f=wu(this,s),E=f.size;return f.set(s,l),this.size+=f.size==E?0:1,this}Hi.prototype.clear=fL,Hi.prototype.delete=pL,Hi.prototype.get=hL,Hi.prototype.has=mL,Hi.prototype.set=_L;function so(s){var l=-1,f=s==null?0:s.length;for(this.__data__=new Hi;++l<f;)this.add(s[l])}function EL(s){return this.__data__.set(s,u),this}function gL(s){return this.__data__.has(s)}so.prototype.add=so.prototype.push=EL,so.prototype.has=gL;function Qr(s){var l=this.__data__=new Mi(s);this.size=l.size}function TL(){this.__data__=new Mi,this.size=0}function vL(s){var l=this.__data__,f=l.delete(s);return this.size=l.size,f}function SL(s){return this.__data__.get(s)}function AL(s){return this.__data__.has(s)}function RL(s,l){var f=this.__data__;if(f instanceof Mi){var E=f.__data__;if(!Tl||E.length<i-1)return E.push([s,l]),this.size=++f.size,this;f=this.__data__=new Hi(E)}return f.set(s,l),this.size=f.size,this}Qr.prototype.clear=TL,Qr.prototype.delete=vL,Qr.prototype.get=SL,Qr.prototype.has=AL,Qr.prototype.set=RL;function VE(s,l){var f=Se(s),E=!f&&uo(s),y=!f&&!E&&Cs(s),k=!f&&!E&&!y&&ca(s),$=f||E||y||k,Y=$?_p(s.length,k2):[],nt=Y.length;for(var bt in s)(l||Ge.call(s,bt))&&!($&&(bt=="length"||y&&(bt=="offset"||bt=="parent")||k&&(bt=="buffer"||bt=="byteLength"||bt=="byteOffset")||Vi(bt,nt)))&&Y.push(bt);return Y}function FE(s){var l=s.length;return l?s[kp(0,l-1)]:n}function bL(s,l){return ku(nr(s),oo(l,0,s.length))}function yL(s){return ku(nr(s))}function Rp(s,l,f){(f!==n&&!ti(s[l],f)||f===n&&!(l in s))&&Wi(s,l,f)}function Rl(s,l,f){var E=s[l];(!(Ge.call(s,l)&&ti(E,f))||f===n&&!(l in s))&&Wi(s,l,f)}function vu(s,l){for(var f=s.length;f--;)if(ti(s[f][0],l))return f;return-1}function OL(s,l,f,E){return bs(s,function(y,k,$){l(E,y,f(y),$)}),E}function GE(s,l){return s&&hi(l,Cn(l),s)}function LL(s,l){return s&&hi(l,ir(l),s)}function Wi(s,l,f){l=="__proto__"&&hu?hu(s,l,{configurable:!0,enumerable:!0,value:f,writable:!0}):s[l]=f}function bp(s,l){for(var f=-1,E=l.length,y=ut(E),k=s==null;++f<E;)y[f]=k?n:ih(s,l[f]);return y}function oo(s,l,f){return s===s&&(f!==n&&(s=s<=f?s:f),l!==n&&(s=s>=l?s:l)),s}function Br(s,l,f,E,y,k){var $,Y=l&_,nt=l&S,bt=l&R;if(f&&($=y?f(s,E,y,k):f(s)),$!==n)return $;if(!ln(s))return s;var yt=Se(s);if(yt){if($=mC(s),!Y)return nr(s,$)}else{var It=Un(s),Gt=It==H||It==K;if(Cs(s))return hg(s,Y);if(It==mt||It==A||Gt&&!y){if($=nt||Gt?{}:kg(s),!Y)return nt?iC(s,LL($,s)):rC(s,GE($,s))}else{if(!tn[It])return y?s:{};$=_C(s,It,Y)}}k||(k=new Qr);var Qt=k.get(s);if(Qt)return Qt;k.set(s,$),l1(s)?s.forEach(function(ce){$.add(Br(ce,l,f,ce,s,k))}):o1(s)&&s.forEach(function(ce,we){$.set(we,Br(ce,l,f,we,s,k))});var le=bt?nt?Gp:Fp:nt?ir:Cn,Le=yt?n:le(s);return xr(Le||s,function(ce,we){Le&&(we=ce,ce=s[we]),Rl($,we,Br(ce,l,f,we,s,k))}),$}function CL(s){var l=Cn(s);return function(f){return zE(f,s,l)}}function zE(s,l,f){var E=f.length;if(s==null)return!E;for(s=Je(s);E--;){var y=f[E],k=l[y],$=s[y];if($===n&&!(y in s)||!k($))return!1}return!0}function KE(s,l,f){if(typeof s!="function")throw new wr(a);return Nl(function(){s.apply(n,f)},l)}function bl(s,l,f,E){var y=-1,k=ru,$=!0,Y=s.length,nt=[],bt=l.length;if(!Y)return nt;f&&(l=on(l,Er(f))),E?(k=up,$=!1):l.length>=i&&(k=El,$=!1,l=new so(l));t:for(;++y<Y;){var yt=s[y],It=f==null?yt:f(yt);if(yt=E||yt!==0?yt:0,$&&It===It){for(var Gt=bt;Gt--;)if(l[Gt]===It)continue t;nt.push(yt)}else k(l,It,E)||nt.push(yt)}return nt}var bs=Tg(pi),XE=Tg(Op,!0);function IL(s,l){var f=!0;return bs(s,function(E,y,k){return f=!!l(E,y,k),f}),f}function Su(s,l,f){for(var E=-1,y=s.length;++E<y;){var k=s[E],$=l(k);if($!=null&&(Y===n?$===$&&!Tr($):f($,Y)))var Y=$,nt=k}return nt}function NL(s,l,f,E){var y=s.length;for(f=Oe(f),f<0&&(f=-f>y?0:y+f),E=E===n||E>y?y:Oe(E),E<0&&(E+=y),E=f>E?0:u1(E);f<E;)s[f++]=l;return s}function YE(s,l){var f=[];return bs(s,function(E,y,k){l(E,y,k)&&f.push(E)}),f}function wn(s,l,f,E,y){var k=-1,$=s.length;for(f||(f=gC),y||(y=[]);++k<$;){var Y=s[k];l>0&&f(Y)?l>1?wn(Y,l-1,f,E,y):Ss(y,Y):E||(y[y.length]=Y)}return y}var yp=vg(),qE=vg(!0);function pi(s,l){return s&&yp(s,l,Cn)}function Op(s,l){return s&&qE(s,l,Cn)}function Au(s,l){return vs(l,function(f){return Fi(s[f])})}function ao(s,l){l=Os(l,s);for(var f=0,E=l.length;s!=null&&f<E;)s=s[mi(l[f++])];return f&&f==E?s:n}function jE(s,l,f){var E=l(s);return Se(s)?E:Ss(E,f(s))}function Xn(s){return s==null?s===n?$t:At:ro&&ro in Je(s)?fC(s):yC(s)}function Lp(s,l){return s>l}function xL(s,l){return s!=null&&Ge.call(s,l)}function wL(s,l){return s!=null&&l in Je(s)}function kL(s,l,f){return s>=Wn(l,f)&&s<bn(l,f)}function Cp(s,l,f){for(var E=f?up:ru,y=s[0].length,k=s.length,$=k,Y=ut(k),nt=1/0,bt=[];$--;){var yt=s[$];$&&l&&(yt=on(yt,Er(l))),nt=Wn(yt.length,nt),Y[$]=!f&&(l||y>=120&&yt.length>=120)?new so($&&yt):n}yt=s[0];var It=-1,Gt=Y[0];t:for(;++It<y&&bt.length<nt;){var Qt=yt[It],le=l?l(Qt):Qt;if(Qt=f||Qt!==0?Qt:0,!(Gt?El(Gt,le):E(bt,le,f))){for($=k;--$;){var Le=Y[$];if(!(Le?El(Le,le):E(s[$],le,f)))continue t}Gt&&Gt.push(le),bt.push(Qt)}}return bt}function BL(s,l,f,E){return pi(s,function(y,k,$){l(E,f(y),k,$)}),E}function yl(s,l,f){l=Os(l,s),s=Mg(s,l);var E=s==null?s:s[mi(Pr(l))];return E==null?n:_r(E,s,f)}function JE(s){return pn(s)&&Xn(s)==A}function DL(s){return pn(s)&&Xn(s)==ge}function PL(s){return pn(s)&&Xn(s)==st}function Ol(s,l,f,E,y){return s===l?!0:s==null||l==null||!pn(s)&&!pn(l)?s!==s&&l!==l:ML(s,l,f,E,Ol,y)}function ML(s,l,f,E,y,k){var $=Se(s),Y=Se(l),nt=$?I:Un(s),bt=Y?I:Un(l);nt=nt==A?mt:nt,bt=bt==A?mt:bt;var yt=nt==mt,It=bt==mt,Gt=nt==bt;if(Gt&&Cs(s)){if(!Cs(l))return!1;$=!0,yt=!1}if(Gt&&!yt)return k||(k=new Qr),$||ca(s)?Ng(s,l,f,E,y,k):uC(s,l,nt,f,E,y,k);if(!(f&T)){var Qt=yt&&Ge.call(s,"__wrapped__"),le=It&&Ge.call(l,"__wrapped__");if(Qt||le){var Le=Qt?s.value():s,ce=le?l.value():l;return k||(k=new Qr),y(Le,ce,f,E,k)}}return Gt?(k||(k=new Qr),dC(s,l,f,E,y,k)):!1}function HL(s){return pn(s)&&Un(s)==ot}function Ip(s,l,f,E){var y=f.length,k=y,$=!E;if(s==null)return!k;for(s=Je(s);y--;){var Y=f[y];if($&&Y[2]?Y[1]!==s[Y[0]]:!(Y[0]in s))return!1}for(;++y<k;){Y=f[y];var nt=Y[0],bt=s[nt],yt=Y[1];if($&&Y[2]){if(bt===n&&!(nt in s))return!1}else{var It=new Qr;if(E)var Gt=E(bt,yt,nt,s,l,It);if(!(Gt===n?Ol(yt,bt,T|b,E,It):Gt))return!1}}return!0}function ZE(s){if(!ln(s)||vC(s))return!1;var l=Fi(s)?H2:Qf;return l.test(co(s))}function WL(s){return pn(s)&&Xn(s)==at}function UL(s){return pn(s)&&Un(s)==lt}function $L(s){return pn(s)&&Wu(s.length)&&!!rn[Xn(s)]}function QE(s){return typeof s=="function"?s:s==null?sr:typeof s=="object"?Se(s)?ng(s[0],s[1]):eg(s):S1(s)}function Np(s){if(!Il(s))return G2(s);var l=[];for(var f in Je(s))Ge.call(s,f)&&f!="constructor"&&l.push(f);return l}function VL(s){if(!ln(s))return bC(s);var l=Il(s),f=[];for(var E in s)E=="constructor"&&(l||!Ge.call(s,E))||f.push(E);return f}function xp(s,l){return s<l}function tg(s,l){var f=-1,E=rr(s)?ut(s.length):[];return bs(s,function(y,k,$){E[++f]=l(y,k,$)}),E}function eg(s){var l=Kp(s);return l.length==1&&l[0][2]?Dg(l[0][0],l[0][1]):function(f){return f===s||Ip(f,s,l)}}function ng(s,l){return Yp(s)&&Bg(l)?Dg(mi(s),l):function(f){var E=ih(f,s);return E===n&&E===l?sh(f,s):Ol(l,E,T|b)}}function Ru(s,l,f,E,y){s!==l&&yp(l,function(k,$){if(y||(y=new Qr),ln(k))FL(s,l,$,f,Ru,E,y);else{var Y=E?E(jp(s,$),k,$+"",s,l,y):n;Y===n&&(Y=k),Rp(s,$,Y)}},ir)}function FL(s,l,f,E,y,k,$){var Y=jp(s,f),nt=jp(l,f),bt=$.get(nt);if(bt){Rp(s,f,bt);return}var yt=k?k(Y,nt,f+"",s,l,$):n,It=yt===n;if(It){var Gt=Se(nt),Qt=!Gt&&Cs(nt),le=!Gt&&!Qt&&ca(nt);yt=nt,Gt||Qt||le?Se(Y)?yt=Y:En(Y)?yt=nr(Y):Qt?(It=!1,yt=hg(nt,!0)):le?(It=!1,yt=mg(nt,!0)):yt=[]:xl(nt)||uo(nt)?(yt=Y,uo(Y)?yt=d1(Y):(!ln(Y)||Fi(Y))&&(yt=kg(nt))):It=!1}It&&($.set(nt,yt),y(yt,nt,E,k,$),$.delete(nt)),Rp(s,f,yt)}function rg(s,l){var f=s.length;if(f)return l+=l<0?f:0,Vi(l,f)?s[l]:n}function ig(s,l,f){l.length?l=on(l,function(k){return Se(k)?function($){return ao($,k.length===1?k[0]:k)}:k}):l=[sr];var E=-1;l=on(l,Er(oe()));var y=tg(s,function(k,$,Y){var nt=on(l,function(bt){return bt(k)});return{criteria:nt,index:++E,value:k}});return _2(y,function(k,$){return nC(k,$,f)})}function GL(s,l){return sg(s,l,function(f,E){return sh(s,E)})}function sg(s,l,f){for(var E=-1,y=l.length,k={};++E<y;){var $=l[E],Y=ao(s,$);f(Y,$)&&Ll(k,Os($,s),Y)}return k}function zL(s){return function(l){return ao(l,s)}}function wp(s,l,f,E){var y=E?m2:Zo,k=-1,$=l.length,Y=s;for(s===l&&(l=nr(l)),f&&(Y=on(s,Er(f)));++k<$;)for(var nt=0,bt=l[k],yt=f?f(bt):bt;(nt=y(Y,yt,nt,E))>-1;)Y!==s&&pu.call(Y,nt,1),pu.call(s,nt,1);return s}function og(s,l){for(var f=s?l.length:0,E=f-1;f--;){var y=l[f];if(f==E||y!==k){var k=y;Vi(y)?pu.call(s,y,1):Pp(s,y)}}return s}function kp(s,l){return s+_u(UE()*(l-s+1))}function KL(s,l,f,E){for(var y=-1,k=bn(mu((l-s)/(f||1)),0),$=ut(k);k--;)$[E?k:++y]=s,s+=f;return $}function Bp(s,l){var f="";if(!s||l<1||l>ct)return f;do l%2&&(f+=s),l=_u(l/2),l&&(s+=s);while(l);return f}function Ie(s,l){return Jp(Pg(s,l,sr),s+"")}function XL(s){return FE(ua(s))}function YL(s,l){var f=ua(s);return ku(f,oo(l,0,f.length))}function Ll(s,l,f,E){if(!ln(s))return s;l=Os(l,s);for(var y=-1,k=l.length,$=k-1,Y=s;Y!=null&&++y<k;){var nt=mi(l[y]),bt=f;if(nt==="__proto__"||nt==="constructor"||nt==="prototype")return s;if(y!=$){var yt=Y[nt];bt=E?E(yt,nt,Y):n,bt===n&&(bt=ln(yt)?yt:Vi(l[y+1])?[]:{})}Rl(Y,nt,bt),Y=Y[nt]}return s}var ag=Eu?function(s,l){return Eu.set(s,l),s}:sr,qL=hu?function(s,l){return hu(s,"toString",{configurable:!0,enumerable:!1,value:ah(l),writable:!0})}:sr;function jL(s){return ku(ua(s))}function Dr(s,l,f){var E=-1,y=s.length;l<0&&(l=-l>y?0:y+l),f=f>y?y:f,f<0&&(f+=y),y=l>f?0:f-l>>>0,l>>>=0;for(var k=ut(y);++E<y;)k[E]=s[E+l];return k}function JL(s,l){var f;return bs(s,function(E,y,k){return f=l(E,y,k),!f}),!!f}function bu(s,l,f){var E=0,y=s==null?E:s.length;if(typeof l=="number"&&l===l&&y<=ht){for(;E<y;){var k=E+y>>>1,$=s[k];$!==null&&!Tr($)&&(f?$<=l:$<l)?E=k+1:y=k}return y}return Dp(s,l,sr,f)}function Dp(s,l,f,E){var y=0,k=s==null?0:s.length;if(k===0)return 0;l=f(l);for(var $=l!==l,Y=l===null,nt=Tr(l),bt=l===n;y<k;){var yt=_u((y+k)/2),It=f(s[yt]),Gt=It!==n,Qt=It===null,le=It===It,Le=Tr(It);if($)var ce=E||le;else bt?ce=le&&(E||Gt):Y?ce=le&&Gt&&(E||!Qt):nt?ce=le&&Gt&&!Qt&&(E||!Le):Qt||Le?ce=!1:ce=E?It<=l:It<l;ce?y=yt+1:k=yt}return Wn(k,vt)}function lg(s,l){for(var f=-1,E=s.length,y=0,k=[];++f<E;){var $=s[f],Y=l?l($):$;if(!f||!ti(Y,nt)){var nt=Y;k[y++]=$===0?0:$}}return k}function cg(s){return typeof s=="number"?s:Tr(s)?Dt:+s}function gr(s){if(typeof s=="string")return s;if(Se(s))return on(s,gr)+"";if(Tr(s))return $E?$E.call(s):"";var l=s+"";return l=="0"&&1/s==-1/0?"-0":l}function ys(s,l,f){var E=-1,y=ru,k=s.length,$=!0,Y=[],nt=Y;if(f)$=!1,y=up;else if(k>=i){var bt=l?null:lC(s);if(bt)return su(bt);$=!1,y=El,nt=new so}else nt=l?[]:Y;t:for(;++E<k;){var yt=s[E],It=l?l(yt):yt;if(yt=f||yt!==0?yt:0,$&&It===It){for(var Gt=nt.length;Gt--;)if(nt[Gt]===It)continue t;l&&nt.push(It),Y.push(yt)}else y(nt,It,f)||(nt!==Y&&nt.push(It),Y.push(yt))}return Y}function Pp(s,l){return l=Os(l,s),s=Mg(s,l),s==null||delete s[mi(Pr(l))]}function ug(s,l,f,E){return Ll(s,l,f(ao(s,l)),E)}function yu(s,l,f,E){for(var y=s.length,k=E?y:-1;(E?k--:++k<y)&&l(s[k],k,s););return f?Dr(s,E?0:k,E?k+1:y):Dr(s,E?k+1:0,E?y:k)}function dg(s,l){var f=s;return f instanceof ke&&(f=f.value()),dp(l,function(E,y){return y.func.apply(y.thisArg,Ss([E],y.args))},f)}function Mp(s,l,f){var E=s.length;if(E<2)return E?ys(s[0]):[];for(var y=-1,k=ut(E);++y<E;)for(var $=s[y],Y=-1;++Y<E;)Y!=y&&(k[y]=bl(k[y]||$,s[Y],l,f));return ys(wn(k,1),l,f)}function fg(s,l,f){for(var E=-1,y=s.length,k=l.length,$={};++E<y;){var Y=E<k?l[E]:n;f($,s[E],Y)}return $}function Hp(s){return En(s)?s:[]}function Wp(s){return typeof s=="function"?s:sr}function Os(s,l){return Se(s)?s:Yp(s,l)?[s]:$g($e(s))}var ZL=Ie;function Ls(s,l,f){var E=s.length;return f=f===n?E:f,!l&&f>=E?s:Dr(s,l,f)}var pg=W2||function(s){return xn.clearTimeout(s)};function hg(s,l){if(l)return s.slice();var f=s.length,E=DE?DE(f):new s.constructor(f);return s.copy(E),E}function Up(s){var l=new s.constructor(s.byteLength);return new du(l).set(new du(s)),l}function QL(s,l){var f=l?Up(s.buffer):s.buffer;return new s.constructor(f,s.byteOffset,s.byteLength)}function tC(s){var l=new s.constructor(s.source,Yc.exec(s));return l.lastIndex=s.lastIndex,l}function eC(s){return Al?Je(Al.call(s)):{}}function mg(s,l){var f=l?Up(s.buffer):s.buffer;return new s.constructor(f,s.byteOffset,s.length)}function _g(s,l){if(s!==l){var f=s!==n,E=s===null,y=s===s,k=Tr(s),$=l!==n,Y=l===null,nt=l===l,bt=Tr(l);if(!Y&&!bt&&!k&&s>l||k&&$&&nt&&!Y&&!bt||E&&$&&nt||!f&&nt||!y)return 1;if(!E&&!k&&!bt&&s<l||bt&&f&&y&&!E&&!k||Y&&f&&y||!$&&y||!nt)return-1}return 0}function nC(s,l,f){for(var E=-1,y=s.criteria,k=l.criteria,$=y.length,Y=f.length;++E<$;){var nt=_g(y[E],k[E]);if(nt){if(E>=Y)return nt;var bt=f[E];return nt*(bt=="desc"?-1:1)}}return s.index-l.index}function Eg(s,l,f,E){for(var y=-1,k=s.length,$=f.length,Y=-1,nt=l.length,bt=bn(k-$,0),yt=ut(nt+bt),It=!E;++Y<nt;)yt[Y]=l[Y];for(;++y<$;)(It||y<k)&&(yt[f[y]]=s[y]);for(;bt--;)yt[Y++]=s[y++];return yt}function gg(s,l,f,E){for(var y=-1,k=s.length,$=-1,Y=f.length,nt=-1,bt=l.length,yt=bn(k-Y,0),It=ut(yt+bt),Gt=!E;++y<yt;)It[y]=s[y];for(var Qt=y;++nt<bt;)It[Qt+nt]=l[nt];for(;++$<Y;)(Gt||y<k)&&(It[Qt+f[$]]=s[y++]);return It}function nr(s,l){var f=-1,E=s.length;for(l||(l=ut(E));++f<E;)l[f]=s[f];return l}function hi(s,l,f,E){var y=!f;f||(f={});for(var k=-1,$=l.length;++k<$;){var Y=l[k],nt=E?E(f[Y],s[Y],Y,f,s):n;nt===n&&(nt=s[Y]),y?Wi(f,Y,nt):Rl(f,Y,nt)}return f}function rC(s,l){return hi(s,Xp(s),l)}function iC(s,l){return hi(s,xg(s),l)}function Ou(s,l){return function(f,E){var y=Se(f)?c2:OL,k=l?l():{};return y(f,s,oe(E,2),k)}}function oa(s){return Ie(function(l,f){var E=-1,y=f.length,k=y>1?f[y-1]:n,$=y>2?f[2]:n;for(k=s.length>3&&typeof k=="function"?(y--,k):n,$&&Yn(f[0],f[1],$)&&(k=y<3?n:k,y=1),l=Je(l);++E<y;){var Y=f[E];Y&&s(l,Y,E,k)}return l})}function Tg(s,l){return function(f,E){if(f==null)return f;if(!rr(f))return s(f,E);for(var y=f.length,k=l?y:-1,$=Je(f);(l?k--:++k<y)&&E($[k],k,$)!==!1;);return f}}function vg(s){return function(l,f,E){for(var y=-1,k=Je(l),$=E(l),Y=$.length;Y--;){var nt=$[s?Y:++y];if(f(k[nt],nt,k)===!1)break}return l}}function sC(s,l,f){var E=l&N,y=Cl(s);function k(){var $=this&&this!==xn&&this instanceof k?y:s;return $.apply(E?f:this,arguments)}return k}function Sg(s){return function(l){l=$e(l);var f=Qo(l)?Zr(l):n,E=f?f[0]:l.charAt(0),y=f?Ls(f,1).join(""):l.slice(1);return E[s]()+y}}function aa(s){return function(l){return dp(T1(g1(l).replace(sp,"")),s,"")}}function Cl(s){return function(){var l=arguments;switch(l.length){case 0:return new s;case 1:return new s(l[0]);case 2:return new s(l[0],l[1]);case 3:return new s(l[0],l[1],l[2]);case 4:return new s(l[0],l[1],l[2],l[3]);case 5:return new s(l[0],l[1],l[2],l[3],l[4]);case 6:return new s(l[0],l[1],l[2],l[3],l[4],l[5]);case 7:return new s(l[0],l[1],l[2],l[3],l[4],l[5],l[6])}var f=sa(s.prototype),E=s.apply(f,l);return ln(E)?E:f}}function oC(s,l,f){var E=Cl(s);function y(){for(var k=arguments.length,$=ut(k),Y=k,nt=la(y);Y--;)$[Y]=arguments[Y];var bt=k<3&&$[0]!==nt&&$[k-1]!==nt?[]:As($,nt);if(k-=bt.length,k<f)return Og(s,l,Lu,y.placeholder,n,$,bt,n,n,f-k);var yt=this&&this!==xn&&this instanceof y?E:s;return _r(yt,this,$)}return y}function Ag(s){return function(l,f,E){var y=Je(l);if(!rr(l)){var k=oe(f,3);l=Cn(l),f=function(Y){return k(y[Y],Y,y)}}var $=s(l,f,E);return $>-1?y[k?l[$]:$]:n}}function Rg(s){return $i(function(l){var f=l.length,E=f,y=kr.prototype.thru;for(s&&l.reverse();E--;){var k=l[E];if(typeof k!="function")throw new wr(a);if(y&&!$&&xu(k)=="wrapper")var $=new kr([],!0)}for(E=$?E:f;++E<f;){k=l[E];var Y=xu(k),nt=Y=="wrapper"?zp(k):n;nt&&qp(nt[0])&&nt[1]==(z|W|G|tt)&&!nt[4].length&&nt[9]==1?$=$[xu(nt[0])].apply($,nt[3]):$=k.length==1&&qp(k)?$[Y]():$.thru(k)}return function(){var bt=arguments,yt=bt[0];if($&&bt.length==1&&Se(yt))return $.plant(yt).value();for(var It=0,Gt=f?l[It].apply(this,bt):yt;++It<f;)Gt=l[It].call(this,Gt);return Gt}})}function Lu(s,l,f,E,y,k,$,Y,nt,bt){var yt=l&z,It=l&N,Gt=l&C,Qt=l&(W|O),le=l&Et,Le=Gt?n:Cl(s);function ce(){for(var we=arguments.length,De=ut(we),vr=we;vr--;)De[vr]=arguments[vr];if(Qt)var qn=la(ce),Sr=g2(De,qn);if(E&&(De=Eg(De,E,y,Qt)),k&&(De=gg(De,k,$,Qt)),we-=Sr,Qt&&we<bt){var gn=As(De,qn);return Og(s,l,Lu,ce.placeholder,f,De,gn,Y,nt,bt-we)}var ei=It?f:this,zi=Gt?ei[s]:s;return we=De.length,Y?De=OC(De,Y):le&&we>1&&De.reverse(),yt&&nt<we&&(De.length=nt),this&&this!==xn&&this instanceof ce&&(zi=Le||Cl(zi)),zi.apply(ei,De)}return ce}function bg(s,l){return function(f,E){return BL(f,s,l(E),{})}}function Cu(s,l){return function(f,E){var y;if(f===n&&E===n)return l;if(f!==n&&(y=f),E!==n){if(y===n)return E;typeof f=="string"||typeof E=="string"?(f=gr(f),E=gr(E)):(f=cg(f),E=cg(E)),y=s(f,E)}return y}}function $p(s){return $i(function(l){return l=on(l,Er(oe())),Ie(function(f){var E=this;return s(l,function(y){return _r(y,E,f)})})})}function Iu(s,l){l=l===n?" ":gr(l);var f=l.length;if(f<2)return f?Bp(l,s):l;var E=Bp(l,mu(s/ta(l)));return Qo(l)?Ls(Zr(E),0,s).join(""):E.slice(0,s)}function aC(s,l,f,E){var y=l&N,k=Cl(s);function $(){for(var Y=-1,nt=arguments.length,bt=-1,yt=E.length,It=ut(yt+nt),Gt=this&&this!==xn&&this instanceof $?k:s;++bt<yt;)It[bt]=E[bt];for(;nt--;)It[bt++]=arguments[++Y];return _r(Gt,y?f:this,It)}return $}function yg(s){return function(l,f,E){return E&&typeof E!="number"&&Yn(l,f,E)&&(f=E=n),l=Gi(l),f===n?(f=l,l=0):f=Gi(f),E=E===n?l<f?1:-1:Gi(E),KL(l,f,E,s)}}function Nu(s){return function(l,f){return typeof l=="string"&&typeof f=="string"||(l=Mr(l),f=Mr(f)),s(l,f)}}function Og(s,l,f,E,y,k,$,Y,nt,bt){var yt=l&W,It=yt?$:n,Gt=yt?n:$,Qt=yt?k:n,le=yt?n:k;l|=yt?G:M,l&=~(yt?M:G),l&D||(l&=-4);var Le=[s,l,y,Qt,It,le,Gt,Y,nt,bt],ce=f.apply(n,Le);return qp(s)&&Hg(ce,Le),ce.placeholder=E,Wg(ce,s,l)}function Vp(s){var l=Rn[s];return function(f,E){if(f=Mr(f),E=E==null?0:Wn(Oe(E),292),E&&WE(f)){var y=($e(f)+"e").split("e"),k=l(y[0]+"e"+(+y[1]+E));return y=($e(k)+"e").split("e"),+(y[0]+"e"+(+y[1]-E))}return l(f)}}var lC=ra&&1/su(new ra([,-0]))[1]==j?function(s){return new ra(s)}:uh;function Lg(s){return function(l){var f=Un(l);return f==ot?gp(l):f==lt?y2(l):E2(l,s(l))}}function Ui(s,l,f,E,y,k,$,Y){var nt=l&C;if(!nt&&typeof s!="function")throw new wr(a);var bt=E?E.length:0;if(bt||(l&=-97,E=y=n),$=$===n?$:bn(Oe($),0),Y=Y===n?Y:Oe(Y),bt-=y?y.length:0,l&M){var yt=E,It=y;E=y=n}var Gt=nt?n:zp(s),Qt=[s,l,f,E,y,yt,It,k,$,Y];if(Gt&&RC(Qt,Gt),s=Qt[0],l=Qt[1],f=Qt[2],E=Qt[3],y=Qt[4],Y=Qt[9]=Qt[9]===n?nt?0:s.length:bn(Qt[9]-bt,0),!Y&&l&(W|O)&&(l&=-25),!l||l==N)var le=sC(s,l,f);else l==W||l==O?le=oC(s,l,Y):(l==G||l==(N|G))&&!y.length?le=aC(s,l,f,E):le=Lu.apply(n,Qt);var Le=Gt?ag:Hg;return Wg(Le(le,Qt),s,l)}function Cg(s,l,f,E){return s===n||ti(s,na[f])&&!Ge.call(E,f)?l:s}function Ig(s,l,f,E,y,k){return ln(s)&&ln(l)&&(k.set(l,s),Ru(s,l,n,Ig,k),k.delete(l)),s}function cC(s){return xl(s)?n:s}function Ng(s,l,f,E,y,k){var $=f&T,Y=s.length,nt=l.length;if(Y!=nt&&!($&&nt>Y))return!1;var bt=k.get(s),yt=k.get(l);if(bt&&yt)return bt==l&&yt==s;var It=-1,Gt=!0,Qt=f&b?new so:n;for(k.set(s,l),k.set(l,s);++It<Y;){var le=s[It],Le=l[It];if(E)var ce=$?E(Le,le,It,l,s,k):E(le,Le,It,s,l,k);if(ce!==n){if(ce)continue;Gt=!1;break}if(Qt){if(!fp(l,function(we,De){if(!El(Qt,De)&&(le===we||y(le,we,f,E,k)))return Qt.push(De)})){Gt=!1;break}}else if(!(le===Le||y(le,Le,f,E,k))){Gt=!1;break}}return k.delete(s),k.delete(l),Gt}function uC(s,l,f,E,y,k,$){switch(f){case me:if(s.byteLength!=l.byteLength||s.byteOffset!=l.byteOffset)return!1;s=s.buffer,l=l.buffer;case ge:return!(s.byteLength!=l.byteLength||!k(new du(s),new du(l)));case V:case st:case Lt:return ti(+s,+l);case Vt:return s.name==l.name&&s.message==l.message;case at:case zt:return s==l+"";case ot:var Y=gp;case lt:var nt=E&T;if(Y||(Y=su),s.size!=l.size&&!nt)return!1;var bt=$.get(s);if(bt)return bt==l;E|=b,$.set(s,l);var yt=Ng(Y(s),Y(l),E,y,k,$);return $.delete(s),yt;case Bt:if(Al)return Al.call(s)==Al.call(l)}return!1}function dC(s,l,f,E,y,k){var $=f&T,Y=Fp(s),nt=Y.length,bt=Fp(l),yt=bt.length;if(nt!=yt&&!$)return!1;for(var It=nt;It--;){var Gt=Y[It];if(!($?Gt in l:Ge.call(l,Gt)))return!1}var Qt=k.get(s),le=k.get(l);if(Qt&&le)return Qt==l&&le==s;var Le=!0;k.set(s,l),k.set(l,s);for(var ce=$;++It<nt;){Gt=Y[It];var we=s[Gt],De=l[Gt];if(E)var vr=$?E(De,we,Gt,l,s,k):E(we,De,Gt,s,l,k);if(!(vr===n?we===De||y(we,De,f,E,k):vr)){Le=!1;break}ce||(ce=Gt=="constructor")}if(Le&&!ce){var qn=s.constructor,Sr=l.constructor;qn!=Sr&&"constructor"in s&&"constructor"in l&&!(typeof qn=="function"&&qn instanceof qn&&typeof Sr=="function"&&Sr instanceof Sr)&&(Le=!1)}return k.delete(s),k.delete(l),Le}function $i(s){return Jp(Pg(s,n,zg),s+"")}function Fp(s){return jE(s,Cn,Xp)}function Gp(s){return jE(s,ir,xg)}var zp=Eu?function(s){return Eu.get(s)}:uh;function xu(s){for(var l=s.name+"",f=ia[l],E=Ge.call(ia,l)?f.length:0;E--;){var y=f[E],k=y.func;if(k==null||k==s)return y.name}return l}function la(s){var l=Ge.call(x,"placeholder")?x:s;return l.placeholder}function oe(){var s=x.iteratee||lh;return s=s===lh?QE:s,arguments.length?s(arguments[0],arguments[1]):s}function wu(s,l){var f=s.__data__;return TC(l)?f[typeof l=="string"?"string":"hash"]:f.map}function Kp(s){for(var l=Cn(s),f=l.length;f--;){var E=l[f],y=s[E];l[f]=[E,y,Bg(y)]}return l}function lo(s,l){var f=A2(s,l);return ZE(f)?f:n}function fC(s){var l=Ge.call(s,ro),f=s[ro];try{s[ro]=n;var E=!0}catch{}var y=cu.call(s);return E&&(l?s[ro]=f:delete s[ro]),y}var Xp=vp?function(s){return s==null?[]:(s=Je(s),vs(vp(s),function(l){return ME.call(s,l)}))}:dh,xg=vp?function(s){for(var l=[];s;)Ss(l,Xp(s)),s=fu(s);return l}:dh,Un=Xn;(Sp&&Un(new Sp(new ArrayBuffer(1)))!=me||Tl&&Un(new Tl)!=ot||Ap&&Un(Ap.resolve())!=Ht||ra&&Un(new ra)!=lt||vl&&Un(new vl)!=Jt)&&(Un=function(s){var l=Xn(s),f=l==mt?s.constructor:n,E=f?co(f):"";if(E)switch(E){case Y2:return me;case q2:return ot;case j2:return Ht;case J2:return lt;case Z2:return Jt}return l});function pC(s,l,f){for(var E=-1,y=f.length;++E<y;){var k=f[E],$=k.size;switch(k.type){case"drop":s+=$;break;case"dropRight":l-=$;break;case"take":l=Wn(l,s+$);break;case"takeRight":s=bn(s,l-$);break}}return{start:s,end:l}}function hC(s){var l=s.match(dl);return l?l[1].split(fl):[]}function wg(s,l,f){l=Os(l,s);for(var E=-1,y=l.length,k=!1;++E<y;){var $=mi(l[E]);if(!(k=s!=null&&f(s,$)))break;s=s[$]}return k||++E!=y?k:(y=s==null?0:s.length,!!y&&Wu(y)&&Vi($,y)&&(Se(s)||uo(s)))}function mC(s){var l=s.length,f=new s.constructor(l);return l&&typeof s[0]=="string"&&Ge.call(s,"index")&&(f.index=s.index,f.input=s.input),f}function kg(s){return typeof s.constructor=="function"&&!Il(s)?sa(fu(s)):{}}function _C(s,l,f){var E=s.constructor;switch(l){case ge:return Up(s);case V:case st:return new E(+s);case me:return QL(s,f);case cn:case un:case yn:case On:case pr:case pt:case Ut:case jt:case Ne:return mg(s,f);case ot:return new E;case Lt:case zt:return new E(s);case at:return tC(s);case lt:return new E;case Bt:return eC(s)}}function EC(s,l){var f=l.length;if(!f)return s;var E=f-1;return l[E]=(f>1?"& ":"")+l[E],l=l.join(f>2?", ":" "),s.replace(js,`{
/* [wrapped with `+l+`] */
`)}function gC(s){return Se(s)||uo(s)||!!(HE&&s&&s[HE])}function Vi(s,l){var f=typeof s;return l=l??ct,!!l&&(f=="number"||f!="symbol"&&ep.test(s))&&s>-1&&s%1==0&&s<l}function Yn(s,l,f){if(!ln(f))return!1;var E=typeof l;return(E=="number"?rr(f)&&Vi(l,f.length):E=="string"&&l in f)?ti(f[l],s):!1}function Yp(s,l){if(Se(s))return!1;var f=typeof s;return f=="number"||f=="symbol"||f=="boolean"||s==null||Tr(s)?!0:ze.test(s)||!je.test(s)||l!=null&&s in Je(l)}function TC(s){var l=typeof s;return l=="string"||l=="number"||l=="symbol"||l=="boolean"?s!=="__proto__":s===null}function qp(s){var l=xu(s),f=x[l];if(typeof f!="function"||!(l in ke.prototype))return!1;if(s===f)return!0;var E=zp(f);return!!E&&s===E[0]}function vC(s){return!!BE&&BE in s}var SC=au?Fi:fh;function Il(s){var l=s&&s.constructor,f=typeof l=="function"&&l.prototype||na;return s===f}function Bg(s){return s===s&&!ln(s)}function Dg(s,l){return function(f){return f==null?!1:f[s]===l&&(l!==n||s in Je(f))}}function AC(s){var l=Mu(s,function(E){return f.size===p&&f.clear(),E}),f=l.cache;return l}function RC(s,l){var f=s[1],E=l[1],y=f|E,k=y<(N|C|z),$=E==z&&f==W||E==z&&f==tt&&s[7].length<=l[8]||E==(z|tt)&&l[7].length<=l[8]&&f==W;if(!(k||$))return s;E&N&&(s[2]=l[2],y|=f&N?0:D);var Y=l[3];if(Y){var nt=s[3];s[3]=nt?Eg(nt,Y,l[4]):Y,s[4]=nt?As(s[3],d):l[4]}return Y=l[5],Y&&(nt=s[5],s[5]=nt?gg(nt,Y,l[6]):Y,s[6]=nt?As(s[5],d):l[6]),Y=l[7],Y&&(s[7]=Y),E&z&&(s[8]=s[8]==null?l[8]:Wn(s[8],l[8])),s[9]==null&&(s[9]=l[9]),s[0]=l[0],s[1]=y,s}function bC(s){var l=[];if(s!=null)for(var f in Je(s))l.push(f);return l}function yC(s){return cu.call(s)}function Pg(s,l,f){return l=bn(l===n?s.length-1:l,0),function(){for(var E=arguments,y=-1,k=bn(E.length-l,0),$=ut(k);++y<k;)$[y]=E[l+y];y=-1;for(var Y=ut(l+1);++y<l;)Y[y]=E[y];return Y[l]=f($),_r(s,this,Y)}}function Mg(s,l){return l.length<2?s:ao(s,Dr(l,0,-1))}function OC(s,l){for(var f=s.length,E=Wn(l.length,f),y=nr(s);E--;){var k=l[E];s[E]=Vi(k,f)?y[k]:n}return s}function jp(s,l){if(!(l==="constructor"&&typeof s[l]=="function")&&l!="__proto__")return s[l]}var Hg=Ug(ag),Nl=$2||function(s,l){return xn.setTimeout(s,l)},Jp=Ug(qL);function Wg(s,l,f){var E=l+"";return Jp(s,EC(E,LC(hC(E),f)))}function Ug(s){var l=0,f=0;return function(){var E=z2(),y=U-(E-f);if(f=E,y>0){if(++l>=it)return arguments[0]}else l=0;return s.apply(n,arguments)}}function ku(s,l){var f=-1,E=s.length,y=E-1;for(l=l===n?E:l;++f<l;){var k=kp(f,y),$=s[k];s[k]=s[f],s[f]=$}return s.length=l,s}var $g=AC(function(s){var l=[];return s.charCodeAt(0)===46&&l.push(""),s.replace(Zt,function(f,E,y,k){l.push(y?k.replace(Jf,"$1"):E||f)}),l});function mi(s){if(typeof s=="string"||Tr(s))return s;var l=s+"";return l=="0"&&1/s==-1/0?"-0":l}function co(s){if(s!=null){try{return lu.call(s)}catch{}try{return s+""}catch{}}return""}function LC(s,l){return xr(et,function(f){var E="_."+f[0];l&f[1]&&!ru(s,E)&&s.push(E)}),s.sort()}function Vg(s){if(s instanceof ke)return s.clone();var l=new kr(s.__wrapped__,s.__chain__);return l.__actions__=nr(s.__actions__),l.__index__=s.__index__,l.__values__=s.__values__,l}function CC(s,l,f){(f?Yn(s,l,f):l===n)?l=1:l=bn(Oe(l),0);var E=s==null?0:s.length;if(!E||l<1)return[];for(var y=0,k=0,$=ut(mu(E/l));y<E;)$[k++]=Dr(s,y,y+=l);return $}function IC(s){for(var l=-1,f=s==null?0:s.length,E=0,y=[];++l<f;){var k=s[l];k&&(y[E++]=k)}return y}function NC(){var s=arguments.length;if(!s)return[];for(var l=ut(s-1),f=arguments[0],E=s;E--;)l[E-1]=arguments[E];return Ss(Se(f)?nr(f):[f],wn(l,1))}var xC=Ie(function(s,l){return En(s)?bl(s,wn(l,1,En,!0)):[]}),wC=Ie(function(s,l){var f=Pr(l);return En(f)&&(f=n),En(s)?bl(s,wn(l,1,En,!0),oe(f,2)):[]}),kC=Ie(function(s,l){var f=Pr(l);return En(f)&&(f=n),En(s)?bl(s,wn(l,1,En,!0),n,f):[]});function BC(s,l,f){var E=s==null?0:s.length;return E?(l=f||l===n?1:Oe(l),Dr(s,l<0?0:l,E)):[]}function DC(s,l,f){var E=s==null?0:s.length;return E?(l=f||l===n?1:Oe(l),l=E-l,Dr(s,0,l<0?0:l)):[]}function PC(s,l){return s&&s.length?yu(s,oe(l,3),!0,!0):[]}function MC(s,l){return s&&s.length?yu(s,oe(l,3),!0):[]}function HC(s,l,f,E){var y=s==null?0:s.length;return y?(f&&typeof f!="number"&&Yn(s,l,f)&&(f=0,E=y),NL(s,l,f,E)):[]}function Fg(s,l,f){var E=s==null?0:s.length;if(!E)return-1;var y=f==null?0:Oe(f);return y<0&&(y=bn(E+y,0)),iu(s,oe(l,3),y)}function Gg(s,l,f){var E=s==null?0:s.length;if(!E)return-1;var y=E-1;return f!==n&&(y=Oe(f),y=f<0?bn(E+y,0):Wn(y,E-1)),iu(s,oe(l,3),y,!0)}function zg(s){var l=s==null?0:s.length;return l?wn(s,1):[]}function WC(s){var l=s==null?0:s.length;return l?wn(s,j):[]}function UC(s,l){var f=s==null?0:s.length;return f?(l=l===n?1:Oe(l),wn(s,l)):[]}function $C(s){for(var l=-1,f=s==null?0:s.length,E={};++l<f;){var y=s[l];E[y[0]]=y[1]}return E}function Kg(s){return s&&s.length?s[0]:n}function VC(s,l,f){var E=s==null?0:s.length;if(!E)return-1;var y=f==null?0:Oe(f);return y<0&&(y=bn(E+y,0)),Zo(s,l,y)}function FC(s){var l=s==null?0:s.length;return l?Dr(s,0,-1):[]}var GC=Ie(function(s){var l=on(s,Hp);return l.length&&l[0]===s[0]?Cp(l):[]}),zC=Ie(function(s){var l=Pr(s),f=on(s,Hp);return l===Pr(f)?l=n:f.pop(),f.length&&f[0]===s[0]?Cp(f,oe(l,2)):[]}),KC=Ie(function(s){var l=Pr(s),f=on(s,Hp);return l=typeof l=="function"?l:n,l&&f.pop(),f.length&&f[0]===s[0]?Cp(f,n,l):[]});function XC(s,l){return s==null?"":F2.call(s,l)}function Pr(s){var l=s==null?0:s.length;return l?s[l-1]:n}function YC(s,l,f){var E=s==null?0:s.length;if(!E)return-1;var y=E;return f!==n&&(y=Oe(f),y=y<0?bn(E+y,0):Wn(y,E-1)),l===l?L2(s,l,y):iu(s,OE,y,!0)}function qC(s,l){return s&&s.length?rg(s,Oe(l)):n}var jC=Ie(Xg);function Xg(s,l){return s&&s.length&&l&&l.length?wp(s,l):s}function JC(s,l,f){return s&&s.length&&l&&l.length?wp(s,l,oe(f,2)):s}function ZC(s,l,f){return s&&s.length&&l&&l.length?wp(s,l,n,f):s}var QC=$i(function(s,l){var f=s==null?0:s.length,E=bp(s,l);return og(s,on(l,function(y){return Vi(y,f)?+y:y}).sort(_g)),E});function tI(s,l){var f=[];if(!(s&&s.length))return f;var E=-1,y=[],k=s.length;for(l=oe(l,3);++E<k;){var $=s[E];l($,E,s)&&(f.push($),y.push(E))}return og(s,y),f}function Zp(s){return s==null?s:X2.call(s)}function eI(s,l,f){var E=s==null?0:s.length;return E?(f&&typeof f!="number"&&Yn(s,l,f)?(l=0,f=E):(l=l==null?0:Oe(l),f=f===n?E:Oe(f)),Dr(s,l,f)):[]}function nI(s,l){return bu(s,l)}function rI(s,l,f){return Dp(s,l,oe(f,2))}function iI(s,l){var f=s==null?0:s.length;if(f){var E=bu(s,l);if(E<f&&ti(s[E],l))return E}return-1}function sI(s,l){return bu(s,l,!0)}function oI(s,l,f){return Dp(s,l,oe(f,2),!0)}function aI(s,l){var f=s==null?0:s.length;if(f){var E=bu(s,l,!0)-1;if(ti(s[E],l))return E}return-1}function lI(s){return s&&s.length?lg(s):[]}function cI(s,l){return s&&s.length?lg(s,oe(l,2)):[]}function uI(s){var l=s==null?0:s.length;return l?Dr(s,1,l):[]}function dI(s,l,f){return s&&s.length?(l=f||l===n?1:Oe(l),Dr(s,0,l<0?0:l)):[]}function fI(s,l,f){var E=s==null?0:s.length;return E?(l=f||l===n?1:Oe(l),l=E-l,Dr(s,l<0?0:l,E)):[]}function pI(s,l){return s&&s.length?yu(s,oe(l,3),!1,!0):[]}function hI(s,l){return s&&s.length?yu(s,oe(l,3)):[]}var mI=Ie(function(s){return ys(wn(s,1,En,!0))}),_I=Ie(function(s){var l=Pr(s);return En(l)&&(l=n),ys(wn(s,1,En,!0),oe(l,2))}),EI=Ie(function(s){var l=Pr(s);return l=typeof l=="function"?l:n,ys(wn(s,1,En,!0),n,l)});function gI(s){return s&&s.length?ys(s):[]}function TI(s,l){return s&&s.length?ys(s,oe(l,2)):[]}function vI(s,l){return l=typeof l=="function"?l:n,s&&s.length?ys(s,n,l):[]}function Qp(s){if(!(s&&s.length))return[];var l=0;return s=vs(s,function(f){if(En(f))return l=bn(f.length,l),!0}),_p(l,function(f){return on(s,pp(f))})}function Yg(s,l){if(!(s&&s.length))return[];var f=Qp(s);return l==null?f:on(f,function(E){return _r(l,n,E)})}var SI=Ie(function(s,l){return En(s)?bl(s,l):[]}),AI=Ie(function(s){return Mp(vs(s,En))}),RI=Ie(function(s){var l=Pr(s);return En(l)&&(l=n),Mp(vs(s,En),oe(l,2))}),bI=Ie(function(s){var l=Pr(s);return l=typeof l=="function"?l:n,Mp(vs(s,En),n,l)}),yI=Ie(Qp);function OI(s,l){return fg(s||[],l||[],Rl)}function LI(s,l){return fg(s||[],l||[],Ll)}var CI=Ie(function(s){var l=s.length,f=l>1?s[l-1]:n;return f=typeof f=="function"?(s.pop(),f):n,Yg(s,f)});function qg(s){var l=x(s);return l.__chain__=!0,l}function II(s,l){return l(s),s}function Bu(s,l){return l(s)}var NI=$i(function(s){var l=s.length,f=l?s[0]:0,E=this.__wrapped__,y=function(k){return bp(k,s)};return l>1||this.__actions__.length||!(E instanceof ke)||!Vi(f)?this.thru(y):(E=E.slice(f,+f+(l?1:0)),E.__actions__.push({func:Bu,args:[y],thisArg:n}),new kr(E,this.__chain__).thru(function(k){return l&&!k.length&&k.push(n),k}))});function xI(){return qg(this)}function wI(){return new kr(this.value(),this.__chain__)}function kI(){this.__values__===n&&(this.__values__=c1(this.value()));var s=this.__index__>=this.__values__.length,l=s?n:this.__values__[this.__index__++];return{done:s,value:l}}function BI(){return this}function DI(s){for(var l,f=this;f instanceof Tu;){var E=Vg(f);E.__index__=0,E.__values__=n,l?y.__wrapped__=E:l=E;var y=E;f=f.__wrapped__}return y.__wrapped__=s,l}function PI(){var s=this.__wrapped__;if(s instanceof ke){var l=s;return this.__actions__.length&&(l=new ke(this)),l=l.reverse(),l.__actions__.push({func:Bu,args:[Zp],thisArg:n}),new kr(l,this.__chain__)}return this.thru(Zp)}function MI(){return dg(this.__wrapped__,this.__actions__)}var HI=Ou(function(s,l,f){Ge.call(s,f)?++s[f]:Wi(s,f,1)});function WI(s,l,f){var E=Se(s)?bE:IL;return f&&Yn(s,l,f)&&(l=n),E(s,oe(l,3))}function UI(s,l){var f=Se(s)?vs:YE;return f(s,oe(l,3))}var $I=Ag(Fg),VI=Ag(Gg);function FI(s,l){return wn(Du(s,l),1)}function GI(s,l){return wn(Du(s,l),j)}function zI(s,l,f){return f=f===n?1:Oe(f),wn(Du(s,l),f)}function jg(s,l){var f=Se(s)?xr:bs;return f(s,oe(l,3))}function Jg(s,l){var f=Se(s)?u2:XE;return f(s,oe(l,3))}var KI=Ou(function(s,l,f){Ge.call(s,f)?s[f].push(l):Wi(s,f,[l])});function XI(s,l,f,E){s=rr(s)?s:ua(s),f=f&&!E?Oe(f):0;var y=s.length;return f<0&&(f=bn(y+f,0)),Uu(s)?f<=y&&s.indexOf(l,f)>-1:!!y&&Zo(s,l,f)>-1}var YI=Ie(function(s,l,f){var E=-1,y=typeof l=="function",k=rr(s)?ut(s.length):[];return bs(s,function($){k[++E]=y?_r(l,$,f):yl($,l,f)}),k}),qI=Ou(function(s,l,f){Wi(s,f,l)});function Du(s,l){var f=Se(s)?on:tg;return f(s,oe(l,3))}function jI(s,l,f,E){return s==null?[]:(Se(l)||(l=l==null?[]:[l]),f=E?n:f,Se(f)||(f=f==null?[]:[f]),ig(s,l,f))}var JI=Ou(function(s,l,f){s[f?0:1].push(l)},function(){return[[],[]]});function ZI(s,l,f){var E=Se(s)?dp:CE,y=arguments.length<3;return E(s,oe(l,4),f,y,bs)}function QI(s,l,f){var E=Se(s)?d2:CE,y=arguments.length<3;return E(s,oe(l,4),f,y,XE)}function tN(s,l){var f=Se(s)?vs:YE;return f(s,Hu(oe(l,3)))}function eN(s){var l=Se(s)?FE:XL;return l(s)}function nN(s,l,f){(f?Yn(s,l,f):l===n)?l=1:l=Oe(l);var E=Se(s)?bL:YL;return E(s,l)}function rN(s){var l=Se(s)?yL:jL;return l(s)}function iN(s){if(s==null)return 0;if(rr(s))return Uu(s)?ta(s):s.length;var l=Un(s);return l==ot||l==lt?s.size:Np(s).length}function sN(s,l,f){var E=Se(s)?fp:JL;return f&&Yn(s,l,f)&&(l=n),E(s,oe(l,3))}var oN=Ie(function(s,l){if(s==null)return[];var f=l.length;return f>1&&Yn(s,l[0],l[1])?l=[]:f>2&&Yn(l[0],l[1],l[2])&&(l=[l[0]]),ig(s,wn(l,1),[])}),Pu=U2||function(){return xn.Date.now()};function aN(s,l){if(typeof l!="function")throw new wr(a);return s=Oe(s),function(){if(--s<1)return l.apply(this,arguments)}}function Zg(s,l,f){return l=f?n:l,l=s&&l==null?s.length:l,Ui(s,z,n,n,n,n,l)}function Qg(s,l){var f;if(typeof l!="function")throw new wr(a);return s=Oe(s),function(){return--s>0&&(f=l.apply(this,arguments)),s<=1&&(l=n),f}}var th=Ie(function(s,l,f){var E=N;if(f.length){var y=As(f,la(th));E|=G}return Ui(s,E,l,f,y)}),t1=Ie(function(s,l,f){var E=N|C;if(f.length){var y=As(f,la(t1));E|=G}return Ui(l,E,s,f,y)});function e1(s,l,f){l=f?n:l;var E=Ui(s,W,n,n,n,n,n,l);return E.placeholder=e1.placeholder,E}function n1(s,l,f){l=f?n:l;var E=Ui(s,O,n,n,n,n,n,l);return E.placeholder=n1.placeholder,E}function r1(s,l,f){var E,y,k,$,Y,nt,bt=0,yt=!1,It=!1,Gt=!0;if(typeof s!="function")throw new wr(a);l=Mr(l)||0,ln(f)&&(yt=!!f.leading,It="maxWait"in f,k=It?bn(Mr(f.maxWait)||0,l):k,Gt="trailing"in f?!!f.trailing:Gt);function Qt(gn){var ei=E,zi=y;return E=y=n,bt=gn,$=s.apply(zi,ei),$}function le(gn){return bt=gn,Y=Nl(we,l),yt?Qt(gn):$}function Le(gn){var ei=gn-nt,zi=gn-bt,A1=l-ei;return It?Wn(A1,k-zi):A1}function ce(gn){var ei=gn-nt,zi=gn-bt;return nt===n||ei>=l||ei<0||It&&zi>=k}function we(){var gn=Pu();if(ce(gn))return De(gn);Y=Nl(we,Le(gn))}function De(gn){return Y=n,Gt&&E?Qt(gn):(E=y=n,$)}function vr(){Y!==n&&pg(Y),bt=0,E=nt=y=Y=n}function qn(){return Y===n?$:De(Pu())}function Sr(){var gn=Pu(),ei=ce(gn);if(E=arguments,y=this,nt=gn,ei){if(Y===n)return le(nt);if(It)return pg(Y),Y=Nl(we,l),Qt(nt)}return Y===n&&(Y=Nl(we,l)),$}return Sr.cancel=vr,Sr.flush=qn,Sr}var lN=Ie(function(s,l){return KE(s,1,l)}),cN=Ie(function(s,l,f){return KE(s,Mr(l)||0,f)});function uN(s){return Ui(s,Et)}function Mu(s,l){if(typeof s!="function"||l!=null&&typeof l!="function")throw new wr(a);var f=function(){var E=arguments,y=l?l.apply(this,E):E[0],k=f.cache;if(k.has(y))return k.get(y);var $=s.apply(this,E);return f.cache=k.set(y,$)||k,$};return f.cache=new(Mu.Cache||Hi),f}Mu.Cache=Hi;function Hu(s){if(typeof s!="function")throw new wr(a);return function(){var l=arguments;switch(l.length){case 0:return!s.call(this);case 1:return!s.call(this,l[0]);case 2:return!s.call(this,l[0],l[1]);case 3:return!s.call(this,l[0],l[1],l[2])}return!s.apply(this,l)}}function dN(s){return Qg(2,s)}var fN=ZL(function(s,l){l=l.length==1&&Se(l[0])?on(l[0],Er(oe())):on(wn(l,1),Er(oe()));var f=l.length;return Ie(function(E){for(var y=-1,k=Wn(E.length,f);++y<k;)E[y]=l[y].call(this,E[y]);return _r(s,this,E)})}),eh=Ie(function(s,l){var f=As(l,la(eh));return Ui(s,G,n,l,f)}),i1=Ie(function(s,l){var f=As(l,la(i1));return Ui(s,M,n,l,f)}),pN=$i(function(s,l){return Ui(s,tt,n,n,n,l)});function hN(s,l){if(typeof s!="function")throw new wr(a);return l=l===n?l:Oe(l),Ie(s,l)}function mN(s,l){if(typeof s!="function")throw new wr(a);return l=l==null?0:bn(Oe(l),0),Ie(function(f){var E=f[l],y=Ls(f,0,l);return E&&Ss(y,E),_r(s,this,y)})}function _N(s,l,f){var E=!0,y=!0;if(typeof s!="function")throw new wr(a);return ln(f)&&(E="leading"in f?!!f.leading:E,y="trailing"in f?!!f.trailing:y),r1(s,l,{leading:E,maxWait:l,trailing:y})}function EN(s){return Zg(s,1)}function gN(s,l){return eh(Wp(l),s)}function TN(){if(!arguments.length)return[];var s=arguments[0];return Se(s)?s:[s]}function vN(s){return Br(s,R)}function SN(s,l){return l=typeof l=="function"?l:n,Br(s,R,l)}function AN(s){return Br(s,_|R)}function RN(s,l){return l=typeof l=="function"?l:n,Br(s,_|R,l)}function bN(s,l){return l==null||zE(s,l,Cn(l))}function ti(s,l){return s===l||s!==s&&l!==l}var yN=Nu(Lp),ON=Nu(function(s,l){return s>=l}),uo=JE(function(){return arguments}())?JE:function(s){return pn(s)&&Ge.call(s,"callee")&&!ME.call(s,"callee")},Se=ut.isArray,LN=gE?Er(gE):DL;function rr(s){return s!=null&&Wu(s.length)&&!Fi(s)}function En(s){return pn(s)&&rr(s)}function CN(s){return s===!0||s===!1||pn(s)&&Xn(s)==V}var Cs=V2||fh,IN=TE?Er(TE):PL;function NN(s){return pn(s)&&s.nodeType===1&&!xl(s)}function xN(s){if(s==null)return!0;if(rr(s)&&(Se(s)||typeof s=="string"||typeof s.splice=="function"||Cs(s)||ca(s)||uo(s)))return!s.length;var l=Un(s);if(l==ot||l==lt)return!s.size;if(Il(s))return!Np(s).length;for(var f in s)if(Ge.call(s,f))return!1;return!0}function wN(s,l){return Ol(s,l)}function kN(s,l,f){f=typeof f=="function"?f:n;var E=f?f(s,l):n;return E===n?Ol(s,l,n,f):!!E}function nh(s){if(!pn(s))return!1;var l=Xn(s);return l==Vt||l==Ot||typeof s.message=="string"&&typeof s.name=="string"&&!xl(s)}function BN(s){return typeof s=="number"&&WE(s)}function Fi(s){if(!ln(s))return!1;var l=Xn(s);return l==H||l==K||l==L||l==rt}function s1(s){return typeof s=="number"&&s==Oe(s)}function Wu(s){return typeof s=="number"&&s>-1&&s%1==0&&s<=ct}function ln(s){var l=typeof s;return s!=null&&(l=="object"||l=="function")}function pn(s){return s!=null&&typeof s=="object"}var o1=vE?Er(vE):HL;function DN(s,l){return s===l||Ip(s,l,Kp(l))}function PN(s,l,f){return f=typeof f=="function"?f:n,Ip(s,l,Kp(l),f)}function MN(s){return a1(s)&&s!=+s}function HN(s){if(SC(s))throw new Te(o);return ZE(s)}function WN(s){return s===null}function UN(s){return s==null}function a1(s){return typeof s=="number"||pn(s)&&Xn(s)==Lt}function xl(s){if(!pn(s)||Xn(s)!=mt)return!1;var l=fu(s);if(l===null)return!0;var f=Ge.call(l,"constructor")&&l.constructor;return typeof f=="function"&&f instanceof f&&lu.call(f)==P2}var rh=SE?Er(SE):WL;function $N(s){return s1(s)&&s>=-9007199254740991&&s<=ct}var l1=AE?Er(AE):UL;function Uu(s){return typeof s=="string"||!Se(s)&&pn(s)&&Xn(s)==zt}function Tr(s){return typeof s=="symbol"||pn(s)&&Xn(s)==Bt}var ca=RE?Er(RE):$L;function VN(s){return s===n}function FN(s){return pn(s)&&Un(s)==Jt}function GN(s){return pn(s)&&Xn(s)==se}var zN=Nu(xp),KN=Nu(function(s,l){return s<=l});function c1(s){if(!s)return[];if(rr(s))return Uu(s)?Zr(s):nr(s);if(gl&&s[gl])return b2(s[gl]());var l=Un(s),f=l==ot?gp:l==lt?su:ua;return f(s)}function Gi(s){if(!s)return s===0?s:0;if(s=Mr(s),s===j||s===-1/0){var l=s<0?-1:1;return l*St}return s===s?s:0}function Oe(s){var l=Gi(s),f=l%1;return l===l?f?l-f:l:0}function u1(s){return s?oo(Oe(s),0,dt):0}function Mr(s){if(typeof s=="number")return s;if(Tr(s))return Dt;if(ln(s)){var l=typeof s.valueOf=="function"?s.valueOf():s;s=ln(l)?l+"":l}if(typeof s!="string")return s===0?s:+s;s=IE(s);var f=Xo.test(s);return f||tp.test(s)?a2(s.slice(2),f?2:8):qc.test(s)?Dt:+s}function d1(s){return hi(s,ir(s))}function XN(s){return s?oo(Oe(s),-9007199254740991,ct):s===0?s:0}function $e(s){return s==null?"":gr(s)}var YN=oa(function(s,l){if(Il(l)||rr(l)){hi(l,Cn(l),s);return}for(var f in l)Ge.call(l,f)&&Rl(s,f,l[f])}),f1=oa(function(s,l){hi(l,ir(l),s)}),$u=oa(function(s,l,f,E){hi(l,ir(l),s,E)}),qN=oa(function(s,l,f,E){hi(l,Cn(l),s,E)}),jN=$i(bp);function JN(s,l){var f=sa(s);return l==null?f:GE(f,l)}var ZN=Ie(function(s,l){s=Je(s);var f=-1,E=l.length,y=E>2?l[2]:n;for(y&&Yn(l[0],l[1],y)&&(E=1);++f<E;)for(var k=l[f],$=ir(k),Y=-1,nt=$.length;++Y<nt;){var bt=$[Y],yt=s[bt];(yt===n||ti(yt,na[bt])&&!Ge.call(s,bt))&&(s[bt]=k[bt])}return s}),QN=Ie(function(s){return s.push(n,Ig),_r(p1,n,s)});function tx(s,l){return yE(s,oe(l,3),pi)}function ex(s,l){return yE(s,oe(l,3),Op)}function nx(s,l){return s==null?s:yp(s,oe(l,3),ir)}function rx(s,l){return s==null?s:qE(s,oe(l,3),ir)}function ix(s,l){return s&&pi(s,oe(l,3))}function sx(s,l){return s&&Op(s,oe(l,3))}function ox(s){return s==null?[]:Au(s,Cn(s))}function ax(s){return s==null?[]:Au(s,ir(s))}function ih(s,l,f){var E=s==null?n:ao(s,l);return E===n?f:E}function lx(s,l){return s!=null&&wg(s,l,xL)}function sh(s,l){return s!=null&&wg(s,l,wL)}var cx=bg(function(s,l,f){l!=null&&typeof l.toString!="function"&&(l=cu.call(l)),s[l]=f},ah(sr)),ux=bg(function(s,l,f){l!=null&&typeof l.toString!="function"&&(l=cu.call(l)),Ge.call(s,l)?s[l].push(f):s[l]=[f]},oe),dx=Ie(yl);function Cn(s){return rr(s)?VE(s):Np(s)}function ir(s){return rr(s)?VE(s,!0):VL(s)}function fx(s,l){var f={};return l=oe(l,3),pi(s,function(E,y,k){Wi(f,l(E,y,k),E)}),f}function px(s,l){var f={};return l=oe(l,3),pi(s,function(E,y,k){Wi(f,y,l(E,y,k))}),f}var hx=oa(function(s,l,f){Ru(s,l,f)}),p1=oa(function(s,l,f,E){Ru(s,l,f,E)}),mx=$i(function(s,l){var f={};if(s==null)return f;var E=!1;l=on(l,function(k){return k=Os(k,s),E||(E=k.length>1),k}),hi(s,Gp(s),f),E&&(f=Br(f,_|S|R,cC));for(var y=l.length;y--;)Pp(f,l[y]);return f});function _x(s,l){return h1(s,Hu(oe(l)))}var Ex=$i(function(s,l){return s==null?{}:GL(s,l)});function h1(s,l){if(s==null)return{};var f=on(Gp(s),function(E){return[E]});return l=oe(l),sg(s,f,function(E,y){return l(E,y[0])})}function gx(s,l,f){l=Os(l,s);var E=-1,y=l.length;for(y||(y=1,s=n);++E<y;){var k=s==null?n:s[mi(l[E])];k===n&&(E=y,k=f),s=Fi(k)?k.call(s):k}return s}function Tx(s,l,f){return s==null?s:Ll(s,l,f)}function vx(s,l,f,E){return E=typeof E=="function"?E:n,s==null?s:Ll(s,l,f,E)}var m1=Lg(Cn),_1=Lg(ir);function Sx(s,l,f){var E=Se(s),y=E||Cs(s)||ca(s);if(l=oe(l,4),f==null){var k=s&&s.constructor;y?f=E?new k:[]:ln(s)?f=Fi(k)?sa(fu(s)):{}:f={}}return(y?xr:pi)(s,function($,Y,nt){return l(f,$,Y,nt)}),f}function Ax(s,l){return s==null?!0:Pp(s,l)}function Rx(s,l,f){return s==null?s:ug(s,l,Wp(f))}function bx(s,l,f,E){return E=typeof E=="function"?E:n,s==null?s:ug(s,l,Wp(f),E)}function ua(s){return s==null?[]:Ep(s,Cn(s))}function yx(s){return s==null?[]:Ep(s,ir(s))}function Ox(s,l,f){return f===n&&(f=l,l=n),f!==n&&(f=Mr(f),f=f===f?f:0),l!==n&&(l=Mr(l),l=l===l?l:0),oo(Mr(s),l,f)}function Lx(s,l,f){return l=Gi(l),f===n?(f=l,l=0):f=Gi(f),s=Mr(s),kL(s,l,f)}function Cx(s,l,f){if(f&&typeof f!="boolean"&&Yn(s,l,f)&&(l=f=n),f===n&&(typeof l=="boolean"?(f=l,l=n):typeof s=="boolean"&&(f=s,s=n)),s===n&&l===n?(s=0,l=1):(s=Gi(s),l===n?(l=s,s=0):l=Gi(l)),s>l){var E=s;s=l,l=E}if(f||s%1||l%1){var y=UE();return Wn(s+y*(l-s+o2("1e-"+((y+"").length-1))),l)}return kp(s,l)}var Ix=aa(function(s,l,f){return l=l.toLowerCase(),s+(f?E1(l):l)});function E1(s){return oh($e(s).toLowerCase())}function g1(s){return s=$e(s),s&&s.replace(di,T2).replace(op,"")}function Nx(s,l,f){s=$e(s),l=gr(l);var E=s.length;f=f===n?E:oo(Oe(f),0,E);var y=f;return f-=l.length,f>=0&&s.slice(f,y)==l}function xx(s){return s=$e(s),s&&F.test(s)?s.replace(gs,v2):s}function wx(s){return s=$e(s),s&&de.test(s)?s.replace(Xt,"\\$&"):s}var kx=aa(function(s,l,f){return s+(f?"-":"")+l.toLowerCase()}),Bx=aa(function(s,l,f){return s+(f?" ":"")+l.toLowerCase()}),Dx=Sg("toLowerCase");function Px(s,l,f){s=$e(s),l=Oe(l);var E=l?ta(s):0;if(!l||E>=l)return s;var y=(l-E)/2;return Iu(_u(y),f)+s+Iu(mu(y),f)}function Mx(s,l,f){s=$e(s),l=Oe(l);var E=l?ta(s):0;return l&&E<l?s+Iu(l-E,f):s}function Hx(s,l,f){s=$e(s),l=Oe(l);var E=l?ta(s):0;return l&&E<l?Iu(l-E,f)+s:s}function Wx(s,l,f){return f||l==null?l=0:l&&(l=+l),K2($e(s).replace(dn,""),l||0)}function Ux(s,l,f){return(f?Yn(s,l,f):l===n)?l=1:l=Oe(l),Bp($e(s),l)}function $x(){var s=arguments,l=$e(s[0]);return s.length<3?l:l.replace(s[1],s[2])}var Vx=aa(function(s,l,f){return s+(f?"_":"")+l.toLowerCase()});function Fx(s,l,f){return f&&typeof f!="number"&&Yn(s,l,f)&&(l=f=n),f=f===n?dt:f>>>0,f?(s=$e(s),s&&(typeof l=="string"||l!=null&&!rh(l))&&(l=gr(l),!l&&Qo(s))?Ls(Zr(s),0,f):s.split(l,f)):[]}var Gx=aa(function(s,l,f){return s+(f?" ":"")+oh(l)});function zx(s,l,f){return s=$e(s),f=f==null?0:oo(Oe(f),0,s.length),l=gr(l),s.slice(f,f+l.length)==l}function Kx(s,l,f){var E=x.templateSettings;f&&Yn(s,l,f)&&(l=n),s=$e(s),l=$u({},l,E,Cg);var y=$u({},l.imports,E.imports,Cg),k=Cn(y),$=Ep(y,k),Y,nt,bt=0,yt=l.interpolate||Js,It="__p += '",Gt=Tp((l.escape||Js).source+"|"+yt.source+"|"+(yt===ue?Zf:Js).source+"|"+(l.evaluate||Js).source+"|$","g"),Qt="//# sourceURL="+(Ge.call(l,"sourceURL")?(l.sourceURL+"").replace(/\s/g," "):"lodash.templateSources["+ ++e2+"]")+`
`;s.replace(Gt,function(ce,we,De,vr,qn,Sr){return De||(De=vr),It+=s.slice(bt,Sr).replace(jc,S2),we&&(Y=!0,It+=`' +
__e(`+we+`) +
'`),qn&&(nt=!0,It+=`';
`+qn+`;
__p += '`),De&&(It+=`' +
((__t = (`+De+`)) == null ? '' : __t) +
'`),bt=Sr+ce.length,ce}),It+=`';
`;var le=Ge.call(l,"variable")&&l.variable;if(!le)It=`with (obj) {
`+It+`
}
`;else if(pl.test(le))throw new Te(c);It=(nt?It.replace(Re,""):It).replace(vn,"$1").replace(Nn,"$1;"),It="function("+(le||"obj")+`) {
`+(le?"":`obj || (obj = {});
`)+"var __t, __p = ''"+(Y?", __e = _.escape":"")+(nt?`, __j = Array.prototype.join;
function print() { __p += __j.call(arguments, '') }
`:`;
`)+It+`return __p
}`;var Le=v1(function(){return Ue(k,Qt+"return "+It).apply(n,$)});if(Le.source=It,nh(Le))throw Le;return Le}function Xx(s){return $e(s).toLowerCase()}function Yx(s){return $e(s).toUpperCase()}function qx(s,l,f){if(s=$e(s),s&&(f||l===n))return IE(s);if(!s||!(l=gr(l)))return s;var E=Zr(s),y=Zr(l),k=NE(E,y),$=xE(E,y)+1;return Ls(E,k,$).join("")}function jx(s,l,f){if(s=$e(s),s&&(f||l===n))return s.slice(0,kE(s)+1);if(!s||!(l=gr(l)))return s;var E=Zr(s),y=xE(E,Zr(l))+1;return Ls(E,0,y).join("")}function Jx(s,l,f){if(s=$e(s),s&&(f||l===n))return s.replace(dn,"");if(!s||!(l=gr(l)))return s;var E=Zr(s),y=NE(E,Zr(l));return Ls(E,y).join("")}function Zx(s,l){var f=Ct,E=Tt;if(ln(l)){var y="separator"in l?l.separator:y;f="length"in l?Oe(l.length):f,E="omission"in l?gr(l.omission):E}s=$e(s);var k=s.length;if(Qo(s)){var $=Zr(s);k=$.length}if(f>=k)return s;var Y=f-ta(E);if(Y<1)return E;var nt=$?Ls($,0,Y).join(""):s.slice(0,Y);if(y===n)return nt+E;if($&&(Y+=nt.length-Y),rh(y)){if(s.slice(Y).search(y)){var bt,yt=nt;for(y.global||(y=Tp(y.source,$e(Yc.exec(y))+"g")),y.lastIndex=0;bt=y.exec(yt);)var It=bt.index;nt=nt.slice(0,It===n?Y:It)}}else if(s.indexOf(gr(y),Y)!=Y){var Gt=nt.lastIndexOf(y);Gt>-1&&(nt=nt.slice(0,Gt))}return nt+E}function Qx(s){return s=$e(s),s&&Mn.test(s)?s.replace(qr,C2):s}var tw=aa(function(s,l,f){return s+(f?" ":"")+l.toUpperCase()}),oh=Sg("toUpperCase");function T1(s,l,f){return s=$e(s),l=f?n:l,l===n?R2(s)?x2(s):h2(s):s.match(l)||[]}var v1=Ie(function(s,l){try{return _r(s,n,l)}catch(f){return nh(f)?f:new Te(f)}}),ew=$i(function(s,l){return xr(l,function(f){f=mi(f),Wi(s,f,th(s[f],s))}),s});function nw(s){var l=s==null?0:s.length,f=oe();return s=l?on(s,function(E){if(typeof E[1]!="function")throw new wr(a);return[f(E[0]),E[1]]}):[],Ie(function(E){for(var y=-1;++y<l;){var k=s[y];if(_r(k[0],this,E))return _r(k[1],this,E)}})}function rw(s){return CL(Br(s,_))}function ah(s){return function(){return s}}function iw(s,l){return s==null||s!==s?l:s}var sw=Rg(),ow=Rg(!0);function sr(s){return s}function lh(s){return QE(typeof s=="function"?s:Br(s,_))}function aw(s){return eg(Br(s,_))}function lw(s,l){return ng(s,Br(l,_))}var cw=Ie(function(s,l){return function(f){return yl(f,s,l)}}),uw=Ie(function(s,l){return function(f){return yl(s,f,l)}});function ch(s,l,f){var E=Cn(l),y=Au(l,E);f==null&&!(ln(l)&&(y.length||!E.length))&&(f=l,l=s,s=this,y=Au(l,Cn(l)));var k=!(ln(f)&&"chain"in f)||!!f.chain,$=Fi(s);return xr(y,function(Y){var nt=l[Y];s[Y]=nt,$&&(s.prototype[Y]=function(){var bt=this.__chain__;if(k||bt){var yt=s(this.__wrapped__),It=yt.__actions__=nr(this.__actions__);return It.push({func:nt,args:arguments,thisArg:s}),yt.__chain__=bt,yt}return nt.apply(s,Ss([this.value()],arguments))})}),s}function dw(){return xn._===this&&(xn._=M2),this}function uh(){}function fw(s){return s=Oe(s),Ie(function(l){return rg(l,s)})}var pw=$p(on),hw=$p(bE),mw=$p(fp);function S1(s){return Yp(s)?pp(mi(s)):zL(s)}function _w(s){return function(l){return s==null?n:ao(s,l)}}var Ew=yg(),gw=yg(!0);function dh(){return[]}function fh(){return!1}function Tw(){return{}}function vw(){return""}function Sw(){return!0}function Aw(s,l){if(s=Oe(s),s<1||s>ct)return[];var f=dt,E=Wn(s,dt);l=oe(l),s-=dt;for(var y=_p(E,l);++f<s;)l(f);return y}function Rw(s){return Se(s)?on(s,mi):Tr(s)?[s]:nr($g($e(s)))}function bw(s){var l=++D2;return $e(s)+l}var yw=Cu(function(s,l){return s+l},0),Ow=Vp("ceil"),Lw=Cu(function(s,l){return s/l},1),Cw=Vp("floor");function Iw(s){return s&&s.length?Su(s,sr,Lp):n}function Nw(s,l){return s&&s.length?Su(s,oe(l,2),Lp):n}function xw(s){return LE(s,sr)}function ww(s,l){return LE(s,oe(l,2))}function kw(s){return s&&s.length?Su(s,sr,xp):n}function Bw(s,l){return s&&s.length?Su(s,oe(l,2),xp):n}var Dw=Cu(function(s,l){return s*l},1),Pw=Vp("round"),Mw=Cu(function(s,l){return s-l},0);function Hw(s){return s&&s.length?mp(s,sr):0}function Ww(s,l){return s&&s.length?mp(s,oe(l,2)):0}return x.after=aN,x.ary=Zg,x.assign=YN,x.assignIn=f1,x.assignInWith=$u,x.assignWith=qN,x.at=jN,x.before=Qg,x.bind=th,x.bindAll=ew,x.bindKey=t1,x.castArray=TN,x.chain=qg,x.chunk=CC,x.compact=IC,x.concat=NC,x.cond=nw,x.conforms=rw,x.constant=ah,x.countBy=HI,x.create=JN,x.curry=e1,x.curryRight=n1,x.debounce=r1,x.defaults=ZN,x.defaultsDeep=QN,x.defer=lN,x.delay=cN,x.difference=xC,x.differenceBy=wC,x.differenceWith=kC,x.drop=BC,x.dropRight=DC,x.dropRightWhile=PC,x.dropWhile=MC,x.fill=HC,x.filter=UI,x.flatMap=FI,x.flatMapDeep=GI,x.flatMapDepth=zI,x.flatten=zg,x.flattenDeep=WC,x.flattenDepth=UC,x.flip=uN,x.flow=sw,x.flowRight=ow,x.fromPairs=$C,x.functions=ox,x.functionsIn=ax,x.groupBy=KI,x.initial=FC,x.intersection=GC,x.intersectionBy=zC,x.intersectionWith=KC,x.invert=cx,x.invertBy=ux,x.invokeMap=YI,x.iteratee=lh,x.keyBy=qI,x.keys=Cn,x.keysIn=ir,x.map=Du,x.mapKeys=fx,x.mapValues=px,x.matches=aw,x.matchesProperty=lw,x.memoize=Mu,x.merge=hx,x.mergeWith=p1,x.method=cw,x.methodOf=uw,x.mixin=ch,x.negate=Hu,x.nthArg=fw,x.omit=mx,x.omitBy=_x,x.once=dN,x.orderBy=jI,x.over=pw,x.overArgs=fN,x.overEvery=hw,x.overSome=mw,x.partial=eh,x.partialRight=i1,x.partition=JI,x.pick=Ex,x.pickBy=h1,x.property=S1,x.propertyOf=_w,x.pull=jC,x.pullAll=Xg,x.pullAllBy=JC,x.pullAllWith=ZC,x.pullAt=QC,x.range=Ew,x.rangeRight=gw,x.rearg=pN,x.reject=tN,x.remove=tI,x.rest=hN,x.reverse=Zp,x.sampleSize=nN,x.set=Tx,x.setWith=vx,x.shuffle=rN,x.slice=eI,x.sortBy=oN,x.sortedUniq=lI,x.sortedUniqBy=cI,x.split=Fx,x.spread=mN,x.tail=uI,x.take=dI,x.takeRight=fI,x.takeRightWhile=pI,x.takeWhile=hI,x.tap=II,x.throttle=_N,x.thru=Bu,x.toArray=c1,x.toPairs=m1,x.toPairsIn=_1,x.toPath=Rw,x.toPlainObject=d1,x.transform=Sx,x.unary=EN,x.union=mI,x.unionBy=_I,x.unionWith=EI,x.uniq=gI,x.uniqBy=TI,x.uniqWith=vI,x.unset=Ax,x.unzip=Qp,x.unzipWith=Yg,x.update=Rx,x.updateWith=bx,x.values=ua,x.valuesIn=yx,x.without=SI,x.words=T1,x.wrap=gN,x.xor=AI,x.xorBy=RI,x.xorWith=bI,x.zip=yI,x.zipObject=OI,x.zipObjectDeep=LI,x.zipWith=CI,x.entries=m1,x.entriesIn=_1,x.extend=f1,x.extendWith=$u,ch(x,x),x.add=yw,x.attempt=v1,x.camelCase=Ix,x.capitalize=E1,x.ceil=Ow,x.clamp=Ox,x.clone=vN,x.cloneDeep=AN,x.cloneDeepWith=RN,x.cloneWith=SN,x.conformsTo=bN,x.deburr=g1,x.defaultTo=iw,x.divide=Lw,x.endsWith=Nx,x.eq=ti,x.escape=xx,x.escapeRegExp=wx,x.every=WI,x.find=$I,x.findIndex=Fg,x.findKey=tx,x.findLast=VI,x.findLastIndex=Gg,x.findLastKey=ex,x.floor=Cw,x.forEach=jg,x.forEachRight=Jg,x.forIn=nx,x.forInRight=rx,x.forOwn=ix,x.forOwnRight=sx,x.get=ih,x.gt=yN,x.gte=ON,x.has=lx,x.hasIn=sh,x.head=Kg,x.identity=sr,x.includes=XI,x.indexOf=VC,x.inRange=Lx,x.invoke=dx,x.isArguments=uo,x.isArray=Se,x.isArrayBuffer=LN,x.isArrayLike=rr,x.isArrayLikeObject=En,x.isBoolean=CN,x.isBuffer=Cs,x.isDate=IN,x.isElement=NN,x.isEmpty=xN,x.isEqual=wN,x.isEqualWith=kN,x.isError=nh,x.isFinite=BN,x.isFunction=Fi,x.isInteger=s1,x.isLength=Wu,x.isMap=o1,x.isMatch=DN,x.isMatchWith=PN,x.isNaN=MN,x.isNative=HN,x.isNil=UN,x.isNull=WN,x.isNumber=a1,x.isObject=ln,x.isObjectLike=pn,x.isPlainObject=xl,x.isRegExp=rh,x.isSafeInteger=$N,x.isSet=l1,x.isString=Uu,x.isSymbol=Tr,x.isTypedArray=ca,x.isUndefined=VN,x.isWeakMap=FN,x.isWeakSet=GN,x.join=XC,x.kebabCase=kx,x.last=Pr,x.lastIndexOf=YC,x.lowerCase=Bx,x.lowerFirst=Dx,x.lt=zN,x.lte=KN,x.max=Iw,x.maxBy=Nw,x.mean=xw,x.meanBy=ww,x.min=kw,x.minBy=Bw,x.stubArray=dh,x.stubFalse=fh,x.stubObject=Tw,x.stubString=vw,x.stubTrue=Sw,x.multiply=Dw,x.nth=qC,x.noConflict=dw,x.noop=uh,x.now=Pu,x.pad=Px,x.padEnd=Mx,x.padStart=Hx,x.parseInt=Wx,x.random=Cx,x.reduce=ZI,x.reduceRight=QI,x.repeat=Ux,x.replace=$x,x.result=gx,x.round=Pw,x.runInContext=J,x.sample=eN,x.size=iN,x.snakeCase=Vx,x.some=sN,x.sortedIndex=nI,x.sortedIndexBy=rI,x.sortedIndexOf=iI,x.sortedLastIndex=sI,x.sortedLastIndexBy=oI,x.sortedLastIndexOf=aI,x.startCase=Gx,x.startsWith=zx,x.subtract=Mw,x.sum=Hw,x.sumBy=Ww,x.template=Kx,x.times=Aw,x.toFinite=Gi,x.toInteger=Oe,x.toLength=u1,x.toLower=Xx,x.toNumber=Mr,x.toSafeInteger=XN,x.toString=$e,x.toUpper=Yx,x.trim=qx,x.trimEnd=jx,x.trimStart=Jx,x.truncate=Zx,x.unescape=Qx,x.uniqueId=bw,x.upperCase=tw,x.upperFirst=oh,x.each=jg,x.eachRight=Jg,x.first=Kg,ch(x,function(){var s={};return pi(x,function(l,f){Ge.call(x.prototype,f)||(s[f]=l)}),s}(),{chain:!1}),x.VERSION=r,xr(["bind","bindKey","curry","curryRight","partial","partialRight"],function(s){x[s].placeholder=x}),xr(["drop","take"],function(s,l){ke.prototype[s]=function(f){f=f===n?1:bn(Oe(f),0);var E=this.__filtered__&&!l?new ke(this):this.clone();return E.__filtered__?E.__takeCount__=Wn(f,E.__takeCount__):E.__views__.push({size:Wn(f,dt),type:s+(E.__dir__<0?"Right":"")}),E},ke.prototype[s+"Right"]=function(f){return this.reverse()[s](f).reverse()}}),xr(["filter","map","takeWhile"],function(s,l){var f=l+1,E=f==q||f==B;ke.prototype[s]=function(y){var k=this.clone();return k.__iteratees__.push({iteratee:oe(y,3),type:f}),k.__filtered__=k.__filtered__||E,k}}),xr(["head","last"],function(s,l){var f="take"+(l?"Right":"");ke.prototype[s]=function(){return this[f](1).value()[0]}}),xr(["initial","tail"],function(s,l){var f="drop"+(l?"":"Right");ke.prototype[s]=function(){return this.__filtered__?new ke(this):this[f](1)}}),ke.prototype.compact=function(){return this.filter(sr)},ke.prototype.find=function(s){return this.filter(s).head()},ke.prototype.findLast=function(s){return this.reverse().find(s)},ke.prototype.invokeMap=Ie(function(s,l){return typeof s=="function"?new ke(this):this.map(function(f){return yl(f,s,l)})}),ke.prototype.reject=function(s){return this.filter(Hu(oe(s)))},ke.prototype.slice=function(s,l){s=Oe(s);var f=this;return f.__filtered__&&(s>0||l<0)?new ke(f):(s<0?f=f.takeRight(-s):s&&(f=f.drop(s)),l!==n&&(l=Oe(l),f=l<0?f.dropRight(-l):f.take(l-s)),f)},ke.prototype.takeRightWhile=function(s){return this.reverse().takeWhile(s).reverse()},ke.prototype.toArray=function(){return this.take(dt)},pi(ke.prototype,function(s,l){var f=/^(?:filter|find|map|reject)|While$/.test(l),E=/^(?:head|last)$/.test(l),y=x[E?"take"+(l=="last"?"Right":""):l],k=E||/^find/.test(l);y&&(x.prototype[l]=function(){var $=this.__wrapped__,Y=E?[1]:arguments,nt=$ instanceof ke,bt=Y[0],yt=nt||Se($),It=function(we){var De=y.apply(x,Ss([we],Y));return E&&Gt?De[0]:De};yt&&f&&typeof bt=="function"&&bt.length!=1&&(nt=yt=!1);var Gt=this.__chain__,Qt=!!this.__actions__.length,le=k&&!Gt,Le=nt&&!Qt;if(!k&&yt){$=Le?$:new ke(this);var ce=s.apply($,Y);return ce.__actions__.push({func:Bu,args:[It],thisArg:n}),new kr(ce,Gt)}return le&&Le?s.apply(this,Y):(ce=this.thru(It),le?E?ce.value()[0]:ce.value():ce)})}),xr(["pop","push","shift","sort","splice","unshift"],function(s){var l=ou[s],f=/^(?:push|sort|unshift)$/.test(s)?"tap":"thru",E=/^(?:pop|shift)$/.test(s);x.prototype[s]=function(){var y=arguments;if(E&&!this.__chain__){var k=this.value();return l.apply(Se(k)?k:[],y)}return this[f](function($){return l.apply(Se($)?$:[],y)})}}),pi(ke.prototype,function(s,l){var f=x[l];if(f){var E=f.name+"";Ge.call(ia,E)||(ia[E]=[]),ia[E].push({name:l,func:f})}}),ia[Lu(n,C).name]=[{name:"wrapper",func:n}],ke.prototype.clone=Q2,ke.prototype.reverse=tL,ke.prototype.value=eL,x.prototype.at=NI,x.prototype.chain=xI,x.prototype.commit=wI,x.prototype.next=kI,x.prototype.plant=DI,x.prototype.reverse=PI,x.prototype.toJSON=x.prototype.valueOf=x.prototype.value=MI,x.prototype.first=x.prototype.head,gl&&(x.prototype[gl]=BI),x},ea=w2();no?((no.exports=ea)._=ea,lp._=ea):xn._=ea}).call(pW)}(Gl,Gl.exports)),Gl.exports}var Qb=hW();const X=D_(Qb),mW={__name:"splitpanes",props:{horizontal:{type:Boolean},pushOtherPanes:{type:Boolean,default:!0},dblClickSplitter:{type:Boolean,default:!0},rtl:{type:Boolean,default:!1},firstSplitter:{type:Boolean}},emits:["ready","resize","resized","pane-click","pane-maximize","pane-add","pane-remove","splitter-click"],setup(t,{emit:e}){const n=e,r=t,i=Fk(),o=Yt([]),a=kt(()=>o.value.reduce((I,L)=>(I[~~L.id]=L)&&I,{})),c=kt(()=>o.value.length),u=Yt(null),p=Yt(!1),d=Yt({mouseDown:!1,dragging:!1,activeSplitter:null,cursorOffset:0}),_=Yt({splitter:null,timeoutId:null}),S=kt(()=>({[`splitpanes splitpanes--${r.horizontal?"horizontal":"vertical"}`]:!0,"splitpanes--dragging":d.value.dragging})),R=()=>{document.addEventListener("mousemove",N,{passive:!1}),document.addEventListener("mouseup",C),"ontouchstart"in window&&(document.addEventListener("touchmove",N,{passive:!1}),document.addEventListener("touchend",C))},T=()=>{document.removeEventListener("mousemove",N,{passive:!1}),document.removeEventListener("mouseup",C),"ontouchstart"in window&&(document.removeEventListener("touchmove",N,{passive:!1}),document.removeEventListener("touchend",C))},b=(I,L)=>{const V=I.target.closest(".splitpanes__splitter");if(V){const{left:st,top:Ot}=V.getBoundingClientRect(),{clientX:Vt,clientY:H}="ontouchstart"in window&&I.touches?I.touches[0]:I;d.value.cursorOffset=r.horizontal?H-Ot:Vt-st}R(),d.value.mouseDown=!0,d.value.activeSplitter=L},N=I=>{d.value.mouseDown&&(I.preventDefault(),d.value.dragging=!0,requestAnimationFrame(()=>{z(G(I)),n("resize",o.value.map(L=>({min:L.min,max:L.max,size:L.size})))}))},C=()=>{d.value.dragging&&n("resized",o.value.map(I=>({min:I.min,max:I.max,size:I.size}))),d.value.mouseDown=!1,setTimeout(()=>{d.value.dragging=!1,T()},100)},D=(I,L)=>{"ontouchstart"in window&&(I.preventDefault(),r.dblClickSplitter&&(_.value.splitter===L?(clearTimeout(_.value.timeoutId),_.value.timeoutId=null,W(I,L),_.value.splitter=null):(_.value.splitter=L,_.value.timeoutId=setTimeout(()=>_.value.splitter=null,500)))),d.value.dragging||n("splitter-click",o.value[L])},W=(I,L)=>{let V=0;o.value=o.value.map((st,Ot)=>(st.size=Ot===L?st.max:st.min,Ot!==L&&(V+=st.min),st)),o.value[L].size-=V,n("pane-maximize",o.value[L]),n("resized",o.value.map(st=>({min:st.min,max:st.max,size:st.size})))},O=(I,L)=>{n("pane-click",a.value[L])},G=I=>{const L=u.value.getBoundingClientRect(),{clientX:V,clientY:st}="ontouchstart"in window&&I.touches?I.touches[0]:I;return{x:V-(r.horizontal?0:d.value.cursorOffset)-L.left,y:st-(r.horizontal?d.value.cursorOffset:0)-L.top}},M=I=>{I=I[r.horizontal?"y":"x"];const L=u.value[r.horizontal?"clientHeight":"clientWidth"];return r.rtl&&!r.horizontal&&(I=L-I),I*100/L},z=I=>{const L=d.value.activeSplitter;let V={prevPanesSize:Et(L),nextPanesSize:Ct(L),prevReachedMinPanes:0,nextReachedMinPanes:0};const st=0+(r.pushOtherPanes?0:V.prevPanesSize),Ot=100-(r.pushOtherPanes?0:V.nextPanesSize),Vt=Math.max(Math.min(M(I),Ot),st);let H=[L,L+1],K=o.value[H[0]]||null,ot=o.value[H[1]]||null;const Lt=K.max<100&&Vt>=K.max+V.prevPanesSize,At=ot.max<100&&Vt<=100-(ot.max+Ct(L+1));if(Lt||At){Lt?(K.size=K.max,ot.size=Math.max(100-K.max-V.prevPanesSize-V.nextPanesSize,0)):(K.size=Math.max(100-ot.max-V.prevPanesSize-Ct(L+1),0),ot.size=ot.max);return}if(r.pushOtherPanes){const mt=tt(V,Vt);if(!mt)return;({sums:V,panesToResize:H}=mt),K=o.value[H[0]]||null,ot=o.value[H[1]]||null}K!==null&&(K.size=Math.min(Math.max(Vt-V.prevPanesSize-V.prevReachedMinPanes,K.min),K.max)),ot!==null&&(ot.size=Math.min(Math.max(100-Vt-V.nextPanesSize-V.nextReachedMinPanes,ot.min),ot.max))},tt=(I,L)=>{const V=d.value.activeSplitter,st=[V,V+1];return L<I.prevPanesSize+o.value[st[0]].min&&(st[0]=Tt(V).index,I.prevReachedMinPanes=0,st[0]<V&&o.value.forEach((Ot,Vt)=>{Vt>st[0]&&Vt<=V&&(Ot.size=Ot.min,I.prevReachedMinPanes+=Ot.min)}),I.prevPanesSize=Et(st[0]),st[0]===void 0)?(I.prevReachedMinPanes=0,o.value[0].size=o.value[0].min,o.value.forEach((Ot,Vt)=>{Vt>0&&Vt<=V&&(Ot.size=Ot.min,I.prevReachedMinPanes+=Ot.min)}),o.value[st[1]].size=100-I.prevReachedMinPanes-o.value[0].min-I.prevPanesSize-I.nextPanesSize,null):L>100-I.nextPanesSize-o.value[st[1]].min&&(st[1]=it(V).index,I.nextReachedMinPanes=0,st[1]>V+1&&o.value.forEach((Ot,Vt)=>{Vt>V&&Vt<st[1]&&(Ot.size=Ot.min,I.nextReachedMinPanes+=Ot.min)}),I.nextPanesSize=Ct(st[1]-1),st[1]===void 0)?(I.nextReachedMinPanes=0,o.value.forEach((Ot,Vt)=>{Vt<c.value-1&&Vt>=V+1&&(Ot.size=Ot.min,I.nextReachedMinPanes+=Ot.min)}),o.value[st[0]].size=100-I.prevPanesSize-Ct(st[0]-1),null):{sums:I,panesToResize:st}},Et=I=>o.value.reduce((L,V,st)=>L+(st<I?V.size:0),0),Ct=I=>o.value.reduce((L,V,st)=>L+(st>I+1?V.size:0),0),Tt=I=>[...o.value].reverse().find(L=>L.index<I&&L.size>L.min)||{},it=I=>o.value.find(L=>L.index>I+1&&L.size>L.min)||{},U=()=>{var I;Array.from(((I=u.value)==null?void 0:I.children)||[]).forEach(L=>{const V=L.classList.contains("splitpanes__pane"),st=L.classList.contains("splitpanes__splitter");!V&&!st&&(L.remove(),console.warn("Splitpanes: Only <pane> elements are allowed at the root of <splitpanes>. One of your DOM nodes was removed."))})},q=(I,L,V=!1)=>{const st=I-1,Ot=document.createElement("div");Ot.classList.add("splitpanes__splitter"),V||(Ot.onmousedown=Vt=>b(Vt,st),typeof window<"u"&&"ontouchstart"in window&&(Ot.ontouchstart=Vt=>b(Vt,st)),Ot.onclick=Vt=>D(Vt,st+1)),r.dblClickSplitter&&(Ot.ondblclick=Vt=>W(Vt,st+1)),L.parentNode.insertBefore(Ot,L)},Z=I=>{I.onmousedown=void 0,I.onclick=void 0,I.ondblclick=void 0,I.remove()},B=()=>{var I;const L=Array.from(((I=u.value)==null?void 0:I.children)||[]);L.forEach(st=>{st.className.includes("splitpanes__splitter")&&Z(st)});let V=0;L.forEach(st=>{st.className.includes("splitpanes__pane")&&(!V&&r.firstSplitter?q(V,st,!0):V&&q(V,st),V++)})},j=({uid:I,...L})=>{const V=a.value[I];Object.entries(L).forEach(([st,Ot])=>V[st]=Ot)},ct=I=>{var L;let V=-1;Array.from(((L=u.value)==null?void 0:L.children)||[]).some(st=>(st.className.includes("splitpanes__pane")&&V++,st.isSameNode(I.el))),o.value.splice(V,0,{...I,index:V}),o.value.forEach((st,Ot)=>st.index=Ot),p.value&&es(()=>{B(),Dt({addedPane:o.value[V]}),n("pane-add",{index:V,panes:o.value.map(st=>({min:st.min,max:st.max,size:st.size}))})})},St=I=>{const L=o.value.findIndex(st=>st.id===I),V=o.value.splice(L,1)[0];o.value.forEach((st,Ot)=>st.index=Ot),es(()=>{B(),Dt({removedPane:{...V}}),n("pane-remove",{removed:V,panes:o.value.map(st=>({min:st.min,max:st.max,size:st.size}))})})},Dt=(I={})=>{!I.addedPane&&!I.removedPane?vt():o.value.some(L=>L.givenSize!==null||L.min||L.max<100)?ht(I):dt(),p.value&&n("resized",o.value.map(L=>({min:L.min,max:L.max,size:L.size})))},dt=()=>{const I=100/c.value;let L=0;const V=[],st=[];o.value.forEach(Ot=>{Ot.size=Math.max(Math.min(I,Ot.max),Ot.min),L-=Ot.size,Ot.size>=Ot.max&&V.push(Ot.id),Ot.size<=Ot.min&&st.push(Ot.id)}),L>.1&&et(L,V,st)},vt=()=>{let I=100;const L=[],V=[];let st=0;o.value.forEach(Vt=>{I-=Vt.size,Vt.givenSize!==null&&st++,Vt.size>=Vt.max&&L.push(Vt.id),Vt.size<=Vt.min&&V.push(Vt.id)});let Ot=100;I>.1&&(o.value.forEach(Vt=>{Vt.givenSize===null&&(Vt.size=Math.max(Math.min(I/(c.value-st),Vt.max),Vt.min)),Ot-=Vt.size}),Ot>.1&&et(Ot,L,V))},ht=({addedPane:I,removedPane:L}={})=>{let V=100/c.value,st=0;const Ot=[],Vt=[];(I?.givenSize??null)!==null&&(V=(100-I.givenSize)/(c.value-1).value),o.value.forEach(H=>{st-=H.size,H.size>=H.max&&Ot.push(H.id),H.size<=H.min&&Vt.push(H.id)}),!(Math.abs(st)<.1)&&(o.value.forEach(H=>{I?.givenSize!==null&&I?.id===H.id||(H.size=Math.max(Math.min(V,H.max),H.min)),st-=H.size,H.size>=H.max&&Ot.push(H.id),H.size<=H.min&&Vt.push(H.id)}),st>.1&&et(st,Ot,Vt))},et=(I,L,V)=>{let st;I>0?st=I/(c.value-L.length):st=I/(c.value-V.length),o.value.forEach((Ot,Vt)=>{if(I>0&&!L.includes(Ot.id)){const H=Math.max(Math.min(Ot.size+st,Ot.max),Ot.min),K=H-Ot.size;I-=K,Ot.size=H}else if(!V.includes(Ot.id)){const H=Math.max(Math.min(Ot.size+st,Ot.max),Ot.min),K=H-Ot.size;I-=K,Ot.size=H}}),Math.abs(I)>.1&&es(()=>{p.value&&console.warn("Splitpanes: Could not resize panes correctly due to their constraints.")})};Ze(()=>r.firstSplitter,()=>B()),Ze(()=>r.dblClickSplitter,I=>{[...u.value.querySelectorAll(".splitpanes__splitter")].forEach((L,V)=>{L.ondblclick=I?st=>W(st,V):void 0})}),bf(()=>p.value=!1),Di(()=>{U(),B(),Dt(),n("ready"),p.value=!0});const A=()=>{var I;return vo("div",{ref:u,class:S.value},(I=i.default)==null?void 0:I.call(i))};return mn("panes",o),mn("indexedPanes",a),mn("horizontal",kt(()=>r.horizontal)),mn("requestUpdate",j),mn("onPaneAdd",ct),mn("onPaneRemove",St),mn("onPaneClick",O),(I,L)=>(w(),pe(vA(A)))}},wv={__name:"pane",props:{size:{type:[Number,String]},minSize:{type:[Number,String],default:0},maxSize:{type:[Number,String],default:100}},setup(t){var e;const n=t,r=be("requestUpdate"),i=be("onPaneAdd"),o=be("horizontal"),a=be("onPaneRemove"),c=be("onPaneClick"),u=(e=wc())==null?void 0:e.uid,p=be("indexedPanes"),d=kt(()=>p.value[u]),_=Yt(null),S=kt(()=>{const N=isNaN(n.size)||n.size===void 0?0:parseFloat(n.size);return Math.max(Math.min(N,T.value),R.value)}),R=kt(()=>{const N=parseFloat(n.minSize);return isNaN(N)?0:N}),T=kt(()=>{const N=parseFloat(n.maxSize);return isNaN(N)?100:N}),b=kt(()=>{var N;return`${o.value?"height":"width"}: ${(N=d.value)==null?void 0:N.size}%`});return Di(()=>{i({id:u,el:_.value,min:R.value,max:T.value,givenSize:n.size===void 0?null:S.value,size:S.value})}),Ze(()=>S.value,N=>r({uid:u,size:N})),Ze(()=>R.value,N=>r({uid:u,min:N})),Ze(()=>T.value,N=>r({uid:u,max:N})),bf(()=>a(u)),(N,C)=>(w(),P("div",{ref_key:"paneEl",ref:_,class:"splitpanes__pane",onClick:C[0]||(C[0]=D=>h(c)(D,N._.uid)),style:en(b.value)},[Ds(N.$slots,"default")],4))}},Qd=Symbol("selectedNodeId"),Ff=Symbol("highlightedNodeId"),Ho=Symbol("selectNode"),Ys=Symbol("viewOptions"),qs=Symbol("plan");var Od={exports:{}};/*!
 * clipboard.js v2.0.10
 * https://clipboardjs.com/
 *
 * Licensed MIT  Zeno Rocha
 */var _W=Od.exports,kv;function EW(){return kv||(kv=1,function(t,e){(function(r,i){t.exports=i()})(_W,function(){return function(){var n={686:function(o,a,c){c.d(a,{default:function(){return Dt}});var u=c(279),p=c.n(u),d=c(370),_=c.n(d),S=c(817),R=c.n(S);function T(dt){try{return document.execCommand(dt)}catch{return!1}}var b=function(vt){var ht=R()(vt);return T("cut"),ht},N=b;function C(dt){var vt=document.documentElement.getAttribute("dir")==="rtl",ht=document.createElement("textarea");ht.style.fontSize="12pt",ht.style.border="0",ht.style.padding="0",ht.style.margin="0",ht.style.position="absolute",ht.style[vt?"right":"left"]="-9999px";var et=window.pageYOffset||document.documentElement.scrollTop;return ht.style.top="".concat(et,"px"),ht.setAttribute("readonly",""),ht.value=dt,ht}var D=function(vt){var ht=arguments.length>1&&arguments[1]!==void 0?arguments[1]:{container:document.body},et="";if(typeof vt=="string"){var A=C(vt);ht.container.appendChild(A),et=R()(A),T("copy"),A.remove()}else et=R()(vt),T("copy");return et},W=D;function O(dt){"@babel/helpers - typeof";return typeof Symbol=="function"&&typeof Symbol.iterator=="symbol"?O=function(ht){return typeof ht}:O=function(ht){return ht&&typeof Symbol=="function"&&ht.constructor===Symbol&&ht!==Symbol.prototype?"symbol":typeof ht},O(dt)}var G=function(){var vt=arguments.length>0&&arguments[0]!==void 0?arguments[0]:{},ht=vt.action,et=ht===void 0?"copy":ht,A=vt.container,I=vt.target,L=vt.text;if(et!=="copy"&&et!=="cut")throw new Error('Invalid "action" value, use either "copy" or "cut"');if(I!==void 0)if(I&&O(I)==="object"&&I.nodeType===1){if(et==="copy"&&I.hasAttribute("disabled"))throw new Error('Invalid "target" attribute. Please use "readonly" instead of "disabled" attribute');if(et==="cut"&&(I.hasAttribute("readonly")||I.hasAttribute("disabled")))throw new Error(`Invalid "target" attribute. You can't cut text from elements with "readonly" or "disabled" attributes`)}else throw new Error('Invalid "target" value, use a valid Element');if(L)return W(L,{container:A});if(I)return et==="cut"?N(I):W(I,{container:A})},M=G;function z(dt){"@babel/helpers - typeof";return typeof Symbol=="function"&&typeof Symbol.iterator=="symbol"?z=function(ht){return typeof ht}:z=function(ht){return ht&&typeof Symbol=="function"&&ht.constructor===Symbol&&ht!==Symbol.prototype?"symbol":typeof ht},z(dt)}function tt(dt,vt){if(!(dt instanceof vt))throw new TypeError("Cannot call a class as a function")}function Et(dt,vt){for(var ht=0;ht<vt.length;ht++){var et=vt[ht];et.enumerable=et.enumerable||!1,et.configurable=!0,"value"in et&&(et.writable=!0),Object.defineProperty(dt,et.key,et)}}function Ct(dt,vt,ht){return vt&&Et(dt.prototype,vt),ht&&Et(dt,ht),dt}function Tt(dt,vt){if(typeof vt!="function"&&vt!==null)throw new TypeError("Super expression must either be null or a function");dt.prototype=Object.create(vt&&vt.prototype,{constructor:{value:dt,writable:!0,configurable:!0}}),vt&&it(dt,vt)}function it(dt,vt){return it=Object.setPrototypeOf||function(et,A){return et.__proto__=A,et},it(dt,vt)}function U(dt){var vt=B();return function(){var et=j(dt),A;if(vt){var I=j(this).constructor;A=Reflect.construct(et,arguments,I)}else A=et.apply(this,arguments);return q(this,A)}}function q(dt,vt){return vt&&(z(vt)==="object"||typeof vt=="function")?vt:Z(dt)}function Z(dt){if(dt===void 0)throw new ReferenceError("this hasn't been initialised - super() hasn't been called");return dt}function B(){if(typeof Reflect>"u"||!Reflect.construct||Reflect.construct.sham)return!1;if(typeof Proxy=="function")return!0;try{return Date.prototype.toString.call(Reflect.construct(Date,[],function(){})),!0}catch{return!1}}function j(dt){return j=Object.setPrototypeOf?Object.getPrototypeOf:function(ht){return ht.__proto__||Object.getPrototypeOf(ht)},j(dt)}function ct(dt,vt){var ht="data-clipboard-".concat(dt);if(vt.hasAttribute(ht))return vt.getAttribute(ht)}var St=function(dt){Tt(ht,dt);var vt=U(ht);function ht(et,A){var I;return tt(this,ht),I=vt.call(this),I.resolveOptions(A),I.listenClick(et),I}return Ct(ht,[{key:"resolveOptions",value:function(){var A=arguments.length>0&&arguments[0]!==void 0?arguments[0]:{};this.action=typeof A.action=="function"?A.action:this.defaultAction,this.target=typeof A.target=="function"?A.target:this.defaultTarget,this.text=typeof A.text=="function"?A.text:this.defaultText,this.container=z(A.container)==="object"?A.container:document.body}},{key:"listenClick",value:function(A){var I=this;this.listener=_()(A,"click",function(L){return I.onClick(L)})}},{key:"onClick",value:function(A){var I=A.delegateTarget||A.currentTarget,L=this.action(I)||"copy",V=M({action:L,container:this.container,target:this.target(I),text:this.text(I)});this.emit(V?"success":"error",{action:L,text:V,trigger:I,clearSelection:function(){I&&I.focus(),document.activeElement.blur(),window.getSelection().removeAllRanges()}})}},{key:"defaultAction",value:function(A){return ct("action",A)}},{key:"defaultTarget",value:function(A){var I=ct("target",A);if(I)return document.querySelector(I)}},{key:"defaultText",value:function(A){return ct("text",A)}},{key:"destroy",value:function(){this.listener.destroy()}}],[{key:"copy",value:function(A){var I=arguments.length>1&&arguments[1]!==void 0?arguments[1]:{container:document.body};return W(A,I)}},{key:"cut",value:function(A){return N(A)}},{key:"isSupported",value:function(){var A=arguments.length>0&&arguments[0]!==void 0?arguments[0]:["copy","cut"],I=typeof A=="string"?[A]:A,L=!!document.queryCommandSupported;return I.forEach(function(V){L=L&&!!document.queryCommandSupported(V)}),L}}]),ht}(p()),Dt=St},828:function(o){var a=9;if(typeof Element<"u"&&!Element.prototype.matches){var c=Element.prototype;c.matches=c.matchesSelector||c.mozMatchesSelector||c.msMatchesSelector||c.oMatchesSelector||c.webkitMatchesSelector}function u(p,d){for(;p&&p.nodeType!==a;){if(typeof p.matches=="function"&&p.matches(d))return p;p=p.parentNode}}o.exports=u},438:function(o,a,c){var u=c(828);function p(S,R,T,b,N){var C=_.apply(this,arguments);return S.addEventListener(T,C,N),{destroy:function(){S.removeEventListener(T,C,N)}}}function d(S,R,T,b,N){return typeof S.addEventListener=="function"?p.apply(null,arguments):typeof T=="function"?p.bind(null,document).apply(null,arguments):(typeof S=="string"&&(S=document.querySelectorAll(S)),Array.prototype.map.call(S,function(C){return p(C,R,T,b,N)}))}function _(S,R,T,b){return function(N){N.delegateTarget=u(N.target,R),N.delegateTarget&&b.call(S,N)}}o.exports=d},879:function(o,a){a.node=function(c){return c!==void 0&&c instanceof HTMLElement&&c.nodeType===1},a.nodeList=function(c){var u=Object.prototype.toString.call(c);return c!==void 0&&(u==="[object NodeList]"||u==="[object HTMLCollection]")&&"length"in c&&(c.length===0||a.node(c[0]))},a.string=function(c){return typeof c=="string"||c instanceof String},a.fn=function(c){var u=Object.prototype.toString.call(c);return u==="[object Function]"}},370:function(o,a,c){var u=c(879),p=c(438);function d(T,b,N){if(!T&&!b&&!N)throw new Error("Missing required arguments");if(!u.string(b))throw new TypeError("Second argument must be a String");if(!u.fn(N))throw new TypeError("Third argument must be a Function");if(u.node(T))return _(T,b,N);if(u.nodeList(T))return S(T,b,N);if(u.string(T))return R(T,b,N);throw new TypeError("First argument must be a String, HTMLElement, HTMLCollection, or NodeList")}function _(T,b,N){return T.addEventListener(b,N),{destroy:function(){T.removeEventListener(b,N)}}}function S(T,b,N){return Array.prototype.forEach.call(T,function(C){C.addEventListener(b,N)}),{destroy:function(){Array.prototype.forEach.call(T,function(C){C.removeEventListener(b,N)})}}}function R(T,b,N){return p(document.body,T,b,N)}o.exports=d},817:function(o){function a(c){var u;if(c.nodeName==="SELECT")c.focus(),u=c.value;else if(c.nodeName==="INPUT"||c.nodeName==="TEXTAREA"){var p=c.hasAttribute("readonly");p||c.setAttribute("readonly",""),c.select(),c.setSelectionRange(0,c.value.length),p||c.removeAttribute("readonly"),u=c.value}else{c.hasAttribute("contenteditable")&&c.focus();var d=window.getSelection(),_=document.createRange();_.selectNodeContents(c),d.removeAllRanges(),d.addRange(_),u=d.toString()}return u}o.exports=a},279:function(o){function a(){}a.prototype={on:function(c,u,p){var d=this.e||(this.e={});return(d[c]||(d[c]=[])).push({fn:u,ctx:p}),this},once:function(c,u,p){var d=this;function _(){d.off(c,_),u.apply(p,arguments)}return _._=u,this.on(c,_,p)},emit:function(c){var u=[].slice.call(arguments,1),p=((this.e||(this.e={}))[c]||[]).slice(),d=0,_=p.length;for(d;d<_;d++)p[d].fn.apply(p[d].ctx,u);return this},off:function(c,u){var p=this.e||(this.e={}),d=p[c],_=[];if(d&&u)for(var S=0,R=d.length;S<R;S++)d[S].fn!==u&&d[S].fn._!==u&&_.push(d[S]);return _.length?p[c]=_:delete p[c],this}},o.exports=a,o.exports.TinyEmitter=a}},r={};function i(o){if(r[o])return r[o].exports;var a=r[o]={exports:{}};return n[o](a,a.exports,i),a.exports}return function(){i.n=function(o){var a=o&&o.__esModule?function(){return o.default}:function(){return o};return i.d(a,{a}),a}}(),function(){i.d=function(o,a){for(var c in a)i.o(a,c)&&!i.o(o,c)&&Object.defineProperty(o,c,{enumerable:!0,get:a[c]})}}(),function(){i.o=function(o,a){return Object.prototype.hasOwnProperty.call(o,a)}}(),i(686)}().default})}(Od)),Od.exports}var gW=EW();const TW=D_(gW),vW=t=>({toClipboard(e,n){return new Promise((r,i)=>{const o=document.createElement("button"),a=new TW(o,{text:()=>e,action:()=>"copy",container:n!==void 0?n:document.body});a.on("success",c=>{a.destroy(),r(c)}),a.on("error",c=>{a.destroy(),i(c)}),document.body.appendChild(o),o.click(),document.body.removeChild(o)})}});/*!
 * Font Awesome Free 6.7.2 by @fontawesome - https://fontawesome.com
 * License - https://fontawesome.com/license/free (Icons: CC BY 4.0, Fonts: SIL OFL 1.1, Code: MIT License)
 * Copyright 2024 Fonticons, Inc.
 */const SW={prefix:"fas",iconName:"pen-to-square",icon:[512,512,["edit"],"f044","M471.6 21.7c-21.9-21.9-57.3-21.9-79.2 0L362.3 51.7l97.9 97.9 30.1-30.1c21.9-21.9 21.9-57.3 0-79.2L471.6 21.7zm-299.2 220c-6.1 6.1-10.8 13.6-13.5 21.9l-29.6 88.8c-2.9 8.6-.6 18.1 5.8 24.6s15.9 8.7 24.6 5.8l88.8-29.6c8.2-2.7 15.7-7.4 21.9-13.5L437.7 172.3 339.7 74.3 172.4 241.7zM96 64C43 64 0 107 0 160L0 416c0 53 43 96 96 96l256 0c53 0 96-43 96-96l0-96c0-17.7-14.3-32-32-32s-32 14.3-32 32l0 96c0 17.7-14.3 32-32 32L96 448c-17.7 0-32-14.3-32-32l0-256c0-17.7 14.3-32 32-32l96 0c17.7 0 32-14.3 32-32s-14.3-32-32-32L96 64z"]},AW=SW,RW={prefix:"fas",iconName:"chevron-up",icon:[512,512,[],"f077","M233.4 105.4c12.5-12.5 32.8-12.5 45.3 0l192 192c12.5 12.5 12.5 32.8 0 45.3s-32.8 12.5-45.3 0L256 173.3 86.6 342.6c-12.5 12.5-32.8 12.5-45.3 0s-12.5-32.8 0-45.3l192-192z"]},bW={prefix:"fas",iconName:"align-justify",icon:[448,512,[],"f039","M448 64c0-17.7-14.3-32-32-32L32 32C14.3 32 0 46.3 0 64S14.3 96 32 96l384 0c17.7 0 32-14.3 32-32zm0 256c0-17.7-14.3-32-32-32L32 288c-17.7 0-32 14.3-32 32s14.3 32 32 32l384 0c17.7 0 32-14.3 32-32zM0 192c0 17.7 14.3 32 32 32l384 0c17.7 0 32-14.3 32-32s-14.3-32-32-32L32 160c-17.7 0-32 14.3-32 32zM448 448c0-17.7-14.3-32-32-32L32 416c-17.7 0-32 14.3-32 32s14.3 32 32 32l384 0c17.7 0 32-14.3 32-32z"]},yW={prefix:"fas",iconName:"clipboard",icon:[384,512,[128203],"f328","M192 0c-41.8 0-77.4 26.7-90.5 64L64 64C28.7 64 0 92.7 0 128L0 448c0 35.3 28.7 64 64 64l256 0c35.3 0 64-28.7 64-64l0-320c0-35.3-28.7-64-64-64l-37.5 0C269.4 26.7 233.8 0 192 0zm0 64a32 32 0 1 1 0 64 32 32 0 1 1 0-64zM112 192l160 0c8.8 0 16 7.2 16 16s-7.2 16-16 16l-160 0c-8.8 0-16-7.2-16-16s7.2-16 16-16z"]},OW={prefix:"fas",iconName:"arrow-down-wide-short",icon:[576,512,["sort-amount-asc","sort-amount-down"],"f160","M151.6 469.6C145.5 476.2 137 480 128 480s-17.5-3.8-23.6-10.4l-88-96c-11.9-13-11.1-33.3 2-45.2s33.3-11.1 45.2 2L96 365.7 96 64c0-17.7 14.3-32 32-32s32 14.3 32 32l0 301.7 32.4-35.4c11.9-13 32.2-13.9 45.2-2s13.9 32.2 2 45.2l-88 96zM320 480c-17.7 0-32-14.3-32-32s14.3-32 32-32l32 0c17.7 0 32 14.3 32 32s-14.3 32-32 32l-32 0zm0-128c-17.7 0-32-14.3-32-32s14.3-32 32-32l96 0c17.7 0 32 14.3 32 32s-14.3 32-32 32l-96 0zm0-128c-17.7 0-32-14.3-32-32s14.3-32 32-32l160 0c17.7 0 32 14.3 32 32s-14.3 32-32 32l-160 0zm0-128c-17.7 0-32-14.3-32-32s14.3-32 32-32l224 0c17.7 0 32 14.3 32 32s-14.3 32-32 32L320 96z"]},j0={prefix:"fas",iconName:"filter",icon:[512,512,[],"f0b0","M3.9 54.9C10.5 40.9 24.5 32 40 32l432 0c15.5 0 29.5 8.9 36.1 22.9s4.6 30.5-5.2 42.5L320 320.9 320 448c0 12.1-6.8 23.2-17.7 28.6s-23.8 4.3-33.5-3l-64-48c-8.1-6-12.8-15.5-12.8-25.6l0-79.1L9 97.3C-.7 85.4-2.8 68.8 3.9 54.9z"]},Bv={prefix:"fas",iconName:"trash",icon:[448,512,[],"f1f8","M135.2 17.7L128 32 32 32C14.3 32 0 46.3 0 64S14.3 96 32 96l384 0c17.7 0 32-14.3 32-32s-14.3-32-32-32l-96 0-7.2-14.3C307.4 6.8 296.3 0 284.2 0L163.8 0c-12.1 0-23.2 6.8-28.6 17.7zM416 128L32 128 53.2 467c1.6 25.3 22.6 45 47.9 45l245.8 0c25.3 0 46.3-19.7 47.9-45L416 128z"]},LW={prefix:"fas",iconName:"circle-info",icon:[512,512,["info-circle"],"f05a","M256 512A256 256 0 1 0 256 0a256 256 0 1 0 0 512zM216 336l24 0 0-64-24 0c-13.3 0-24-10.7-24-24s10.7-24 24-24l48 0c13.3 0 24 10.7 24 24l0 88 8 0c13.3 0 24 10.7 24 24s-10.7 24-24 24l-80 0c-13.3 0-24-10.7-24-24s10.7-24 24-24zm40-208a32 32 0 1 1 0 64 32 32 0 1 1 0-64z"]},Ms=LW,CW={prefix:"fas",iconName:"arrow-rotate-left",icon:[512,512,[8634,"arrow-left-rotate","arrow-rotate-back","arrow-rotate-backward","undo"],"f0e2","M125.7 160l50.3 0c17.7 0 32 14.3 32 32s-14.3 32-32 32L48 224c-17.7 0-32-14.3-32-32L16 64c0-17.7 14.3-32 32-32s32 14.3 32 32l0 51.2L97.6 97.6c87.5-87.5 229.3-87.5 316.8 0s87.5 229.3 0 316.8s-229.3 87.5-316.8 0c-12.5-12.5-12.5-32.8 0-45.3s32.8-12.5 45.3 0c62.5 62.5 163.8 62.5 226.3 0s62.5-163.8 0-226.3s-163.8-62.5-226.3 0L125.7 160z"]},IW=CW,ty={prefix:"fas",iconName:"clock",icon:[512,512,[128339,"clock-four"],"f017","M256 0a256 256 0 1 1 0 512A256 256 0 1 1 256 0zM232 120l0 136c0 8 4 15.5 10.7 20l96 64c11 7.4 25.9 4.4 33.3-6.7s4.4-25.9-6.7-33.3L280 243.2 280 120c0-13.3-10.7-24-24-24s-24 10.7-24 24z"]},sd={prefix:"fas",iconName:"caret-down",icon:[320,512,[],"f0d7","M137.4 374.6c12.5 12.5 32.8 12.5 45.3 0l128-128c9.2-9.2 11.9-22.9 6.9-34.9s-16.6-19.8-29.6-19.8L32 192c-12.9 0-24.6 7.8-29.6 19.8s-2.2 25.7 6.9 34.9l128 128z"]},Dv={prefix:"fas",iconName:"download",icon:[512,512,[],"f019","M288 32c0-17.7-14.3-32-32-32s-32 14.3-32 32l0 242.7-73.4-73.4c-12.5-12.5-32.8-12.5-45.3 0s-12.5 32.8 0 45.3l128 128c12.5 12.5 32.8 12.5 45.3 0l128-128c12.5-12.5 12.5-32.8 0-45.3s-32.8-12.5-45.3 0L288 274.7 288 32zM64 352c-35.3 0-64 28.7-64 64l0 32c0 35.3 28.7 64 64 64l384 0c35.3 0 64-28.7 64-64l0-32c0-35.3-28.7-64-64-64l-101.5 0-45.3 45.3c-25 25-65.5 25-90.5 0L165.5 352 64 352zm368 56a24 24 0 1 1 0 48 24 24 0 1 1 0-48z"]},Pv={prefix:"fas",iconName:"upload",icon:[512,512,[],"f093","M288 109.3L288 352c0 17.7-14.3 32-32 32s-32-14.3-32-32l0-242.7-73.4 73.4c-12.5 12.5-32.8 12.5-45.3 0s-12.5-32.8 0-45.3l128-128c12.5-12.5 32.8-12.5 45.3 0l128 128c12.5 12.5 12.5 32.8 0 45.3s-32.8 12.5-45.3 0L288 109.3zM64 352l128 0c0 35.3 28.7 64 64 64s64-28.7 64-64l128 0c35.3 0 64 28.7 64 64l0 32c0 35.3-28.7 64-64 64L64 512c-35.3 0-64-28.7-64-64l0-32c0-35.3 28.7-64 64-64zM432 456a24 24 0 1 0 0-48 24 24 0 1 0 0 48z"]},NW={prefix:"fas",iconName:"arrow-down-short-wide",icon:[576,512,["sort-amount-desc","sort-amount-down-alt"],"f884","M151.6 469.6C145.5 476.2 137 480 128 480s-17.5-3.8-23.6-10.4l-88-96c-11.9-13-11.1-33.3 2-45.2s33.3-11.1 45.2 2L96 365.7 96 64c0-17.7 14.3-32 32-32s32 14.3 32 32l0 301.7 32.4-35.4c11.9-13 32.2-13.9 45.2-2s13.9 32.2 2 45.2l-88 96zM320 32l32 0c17.7 0 32 14.3 32 32s-14.3 32-32 32l-32 0c-17.7 0-32-14.3-32-32s14.3-32 32-32zm0 128l96 0c17.7 0 32 14.3 32 32s-14.3 32-32 32l-96 0c-17.7 0-32-14.3-32-32s14.3-32 32-32zm0 128l160 0c17.7 0 32 14.3 32 32s-14.3 32-32 32l-160 0c-17.7 0-32-14.3-32-32s14.3-32 32-32zm0 128l224 0c17.7 0 32 14.3 32 32s-14.3 32-32 32l-224 0c-17.7 0-32-14.3-32-32s14.3-32 32-32z"]},xW={prefix:"fas",iconName:"thumbs-down",icon:[512,512,[128078,61576],"f165","M313.4 479.1c26-5.2 42.9-30.5 37.7-56.5l-2.3-11.4c-5.3-26.7-15.1-52.1-28.8-75.2l144 0c26.5 0 48-21.5 48-48c0-18.5-10.5-34.6-25.9-42.6C497 236.6 504 223.1 504 208c0-23.4-16.8-42.9-38.9-47.1c4.4-7.3 6.9-15.8 6.9-24.9c0-21.3-13.9-39.4-33.1-45.6c.7-3.3 1.1-6.8 1.1-10.4c0-26.5-21.5-48-48-48l-97.5 0c-19 0-37.5 5.6-53.3 16.1L202.7 73.8C176 91.6 160 121.6 160 153.7l0 38.3 0 48 0 24.9c0 29.2 13.3 56.7 36 75l7.4 5.9c26.5 21.2 44.6 51 51.2 84.2l2.3 11.4c5.2 26 30.5 42.9 56.5 37.7zM32 384l64 0c17.7 0 32-14.3 32-32l0-224c0-17.7-14.3-32-32-32L32 96C14.3 96 0 110.3 0 128L0 352c0 17.7 14.3 32 32 32z"]},ey={prefix:"fas",iconName:"arrow-down",icon:[384,512,[8595],"f063","M169.4 470.6c12.5 12.5 32.8 12.5 45.3 0l160-160c12.5-12.5 12.5-32.8 0-45.3s-32.8-12.5-45.3 0L224 370.8 224 64c0-17.7-14.3-32-32-32s-32 14.3-32 32l0 306.7L54.6 265.4c-12.5-12.5-32.8-12.5-45.3 0s-12.5 32.8 0 45.3l160 160z"]},wW={prefix:"fas",iconName:"magnifying-glass",icon:[512,512,[128269,"search"],"f002","M416 208c0 45.9-14.9 88.3-40 122.7L502.6 457.4c12.5 12.5 12.5 32.8 0 45.3s-32.8 12.5-45.3 0L330.7 376c-34.4 25.2-76.8 40-122.7 40C93.1 416 0 322.9 0 208S93.1 0 208 0S416 93.1 416 208zM208 352a144 144 0 1 0 0-288 144 144 0 1 0 0 288z"]},kW=wW,ny={prefix:"fas",iconName:"chevron-down",icon:[512,512,[],"f078","M233.4 406.6c12.5 12.5 32.8 12.5 45.3 0l192-192c12.5-12.5 12.5-32.8 0-45.3s-32.8-12.5-45.3 0L256 338.7 86.6 169.4c-12.5-12.5-32.8-12.5-45.3 0s-12.5 32.8 0 45.3l192 192z"]},ry={prefix:"fas",iconName:"arrow-up",icon:[384,512,[8593],"f062","M214.6 41.4c-12.5-12.5-32.8-12.5-45.3 0l-160 160c-12.5 12.5-12.5 32.8 0 45.3s32.8 12.5 45.3 0L160 141.2 160 448c0 17.7 14.3 32 32 32s32-14.3 32-32l0-306.7L329.4 246.6c12.5 12.5 32.8 12.5 45.3 0s12.5-32.8 0-45.3l-160-160z"]},BW={prefix:"fas",iconName:"chevron-right",icon:[320,512,[9002],"f054","M310.6 233.4c12.5 12.5 12.5 32.8 0 45.3l-192 192c-12.5 12.5-32.8 12.5-45.3 0s-12.5-32.8 0-45.3L242.7 256 73.4 86.6c-12.5-12.5-12.5-32.8 0-45.3s32.8-12.5 45.3 0l192 192z"]},DW={prefix:"fas",iconName:"check",icon:[448,512,[10003,10004],"f00c","M438.6 105.4c12.5 12.5 12.5 32.8 0 45.3l-256 256c-12.5 12.5-32.8 12.5-45.3 0l-128-128c-12.5-12.5-12.5-32.8 0-45.3s32.8-12.5 45.3 0L160 338.7 393.4 105.4c12.5-12.5 32.8-12.5 45.3 0z"]},PW={prefix:"fas",iconName:"triangle-exclamation",icon:[512,512,[9888,"exclamation-triangle","warning"],"f071","M256 32c14.2 0 27.3 7.5 34.5 19.8l216 368c7.3 12.4 7.3 27.7 .2 40.1S486.3 480 472 480L40 480c-14.3 0-27.6-7.7-34.7-20.1s-7-27.8 .2-40.1l216-368C228.7 39.5 241.8 32 256 32zm0 128c-13.3 0-24 10.7-24 24l0 112c0 13.3 10.7 24 24 24s24-10.7 24-24l0-112c0-13.3-10.7-24-24-24zm32 224a32 32 0 1 0 -64 0 32 32 0 1 0 64 0z"]},Mv=PW,MW={prefix:"fas",iconName:"right-left",icon:[512,512,["exchange-alt"],"f362","M32 96l320 0 0-64c0-12.9 7.8-24.6 19.8-29.6s25.7-2.2 34.9 6.9l96 96c6 6 9.4 14.1 9.4 22.6s-3.4 16.6-9.4 22.6l-96 96c-9.2 9.2-22.9 11.9-34.9 6.9s-19.8-16.6-19.8-29.6l0-64L32 160c-17.7 0-32-14.3-32-32s14.3-32 32-32zM480 352c17.7 0 32 14.3 32 32s-14.3 32-32 32l-320 0 0 64c0 12.9-7.8 24.6-19.8 29.6s-25.7 2.2-34.9-6.9l-96-96c-6-6-9.4-14.1-9.4-22.6s3.4-16.6 9.4-22.6l96-96c9.2-9.2 22.9-11.9 34.9-6.9s19.8 16.6 19.8 29.6l0 64 320 0z"]},iy=MW,sy={prefix:"fas",iconName:"dollar-sign",icon:[320,512,[128178,61781,"dollar","usd"],"24","M160 0c17.7 0 32 14.3 32 32l0 35.7c1.6 .2 3.1 .4 4.7 .7c.4 .1 .7 .1 1.1 .2l48 8.8c17.4 3.2 28.9 19.9 25.7 37.2s-19.9 28.9-37.2 25.7l-47.5-8.7c-31.3-4.6-58.9-1.5-78.3 6.2s-27.2 18.3-29 28.1c-2 10.7-.5 16.7 1.2 20.4c1.8 3.9 5.5 8.3 12.8 13.2c16.3 10.7 41.3 17.7 73.7 26.3l2.9 .8c28.6 7.6 63.6 16.8 89.6 33.8c14.2 9.3 27.6 21.9 35.9 39.5c8.5 17.9 10.3 37.9 6.4 59.2c-6.9 38-33.1 63.4-65.6 76.7c-13.7 5.6-28.6 9.2-44.4 11l0 33.4c0 17.7-14.3 32-32 32s-32-14.3-32-32l0-34.9c-.4-.1-.9-.1-1.3-.2l-.2 0s0 0 0 0c-24.4-3.8-64.5-14.3-91.5-26.3c-16.1-7.2-23.4-26.1-16.2-42.2s26.1-23.4 42.2-16.2c20.9 9.3 55.3 18.5 75.2 21.6c31.9 4.7 58.2 2 76-5.3c16.9-6.9 24.6-16.9 26.8-28.9c1.9-10.6 .4-16.7-1.3-20.4c-1.9-4-5.6-8.4-13-13.3c-16.4-10.7-41.5-17.7-74-26.3l-2.8-.7s0 0 0 0C119.4 279.3 84.4 270 58.4 253c-14.2-9.3-27.5-22-35.8-39.6c-8.4-17.9-10.1-37.9-6.1-59.2C23.7 116 52.3 91.2 84.8 78.3c13.3-5.3 27.9-8.9 43.2-11L128 32c0-17.7 14.3-32 32-32z"]},HW={class:"copy position-absolute",style:{top:"0",right:"0"}},t0=Pe({__name:"Copy",props:{content:{}},setup(t){const e=t,n=Yt(!1);function r(){const{toClipboard:i}=vW();i(e.content),n.value=!0,window.setTimeout(()=>{n.value=!1},2e3)}return(i,o)=>(w(),P("div",HW,[v("button",{name:"copyRawButton",class:wt(["btn btn-outline-secondary bg-light btn-sm m-2",n.value?"d-none":"d-block"]),onClick:r},[Rt(h(Ee),{"fixed-width":"",icon:h(yW)},null,8,["icon"])],2),o[0]||(o[0]=g()),Ce((w(),P("button",{class:wt(["btn btn-outline-secondary bg-light btn-sm m-2",n.value?"d-block":"d-none"]),onClick:r},[Rt(h(Ee),{"fixed-width":"",icon:h(DW),class:"text-success"},null,8,["icon"])],2)),[[h(Be),{placement:"left",arrow:!0,content:"copied"}]])]))}});var He=(t=>(t[t.time=0]="time",t[t.rows=1]="rows",t[t.cost=2]="cost",t[t.buffers=3]="buffers",t[t.estimate_factor=4]="estimate_factor",t[t.io=5]="io",t))(He||{}),fe=(t=>(t.shared="Shared",t.temp="Temp",t.local="Local",t))(fe||{});class Rr{static NONE="none";static DURATION="duration";static ROWS="rows";static COST="cost"}var bi=(t=>(t.asc="asc",t.desc="desc",t))(bi||{}),In=(t=>(t[t.over=1]="over",t[t.under=2]="under",t[t.none=3]="none",t))(In||{}),m=(t=>(t.NODE_TYPE="Node Type",t.ACTUAL_ROWS="Actual Rows",t.PLAN_ROWS="Plan Rows",t.PLAN_WIDTH="Plan Width",t.ROWS_REMOVED_BY_FILTER="Rows Removed by Filter",t.ROWS_REMOVED_BY_JOIN_FILTER="Rows Removed by Join Filter",t.ROWS_REMOVED_BY_INDEX_RECHECK="Rows Removed by Index Recheck",t.ACTUAL_STARTUP_TIME="Actual Startup Time",t.ACTUAL_TOTAL_TIME="Actual Total Time",t.ACTUAL_LOOPS="Actual Loops",t.STARTUP_COST="Startup Cost",t.TOTAL_COST="Total Cost",t.PLANS="Plans",t.RELATION_NAME="Relation Name",t.SCHEMA="Schema",t.ALIAS="Alias",t.GROUP_KEY="Group Key",t.SORT_KEY="Sort Key",t.SORT_METHOD="Sort Method",t.SORT_SPACE_TYPE="Sort Space Type",t.SORT_SPACE_USED="Sort Space Used",t.JOIN_TYPE="Join Type",t.INDEX_NAME="Index Name",t.HASH_CONDITION="Hash Cond",t.PARENT_RELATIONSHIP="Parent Relationship",t.SUBPLAN_NAME="Subplan Name",t.PARALLEL_AWARE="Parallel Aware",t.WORKERS="Workers",t.WORKERS_PLANNED="Workers Planned",t.WORKERS_LAUNCHED="Workers Launched",t.SHARED_HIT_BLOCKS="Shared Hit Blocks",t.SHARED_READ_BLOCKS="Shared Read Blocks",t.READ_BLOCKS="*Read Blocks",t.SHARED_DIRTIED_BLOCKS="Shared Dirtied Blocks",t.SHARED_WRITTEN_BLOCKS="Shared Written Blocks",t.WRITTEN_BLOCKS="*Written Blocks",t.TEMP_READ_BLOCKS="Temp Read Blocks",t.TEMP_WRITTEN_BLOCKS="Temp Written Blocks",t.LOCAL_HIT_BLOCKS="Local Hit Blocks",t.LOCAL_READ_BLOCKS="Local Read Blocks",t.LOCAL_DIRTIED_BLOCKS="Local Dirtied Blocks",t.LOCAL_WRITTEN_BLOCKS="Local Written Blocks",t.IO_READ_TIME="I/O Read Time",t.IO_WRITE_TIME="I/O Write Time",t.SHARED_IO_READ_TIME="Shared I/O Read Time",t.SHARED_IO_WRITE_TIME="Shared I/O Write Time",t.LOCAL_IO_READ_TIME="Local I/O Read Time",t.LOCAL_IO_WRITE_TIME="Local I/O Write Time",t.TEMP_IO_READ_TIME="Temp I/O Read Time",t.TEMP_IO_WRITE_TIME="Temp I/O Write Time",t.OUTPUT="Output",t.HEAP_FETCHES="Heap Fetches",t.WAL_RECORDS="WAL Records",t.WAL_BYTES="WAL Bytes",t.WAL_FPI="WAL FPI",t.FULL_SORT_GROUPS="Full-sort Groups",t.PRE_SORTED_GROUPS="Pre-sorted Groups",t.PRESORTED_KEY="Presorted Key",t.FILTER="Filter",t.STRATEGY="Strategy",t.PARTIAL_MODE="Partial Mode",t.OPERATION="Operation",t.RECHECK_COND="Recheck Cond",t.SCAN_DIRECTION="Scan Direction",t.NODE_ID="nodeId",t.EXCLUSIVE_DURATION="*Duration (exclusive)",t.EXCLUSIVE_COST="*Cost (exclusive)",t.ACTUAL_ROWS_REVISED="*Actual Rows Revised",t.ACTUAL_ROWS_FRACTIONAL="*Actual Rows Is Fractional",t.PLAN_ROWS_REVISED="*Plan Rows Revised",t.ROWS_REMOVED_BY_FILTER_REVISED="*Rows Removed by Filter",t.ROWS_REMOVED_BY_JOIN_FILTER_REVISED="*Rows Removed by Join Filter",t.ROWS_REMOVED_BY_INDEX_RECHECK_REVISED="*Rows Removed by Index Recheck",t.PLANNER_ESTIMATE_FACTOR="*Planner Row Estimate Factor",t.PLANNER_ESTIMATE_DIRECTION="*Planner Row Estimate Direction",t.EXCLUSIVE_SHARED_HIT_BLOCKS="*Shared Hit Blocks (exclusive)",t.EXCLUSIVE_SHARED_READ_BLOCKS="*Shared Read Blocks (exclusive)",t.EXCLUSIVE_SHARED_DIRTIED_BLOCKS="*Shared Dirtied Blocks (exclusive)",t.EXCLUSIVE_SHARED_WRITTEN_BLOCKS="*Shared Written Blocks (exclusive)",t.EXCLUSIVE_TEMP_READ_BLOCKS="*Temp Read Blocks (exclusive)",t.EXCLUSIVE_TEMP_WRITTEN_BLOCKS="*Temp Written Blocks (exclusive)",t.EXCLUSIVE_LOCAL_HIT_BLOCKS="*Local Hit Blocks (exclusive)",t.EXCLUSIVE_LOCAL_READ_BLOCKS="*Local Read Blocks (exclusive)",t.EXCLUSIVE_LOCAL_DIRTIED_BLOCKS="*Local Dirtied Blocks (exclusive)",t.EXCLUSIVE_LOCAL_WRITTEN_BLOCKS="*Local Written Blocks (exclusive)",t.EXCLUSIVE_READ_BLOCKS="*Read Blocks (exclusive)",t.EXCLUSIVE_WRITTEN_BLOCKS="*Written Blocks (exclusive)",t.AVERAGE_IO_READ_SPEED="*I/O Read Speed",t.AVERAGE_IO_WRITE_SPEED="*I/O Write Speed",t.AVERAGE_SHARED_IO_READ_SPEED="*Shared I/O Read Speed",t.AVERAGE_SHARED_IO_WRITE_SPEED="*Shared I/O Write Speed",t.AVERAGE_LOCAL_IO_READ_SPEED="*Local I/O Read Speed",t.AVERAGE_LOCAL_IO_WRITE_SPEED="*Local I/O Write Speed",t.AVERAGE_TEMP_IO_READ_SPEED="*Temp I/O Read Speed",t.AVERAGE_TEMP_IO_WRITE_SPEED="*Temp I/O Write Speed",t.EXCLUSIVE_IO_READ_TIME="*I/O Read Time (exclusive)",t.EXCLUSIVE_IO_WRITE_TIME="*I/O Write Time (exclusive)",t.EXCLUSIVE_AVERAGE_IO_READ_SPEED="*I/O Read Speed (exclusive)",t.EXCLUSIVE_AVERAGE_IO_WRITE_SPEED="*I/O Write Speed (exclusive)",t.EXCLUSIVE_SHARED_IO_READ_TIME="*Shared I/O Read Time (exclusive)",t.EXCLUSIVE_SHARED_IO_WRITE_TIME="*Shared I/O Write Time (exclusive)",t.EXCLUSIVE_AVERAGE_SHARED_IO_READ_SPEED="*Shared I/O Read Speed (exclusive)",t.EXCLUSIVE_AVERAGE_SHARED_IO_WRITE_SPEED="*Shared I/O Write Speed (exclusive)",t.EXCLUSIVE_LOCAL_IO_READ_TIME="*Local I/O Read Time (exclusive)",t.EXCLUSIVE_LOCAL_IO_WRITE_TIME="*Local I/O Write Time (exclusive)",t.EXCLUSIVE_AVERAGE_LOCAL_IO_READ_SPEED="*Local I/O Read Speed (exclusive)",t.EXCLUSIVE_AVERAGE_LOCAL_IO_WRITE_SPEED="*Local I/O Write Speed (exclusive)",t.EXCLUSIVE_TEMP_IO_READ_TIME="*Temp I/O Read Time (exclusive)",t.EXCLUSIVE_TEMP_IO_WRITE_TIME="*Temp I/O Write Time (exclusive)",t.EXCLUSIVE_AVERAGE_TEMP_IO_READ_SPEED="*Temp I/O Read Speed (exclusive)",t.EXCLUSIVE_AVERAGE_TEMP_IO_WRITE_SPEED="*Temp I/O Write Speed (exclusive)",t.SUM_IO_READ_TIME="*I/O Read Time (all scopes)",t.SUM_IO_WRITE_TIME="*I/O Write Time (all scopes)",t.AVERAGE_SUM_IO_READ_SPEED="*I/O Read Time speed (all scopes)",t.AVERAGE_SUM_IO_WRITE_SPEED="*I/O Write Time speed (all scopes)",t.EXCLUSIVE_SUM_IO_READ_TIME="*I/O Read Time (exclusive, all scopes)",t.EXCLUSIVE_SUM_IO_WRITE_TIME="*I/O Write Time (exclusive, all scopes)",t.EXCLUSIVE_AVERAGE_SUM_IO_READ_SPEED="*I/O Read Time speed (exclusive, all scopes)",t.EXCLUSIVE_AVERAGE_SUM_IO_WRITE_SPEED="*I/O Write Time speed (exclusive, all scopes)",t.WORKERS_PLANNED_BY_GATHER="*Workers Planned By Gather",t.WORKERS_LAUNCHED_BY_GATHER="*Workers Launched By Gather",t.CTE_SCAN="CTE Scan",t.CTE_NAME="CTE Name",t.FUNCTION_NAME="Function Name",t.ARRAY_INDEX_KEY="arrayIndex",t.PEV_PLAN_TAG="plan_",t.JIT="JIT",t))(m||{}),Bn=(t=>(t[t.blocks=0]="blocks",t[t.boolean=1]="boolean",t[t.bytes=2]="bytes",t[t.cost=3]="cost",t[t.duration=4]="duration",t[t.estimateDirection=5]="estimateDirection",t[t.factor=6]="factor",t[t.increment=7]="increment",t[t.json=8]="json",t[t.kilobytes=9]="kilobytes",t[t.list=10]="list",t[t.loops=11]="loops",t[t.rows=12]="rows",t[t.sortGroups=13]="sortGroups",t[t.transferRate=14]="transferRate",t[t.jit=15]="jit",t))(Bn||{});const Nt={};Nt["Actual Rows"]=12;Nt["Actual Loops"]=11;Nt["Plan Rows"]=12;Nt["Plan Width"]=2;Nt["*Actual Rows Revised"]=12;Nt["*Actual Rows Is Fractional"]=1;Nt["*Plan Rows Revised"]=12;Nt["Actual Total Time"]=4;Nt["Actual Startup Time"]=4;Nt["Startup Cost"]=3;Nt["Total Cost"]=3;Nt["Parallel Aware"]=1;Nt.Workers=8;Nt["Sort Space Used"]=9;Nt["Rows Removed by Filter"]=12;Nt["Rows Removed by Join Filter"]=12;Nt["*Rows Removed by Filter"]=12;Nt["*Rows Removed by Join Filter"]=12;Nt["Rows Removed by Index Recheck"]=12;Nt["*Rows Removed by Index Recheck"]=12;Nt["Heap Fetches"]=12;Nt.Output=10;Nt["Sort Key"]=10;Nt["Presorted Key"]=10;Nt["WAL Records"]=12;Nt["WAL Bytes"]=2;Nt["WAL FPI"]=12;Nt["*Duration (exclusive)"]=4;Nt["*Cost (exclusive)"]=3;Nt["*Planner Row Estimate Factor"]=6;Nt["*Planner Row Estimate Direction"]=5;Nt["I/O Read Time"]=4;Nt["I/O Write Time"]=4;Nt["*I/O Read Time (all scopes)"]=4;Nt["*I/O Write Time (all scopes)"]=4;Nt["*I/O Read Time speed (all scopes)"]=14;Nt["*I/O Write Time speed (all scopes)"]=14;Nt["I/O Read Time"]=4;Nt["I/O Write Time"]=4;Nt["*I/O Read Speed"]=14;Nt["*I/O Write Speed"]=14;Nt["Shared I/O Read Time"]=4;Nt["Shared I/O Write Time"]=4;Nt["*Shared I/O Read Speed"]=14;Nt["*Shared I/O Write Speed"]=14;Nt["Local I/O Read Time"]=4;Nt["Local I/O Write Time"]=4;Nt["*Local I/O Read Speed"]=14;Nt["*Local I/O Write Speed"]=14;Nt["Temp I/O Read Time"]=4;Nt["Temp I/O Write Time"]=4;Nt["*Temp I/O Read Speed"]=14;Nt["*Temp I/O Write Speed"]=14;Nt["*I/O Read Time (exclusive)"]=4;Nt["*I/O Write Time (exclusive)"]=4;Nt["*I/O Read Speed (exclusive)"]=14;Nt["*I/O Write Speed (exclusive)"]=14;Nt["*Shared I/O Read Time (exclusive)"]=4;Nt["*Shared I/O Write Time (exclusive)"]=4;Nt["*Shared I/O Read Speed (exclusive)"]=14;Nt["*Shared I/O Write Speed (exclusive)"]=14;Nt["*Local I/O Read Time (exclusive)"]=4;Nt["*Local I/O Write Time (exclusive)"]=4;Nt["*Local I/O Read Speed (exclusive)"]=14;Nt["*Local I/O Write Speed (exclusive)"]=14;Nt["*Temp I/O Read Time (exclusive)"]=4;Nt["*Temp I/O Write Time (exclusive)"]=4;Nt["*Temp I/O Read Speed (exclusive)"]=14;Nt["*Temp I/O Write Speed (exclusive)"]=14;Nt["*Shared Hit Blocks (exclusive)"]=0;Nt["*Shared Read Blocks (exclusive)"]=0;Nt["*Shared Dirtied Blocks (exclusive)"]=0;Nt["*Shared Written Blocks (exclusive)"]=0;Nt["*Temp Read Blocks (exclusive)"]=0;Nt["*Temp Written Blocks (exclusive)"]=0;Nt["*Local Hit Blocks (exclusive)"]=0;Nt["*Local Read Blocks (exclusive)"]=0;Nt["*Local Dirtied Blocks (exclusive)"]=0;Nt["*Local Written Blocks (exclusive)"]=0;Nt["Full-sort Groups"]=13;Nt["Pre-sorted Groups"]=13;Nt.JIT=15;class Gf{static WORKER_NUMBER="Worker Number"}Nt[Gf.WORKER_NUMBER]=7;var Ld=(t=>(t.GROUP_COUNT="Group Count",t.SORT_METHODS_USED="Sort Methods Used",t.SORT_SPACE_MEMORY="Sort Space Memory",t))(Ld||{}),J0=(t=>(t.AVERAGE_SORT_SPACE_USED="Average Sort Space Used",t.PEAK_SORT_SPACE_USED="Peak Sort Space Used",t))(J0||{}),Cd=(t=>(t.SHARED="shared",t.LOCAL="local",t.TEMP="temp",t))(Cd||{});class il{nodeId=0;getNodeTypeDescription(e){return WW[e.toUpperCase()]}getHelpMessage(e){return UW[e.toUpperCase()]}}const WW={LIMIT:"returns a specified number of rows from a record set.",SORT:"sorts a record set based on the specified sort key.","NESTED LOOP":`merges two record sets by looping through every record in the first set and
   trying to find a match in the second set. All matching records are returned.`,"MERGE JOIN":"merges two record sets by first sorting them on a <strong>join key</strong>.",HASH:`generates a hash table from the records in the input recordset. Hash is used by
   <strong>Hash Join</strong>.`,"HASH JOIN":"joins two record sets by hashing one of them (using a <strong>Hash Scan</strong>).",AGGREGATE:"groups records together based on a GROUP BY or aggregate function (like <code>sum()</code>).",HASHAGGREGATE:`groups records together based on a GROUP BY or aggregate function (like sum()). Hash Aggregate uses
   a hash to first organize the records by a key.`,"SEQ SCAN":`finds relevant records by sequentially scanning the input record set. When reading from a table,
   Seq Scans (unlike Index Scans) perform a single read operation (only the table is read).`,"INDEX SCAN":`finds relevant records based on an <strong>Index</strong>.
    Index Scans perform 2 read operations: one to
    read the index and another to read the actual value from the table.`,"INDEX ONLY SCAN":`finds relevant records based on an <strong>Index</strong>.
    Index Only Scans perform a single read operation
    from the index and do not read from the corresponding table.`,"BITMAP HEAP SCAN":`searches through the pages returned by the <strong>Bitmap Index Scan</strong>
    for relevant rows.`,"BITMAP INDEX SCAN":`uses a <strong>Bitmap Index</strong> (index which uses 1 bit per page)
    to find all relevant pages.
    Results of this node are fed to the <strong>Bitmap Heap Scan</strong>.`,"CTE SCAN":`performs a sequential scan of <strong>Common Table Expression (CTE) query</strong> results. Note that
    results of a CTE are materialized (calculated and temporarily stored).`,MEMOIZE:"is used to cache the results of the inner side of a nested loop. It avoids executing underlying nodes when the results for the current parameters are already in the cache.",GATHER:"reads the results of the parallel workers, in an undefined order.","GATHER MERGE":"reads the results of the parallel workers, preserving any ordering."},UW={"MISSING EXECUTION TIME":`Execution time (or Total runtime) not available for this plan. Make sure you
    use EXPLAIN ANALYZE.`,"MISSING PLANNING TIME":"Planning time not available for this plan.","WORKERS PLANNED NOT LAUNCHED":`Less workers than planned were launched.
Consider modifying max_parallel_workers or max_parallel_workers_per_gather.`,"WORKERS DETAILED INFO MISSING":"Consider using EXPLAIN (ANALYZE, VERBOSE)","FUZZY NEEDS VERBOSE":"Information may not be accurate. Use EXPLAIN VERBOSE mode.","HINT TRACK_IO_TIMING":"HINT: activate <em><b>track_io_timing</b></em> to have details on time spent outside the PG cache.","IO TIMINGS PARALLEL":"Distributed among parallel workers"};function $W(t,e,n,r){if(!e)return;const i=t.getBoundingClientRect(),o=e.getBoundingClientRect();let a=t.scrollLeft;const c=o.left>=i.left&&o.left<=i.right&&o.right<=i.right;let u=t.scrollTop;const p=o.top>=i.top&&o.top<=i.bottom&&o.bottom<=i.bottom;(!c||!p)&&(a=o.left+t.scrollLeft-i.left-i.width/2+o.width/2,u=o.top+t.scrollTop-i.top-i.height/2+o.height/2,VW({element:t,to:{scrollTop:u,scrollLeft:a},duration:400,done:r}))}const Hv=({currentTime:t,start:e,change:n,duration:r})=>{let i=t;return i/=r/2,i<1?n/2*i*i+e:(i-=1,-n/2*(i*(i-2)-1)+e)};function VW({duration:t,element:e,to:n,done:r}){const i=e.scrollTop,o=e.scrollLeft,a=n.scrollTop-i,c=n.scrollLeft-o,u=new Date().getTime(),p=()=>{const _=new Date().getTime()-u;e.scrollTop=Hv({currentTime:_,start:i,change:a,duration:t}),e.scrollLeft=Hv({currentTime:_,start:o,change:c,duration:t}),_<t?requestAnimationFrame(p):(e.scrollTop=n.scrollTop,e.scrollLeft=n.scrollLeft)};p()}function Wv(t,e){const n="([\\s\\S]*?)(e)?(?:(o)|(c)|(t)|(sp)|$)".replace("sp",e).replace("o","[\\(\\{\\[]").replace("c","[\\)\\}\\]]").replace("t",`['"]`).replace("e","[\\\\]"),r=new RegExp(n,"gi"),i=[];let o=[];const a=[];return t.replace(r,(c,u,p,d,_,S,R)=>{if(p)return o.push(u,R||d||_||S),"";if(d)i.push(d);else if(_)i.pop();else if(S)i[i.length-1]!==S?i.push(S):i.pop();else if(R?!i.length:!u)return o.push(u),a.push(o.join("")),o=[],"";return o.push(c),""}),a}function FW(t,e){let n;const r=t.content.Plan;return r.nodeId==e?r:(r&&r.Plans&&(r.Plans.some(function i(o){return o.nodeId===e?(n=o,!0):o.Plans&&o.Plans.some(i)}),!n&&t.ctes&&X.each(t.ctes,i=>{if(i.nodeId==e)return n=i,!1;if(i.Plans&&(i.Plans.some(function o(a){return a.nodeId===e?(n=a,!0):a.Plans&&a.Plans.some(o)}),n))return!1})),n)}function GW(t,e){let n;return t.ctes&&X.each(t.ctes,r=>{if(r[m.SUBPLAN_NAME]=="CTE "+e)return n=r,!1}),n}const zW=[m.NODE_TYPE,m.CTE_NAME,m.EXCLUSIVE_DURATION,m.EXCLUSIVE_COST,m.TOTAL_COST,m.PLAN_ROWS,m.ACTUAL_ROWS,m.ACTUAL_LOOPS,m.OUTPUT,m.WORKERS,m.WORKERS_PLANNED,m.WORKERS_LAUNCHED,m.READ_BLOCKS,m.WRITTEN_BLOCKS,m.EXCLUSIVE_SHARED_HIT_BLOCKS,m.EXCLUSIVE_SHARED_READ_BLOCKS,m.EXCLUSIVE_SHARED_DIRTIED_BLOCKS,m.EXCLUSIVE_SHARED_WRITTEN_BLOCKS,m.EXCLUSIVE_TEMP_READ_BLOCKS,m.EXCLUSIVE_TEMP_WRITTEN_BLOCKS,m.EXCLUSIVE_LOCAL_HIT_BLOCKS,m.EXCLUSIVE_LOCAL_READ_BLOCKS,m.EXCLUSIVE_LOCAL_DIRTIED_BLOCKS,m.EXCLUSIVE_LOCAL_WRITTEN_BLOCKS,m.EXCLUSIVE_READ_BLOCKS,m.EXCLUSIVE_WRITTEN_BLOCKS,m.SHARED_HIT_BLOCKS,m.SHARED_READ_BLOCKS,m.SHARED_DIRTIED_BLOCKS,m.SHARED_WRITTEN_BLOCKS,m.TEMP_READ_BLOCKS,m.TEMP_WRITTEN_BLOCKS,m.LOCAL_HIT_BLOCKS,m.LOCAL_READ_BLOCKS,m.LOCAL_DIRTIED_BLOCKS,m.LOCAL_WRITTEN_BLOCKS,m.PLANNER_ESTIMATE_FACTOR,m.PLANNER_ESTIMATE_DIRECTION,m.SUBPLAN_NAME,m.GROUP_KEY,m.HASH_CONDITION,m.JOIN_TYPE,m.INDEX_NAME,m.HASH_CONDITION,m.EXCLUSIVE_IO_READ_TIME,m.EXCLUSIVE_IO_WRITE_TIME,m.EXCLUSIVE_SHARED_IO_READ_TIME,m.EXCLUSIVE_SHARED_IO_WRITE_TIME,m.EXCLUSIVE_LOCAL_IO_READ_TIME,m.EXCLUSIVE_LOCAL_IO_WRITE_TIME,m.EXCLUSIVE_TEMP_IO_READ_TIME,m.EXCLUSIVE_TEMP_IO_WRITE_TIME,m.EXCLUSIVE_AVERAGE_IO_READ_SPEED,m.EXCLUSIVE_AVERAGE_IO_WRITE_SPEED,m.EXCLUSIVE_AVERAGE_SHARED_IO_READ_SPEED,m.EXCLUSIVE_AVERAGE_SHARED_IO_WRITE_SPEED,m.EXCLUSIVE_AVERAGE_LOCAL_IO_READ_SPEED,m.EXCLUSIVE_AVERAGE_LOCAL_IO_WRITE_SPEED,m.EXCLUSIVE_AVERAGE_TEMP_IO_READ_SPEED,m.EXCLUSIVE_AVERAGE_TEMP_IO_WRITE_SPEED,m.EXCLUSIVE_AVERAGE_IO_READ_SPEED,m.EXCLUSIVE_AVERAGE_IO_WRITE_SPEED,m.EXCLUSIVE_SUM_IO_READ_TIME,m.EXCLUSIVE_SUM_IO_WRITE_TIME,m.EXCLUSIVE_AVERAGE_SUM_IO_READ_SPEED,m.EXCLUSIVE_AVERAGE_SUM_IO_WRITE_SPEED,m.AVERAGE_IO_READ_SPEED,m.AVERAGE_IO_WRITE_SPEED,m.AVERAGE_SHARED_IO_READ_SPEED,m.AVERAGE_SHARED_IO_WRITE_SPEED,m.AVERAGE_LOCAL_IO_READ_SPEED,m.AVERAGE_LOCAL_IO_WRITE_SPEED,m.AVERAGE_TEMP_IO_READ_SPEED,m.AVERAGE_TEMP_IO_WRITE_SPEED,m.IO_READ_TIME,m.IO_WRITE_TIME,m.SHARED_IO_READ_TIME,m.SHARED_IO_WRITE_TIME,m.LOCAL_IO_READ_TIME,m.LOCAL_IO_WRITE_TIME,m.TEMP_IO_READ_TIME,m.TEMP_IO_WRITE_TIME,m.SUM_IO_READ_TIME,m.SUM_IO_WRITE_TIME,m.AVERAGE_SUM_IO_READ_SPEED,m.AVERAGE_SUM_IO_WRITE_SPEED,m.HEAP_FETCHES,m.WAL_RECORDS,m.WAL_BYTES,m.WAL_FPI,m.NODE_ID,m.ROWS_REMOVED_BY_FILTER,m.ROWS_REMOVED_BY_JOIN_FILTER,m.ROWS_REMOVED_BY_INDEX_RECHECK,m.ACTUAL_ROWS_REVISED,m.PLAN_ROWS_REVISED,m.ROWS_REMOVED_BY_FILTER_REVISED,m.ROWS_REMOVED_BY_JOIN_FILTER_REVISED,m.ROWS_REMOVED_BY_INDEX_RECHECK_REVISED,"size",m.RELATION_NAME,m.ALIAS,m.FUNCTION_NAME,m.STRATEGY,m.PARTIAL_MODE,m.SCAN_DIRECTION,m.ACTUAL_ROWS_FRACTIONAL];function KW(t,e){return(!!e||Nt[t]===Bn.increment||t===m.ACTUAL_ROWS)&&zW.indexOf(t)===-1}const XW={class:"tree-lines"},zf=Pe({__name:"LevelDivider",props:{level:{},isSubplan:{type:Boolean},isNode:{type:Boolean},isLastChild:{type:Boolean},branches:{},index:{},dense:{type:Boolean,default:!1}},setup(t){const n=t.dense?"":"";return(r,i)=>(w(),P("span",XW,[(w(!0),P(Kt,null,qe(h(X).range(t.level),o=>(w(),P(Kt,null,[h(X).indexOf(t.branches,o)!=-1?(w(),P(Kt,{key:0},[g(ft(h(n))+"",1)],64)):o!==0?(w(),P(Kt,{key:1},[g(ft(h(n))+"",1)],64)):Q("",!0)],64))),256)),t.index!==0?(w(),P(Kt,{key:0},[t.isSubplan&&t.isNode?(w(),P(Kt,{key:1},[t.isLastChild?(w(),P(Kt,{key:1},[g(ft(h(n))+"",1)],64)):(w(),P(Kt,{key:0},[g(ft(h(n))+"",1)],64))],64)):(w(),P(Kt,{key:0},[g(ft(h(n))+ft(t.isLastChild?"":""),1)],64))],64)):Q("",!0)]))}}),YW={class:"table-borderless"},qW={class:"text-nowrap p-0"},jW={class:"p-0 ps-1"},JW={class:"table-borderless"},ZW={class:"p-0 ps-1"},QW=Pe({__name:"SortGroup",props:{sortGroup:{}},setup(t){return(e,n)=>(w(),P("div",null,[g(`
    Count: `+ft(t.sortGroup["Group Count"])+" ",1),n[6]||(n[6]=v("br",null,null,-1)),n[7]||(n[7]=g()),v("table",YW,[v("tbody",null,[v("tr",null,[v("td",qW,[n[0]||(n[0]=g(`
            Sort Method`,-1)),t.sortGroup["Sort Methods Used"].length>1?(w(),P(Kt,{key:0},[g("s")],64)):Q("",!0),n[1]||(n[1]=g(`:
          `,-1))]),n[2]||(n[2]=g()),v("td",jW,ft(h(Zi)(t.sortGroup["Sort Methods Used"])),1)])])]),n[8]||(n[8]=g()),v("table",JW,[v("tbody",null,[v("tr",null,[n[4]||(n[4]=v("td",{class:"p-0"},"Memory:",-1)),n[5]||(n[5]=g()),v("td",ZW,[g(`
            Average:
            `+ft(h(Z0)(t.sortGroup["Sort Space Memory"]["Average Sort Space Used"]))+" ",1),n[3]||(n[3]=v("br",null,null,-1)),g(`
            Peak:
            `+ft(h(Z0)(t.sortGroup["Sort Space Memory"]["Peak Sort Space Used"])),1)])])])])]))}}),t7={class:"table table-sm table-borderless"},e7={class:"text-end"},n7={class:"text-end"},r7={class:"text-end"},oy=Pe({__name:"JitDetails",props:{jit:{}},setup(t){const e=t;return(n,r)=>(w(),P("table",t7,[v("tbody",null,[v("tr",null,[r[0]||(r[0]=v("th",null,"Functions",-1)),r[1]||(r[1]=g()),v("td",e7,ft(e.jit.Functions),1)]),r[4]||(r[4]=g()),r[5]||(r[5]=v("tr",null,[v("th",{colspan:"2"},"Options")],-1)),r[6]||(r[6]=g()),(w(!0),P(Kt,null,qe(e.jit.Options,(i,o)=>(w(),P("tr",{key:o},[v("td",null,""+ft(o),1),r[2]||(r[2]=g()),v("td",n7,[g(ft(i?"":"")+" ",1),v("small",null,"("+ft(i)+")",1)])]))),128)),r[7]||(r[7]=g()),r[8]||(r[8]=v("tr",null,[v("th",{colspan:"2"},"Timing")],-1)),r[9]||(r[9]=g()),(w(!0),P(Kt,null,qe(e.jit.Timing,(i,o)=>(w(),P("tr",{key:o},[v("td",null,""+ft(o),1),r[3]||(r[3]=g()),v("td",r7,ft(i)+" ms",1)]))),128))])]))}});var e0,Uv;function i7(){if(Uv)return e0;Uv=1;function t(F){return F instanceof Map?F.clear=F.delete=F.set=function(){throw new Error("map is read-only")}:F instanceof Set&&(F.add=F.clear=F.delete=function(){throw new Error("set is read-only")}),Object.freeze(F),Object.getOwnPropertyNames(F).forEach(gt=>{const Wt=F[gt],ue=typeof Wt;(ue==="object"||ue==="function")&&!Object.isFrozen(Wt)&&t(Wt)}),F}class e{constructor(gt){gt.data===void 0&&(gt.data={}),this.data=gt.data,this.isMatchIgnored=!1}ignoreMatch(){this.isMatchIgnored=!0}}function n(F){return F.replace(/&/g,"&amp;").replace(/</g,"&lt;").replace(/>/g,"&gt;").replace(/"/g,"&quot;").replace(/'/g,"&#x27;")}function r(F,...gt){const Wt=Object.create(null);for(const ue in F)Wt[ue]=F[ue];return gt.forEach(function(ue){for(const je in ue)Wt[je]=ue[je]}),Wt}const i="</span>",o=F=>!!F.scope,a=(F,{prefix:gt})=>{if(F.startsWith("language:"))return F.replace("language:","language-");if(F.includes(".")){const Wt=F.split(".");return[`${gt}${Wt.shift()}`,...Wt.map((ue,je)=>`${ue}${"_".repeat(je+1)}`)].join(" ")}return`${gt}${F}`};class c{constructor(gt,Wt){this.buffer="",this.classPrefix=Wt.classPrefix,gt.walk(this)}addText(gt){this.buffer+=n(gt)}openNode(gt){if(!o(gt))return;const Wt=a(gt.scope,{prefix:this.classPrefix});this.span(Wt)}closeNode(gt){o(gt)&&(this.buffer+=i)}value(){return this.buffer}span(gt){this.buffer+=`<span class="${gt}">`}}const u=(F={})=>{const gt={children:[]};return Object.assign(gt,F),gt};class p{constructor(){this.rootNode=u(),this.stack=[this.rootNode]}get top(){return this.stack[this.stack.length-1]}get root(){return this.rootNode}add(gt){this.top.children.push(gt)}openNode(gt){const Wt=u({scope:gt});this.add(Wt),this.stack.push(Wt)}closeNode(){if(this.stack.length>1)return this.stack.pop()}closeAllNodes(){for(;this.closeNode(););}toJSON(){return JSON.stringify(this.rootNode,null,4)}walk(gt){return this.constructor._walk(gt,this.rootNode)}static _walk(gt,Wt){return typeof Wt=="string"?gt.addText(Wt):Wt.children&&(gt.openNode(Wt),Wt.children.forEach(ue=>this._walk(gt,ue)),gt.closeNode(Wt)),gt}static _collapse(gt){typeof gt!="string"&&gt.children&&(gt.children.every(Wt=>typeof Wt=="string")?gt.children=[gt.children.join("")]:gt.children.forEach(Wt=>{p._collapse(Wt)}))}}class d extends p{constructor(gt){super(),this.options=gt}addText(gt){gt!==""&&this.add(gt)}startScope(gt){this.openNode(gt)}endScope(){this.closeNode()}__addSublanguage(gt,Wt){const ue=gt.root;Wt&&(ue.scope=`language:${Wt}`),this.add(ue)}toHTML(){return new c(this,this.options).value()}finalize(){return this.closeAllNodes(),!0}}function _(F){return F?typeof F=="string"?F:F.source:null}function S(F){return b("(?=",F,")")}function R(F){return b("(?:",F,")*")}function T(F){return b("(?:",F,")?")}function b(...F){return F.map(Wt=>_(Wt)).join("")}function N(F){const gt=F[F.length-1];return typeof gt=="object"&&gt.constructor===Object?(F.splice(F.length-1,1),gt):{}}function C(...F){return"("+(N(F).capture?"":"?:")+F.map(ue=>_(ue)).join("|")+")"}function D(F){return new RegExp(F.toString()+"|").exec("").length-1}function W(F,gt){const Wt=F&&F.exec(gt);return Wt&&Wt.index===0}const O=/\[(?:[^\\\]]|\\.)*\]|\(\??|\\([1-9][0-9]*)|\\./;function G(F,{joinWith:gt}){let Wt=0;return F.map(ue=>{Wt+=1;const je=Wt;let ze=_(ue),Zt="";for(;ze.length>0;){const Xt=O.exec(ze);if(!Xt){Zt+=ze;break}Zt+=ze.substring(0,Xt.index),ze=ze.substring(Xt.index+Xt[0].length),Xt[0][0]==="\\"&&Xt[1]?Zt+="\\"+String(Number(Xt[1])+je):(Zt+=Xt[0],Xt[0]==="("&&Wt++)}return Zt}).map(ue=>`(${ue})`).join(gt)}const M=/\b\B/,z="[a-zA-Z]\\w*",tt="[a-zA-Z_]\\w*",Et="\\b\\d+(\\.\\d+)?",Ct="(-?)(\\b0[xX][a-fA-F0-9]+|(\\b\\d+(\\.\\d*)?|\\.\\d+)([eE][-+]?\\d+)?)",Tt="\\b(0b[01]+)",it="!|!=|!==|%|%=|&|&&|&=|\\*|\\*=|\\+|\\+=|,|-|-=|/=|/|:|;|<<|<<=|<=|<|===|==|=|>>>=|>>=|>=|>>>|>>|>|\\?|\\[|\\{|\\(|\\^|\\^=|\\||\\|=|\\|\\||~",U=(F={})=>{const gt=/^#![ ]*\//;return F.binary&&(F.begin=b(gt,/.*\b/,F.binary,/\b.*/)),r({scope:"meta",begin:gt,end:/$/,relevance:0,"on:begin":(Wt,ue)=>{Wt.index!==0&&ue.ignoreMatch()}},F)},q={begin:"\\\\[\\s\\S]",relevance:0},Z={scope:"string",begin:"'",end:"'",illegal:"\\n",contains:[q]},B={scope:"string",begin:'"',end:'"',illegal:"\\n",contains:[q]},j={begin:/\b(a|an|the|are|I'm|isn't|don't|doesn't|won't|but|just|should|pretty|simply|enough|gonna|going|wtf|so|such|will|you|your|they|like|more)\b/},ct=function(F,gt,Wt={}){const ue=r({scope:"comment",begin:F,end:gt,contains:[]},Wt);ue.contains.push({scope:"doctag",begin:"[ ]*(?=(TODO|FIXME|NOTE|BUG|OPTIMIZE|HACK|XXX):)",end:/(TODO|FIXME|NOTE|BUG|OPTIMIZE|HACK|XXX):/,excludeBegin:!0,relevance:0});const je=C("I","a","is","so","us","to","at","if","in","it","on",/[A-Za-z]+['](d|ve|re|ll|t|s|n)/,/[A-Za-z]+[-][a-z]+/,/[A-Za-z][a-z]{2,}/);return ue.contains.push({begin:b(/[ ]+/,"(",je,/[.]?[:]?([.][ ]|[ ])/,"){3}")}),ue},St=ct("//","$"),Dt=ct("/\\*","\\*/"),dt=ct("#","$"),vt={scope:"number",begin:Et,relevance:0},ht={scope:"number",begin:Ct,relevance:0},et={scope:"number",begin:Tt,relevance:0},A={scope:"regexp",begin:/\/(?=[^/\n]*\/)/,end:/\/[gimuy]*/,contains:[q,{begin:/\[/,end:/\]/,relevance:0,contains:[q]}]},I={scope:"title",begin:z,relevance:0},L={scope:"title",begin:tt,relevance:0},V={begin:"\\.\\s*"+tt,relevance:0};var Ot=Object.freeze({__proto__:null,APOS_STRING_MODE:Z,BACKSLASH_ESCAPE:q,BINARY_NUMBER_MODE:et,BINARY_NUMBER_RE:Tt,COMMENT:ct,C_BLOCK_COMMENT_MODE:Dt,C_LINE_COMMENT_MODE:St,C_NUMBER_MODE:ht,C_NUMBER_RE:Ct,END_SAME_AS_BEGIN:function(F){return Object.assign(F,{"on:begin":(gt,Wt)=>{Wt.data._beginMatch=gt[1]},"on:end":(gt,Wt)=>{Wt.data._beginMatch!==gt[1]&&Wt.ignoreMatch()}})},HASH_COMMENT_MODE:dt,IDENT_RE:z,MATCH_NOTHING_RE:M,METHOD_GUARD:V,NUMBER_MODE:vt,NUMBER_RE:Et,PHRASAL_WORDS_MODE:j,QUOTE_STRING_MODE:B,REGEXP_MODE:A,RE_STARTERS_RE:it,SHEBANG:U,TITLE_MODE:I,UNDERSCORE_IDENT_RE:tt,UNDERSCORE_TITLE_MODE:L});function Vt(F,gt){F.input[F.index-1]==="."&&gt.ignoreMatch()}function H(F,gt){F.className!==void 0&&(F.scope=F.className,delete F.className)}function K(F,gt){gt&&F.beginKeywords&&(F.begin="\\b("+F.beginKeywords.split(" ").join("|")+")(?!\\.)(?=\\b|\\s)",F.__beforeBegin=Vt,F.keywords=F.keywords||F.beginKeywords,delete F.beginKeywords,F.relevance===void 0&&(F.relevance=0))}function ot(F,gt){Array.isArray(F.illegal)&&(F.illegal=C(...F.illegal))}function Lt(F,gt){if(F.match){if(F.begin||F.end)throw new Error("begin & end are not supported with match");F.begin=F.match,delete F.match}}function At(F,gt){F.relevance===void 0&&(F.relevance=1)}const mt=(F,gt)=>{if(!F.beforeMatch)return;if(F.starts)throw new Error("beforeMatch cannot be used with starts");const Wt=Object.assign({},F);Object.keys(F).forEach(ue=>{delete F[ue]}),F.keywords=Wt.keywords,F.begin=b(Wt.beforeMatch,S(Wt.begin)),F.starts={relevance:0,contains:[Object.assign(Wt,{endsParent:!0})]},F.relevance=0,delete Wt.beforeMatch},Ht=["of","and","for","in","not","or","if","then","parent","list","value"],rt="keyword";function at(F,gt,Wt=rt){const ue=Object.create(null);return typeof F=="string"?je(Wt,F.split(" ")):Array.isArray(F)?je(Wt,F):Object.keys(F).forEach(function(ze){Object.assign(ue,at(F[ze],gt,ze))}),ue;function je(ze,Zt){gt&&(Zt=Zt.map(Xt=>Xt.toLowerCase())),Zt.forEach(function(Xt){const de=Xt.split("|");ue[de[0]]=[ze,lt(de[0],de[1])]})}}function lt(F,gt){return gt?Number(gt):zt(F)?0:1}function zt(F){return Ht.includes(F.toLowerCase())}const Bt={},$t=F=>{console.error(F)},Jt=(F,...gt)=>{console.log(`WARN: ${F}`,...gt)},se=(F,gt)=>{Bt[`${F}/${gt}`]||(console.log(`Deprecated as of ${F}. ${gt}`),Bt[`${F}/${gt}`]=!0)},ge=new Error;function me(F,gt,{key:Wt}){let ue=0;const je=F[Wt],ze={},Zt={};for(let Xt=1;Xt<=gt.length;Xt++)Zt[Xt+ue]=je[Xt],ze[Xt+ue]=!0,ue+=D(gt[Xt-1]);F[Wt]=Zt,F[Wt]._emit=ze,F[Wt]._multi=!0}function cn(F){if(Array.isArray(F.begin)){if(F.skip||F.excludeBegin||F.returnBegin)throw $t("skip, excludeBegin, returnBegin not compatible with beginScope: {}"),ge;if(typeof F.beginScope!="object"||F.beginScope===null)throw $t("beginScope must be object"),ge;me(F,F.begin,{key:"beginScope"}),F.begin=G(F.begin,{joinWith:""})}}function un(F){if(Array.isArray(F.end)){if(F.skip||F.excludeEnd||F.returnEnd)throw $t("skip, excludeEnd, returnEnd not compatible with endScope: {}"),ge;if(typeof F.endScope!="object"||F.endScope===null)throw $t("endScope must be object"),ge;me(F,F.end,{key:"endScope"}),F.end=G(F.end,{joinWith:""})}}function yn(F){F.scope&&typeof F.scope=="object"&&F.scope!==null&&(F.beginScope=F.scope,delete F.scope)}function On(F){yn(F),typeof F.beginScope=="string"&&(F.beginScope={_wrap:F.beginScope}),typeof F.endScope=="string"&&(F.endScope={_wrap:F.endScope}),cn(F),un(F)}function pr(F){function gt(Zt,Xt){return new RegExp(_(Zt),"m"+(F.case_insensitive?"i":"")+(F.unicodeRegex?"u":"")+(Xt?"g":""))}class Wt{constructor(){this.matchIndexes={},this.regexes=[],this.matchAt=1,this.position=0}addRule(Xt,de){de.position=this.position++,this.matchIndexes[this.matchAt]=de,this.regexes.push([de,Xt]),this.matchAt+=D(Xt)+1}compile(){this.regexes.length===0&&(this.exec=()=>null);const Xt=this.regexes.map(de=>de[1]);this.matcherRe=gt(G(Xt,{joinWith:"|"}),!0),this.lastIndex=0}exec(Xt){this.matcherRe.lastIndex=this.lastIndex;const de=this.matcherRe.exec(Xt);if(!de)return null;const dn=de.findIndex((js,dl)=>dl>0&&js!==void 0),fn=this.matchIndexes[dn];return de.splice(0,dn),Object.assign(de,fn)}}class ue{constructor(){this.rules=[],this.multiRegexes=[],this.count=0,this.lastIndex=0,this.regexIndex=0}getMatcher(Xt){if(this.multiRegexes[Xt])return this.multiRegexes[Xt];const de=new Wt;return this.rules.slice(Xt).forEach(([dn,fn])=>de.addRule(dn,fn)),de.compile(),this.multiRegexes[Xt]=de,de}resumingScanAtSamePosition(){return this.regexIndex!==0}considerAll(){this.regexIndex=0}addRule(Xt,de){this.rules.push([Xt,de]),de.type==="begin"&&this.count++}exec(Xt){const de=this.getMatcher(this.regexIndex);de.lastIndex=this.lastIndex;let dn=de.exec(Xt);if(this.resumingScanAtSamePosition()&&!(dn&&dn.index===this.lastIndex)){const fn=this.getMatcher(0);fn.lastIndex=this.lastIndex+1,dn=fn.exec(Xt)}return dn&&(this.regexIndex+=dn.position+1,this.regexIndex===this.count&&this.considerAll()),dn}}function je(Zt){const Xt=new ue;return Zt.contains.forEach(de=>Xt.addRule(de.begin,{rule:de,type:"begin"})),Zt.terminatorEnd&&Xt.addRule(Zt.terminatorEnd,{type:"end"}),Zt.illegal&&Xt.addRule(Zt.illegal,{type:"illegal"}),Xt}function ze(Zt,Xt){const de=Zt;if(Zt.isCompiled)return de;[H,Lt,On,mt].forEach(fn=>fn(Zt,Xt)),F.compilerExtensions.forEach(fn=>fn(Zt,Xt)),Zt.__beforeBegin=null,[K,ot,At].forEach(fn=>fn(Zt,Xt)),Zt.isCompiled=!0;let dn=null;return typeof Zt.keywords=="object"&&Zt.keywords.$pattern&&(Zt.keywords=Object.assign({},Zt.keywords),dn=Zt.keywords.$pattern,delete Zt.keywords.$pattern),dn=dn||/\w+/,Zt.keywords&&(Zt.keywords=at(Zt.keywords,F.case_insensitive)),de.keywordPatternRe=gt(dn,!0),Xt&&(Zt.begin||(Zt.begin=/\B|\b/),de.beginRe=gt(de.begin),!Zt.end&&!Zt.endsWithParent&&(Zt.end=/\B|\b/),Zt.end&&(de.endRe=gt(de.end)),de.terminatorEnd=_(de.end)||"",Zt.endsWithParent&&Xt.terminatorEnd&&(de.terminatorEnd+=(Zt.end?"|":"")+Xt.terminatorEnd)),Zt.illegal&&(de.illegalRe=gt(Zt.illegal)),Zt.contains||(Zt.contains=[]),Zt.contains=[].concat(...Zt.contains.map(function(fn){return Ut(fn==="self"?Zt:fn)})),Zt.contains.forEach(function(fn){ze(fn,de)}),Zt.starts&&ze(Zt.starts,Xt),de.matcher=je(de),de}if(F.compilerExtensions||(F.compilerExtensions=[]),F.contains&&F.contains.includes("self"))throw new Error("ERR: contains `self` is not supported at the top-level of a language.  See documentation.");return F.classNameAliases=r(F.classNameAliases||{}),ze(F)}function pt(F){return F?F.endsWithParent||pt(F.starts):!1}function Ut(F){return F.variants&&!F.cachedVariants&&(F.cachedVariants=F.variants.map(function(gt){return r(F,{variants:null},gt)})),F.cachedVariants?F.cachedVariants:pt(F)?r(F,{starts:F.starts?r(F.starts):null}):Object.isFrozen(F)?r(F):F}var jt="11.11.1";class Ne extends Error{constructor(gt,Wt){super(gt),this.name="HTMLInjectionError",this.html=Wt}}const Re=n,vn=r,Nn=Symbol("nomatch"),qr=7,gs=function(F){const gt=Object.create(null),Wt=Object.create(null),ue=[];let je=!0;const ze="Could not find the language '{}', did you forget to load/include a language module?",Zt={disableAutodetect:!0,name:"Plain text",contains:[]};let Xt={ignoreUnescapedHTML:!1,throwUnescapedHTML:!1,noHighlightRe:/^(no-?highlight)$/i,languageDetectRe:/\blang(?:uage)?-([\w-]+)\b/i,classPrefix:"hljs-",cssSelector:"pre code",languages:null,__emitter:d};function de(Mt){return Xt.noHighlightRe.test(Mt)}function dn(Mt){let ne=Mt.className+" ";ne+=Mt.parentNode?Mt.parentNode.className:"";const xe=Xt.languageDetectRe.exec(ne);if(xe){const Ke=di(xe[1]);return Ke||(Jt(ze.replace("{}",xe[1])),Jt("Falling back to no-highlight mode for this block.",Mt)),Ke?xe[1]:"no-highlight"}return ne.split(/\s+/).find(Ke=>de(Ke)||di(Ke))}function fn(Mt,ne,xe){let Ke="",_n="";typeof ne=="object"?(Ke=Mt,xe=ne.ignoreIllegals,_n=ne.language):(se("10.7.0","highlight(lang, code, ...args) has been deprecated."),se("10.7.0",`Please use highlight(code, options) instead.
https://github.com/highlightjs/highlight.js/issues/2277`),_n=Mt,Ke=ne),xe===void 0&&(xe=!0);const hr={code:Ke,language:_n};qo("before:highlight",hr);const jr=hr.result?hr.result:js(hr.language,hr.code,xe);return jr.code=hr.code,qo("after:highlight",jr),jr}function js(Mt,ne,xe,Ke){const _n=Object.create(null);function hr(Ft,te){return Ft.keywords[te]}function jr(){if(!ae.keywords){Sn.addText(Xe);return}let Ft=0;ae.keywordPatternRe.lastIndex=0;let te=ae.keywordPatternRe.exec(Xe),ye="";for(;te;){ye+=Xe.substring(Ft,te.index);const Me=mr.case_insensitive?te[0].toLowerCase():te[0],Ln=hr(ae,Me);if(Ln){const[Jr,sp]=Ln;if(Sn.addText(ye),ye="",_n[Me]=(_n[Me]||0)+1,_n[Me]<=qr&&(eo+=sp),Jr.startsWith("_"))ye+=te[0];else{const op=mr.classNameAliases[Jr]||Jr;er(te[0],op)}}else ye+=te[0];Ft=ae.keywordPatternRe.lastIndex,te=ae.keywordPatternRe.exec(Xe)}ye+=Xe.substring(Ft),Sn.addText(ye)}function Zs(){if(Xe==="")return;let Ft=null;if(typeof ae.subLanguage=="string"){if(!gt[ae.subLanguage]){Sn.addText(Xe);return}Ft=js(ae.subLanguage,Xe,!0,_l[ae.subLanguage]),_l[ae.subLanguage]=Ft._top}else Ft=fl(Xe,ae.subLanguage.length?ae.subLanguage:null);ae.relevance>0&&(eo+=Ft.relevance),Sn.__addSublanguage(Ft._emitter,Ft.language)}function Hn(){ae.subLanguage!=null?Zs():jr(),Xe=""}function er(Ft,te){Ft!==""&&(Sn.startScope(te),Sn.addText(Ft),Sn.endScope())}function Zc(Ft,te){let ye=1;const Me=te.length-1;for(;ye<=Me;){if(!Ft._emit[ye]){ye++;continue}const Ln=mr.classNameAliases[Ft[ye]]||Ft[ye],Jr=te[ye];Ln?er(Jr,Ln):(Xe=Jr,jr(),Xe=""),ye++}}function hl(Ft,te){return Ft.scope&&typeof Ft.scope=="string"&&Sn.openNode(mr.classNameAliases[Ft.scope]||Ft.scope),Ft.beginScope&&(Ft.beginScope._wrap?(er(Xe,mr.classNameAliases[Ft.beginScope._wrap]||Ft.beginScope._wrap),Xe=""):Ft.beginScope._multi&&(Zc(Ft.beginScope,te),Xe="")),ae=Object.create(Ft,{parent:{value:ae}}),ae}function Qs(Ft,te,ye){let Me=W(Ft.endRe,ye);if(Me){if(Ft["on:end"]){const Ln=new e(Ft);Ft["on:end"](te,Ln),Ln.isMatchIgnored&&(Me=!1)}if(Me){for(;Ft.endsParent&&Ft.parent;)Ft=Ft.parent;return Ft}}if(Ft.endsWithParent)return Qs(Ft.parent,te,ye)}function Qc(Ft){return ae.matcher.regexIndex===0?(Xe+=Ft[0],1):(Jo=!0,0)}function ip(Ft){const te=Ft[0],ye=Ft.rule,Me=new e(ye),Ln=[ye.__beforeBegin,ye["on:begin"]];for(const Jr of Ln)if(Jr&&(Jr(Ft,Me),Me.isMatchIgnored))return Qc(te);return ye.skip?Xe+=te:(ye.excludeBegin&&(Xe+=te),Hn(),!ye.returnBegin&&!ye.excludeBegin&&(Xe=te)),hl(ye,Ft),ye.returnBegin?0:te.length}function tu(Ft){const te=Ft[0],ye=ne.substring(Ft.index),Me=Qs(ae,Ft,ye);if(!Me)return Nn;const Ln=ae;ae.endScope&&ae.endScope._wrap?(Hn(),er(te,ae.endScope._wrap)):ae.endScope&&ae.endScope._multi?(Hn(),Zc(ae.endScope,Ft)):Ln.skip?Xe+=te:(Ln.returnEnd||Ln.excludeEnd||(Xe+=te),Hn(),Ln.excludeEnd&&(Xe=te));do ae.scope&&Sn.closeNode(),!ae.skip&&!ae.subLanguage&&(eo+=ae.relevance),ae=ae.parent;while(ae!==Me.parent);return Me.starts&&hl(Me.starts,Ft),Ln.returnEnd?0:te.length}function eu(){const Ft=[];for(let te=ae;te!==mr;te=te.parent)te.scope&&Ft.unshift(te.scope);Ft.forEach(te=>Sn.openNode(te))}let Ts={};function nu(Ft,te){const ye=te&&te[0];if(Xe+=Ft,ye==null)return Hn(),0;if(Ts.type==="begin"&&te.type==="end"&&Ts.index===te.index&&ye===""){if(Xe+=ne.slice(te.index,te.index+1),!je){const Me=new Error(`0 width match regex (${Mt})`);throw Me.languageName=Mt,Me.badRule=Ts.rule,Me}return 1}if(Ts=te,te.type==="begin")return ip(te);if(te.type==="illegal"&&!xe){const Me=new Error('Illegal lexeme "'+ye+'" for mode "'+(ae.scope||"<unnamed>")+'"');throw Me.mode=ae,Me}else if(te.type==="end"){const Me=tu(te);if(Me!==Nn)return Me}if(te.type==="illegal"&&ye==="")return Xe+=`
`,1;if(jo>1e5&&jo>te.index*3)throw new Error("potential infinite loop, way more iterations than matches");return Xe+=ye,ye.length}const mr=di(Mt);if(!mr)throw $t(ze.replace("{}",Mt)),new Error('Unknown language: "'+Mt+'"');const ml=pr(mr);let to="",ae=Ke||ml;const _l={},Sn=new Xt.__emitter(Xt);eu();let Xe="",eo=0,fi=0,jo=0,Jo=!1;try{if(mr.__emitTokens)mr.__emitTokens(ne,Sn);else{for(ae.matcher.considerAll();;){jo++,Jo?Jo=!1:ae.matcher.considerAll(),ae.matcher.lastIndex=fi;const Ft=ae.matcher.exec(ne);if(!Ft)break;const te=ne.substring(fi,Ft.index),ye=nu(te,Ft);fi=Ft.index+ye}nu(ne.substring(fi))}return Sn.finalize(),to=Sn.toHTML(),{language:Mt,value:to,relevance:eo,illegal:!1,_emitter:Sn,_top:ae}}catch(Ft){if(Ft.message&&Ft.message.includes("Illegal"))return{language:Mt,value:Re(ne),illegal:!0,relevance:0,_illegalBy:{message:Ft.message,index:fi,context:ne.slice(fi-100,fi+100),mode:Ft.mode,resultSoFar:to},_emitter:Sn};if(je)return{language:Mt,value:Re(ne),illegal:!1,relevance:0,errorRaised:Ft,_emitter:Sn,_top:ae};throw Ft}}function dl(Mt){const ne={value:Re(Mt),illegal:!1,relevance:0,_top:Zt,_emitter:new Xt.__emitter(Xt)};return ne._emitter.addText(Mt),ne}function fl(Mt,ne){ne=ne||Xt.languages||Object.keys(gt);const xe=dl(Mt),Ke=ne.filter(di).filter(jc).map(Hn=>js(Hn,Mt,!1));Ke.unshift(xe);const _n=Ke.sort((Hn,er)=>{if(Hn.relevance!==er.relevance)return er.relevance-Hn.relevance;if(Hn.language&&er.language){if(di(Hn.language).supersetOf===er.language)return 1;if(di(er.language).supersetOf===Hn.language)return-1}return 0}),[hr,jr]=_n,Zs=hr;return Zs.secondBest=jr,Zs}function jf(Mt,ne,xe){const Ke=ne&&Wt[ne]||xe;Mt.classList.add("hljs"),Mt.classList.add(`language-${Ke}`)}function pl(Mt){let ne=null;const xe=dn(Mt);if(de(xe))return;if(qo("before:highlightElement",{el:Mt,language:xe}),Mt.dataset.highlighted){console.log("Element previously highlighted. To highlight again, first unset `dataset.highlighted`.",Mt);return}if(Mt.children.length>0&&(Xt.ignoreUnescapedHTML||(console.warn("One of your code blocks includes unescaped HTML. This is a potentially serious security risk."),console.warn("https://github.com/highlightjs/highlight.js/wiki/security"),console.warn("The element with unescaped HTML:"),console.warn(Mt)),Xt.throwUnescapedHTML))throw new Ne("One of your code blocks includes unescaped HTML.",Mt.innerHTML);ne=Mt;const Ke=ne.textContent,_n=xe?fn(Ke,{language:xe,ignoreIllegals:!0}):fl(Ke);Mt.innerHTML=_n.value,Mt.dataset.highlighted="yes",jf(Mt,xe,_n.language),Mt.result={language:_n.language,re:_n.relevance,relevance:_n.relevance},_n.secondBest&&(Mt.secondBest={language:_n.secondBest.language,relevance:_n.secondBest.relevance}),qo("after:highlightElement",{el:Mt,result:_n,text:Ke})}function Jf(Mt){Xt=vn(Xt,Mt)}const Zf=()=>{Xo(),se("10.6.0","initHighlighting() deprecated.  Use highlightAll() now.")};function Yc(){Xo(),se("10.6.0","initHighlightingOnLoad() deprecated.  Use highlightAll() now.")}let qc=!1;function Xo(){function Mt(){Xo()}if(document.readyState==="loading"){qc||window.addEventListener("DOMContentLoaded",Mt,!1),qc=!0;return}document.querySelectorAll(Xt.cssSelector).forEach(pl)}function Qf(Mt,ne){let xe=null;try{xe=ne(F)}catch(Ke){if($t("Language definition for '{}' could not be registered.".replace("{}",Mt)),je)$t(Ke);else throw Ke;xe=Zt}xe.name||(xe.name=Mt),gt[Mt]=xe,xe.rawDefinition=ne.bind(null,F),xe.aliases&&Js(xe.aliases,{languageName:Mt})}function tp(Mt){delete gt[Mt];for(const ne of Object.keys(Wt))Wt[ne]===Mt&&delete Wt[ne]}function ep(){return Object.keys(gt)}function di(Mt){return Mt=(Mt||"").toLowerCase(),gt[Mt]||gt[Wt[Mt]]}function Js(Mt,{languageName:ne}){typeof Mt=="string"&&(Mt=[Mt]),Mt.forEach(xe=>{Wt[xe.toLowerCase()]=ne})}function jc(Mt){const ne=di(Mt);return ne&&!ne.disableAutodetect}function Yo(Mt){Mt["before:highlightBlock"]&&!Mt["before:highlightElement"]&&(Mt["before:highlightElement"]=ne=>{Mt["before:highlightBlock"](Object.assign({block:ne.el},ne))}),Mt["after:highlightBlock"]&&!Mt["after:highlightElement"]&&(Mt["after:highlightElement"]=ne=>{Mt["after:highlightBlock"](Object.assign({block:ne.el},ne))})}function np(Mt){Yo(Mt),ue.push(Mt)}function rp(Mt){const ne=ue.indexOf(Mt);ne!==-1&&ue.splice(ne,1)}function qo(Mt,ne){const xe=Mt;ue.forEach(function(Ke){Ke[xe]&&Ke[xe](ne)})}function Jc(Mt){return se("10.7.0","highlightBlock will be removed entirely in v12.0"),se("10.7.0","Please use highlightElement now."),pl(Mt)}Object.assign(F,{highlight:fn,highlightAuto:fl,highlightAll:Xo,highlightElement:pl,highlightBlock:Jc,configure:Jf,initHighlighting:Zf,initHighlightingOnLoad:Yc,registerLanguage:Qf,unregisterLanguage:tp,listLanguages:ep,getLanguage:di,registerAliases:Js,autoDetection:jc,inherit:vn,addPlugin:np,removePlugin:rp}),F.debugMode=function(){je=!1},F.safeMode=function(){je=!0},F.versionString=jt,F.regex={concat:b,lookahead:S,either:C,optional:T,anyNumberOfTimes:R};for(const Mt in Ot)typeof Ot[Mt]=="object"&&t(Ot[Mt]);return Object.assign(F,Ot),F},Mn=gs({});return Mn.newInstance=()=>gs({}),e0=Mn,Mn.HighlightJS=Mn,Mn.default=Mn,e0}var s7=i7();const Kf=D_(s7);function o7(t){const e=t.COMMENT("--","$"),n="[a-zA-Z_][a-zA-Z_0-9$]*",r="\\$([a-zA-Z_]?|[a-zA-Z_][a-zA-Z_0-9]*)\\$",i="<<\\s*"+n+"\\s*>>",o="ABORT ALTER ANALYZE BEGIN CALL CHECKPOINT|10 CLOSE CLUSTER COMMENT COMMIT COPY CREATE DEALLOCATE DECLARE DELETE DISCARD DO DROP END EXECUTE EXPLAIN FETCH GRANT IMPORT INSERT LISTEN LOAD LOCK MOVE NOTIFY PREPARE REASSIGN|10 REFRESH REINDEX RELEASE RESET REVOKE ROLLBACK SAVEPOINT SECURITY SELECT SET SHOW START TRUNCATE UNLISTEN|10 UPDATE VACUUM|10 VALUES AGGREGATE COLLATION CONVERSION|10 DATABASE DEFAULT PRIVILEGES DOMAIN TRIGGER EXTENSION FOREIGN WRAPPER|10 TABLE FUNCTION GROUP LANGUAGE LARGE OBJECT MATERIALIZED VIEW OPERATOR CLASS FAMILY POLICY PUBLICATION|10 ROLE RULE SCHEMA SEQUENCE SERVER STATISTICS SUBSCRIPTION SYSTEM TABLESPACE CONFIGURATION DICTIONARY PARSER TEMPLATE TYPE USER MAPPING PREPARED ACCESS METHOD CAST AS TRANSFORM TRANSACTION OWNED TO INTO SESSION AUTHORIZATION INDEX PROCEDURE ASSERTION ALL ANALYSE AND ANY ARRAY ASC ASYMMETRIC|10 BOTH CASE CHECK COLLATE COLUMN CONCURRENTLY|10 CONSTRAINT CROSS DEFERRABLE RANGE DESC DISTINCT ELSE EXCEPT FOR FREEZE|10 FROM FULL HAVING ILIKE IN INITIALLY INNER INTERSECT IS ISNULL JOIN LATERAL LEADING LIKE LIMIT NATURAL NOT NOTNULL NULL OFFSET ON ONLY OR ORDER OUTER OVERLAPS PLACING PRIMARY REFERENCES RETURNING SIMILAR SOME SYMMETRIC TABLESAMPLE THEN TRAILING UNION UNIQUE USING VARIADIC|10 VERBOSE WHEN WHERE WINDOW WITH BY RETURNS INOUT OUT SETOF|10 IF STRICT CURRENT CONTINUE OWNER LOCATION OVER PARTITION WITHIN BETWEEN ESCAPE EXTERNAL INVOKER DEFINER WORK RENAME VERSION CONNECTION CONNECT TABLES TEMP TEMPORARY FUNCTIONS SEQUENCES TYPES SCHEMAS OPTION CASCADE RESTRICT ADD ADMIN EXISTS VALID VALIDATE ENABLE DISABLE REPLICA|10 ALWAYS PASSING COLUMNS PATH REF VALUE OVERRIDING IMMUTABLE STABLE VOLATILE BEFORE AFTER EACH ROW PROCEDURAL ROUTINE NO HANDLER VALIDATOR OPTIONS STORAGE OIDS|10 WITHOUT INHERIT DEPENDS CALLED INPUT LEAKPROOF|10 COST ROWS NOWAIT SEARCH UNTIL ENCRYPTED|10 PASSWORD CONFLICT|10 INSTEAD INHERITS CHARACTERISTICS WRITE CURSOR ALSO STATEMENT SHARE EXCLUSIVE INLINE ISOLATION REPEATABLE READ COMMITTED SERIALIZABLE UNCOMMITTED LOCAL GLOBAL SQL PROCEDURES RECURSIVE SNAPSHOT ROLLUP CUBE TRUSTED|10 INCLUDE FOLLOWING PRECEDING UNBOUNDED RANGE GROUPS UNENCRYPTED|10 SYSID FORMAT DELIMITER HEADER QUOTE ENCODING FILTER OFF FORCE_QUOTE FORCE_NOT_NULL FORCE_NULL COSTS BUFFERS TIMING SUMMARY DISABLE_PAGE_SKIPPING RESTART CYCLE GENERATED IDENTITY DEFERRED IMMEDIATE LEVEL LOGGED UNLOGGED OF NOTHING NONE EXCLUDE ATTRIBUTE USAGE ROUTINES TRUE FALSE NAN INFINITY ",a="SUPERUSER NOSUPERUSER CREATEDB NOCREATEDB CREATEROLE NOCREATEROLE INHERIT NOINHERIT LOGIN NOLOGIN REPLICATION NOREPLICATION BYPASSRLS NOBYPASSRLS ",c="ALIAS BEGIN CONSTANT DECLARE END EXCEPTION RETURN PERFORM|10 RAISE GET DIAGNOSTICS STACKED|10 FOREACH LOOP ELSIF EXIT WHILE REVERSE SLICE DEBUG LOG INFO NOTICE WARNING ASSERT OPEN ",u="BIGINT INT8 BIGSERIAL SERIAL8 BIT VARYING VARBIT BOOLEAN BOOL BOX BYTEA CHARACTER CHAR VARCHAR CIDR CIRCLE DATE DOUBLE PRECISION FLOAT8 FLOAT INET INTEGER INT INT4 INTERVAL JSON JSONB LINE LSEG|10 MACADDR MACADDR8 MONEY NUMERIC DEC DECIMAL PATH POINT POLYGON REAL FLOAT4 SMALLINT INT2 SMALLSERIAL|10 SERIAL2|10 SERIAL|10 SERIAL4|10 TEXT TIME ZONE TIMETZ|10 TIMESTAMP TIMESTAMPTZ|10 TSQUERY|10 TSVECTOR|10 TXID_SNAPSHOT|10 UUID XML NATIONAL NCHAR INT4RANGE|10 INT8RANGE|10 NUMRANGE|10 TSRANGE|10 TSTZRANGE|10 DATERANGE|10 ANYELEMENT ANYARRAY ANYNONARRAY ANYENUM ANYRANGE CSTRING INTERNAL RECORD PG_DDL_COMMAND VOID UNKNOWN OPAQUE REFCURSOR NAME OID REGPROC|10 REGPROCEDURE|10 REGOPER|10 REGOPERATOR|10 REGCLASS|10 REGTYPE|10 REGROLE|10 REGNAMESPACE|10 REGCONFIG|10 REGDICTIONARY|10 ",p=u.trim().split(" ").map(function(b){return b.split("|")[0]}).join("|"),d="CURRENT_TIME CURRENT_TIMESTAMP CURRENT_USER CURRENT_CATALOG|10 CURRENT_DATE LOCALTIME LOCALTIMESTAMP CURRENT_ROLE|10 CURRENT_SCHEMA|10 SESSION_USER PUBLIC ",_="FOUND NEW OLD TG_NAME|10 TG_WHEN|10 TG_LEVEL|10 TG_OP|10 TG_RELID|10 TG_RELNAME|10 TG_TABLE_NAME|10 TG_TABLE_SCHEMA|10 TG_NARGS|10 TG_ARGV|10 TG_EVENT|10 TG_TAG|10 ROW_COUNT RESULT_OID|10 PG_CONTEXT|10 RETURNED_SQLSTATE COLUMN_NAME CONSTRAINT_NAME PG_DATATYPE_NAME|10 MESSAGE_TEXT TABLE_NAME SCHEMA_NAME PG_EXCEPTION_DETAIL|10 PG_EXCEPTION_HINT|10 PG_EXCEPTION_CONTEXT|10 ",S="SQLSTATE SQLERRM|10 SUCCESSFUL_COMPLETION WARNING DYNAMIC_RESULT_SETS_RETURNED IMPLICIT_ZERO_BIT_PADDING NULL_VALUE_ELIMINATED_IN_SET_FUNCTION PRIVILEGE_NOT_GRANTED PRIVILEGE_NOT_REVOKED STRING_DATA_RIGHT_TRUNCATION DEPRECATED_FEATURE NO_DATA NO_ADDITIONAL_DYNAMIC_RESULT_SETS_RETURNED SQL_STATEMENT_NOT_YET_COMPLETE CONNECTION_EXCEPTION CONNECTION_DOES_NOT_EXIST CONNECTION_FAILURE SQLCLIENT_UNABLE_TO_ESTABLISH_SQLCONNECTION SQLSERVER_REJECTED_ESTABLISHMENT_OF_SQLCONNECTION TRANSACTION_RESOLUTION_UNKNOWN PROTOCOL_VIOLATION TRIGGERED_ACTION_EXCEPTION FEATURE_NOT_SUPPORTED INVALID_TRANSACTION_INITIATION LOCATOR_EXCEPTION INVALID_LOCATOR_SPECIFICATION INVALID_GRANTOR INVALID_GRANT_OPERATION INVALID_ROLE_SPECIFICATION DIAGNOSTICS_EXCEPTION STACKED_DIAGNOSTICS_ACCESSED_WITHOUT_ACTIVE_HANDLER CASE_NOT_FOUND CARDINALITY_VIOLATION DATA_EXCEPTION ARRAY_SUBSCRIPT_ERROR CHARACTER_NOT_IN_REPERTOIRE DATETIME_FIELD_OVERFLOW DIVISION_BY_ZERO ERROR_IN_ASSIGNMENT ESCAPE_CHARACTER_CONFLICT INDICATOR_OVERFLOW INTERVAL_FIELD_OVERFLOW INVALID_ARGUMENT_FOR_LOGARITHM INVALID_ARGUMENT_FOR_NTILE_FUNCTION INVALID_ARGUMENT_FOR_NTH_VALUE_FUNCTION INVALID_ARGUMENT_FOR_POWER_FUNCTION INVALID_ARGUMENT_FOR_WIDTH_BUCKET_FUNCTION INVALID_CHARACTER_VALUE_FOR_CAST INVALID_DATETIME_FORMAT INVALID_ESCAPE_CHARACTER INVALID_ESCAPE_OCTET INVALID_ESCAPE_SEQUENCE NONSTANDARD_USE_OF_ESCAPE_CHARACTER INVALID_INDICATOR_PARAMETER_VALUE INVALID_PARAMETER_VALUE INVALID_REGULAR_EXPRESSION INVALID_ROW_COUNT_IN_LIMIT_CLAUSE INVALID_ROW_COUNT_IN_RESULT_OFFSET_CLAUSE INVALID_TABLESAMPLE_ARGUMENT INVALID_TABLESAMPLE_REPEAT INVALID_TIME_ZONE_DISPLACEMENT_VALUE INVALID_USE_OF_ESCAPE_CHARACTER MOST_SPECIFIC_TYPE_MISMATCH NULL_VALUE_NOT_ALLOWED NULL_VALUE_NO_INDICATOR_PARAMETER NUMERIC_VALUE_OUT_OF_RANGE SEQUENCE_GENERATOR_LIMIT_EXCEEDED STRING_DATA_LENGTH_MISMATCH STRING_DATA_RIGHT_TRUNCATION SUBSTRING_ERROR TRIM_ERROR UNTERMINATED_C_STRING ZERO_LENGTH_CHARACTER_STRING FLOATING_POINT_EXCEPTION INVALID_TEXT_REPRESENTATION INVALID_BINARY_REPRESENTATION BAD_COPY_FILE_FORMAT UNTRANSLATABLE_CHARACTER NOT_AN_XML_DOCUMENT INVALID_XML_DOCUMENT INVALID_XML_CONTENT INVALID_XML_COMMENT INVALID_XML_PROCESSING_INSTRUCTION INTEGRITY_CONSTRAINT_VIOLATION RESTRICT_VIOLATION NOT_NULL_VIOLATION FOREIGN_KEY_VIOLATION UNIQUE_VIOLATION CHECK_VIOLATION EXCLUSION_VIOLATION INVALID_CURSOR_STATE INVALID_TRANSACTION_STATE ACTIVE_SQL_TRANSACTION BRANCH_TRANSACTION_ALREADY_ACTIVE HELD_CURSOR_REQUIRES_SAME_ISOLATION_LEVEL INAPPROPRIATE_ACCESS_MODE_FOR_BRANCH_TRANSACTION INAPPROPRIATE_ISOLATION_LEVEL_FOR_BRANCH_TRANSACTION NO_ACTIVE_SQL_TRANSACTION_FOR_BRANCH_TRANSACTION READ_ONLY_SQL_TRANSACTION SCHEMA_AND_DATA_STATEMENT_MIXING_NOT_SUPPORTED NO_ACTIVE_SQL_TRANSACTION IN_FAILED_SQL_TRANSACTION IDLE_IN_TRANSACTION_SESSION_TIMEOUT INVALID_SQL_STATEMENT_NAME TRIGGERED_DATA_CHANGE_VIOLATION INVALID_AUTHORIZATION_SPECIFICATION INVALID_PASSWORD DEPENDENT_PRIVILEGE_DESCRIPTORS_STILL_EXIST DEPENDENT_OBJECTS_STILL_EXIST INVALID_TRANSACTION_TERMINATION SQL_ROUTINE_EXCEPTION FUNCTION_EXECUTED_NO_RETURN_STATEMENT MODIFYING_SQL_DATA_NOT_PERMITTED PROHIBITED_SQL_STATEMENT_ATTEMPTED READING_SQL_DATA_NOT_PERMITTED INVALID_CURSOR_NAME EXTERNAL_ROUTINE_EXCEPTION CONTAINING_SQL_NOT_PERMITTED MODIFYING_SQL_DATA_NOT_PERMITTED PROHIBITED_SQL_STATEMENT_ATTEMPTED READING_SQL_DATA_NOT_PERMITTED EXTERNAL_ROUTINE_INVOCATION_EXCEPTION INVALID_SQLSTATE_RETURNED NULL_VALUE_NOT_ALLOWED TRIGGER_PROTOCOL_VIOLATED SRF_PROTOCOL_VIOLATED EVENT_TRIGGER_PROTOCOL_VIOLATED SAVEPOINT_EXCEPTION INVALID_SAVEPOINT_SPECIFICATION INVALID_CATALOG_NAME INVALID_SCHEMA_NAME TRANSACTION_ROLLBACK TRANSACTION_INTEGRITY_CONSTRAINT_VIOLATION SERIALIZATION_FAILURE STATEMENT_COMPLETION_UNKNOWN DEADLOCK_DETECTED SYNTAX_ERROR_OR_ACCESS_RULE_VIOLATION SYNTAX_ERROR INSUFFICIENT_PRIVILEGE CANNOT_COERCE GROUPING_ERROR WINDOWING_ERROR INVALID_RECURSION INVALID_FOREIGN_KEY INVALID_NAME NAME_TOO_LONG RESERVED_NAME DATATYPE_MISMATCH INDETERMINATE_DATATYPE COLLATION_MISMATCH INDETERMINATE_COLLATION WRONG_OBJECT_TYPE GENERATED_ALWAYS UNDEFINED_COLUMN UNDEFINED_FUNCTION UNDEFINED_TABLE UNDEFINED_PARAMETER UNDEFINED_OBJECT DUPLICATE_COLUMN DUPLICATE_CURSOR DUPLICATE_DATABASE DUPLICATE_FUNCTION DUPLICATE_PREPARED_STATEMENT DUPLICATE_SCHEMA DUPLICATE_TABLE DUPLICATE_ALIAS DUPLICATE_OBJECT AMBIGUOUS_COLUMN AMBIGUOUS_FUNCTION AMBIGUOUS_PARAMETER AMBIGUOUS_ALIAS INVALID_COLUMN_REFERENCE INVALID_COLUMN_DEFINITION INVALID_CURSOR_DEFINITION INVALID_DATABASE_DEFINITION INVALID_FUNCTION_DEFINITION INVALID_PREPARED_STATEMENT_DEFINITION INVALID_SCHEMA_DEFINITION INVALID_TABLE_DEFINITION INVALID_OBJECT_DEFINITION WITH_CHECK_OPTION_VIOLATION INSUFFICIENT_RESOURCES DISK_FULL OUT_OF_MEMORY TOO_MANY_CONNECTIONS CONFIGURATION_LIMIT_EXCEEDED PROGRAM_LIMIT_EXCEEDED STATEMENT_TOO_COMPLEX TOO_MANY_COLUMNS TOO_MANY_ARGUMENTS OBJECT_NOT_IN_PREREQUISITE_STATE OBJECT_IN_USE CANT_CHANGE_RUNTIME_PARAM LOCK_NOT_AVAILABLE OPERATOR_INTERVENTION QUERY_CANCELED ADMIN_SHUTDOWN CRASH_SHUTDOWN CANNOT_CONNECT_NOW DATABASE_DROPPED SYSTEM_ERROR IO_ERROR UNDEFINED_FILE DUPLICATE_FILE SNAPSHOT_TOO_OLD CONFIG_FILE_ERROR LOCK_FILE_EXISTS FDW_ERROR FDW_COLUMN_NAME_NOT_FOUND FDW_DYNAMIC_PARAMETER_VALUE_NEEDED FDW_FUNCTION_SEQUENCE_ERROR FDW_INCONSISTENT_DESCRIPTOR_INFORMATION FDW_INVALID_ATTRIBUTE_VALUE FDW_INVALID_COLUMN_NAME FDW_INVALID_COLUMN_NUMBER FDW_INVALID_DATA_TYPE FDW_INVALID_DATA_TYPE_DESCRIPTORS FDW_INVALID_DESCRIPTOR_FIELD_IDENTIFIER FDW_INVALID_HANDLE FDW_INVALID_OPTION_INDEX FDW_INVALID_OPTION_NAME FDW_INVALID_STRING_LENGTH_OR_BUFFER_LENGTH FDW_INVALID_STRING_FORMAT FDW_INVALID_USE_OF_NULL_POINTER FDW_TOO_MANY_HANDLES FDW_OUT_OF_MEMORY FDW_NO_SCHEMAS FDW_OPTION_NAME_NOT_FOUND FDW_REPLY_HANDLE FDW_SCHEMA_NOT_FOUND FDW_TABLE_NOT_FOUND FDW_UNABLE_TO_CREATE_EXECUTION FDW_UNABLE_TO_CREATE_REPLY FDW_UNABLE_TO_ESTABLISH_CONNECTION PLPGSQL_ERROR RAISE_EXCEPTION NO_DATA_FOUND TOO_MANY_ROWS ASSERT_FAILURE INTERNAL_ERROR DATA_CORRUPTED INDEX_CORRUPTED ",T="ARRAY_AGG AVG BIT_AND BIT_OR BOOL_AND BOOL_OR COUNT EVERY JSON_AGG JSONB_AGG JSON_OBJECT_AGG JSONB_OBJECT_AGG MAX MIN MODE STRING_AGG SUM XMLAGG CORR COVAR_POP COVAR_SAMP REGR_AVGX REGR_AVGY REGR_COUNT REGR_INTERCEPT REGR_R2 REGR_SLOPE REGR_SXX REGR_SXY REGR_SYY STDDEV STDDEV_POP STDDEV_SAMP VARIANCE VAR_POP VAR_SAMP PERCENTILE_CONT PERCENTILE_DISC ROW_NUMBER RANK DENSE_RANK PERCENT_RANK CUME_DIST NTILE LAG LEAD FIRST_VALUE LAST_VALUE NTH_VALUE NUM_NONNULLS NUM_NULLS ABS CBRT CEIL CEILING DEGREES DIV EXP FLOOR LN LOG MOD PI POWER RADIANS ROUND SCALE SIGN SQRT TRUNC WIDTH_BUCKET RANDOM SETSEED ACOS ACOSD ASIN ASIND ATAN ATAND ATAN2 ATAN2D COS COSD COT COTD SIN SIND TAN TAND BIT_LENGTH CHAR_LENGTH CHARACTER_LENGTH LOWER OCTET_LENGTH OVERLAY POSITION SUBSTRING TREAT TRIM UPPER ASCII BTRIM CHR CONCAT CONCAT_WS CONVERT CONVERT_FROM CONVERT_TO DECODE ENCODE INITCAP LEFT LENGTH LPAD LTRIM MD5 PARSE_IDENT PG_CLIENT_ENCODING QUOTE_IDENT|10 QUOTE_LITERAL|10 QUOTE_NULLABLE|10 REGEXP_MATCH REGEXP_MATCHES REGEXP_REPLACE REGEXP_SPLIT_TO_ARRAY REGEXP_SPLIT_TO_TABLE REPEAT REPLACE REVERSE RIGHT RPAD RTRIM SPLIT_PART STRPOS SUBSTR TO_ASCII TO_HEX TRANSLATE OCTET_LENGTH GET_BIT GET_BYTE SET_BIT SET_BYTE TO_CHAR TO_DATE TO_NUMBER TO_TIMESTAMP AGE CLOCK_TIMESTAMP|10 DATE_PART DATE_TRUNC ISFINITE JUSTIFY_DAYS JUSTIFY_HOURS JUSTIFY_INTERVAL MAKE_DATE MAKE_INTERVAL|10 MAKE_TIME MAKE_TIMESTAMP|10 MAKE_TIMESTAMPTZ|10 NOW STATEMENT_TIMESTAMP|10 TIMEOFDAY TRANSACTION_TIMESTAMP|10 ENUM_FIRST ENUM_LAST ENUM_RANGE AREA CENTER DIAMETER HEIGHT ISCLOSED ISOPEN NPOINTS PCLOSE POPEN RADIUS WIDTH BOX BOUND_BOX CIRCLE LINE LSEG PATH POLYGON ABBREV BROADCAST HOST HOSTMASK MASKLEN NETMASK NETWORK SET_MASKLEN TEXT INET_SAME_FAMILY INET_MERGE MACADDR8_SET7BIT ARRAY_TO_TSVECTOR GET_CURRENT_TS_CONFIG NUMNODE PLAINTO_TSQUERY PHRASETO_TSQUERY WEBSEARCH_TO_TSQUERY QUERYTREE SETWEIGHT STRIP TO_TSQUERY TO_TSVECTOR JSON_TO_TSVECTOR JSONB_TO_TSVECTOR TS_DELETE TS_FILTER TS_HEADLINE TS_RANK TS_RANK_CD TS_REWRITE TSQUERY_PHRASE TSVECTOR_TO_ARRAY TSVECTOR_UPDATE_TRIGGER TSVECTOR_UPDATE_TRIGGER_COLUMN XMLCOMMENT XMLCONCAT XMLELEMENT XMLFOREST XMLPI XMLROOT XMLEXISTS XML_IS_WELL_FORMED XML_IS_WELL_FORMED_DOCUMENT XML_IS_WELL_FORMED_CONTENT XPATH XPATH_EXISTS XMLTABLE XMLNAMESPACES TABLE_TO_XML TABLE_TO_XMLSCHEMA TABLE_TO_XML_AND_XMLSCHEMA QUERY_TO_XML QUERY_TO_XMLSCHEMA QUERY_TO_XML_AND_XMLSCHEMA CURSOR_TO_XML CURSOR_TO_XMLSCHEMA SCHEMA_TO_XML SCHEMA_TO_XMLSCHEMA SCHEMA_TO_XML_AND_XMLSCHEMA DATABASE_TO_XML DATABASE_TO_XMLSCHEMA DATABASE_TO_XML_AND_XMLSCHEMA XMLATTRIBUTES TO_JSON TO_JSONB ARRAY_TO_JSON ROW_TO_JSON JSON_BUILD_ARRAY JSONB_BUILD_ARRAY JSON_BUILD_OBJECT JSONB_BUILD_OBJECT JSON_OBJECT JSONB_OBJECT JSON_ARRAY_LENGTH JSONB_ARRAY_LENGTH JSON_EACH JSONB_EACH JSON_EACH_TEXT JSONB_EACH_TEXT JSON_EXTRACT_PATH JSONB_EXTRACT_PATH JSON_OBJECT_KEYS JSONB_OBJECT_KEYS JSON_POPULATE_RECORD JSONB_POPULATE_RECORD JSON_POPULATE_RECORDSET JSONB_POPULATE_RECORDSET JSON_ARRAY_ELEMENTS JSONB_ARRAY_ELEMENTS JSON_ARRAY_ELEMENTS_TEXT JSONB_ARRAY_ELEMENTS_TEXT JSON_TYPEOF JSONB_TYPEOF JSON_TO_RECORD JSONB_TO_RECORD JSON_TO_RECORDSET JSONB_TO_RECORDSET JSON_STRIP_NULLS JSONB_STRIP_NULLS JSONB_SET JSONB_INSERT JSONB_PRETTY CURRVAL LASTVAL NEXTVAL SETVAL COALESCE NULLIF GREATEST LEAST ARRAY_APPEND ARRAY_CAT ARRAY_NDIMS ARRAY_DIMS ARRAY_FILL ARRAY_LENGTH ARRAY_LOWER ARRAY_POSITION ARRAY_POSITIONS ARRAY_PREPEND ARRAY_REMOVE ARRAY_REPLACE ARRAY_TO_STRING ARRAY_UPPER CARDINALITY STRING_TO_ARRAY UNNEST ISEMPTY LOWER_INC UPPER_INC LOWER_INF UPPER_INF RANGE_MERGE GENERATE_SERIES GENERATE_SUBSCRIPTS CURRENT_DATABASE CURRENT_QUERY CURRENT_SCHEMA|10 CURRENT_SCHEMAS|10 INET_CLIENT_ADDR INET_CLIENT_PORT INET_SERVER_ADDR INET_SERVER_PORT ROW_SECURITY_ACTIVE FORMAT_TYPE TO_REGCLASS TO_REGPROC TO_REGPROCEDURE TO_REGOPER TO_REGOPERATOR TO_REGTYPE TO_REGNAMESPACE TO_REGROLE COL_DESCRIPTION OBJ_DESCRIPTION SHOBJ_DESCRIPTION TXID_CURRENT TXID_CURRENT_IF_ASSIGNED TXID_CURRENT_SNAPSHOT TXID_SNAPSHOT_XIP TXID_SNAPSHOT_XMAX TXID_SNAPSHOT_XMIN TXID_VISIBLE_IN_SNAPSHOT TXID_STATUS CURRENT_SETTING SET_CONFIG BRIN_SUMMARIZE_NEW_VALUES BRIN_SUMMARIZE_RANGE BRIN_DESUMMARIZE_RANGE GIN_CLEAN_PENDING_LIST SUPPRESS_REDUNDANT_UPDATES_TRIGGER LO_FROM_BYTEA LO_PUT LO_GET LO_CREAT LO_CREATE LO_UNLINK LO_IMPORT LO_EXPORT LOREAD LOWRITE GROUPING CAST ".trim().split(" ").map(function(b){return b.split("|")[0]}).join("|");return{name:"PostgreSQL",aliases:["postgres","postgresql"],supersetOf:"sql",case_insensitive:!0,keywords:{keyword:o+c+a,built_in:d+_+S},illegal:/:==|\W\s*\(\*|(^|\s)\$[a-z]|\{\{|[a-z]:\s*$|\.\.\.|TO:|DO:/,contains:[{className:"keyword",variants:[{begin:/\bTEXT\s*SEARCH\b/},{begin:/\b(PRIMARY|FOREIGN|FOR(\s+NO)?)\s+KEY\b/},{begin:/\bPARALLEL\s+(UNSAFE|RESTRICTED|SAFE)\b/},{begin:/\bSTORAGE\s+(PLAIN|EXTERNAL|EXTENDED|MAIN)\b/},{begin:/\bMATCH\s+(FULL|PARTIAL|SIMPLE)\b/},{begin:/\bNULLS\s+(FIRST|LAST)\b/},{begin:/\bEVENT\s+TRIGGER\b/},{begin:/\b(MAPPING|OR)\s+REPLACE\b/},{begin:/\b(FROM|TO)\s+(PROGRAM|STDIN|STDOUT)\b/},{begin:/\b(SHARE|EXCLUSIVE)\s+MODE\b/},{begin:/\b(LEFT|RIGHT)\s+(OUTER\s+)?JOIN\b/},{begin:/\b(FETCH|MOVE)\s+(NEXT|PRIOR|FIRST|LAST|ABSOLUTE|RELATIVE|FORWARD|BACKWARD)\b/},{begin:/\bPRESERVE\s+ROWS\b/},{begin:/\bDISCARD\s+PLANS\b/},{begin:/\bREFERENCING\s+(OLD|NEW)\b/},{begin:/\bSKIP\s+LOCKED\b/},{begin:/\bGROUPING\s+SETS\b/},{begin:/\b(BINARY|INSENSITIVE|SCROLL|NO\s+SCROLL)\s+(CURSOR|FOR)\b/},{begin:/\b(WITH|WITHOUT)\s+HOLD\b/},{begin:/\bWITH\s+(CASCADED|LOCAL)\s+CHECK\s+OPTION\b/},{begin:/\bEXCLUDE\s+(TIES|NO\s+OTHERS)\b/},{begin:/\bFORMAT\s+(TEXT|XML|JSON|YAML)\b/},{begin:/\bSET\s+((SESSION|LOCAL)\s+)?NAMES\b/},{begin:/\bIS\s+(NOT\s+)?UNKNOWN\b/},{begin:/\bSECURITY\s+LABEL\b/},{begin:/\bSTANDALONE\s+(YES|NO|NO\s+VALUE)\b/},{begin:/\bWITH\s+(NO\s+)?DATA\b/},{begin:/\b(FOREIGN|SET)\s+DATA\b/},{begin:/\bSET\s+(CATALOG|CONSTRAINTS)\b/},{begin:/\b(WITH|FOR)\s+ORDINALITY\b/},{begin:/\bIS\s+(NOT\s+)?DOCUMENT\b/},{begin:/\bXML\s+OPTION\s+(DOCUMENT|CONTENT)\b/},{begin:/\b(STRIP|PRESERVE)\s+WHITESPACE\b/},{begin:/\bNO\s+(ACTION|MAXVALUE|MINVALUE)\b/},{begin:/\bPARTITION\s+BY\s+(RANGE|LIST|HASH)\b/},{begin:/\bAT\s+TIME\s+ZONE\b/},{begin:/\bGRANTED\s+BY\b/},{begin:/\bRETURN\s+(QUERY|NEXT)\b/},{begin:/\b(ATTACH|DETACH)\s+PARTITION\b/},{begin:/\bFORCE\s+ROW\s+LEVEL\s+SECURITY\b/},{begin:/\b(INCLUDING|EXCLUDING)\s+(COMMENTS|CONSTRAINTS|DEFAULTS|IDENTITY|INDEXES|STATISTICS|STORAGE|ALL)\b/},{begin:/\bAS\s+(ASSIGNMENT|IMPLICIT|PERMISSIVE|RESTRICTIVE|ENUM|RANGE)\b/}]},{begin:/\b(FORMAT|FAMILY|VERSION)\s*\(/},{begin:/\bINCLUDE\s*\(/,keywords:"INCLUDE"},{begin:/\bRANGE(?!\s*(BETWEEN|UNBOUNDED|CURRENT|[-0-9]+))/},{begin:/\b(VERSION|OWNER|TEMPLATE|TABLESPACE|CONNECTION\s+LIMIT|PROCEDURE|RESTRICT|JOIN|PARSER|COPY|START|END|COLLATION|INPUT|ANALYZE|STORAGE|LIKE|DEFAULT|DELIMITER|ENCODING|COLUMN|CONSTRAINT|TABLE|SCHEMA)\s*=/},{begin:/\b(PG_\w+?|HAS_[A-Z_]+_PRIVILEGE)\b/,relevance:10},{begin:/\bEXTRACT\s*\(/,end:/\bFROM\b/,returnEnd:!0,keywords:{type:"CENTURY DAY DECADE DOW DOY EPOCH HOUR ISODOW ISOYEAR MICROSECONDS MILLENNIUM MILLISECONDS MINUTE MONTH QUARTER SECOND TIMEZONE TIMEZONE_HOUR TIMEZONE_MINUTE WEEK YEAR"}},{begin:/\b(XMLELEMENT|XMLPI)\s*\(\s*NAME/,keywords:{keyword:"NAME"}},{begin:/\b(XMLPARSE|XMLSERIALIZE)\s*\(\s*(DOCUMENT|CONTENT)/,keywords:{keyword:"DOCUMENT CONTENT"}},{beginKeywords:"CACHE INCREMENT MAXVALUE MINVALUE",end:t.C_NUMBER_RE,returnEnd:!0,keywords:"BY CACHE INCREMENT MAXVALUE MINVALUE"},{className:"type",begin:/\b(WITH|WITHOUT)\s+TIME\s+ZONE\b/},{className:"type",begin:/\bINTERVAL\s+(YEAR|MONTH|DAY|HOUR|MINUTE|SECOND)(\s+TO\s+(MONTH|HOUR|MINUTE|SECOND))?\b/},{begin:/\bRETURNS\s+(LANGUAGE_HANDLER|TRIGGER|EVENT_TRIGGER|FDW_HANDLER|INDEX_AM_HANDLER|TSM_HANDLER)\b/,keywords:{keyword:"RETURNS",type:"LANGUAGE_HANDLER TRIGGER EVENT_TRIGGER FDW_HANDLER INDEX_AM_HANDLER TSM_HANDLER"}},{begin:"\\b("+T+")\\s*\\("},{begin:"\\.("+p+")\\b"},{begin:"\\b("+p+")\\s+PATH\\b",keywords:{keyword:"PATH",type:u.replace("PATH ","")}},{className:"type",begin:"\\b("+p+")\\b"},{className:"string",begin:"'",end:"'",contains:[{begin:"''"}]},{className:"string",begin:"(e|E|u&|U&)'",end:"'",contains:[{begin:"\\\\."}],relevance:10},t.END_SAME_AS_BEGIN({begin:r,end:r,contains:[{subLanguage:["pgsql","perl","python","tcl","r","lua","java","php","ruby","bash","scheme","xml","json"],endsWithParent:!0}]}),{begin:'"',end:'"',contains:[{begin:'""'}]},t.C_NUMBER_MODE,t.C_BLOCK_COMMENT_MODE,e,{className:"meta",variants:[{begin:"%(ROW)?TYPE",relevance:10},{begin:"\\$\\d+"},{begin:"^#\\w",end:"$"}]},{className:"symbol",begin:i,relevance:10}]}}function a7(t){const e={className:"attr",begin:/"(\\.|[^\\"\r\n])*"(?=\s*:)/,relevance:1.01},n={match:/[{}[\],:]/,className:"punctuation",relevance:0},r=["true","false","null"],i={scope:"literal",beginKeywords:r.join(" ")};return{name:"JSON",aliases:["jsonc"],keywords:{literal:r},contains:[e,n,t.QUOTE_STRING_MODE,i,t.C_NUMBER_MODE,t.C_LINE_COMMENT_MODE,t.C_BLOCK_COMMENT_MODE],illegal:"\\S"}}Kf.registerLanguage("pgsql",o7);Kf.registerLanguage("json",a7);function cr(t){if(t===void 0)return"-";t<0&&console.error(`
      Duration is negative. This is probably a bug.
      Please report it at https://github.com/dalibo/pev2.
    `);const e=[];let n=1e3*60*60*24;const r=Math.floor(t/n);r&&e.push(r+"d");let i=t%n;n/=24;const o=Math.floor(i/n);o&&e.push(o+"h"),i=i%n,n/=60;const a=Math.floor(i/n);a&&e.push(a+"m"),i=i%n,n/=60;const c=Math.floor(i/n);c&&e.push(c+"s"),i=i%n;const u=parseFloat(i.toPrecision(3));return e.push(u.toLocaleString()+"ms"),e.slice(0,2).join(" ")}function P_(t){return t===void 0?"N/A":t.toLocaleString(void 0,{minimumFractionDigits:2})}function Eo(t){return t===void 0?"N/A":t.toLocaleString()}function l7(t){return t===void 0?"N/A":t.toLocaleString()}function M_(t){const e=parseFloat(t.toPrecision(2)).toLocaleString();return X.template("${f}&nbsp;&times;")({f:e})}function Zi(t){return t instanceof Array||(t=[t]),t=X.map(t,e=>X.escape(e.replace(/(^\(|\)$)/g,""))),t.join(", ")}function ay(t,e){return X.map(t,n=>{let r=X.escape(n);return e&&(r+=e.indexOf(n)!==-1?'&nbsp;<span class="text-secondary">(presort)</span>':""),r}).join(", ")}function Z0(t){return H_(t*1024)}function c7(t){return H_(t)}function H_(t,e=2){const r=e<0?0:e,i=["Bytes","kB","MB","GB","TB","PB","EB","ZB","YB"],o=Math.floor(Math.log(t)/Math.log(1024)),a=X.template("${value}${unit}"),c=parseFloat((t/Math.pow(1024,o)).toPrecision(r)).toLocaleString();return a({value:c,unit:i[o]})}function ar(t){return t?H_(t*8*1024):""}function Vn(t,e=!1){if(e=!!e,!t)return"";let n=t.toLocaleString();return e&&(n+=`<br><small>${ar(t)}</small>`),n}function $v(t){return isNaN(t)?"-":X.round(t*100)+"%"}function u7(t){return typeof t=="string"&&(t=t.split(/\s*,\s*/)),'<ul class="list-unstyled mb-0">'+X.template("<% _.forEach(lines, function(line) { %><li><%= line %></li><% }); %>")({lines:t})+"</ul>"}function d7(t){return pc(QW,{sortGroup:t}).mount(document.createElement("div")).$el.outerHTML}function Q0(t){return t?ar(t)+"/s":""}function f7(t){return pc(oy,{jit:t}).mount(document.createElement("div")).$el.outerHTML}function vc(t,e){if(X.has(Nt,t)){if(Nt[t]===Bn.duration)return cr(e);if(Nt[t]===Bn.boolean)return e?"yes":"no";if(Nt[t]===Bn.cost)return P_(e);if(Nt[t]===Bn.rows)return Eo(e);if(Nt[t]===Bn.loops)return l7(e);if(Nt[t]===Bn.factor)return M_(e);if(Nt[t]===Bn.estimateDirection)switch(e){case In.over:return'<i class="fa fa-arrow-up"></i> over';case In.under:return'<i class="fa fa-arrow-down"></i> under';default:return"-"}else{if(Nt[t]===Bn.json)return JSON.stringify(e,null,2);if(Nt[t]===Bn.bytes)return c7(e);if(Nt[t]===Bn.kilobytes)return Z0(e);if(Nt[t]===Bn.blocks)return Vn(e,!0);if(Nt[t]===Bn.list)return u7(e);if(Nt[t]===Bn.sortGroups)return d7(e);if(Nt[t]===Bn.transferRate)return Q0(e);if(Nt[t]===Bn.jit)return f7(e)}}return X.escape(e)}function tm(t){let e;return t>90?e=4:t>40?e=3:t>10&&(e=2),e?"c-"+e:""}function p7(t){return Kf.highlight(t,{language:"pgsql"}).value}function h7(t){return Kf.highlight(t,{language:"json"}).value}const ly=Pe({__name:"TimeTooltip",props:{node:{}},setup(t){return(e,n)=>(w(),P(Kt,null,[n[0]||(n[0]=g(`
  Duration:
  `,-1)),n[1]||(n[1]=v("br",null,null,-1)),g("Exclusive: "+ft(h(cr)(t.node[h(m).EXCLUSIVE_DURATION]))+`, Total:
  `+ft(h(cr)(t.node[h(m).ACTUAL_TOTAL_TIME])),1)],64))}});function m7(t,e,n){let r,i,o;{const a=n*(1+e),c=2*n-a;r=n0(c,a,t+1/3),i=n0(c,a,t),o=n0(c,a,t-1/3)}return[Math.floor(r*255),Math.floor(i*255),Math.floor(o*255)]}function _7(t){const e=(100-t)*1.2/360,n=m7(e,.9,.4);return"rgb("+n[0]+","+n[1]+","+n[2]+")"}function n0(t,e,n){return n<0&&(n+=1),n>1&&(n-=1),n<1/6?t+(e-t)*6*n:n<1/2?e:n<2/3?t+(e-t)*(2/3-n)*6:t}function Ko(t,e,n){const r=Yt(NaN),i=Yt(NaN),o=Yt(0),a=Yt(null),c=Yt(),u=Yt(),p=Yt(NaN),d=Yt(NaN),_=Yt();Fo(()=>{S(),b(),N(),W(),u.value=e[m.PLANNER_ESTIMATE_DIRECTION],c.value=e[m.PLANNER_ESTIMATE_FACTOR]}),Ze(()=>n.highlightType,S);function S(){let rt;switch(n.highlightType){case Rr.DURATION:if(rt=e[m.EXCLUSIVE_DURATION],rt===void 0){a.value=null;break}o.value=Math.round(rt/t.value.planStats.maxDuration*100),a.value=cr(rt);break;case Rr.ROWS:if(rt=e[m.ACTUAL_ROWS_REVISED],rt===void 0){a.value=null;break}o.value=Math.round(rt/t.value.planStats.maxRows*100)||0,a.value=Eo(rt);break;case Rr.COST:if(rt=e[m.EXCLUSIVE_COST],rt===void 0){a.value=null;break}o.value=Math.round(rt/t.value.planStats.maxCost*100),a.value=P_(rt);break}}const R=kt(()=>_7(o.value)),T=kt(()=>{let rt=U.value?"Parallel ":"";return rt+=e[m.PARTIAL_MODE]?e[m.PARTIAL_MODE]+" ":"",rt+=e[m.NODE_TYPE],e[m.SCAN_DIRECTION]&&e[m.SCAN_DIRECTION]!=="Forward"&&(rt+=" "+e[m.SCAN_DIRECTION]),e[m.JOIN_TYPE]&&(rt=rt.replace("Join",`${e[m.JOIN_TYPE]} Join`)),rt});function b(){const rt=t.value.planStats.executionTime||t.value.content?.Plan?.[m.ACTUAL_TOTAL_TIME],at=e[m.EXCLUSIVE_DURATION];r.value=X.round(at/rt*100)}function N(){const rt=t.value.content.maxTotalCost,at=e[m.EXCLUSIVE_COST];i.value=X.round(at/rt*100)}const C=Object.keys(e).find(rt=>rt===m.ROWS_REMOVED_BY_FILTER_REVISED||rt===m.ROWS_REMOVED_BY_JOIN_FILTER_REVISED||rt===m.ROWS_REMOVED_BY_INDEX_RECHECK_REVISED),D=Object.keys(m).find(rt=>m[rt]===C);function W(){if(D){const rt=e[m[D]];p.value=rt;const at=e[m.ACTUAL_ROWS_REVISED];d.value=X.floor(rt/(rt+at)*100),d.value===100?_.value=">99":d.value===0?_.value="<1":_.value=d.value.toString()}}const O=kt(()=>{let rt;const at=r.value;return at>90?rt=4:at>40?rt=3:at>10&&(rt=2),rt?"c-"+rt:!1}),G=kt(()=>{let rt;const at=e[m.PLANNER_ESTIMATE_FACTOR];return at>1e3?rt=4:at>100?rt=3:at>10&&(rt=2),rt?"c-"+rt:!1}),M=kt(()=>{let rt;const at=i.value;return at>90?rt=4:at>40?rt=3:at>10&&(rt=2),rt?"c-"+rt:!1}),z=kt(()=>{let rt;const at=d.value;return at>90?rt=4:at>50&&(rt=3),rt?"c-"+rt:!1}),tt=kt(()=>{let rt;const at=e[m.HEAP_FETCHES]/(e[m.ACTUAL_ROWS]+(e[m.ROWS_REMOVED_BY_FILTER]||0)+(e[m.ROWS_REMOVED_BY_JOIN_FILTER]||0))*100;return at>90?rt=4:at>40?rt=3:at>0&&(rt=2),rt?"c-"+rt:!1}),Et=kt(()=>_.value+"% of rows removed by filter"),Ct=kt(()=>`Filter used:<br><pre class="mb-0" style="white-space: pre-wrap;"><code>${e[m.FILTER]}</code></pre>`),Tt=kt(()=>`Recheck condition:<br><pre class="mb-0" style="white-space: pre-wrap;"><code>${e[m.RECHECK_COND]}</code></pre>`),it=kt(()=>!!t.value.planStats.executionTime&&!e[m.ACTUAL_LOOPS]),U=kt(()=>e[m.PARALLEL_AWARE]),q=kt(()=>{if(console.warn("Make sure it works for workers that are not array"),e[m.WORKERS_LAUNCHED])return e[m.WORKERS_LAUNCHED];if(e[m.WORKERS_LAUNCHED_BY_GATHER])return e[m.WORKERS_LAUNCHED_BY_GATHER];const rt=e[m.WORKERS];return rt?rt.length:NaN}),Z=kt(()=>e[m.WORKERS_LAUNCHED]||e[m.WORKERS_PLANNED_BY_GATHER]),B=kt(()=>{const rt=e[m.WORKERS_PLANNED_BY_GATHER];return[...Array(rt).keys()].slice().reverse()}),j=kt(()=>{switch(e[m.PLANNER_ESTIMATE_FACTOR]){case 1/0:return 100;case 1:return 0;default:return(e[m.PLANNER_ESTIMATE_FACTOR]||0)/t.value.planStats.maxEstimateFactor*100}}),ct=kt(()=>e[m.EXCLUSIVE_SHARED_HIT_BLOCKS]/t.value.planStats.maxBlocks?.[fe.shared]*100),St=kt(()=>e[m.EXCLUSIVE_SHARED_READ_BLOCKS]/t.value.planStats.maxBlocks?.[fe.shared]*100),Dt=kt(()=>e[m.EXCLUSIVE_SHARED_DIRTIED_BLOCKS]/t.value.planStats.maxBlocks?.[fe.shared]*100),dt=kt(()=>e[m.EXCLUSIVE_SHARED_WRITTEN_BLOCKS]/t.value.planStats.maxBlocks?.[fe.shared]*100),vt=kt(()=>e[m.EXCLUSIVE_TEMP_READ_BLOCKS]/t.value.planStats.maxBlocks?.[fe.temp]*100),ht=kt(()=>e[m.EXCLUSIVE_TEMP_WRITTEN_BLOCKS]/t.value.planStats.maxBlocks?.[fe.temp]*100),et=kt(()=>e[m.EXCLUSIVE_LOCAL_HIT_BLOCKS]/t.value.planStats.maxBlocks?.[fe.local]*100),A=kt(()=>e[m.EXCLUSIVE_LOCAL_READ_BLOCKS]/t.value.planStats.maxBlocks?.[fe.local]*100),I=kt(()=>e[m.EXCLUSIVE_LOCAL_DIRTIED_BLOCKS]/t.value.planStats.maxBlocks?.[fe.local]*100),L=kt(()=>e[m.EXCLUSIVE_LOCAL_WRITTEN_BLOCKS]/t.value.planStats.maxBlocks?.[fe.local]*100),V=kt(()=>["Rows: ",Eo(e[m.ACTUAL_ROWS_REVISED])].join("")),st=kt(()=>{const rt=e[m.PLANNER_ESTIMATE_FACTOR],at=e[m.PLANNER_ESTIMATE_DIRECTION];let lt="";if(rt===void 0||at===void 0)return"N/A";switch(at){case In.over:lt+="Over";break;case In.under:lt+="Under";break;default:lt+="Correctly"}return lt+=" estimated",lt+=rt!==1?" by <b>"+M_(rt)+"</b>":"",lt+="<br>",lt+=`Rows: ${Eo(e[m.ACTUAL_ROWS_REVISED])} `,lt+=`(${Eo(e[m.PLAN_ROWS_REVISED])} planned)`,lt}),Ot=kt(()=>["Cost: ",Eo(e[m.EXCLUSIVE_COST])].join("")),Vt=kt(()=>`${m[D]}: ${ot.value}${Eo(p.value)}`),H=kt(()=>!!e[m.ACTUAL_ROWS_FRACTIONAL]),K=kt(()=>e[m.ACTUAL_LOOPS]>1),ot=kt(()=>!H.value&&K.value?"~":""),Lt=kt(()=>rt=>{let at="",lt,zt,Bt,$t;switch(rt){case fe.shared:lt=e[m.EXCLUSIVE_SHARED_HIT_BLOCKS],zt=e[m.EXCLUSIVE_SHARED_READ_BLOCKS],$t=e[m.EXCLUSIVE_SHARED_DIRTIED_BLOCKS],Bt=e[m.EXCLUSIVE_SHARED_WRITTEN_BLOCKS];break;case fe.temp:zt=e[m.EXCLUSIVE_TEMP_READ_BLOCKS],Bt=e[m.EXCLUSIVE_TEMP_WRITTEN_BLOCKS];break;case fe.local:lt=e[m.EXCLUSIVE_LOCAL_HIT_BLOCKS],zt=e[m.EXCLUSIVE_LOCAL_READ_BLOCKS],$t=e[m.EXCLUSIVE_LOCAL_DIRTIED_BLOCKS],Bt=e[m.EXCLUSIVE_LOCAL_WRITTEN_BLOCKS];break}switch(at+='<table class="table table-sm table-borderless mb-0">',at+=lt?'<tr><td>Hit:</td><td class="text-end">'+Vn(lt,!0)+"</td></tr>":"",at+=zt?'<tr><td>Read:</td><td class="text-end">'+Vn(zt,!0)+"</td></tr>":"",at+=$t?'<tr><td>Dirtied:</td><td class="text-end">'+Vn($t,!0)+"</td></tr>":"",at+=Bt?'<tr><td>Written:</td><td class="text-end">'+Vn(Bt,!0)+"</td></tr>":"",at+="</table>",!lt&&!zt&&!$t&&!Bt&&(at=" N/A"),rt){case fe.shared:at="Shared Blocks:"+at;break;case fe.temp:at="Temp Blocks:"+at;break;case fe.local:at="Local Blocks:"+at;break}return at}),At=kt(()=>rt=>{let at='<table class="table table-sm table-borderless mb-0">';return at+=`<tr><td>${rt}:</td><td class="text-end">`,e[rt]&&(at+=`${Vn(e[rt],!0)}</td></tr>`),at}),mt=kt(()=>`Heap Fetches: ${e[m.HEAP_FETCHES]?.toLocaleString()}`);function Ht(rt){const at=m[rt],lt=e[at];return vc(at,lt)}return{barColor:R,barWidth:o,buffersByLocationTooltip:Lt,buffersByMetricTooltip:At,costClass:M,costTooltip:Ot,durationClass:O,estimateFactorPercent:j,estimateFactorTooltip:st,estimationClass:G,executionTimePercent:r,filterTooltip:Et,filterDetailTooltip:Ct,formattedProp:Ht,heapFetchesClass:tt,heapFetchesTooltip:mt,highlightValue:a,indexRecheckTooltip:Tt,isNeverExecuted:it,isParallelAware:U,localDirtiedPercent:I,localHitPercent:et,localReadPercent:A,localWrittenPercent:L,nodeName:T,plannerRowEstimateDirection:u,plannerRowEstimateValue:c,rowsRemoved:p,rowsRemovedClass:z,rowsRemovedPercent:d,rowsRemovedPercentString:_,rowsRemovedProp:D,rowsRemovedTooltip:Vt,rowsTooltip:V,sharedDirtiedPercent:Dt,sharedHitPercent:ct,sharedReadPercent:St,sharedWrittenPercent:dt,tempReadPercent:vt,tempWrittenPercent:ht,tilde:ot,workersLaunchedCount:q,workersPlannedCount:Z,workersPlannedCountReversed:B}}const E7={key:0,class:"text-end"},g7={key:1,class:"text-end"},T7={key:2,class:"text-end"},v7={key:3,class:"text-end"},od=Pe({__name:"IoTimingsRow",props:{node:{},scope:{},exclusive:{type:Boolean,default:()=>!1}},setup(t){const e=t,r=new il().getHelpMessage,i=e.exclusive?"EXCLUSIVE_":"",o=Pn(e.node),a=be(qs),c=be(Ys),{formattedProp:u}=Ko(a,o,c),p=e.scope?`${e.scope}_`.toUpperCase():"",d=e.scope?Qb.capitalize(e.scope):"Shared/Local",_=i+p+"IO_READ_TIME",S=i+"AVERAGE_"+p+"IO_READ_SPEED",R=i+p+"READ_BLOCKS",T=i+p+"IO_WRITE_TIME",b=i+"AVERAGE_"+p+"IO_WRITE_SPEED",N=i+p+"WRITTEN_BLOCKS";return(C,D)=>(w(),P("tr",null,[v("td",null,ft(h(d)),1),D[11]||(D[11]=g()),o[h(m)[_]]?(w(),P("td",E7,[g(ft(h(u)(_))+" ",1),D[0]||(D[0]=v("br",null,null,-1)),D[1]||(D[1]=g()),v("small",null,ft(h(ar)(o[h(m)[R]])),1),D[2]||(D[2]=g()),D[3]||(D[3]=v("br",null,null,-1)),D[4]||(D[4]=g()),v("small",null,"~"+ft(h(u)(S)),1),D[5]||(D[5]=g()),o[h(m).WORKERS_PLANNED]||o[h(m).WORKERS_PLANNED_BY_GATHER]?Ce((w(),pe(h(Ee),{key:0,icon:h(Ms),class:"cursor-help d-inline-block text-secondary"},null,8,["icon"])),[[h(Be),{content:h(r)("io timings parallel")}]]):Q("",!0)])):(w(),P("td",g7,"-")),D[12]||(D[12]=g()),o[h(m)[T]]?(w(),P("td",T7,[g(ft(h(u)(T))+" ",1),D[6]||(D[6]=v("br",null,null,-1)),D[7]||(D[7]=g()),v("small",null,ft(h(ar)(o[h(m)[N]])),1),D[8]||(D[8]=g()),D[9]||(D[9]=v("br",null,null,-1)),D[10]||(D[10]=g()),v("small",null,"~"+ft(h(u)(b)),1)])):(w(),P("td",v7,"-"))]))}}),S7={key:0,class:"table table-sm"},Sc=Pe({__name:"IoTooltip",props:{node:{},exclusive:{type:Boolean,default:()=>!1}},setup(t){const e=t,n=kt(()=>e.exclusive?"EXCLUSIVE_":""),r=Pn(e.node);return(i,o)=>r[h(m)[n.value+"IO_READ_TIME"]]||r[h(m)[n.value+"IO_WRITE_TIME"]]||r[h(m)[n.value+"SHARED_IO_READ_TIME"]]||r[h(m)[n.value+"SHARED_IO_WRITE_TIME"]]||r[h(m)[n.value+"LOCAL_IO_READ_TIME"]]||r[h(m)[n.value+"LOCAL_IO_WRITE_TIME"]]||r[h(m)[n.value+"TEMP_IO_READ_TIME"]]||r[h(m)[n.value+"TEMP_IO_WRITE_TIME"]]?(w(),P("table",S7,[o[3]||(o[3]=v("thead",null,[v("tr",null,[v("th",{class:"text-nowrap"},"I/O Timings"),g(),v("td",{class:"text-end",width:"50%"},"Read"),g(),v("td",{class:"text-end",width:"50%"},"Write")])],-1)),o[4]||(o[4]=g()),v("tbody",null,[r[h(m)[n.value+"IO_READ_TIME"]]||r[h(m)[n.value+"IO_WRITE_TIME"]]?(w(),pe(od,{key:0,node:r,exclusive:t.exclusive},null,8,["node","exclusive"])):Q("",!0),o[0]||(o[0]=g()),r[h(m)[n.value+"SHARED_IO_READ_TIME"]]||r[h(m)[n.value+"SHARED_IO_WRITE_TIME"]]?(w(),pe(od,{key:1,node:r,scope:h(Cd).SHARED,exclusive:t.exclusive},null,8,["node","scope","exclusive"])):Q("",!0),o[1]||(o[1]=g()),r[h(m)[n.value+"LOCAL_IO_READ_TIME"]]||r[h(m)[n.value+"LOCAL_IO_WRITE_TIME"]]?(w(),pe(od,{key:2,node:r,scope:h(Cd).LOCAL,exclusive:t.exclusive},null,8,["node","scope","exclusive"])):Q("",!0),o[2]||(o[2]=g()),r[h(m)[n.value+"TEMP_IO_READ_TIME"]]||r[h(m)[n.value+"TEMP_IO_WRITE_TIME"]]?(w(),pe(od,{key:3,node:r,scope:h(Cd).TEMP,exclusive:t.exclusive},null,8,["node","scope","exclusive"])):Q("",!0)])])):Q("",!0)}}),A7={key:0},R7=["innerHTML"],b7=["innerHTML"],y7=["innerHTML"],O7=["innerHTML"],L7={class:"fw-normal small"},C7={class:"node-type pe-2"},I7={key:0,class:"progress rounded-0 align-items-center bg-transparent",style:{height:"5px"}},N7={key:1,class:"progress rounded-0 align-items-center bg-transparent",style:{height:"5px"}},x7={key:2,class:"progress rounded-0 align-items-center bg-transparent justify-content-center",style:{height:"10px"}},w7={class:"text-secondary small"},k7={key:1,class:"fa fa-fw d-inline-block"},B7={class:"text-secondary small"},D7={key:1,class:"fa fa-fw d-inline-block"},P7={key:3,class:"progress rounded-0 align-items-center bg-transparent",style:{height:"5px"}},M7={key:4,class:"progress rounded-0 align-items-center bg-transparent",style:{height:"5px"}},H7={key:5,class:"progress rounded-0 align-items-center bg-transparent",style:{height:"5px"}},W7={key:6,class:"progress rounded-0 align-items-center bg-transparent",style:{height:"5px"}},U7={key:7,class:"progress rounded-0 align-items-center bg-transparent",style:{height:"5px"}},$7=Pe({__name:"DiagramRow",props:{node:{},level:{},isSubplan:{type:Boolean},isLastChild:{type:Boolean},branches:{},index:{},viewOptions:{}},setup(t){const e=t,n=Pn(e.node),r=Pn(e.viewOptions),i=Yt(null),o=be(qs),a=be(Qd),c=be(Ho);if(!c)throw new Error(`Could not resolve ${Ho.description}`);const u=be(Ff),p=be(Ys),{buffersByLocationTooltip:d,costTooltip:_,estimateFactorPercent:S,estimateFactorTooltip:R,isNeverExecuted:T,nodeName:b,rowsTooltip:N}=Ko(o,n,p),C=be("scrollTo");return Ze(()=>a?.value,D=>{D==n.nodeId&&i.value&&C?.(i.value)}),(D,W)=>(w(),pe(h(No),{class:wt(["no-focus-outline node",{selected:n.nodeId===h(a),highlight:n.nodeId===h(u),"never-executed":h(T)}]),tag:"tr",onMouseenter:W[0]||(W[0]=O=>u.value=n.nodeId),onMouseleave:W[1]||(W[1]=O=>u.value=void 0),onClick:W[2]||(W[2]=We(O=>h(c)(n.nodeId,!0),["prevent"]))},{content:Ae(()=>[n[h(m).CTE_NAME]?(w(),P("div",A7,[v("em",null,"CTE "+ft(n[h(m).CTE_NAME]),1)])):Q("",!0),W[3]||(W[3]=g()),r.metric==h(He).time?(w(),pe(ly,{key:1,node:n},null,8,["node"])):r.metric==h(He).io?(w(),pe(Sc,{key:2,node:n,exclusive:"",class:"mb-0"},null,8,["node"])):r.metric==h(He).rows?(w(),P("div",{key:3,innerHTML:h(N)},null,8,R7)):r.metric==h(He).estimate_factor?(w(),P("div",{key:4,innerHTML:h(R)},null,8,b7)):r.metric==h(He).cost?(w(),P("div",{key:5,innerHTML:h(_)},null,8,y7)):r.metric==h(He).buffers?(w(),P("div",{key:6,innerHTML:h(d)(r.buffersMetric)},null,8,O7)):Q("",!0)]),default:Ae(()=>[W[18]||(W[18]=g()),v("td",{class:"node-index",ref_key:"rootEl",ref:i},[v("span",L7,"#"+ft(n.nodeId),1)],512),W[19]||(W[19]=g()),v("td",C7,[Rt(zf,{isSubplan:t.isSubplan,isNode:"",isLastChild:!!t.isLastChild,level:t.level,branches:t.branches,index:t.index,dense:""},null,8,["isSubplan","isLastChild","level","branches","index"]),g(" "+ft(h(b)),1)]),W[20]||(W[20]=g()),v("td",null,[r.metric==h(He).time?(w(),P("div",I7,[v("div",{class:wt(["progress-bar border-secondary bg-secondary",{"border-start":n[h(m).EXCLUSIVE_DURATION]>0}]),role:"progressbar",style:en([{height:"5px"},{width:n[h(m).EXCLUSIVE_DURATION]/(h(o).planStats.executionTime||h(o).content.Plan[h(m).ACTUAL_TOTAL_TIME]||0)*100+"%"}]),"aria-valuenow":"15","aria-valuemin":"0","aria-valuemax":"100"},null,6),W[4]||(W[4]=g()),v("div",{class:"progress-bar bg-secondary-light",role:"progressbar",style:en([{height:"5px"},{width:((n[h(m).ACTUAL_TOTAL_TIME]||0)-n[h(m).EXCLUSIVE_DURATION])/(h(o).planStats.executionTime||h(o).content.Plan[h(m).ACTUAL_TOTAL_TIME]||0)*100+"%"}]),"aria-valuenow":"15","aria-valuemin":"0","aria-valuemax":"100"},null,4)])):r.metric==h(He).rows?(w(),P("div",N7,[v("div",{class:"bg-secondary",role:"progressbar",style:en([{height:"5px"},{width:Math.round(n[h(m).ACTUAL_ROWS_REVISED]/h(o).planStats.maxRows*100)+"%"}]),"aria-valuenow":"15","aria-valuemin":"0","aria-valuemax":"100"},null,4)])):r.metric==h(He).estimate_factor?(w(),P("div",x7,[v("span",w7,[n[h(m).PLANNER_ESTIMATE_DIRECTION]===h(In).under?(w(),pe(h(Ee),{key:0,"fixed-width":"",icon:h(ey)},null,8,["icon"])):(w(),P("i",k7))]),W[5]||(W[5]=g()),v("div",{class:wt(["progress-bar",[n[h(m).PLANNER_ESTIMATE_DIRECTION]===h(In).under?"bg-secondary":"bg-transparent"]]),role:"progressbar",style:en([{height:"5px"},{width:h(S)+"%"}]),"aria-valuenow":"15","aria-valuemin":"0","aria-valuemax":"100"},null,6),W[6]||(W[6]=g()),W[7]||(W[7]=v("div",{class:"progress-bar border-start bg-secondary",role:"progressbar",style:{width:"1px",height:"5px"},"aria-valuenow":"15","aria-valuemin":"0","aria-valuemax":"100"},null,-1)),W[8]||(W[8]=g()),v("div",{class:wt(["progress-bar",[n[h(m).PLANNER_ESTIMATE_DIRECTION]===h(In).over?"bg-secondary":"bg-transparent"]]),role:"progressbar",style:en([{height:"5px"},{width:h(S)+"%"}]),"aria-valuenow":"15","aria-valuemin":"0","aria-valuemax":"100"},null,6),W[9]||(W[9]=g()),v("span",B7,[n[h(m).PLANNER_ESTIMATE_DIRECTION]===h(In).over?(w(),pe(h(Ee),{key:0,"fixed-width":"",icon:h(ry)},null,8,["icon"])):(w(),P("i",D7))])])):r.metric==h(He).cost?(w(),P("div",P7,[v("div",{class:wt(["bg-secondary",{"border-secondary border-start":n[h(m).EXCLUSIVE_COST]>0}]),role:"progressbar",style:en([{height:"5px"},{width:Math.round(n[h(m).EXCLUSIVE_COST]/h(o).planStats.maxCost*100)+"%"}]),"aria-valuenow":"15","aria-valuemin":"0","aria-valuemax":"100"},null,6)])):r.metric==h(He).buffers&&r.buffersMetric==h(fe).shared&&h(o).planStats.maxBlocks?.[h(fe).shared]?(w(),P("div",M7,[v("div",{class:wt(["bg-hit",{"border-start border-hit":n[h(m).EXCLUSIVE_SHARED_HIT_BLOCKS]>0}]),role:"progressbar",style:en([{height:"5px"},{width:(Math.round(n[h(m).EXCLUSIVE_SHARED_HIT_BLOCKS]/h(o).planStats.maxBlocks?.[h(fe).shared]*100)||0)+"%"}]),"aria-valuenow":"15","aria-valuemin":"0","aria-valuemax":"100"},null,6),W[10]||(W[10]=g()),v("div",{class:wt(["bg-read",{"border-start border-read":n[h(m).EXCLUSIVE_SHARED_READ_BLOCKS]>0}]),role:"progressbar",style:en([{height:"5px"},{width:(Math.round(n[h(m).EXCLUSIVE_SHARED_READ_BLOCKS]/h(o).planStats.maxBlocks?.[h(fe).shared]*100)||0)+"%"}]),"aria-valuenow":"15","aria-valuemin":"0","aria-valuemax":"100"},null,6),W[11]||(W[11]=g()),v("div",{class:wt(["bg-dirtied",{"border-start border-dirtied":n[h(m).EXCLUSIVE_SHARED_DIRTIED_BLOCKS]>0}]),role:"progressbar",style:en([{height:"5px"},{width:(Math.round(n[h(m).EXCLUSIVE_SHARED_DIRTIED_BLOCKS]/h(o).planStats.maxBlocks?.[h(fe).shared]*100)||0)+"%"}]),"aria-valuenow":"15","aria-valuemin":"0","aria-valuemax":"100"},null,6),W[12]||(W[12]=g()),v("div",{class:wt(["bg-written",{"border-start border-written":n[h(m).EXCLUSIVE_SHARED_WRITTEN_BLOCKS]>0}]),role:"progressbar",style:en([{height:"5px"},{width:(Math.round(n[h(m).EXCLUSIVE_SHARED_WRITTEN_BLOCKS]/h(o).planStats.maxBlocks?.[h(fe).shared]*100)||0)+"%"}]),"aria-valuenow":"15","aria-valuemin":"0","aria-valuemax":"100"},null,6)])):r.metric==h(He).buffers&&r.buffersMetric==h(fe).temp&&h(o).planStats.maxBlocks?.[h(fe).temp]?(w(),P("div",H7,[v("div",{class:"bg-read",role:"progressbar",style:en([{height:"5px"},{width:(Math.round(n[h(m).EXCLUSIVE_TEMP_READ_BLOCKS]/h(o).planStats.maxBlocks?.[h(fe).temp]*100)||0)+"%"}]),"aria-valuenow":"15","aria-valuemin":"0","aria-valuemax":"100"},null,4),W[13]||(W[13]=g()),v("div",{class:"bg-written",role:"progressbar",style:en([{width:(Math.round(n[h(m).EXCLUSIVE_TEMP_WRITTEN_BLOCKS]/h(o).planStats.maxBlocks?.[h(fe).temp]*100)||0)+"%"},{height:"5px"}]),"aria-valuenow":"15","aria-valuemin":"0","aria-valuemax":"100"},null,4)])):r.metric==h(He).buffers&&r.buffersMetric==h(fe).local&&h(o).planStats.maxBlocks?.[h(fe).local]?(w(),P("div",W7,[v("div",{class:"bg-hit",role:"progressbar",style:en([{height:"5px"},{width:(Math.round(n[h(m).EXCLUSIVE_LOCAL_HIT_BLOCKS]/h(o).planStats.maxBlocks?.[h(fe).local]*100)||0)+"%"}]),"aria-valuenow":"15","aria-valuemin":"0","aria-valuemax":"100"},null,4),W[14]||(W[14]=g()),v("div",{class:"bg-read",role:"progressbar",style:en([{width:(Math.round(n[h(m).EXCLUSIVE_LOCAL_READ_BLOCKS]/h(o).planStats.maxBlocks?.[h(fe).local]*100)||0)+"%"},{height:"5px"}]),"aria-valuenow":"15","aria-valuemin":"0","aria-valuemax":"100"},null,4),W[15]||(W[15]=g()),v("div",{class:"bg-dirtied",role:"progressbar",style:en([{height:"5px"},{width:(Math.round(n[h(m).EXCLUSIVE_LOCAL_DIRTIED_BLOCKS]/h(o).planStats.maxBlocks?.[h(fe).local]*100)||0)+"%"}]),"aria-valuenow":"15","aria-valuemin":"0","aria-valuemax":"100"},null,4),W[16]||(W[16]=g()),v("div",{class:"bg-written",role:"progressbar",style:en([{height:"5px"},{width:(Math.round(n[h(m).EXCLUSIVE_LOCAL_WRITTEN_BLOCKS]/h(o).planStats?.maxBlocks?.[h(fe).local]*100)||0)+"%"}]),"aria-valuenow":"15","aria-valuemin":"0","aria-valuemax":"100"},null,4)])):r.metric==h(He).io&&(h(o).content.Plan[h(m).SUM_IO_READ_TIME]||h(o).content.Plan[h(m).SUM_IO_WRITE_TIME])?(w(),P("div",U7,[v("div",{class:"bg-read",role:"progressbar",style:en([{height:"5px"},{width:(Math.round(n[h(m).EXCLUSIVE_SUM_IO_READ_TIME]/h(o).planStats?.maxIo*100)||0)+"%"}]),"aria-valuenow":"15","aria-valuemin":"0","aria-valuemax":"100"},null,4),W[17]||(W[17]=g()),v("div",{class:"bg-written",role:"progressbar",style:en([{height:"5px"},{width:(Math.round(n[h(m).EXCLUSIVE_SUM_IO_WRITE_TIME]/h(o).planStats?.maxIo*100)||0)+"%"}]),"aria-valuenow":"15","aria-valuemin":"0","aria-valuemax":"100"},null,4)])):Q("",!0)])]),_:1},8,["class"]))}}),V7={class:"diagram"},F7={class:"flex-shrink-0"},G7={class:"text-center my-1"},z7={class:"btn-group btn-group-xs"},K7=["disabled"],X7={key:0,class:"text-center my-1"},Y7={class:"btn-group btn-group-xs"},q7=["disabled"],j7=["disabled"],J7=["disabled"],Z7={class:"legend text-center"},Q7={key:0,class:"list-unstyled list-inline mb-0"},t9={key:0,class:"list-inline-item"},e9={key:1,class:"list-inline-item"},n9={key:1,class:"list-unstyled list-inline mb-0 d-inline-block"},r9={key:0},i9={key:0},s9=["colspan"],o9=["onClick"],a9={key:1,class:"p-2 text-center text-secondary"},l9=Pe({__name:"Diagram",props:{ctes:{},planStats:{},rootNode:{}},setup(t){const n=new il().getHelpMessage,r=Yt(null),i=be(Ho);if(!i)throw new Error(`Could not resolve ${Ho.description}`);const o=be(Ff),a=[[]],c=Pn({metric:He.time,buffersMetric:fe.shared});Fo(()=>{const R=localStorage.getItem("diagramViewOptions");R&&X.assignIn(c,JSON.parse(R)),p(a[0],0,t.rootNode,!0,[]),X.each(t.ctes,b=>{const N=[];p(N,0,b,!0,[]),a.push(N)});const T=X.keys(t.planStats.maxBlocks);X.indexOf(T,c.buffersMetric)===-1&&(c.buffersMetric=X.min(T))}),Ze(c,u);function u(){localStorage.setItem("diagramViewOptions",JSON.stringify(c))}function p(R,T,b,N,C){R.push([T,b,N,X.concat([],C)]),N||C.push(T),X.each(b.Plans,D=>{p(R,T+1,D,D===X.last(b.Plans),C)}),N||C.pop()}const d=kt(()=>c.metric===He.buffers?!!c.buffersMetric:!0);function _(R){return X.startsWith(R[m.SUBPLAN_NAME],"CTE")}function S(R){r.value&&$W(r.value,R)}return mn("scrollTo",S),(R,T)=>(w(),P("div",V7,[v("div",F7,[v("div",G7,[v("div",z7,[v("button",{class:wt(["btn btn-outline-secondary",{active:c.metric===h(He).time}]),onClick:T[0]||(T[0]=b=>c.metric=h(He).time)},`
            time
          `,2),T[9]||(T[9]=g()),v("button",{class:wt(["btn btn-outline-secondary",{active:c.metric===h(He).rows}]),onClick:T[1]||(T[1]=b=>c.metric=h(He).rows)},`
            rows
          `,2),T[10]||(T[10]=g()),v("button",{class:wt(["btn btn-outline-secondary",{active:c.metric===h(He).estimate_factor}]),onClick:T[2]||(T[2]=b=>c.metric=h(He).estimate_factor)},`
            estimation
          `,2),T[11]||(T[11]=g()),v("button",{class:wt(["btn btn-outline-secondary",{active:c.metric===h(He).cost}]),onClick:T[3]||(T[3]=b=>c.metric=h(He).cost)},`
            cost
          `,2),T[12]||(T[12]=g()),v("button",{class:wt(["btn btn-outline-secondary",{active:c.metric===h(He).buffers}]),onClick:T[4]||(T[4]=b=>c.metric=h(He).buffers)},`
            buffers
          `,2),T[13]||(T[13]=g()),Rt(h(No),{content:t.planStats.maxIo?void 0:h(n)("hint track_io_timing"),allowHTML:!0,class:"btn-tooltip-wrapper"},{default:Ae(()=>[v("button",{class:wt(["btn btn-outline-secondary",{active:c.metric===h(He).io}]),onClick:T[5]||(T[5]=b=>c.metric=h(He).io),disabled:!t.planStats.maxIo},`
              IO
            `,10,K7)]),_:1},8,["content"])])]),T[25]||(T[25]=g()),c.metric==h(He).buffers?(w(),P("div",X7,[v("div",Y7,[v("button",{class:wt(["btn btn-outline-secondary",{active:c.buffersMetric===h(fe).shared}]),onClick:T[6]||(T[6]=b=>c.buffersMetric=h(fe).shared),disabled:!t.planStats.maxBlocks?.[h(fe).shared]},`
            shared
          `,10,q7),T[14]||(T[14]=g()),v("button",{class:wt(["btn btn-outline-secondary",{active:c.buffersMetric===h(fe).temp}]),onClick:T[7]||(T[7]=b=>c.buffersMetric=h(fe).temp),disabled:!t.planStats.maxBlocks?.[h(fe).temp]},`
            temp
          `,10,j7),T[15]||(T[15]=g()),v("button",{class:wt(["btn btn-outline-secondary",{active:c.buffersMetric===h(fe).local}]),onClick:T[8]||(T[8]=b=>c.buffersMetric=h(fe).local),disabled:!t.planStats.maxBlocks?.[h(fe).local]},`
            local
          `,10,J7)])])):Q("",!0),T[26]||(T[26]=g()),v("div",Z7,[c.metric==h(He).buffers?(w(),P("ul",Q7,[c.buffersMetric!=h(fe).temp?(w(),P("li",t9,[...T[16]||(T[16]=[v("span",{class:"bg-hit rounded"},null,-1),g(`
            Hit
          `,-1)])])):Q("",!0),T[18]||(T[18]=g()),T[19]||(T[19]=v("li",{class:"list-inline-item"},[v("span",{class:"bg-read"}),g(`
            Read
          `)],-1)),T[20]||(T[20]=g()),c.buffersMetric!=h(fe).temp?(w(),P("li",e9,[...T[17]||(T[17]=[v("span",{class:"bg-dirtied"},null,-1),g(`
            Dirtied
          `,-1)])])):Q("",!0),T[21]||(T[21]=g()),T[22]||(T[22]=v("li",{class:"list-inline-item"},[v("span",{class:"bg-written"}),g(`
            Written
          `)],-1))])):Q("",!0),T[24]||(T[24]=g()),c.metric==h(He).io?(w(),P("ul",n9,[...T[23]||(T[23]=[v("li",{class:"list-inline-item"},[v("span",{class:"bg-read"}),g(`
              Read
            `)],-1),g(),v("li",{class:"list-inline-item"},[v("span",{class:"bg-written"}),g(`
              Write
            `)],-1)])])):Q("",!0)])]),T[34]||(T[34]=g()),v("div",{class:"overflow-auto flex-grow-1",ref_key:"container",ref:r},[d.value?(w(),P("table",{key:0,class:wt(["m-1",{highlight:!!h(o)}])},[(w(),P(Kt,null,qe(a,(b,N)=>v("tbody",{key:N},[N===0&&a.length>1?(w(),P("tr",r9,[...T[27]||(T[27]=[v("th",{colspan:"3",class:"subplan"},"Main Query Plan",-1)])])):Q("",!0),T[32]||(T[32]=g()),(w(!0),P(Kt,null,qe(b,(C,D)=>(w(),P(Kt,{key:D},[C[1][h(m).SUBPLAN_NAME]?(w(),P("tr",i9,[T[29]||(T[29]=v("td",null,null,-1)),T[30]||(T[30]=g()),v("td",{class:wt(["subplan pe-2",{"fw-bold":_(C[1])}]),colspan:_(C[1])?3:2},[Rt(zf,{isSubplan:!!C[1][h(m).SUBPLAN_NAME],isLastChild:!!C[2],level:C[0],branches:C[3],index:D,dense:""},null,8,["isSubplan","isLastChild","level","branches","index"]),T[28]||(T[28]=g()),v("a",{class:"fst-italic text-reset",href:"",onClick:We(W=>h(i)(C[1].nodeId,!0),["prevent"])},ft(C[1][h(m).SUBPLAN_NAME]),9,o9)],10,s9)])):Q("",!0),T[31]||(T[31]=g()),Rt($7,{node:C[1],isSubplan:!!C[1][h(m).SUBPLAN_NAME],isLastChild:!!C[2],level:C[0],branches:C[3],index:D,viewOptions:c},null,8,["node","isSubplan","isLastChild","level","branches","index","viewOptions"])],64))),128))])),64))],2)):(w(),P("div",a9,[...T[33]||(T[33]=[v("em",null," No data available ",-1)])]))],512)]))}}),sl=(t,e)=>{const n=t.__vccOpts||t;for(const[r,i]of e)n[r]=i;return n},c9=sl(l9,[["__scopeId","data-v-1ef80015"]]),u9={class:"grid-progress progress rounded-0 bg-transparent"},kn=Pe({__name:"GridProgressBar",props:{percentage:{},percentage2:{}},setup(t){return(e,n)=>(w(),P("div",u9,[v("div",{class:wt(["bg-secondary border-secondary opacity-50",{"border-start":t.percentage>0}]),style:en({width:t.percentage+"%"})},null,6),n[0]||(n[0]=g()),t.percentage2?(w(),P("div",{key:0,class:wt(["bg-secondary border-secondary opacity-20",{"border-start":t.percentage2>0}]),style:en({width:t.percentage2+"%"})},null,6)):Q("",!0)]))}}),d9={class:"px-1"},f9={key:0,class:"text-warning"},p9={class:"px-1"},h9={key:0,class:"text-warning"},m9={class:"card-header"},_9={class:"list-group list-group-flush"},E9={class:"col-6"},g9=["innerHTML"],cy=Pe({__name:"WorkersDetail",props:{node:{}},setup(t){const n=Pn(t.node),r=be(qs),i=be(Ys),a=new il().getHelpMessage,{workersLaunchedCount:c,workersPlannedCount:u}=Ko(r,n,i);return(p,d)=>(w(),P(Kt,null,[v("div",null,[d[1]||(d[1]=v("b",null,"Workers planned: ",-1)),d[2]||(d[2]=g()),v("span",d9,ft(h(u)),1),d[3]||(d[3]=g()),!n[h(m).WORKERS_PLANNED]&&!n[h(m).WORKERS]&&(!h(r).isVerbose||!h(r).isAnalyze)?(w(),P("em",f9,[Ce(Rt(h(Ee),{icon:h(Mv),class:"cursor-help"},null,8,["icon"]),[[h(Be),h(a)("fuzzy needs verbose")]])])):Q("",!0)]),d[9]||(d[9]=g()),v("div",null,[d[4]||(d[4]=v("b",null,"Workers launched: ",-1)),d[5]||(d[5]=g()),v("span",p9,ft(h(c)),1),d[6]||(d[6]=g()),!n[h(m).WORKERS_LAUNCHED]&&!n[h(m).WORKERS]&&(!h(r).isVerbose||!h(r).isAnalyze)?(w(),P("em",h9,[Ce(Rt(h(Ee),{icon:h(Mv),class:"cursor-help"},null,8,["icon"]),[[h(Be),h(a)("fuzzy needs verbose")]])])):Q("",!0)]),d[10]||(d[10]=g()),h(X).isArray(n[h(m).WORKERS])?(w(),P("div",{key:0,class:"overflow-auto",style:{"max-height":"300px"},onWheel:d[0]||(d[0]=We(()=>{},["stop"]))},[(w(!0),P(Kt,null,qe(n[h(m).WORKERS],(_,S)=>(w(),P("div",{key:S,class:"card mt-2"},[v("div",m9,[v("b",null,"Worker "+ft(_[h(Gf).WORKER_NUMBER]),1)]),d[8]||(d[8]=g()),v("ul",_9,[(w(!0),P(Kt,null,qe(_,(R,T)=>(w(),P("li",{key:T,class:"list-group-item d-flex flex-row"},[v("div",E9,ft(T),1),d[7]||(d[7]=g()),v("div",{class:"col-6",innerHTML:h(vc)(T,R)},null,8,g9)]))),128))])]))),128))],32)):Q("",!0)],64))}}),T9={class:"table table-sm prop-list mb-0"},v9={key:0},S9={width:"40%"},A9=["innerHTML"],uy=Pe({__name:"MiscDetail",props:{node:{}},setup(t){const e=Yt(),r=Pn(t.node);Fo(()=>{i()});function i(){e.value=X.chain(r).omit(m.PLANS).omit(m.WORKERS).map((o,a)=>({key:a,value:o})).value()}return(o,a)=>(w(),P(Kt,null,[v("table",T9,[(w(!0),P(Kt,null,qe(e.value,(c,u)=>(w(),P(Kt,{key:u},[h(KW)(c.key,c.value)?(w(),P("tr",v9,[v("td",S9,ft(c.key),1),a[0]||(a[0]=g()),v("td",{innerHTML:h(vc)(c.key,c.value)},null,8,A9)])):Q("",!0)],64))),128))]),a[1]||(a[1]=g()),a[2]||(a[2]=v("div",{class:"text-secondary text-end"},[v("em",null,"* Calculated value")],-1))],64))}}),R9={height:"1em",width:"1em",viewBox:"0 0 20 20",class:"me-1",style:{"margin-left":"-8px"}},Ml=Pe({__name:"SeverityBullet",props:["severity"],setup(t){return(e,n)=>(w(),P("svg",R9,[v("circle",{r:"7",cx:"10",cy:"10",class:wt(t.severity),stroke:"white","stroke-width":"1"},null,2)]))}}),b9={class:"node-index text-secondary"},y9=["href"],O9={class:"font-weight-normal"},L9={class:"position-relative d-flex"},C9={class:"flex-grow-1"},I9={key:0,class:"text-body-secondary mt-1"},N9={key:0,class:"text-body-secondary mt-1"},x9={key:0,class:"text-body-secondary mt-1"},w9={key:3,class:"text-end grid-progress-cell text-nowrap"},k9={class:"position-relative"},B9={key:4,class:"text-end grid-progress-cell text-nowrap"},D9={key:0},P9={key:0,class:"position-relative d-flex"},M9={class:"flex-grow-1"},H9=["innerHTML"],W9={key:0},U9={key:1},$9={key:1,class:"text-body-secondary mt-1"},V9={key:5,class:"text-end grid-progress-cell text-nowrap"},F9={class:"position-relative d-flex"},G9={class:"flex-grow-1"},z9={key:6,class:"text-end text-nowrap"},K9={key:0},X9={key:7,class:"text-end grid-progress-cell text-nowrap"},Y9={class:"position-relative d-flex"},q9={class:"flex-grow-1"},j9={key:0,class:"text-body-secondary mt-1"},J9={key:8,class:"text-end grid-progress-cell text-nowrap"},Z9={class:"position-relative d-flex"},Q9={class:"flex-grow-1"},tU={class:"d-inline"},eU={class:"border border-secondary px-1 bg-light",style:{"--bs-border-opacity":"0.5"}},nU={class:"text-body-secondary"},rU={key:0},iU={key:1},sU=["innerHTML"],oU=["innerHTML"],aU=["innerHTML"],lU=["innerHTML"],cU=["innerHTML"],uU={key:6,class:"text-reset"},dU={class:"text-wrap"},fU={key:0,class:"node-description mt-1"},pU={class:"node-type"},hU=["innerHTML"],mU={class:"nav nav-tabs mt-1"},_U={class:"nav-item"},EU={class:"nav-item"},gU={class:"nav-item"},TU={class:"tab-content bg-white"},vU=["innerHTML"],SU={key:9,class:"text-end text-nowrap grid-progress-cell"},AU={class:"position-relative"},RU={key:0,class:"text-body-secondary mt-1"},bU={key:10,class:"text-end text-nowrap grid-progress-cell"},yU={class:"position-relative"},OU={key:0,class:"text-body-secondary mt-1"},LU={key:11,class:"text-end text-nowrap grid-progress-cell"},CU={class:"position-relative"},IU={key:0,class:"text-body-secondary mt-1"},NU={key:12,class:"text-end text-nowrap grid-progress-cell"},xU={class:"position-relative"},wU={key:0,class:"text-body-secondary mt-1"},kU={key:13,class:"text-end text-nowrap grid-progress-cell"},BU={class:"position-relative"},DU={key:0,class:"text-body-secondary mt-1"},PU={key:14,class:"text-end text-nowrap grid-progress-cell"},MU={class:"position-relative"},HU={key:0,class:"text-body-secondary mt-1"},WU={key:15,class:"text-end text-nowrap grid-progress-cell"},UU={class:"position-relative"},$U={key:0,class:"text-body-secondary mt-1"},VU={key:16,class:"text-end text-nowrap grid-progress-cell"},FU={class:"position-relative"},GU={key:0,class:"text-body-secondary mt-1"},zU={key:17,class:"text-end text-nowrap grid-progress-cell"},KU={class:"position-relative"},XU={key:0,class:"text-body-secondary mt-1"},YU={key:18,class:"text-end text-nowrap grid-progress-cell"},qU={class:"position-relative"},jU={key:0,class:"text-body-secondary mt-1"},JU=Pe({__name:"GridRow",props:{node:{},level:{},isSubplan:{type:Boolean},isLastChild:{type:Boolean},branches:{},index:{},columns:{}},setup(t){const n=new il().getNodeTypeDescription,i=Pn(t.node),o=be(qs),a=be(Ys),c=Yt("misc"),{buffersByMetricTooltip:u,costClass:p,costTooltip:d,durationClass:_,estimationClass:S,estimateFactorPercent:R,estimateFactorTooltip:T,executionTimePercent:b,formattedProp:N,heapFetchesClass:C,heapFetchesTooltip:D,isNeverExecuted:W,localDirtiedPercent:O,localHitPercent:G,localReadPercent:M,localWrittenPercent:z,nodeName:tt,rowsRemoved:Et,rowsRemovedClass:Ct,rowsRemovedPercent:Tt,rowsRemovedPercentString:it,rowsRemovedProp:U,rowsRemovedTooltip:q,rowsTooltip:Z,sharedDirtiedPercent:B,sharedHitPercent:j,sharedReadPercent:ct,sharedWrittenPercent:St,tempReadPercent:Dt,tempWrittenPercent:dt,tilde:vt}=Ko(o,i,a),ht=Yt(!1);return(et,A)=>(w(),P("tr",{onClick:A[6]||(A[6]=I=>ht.value=!ht.value),class:wt(["node",{"never-executed":h(W)}])},[v("td",b9,[v("a",{href:`#plan/node/${i.nodeId}`,onClick:A[0]||(A[0]=We(()=>{},["stop"]))},[v("span",O9,"#"+ft(i.nodeId),1)],8,y9)]),A[82]||(A[82]=g()),t.columns.includes("time")?(w(),pe(h(No),{key:0,class:"text-end grid-progress-cell text-nowrap",tag:"td"},{content:Ae(()=>[Rt(ly,{node:i},null,8,["node"])]),default:Ae(()=>[A[10]||(A[10]=g()),Rt(kn,{percentage:i[h(m).EXCLUSIVE_DURATION]/(h(o).planStats.executionTime||h(o).content.Plan[h(m).ACTUAL_TOTAL_TIME]||0)*100,percentage2:((i[h(m).ACTUAL_TOTAL_TIME]||0)-i[h(m).EXCLUSIVE_DURATION])/(h(o).planStats.executionTime||h(o).content.Plan[h(m).ACTUAL_TOTAL_TIME]||0)*100},null,8,["percentage","percentage2"]),A[11]||(A[11]=g()),v("div",L9,[h(_)?(w(),pe(Ml,{key:0,severity:h(_)},null,8,["severity"])):Q("",!0),A[7]||(A[7]=g()),v("span",C9,ft(i[h(m).EXCLUSIVE_DURATION]?.toLocaleString(void 0,{minimumFractionDigits:3})||"-"),1)]),A[12]||(A[12]=g()),ht.value?(w(),P("div",I9,[g(ft(h(cr)(i[h(m).EXCLUSIVE_DURATION]))+" ",1),A[8]||(A[8]=v("br",null,null,-1)),A[9]||(A[9]=g()),h(b)!==1/0?(w(),P(Kt,{key:0},[g(ft(h(b))+`%
        `,1)],64)):Q("",!0)])):Q("",!0)]),_:1})):Q("",!0),A[83]||(A[83]=g()),t.columns.includes("ioread")?(w(),pe(h(No),{key:1,class:"text-end grid-progress-cell text-nowrap",tag:"td"},{content:Ae(()=>[Rt(Sc,{node:i,class:"mb-0",exclusive:""},null,8,["node"])]),default:Ae(()=>[A[14]||(A[14]=g()),i[h(m).EXCLUSIVE_SUM_IO_READ_TIME]?(w(),P(Kt,{key:0},[Rt(kn,{percentage:i[h(m).EXCLUSIVE_SUM_IO_READ_TIME]/(h(o).content.Plan[h(m).SUM_IO_READ_TIME]+h(o).content.Plan[h(m).SUM_IO_WRITE_TIME])*100},null,8,["percentage"]),g(" "+ft(i[h(m).EXCLUSIVE_SUM_IO_READ_TIME].toLocaleString(void 0,{minimumFractionDigits:3}))+" ",1),ht.value?(w(),P("div",N9,[g(ft(h(cr)(i[h(m).EXCLUSIVE_SUM_IO_READ_TIME]))+" ",1),A[13]||(A[13]=v("br",null,null,-1)),g(" "+ft(h(Q0)(i[h(m).EXCLUSIVE_AVERAGE_SUM_IO_READ_SPEED])),1)])):Q("",!0)],64)):Q("",!0)]),_:1})):Q("",!0),A[84]||(A[84]=g()),t.columns.includes("iowrite")?(w(),pe(h(No),{key:2,class:"text-end grid-progress-cell text-nowrap",tag:"td"},{content:Ae(()=>[Rt(Sc,{node:i,class:"mb-0",exclusive:""},null,8,["node"])]),default:Ae(()=>[A[16]||(A[16]=g()),i[h(m).EXCLUSIVE_SUM_IO_WRITE_TIME]?(w(),P(Kt,{key:0},[Rt(kn,{percentage:i[h(m).EXCLUSIVE_SUM_IO_WRITE_TIME]/(h(o).content.Plan[h(m).SUM_IO_READ_TIME]+h(o).content.Plan[h(m).SUM_IO_WRITE_TIME])*100},null,8,["percentage"]),g(" "+ft(i[h(m).EXCLUSIVE_SUM_IO_WRITE_TIME].toLocaleString(void 0,{minimumFractionDigits:3}))+" ",1),ht.value?(w(),P("div",x9,[g(ft(h(cr)(i[h(m).EXCLUSIVE_SUM_IO_WRITE_TIME]))+" ",1),A[15]||(A[15]=v("br",null,null,-1)),g(" "+ft(h(Q0)(i[h(m).EXCLUSIVE_AVERAGE_SUM_IO_WRITE_SPEED])),1)])):Q("",!0)],64)):Q("",!0)]),_:1})):Q("",!0),A[85]||(A[85]=g()),t.columns.includes("rows")?(w(),P("td",w9,[Rt(kn,{percentage:i[h(m).ACTUAL_ROWS_REVISED]/h(o).planStats.maxRows*100},null,8,["percentage"]),A[17]||(A[17]=g()),Ce((w(),P("div",k9,[g(ft(h(vt)+i[h(m).ACTUAL_ROWS_REVISED]?.toLocaleString()),1)])),[[h(Be),{content:h(Z),allowHTML:!0}]])])):Q("",!0),A[86]||(A[86]=g()),t.columns.includes("estimation")?(w(),P("td",B9,[Rt(kn,{percentage:h(R)},null,8,["percentage"]),A[24]||(A[24]=g()),i[h(m).PLANNER_ESTIMATE_FACTOR]!=null?Ce((w(),P("div",D9,[i[h(m).PLANNER_ESTIMATE_FACTOR]!=1?(w(),P("div",P9,[h(S)?(w(),pe(Ml,{key:0,severity:h(S)},null,8,["severity"])):Q("",!0),A[20]||(A[20]=g()),v("span",M9,[v("span",{innerHTML:h(M_)(i[h(m).PLANNER_ESTIMATE_FACTOR]||0)},null,8,H9),A[18]||(A[18]=g()),i[h(m).PLANNER_ESTIMATE_DIRECTION]===h(In).under?(w(),P("span",W9,`
              
            `)):Q("",!0),A[19]||(A[19]=g()),i[h(m).PLANNER_ESTIMATE_DIRECTION]===h(In).over?(w(),P("span",U9,`
              
            `)):Q("",!0)])])):Q("",!0),A[23]||(A[23]=g()),ht.value&&i[h(m).PLANNER_ESTIMATE_FACTOR]!=1?(w(),P("div",$9,[A[21]||(A[21]=g(`
          Planned:`,-1)),A[22]||(A[22]=v("br",null,null,-1)),g(" "+ft(i[h(m).PLAN_ROWS_REVISED]?.toLocaleString()),1)])):Q("",!0)])),[[h(Be),{content:h(T),allowHTML:!0}]]):Q("",!0)])):Q("",!0),A[87]||(A[87]=g()),t.columns.includes("cost")?(w(),P("td",V9,[Rt(kn,{percentage:Math.round(i[h(m).EXCLUSIVE_COST]/h(o).planStats.maxCost*100)},null,8,["percentage"]),A[26]||(A[26]=g()),Ce((w(),P("div",F9,[h(p)?(w(),pe(Ml,{key:0,severity:h(p)},null,8,["severity"])):Q("",!0),A[25]||(A[25]=g()),v("span",G9,ft(h(P_)(i[h(m).EXCLUSIVE_COST])),1)])),[[h(Be),{content:h(d),allowHTML:!0}]])])):Q("",!0),A[88]||(A[88]=g()),t.columns.includes("loops")?(w(),P("td",z9,[i[h(m).ACTUAL_LOOPS]!=1?(w(),P("span",K9,ft(i[h(m).ACTUAL_LOOPS].toLocaleString()),1)):Q("",!0)])):Q("",!0),A[89]||(A[89]=g()),t.columns.includes("filter")?(w(),P("td",X9,[h(Et)?(w(),P(Kt,{key:0},[Rt(kn,{percentage:h(Tt)},null,8,["percentage"]),A[28]||(A[28]=g()),Ce((w(),P("div",Y9,[h(Ct)?(w(),pe(Ml,{key:0,severity:h(Ct)},null,8,["severity"])):Q("",!0),A[27]||(A[27]=g()),v("span",q9,ft(h(it))+"% ",1)])),[[h(Be),{content:h(q),allowHTML:!0}]]),A[29]||(A[29]=g()),ht.value?(w(),P("div",j9,ft(h(vt)+h(N)(h(U))),1)):Q("",!0)],64)):Q("",!0)])):Q("",!0),A[90]||(A[90]=g()),t.columns.includes("heapfetches")?(w(),P("td",J9,[Ce((w(),P("div",Z9,[h(C)?(w(),pe(Ml,{key:0,severity:h(C)},null,8,["severity"])):Q("",!0),A[30]||(A[30]=g()),v("span",Q9,ft(i[h(m).HEAP_FETCHES]?.toLocaleString()),1)])),[[h(Be),{content:h(D),allowHTML:!0}]])])):Q("",!0),A[91]||(A[91]=g()),v("td",{class:wt(["node-type",ht.value?"":"text-nowrap text-truncate overflow-hidden"]),style:{"max-width":"0"}},[Rt(zf,{isSubplan:t.isSubplan,isNode:"",isLastChild:t.isLastChild,level:t.level,branches:t.branches,index:t.index},null,8,["isSubplan","isLastChild","level","branches","index"]),A[58]||(A[58]=g()),v("div",tU,[v("b",eU,ft(h(tt)),1),A[50]||(A[50]=g()),v("span",nU,[i[h(m).RELATION_NAME]||i[h(m).FUNCTION_NAME]?(w(),P(Kt,{key:0},[A[32]||(A[32]=v("span",{class:"text-secondary"},"on",-1)),A[33]||(A[33]=g()),i[h(m).SCHEMA]?(w(),P("span",rU,ft(i[h(m).SCHEMA])+".",1)):Q("",!0),g(ft(i[h(m).RELATION_NAME])+ft(i[h(m).FUNCTION_NAME])+" ",1),i[h(m).ALIAS]?(w(),P("span",iU,[A[31]||(A[31]=v("span",{class:"text-secondary"},"as",-1)),g(" "+ft(i[h(m).ALIAS]),1)])):Q("",!0)],64)):i[h(m).ALIAS]?(w(),P(Kt,{key:1},[A[34]||(A[34]=v("span",{class:"text-secondary"},"on",-1)),A[35]||(A[35]=g()),v("span",{innerHTML:h(Zi)(i[h(m).ALIAS])},null,8,sU)],64)):Q("",!0),A[45]||(A[45]=g()),i[h(m).GROUP_KEY]?(w(),P(Kt,{key:2},[A[36]||(A[36]=v("span",{class:"text-secondary"},"by",-1)),A[37]||(A[37]=g()),v("span",{innerHTML:h(Zi)(i[h(m).GROUP_KEY])},null,8,oU)],64)):Q("",!0),A[46]||(A[46]=g()),i[h(m).SORT_KEY]?(w(),P(Kt,{key:3},[A[38]||(A[38]=v("span",{class:"text-secondary"},"by",-1)),A[39]||(A[39]=g()),v("span",{innerHTML:h(ay)(i[h(m).SORT_KEY],i[h(m).PRESORTED_KEY])},null,8,aU)],64)):Q("",!0),A[47]||(A[47]=g()),i[h(m).INDEX_NAME]?(w(),P(Kt,{key:4},[A[40]||(A[40]=v("span",{class:"text-secondary"},"using",-1)),A[41]||(A[41]=g()),v("span",{innerHTML:h(Zi)(i[h(m).INDEX_NAME])},null,8,lU)],64)):Q("",!0),A[48]||(A[48]=g()),i[h(m).HASH_CONDITION]?(w(),P(Kt,{key:5},[A[42]||(A[42]=v("span",{class:"text-secondary"},"on",-1)),A[43]||(A[43]=g()),v("span",{innerHTML:h(Zi)(i[h(m).HASH_CONDITION])},null,8,cU)],64)):Q("",!0),A[49]||(A[49]=g()),i[h(m).CTE_NAME]?(w(),P("span",uU,[A[44]||(A[44]=v("span",{class:"text-secondary"},"CTE",-1)),g(" "+ft(i[h(m).CTE_NAME]),1)])):Q("",!0)])]),A[59]||(A[59]=g()),A[60]||(A[60]=v("br",null,null,-1)),A[61]||(A[61]=g()),ht.value?(w(),P("div",{key:0,class:"plan-node position-relative detailed",style:{width:"100%"},onClick:A[5]||(A[5]=We(()=>{},["stop"]))},[v("div",dU,[h(n)(i[h(m).NODE_TYPE])?(w(),P("div",fU,[v("span",pU,ft(i[h(m).NODE_TYPE])+" Node",1),A[51]||(A[51]=g()),v("span",{innerHTML:h(n)(i[h(m).NODE_TYPE])},null,8,hU)])):Q("",!0),A[56]||(A[56]=g()),v("ul",mU,[v("li",_U,[v("a",{class:wt(["nav-link px-2 py-1",{active:c.value==="misc"}]),onClick:A[1]||(A[1]=We(I=>c.value="misc",["prevent","stop"])),href:""},"Misc",2)]),A[52]||(A[52]=g()),v("li",EU,[v("a",{class:wt(["nav-link px-2 py-1",{active:c.value==="output",disabled:!i[h(m).OUTPUT]}]),onClick:A[2]||(A[2]=We(I=>c.value="output",["prevent","stop"])),href:""},"Output",2)]),A[53]||(A[53]=g()),v("li",gU,[v("a",{class:wt(["nav-link px-2 py-1",{active:c.value==="workers",disabled:!(i[h(m).WORKERS_PLANNED]||i[h(m).WORKERS_PLANNED_BY_GATHER])}]),onClick:A[3]||(A[3]=We(I=>c.value="workers",["prevent","stop"])),href:""},"Workers",2)])]),A[57]||(A[57]=g()),v("div",TU,[v("div",{class:wt(["tab-pane p-1 border border-top-0",{"show active":c.value==="misc"}])},[Rt(uy,{node:i},null,8,["node"])],2),A[54]||(A[54]=g()),v("div",{class:wt(["tab-pane p-1 border border-top-0 overflow-auto font-monospace",{"show active":c.value==="output"}]),innerHTML:h(N)("OUTPUT"),style:{"max-height":"200px"},onMousewheel:A[4]||(A[4]=We(()=>{},["stop"]))},null,42,vU),A[55]||(A[55]=g()),v("div",{class:wt(["tab-pane p-1 border border-top-0 rounded rounded-top-start-0",{"show active":c.value==="workers"}])},[Rt(cy,{node:i},null,8,["node"])],2)])])])):Q("",!0)],2),A[92]||(A[92]=g()),t.columns.includes("shared.hit")?(w(),P("td",SU,[Rt(kn,{percentage:h(j)},null,8,["percentage"]),A[62]||(A[62]=g()),Ce((w(),P("div",AU,[g(ft(h(Vn)(i[h(m).EXCLUSIVE_SHARED_HIT_BLOCKS])),1)])),[[h(Be),{content:h(u)(h(m).EXCLUSIVE_SHARED_HIT_BLOCKS),allowHTML:!0}]]),A[63]||(A[63]=g()),ht.value?(w(),P("div",RU,ft(h(ar)(i[h(m).EXCLUSIVE_SHARED_HIT_BLOCKS])),1)):Q("",!0)])):Q("",!0),A[93]||(A[93]=g()),t.columns.includes("shared.read")?(w(),P("td",bU,[Rt(kn,{percentage:h(ct)},null,8,["percentage"]),A[64]||(A[64]=g()),Ce((w(),P("div",yU,[g(ft(h(Vn)(i[h(m).EXCLUSIVE_SHARED_READ_BLOCKS])),1)])),[[h(Be),{content:h(u)(h(m).EXCLUSIVE_SHARED_READ_BLOCKS),allowHTML:!0}]]),A[65]||(A[65]=g()),ht.value?(w(),P("div",OU,ft(h(ar)(i[h(m).EXCLUSIVE_SHARED_READ_BLOCKS])),1)):Q("",!0)])):Q("",!0),A[94]||(A[94]=g()),t.columns.includes("shared.dirtied")?(w(),P("td",LU,[Rt(kn,{percentage:h(B)},null,8,["percentage"]),A[66]||(A[66]=g()),Ce((w(),P("div",CU,[g(ft(h(Vn)(i[h(m).EXCLUSIVE_SHARED_DIRTIED_BLOCKS])),1)])),[[h(Be),{content:h(u)(h(m).EXCLUSIVE_SHARED_DIRTIED_BLOCKS),allowHTML:!0}]]),A[67]||(A[67]=g()),ht.value?(w(),P("div",IU,ft(h(ar)(i[h(m).EXCLUSIVE_SHARED_DIRTIED_BLOCKS])),1)):Q("",!0)])):Q("",!0),A[95]||(A[95]=g()),t.columns.includes("shared.written")?(w(),P("td",NU,[Rt(kn,{percentage:h(St)},null,8,["percentage"]),A[68]||(A[68]=g()),Ce((w(),P("div",xU,[g(ft(h(Vn)(i[h(m).EXCLUSIVE_SHARED_WRITTEN_BLOCKS])),1)])),[[h(Be),{content:h(u)(h(m).EXCLUSIVE_SHARED_WRITTEN_BLOCKS),allowHTML:!0}]]),A[69]||(A[69]=g()),ht.value?(w(),P("div",wU,ft(h(ar)(i[h(m).EXCLUSIVE_SHARED_WRITTEN_BLOCKS])),1)):Q("",!0)])):Q("",!0),A[96]||(A[96]=g()),t.columns.includes("temp.read")?(w(),P("td",kU,[Rt(kn,{percentage:h(Dt)},null,8,["percentage"]),A[70]||(A[70]=g()),Ce((w(),P("div",BU,[g(ft(h(Vn)(i[h(m).EXCLUSIVE_TEMP_READ_BLOCKS])),1)])),[[h(Be),{content:h(u)(h(m).EXCLUSIVE_TEMP_READ_BLOCKS),allowHTML:!0}]]),A[71]||(A[71]=g()),ht.value?(w(),P("div",DU,ft(h(ar)(i[h(m).EXCLUSIVE_TEMP_READ_BLOCKS])),1)):Q("",!0)])):Q("",!0),A[97]||(A[97]=g()),t.columns.includes("temp.written")?(w(),P("td",PU,[Rt(kn,{percentage:h(dt)},null,8,["percentage"]),A[72]||(A[72]=g()),Ce((w(),P("div",MU,[g(ft(h(Vn)(i[h(m).EXCLUSIVE_TEMP_WRITTEN_BLOCKS])),1)])),[[h(Be),{content:h(u)(h(m).EXCLUSIVE_TEMP_WRITTEN_BLOCKS),allowHTML:!0}]]),A[73]||(A[73]=g()),ht.value?(w(),P("div",HU,ft(h(ar)(i[h(m).EXCLUSIVE_TEMP_WRITTEN_BLOCKS])),1)):Q("",!0)])):Q("",!0),A[98]||(A[98]=g()),t.columns.includes("local.hit")?(w(),P("td",WU,[Rt(kn,{percentage:h(G)},null,8,["percentage"]),A[74]||(A[74]=g()),Ce((w(),P("div",UU,[g(ft(h(Vn)(i[h(m).EXCLUSIVE_LOCAL_HIT_BLOCKS])),1)])),[[h(Be),{content:h(u)(h(m).EXCLUSIVE_LOCAL_HIT_BLOCKS),allowHTML:!0}]]),A[75]||(A[75]=g()),ht.value?(w(),P("div",$U,ft(h(ar)(i[h(m).EXCLUSIVE_LOCAL_HIT_BLOCKS])),1)):Q("",!0)])):Q("",!0),A[99]||(A[99]=g()),t.columns.includes("local.read")?(w(),P("td",VU,[Rt(kn,{percentage:h(M)},null,8,["percentage"]),A[76]||(A[76]=g()),Ce((w(),P("div",FU,[g(ft(h(Vn)(i[h(m).EXCLUSIVE_LOCAL_READ_BLOCKS])),1)])),[[h(Be),{content:h(u)(h(m).EXCLUSIVE_LOCAL_READ_BLOCKS),allowHTML:!0}]]),A[77]||(A[77]=g()),ht.value?(w(),P("div",GU,ft(h(ar)(i[h(m).EXCLUSIVE_LOCAL_READ_BLOCKS])),1)):Q("",!0)])):Q("",!0),A[100]||(A[100]=g()),t.columns.includes("local.dirtied")?(w(),P("td",zU,[Rt(kn,{percentage:h(O)},null,8,["percentage"]),A[78]||(A[78]=g()),Ce((w(),P("div",KU,[g(ft(h(Vn)(i[h(m).EXCLUSIVE_LOCAL_DIRTIED_BLOCKS])),1)])),[[h(Be),{content:h(u)(h(m).EXCLUSIVE_LOCAL_DIRTIED_BLOCKS),allowHTML:!0}]]),A[79]||(A[79]=g()),ht.value?(w(),P("div",XU,ft(h(ar)(i[h(m).EXCLUSIVE_LOCAL_DIRTIED_BLOCKS])),1)):Q("",!0)])):Q("",!0),A[101]||(A[101]=g()),t.columns.includes("local.written")?(w(),P("td",YU,[Rt(kn,{percentage:h(z)},null,8,["percentage"]),A[80]||(A[80]=g()),Ce((w(),P("div",qU,[g(ft(h(Vn)(i[h(m).EXCLUSIVE_LOCAL_WRITTEN_BLOCKS])),1)])),[[h(Be),{content:h(u)(h(m).EXCLUSIVE_LOCAL_WRITTEN_BLOCKS),allowHTML:!0}]]),A[81]||(A[81]=g()),ht.value?(w(),P("div",jU,ft(h(ar)(i[h(m).EXCLUSIVE_LOCAL_WRITTEN_BLOCKS])),1)):Q("",!0)])):Q("",!0)],2))}}),ZU={class:"table table-sm table-hover"},QU={class:"table-secondary sticky-top",style:{"z-index":"2"}},t$={key:0,class:"table-group"},e$=["colspan"],n$=["colspan"],r$=["colspan"],i$=["colspan"],s$=["colspan"],o$={key:0,class:"text-center"},a$={key:1,class:"text-center"},l$={key:2,class:"text-center"},c$={key:3,class:"text-center"},u$={key:4,class:"text-center"},d$={key:5,class:"text-center"},f$={key:6,class:"text-center"},p$={key:7,class:"text-center"},h$={key:8,class:"text-center"},m$={key:9,class:"text-center"},_$={key:10,class:"text-center"},E$={key:11,class:"text-center"},g$={key:12,class:"text-center"},T$={key:13,class:"text-center"},v$={key:14,class:"text-center"},S$={key:15,class:"text-center"},A$={key:16,class:"text-center"},R$={key:17,class:"text-center"},b$={key:18,class:"text-center"},y$={key:0},O$=["colspan"],L$=["colspan"],C$={class:"fst-italic text-reset"},I$=Pe({__name:"Grid",props:{ctes:{},rootNode:{}},setup(t){const e=[[]];Fo(()=>{n(e[0],0,t.rootNode,!0,[]),X.each(t.ctes,Z=>{const B=[];n(B,0,Z,!0,[]),e.push(B)})}),Di(()=>{localStorage.setItem("gridIsNotNew","true")});function n(Z,B,j,ct,St){Z.push([B,j,ct,X.concat([],St)]),ct||St.push(B),X.each(j.Plans,Dt=>{n(Z,B+1,Dt,Dt===X.last(j.Plans),St)}),ct||St.pop()}function r(Z){return X.startsWith(Z[m.SUBPLAN_NAME],"CTE")}const i=kt(()=>X.some(e,Z=>X.some(Z,B=>B[1][m.EXCLUSIVE_DURATION]||!1))),o=kt(()=>X.some(e,Z=>X.some(Z,B=>B[1][m.IO_READ_TIME]||B[1][m.SHARED_IO_READ_TIME]||B[1][m.LOCAL_IO_READ_TIME]||B[1][m.TEMP_IO_READ_TIME]))),a=kt(()=>X.some(e,Z=>X.some(Z,B=>B[1][m.IO_WRITE_TIME]||B[1][m.SHARED_IO_WRITE_TIME]||B[1][m.LOCAL_IO_WRITE_TIME]||B[1][m.TEMP_IO_WRITE_TIME]))),c=kt(()=>o.value||a.value),u=kt(()=>X.filter([o.value,a.value],Z=>Z).length),p=kt(()=>X.some(e,Z=>X.some(Z,B=>B[1][m.ACTUAL_ROWS_REVISED]||!1))),d=kt(()=>X.some(e,Z=>X.some(Z,B=>B[1][m.PLANNER_ESTIMATE_FACTOR]||!1))),_=kt(()=>X.some(e,Z=>X.some(Z,B=>B[1][m.ACTUAL_LOOPS]>1))),S=kt(()=>X.some(e,Z=>X.some(Z,B=>B[1][m.EXCLUSIVE_COST]>1))),R=kt(()=>X.some(e,Z=>X.some(Z,B=>B[1][m.ROWS_REMOVED_BY_FILTER]||B[1][m.ROWS_REMOVED_BY_JOIN_FILTER]||B[1][m.ROWS_REMOVED_BY_INDEX_RECHECK]))),T=kt(()=>X.some(e,Z=>X.some(Z,B=>B[1][m.HEAP_FETCHES]))),b=kt(()=>X.filter([N.value,C.value,D.value,W.value],Z=>Z).length),N=kt(()=>X.some(e,Z=>X.some(Z,B=>B[1][m.EXCLUSIVE_SHARED_HIT_BLOCKS]))),C=kt(()=>X.some(e,Z=>X.some(Z,B=>B[1][m.EXCLUSIVE_SHARED_READ_BLOCKS]))),D=kt(()=>X.some(e,Z=>X.some(Z,B=>B[1][m.EXCLUSIVE_SHARED_DIRTIED_BLOCKS]))),W=kt(()=>X.some(e,Z=>X.some(Z,B=>B[1][m.EXCLUSIVE_SHARED_WRITTEN_BLOCKS]))),O=kt(()=>X.filter([G.value,M.value],Z=>Z).length),G=kt(()=>X.some(e,Z=>X.some(Z,B=>B[1][m.EXCLUSIVE_TEMP_READ_BLOCKS]))),M=kt(()=>X.some(e,Z=>X.some(Z,B=>B[1][m.EXCLUSIVE_TEMP_WRITTEN_BLOCKS]))),z=kt(()=>X.filter([tt.value,Et.value,Ct.value,Tt.value],Z=>Z).length),tt=kt(()=>X.some(e,Z=>X.some(Z,B=>B[1][m.EXCLUSIVE_LOCAL_HIT_BLOCKS]))),Et=kt(()=>X.some(e,Z=>X.some(Z,B=>B[1][m.EXCLUSIVE_LOCAL_READ_BLOCKS]))),Ct=kt(()=>X.some(e,Z=>X.some(Z,B=>B[1][m.EXCLUSIVE_LOCAL_DIRTIED_BLOCKS]))),Tt=kt(()=>X.some(e,Z=>X.some(Z,B=>B[1][m.EXCLUSIVE_LOCAL_WRITTEN_BLOCKS]))),it=kt(()=>{const Z=[];return i.value&&Z.push("time"),o.value&&Z.push("ioread"),a.value&&Z.push("iowrite"),p.value&&Z.push("rows"),d.value&&Z.push("estimation"),S.value&&Z.push("cost"),_.value&&Z.push("loops"),R.value&&Z.push("filter"),T.value&&Z.push("heapfetches"),Z}),U=kt(()=>{const Z=[];return N.value&&Z.push("shared.hit"),C.value&&Z.push("shared.read"),D.value&&Z.push("shared.dirtied"),W.value&&Z.push("shared.written"),G.value&&Z.push("temp.read"),M.value&&Z.push("temp.written"),tt.value&&Z.push("local.hit"),Et.value&&Z.push("local.read"),Ct.value&&Z.push("local.dirtied"),Tt.value&&Z.push("local.written"),Z}),q=kt(()=>[].concat(it.value,U.value));return(Z,B)=>(w(),P("div",null,[v("table",ZU,[v("thead",QU,[c.value||U.value.length>0?(w(),P("tr",t$,[B[0]||(B[0]=v("th",{colspan:"2"},null,-1)),B[1]||(B[1]=g()),c.value?(w(),P("th",{key:0,class:"text-center",colspan:u.value},"io",8,e$)):Q("",!0),B[2]||(B[2]=g()),v("th",{colspan:it.value.length-u.value},null,8,n$),B[3]||(B[3]=g()),b.value>0?(w(),P("th",{key:1,class:"text-center",colspan:b.value},`
            shared
          `,8,r$)):Q("",!0),B[4]||(B[4]=g()),O.value>0?(w(),P("th",{key:2,class:"text-center",colspan:O.value},`
            temp
          `,8,i$)):Q("",!0),B[5]||(B[5]=g()),z.value>0?(w(),P("th",{key:3,class:"text-center",colspan:z.value},`
            local
          `,8,s$)):Q("",!0)])):Q("",!0),B[28]||(B[28]=g()),v("tr",null,[B[6]||(B[6]=v("th",{class:"text-center"},null,-1)),B[7]||(B[7]=g()),i.value?(w(),P("th",o$,"time")):Q("",!0),B[8]||(B[8]=g()),o.value?(w(),P("th",a$,"read")):Q("",!0),B[9]||(B[9]=g()),a.value?(w(),P("th",l$,"write")):Q("",!0),B[10]||(B[10]=g()),p.value?(w(),P("th",c$,"rows")):Q("",!0),B[11]||(B[11]=g()),d.value?(w(),P("th",u$,"estim")):Q("",!0),B[12]||(B[12]=g()),S.value?(w(),P("th",d$,"cost")):Q("",!0),B[13]||(B[13]=g()),_.value?(w(),P("th",f$,"loops")):Q("",!0),B[14]||(B[14]=g()),R.value?(w(),P("th",p$,"filter")):Q("",!0),B[15]||(B[15]=g()),T.value?(w(),P("th",h$,"heap")):Q("",!0),B[16]||(B[16]=g()),B[17]||(B[17]=v("th",{style:{width:"100%"}},null,-1)),B[18]||(B[18]=g()),N.value?(w(),P("th",m$,"hit")):Q("",!0),B[19]||(B[19]=g()),C.value?(w(),P("th",_$,"read")):Q("",!0),B[20]||(B[20]=g()),D.value?(w(),P("th",E$,"dirt")):Q("",!0),B[21]||(B[21]=g()),W.value?(w(),P("th",g$,"writ")):Q("",!0),B[22]||(B[22]=g()),G.value?(w(),P("th",T$,"read")):Q("",!0),B[23]||(B[23]=g()),M.value?(w(),P("th",v$,"writ")):Q("",!0),B[24]||(B[24]=g()),tt.value?(w(),P("th",S$,"hit")):Q("",!0),B[25]||(B[25]=g()),Et.value?(w(),P("th",A$,"read")):Q("",!0),B[26]||(B[26]=g()),Ct.value?(w(),P("th",R$,"dirt")):Q("",!0),B[27]||(B[27]=g()),Tt.value?(w(),P("th",b$,"writ")):Q("",!0)])]),B[32]||(B[32]=g()),(w(),P(Kt,null,qe(e,(j,ct)=>v("tbody",{key:ct},[(w(!0),P(Kt,null,qe(j,(St,Dt)=>(w(),P(Kt,{key:Dt},[St[1][h(m).SUBPLAN_NAME]?(w(),P("tr",y$,[v("td",{class:"bg-light",colspan:1+it.value.length},null,8,O$),B[30]||(B[30]=g()),v("td",{class:wt(["plan pr-2 bg-light",{"font-weight-bold":r(St[1])}]),colspan:q.value.length+U.value.length},[Rt(zf,{isSubplan:!!St[1][h(m).SUBPLAN_NAME],isLastChild:!!St[2],level:St[0],branches:St[3],index:Dt},null,8,["isSubplan","isLastChild","level","branches","index"]),B[29]||(B[29]=g()),v("b",C$,ft(St[1][h(m).SUBPLAN_NAME]),1)],10,L$)])):Q("",!0),B[31]||(B[31]=g()),Rt(JU,{node:St[1],isSubplan:!!St[1][h(m).SUBPLAN_NAME],isLastChild:!!St[2],level:St[0],branches:St[3],index:Dt,columns:q.value},null,8,["node","isSubplan","isLastChild","level","branches","index","columns"])],64))),128))])),64))])]))}}),N$=sl(I$,[["__scopeId","data-v-fca44b36"]]),x$={},w$={src:"data:image/png;base64,iVBORw0KGgoAAAANSUhEUgAAADAAAAAwCAYAAABXAvmHAAAABHNCSVQICAgIfAhkiAAAAAlwSFlzAAAC1QAAAtUBwMJvJQAAABl0RVh0U29mdHdhcmUAd3d3Lmlua3NjYXBlLm9yZ5vuPBoAAAf5SURBVGiB7Zp7UFT3Fcc/v3vv8kaQgA8CEmtE8ZEYiVETjS+UkUcm09FM0rE2iRPttOOjY60WbLwNQoI6I9HONNo2rbZpxmo7RkBH8Z34qJpEx2cdoxHREZ8gu+yyu9xf/4BddoFdFlzTOu33r7vnd37nnO+9v9c5vxUEGfp4PcwWpb1pSDFTQBqAhPNCig3h9fYN+n7dFkx/IpjGFucsz0WKEuB7PlSqEOQXl+X9GYQMhs+gEPhFdkGaQFkNZAbkVHJAKur84rIlpx7W90MR+FmmHhdqClkmpfwpoLrkIWEhjJs2iuEThgLw1b7THNhyFLvN7tndEEJ+oihiUdG2/OquxtAlArPT15niet15S0IhEO82JmDIS2lkz5pEbEI3rz5198xU/PVzju88iZReo6dGwAcWI7pk7Y55DY+cwJLsggwDZbWAIZ7ypP69yZ09mZS0JL/9r1+6ybb1u7h6rqp100VDioUrt+eVdSaegAksyinor0i1EOR0T3m3uCgyfjCWEZnDECIwc1LCmUPn2f7xXu7fqm0d0m4U54Li0nfPBmKrQ4/6dD3KZjX9XEqWAKEuuaqpjMoazpQfjiM0PCSgwFvD0eDgwN+PcmDLERx2p1eTEOK3Ns2+rGSrXtMlArquK9YTphlIVgA9PdvSXuhP7uzJxPWK7VLgrVF7p46dG/fz9b7TeE8P7iF473J4/99s3vxaY3t92yWwKLtorIJcAwzzlPdIjifnnQxSh/ta5h8Ol89UUra+ghuX2yxKJw3EvJXleZ+3bmhDYHF20bsglwGKSxYRHc6kN8YwOud5FMX/qLOabVRfvY3R6lUqQtAzJYHwqDC//aWUfL3vLNs/3oO5xuLZZEjQV5TnF/gksDiraA5CfuT6rWoK6RnPkjlzHJHdIvw6djnf8cd91NdZ222PiA5n6lsTAprsVouN/ZuPcOizYzgdLaNHwJwPyvPXtyGg5+oRVsNUBXQHSElLYtr8bBKSnujQmQt2m51t6yr86rwyZzIhYYFP+ttVd9lcUkblhesuUU2jIyRp1a5FFvAYJjap5bqCj03oxqyC1zsV/KNCQtITzCp4g5h498YYq5kaslw/3ASkVAa4ngePHtCpt/SoERoewuDRqe7fBmKg61lpUTOiXU9hEaH8tyE8smXyC6T7cyjtaj9GCCoB1aShqL5NKqqCatKC6ZKgWlNVhRFTnuXquSoMQ3Lr2h2gaQNUFEHKoCRUPwS7guC+DiA5NZHk1EQMQ/KPtdsBGPPqCx1ugF3FYz8HuvwFzLX1OBocPtul0XKUqLlVi/DzBUJCTUTGdLzTt4cuEThRcYpv2yYkPrF306EOdfoOTiY945lOx9JpAubaer49V4WiKv4PZhIsD+oBms5RfqaA1WzjytlrDBzxdKe/RKcJOJoT86jYSKbMeNmnnuckzvzReL+TeNdfDvLgbh12m73TBP53JrGUEqvZhtXcVFgzGg0stfVoIVqblNJqseG0txyBm/RUr+MAwP1bNVhqrdQ/sNJgtXPz6m1sVjs9+8SjKIG924AIOB1O9m46zIO7dW6ZucbCjj/tA2DQqFQGjewPwOHSE20yqp0b9wPwZL9ejM5JB+DTFVs5dfCcl97pL84DEBkTwcKPfkxEtP/kBwIcQvdv1XoF3xquEomjwdleOujG9W9uupP3iycu+9Sz1NZz8ctLgYQWGAHPNb3d9ub0UUojAFtNOkYHuk5nuzl8Gzz2k/j/BP7TaCEgFXeNr3VVoaMlzbVJBbL0uXT85Q0Amua9QJpr6z2t3Hc/uR6EYrhrkacPXfAi0b1XLPGJcT6D7zfsqSanIRpPDU5ut2wihKDv4GS0kKbAnhk7yOcBL65nDGnNyzI0HUnOHvlXi4JsidVtYe7UNaERqrkSKXsA9OgTz7R52fQZ+KS7n9PubFOw0jS1zdtsdDbS2Oi9yqiqgqqpXjK7zYHV4n3jpGmq13Gi8sJ1tnxY7k6OgOrwCEcffbNu9yIAsCR7+XSJ+JubXXO9P+vtiXTvEcN3iQf3zOxue58gpRCvrSjL2+KOsXXH5urch3hUok2hJl7MfZ5Jr7/0yMstDruTw9uOs3fTIRqsXjc6DQgxt7gs73eewnYHYV524ZBGKAEmecpj4qPJnDmB5yYMIcCrgE7h/LFLlK7bxb3qNhX1PSosKCrPP9O6wW8YzbeOq4F+nvLkAYm8MnsKyQMSHzpogBuXqyldX8GVM5Vecim5JhSWFpflb/TVt8P3ODt9nal77zs/QfIe4C4oCSF4bsIQst6eSFRsZJcCr6+zsufTLzhSdgLD+7hiEYJVYWbHBx3dKwc8EPIyC3s7NXQBs2h1I/ny90cyfvqLaCbVj4UWNDoNjm7/kopPDmKzeN3rSRBbNM1YWPjZ0muB2OrCJd/76RKjBBjjKY9PjCNz5jiGjknz2//SySuUrt9NdeVt7wbJcUUR898vyzvSmXi6PBUX5yzPFVKslZDiKX96WF9y38mgZ0qCl/6d6/co/8Nuzh9rc0y+IeDXYSMcv9d1vePjbCs81Fqi5+oRNsM0V8JSIMolVzWFkVOHM3zi0OYblzP8c8dXNDq94rNKWIOqFa7Ytth3stEBgvNXg6nFSYrqKJJSzAjEphCyzCnkvFWlv7rysL6Dupr/MqtopKHIEiSjfKicNBSxYGVp3oFg+Qz6dqTrulJ/PORVIeWbCAYBIDknkBu+iUzd6uu6tKv4N+243iwIA9v6AAAAAElFTkSuQmCC",alt:"PEV2",style:{width:"20px",height:"20px"}};function k$(t,e){return w(),P("img",w$)}const Vv=sl(x$,[["render",k$]]),B$={class:"card-header border-top"},D$={key:0,class:"node-description"},P$={class:"node-type"},M$=["innerHTML"],H$={class:"nav nav-tabs card-header-tabs"},W$={class:"nav-item"},U$={class:"nav-item"},$$={class:"nav-item"},V$={class:"nav-item"},F$={class:"nav-item"},G$={class:"card-body tab-content"},z$={key:0},K$=["innerHTML"],X$={class:"px-1"},Y$={key:0,class:"text-secondary"},q$={key:1},j$={key:0},J$={key:1},Z$={key:2},Q$=["innerHTML"],tV={key:1},eV={class:"px-1"},nV={key:2},rV=["innerHTML"],iV={key:3},sV={class:"text-secondary"},oV={key:4},aV={class:"px-1"},lV={class:"table table-sm"},cV=["innerHTML"],uV=["innerHTML"],dV=["innerHTML"],fV=["innerHTML"],pV=["innerHTML"],hV=["innerHTML"],mV=["innerHTML"],_V=["innerHTML"],EV=["innerHTML"],gV=["innerHTML"],TV={key:0,class:"mb-2"},vV={class:"more-info"},SV={key:0},AV={class:"more-info"},RV=["innerHTML"],bV=Pe({__name:"PlanNodeDetail",props:{node:{}},setup(t){const e=be(Ys),n=t,r=be("updateSize"),i=Pn(n.node),o=be(qs),a=Yt(),c=Yt("general"),p=new il().getNodeTypeDescription,{costClass:d,durationClass:_,estimationClass:S,executionTimePercent:R,filterDetailTooltip:T,formattedProp:b,heapFetchesClass:N,indexRecheckTooltip:C,plannerRowEstimateDirection:D,plannerRowEstimateValue:W,rowsRemoved:O,rowsRemovedClass:G,rowsRemovedPercentString:M,rowsRemovedProp:z,tilde:tt}=Ko(o,i,e);Fo(()=>{Ct()});const Et=kt(()=>S.value&&D.value!==In.none&&W.value);function Ct(){a.value=X.chain(i).omit(m.PLANS).omit(m.WORKERS).map((it,U)=>({key:U,value:it})).value()}const Tt=kt(()=>{const it=["EXCLUSIVE_SHARED_HIT_BLOCKS","EXCLUSIVE_SHARED_READ_BLOCKS","EXCLUSIVE_SHARED_DIRTIED_BLOCKS","EXCLUSIVE_SHARED_WRITTEN_BLOCKS","EXCLUSIVE_TEMP_READ_BLOCKS","EXCLUSIVE_TEMP_WRITTEN_BLOCKS","EXCLUSIVE_LOCAL_HIT_BLOCKS","EXCLUSIVE_LOCAL_READ_BLOCKS","EXCLUSIVE_LOCAL_DIRTIED_BLOCKS","EXCLUSIVE_LOCAL_WRITTEN_BLOCKS","EXCLUSIVE_IO_READ_TIME","EXCLUSIVE_IO_WRITE_TIME"],U=X.map(it,Z=>{const B=i[m[Z]];return X.isNaN(B)?0:B});return X.sum(U)>0});return Ze(c,()=>{window.setTimeout(()=>r&&r(i),1)}),(it,U)=>(w(),P(Kt,null,[v("div",B$,[h(p)(i[h(m).NODE_TYPE])?(w(),P("div",D$,[v("span",P$,ft(i[h(m).NODE_TYPE])+" Node",1),U[6]||(U[6]=g()),v("span",{innerHTML:h(p)(i[h(m).NODE_TYPE])},null,8,M$)])):Q("",!0),U[11]||(U[11]=g()),v("ul",H$,[v("li",W$,[v("a",{class:wt(["nav-link",{active:c.value==="general"}]),onClick:U[0]||(U[0]=We(q=>c.value="general",["prevent","stop"])),href:""},"General",2)]),U[7]||(U[7]=g()),v("li",U$,[v("a",{class:wt(["nav-link text-nowrap",{active:c.value==="iobuffer",disabled:!Tt.value}]),onClick:U[1]||(U[1]=We(q=>c.value="iobuffer",["prevent","stop"])),href:""},"IO & Buffers",2)]),U[8]||(U[8]=g()),v("li",$$,[v("a",{class:wt(["nav-link",{active:c.value==="output",disabled:!i[h(m).OUTPUT]}]),onClick:U[2]||(U[2]=We(q=>c.value="output",["prevent","stop"])),href:""},"Output",2)]),U[9]||(U[9]=g()),v("li",V$,[v("a",{class:wt(["nav-link",{active:c.value==="workers",disabled:!(i[h(m).WORKERS_PLANNED]||i[h(m).WORKERS_PLANNED_BY_GATHER])}]),onClick:U[3]||(U[3]=We(q=>c.value="workers",["prevent","stop"])),href:""},"Workers",2)]),U[10]||(U[10]=g()),v("li",F$,[v("a",{class:wt(["nav-link",{active:c.value==="misc"}]),onClick:U[4]||(U[4]=We(q=>c.value="misc",["prevent","stop"])),href:""},"Misc",2)])])]),U[81]||(U[81]=g()),v("div",G$,[v("div",{class:wt(["tab-pane",{"show active":c.value==="general"}])},[h(o).isAnalyze?(w(),P("div",z$,[Rt(h(Ee),{"fixed-width":"",icon:h(ty),class:"text-secondary"},null,8,["icon"]),U[14]||(U[14]=g()),U[15]||(U[15]=v("b",null,"Timing:",-1)),U[16]||(U[16]=g()),v("span",{class:wt(["p-0 px-1 rounded alert",h(_)]),innerHTML:h(b)("EXCLUSIVE_DURATION")},null,10,K$),U[17]||(U[17]=g()),h(R)&&h(R)!==1/0?(w(),P(Kt,{key:0},[U[12]||(U[12]=g(`
          |
          `,-1)),v("strong",null,ft(h(R)),1),U[13]||(U[13]=v("span",{class:"text-secondary"},"%",-1))],64)):Q("",!0)])):Q("",!0),U[44]||(U[44]=g()),v("div",null,[Rt(h(Ee),{"fixed-width":"",icon:h(bW),class:"text-secondary"},null,8,["icon"]),U[24]||(U[24]=g()),U[25]||(U[25]=v("b",null,"Rows:",-1)),U[26]||(U[26]=g()),v("span",X$,ft(h(tt)+h(b)("ACTUAL_ROWS_REVISED")),1),U[27]||(U[27]=g()),i[h(m).PLAN_ROWS]?(w(),P("span",Y$,"(Planned: "+ft(h(tt)+h(b)("PLAN_ROWS_REVISED"))+")",1)):Q("",!0),U[28]||(U[28]=g()),h(D)!==h(In).none&&Et.value?(w(),P("span",q$,[U[21]||(U[21]=g(`
          |
          `,-1)),h(D)===h(In).over?(w(),P("span",j$,[Rt(h(Ee),{icon:h(ry)},null,8,["icon"]),U[18]||(U[18]=g(" over",-1))])):Q("",!0),U[22]||(U[22]=g()),h(D)===h(In).under?(w(),P("span",J$,[Rt(h(Ee),{icon:h(ey)},null,8,["icon"]),U[19]||(U[19]=g(" under",-1))])):Q("",!0),U[23]||(U[23]=g(`
          estimated
          `,-1)),h(W)!=1/0?(w(),P("span",Z$,[U[20]||(U[20]=g(`
            by
            `,-1)),v("span",{class:wt(["p-0 px-1 alert",h(S)]),innerHTML:h(b)("PLANNER_ESTIMATE_FACTOR")},null,10,Q$)])):Q("",!0)])):Q("",!0)]),U[45]||(U[45]=g()),h(O)?(w(),P("div",tV,[Rt(h(Ee),{"fixed-width":"",icon:h(j0),class:"text-secondary"},null,8,["icon"]),U[30]||(U[30]=g()),v("b",null,ft(h(m)[h(z)])+": ",1),U[31]||(U[31]=g()),v("span",null,[v("span",eV,ft(h(tt)+h(b)(h(z))),1),U[29]||(U[29]=g(`|
          `,-1)),v("span",{class:wt(["p-0 px-1 alert",h(G)])},ft(h(M))+"%",3)]),U[32]||(U[32]=g()),h(z)=="ROWS_REMOVED_BY_INDEX_RECHECK_REVISED"?Ce((w(),pe(h(Ee),{key:0,"fixed-width":"",icon:h(Ms),class:"text-muted"},null,8,["icon"])),[[h(Be),{allowHTML:!0,content:h(C)}]]):Ce((w(),pe(h(Ee),{key:1,"fixed-width":"",icon:h(Ms),class:"text-muted"},null,8,["icon"])),[[h(Be),{allowHTML:!0,content:h(T)}]])])):Q("",!0),U[46]||(U[46]=g()),i[h(m).HEAP_FETCHES]?(w(),P("div",nV,[Rt(h(Ee),{"fixed-width":"",icon:h(iy),class:"text-secondary"},null,8,["icon"]),U[33]||(U[33]=g()),U[34]||(U[34]=v("b",null,"Heap Fetches:",-1)),U[35]||(U[35]=g()),v("span",{class:wt(["p-0 px-1 rounded alert",h(N)]),innerHTML:h(b)("HEAP_FETCHES")},null,10,rV),U[36]||(U[36]=g()),h(N)?Ce((w(),pe(h(Ee),{key:0,icon:h(Ms),"fixed-width":"",class:"text-secondary"},null,8,["icon"])),[[h(Be),{arrow:!0,content:"Visibility map may be out-of-date. Consider using VACUUM or change autovacuum settings."}]]):Q("",!0)])):Q("",!0),U[47]||(U[47]=g()),h(X).isUndefined(i[h(m).EXCLUSIVE_COST])?Q("",!0):(w(),P("div",iV,[Rt(h(Ee),{"fixed-width":"",icon:h(sy),class:"text-secondary"},null,8,["icon"]),U[37]||(U[37]=g()),U[38]||(U[38]=v("b",null,"Cost:",-1)),U[39]||(U[39]=g()),v("span",{class:wt(["p-0 px-1 me-1 alert",h(d)])},ft(h(b)("EXCLUSIVE_COST")),3),U[40]||(U[40]=g()),v("span",sV,"(Total: "+ft(h(b)("TOTAL_COST"))+")",1)])),U[48]||(U[48]=g()),i[h(m).ACTUAL_LOOPS]>1?(w(),P("div",oV,[Rt(h(Ee),{"fixed-width":"",icon:h(IW),class:"text-secondary"},null,8,["icon"]),U[41]||(U[41]=g()),U[42]||(U[42]=v("b",null,"Loops:",-1)),U[43]||(U[43]=g()),v("span",aV,ft(h(b)("ACTUAL_LOOPS")),1)])):Q("",!0)],2),U[77]||(U[77]=g()),v("div",{class:wt(["tab-pane",{"show active":c.value==="iobuffer"}])},[Rt(Sc,{node:i,exclusive:""},null,8,["node"]),U[75]||(U[75]=g()),v("table",lV,[U[68]||(U[68]=v("thead",null,[v("tr",null,[v("th",null,"Blocks"),g(),v("td",{class:"text-end",width:"25%"},"Hit"),g(),v("td",{class:"text-end",width:"25%"},"Read"),g(),v("td",{class:"text-end",width:"25%"},"Dirtied"),g(),v("td",{class:"text-end",width:"25%"},"Written")])],-1)),U[69]||(U[69]=g()),v("tbody",null,[v("tr",null,[U[49]||(U[49]=v("td",null,"Shared",-1)),U[50]||(U[50]=g()),v("td",{class:"text-end",innerHTML:h(b)("EXCLUSIVE_SHARED_HIT_BLOCKS")||"-"},null,8,cV),U[51]||(U[51]=g()),v("td",{class:"text-end",innerHTML:h(b)("EXCLUSIVE_SHARED_READ_BLOCKS")||"-"},null,8,uV),U[52]||(U[52]=g()),v("td",{class:"text-end",innerHTML:h(b)("EXCLUSIVE_SHARED_DIRTIED_BLOCKS")||"-"},null,8,dV),U[53]||(U[53]=g()),v("td",{class:"text-end",innerHTML:h(b)("EXCLUSIVE_SHARED_WRITTEN_BLOCKS")||"-"},null,8,fV)]),U[66]||(U[66]=g()),v("tr",null,[U[54]||(U[54]=v("td",null,"Temp",-1)),U[55]||(U[55]=g()),U[56]||(U[56]=v("td",{class:"text-end bg-hatched"},null,-1)),U[57]||(U[57]=g()),v("td",{class:"text-end",innerHTML:h(b)("EXCLUSIVE_TEMP_READ_BLOCKS")||"-"},null,8,pV),U[58]||(U[58]=g()),U[59]||(U[59]=v("td",{class:"text-end bg-hatched"},null,-1)),U[60]||(U[60]=g()),v("td",{class:"text-end",innerHTML:h(b)("EXCLUSIVE_TEMP_WRITTEN_BLOCKS")||"-"},null,8,hV)]),U[67]||(U[67]=g()),v("tr",null,[U[61]||(U[61]=v("td",null,"Local",-1)),U[62]||(U[62]=g()),v("td",{class:"text-end",innerHTML:h(b)("EXCLUSIVE_LOCAL_HIT_BLOCKS")||"-"},null,8,mV),U[63]||(U[63]=g()),v("td",{class:"text-end",innerHTML:h(b)("EXCLUSIVE_LOCAL_READ_BLOCKS")||"-"},null,8,_V),U[64]||(U[64]=g()),v("td",{class:"text-end",innerHTML:h(b)("EXCLUSIVE_LOCAL_DIRTIED_BLOCKS")||"-"},null,8,EV),U[65]||(U[65]=g()),v("td",{class:"text-end",innerHTML:h(b)("EXCLUSIVE_LOCAL_WRITTEN_BLOCKS")||"-"},null,8,gV)])])]),U[76]||(U[76]=g()),i[h(m).WAL_RECORDS]||i[h(m).WAL_BYTES]?(w(),P("div",TV,[v("b",null,[Ce((w(),P("span",vV,[...U[70]||(U[70]=[g("WAL",-1)])])),[[h(Be),"Write-Ahead Logging"]]),U[71]||(U[71]=g(`:
        `,-1))]),g(" "+ft(h(b)("WAL_RECORDS"))+` records
        `,1),v("small",null,"("+ft(h(b)("WAL_BYTES"))+")",1),U[74]||(U[74]=g()),i[h(m).WAL_FPI]?(w(),P("span",SV,[U[73]||(U[73]=g(`
          -
          `,-1)),Ce((w(),P("span",AV,[...U[72]||(U[72]=[g("FPI",-1)])])),[[h(Be),"WAL Full Page Images"]]),g(`:
          `+ft(h(b)("WAL_FPI")),1)])):Q("",!0)])):Q("",!0)],2),U[78]||(U[78]=g()),v("div",{class:wt(["tab-pane overflow-auto font-monospace",{"show active":c.value==="output"}]),innerHTML:h(b)("OUTPUT"),style:{"max-height":"200px"},onMousewheel:U[5]||(U[5]=We(()=>{},["stop"]))},null,42,RV),U[79]||(U[79]=g()),i[h(m).WORKERS_PLANNED]||i[h(m).WORKERS_PLANNED_BY_GATHER]?(w(),P("div",{key:0,class:wt(["tab-pane",{"show active":c.value==="workers"}])},[Rt(cy,{node:i},null,8,["node"])],2)):Q("",!0),U[80]||(U[80]=g()),v("div",{class:wt(["tab-pane",{"show active":c.value==="misc"}])},[Rt(uy,{node:i},null,8,["node"])],2)])],64))}}),yV={key:5,class:"p-0 d-inline-block mb-0 ms-1 text-nowrap"},OV=Pe({__name:"NodeBadges",props:{node:{}},setup(t){const n=Pn(t.node),r=be(qs),i=be(Ys),{rowsRemoved:o,costClass:a,durationClass:c,estimationClass:u,rowsRemovedClass:p,heapFetchesClass:d,filterTooltip:_}=Ko(r,n,i);return(S,R)=>(w(),P(Kt,null,[h(c)?Ce((w(),P("span",{key:0,class:wt("p-0  d-inline-block mb-0 ms-1 text-nowrap alert "+h(c))},[Rt(h(Ee),{"fixed-width":"",icon:h(ty)},null,8,["icon"])],2)),[[h(Be),"Slow"]]):Q("",!0),R[0]||(R[0]=g()),h(a)?Ce((w(),P("span",{key:1,class:wt("p-0  d-inline-block mb-0 ms-1 text-nowrap alert "+h(a))},[Rt(h(Ee),{"fixed-width":"",icon:h(sy)},null,8,["icon"])],2)),[[h(Be),"Cost is high"]]):Q("",!0),R[1]||(R[1]=g()),h(u)?Ce((w(),P("span",{key:2,class:wt("p-0  d-inline-block mb-0 ms-1 text-nowrap alert "+h(u))},[Rt(h(Ee),{"fixed-width":"",icon:h(xW)},null,8,["icon"])],2)),[[h(Be),"Bad estimation for number of rows"]]):Q("",!0),R[2]||(R[2]=g()),h(p)?Ce((w(),P("span",{key:3,class:wt("p-0  d-inline-block mb-0 ms-1 text-nowrap alert "+h(p))},[Rt(h(Ee),{"fixed-width":"",icon:h(j0)},null,8,["icon"])],2)),[[h(Be),h(_)]]):Q("",!0),R[3]||(R[3]=g()),h(d)?Ce((w(),P("span",{key:4,class:wt("p-0  d-inline-block mb-0 ms-1 text-nowrap alert "+h(d))},[Rt(h(Ee),{"fixed-width":"",icon:h(iy)},null,8,["icon"])],2)),[[h(Be),{arrow:!0,content:"Heap Fetches number is high"}]]):Q("",!0),R[4]||(R[4]=g()),h(o)&&!h(p)?Ce((w(),P("span",yV,[Rt(h(Ee),{"fixed-width":"",icon:h(j0),class:"text-secondary"},null,8,["icon"])])),[[h(Be),h(_)]]):Q("",!0)],64))}}),LV={key:0,class:"fixed-bottom text-center"},CV={class:"subplan-name fst-italic px-1"},IV={key:1,class:"workers text-secondary py-0 px-1"},NV={class:"card-body header no-focus-outline"},xV={class:"mb-0 d-flex justify-content-between"},wV={class:"text-secondary"},kV={class:"text-nowrap"},BV={class:"text-start font-monospace"},DV={key:0},PV={key:1},MV=["innerHTML"],HV=["innerHTML"],WV=["innerHTML"],UV=["innerHTML"],$V=["innerHTML"],VV={key:6},FV={key:0},GV={class:"progress node-bar-container",style:{height:"5px"}},zV={class:"node-bar-label"},KV={class:"text-secondary"},XV=["innerHTML"],YV={key:1,class:"text-end"},Fv=Pe({__name:"PlanNode",props:{node:{}},setup(t){const e=Yt(null),n=be(Qd);if(!n)throw new Error(`Could not resolve ${Qd.description}`);const r=be(Ff),i=be(Ho);if(!i)throw new Error(`Could not resolve ${Ho.description}`);const o=be(Ys),a=t,c=Yt(!1),u=Pn(a.node),p=be(qs),d=be("updateNodeSize"),{nodeName:_,barWidth:S,barColor:R,highlightValue:T,isNeverExecuted:b,workersLaunchedCount:N,workersPlannedCount:C,workersPlannedCountReversed:D}=Ko(p,u,o);Di(async()=>{W(u)});function W(G){const M=e.value?.getBoundingClientRect();M&&d?.(G,[M.width,M.height])}mn("updateSize",W),Ze(c,()=>{window.setTimeout(()=>W(u),1)}),Ze(o,()=>{es(()=>{W(u)})}),Ze(n,()=>{n.value==u.nodeId&&(c.value=!0)});function O(){const G=GW(p.value,u[m.CTE_NAME]);G&&i?.(G.nodeId,!0)}return(G,M)=>(w(),P("div",{ref_key:"outerEl",ref:e,onMousedown:M[4]||(M[4]=We(()=>{},["stop"]))},[v("div",{class:wt(["text-start plan-node",{detailed:c.value,parallel:h(C),selected:h(n)==u.nodeId,highlight:h(r)==u.nodeId}])},[u[h(m).SUBPLAN_NAME]?(w(),P("div",LV,[v("b",CV,ft(u[h(m).SUBPLAN_NAME]),1)])):Q("",!0),M[34]||(M[34]=g()),h(C)?(w(),P("div",IV,[(w(!0),P(Kt,null,qe(h(D),z=>(w(),P("div",{key:z,style:en({top:1+z*2+"px",left:1+(z+1)*3+"px"}),class:wt({"border-dashed":z>=h(N)})},null,6))),128))])):Q("",!0),M[35]||(M[35]=g()),v("div",{class:wt(["plan-node-body card",{"never-executed":h(b)}]),onMouseenter:M[2]||(M[2]=z=>r.value=u.nodeId),onMouseleave:M[3]||(M[3]=z=>r.value=void 0)},[v("div",NV,[v("header",xV,[v("h4",{class:"text-body overflow-hidden btn btn-light text-start py-0 px-1",onClick:M[0]||(M[0]=We(z=>c.value=!c.value,["prevent","stop"]))},[v("span",wV,[c.value?(w(),pe(h(Ee),{key:0,"fixed-width":"",icon:h(RW)},null,8,["icon"])):(w(),pe(h(Ee),{key:1,"fixed-width":"",icon:h(ny)},null,8,["icon"]))]),g(" "+ft(h(_)),1)]),M[6]||(M[6]=g()),v("div",kV,[Rt(OV,{node:u},null,8,["node"]),M[5]||(M[5]=g()),v("a",{class:"fw-normal small ms-1",href:"",onClick:M[1]||(M[1]=We(z=>h(i)(u.nodeId,!0),["prevent","stop"]))},`
                #`+ft(u.nodeId),1)])]),M[29]||(M[29]=g()),v("div",BV,[u[h(m).RELATION_NAME]||u[h(m).FUNCTION_NAME]?(w(),P("div",{key:0,class:wt({"line-clamp-2":!c.value})},[M[8]||(M[8]=v("span",{class:"text-secondary"},"on",-1)),M[9]||(M[9]=g()),u[h(m).SCHEMA]?(w(),P("span",DV,ft(u[h(m).SCHEMA])+".",1)):Q("",!0),g(ft(u[h(m).RELATION_NAME])+" "+ft(u[h(m).FUNCTION_NAME])+" ",1),u[h(m).ALIAS]?(w(),P("span",PV,[M[7]||(M[7]=v("span",{class:"text-secondary"},"as",-1)),g(" "+ft(u[h(m).ALIAS]),1)])):Q("",!0)],2)):u[h(m).ALIAS]?(w(),P("div",{key:1,class:wt({"line-clamp-2":!c.value})},[M[10]||(M[10]=v("span",{class:"text-secondary"},"on",-1)),M[11]||(M[11]=g()),v("span",{innerHTML:h(Zi)(u[h(m).ALIAS])},null,8,MV)],2)):Q("",!0),M[22]||(M[22]=g()),u[h(m).GROUP_KEY]?(w(),P("div",{key:2,class:wt({"line-clamp-2":!c.value})},[M[12]||(M[12]=v("span",{class:"text-secondary"},"by",-1)),M[13]||(M[13]=g()),v("span",{innerHTML:h(Zi)(u[h(m).GROUP_KEY])},null,8,HV)],2)):Q("",!0),M[23]||(M[23]=g()),u[h(m).SORT_KEY]?(w(),P("div",{key:3,class:wt({"line-clamp-2":!c.value})},[M[14]||(M[14]=v("span",{class:"text-secondary"},"by",-1)),M[15]||(M[15]=g()),v("span",{innerHTML:h(ay)(u[h(m).SORT_KEY],u[h(m).PRESORTED_KEY])},null,8,WV)],2)):Q("",!0),M[24]||(M[24]=g()),u[h(m).INDEX_NAME]?(w(),P("div",{key:4,class:wt({"line-clamp-2":!c.value})},[M[16]||(M[16]=v("span",{class:"text-secondary"},"using",-1)),M[17]||(M[17]=g()),v("span",{innerHTML:h(Zi)(u[h(m).INDEX_NAME])},null,8,UV)],2)):Q("",!0),M[25]||(M[25]=g()),u[h(m).HASH_CONDITION]?(w(),P("div",{key:5,class:wt({"line-clamp-2":!c.value})},[M[18]||(M[18]=v("span",{class:"text-secondary"},"on",-1)),M[19]||(M[19]=g()),v("span",{innerHTML:h(Zi)(u[h(m).HASH_CONDITION])},null,8,$V)],2)):Q("",!0),M[26]||(M[26]=g()),u[h(m).CTE_NAME]?(w(),P("div",VV,[v("a",{class:"text-reset",href:"",onClick:We(O,["prevent","stop"])},[Rt(h(Ee),{icon:h(kW),class:"text-secondary"},null,8,["icon"]),M[20]||(M[20]=g()),M[21]||(M[21]=v("span",{class:"text-secondary"},"CTE",-1)),g(" "+ft(u[h(m).CTE_NAME]),1)])])):Q("",!0)]),M[30]||(M[30]=g()),h(o).highlightType!==h(Rr).NONE&&h(T)!==null?(w(),P("div",FV,[v("div",GV,[v("div",{class:"progress-bar",role:"progressbar",style:en({width:h(S)+"%","background-color":h(R)}),"aria-valuenow":"0","aria-valuemin":"0","aria-valuemax":"100"},null,4)]),M[28]||(M[28]=g()),v("span",zV,[v("span",KV,ft(h(o).highlightType)+":",1),M[27]||(M[27]=g()),v("span",{innerHTML:h(T)},null,8,XV)])])):Q("",!0)]),M[32]||(M[32]=g()),c.value?(w(),pe(bV,{key:0,node:u},null,8,["node"])):Q("",!0),M[33]||(M[33]=g()),h(b)?(w(),P("div",YV,[...M[31]||(M[31]=[v("span",{class:"text-secondary bg-white px-1"}," Never executed ",-1)])])):Q("",!0)],34)],2)],544))}}),qV={key:0,class:"plan-stats flex-shrink-0 d-flex border-bottom border-top align-items-center"},jV={class:"d-inline-block px-2"},JV={key:0,class:"text-secondary"},ZV=["innerHTML"],QV={class:"d-inline-block border-start px-2"},tF={key:0,class:"text-secondary"},eF={key:1,class:"stat-value"},nF=["innerHTML"],rF={key:0,class:"d-inline-block border-start px-2 position-relative"},iF={class:"stat-value"},sF=["innerHTML"],oF={key:0,class:"stat-dropdown-container text-start"},aF={key:1,class:"d-inline-block border-start px-2 position-relative"},lF={class:"stat-value"},cF=["innerHTML"],uF={key:0,class:"stat-dropdown-container text-start"},dF={class:"float-end"},fF=["innerHTML"],pF={key:0,class:"text-secondary"},hF={key:1,class:"my-2"},mF={key:2,class:"d-inline-block border-start px-2 position-relative"},_F={class:"stat-label"},EF={class:"badge bg-secondary"},gF={key:0,class:"stat-dropdown-container text-start"},TF={class:"table table-sm table-striped mb-0"},vF={key:3,class:"d-inline-block border-start px-2 position-relative"},SF={class:"stat-label"},AF=["innerHTML"],RF={key:1,class:"stat-dropdown-container text-start"},Gv=Pe({__name:"PlanStats",props:{planStats:{},rootNode:{},jitDetails:{}},setup(t){const n=new il().getHelpMessage,r=Yt(!1),i=Yt(!1),o=Yt(!1),a=Yt(!1),c=R=>{let T=NaN;return R>90?T=4:R>40?T=3:R>10&&(T=2),T?"c-"+T:!1},u=kt(()=>{const R=t.planStats.executionTime||0,T=d.value||0;return X.round(T/R*100)});function p(R){const T=t.planStats.executionTime||0,b=R.Time;return X.round(b/T*100)}const d=kt(()=>X.sumBy(t.planStats.triggers,R=>R.Time));function _(R){const T=R[m.AVERAGE_SUM_IO_READ_SPEED],b=R[m.AVERAGE_SUM_IO_WRITE_SPEED],N=[];return T&&N.push(`read=~${vc(m.AVERAGE_SUM_IO_READ_SPEED,T)}`),b&&N.push(`write=~${vc(m.AVERAGE_SUM_IO_WRITE_SPEED,b)}`),N.join(", ")}function S(R){return R.Plans?.some(function T(b){return b[m.WORKERS_PLANNED]||b[m.WORKERS_PLANNED_BY_GATHER]?!0:Array.isArray(b.Plans)&&b.Plans.some(T)})}return(R,T)=>t.planStats?(w(),P("div",qV,[v("div",jV,[T[8]||(T[8]=g(`
      Execution time:
      `,-1)),t.planStats.executionTime?(w(),P("span",{key:1,class:"stat-value",innerHTML:h(cr)(t.planStats.executionTime)},null,8,ZV)):(w(),P("span",JV,[T[7]||(T[7]=g(`
          N/A
          `,-1)),Ce(Rt(h(Ee),{icon:h(Ms),class:"cursor-help"},null,8,["icon"]),[[h(Be),h(n)("missing execution time")]])]))]),T[46]||(T[46]=g()),v("div",QV,[T[10]||(T[10]=g(`
      Planning time:
      `,-1)),t.planStats.planningTime?(w(),P("span",eF,[v("span",{class:wt("mb-0 p-0 px-1 alert "+c(t.planStats.planningTime/t.planStats.executionTime*100)),innerHTML:h(cr)(t.planStats.planningTime)},null,10,nF)])):(w(),P("span",tF,[T[9]||(T[9]=g(`
          N/A
          `,-1)),Ce(Rt(h(Ee),{icon:h(Ms),class:"cursor-help"},null,8,["icon"]),[[h(Be),h(n)("missing planning time")]])]))]),T[47]||(T[47]=g()),t.planStats.jitTime&&t.planStats.executionTime?(w(),P("div",rF,[T[13]||(T[13]=g(`
      JIT:
      `,-1)),v("span",iF,[v("span",{class:wt("mb-0 p-0 px-1 alert "+c(t.planStats.jitTime/t.planStats.executionTime*100)),innerHTML:h(cr)(t.planStats.jitTime)},null,10,sF),T[11]||(T[11]=g()),v("button",{onClick:T[0]||(T[0]=We(b=>o.value=!o.value,["prevent"])),class:"bg-transparent border-0 p-0 m-0 ps-1"},[Rt(h(Ee),{icon:h(sd),class:"text-secondary"},null,8,["icon"])]),T[12]||(T[12]=g()),o.value?(w(),P("div",oF,[v("div",null,[t.jitDetails?(w(),pe(oy,{key:0,jit:t.jitDetails},null,8,["jit"])):Q("",!0)])])):Q("",!0)])])):Q("",!0),T[48]||(T[48]=g()),t.planStats.triggers&&t.planStats.triggers.length?(w(),P("div",aF,[T[28]||(T[28]=v("span",{class:"stat-label"},"Triggers: ",-1)),T[29]||(T[29]=g()),v("span",lF,[v("span",{class:wt("mb-0 p-0 px-1 alert "+h(tm)(u.value)),innerHTML:h(cr)(d.value)},null,10,cF)]),T[30]||(T[30]=g()),v("button",{onClick:T[1]||(T[1]=We(b=>i.value=!i.value,["prevent"])),class:"bg-transparent border-0 p-0 m-0 ps-1"},[Rt(h(Ee),{icon:h(sd),class:"text-secondary"},null,8,["icon"])]),T[31]||(T[31]=g()),i.value?(w(),P("div",uF,[v("button",{class:"btn btn-xs btn-close float-end",onClick:T[2]||(T[2]=b=>i.value=!1)}),T[25]||(T[25]=g()),T[26]||(T[26]=v("h3",null,"Triggers",-1)),T[27]||(T[27]=g()),(w(!0),P(Kt,null,qe(t.planStats.triggers,(b,N)=>(w(),P("div",{key:N},[g(ft(b["Trigger Name"])+" ",1),T[15]||(T[15]=v("br",null,null,-1)),T[16]||(T[16]=g()),T[17]||(T[17]=v("span",{class:"text-secondary"},"Called",-1)),g(" "+ft(b.Calls),1),T[18]||(T[18]=v("span",{class:"text-secondary"},"",-1)),T[19]||(T[19]=g()),v("span",dF,[v("span",{class:wt("p-0 px-1 alert "+h(tm)(p(b))),innerHTML:h(cr)(b.Time)},null,10,fF),g(`
            | `+ft(p(b)),1),T[14]||(T[14]=v("span",{class:"text-secondary"},"%",-1))]),T[20]||(T[20]=g()),T[21]||(T[21]=v("br",null,null,-1)),T[22]||(T[22]=g()),b.Relation?(w(),P("span",pF,"on")):Q("",!0),g(" "+ft(b.Relation)+" ",1),T[23]||(T[23]=v("div",{class:"clearfix"},null,-1)),T[24]||(T[24]=g()),t.planStats.triggers&&N!=t.planStats.triggers.length-1?(w(),P("hr",hF)):Q("",!0)]))),128))])):Q("",!0)])):Q("",!0),T[49]||(T[49]=g()),t.planStats.settings?(w(),P("div",mF,[v("span",_F,[T[32]||(T[32]=g(`Settings:
        `,-1)),v("span",EF,ft(h(X).keys(t.planStats.settings).length),1)]),T[39]||(T[39]=g()),v("button",{onClick:T[3]||(T[3]=We(b=>r.value=!r.value,["prevent"])),class:"bg-transparent border-0 p-0 m-0 ps-1"},[Rt(h(Ee),{icon:h(sd),class:"text-secondary"},null,8,["icon"])]),T[40]||(T[40]=g()),r.value?(w(),P("div",gF,[v("button",{class:"btn btn-xs btn-close float-end",onClick:T[4]||(T[4]=b=>r.value=!1)}),T[34]||(T[34]=g()),T[35]||(T[35]=v("h3",null,"PG Settings",-1)),T[36]||(T[36]=g()),T[37]||(T[37]=v("em",{class:"text-secondary d-block pb-2"},`
          Configuration parameters affecting query planning with value different
          from the built-in default value.
        `,-1)),T[38]||(T[38]=g()),v("table",TF,[v("tbody",null,[(w(!0),P(Kt,null,qe(t.planStats.settings,(b,N)=>(w(),P("tr",{key:N},[v("td",null,ft(N),1),T[33]||(T[33]=g()),v("td",null,ft(b),1)]))),128))])])])):Q("",!0)])):Q("",!0),T[50]||(T[50]=g()),_(t.rootNode)?(w(),P("div",vF,[v("span",SF,[T[41]||(T[41]=g(`
        IO: `,-1)),v("span",{innerHTML:_(t.rootNode)},null,8,AF)]),T[43]||(T[43]=g()),S(t.rootNode)?Ce((w(),pe(h(Ee),{key:0,icon:h(Ms),class:"cursor-help d-inline-block text-secondary"},null,8,["icon"])),[[h(Be),{content:h(n)("io timings parallel")}]]):Q("",!0),T[44]||(T[44]=g()),v("button",{onClick:T[5]||(T[5]=We(b=>a.value=!a.value,["prevent"])),class:"bg-transparent border-0 p-0 m-0 ps-1"},[Rt(h(Ee),{icon:h(sd),class:"text-secondary"},null,8,["icon"])]),T[45]||(T[45]=g()),a.value?(w(),P("div",RF,[v("button",{class:"btn btn-xs btn-close float-end",onClick:T[6]||(T[6]=b=>a.value=!1)}),T[42]||(T[42]=g()),Rt(Sc,{node:t.rootNode,class:"mb-0"},null,8,["node"])])):Q("",!0)])):Q("",!0)])):Q("",!0)}}),bF={class:"table"},ad=Pe({__name:"SortedTable",props:{values:{},sort:{},dir:{}},setup(t){const e=t,n=Yt(e.sort),r=Yt(e.dir);mn("sort",n),mn("dir",r),mn("sortBy",o);const i=kt(()=>X.orderBy(e.values,n.value,r.value));function o(a){a===n.value&&(r.value=r.value===bi.asc?bi.desc:bi.asc),n.value=a}return(a,c)=>(w(),P("table",bF,[Ds(a.$slots,"default"),c[0]||(c[0]=g()),Ds(a.$slots,"head"),c[1]||(c[1]=g()),Ds(a.$slots,"body",{values:i.value}),c[2]||(c[2]=g()),Ds(a.$slots,"foot")]))}}),Hr=Pe({__name:"SortLink",props:{name:{}},setup(t){const e=be("dir"),n=be("sort"),r=be("sortBy");return(i,o)=>(w(),P("a",{href:"#",onClick:o[0]||(o[0]=We(a=>h(r)&&h(r)(t.name),["prevent"]))},[Ds(i.$slots,"default",{},()=>[g(ft(t.name),1)]),o[1]||(o[1]=g()),h(n)==t.name&&h(e)==h(bi).asc?(w(),pe(h(Ee),{key:0,"fixed-width":"",icon:h(NW)},null,8,["icon"])):h(n)==t.name&&h(e)==h(bi).desc?(w(),pe(h(Ee),{key:1,"fixed-width":"",icon:h(OW)},null,8,["icon"])):Q("",!0)]))}}),yF={class:"thead-light"},OF={class:"text-end"},LF={class:"text-end"},CF={class:"text-end"},IF={class:"ps-3"},NF=["href"],xF={class:"text-end"},wF={class:"px-1"},kF={class:"text-end"},ld=Pe({__name:"StatsTableItem",props:{value:{},executionTime:{}},setup(t){const e=t,n=Yt(!1);function r(i){return i[m.EXCLUSIVE_DURATION]/e.executionTime}return(i,o)=>(w(),P(Kt,null,[v("thead",yF,[v("tr",{onClick:o[0]||(o[0]=We(a=>n.value=!n.value,["prevent"])),role:"button"},[v("th",null,[n.value?(w(),pe(h(Ee),{key:0,"fixed-width":"",icon:h(ny)},null,8,["icon"])):(w(),pe(h(Ee),{key:1,"fixed-width":"",icon:h(BW)},null,8,["icon"])),g(" "+ft(e.value.name),1)]),o[1]||(o[1]=g()),v("th",OF,ft(e.value.count),1),o[2]||(o[2]=g()),v("th",LF,[v("span",{class:wt(["alert p-0 px-1",h(tm)(e.value.timePercent*100)])},ft(h(cr)(e.value.time)),3)]),o[3]||(o[3]=g()),v("th",CF,ft(h($v)(e.value.timePercent)),1)])]),o[8]||(o[8]=g()),v("tbody",{class:wt(n.value?"":"d-none")},[(w(!0),P(Kt,null,qe(h(X).reverse(h(X).sortBy(e.value.nodes,h(m).EXCLUSIVE_DURATION)),a=>(w(),P("tr",{key:a.nodeId,style:{"font-size":"smaller"}},[v("td",IF,[v("a",{href:`#plan/node/${a.nodeId}`,class:"me-1"},"#"+ft(a.nodeId),9,NF),g(" "+ft(a[h(m).NODE_TYPE]),1)]),o[4]||(o[4]=g()),o[5]||(o[5]=v("td",{class:"text-end"},null,-1)),o[6]||(o[6]=g()),v("td",xF,[v("span",wF,ft(h(cr)(a[h(m).EXCLUSIVE_DURATION])),1)]),o[7]||(o[7]=g()),v("td",kF,ft(h($v)(r(a))),1)]))),128))],2)],64))}}),BF={class:"small stats container-fluid mt-2"},DF={class:"row row-cols-1 row-cols-lg-2 row-cols-xxl-3 g-4"},PF={class:"col"},MF={class:"card"},HF={class:"card-body"},WF={class:"table-secondary"},UF={scope:"col"},$F={scope:"col",class:"text-end"},VF={scope:"col",colspan:"2",class:"text-end"},FF={key:0},GF={class:"col"},zF={class:"card"},KF={class:"card-body"},XF={class:"table-secondary"},YF={scope:"col"},qF={scope:"col",class:"text-end"},jF={scope:"col",colspan:"2",class:"text-end"},JF={key:0},ZF={class:"col"},QF={class:"card"},tG={class:"card-body"},eG={class:"table-secondary"},nG={scope:"col"},rG={scope:"col",class:"text-end"},iG={scope:"col",colspan:"2",class:"text-end"},sG={class:"col"},oG={class:"card"},aG={class:"card-body"},lG={class:"table-secondary"},cG={scope:"col"},uG={scope:"col",class:"text-end"},dG={scope:"col",colspan:"2",class:"text-end"},fG={key:0},pG=Pe({__name:"Stats",props:{ctes:{},planStats:{},rootNode:{}},setup(t){const e=[],n=Yt(0);Fo(()=>{n.value=t.planStats.executionTime||t.rootNode?.[m.ACTUAL_TOTAL_TIME],t.rootNode&&(r(e,t.rootNode),X.each(t.ctes,p=>{r(e,p)}))});function r(p,d){p.push(d),X.each(d.Plans,_=>{r(p,_)})}function i(p){return X.sumBy(p,m.EXCLUSIVE_DURATION)/n.value}const o=kt(()=>{const p=X.groupBy(X.filter(e,_=>_[m.RELATION_NAME]!==void 0),m.RELATION_NAME),d=[];return X.each(p,(_,S)=>{d.push({name:S,count:_.length,time:X.sumBy(_,m.EXCLUSIVE_DURATION),timePercent:i(_),nodes:_})}),d}),a=kt(()=>{const p=X.groupBy(X.filter(e,_=>_[m.FUNCTION_NAME]!==void 0),m.FUNCTION_NAME),d=[];return X.each(p,(_,S)=>{d.push({name:S,count:_.length,time:X.sumBy(_,m.EXCLUSIVE_DURATION),timePercent:i(_),nodes:_})}),d}),c=kt(()=>{const p=X.groupBy(e,m.NODE_TYPE),d=[];return X.each(p,(_,S)=>{d.push({name:S,count:_.length,time:X.sumBy(_,m.EXCLUSIVE_DURATION),timePercent:i(_),nodes:_})}),d}),u=kt(()=>{const p=X.groupBy(X.filter(e,_=>_[m.INDEX_NAME]!==void 0),m.INDEX_NAME),d=[];return X.each(p,(_,S)=>{d.push({name:S,count:_.length,time:X.sumBy(_,m.EXCLUSIVE_DURATION),timePercent:i(_),nodes:_})}),d});return(p,d)=>(w(),P("div",BF,[v("div",DF,[v("div",PF,[v("div",MF,[v("div",HF,[Rt(ad,{class:"table table-sm mb-0",values:o.value,sort:"time",dir:h(bi).desc},{body:Ae(_=>[(w(!0),P(Kt,null,qe(_.values,S=>(w(),pe(ld,{key:S,value:S,executionTime:n.value},null,8,["value","executionTime"]))),128))]),default:Ae(()=>[v("thead",WF,[v("tr",null,[v("th",UF,[Rt(Hr,{name:"name"},{default:Ae(()=>[...d[0]||(d[0]=[g("Table",-1)])]),_:1})]),d[3]||(d[3]=g()),v("th",$F,[Rt(Hr,{name:"count"},{default:Ae(()=>[...d[1]||(d[1]=[g("Count",-1)])]),_:1})]),d[4]||(d[4]=g()),v("th",VF,[Rt(Hr,{name:"time"},{default:Ae(()=>[...d[2]||(d[2]=[g("Time",-1)])]),_:1})])])]),d[6]||(d[6]=g()),d[7]||(d[7]=g()),o.value.length?Q("",!0):(w(),P("tbody",FF,[...d[5]||(d[5]=[v("tr",null,[v("td",{colspan:"3",class:"text-center fst-italic"},`
                    No tables used
                  `)],-1)])]))]),_:1},8,["values","dir"])])])]),d[30]||(d[30]=g()),v("div",GF,[v("div",zF,[v("div",KF,[Rt(ad,{class:"table table-sm mb-0",values:a.value,sort:"time",dir:h(bi).desc},{body:Ae(_=>[(w(!0),P(Kt,null,qe(_.values,S=>(w(),pe(ld,{key:S,value:S,executionTime:n.value},null,8,["value","executionTime"]))),128))]),default:Ae(()=>[v("thead",XF,[v("tr",null,[v("th",YF,[Rt(Hr,{name:"name"},{default:Ae(()=>[...d[8]||(d[8]=[g("Function",-1)])]),_:1})]),d[11]||(d[11]=g()),v("th",qF,[Rt(Hr,{name:"count"},{default:Ae(()=>[...d[9]||(d[9]=[g("Count",-1)])]),_:1})]),d[12]||(d[12]=g()),v("th",jF,[Rt(Hr,{name:"time"},{default:Ae(()=>[...d[10]||(d[10]=[g("Time",-1)])]),_:1})])])]),d[14]||(d[14]=g()),d[15]||(d[15]=g()),a.value.length?Q("",!0):(w(),P("tbody",JF,[...d[13]||(d[13]=[v("tr",null,[v("td",{colspan:"3",class:"text-center fst-italic"},`
                    No function used
                  `)],-1)])]))]),_:1},8,["values","dir"])])])]),d[31]||(d[31]=g()),v("div",ZF,[v("div",QF,[v("div",tG,[Rt(ad,{class:"table table-sm mb-0",values:c.value,sort:"time",dir:h(bi).desc},{body:Ae(_=>[(w(!0),P(Kt,null,qe(_.values,S=>(w(),pe(ld,{key:S,value:S,executionTime:n.value},null,8,["value","executionTime"]))),128))]),default:Ae(()=>[v("thead",eG,[v("tr",null,[v("th",nG,[Rt(Hr,{name:"name"},{default:Ae(()=>[...d[16]||(d[16]=[g("Node Type",-1)])]),_:1})]),d[19]||(d[19]=g()),v("th",rG,[Rt(Hr,{name:"count"},{default:Ae(()=>[...d[17]||(d[17]=[g("Count",-1)])]),_:1})]),d[20]||(d[20]=g()),v("th",iG,[Rt(Hr,{name:"time"},{default:Ae(()=>[...d[18]||(d[18]=[g("Time",-1)])]),_:1})])])]),d[21]||(d[21]=g())]),_:1},8,["values","dir"])])])]),d[32]||(d[32]=g()),v("div",sG,[v("div",oG,[v("div",aG,[Rt(ad,{class:"table table-sm mb-0",values:u.value,sort:"time",dir:h(bi).desc},{body:Ae(_=>[(w(!0),P(Kt,null,qe(_.values,S=>(w(),pe(ld,{key:S,value:S,executionTime:n.value},null,8,["value","executionTime"]))),128))]),default:Ae(()=>[v("thead",lG,[v("tr",null,[v("th",cG,[Rt(Hr,{name:"name"},{default:Ae(()=>[...d[22]||(d[22]=[g("Index",-1)])]),_:1})]),d[25]||(d[25]=g()),v("th",uG,[Rt(Hr,{name:"count"},{default:Ae(()=>[...d[23]||(d[23]=[g("Count",-1)])]),_:1})]),d[26]||(d[26]=g()),v("th",dG,[Rt(Hr,{name:"time"},{default:Ae(()=>[...d[24]||(d[24]=[g("Time",-1)])]),_:1})])])]),d[28]||(d[28]=g()),d[29]||(d[29]=g()),u.value.length?Q("",!0):(w(),P("tbody",fG,[...d[27]||(d[27]=[v("tr",null,[v("td",{colspan:"3",class:"text-center fst-italic"},`
                    No index used
                  `)],-1)])]))]),_:1},8,["values","dir"])])])])])]))}}),cd=["setup","read","resolveKeyframes","preUpdate","update","preRender","render","postRender"];function hG(t,e){let n=new Set,r=new Set,i=!1,o=!1;const a=new WeakSet;let c={delta:0,timestamp:0,isProcessing:!1};function u(d){a.has(d)&&(p.schedule(d),t()),d(c)}const p={schedule:(d,_=!1,S=!1)=>{const T=S&&i?n:r;return _&&a.add(d),T.has(d)||T.add(d),d},cancel:d=>{r.delete(d),a.delete(d)},process:d=>{if(c=d,i){o=!0;return}i=!0,[n,r]=[r,n],n.forEach(u),n.clear(),i=!1,o&&(o=!1,p.process(d))}};return p}const fs={},mG=40;function dy(t,e){let n=!1,r=!0;const i={delta:0,timestamp:0,isProcessing:!1},o=()=>n=!0,a=cd.reduce((W,O)=>(W[O]=hG(o),W),{}),{setup:c,read:u,resolveKeyframes:p,preUpdate:d,update:_,preRender:S,render:R,postRender:T}=a,b=()=>{const W=fs.useManualTiming?i.timestamp:performance.now();n=!1,fs.useManualTiming||(i.delta=r?1e3/60:Math.max(Math.min(W-i.timestamp,mG),1)),i.timestamp=W,i.isProcessing=!0,c.process(i),u.process(i),p.process(i),d.process(i),_.process(i),S.process(i),R.process(i),T.process(i),i.isProcessing=!1,n&&e&&(r=!1,t(b))},N=()=>{n=!0,r=!0,i.isProcessing||t(b)};return{schedule:cd.reduce((W,O)=>{const G=a[O];return W[O]=(M,z=!1,tt=!1)=>(n||N(),G.schedule(M,z,tt)),W},{}),cancel:W=>{for(let O=0;O<cd.length;O++)a[cd[O]].cancel(W)},state:i,steps:a}}const ol=t=>t,{schedule:ps,cancel:em,state:tf}=dy(typeof requestAnimationFrame<"u"?requestAnimationFrame:ol,!0);let Id;function _G(){Id=void 0}const Wr={now:()=>(Id===void 0&&Wr.set(tf.isProcessing||fs.useManualTiming?tf.timestamp:performance.now()),Id),set:t=>{Id=t,queueMicrotask(_G)}},Ii=t=>t*1e3,is=t=>t/1e3,fy=t=>e=>typeof e=="string"&&e.startsWith(t),py=fy("--"),EG=fy("var(--"),W_=t=>EG(t)?gG.test(t.split("/*")[0].trim()):!1,gG=/var\(--(?:[\w-]+\s*|[\w-]+\s*,(?:\s*[^)(\s]|\s*\((?:[^)(]|\([^)(]*\))*\))+\s*)\)$/iu,TG={},Ac=new WeakMap,Fc=t=>({test:e=>typeof e=="string"&&e.endsWith(t)&&e.split(" ").length===1,parse:parseFloat,transform:e=>`${e}${t}`}),xs=Fc("deg"),xa=Fc("%"),_e=Fc("px"),vG=Fc("vh"),SG=Fc("vw"),zv={...xa,parse:t=>xa.parse(t)/100,transform:t=>xa.transform(t*100)},Zn=t=>!!(t&&t.getVelocity);function AG({top:t,left:e,right:n,bottom:r}){return{x:{min:e,max:n},y:{min:t,max:r}}}function RG(t,e){if(!e)return t;const n=e({x:t.left,y:t.top}),r=e({x:t.right,y:t.bottom});return{top:n.y,left:n.x,bottom:r.y,right:r.x}}function bG(t,e){return AG(RG(t.getBoundingClientRect(),e))}const Kv={animation:["animate","variants","whileHover","whileTap","exit","whileInView","whileFocus","whileDrag"],exit:["exit"],drag:["drag","dragControls"],focus:["whileFocus"],hover:["whileHover","onHoverStart","onHoverEnd"],tap:["whileTap","onTap","onTapStart","onTapCancel"],pan:["onPan","onPanStart","onPanSessionStart","onPanEnd"],inView:["whileInView","onViewportEnter","onViewportLeave"],layout:["layout","layoutId"]},nm={};for(const t in Kv)nm[t]={isEnabled:e=>Kv[t].some(n=>!!e[n])};const Xv=()=>({min:0,max:0}),U_=()=>({x:Xv(),y:Xv()}),yG=typeof window<"u",rm={current:null},hy={current:!1};function OG(){if(hy.current=!0,!!yG)if(window.matchMedia){const t=window.matchMedia("(prefers-reduced-motion)"),e=()=>rm.current=t.matches;t.addEventListener("change",e),e()}else rm.current=!1}function LG(t){return t!==null&&typeof t=="object"&&typeof t.start=="function"}function CG(t){return typeof t=="string"||Array.isArray(t)}const IG=["animate","whileInView","whileFocus","whileHover","whileTap","whileDrag","exit"],NG=["initial",...IG];function my(t){return LG(t.animate)||NG.some(e=>CG(t[e]))}function xG(t){return!!(my(t)||t.variants)}function wG(t,e){t.indexOf(e)===-1&&t.push(e)}function _y(t,e){const n=t.indexOf(e);n>-1&&t.splice(n,1)}class Ey{constructor(){this.subscriptions=[]}add(e){return wG(this.subscriptions,e),()=>_y(this.subscriptions,e)}notify(e,n,r){const i=this.subscriptions.length;if(i)if(i===1)this.subscriptions[0](e,n,r);else for(let o=0;o<i;o++){const a=this.subscriptions[o];a&&a(e,n,r)}}getSize(){return this.subscriptions.length}clear(){this.subscriptions.length=0}}function gy(t,e){return e?t*(1e3/e):0}const Yv=30,kG=t=>!isNaN(parseFloat(t));class BG{constructor(e,n={}){this.canTrackVelocity=null,this.events={},this.updateAndNotify=r=>{var i;const o=Wr.now();if(this.updatedAt!==o&&this.setPrevFrameValue(),this.prev=this.current,this.setCurrent(r),this.current!==this.prev&&((i=this.events.change)==null||i.notify(this.current),this.dependents))for(const a of this.dependents)a.dirty()},this.hasAnimated=!1,this.setCurrent(e),this.owner=n.owner}setCurrent(e){this.current=e,this.updatedAt=Wr.now(),this.canTrackVelocity===null&&e!==void 0&&(this.canTrackVelocity=kG(this.current))}setPrevFrameValue(e=this.current){this.prevFrameValue=e,this.prevUpdatedAt=this.updatedAt}onChange(e){return this.on("change",e)}on(e,n){this.events[e]||(this.events[e]=new Ey);const r=this.events[e].add(n);return e==="change"?()=>{r(),ps.read(()=>{this.events.change.getSize()||this.stop()})}:r}clearListeners(){for(const e in this.events)this.events[e].clear()}attach(e,n){this.passiveEffect=e,this.stopPassiveEffect=n}set(e){this.passiveEffect?this.passiveEffect(e,this.updateAndNotify):this.updateAndNotify(e)}setWithVelocity(e,n,r){this.set(n),this.prev=void 0,this.prevFrameValue=e,this.prevUpdatedAt=this.updatedAt-r}jump(e,n=!0){this.updateAndNotify(e),this.prev=e,this.prevUpdatedAt=this.prevFrameValue=void 0,n&&this.stop(),this.stopPassiveEffect&&this.stopPassiveEffect()}dirty(){var e;(e=this.events.change)==null||e.notify(this.current)}addDependent(e){this.dependents||(this.dependents=new Set),this.dependents.add(e)}removeDependent(e){this.dependents&&this.dependents.delete(e)}get(){return this.current}getPrevious(){return this.prev}getVelocity(){const e=Wr.now();if(!this.canTrackVelocity||this.prevFrameValue===void 0||e-this.updatedAt>Yv)return 0;const n=Math.min(this.updatedAt-this.prevUpdatedAt,Yv);return gy(parseFloat(this.current)-parseFloat(this.prevFrameValue),n)}start(e){return this.stop(),new Promise(n=>{this.hasAnimated=!0,this.animation=e(n),this.events.animationStart&&this.events.animationStart.notify()}).then(()=>{this.events.animationComplete&&this.events.animationComplete.notify(),this.clearAnimation()})}stop(){this.animation&&(this.animation.stop(),this.events.animationCancel&&this.events.animationCancel.notify()),this.clearAnimation()}isAnimating(){return!!this.animation}clearAnimation(){delete this.animation}destroy(){var e,n;(e=this.dependents)==null||e.clear(),(n=this.events.destroy)==null||n.notify(),this.clearListeners(),this.stop(),this.stopPassiveEffect&&this.stopPassiveEffect()}}function Rc(t,e){return new BG(t,e)}function DG(t,e,n){for(const r in e){const i=e[r],o=n[r];if(Zn(i))t.addValue(r,i);else if(Zn(o))t.addValue(r,Rc(i,{owner:t}));else if(o!==i)if(t.hasValue(r)){const a=t.getValue(r);a.liveStyle===!0?a.jump(i):a.hasAnimated||a.set(i)}else{const a=t.getStaticValue(r);t.addValue(r,Rc(a!==void 0?a:i,{owner:t}))}}for(const r in n)e[r]===void 0&&t.removeValue(r);return e}function qv(t){const e=[{},{}];return t?.values.forEach((n,r)=>{e[0][r]=n.get(),e[1][r]=n.getVelocity()}),e}function Ty(t,e,n,r){if(typeof e=="function"){const[i,o]=qv(r);e=e(n!==void 0?n:t.custom,i,o)}if(typeof e=="string"&&(e=t.variants&&t.variants[e]),typeof e=="function"){const[i,o]=qv(r);e=e(n!==void 0?n:t.custom,i,o)}return e}function PG(t){for(let e=1;e<t.length;e++)t[e]??(t[e]=t[e-1])}const bo=t=>t*180/Math.PI,im=t=>{const e=bo(Math.atan2(t[1],t[0]));return sm(e)},MG={x:4,y:5,translateX:4,translateY:5,scaleX:0,scaleY:3,scale:t=>(Math.abs(t[0])+Math.abs(t[3]))/2,rotate:im,rotateZ:im,skewX:t=>bo(Math.atan(t[1])),skewY:t=>bo(Math.atan(t[2])),skew:t=>(Math.abs(t[1])+Math.abs(t[2]))/2},sm=t=>(t=t%360,t<0&&(t+=360),t),jv=im,Jv=t=>Math.sqrt(t[0]*t[0]+t[1]*t[1]),Zv=t=>Math.sqrt(t[4]*t[4]+t[5]*t[5]),HG={x:12,y:13,z:14,translateX:12,translateY:13,translateZ:14,scaleX:Jv,scaleY:Zv,scale:t=>(Jv(t)+Zv(t))/2,rotateX:t=>sm(bo(Math.atan2(t[6],t[5]))),rotateY:t=>sm(bo(Math.atan2(-t[2],t[0]))),rotateZ:jv,rotate:jv,skewX:t=>bo(Math.atan(t[4])),skewY:t=>bo(Math.atan(t[1])),skew:t=>(Math.abs(t[1])+Math.abs(t[4]))/2};function om(t){return t.includes("scale")?1:0}function am(t,e){if(!t||t==="none")return om(e);const n=t.match(/^matrix3d\(([-\d.e\s,]+)\)$/u);let r,i;if(n)r=HG,i=n;else{const c=t.match(/^matrix\(([-\d.e\s,]+)\)$/u);r=MG,i=c}if(!i)return om(e);const o=r[e],a=i[1].split(",").map(UG);return typeof o=="function"?o(a):a[o]}const WG=(t,e)=>{const{transform:n="none"}=getComputedStyle(t);return am(n,e)};function UG(t){return parseFloat(t.trim())}const al=["transformPerspective","x","y","z","translateX","translateY","translateZ","scale","scaleX","scaleY","rotate","rotateX","rotateY","rotateZ","skew","skewX","skewY"],ll=new Set(al),Wo=(t,e,n)=>n>e?e:n<t?t:n,cl={test:t=>typeof t=="number",parse:parseFloat,transform:t=>t},bc={...cl,transform:t=>Wo(0,1,t)},ud={...cl,default:1},Qv=t=>t===cl||t===_e,$G=new Set(["x","y","z"]),VG=al.filter(t=>!$G.has(t));function FG(t){const e=[];return VG.forEach(n=>{const r=t.getValue(n);r!==void 0&&(e.push([n,r.get()]),r.set(n.startsWith("scale")?1:0))}),e}const xo={width:({x:t},{paddingLeft:e="0",paddingRight:n="0"})=>t.max-t.min-parseFloat(e)-parseFloat(n),height:({y:t},{paddingTop:e="0",paddingBottom:n="0"})=>t.max-t.min-parseFloat(e)-parseFloat(n),top:(t,{top:e})=>parseFloat(e),left:(t,{left:e})=>parseFloat(e),bottom:({y:t},{top:e})=>parseFloat(e)+(t.max-t.min),right:({x:t},{left:e})=>parseFloat(e)+(t.max-t.min),x:(t,{transform:e})=>am(e,"x"),y:(t,{transform:e})=>am(e,"y")};xo.translateX=xo.x;xo.translateY=xo.y;const wo=new Set;let lm=!1,cm=!1,um=!1;function vy(){if(cm){const t=Array.from(wo).filter(r=>r.needsMeasurement),e=new Set(t.map(r=>r.element)),n=new Map;e.forEach(r=>{const i=FG(r);i.length&&(n.set(r,i),r.render())}),t.forEach(r=>r.measureInitialState()),e.forEach(r=>{r.render();const i=n.get(r);i&&i.forEach(([o,a])=>{var c;(c=r.getValue(o))==null||c.set(a)})}),t.forEach(r=>r.measureEndState()),t.forEach(r=>{r.suspendedScrollY!==void 0&&window.scrollTo(0,r.suspendedScrollY)})}cm=!1,lm=!1,wo.forEach(t=>t.complete(um)),wo.clear()}function Sy(){wo.forEach(t=>{t.readKeyframes(),t.needsMeasurement&&(cm=!0)})}function GG(){um=!0,Sy(),vy(),um=!1}class $_{constructor(e,n,r,i,o,a=!1){this.state="pending",this.isAsync=!1,this.needsMeasurement=!1,this.unresolvedKeyframes=[...e],this.onComplete=n,this.name=r,this.motionValue=i,this.element=o,this.isAsync=a}scheduleResolve(){this.state="scheduled",this.isAsync?(wo.add(this),lm||(lm=!0,ps.read(Sy),ps.resolveKeyframes(vy))):(this.readKeyframes(),this.complete())}readKeyframes(){const{unresolvedKeyframes:e,name:n,element:r,motionValue:i}=this;if(e[0]===null){const o=i?.get(),a=e[e.length-1];if(o!==void 0)e[0]=o;else if(r&&n){const c=r.readValue(n,a);c!=null&&(e[0]=c)}e[0]===void 0&&(e[0]=a),i&&o===void 0&&i.set(e[0])}PG(e)}setFinalKeyframe(){}measureInitialState(){}renderEndStyles(){}measureEndState(){}complete(e=!1){this.state="complete",this.onComplete(this.unresolvedKeyframes,this.finalKeyframe,e),wo.delete(this)}cancel(){this.state==="scheduled"&&(wo.delete(this),this.state="pending")}resume(){this.state==="pending"&&this.scheduleResolve()}}const Ay=t=>/^-?(?:\d+(?:\.\d+)?|\.\d+)$/u.test(t),Ry=t=>/^0[^.\s]+$/u.test(t),oc=t=>Math.round(t*1e5)/1e5,V_=/-?(?:\d+(?:\.\d+)?|\.\d+)/gu;function zG(t){return t==null}const KG=/^(?:#[\da-f]{3,8}|(?:rgb|hsl)a?\((?:-?[\d.]+%?[,\s]+){2}-?[\d.]+%?\s*(?:[,/]\s*)?(?:\b\d+(?:\.\d+)?|\.\d+)?%?\))$/iu,F_=(t,e)=>n=>!!(typeof n=="string"&&KG.test(n)&&n.startsWith(t)||e&&!zG(n)&&Object.prototype.hasOwnProperty.call(n,e)),by=(t,e,n)=>r=>{if(typeof r!="string")return r;const[i,o,a,c]=r.match(V_);return{[t]:parseFloat(i),[e]:parseFloat(o),[n]:parseFloat(a),alpha:c!==void 0?parseFloat(c):1}},XG=t=>Wo(0,255,t),r0={...cl,transform:t=>Math.round(XG(t))},yo={test:F_("rgb","red"),parse:by("red","green","blue"),transform:({red:t,green:e,blue:n,alpha:r=1})=>"rgba("+r0.transform(t)+", "+r0.transform(e)+", "+r0.transform(n)+", "+oc(bc.transform(r))+")"};function YG(t){let e="",n="",r="",i="";return t.length>5?(e=t.substring(1,3),n=t.substring(3,5),r=t.substring(5,7),i=t.substring(7,9)):(e=t.substring(1,2),n=t.substring(2,3),r=t.substring(3,4),i=t.substring(4,5),e+=e,n+=n,r+=r,i+=i),{red:parseInt(e,16),green:parseInt(n,16),blue:parseInt(r,16),alpha:i?parseInt(i,16)/255:1}}const dm={test:F_("#"),parse:YG,transform:yo.transform},Sa={test:F_("hsl","hue"),parse:by("hue","saturation","lightness"),transform:({hue:t,saturation:e,lightness:n,alpha:r=1})=>"hsla("+Math.round(t)+", "+xa.transform(oc(e))+", "+xa.transform(oc(n))+", "+oc(bc.transform(r))+")"},An={test:t=>yo.test(t)||dm.test(t)||Sa.test(t),parse:t=>yo.test(t)?yo.parse(t):Sa.test(t)?Sa.parse(t):dm.parse(t),transform:t=>typeof t=="string"?t:t.hasOwnProperty("red")?yo.transform(t):Sa.transform(t),getAnimatableNone:t=>{const e=An.parse(t);return e.alpha=0,An.transform(e)}},qG=/(?:#[\da-f]{3,8}|(?:rgb|hsl)a?\((?:-?[\d.]+%?[,\s]+){2}-?[\d.]+%?\s*(?:[,/]\s*)?(?:\b\d+(?:\.\d+)?|\.\d+)?%?\))/giu;function jG(t){var e,n;return isNaN(t)&&typeof t=="string"&&(((e=t.match(V_))==null?void 0:e.length)||0)+(((n=t.match(qG))==null?void 0:n.length)||0)>0}const yy="number",Oy="color",JG="var",ZG="var(",tS="${}",QG=/var\s*\(\s*--(?:[\w-]+\s*|[\w-]+\s*,(?:\s*[^)(\s]|\s*\((?:[^)(]|\([^)(]*\))*\))+\s*)\)|#[\da-f]{3,8}|(?:rgb|hsl)a?\((?:-?[\d.]+%?[,\s]+){2}-?[\d.]+%?\s*(?:[,/]\s*)?(?:\b\d+(?:\.\d+)?|\.\d+)?%?\)|-?(?:\d+(?:\.\d+)?|\.\d+)/giu;function yc(t){const e=t.toString(),n=[],r={color:[],number:[],var:[]},i=[];let o=0;const c=e.replace(QG,u=>(An.test(u)?(r.color.push(o),i.push(Oy),n.push(An.parse(u))):u.startsWith(ZG)?(r.var.push(o),i.push(JG),n.push(u)):(r.number.push(o),i.push(yy),n.push(parseFloat(u))),++o,tS)).split(tS);return{values:n,split:c,indexes:r,types:i}}function Ly(t){return yc(t).values}function Cy(t){const{split:e,types:n}=yc(t),r=e.length;return i=>{let o="";for(let a=0;a<r;a++)if(o+=e[a],i[a]!==void 0){const c=n[a];c===yy?o+=oc(i[a]):c===Oy?o+=An.transform(i[a]):o+=i[a]}return o}}const tz=t=>typeof t=="number"?0:An.test(t)?An.getAnimatableNone(t):t;function ez(t){const e=Ly(t);return Cy(t)(e.map(tz))}const ul={test:jG,parse:Ly,createTransformer:Cy,getAnimatableNone:ez},nz={test:t=>t==="auto",parse:t=>t},Iy=t=>e=>e.test(t),Ny=[cl,_e,xa,xs,SG,vG,nz],eS=t=>Ny.find(Iy(t)),rz=[...Ny,An,ul],iz=t=>rz.find(Iy(t)),sz=new Set(["brightness","contrast","saturate","opacity"]);function oz(t){const[e,n]=t.slice(0,-1).split("(");if(e==="drop-shadow")return t;const[r]=n.match(V_)||[];if(!r)return t;const i=n.replace(r,"");let o=sz.has(e)?1:0;return r!==n&&(o*=100),e+"("+o+i+")"}const az=/\b([a-z-]*)\(.*?\)/gu,fm={...ul,getAnimatableNone:t=>{const e=t.match(az);return e?e.map(oz).join(" "):t}},nS={...cl,transform:Math.round},lz={rotate:xs,rotateX:xs,rotateY:xs,rotateZ:xs,scale:ud,scaleX:ud,scaleY:ud,scaleZ:ud,skew:xs,skewX:xs,skewY:xs,distance:_e,translateX:_e,translateY:_e,translateZ:_e,x:_e,y:_e,z:_e,perspective:_e,transformPerspective:_e,opacity:bc,originX:zv,originY:zv,originZ:_e},G_={borderWidth:_e,borderTopWidth:_e,borderRightWidth:_e,borderBottomWidth:_e,borderLeftWidth:_e,borderRadius:_e,radius:_e,borderTopLeftRadius:_e,borderTopRightRadius:_e,borderBottomRightRadius:_e,borderBottomLeftRadius:_e,width:_e,maxWidth:_e,height:_e,maxHeight:_e,top:_e,right:_e,bottom:_e,left:_e,padding:_e,paddingTop:_e,paddingRight:_e,paddingBottom:_e,paddingLeft:_e,margin:_e,marginTop:_e,marginRight:_e,marginBottom:_e,marginLeft:_e,backgroundPositionX:_e,backgroundPositionY:_e,...lz,zIndex:nS,fillOpacity:bc,strokeOpacity:bc,numOctaves:nS},cz={...G_,color:An,backgroundColor:An,outlineColor:An,fill:An,stroke:An,borderColor:An,borderTopColor:An,borderRightColor:An,borderBottomColor:An,borderLeftColor:An,filter:fm,WebkitFilter:fm},xy=t=>cz[t];function wy(t,e){let n=xy(t);return n!==fm&&(n=ul),n.getAnimatableNone?n.getAnimatableNone(e):void 0}const{schedule:uz}=dy(queueMicrotask,!0),rS=["AnimationStart","AnimationComplete","Update","BeforeLayoutMeasure","LayoutMeasure","LayoutAnimationStart","LayoutAnimationComplete"];class ky{scrapeMotionValuesFromProps(e,n,r){return{}}constructor({parent:e,props:n,presenceContext:r,reducedMotionConfig:i,blockInitialAnimation:o,visualState:a},c={}){this.current=null,this.children=new Set,this.isVariantNode=!1,this.isControllingVariants=!1,this.shouldReduceMotion=null,this.values=new Map,this.KeyframeResolver=$_,this.features={},this.valueSubscriptions=new Map,this.prevMotionValues={},this.events={},this.propEventSubscriptions={},this.notifyUpdate=()=>this.notify("Update",this.latestValues),this.render=()=>{this.current&&(this.triggerBuild(),this.renderInstance(this.current,this.renderState,this.props.style,this.projection))},this.renderScheduledAt=0,this.scheduleRender=()=>{const S=Wr.now();this.renderScheduledAt<S&&(this.renderScheduledAt=S,ps.render(this.render,!1,!0))};const{latestValues:u,renderState:p}=a;this.latestValues=u,this.baseTarget={...u},this.initialValues=n.initial?{...u}:{},this.renderState=p,this.parent=e,this.props=n,this.presenceContext=r,this.depth=e?e.depth+1:0,this.reducedMotionConfig=i,this.options=c,this.blockInitialAnimation=!!o,this.isControllingVariants=my(n),this.isVariantNode=xG(n),this.isVariantNode&&(this.variantChildren=new Set),this.manuallyAnimateOnMount=!!(e&&e.current);const{willChange:d,..._}=this.scrapeMotionValuesFromProps(n,{},this);for(const S in _){const R=_[S];u[S]!==void 0&&Zn(R)&&R.set(u[S])}}mount(e){var n;this.current=e,Ac.set(e,this),this.projection&&!this.projection.instance&&this.projection.mount(e),this.parent&&this.isVariantNode&&!this.isControllingVariants&&(this.removeFromVariantTree=this.parent.addVariantChild(this)),this.values.forEach((r,i)=>this.bindToMotionValue(i,r)),hy.current||OG(),this.shouldReduceMotion=this.reducedMotionConfig==="never"?!1:this.reducedMotionConfig==="always"?!0:rm.current,(n=this.parent)==null||n.addChild(this),this.update(this.props,this.presenceContext)}unmount(){var e;this.projection&&this.projection.unmount(),em(this.notifyUpdate),em(this.render),this.valueSubscriptions.forEach(n=>n()),this.valueSubscriptions.clear(),this.removeFromVariantTree&&this.removeFromVariantTree(),(e=this.parent)==null||e.removeChild(this);for(const n in this.events)this.events[n].clear();for(const n in this.features){const r=this.features[n];r&&(r.unmount(),r.isMounted=!1)}this.current=null}addChild(e){this.children.add(e),this.enteringChildren??(this.enteringChildren=new Set),this.enteringChildren.add(e)}removeChild(e){this.children.delete(e),this.enteringChildren&&this.enteringChildren.delete(e)}bindToMotionValue(e,n){this.valueSubscriptions.has(e)&&this.valueSubscriptions.get(e)();const r=ll.has(e);r&&this.onBindTransform&&this.onBindTransform();const i=n.on("change",a=>{this.latestValues[e]=a,this.props.onUpdate&&ps.preRender(this.notifyUpdate),r&&this.projection&&(this.projection.isTransformDirty=!0),this.scheduleRender()});let o;window.MotionCheckAppearSync&&(o=window.MotionCheckAppearSync(this,e,n)),this.valueSubscriptions.set(e,()=>{i(),o&&o(),n.owner&&n.stop()})}sortNodePosition(e){return!this.current||!this.sortInstanceNodePosition||this.type!==e.type?0:this.sortInstanceNodePosition(this.current,e.current)}updateFeatures(){let e="animation";for(e in nm){const n=nm[e];if(!n)continue;const{isEnabled:r,Feature:i}=n;if(!this.features[e]&&i&&r(this.props)&&(this.features[e]=new i(this)),this.features[e]){const o=this.features[e];o.isMounted?o.update():(o.mount(),o.isMounted=!0)}}}triggerBuild(){this.build(this.renderState,this.latestValues,this.props)}measureViewportBox(){return this.current?this.measureInstanceViewportBox(this.current,this.props):U_()}getStaticValue(e){return this.latestValues[e]}setStaticValue(e,n){this.latestValues[e]=n}update(e,n){(e.transformTemplate||this.props.transformTemplate)&&this.scheduleRender(),this.prevProps=this.props,this.props=e,this.prevPresenceContext=this.presenceContext,this.presenceContext=n;for(let r=0;r<rS.length;r++){const i=rS[r];this.propEventSubscriptions[i]&&(this.propEventSubscriptions[i](),delete this.propEventSubscriptions[i]);const o="on"+i,a=e[o];a&&(this.propEventSubscriptions[i]=this.on(i,a))}this.prevMotionValues=DG(this,this.scrapeMotionValuesFromProps(e,this.prevProps,this),this.prevMotionValues),this.handleChildMotionValue&&this.handleChildMotionValue()}getProps(){return this.props}getVariant(e){return this.props.variants?this.props.variants[e]:void 0}getDefaultTransition(){return this.props.transition}getTransformPagePoint(){return this.props.transformPagePoint}getClosestVariantNode(){return this.isVariantNode?this:this.parent?this.parent.getClosestVariantNode():void 0}addVariantChild(e){const n=this.getClosestVariantNode();if(n)return n.variantChildren&&n.variantChildren.add(e),()=>n.variantChildren.delete(e)}addValue(e,n){const r=this.values.get(e);n!==r&&(r&&this.removeValue(e),this.bindToMotionValue(e,n),this.values.set(e,n),this.latestValues[e]=n.get())}removeValue(e){this.values.delete(e);const n=this.valueSubscriptions.get(e);n&&(n(),this.valueSubscriptions.delete(e)),delete this.latestValues[e],this.removeValueFromRenderState(e,this.renderState)}hasValue(e){return this.values.has(e)}getValue(e,n){if(this.props.values&&this.props.values[e])return this.props.values[e];let r=this.values.get(e);return r===void 0&&n!==void 0&&(r=Rc(n===null?void 0:n,{owner:this}),this.addValue(e,r)),r}readValue(e,n){let r=this.latestValues[e]!==void 0||!this.current?this.latestValues[e]:this.getBaseTargetFromProps(this.props,e)??this.readValueFromInstance(this.current,e,this.options);return r!=null&&(typeof r=="string"&&(Ay(r)||Ry(r))?r=parseFloat(r):!iz(r)&&ul.test(n)&&(r=wy(e,n)),this.setBaseTarget(e,Zn(r)?r.get():r)),Zn(r)?r.get():r}setBaseTarget(e,n){this.baseTarget[e]=n}getBaseTarget(e){var n;const{initial:r}=this.props;let i;if(typeof r=="string"||typeof r=="object"){const a=Ty(this.props,r,(n=this.presenceContext)==null?void 0:n.custom);a&&(i=a[e])}if(r&&i!==void 0)return i;const o=this.getBaseTargetFromProps(this.props,e);return o!==void 0&&!Zn(o)?o:this.initialValues[e]!==void 0&&i===void 0?void 0:this.baseTarget[e]}on(e,n){return this.events[e]||(this.events[e]=new Ey),this.events[e].add(n)}notify(e,...n){this.events[e]&&this.events[e].notify(...n)}scheduleRenderMicrotask(){uz.render(this.render)}}const By=new Set(["width","height","top","left","right","bottom",...al]);let z_=()=>{};const dz=/^var\(--(?:([\w-]+)|([\w-]+), ?([a-zA-Z\d ()%#.,-]+))\)/u;function fz(t){const e=dz.exec(t);if(!e)return[,];const[,n,r,i]=e;return[`--${n??r}`,i]}function Dy(t,e,n=1){const[r,i]=fz(t);if(!r)return;const o=window.getComputedStyle(e).getPropertyValue(r);if(o){const a=o.trim();return Ay(a)?parseFloat(a):a}return W_(i)?Dy(i,e,n+1):i}function pz(t){return typeof t=="number"?t===0:t!==null?t==="none"||t==="0"||Ry(t):!0}const hz=new Set(["auto","none","0"]);function mz(t,e,n){let r=0,i;for(;r<t.length&&!i;){const o=t[r];typeof o=="string"&&!hz.has(o)&&yc(o).values.length&&(i=t[r]),r++}if(i&&n)for(const o of e)t[o]=wy(n,i)}class _z extends $_{constructor(e,n,r,i,o){super(e,n,r,i,o,!0)}readKeyframes(){const{unresolvedKeyframes:e,element:n,name:r}=this;if(!n||!n.current)return;super.readKeyframes();for(let u=0;u<e.length;u++){let p=e[u];if(typeof p=="string"&&(p=p.trim(),W_(p))){const d=Dy(p,n.current);d!==void 0&&(e[u]=d),u===e.length-1&&(this.finalKeyframe=p)}}if(this.resolveNoneKeyframes(),!By.has(r)||e.length!==2)return;const[i,o]=e,a=eS(i),c=eS(o);if(a!==c)if(Qv(a)&&Qv(c))for(let u=0;u<e.length;u++){const p=e[u];typeof p=="string"&&(e[u]=parseFloat(p))}else xo[r]&&(this.needsMeasurement=!0)}resolveNoneKeyframes(){const{unresolvedKeyframes:e,name:n}=this,r=[];for(let i=0;i<e.length;i++)(e[i]===null||pz(e[i]))&&r.push(i);r.length&&mz(e,r,n)}measureInitialState(){const{element:e,unresolvedKeyframes:n,name:r}=this;if(!e||!e.current)return;r==="height"&&(this.suspendedScrollY=window.pageYOffset),this.measuredOrigin=xo[r](e.measureViewportBox(),window.getComputedStyle(e.current)),n[0]=this.measuredOrigin;const i=n[n.length-1];i!==void 0&&e.getValue(r,i).jump(i,!1)}measureEndState(){var e;const{element:n,name:r,unresolvedKeyframes:i}=this;if(!n||!n.current)return;const o=n.getValue(r);o&&o.jump(this.measuredOrigin,!1);const a=i.length-1,c=i[a];i[a]=xo[r](n.measureViewportBox(),window.getComputedStyle(n.current)),c!==null&&this.finalKeyframe===void 0&&(this.finalKeyframe=c),(e=this.removedTransforms)!=null&&e.length&&this.removedTransforms.forEach(([u,p])=>{n.getValue(u).set(p)}),this.resolveNoneKeyframes()}}class Py extends ky{constructor(){super(...arguments),this.KeyframeResolver=_z}sortInstanceNodePosition(e,n){return e.compareDocumentPosition(n)&2?1:-1}getBaseTargetFromProps(e,n){return e.style?e.style[n]:void 0}removeValueFromRenderState(e,{vars:n,style:r}){delete n[e],delete r[e]}handleChildMotionValue(){this.childSubscription&&(this.childSubscription(),delete this.childSubscription);const{children:e}=this.props;Zn(e)&&(this.childSubscription=e.on("change",n=>{this.current&&(this.current.textContent=`${n}`)}))}}const My=(t,e)=>e&&typeof t=="number"?e.transform(t):t,Ez={x:"translateX",y:"translateY",z:"translateZ",transformPerspective:"perspective"},gz=al.length;function Tz(t,e,n){let r="",i=!0;for(let o=0;o<gz;o++){const a=al[o],c=t[a];if(c===void 0)continue;let u=!0;if(typeof c=="number"?u=c===(a.startsWith("scale")?1:0):u=parseFloat(c)===0,!u||n){const p=My(c,G_[a]);if(!u){i=!1;const d=Ez[a]||a;r+=`${d}(${p}) `}n&&(e[a]=p)}}return r=r.trim(),n?r=n(e,i?"":r):i&&(r="none"),r}function Hy(t,e,n){const{style:r,vars:i,transformOrigin:o}=t;let a=!1,c=!1;for(const u in e){const p=e[u];if(ll.has(u)){a=!0;continue}else if(py(u)){i[u]=p;continue}else{const d=My(p,G_[u]);u.startsWith("origin")?(c=!0,o[u]=d):r[u]=d}}if(e.transform||(a||n?r.transform=Tz(e,t.transform,n):r.transform&&(r.transform="none")),c){const{originX:u="50%",originY:p="50%",originZ:d=0}=o;r.transformOrigin=`${u} ${p} ${d}`}}function Wy(t,{style:e,vars:n},r,i){const o=t.style;let a;for(a in e)o[a]=e[a];i?.applyProjectionStyles(o,r);for(a in n)o.setProperty(a,n[a])}function vz(t,{layout:e,layoutId:n}){return ll.has(t)||t.startsWith("origin")||(e||n!==void 0)&&(!!TG[t]||t==="opacity")}function Uy(t,e,n){var r;const{style:i}=t,o={};for(const a in i)(Zn(i[a])||e.style&&Zn(e.style[a])||vz(a,t)||((r=n?.getValue(a))==null?void 0:r.liveStyle)!==void 0)&&(o[a]=i[a]);return o}function Sz(t){return window.getComputedStyle(t)}class Az extends Py{constructor(){super(...arguments),this.type="html",this.renderInstance=Wy}readValueFromInstance(e,n){var r;if(ll.has(n))return(r=this.projection)!=null&&r.isProjecting?om(n):WG(e,n);{const i=Sz(e),o=(py(n)?i.getPropertyValue(n):i[n])||0;return typeof o=="string"?o.trim():o}}measureInstanceViewportBox(e,{transformPagePoint:n}){return bG(e,n)}build(e,n,r){Hy(e,n,r.transformTemplate)}scrapeMotionValuesFromProps(e,n,r){return Uy(e,n,r)}}const K_=t=>t.replace(/([a-z])([A-Z])/gu,"$1-$2").toLowerCase(),Rz={offset:"stroke-dashoffset",array:"stroke-dasharray"},bz={offset:"strokeDashoffset",array:"strokeDasharray"};function yz(t,e,n=1,r=0,i=!0){t.pathLength=1;const o=i?Rz:bz;t[o.offset]=_e.transform(-r);const a=_e.transform(e),c=_e.transform(n);t[o.array]=`${a} ${c}`}function Oz(t,{attrX:e,attrY:n,attrScale:r,pathLength:i,pathSpacing:o=1,pathOffset:a=0,...c},u,p,d){if(Hy(t,c,p),u){t.style.viewBox&&(t.attrs.viewBox=t.style.viewBox);return}t.attrs=t.style,t.style={};const{attrs:_,style:S}=t;_.transform&&(S.transform=_.transform,delete _.transform),(S.transform||_.transformOrigin)&&(S.transformOrigin=_.transformOrigin??"50% 50%",delete _.transformOrigin),S.transform&&(S.transformBox=d?.transformBox??"fill-box",delete _.transformBox),e!==void 0&&(_.x=e),n!==void 0&&(_.y=n),r!==void 0&&(_.scale=r),i!==void 0&&yz(_,i,o,a,!1)}const $y=new Set(["baseFrequency","diffuseConstant","kernelMatrix","kernelUnitLength","keySplines","keyTimes","limitingConeAngle","markerHeight","markerWidth","numOctaves","targetX","targetY","surfaceScale","specularConstant","specularExponent","stdDeviation","tableValues","viewBox","gradientTransform","pathLength","startOffset","textLength","lengthAdjust"]),Lz=t=>typeof t=="string"&&t.toLowerCase()==="svg";function Cz(t,e,n,r){Wy(t,e,void 0,r);for(const i in e.attrs)t.setAttribute($y.has(i)?i:K_(i),e.attrs[i])}function Iz(t,e,n){const r=Uy(t,e,n);for(const i in t)if(Zn(t[i])||Zn(e[i])){const o=al.indexOf(i)!==-1?"attr"+i.charAt(0).toUpperCase()+i.substring(1):i;r[o]=t[i]}return r}class Nz extends Py{constructor(){super(...arguments),this.type="svg",this.isSVGTag=!1,this.measureInstanceViewportBox=U_}getBaseTargetFromProps(e,n){return e[n]}readValueFromInstance(e,n){if(ll.has(n)){const r=xy(n);return r&&r.default||0}return n=$y.has(n)?n:K_(n),e.getAttribute(n)}scrapeMotionValuesFromProps(e,n,r){return Iz(e,n,r)}build(e,n,r){Oz(e,n,this.isSVGTag,r.transformTemplate,r.style)}renderInstance(e,n,r,i){Cz(e,n,r,i)}mount(e){this.isSVGTag=Lz(e.tagName),super.mount(e)}}function X_(t){return typeof t=="object"&&!Array.isArray(t)}function xz(t,e,n){if(t instanceof EventTarget)return[t];if(typeof t=="string"){let r=document;const i=n?.[t]??r.querySelectorAll(t);return i?Array.from(i):[]}return Array.from(t)}function Vy(t,e,n,r){return typeof t=="string"&&X_(e)?xz(t,n,r):t instanceof NodeList?Array.from(t):Array.isArray(t)?t:[t]}function wz(t,e,n){return t*(e+1)}function iS(t,e,n,r){return typeof e=="number"?e:e.startsWith("-")||e.startsWith("+")?Math.max(0,t+parseFloat(e)):e==="<"?n:e.startsWith("<")?Math.max(0,n+parseFloat(e.slice(1))):r.get(e)??t}const Gc=(t,e,n)=>t+(e-t)*n,kz=(t,e,n)=>{const r=e-t;return((n-t)%r+r)%r+t},Fy=t=>Array.isArray(t)&&typeof t[0]!="number";function Gy(t,e){return Fy(t)?t[kz(0,t.length,e)]:t}function Bz(t,e,n){for(let r=0;r<t.length;r++){const i=t[r];i.at>e&&i.at<n&&(_y(t,i),r--)}}function Dz(t,e,n,r,i,o){Bz(t,i,o);for(let a=0;a<e.length;a++)t.push({value:e[a],at:Gc(i,o,r[a]),easing:Gy(n,a)})}function Pz(t,e){for(let n=0;n<t.length;n++)t[n]=t[n]/(e+1)}function Mz(t,e){return t.at===e.at?t.value===null?1:e.value===null?-1:0:t.at-e.at}const Y_=(t,e,n)=>{const r=e-t;return r===0?1:(n-t)/r};function zy(t,e){const n=t[t.length-1];for(let r=1;r<=e;r++){const i=Y_(0,e,r);t.push(Gc(n,1,i))}}function Ky(t){const e=[0];return zy(e,t.length-1),e}const ef=2e4;function q_(t){let e=0;const n=50;let r=t.next(e);for(;!r.done&&e<ef;)e+=n,r=t.next(e);return e>=ef?1/0:e}function Xy(t,e=100,n){const r=n({...t,keyframes:[0,e]}),i=Math.min(q_(r),ef);return{type:"keyframes",ease:o=>r.next(i*o).value/e,duration:is(i)}}function j_(t){return typeof t=="function"&&"applyToOptions"in t}const Hz="easeInOut";function Wz(t,{defaultTransition:e={},...n}={},r,i){const o=e.duration||.3,a=new Map,c=new Map,u={},p=new Map;let d=0,_=0,S=0;for(let R=0;R<t.length;R++){const T=t[R];if(typeof T=="string"){p.set(T,_);continue}else if(!Array.isArray(T)){p.set(T.name,iS(_,T.at,d,p));continue}let[b,N,C={}]=T;C.at!==void 0&&(_=iS(_,C.at,d,p));let D=0;const W=(O,G,M,z=0,tt=0)=>{const Et=Uz(O),{delay:Ct=0,times:Tt=Ky(Et),type:it="keyframes",repeat:U,repeatType:q,repeatDelay:Z=0,...B}=G;let{ease:j=e.ease||"easeOut",duration:ct}=G;const St=typeof Ct=="function"?Ct(z,tt):Ct,Dt=Et.length,dt=j_(it)?it:i?.[it||"keyframes"];if(Dt<=2&&dt){let A=100;if(Dt===2&&Fz(Et)){const V=Et[1]-Et[0];A=Math.abs(V)}const I={...B};ct!==void 0&&(I.duration=Ii(ct));const L=Xy(I,A,dt);j=L.ease,ct=L.duration}ct??(ct=o);const vt=_+St;Tt.length===1&&Tt[0]===0&&(Tt[1]=1);const ht=Tt.length-Et.length;if(ht>0&&zy(Tt,ht),Et.length===1&&Et.unshift(null),U){ct=wz(ct,U);const A=[...Et],I=[...Tt];j=Array.isArray(j)?[...j]:[j];const L=[...j];for(let V=0;V<U;V++){Et.push(...A);for(let st=0;st<A.length;st++)Tt.push(I[st]+(V+1)),j.push(st===0?"linear":Gy(L,st-1))}Pz(Tt,U)}const et=vt+ct;Dz(M,Et,j,Tt,vt,et),D=Math.max(St+ct,D),S=Math.max(et,S)};if(Zn(b)){const O=sS(b,c);W(N,C,oS("default",O))}else{const O=Vy(b,N,r,u),G=O.length;for(let M=0;M<G;M++){N=N,C=C;const z=O[M],tt=sS(z,c);for(const Et in N)W(N[Et],$z(C,Et),oS(Et,tt),M,G)}}d=_,_+=D}return c.forEach((R,T)=>{for(const b in R){const N=R[b];N.sort(Mz);const C=[],D=[],W=[];for(let G=0;G<N.length;G++){const{at:M,value:z,easing:tt}=N[G];C.push(z),D.push(Y_(0,S,M)),W.push(tt||"easeOut")}D[0]!==0&&(D.unshift(0),C.unshift(C[0]),W.unshift(Hz)),D[D.length-1]!==1&&(D.push(1),C.push(null)),a.has(T)||a.set(T,{keyframes:{},transition:{}});const O=a.get(T);O.keyframes[b]=C,O.transition[b]={...e,duration:S,ease:W,times:D,...n}}}),a}function sS(t,e){return!e.has(t)&&e.set(t,{}),e.get(t)}function oS(t,e){return e[t]||(e[t]=[]),e[t]}function Uz(t){return Array.isArray(t)?t:[t]}function $z(t,e){return t&&t[e]?{...t,...t[e]}:{...t}}const Vz=t=>typeof t=="number",Fz=t=>t.every(Vz),Gz=t=>Array.isArray(t);function zz(t,e,n){const r=t.getProps();return Ty(r,e,r.custom,t)}function Kz(t,e,n){t.hasValue(e)?t.getValue(e).set(n):t.addValue(e,Rc(n))}function Xz(t){return Gz(t)?t[t.length-1]||0:t}function Yz(t,e){const n=zz(t,e);let{transitionEnd:r={},transition:i={},...o}=n||{};o={...o,...r};for(const a in o){const c=Xz(o[a]);Kz(t,a,c)}}function qz(t){return!!(Zn(t)&&t.add)}function jz(t,e){const n=t.getValue("willChange");if(qz(n))return n.add(e);if(!n&&fs.WillChange){const r=new fs.WillChange("auto");t.addValue("willChange",r),r.add(e)}}const Jz="framerAppearId",Zz="data-"+K_(Jz);function Qz(t){return t.props[Zz]}const tK=t=>t!==null;function eK(t,{repeat:e,repeatType:n="loop"},r){const i=t.filter(tK),o=e&&n!=="loop"&&e%2===1?0:i.length-1;return i[o]}const nK={type:"spring",stiffness:500,damping:25,restSpeed:10},rK=t=>({type:"spring",stiffness:550,damping:t===0?2*Math.sqrt(550):30,restSpeed:10}),iK={type:"keyframes",duration:.8},sK={type:"keyframes",ease:[.25,.1,.35,1],duration:.3},oK=(t,{keyframes:e})=>e.length>2?iK:ll.has(t)?t.startsWith("scale")?rK(e[1]):nK:sK;function aK({when:t,delay:e,delayChildren:n,staggerChildren:r,staggerDirection:i,repeat:o,repeatType:a,repeatDelay:c,from:u,elapsed:p,...d}){return!!Object.keys(d).length}function Yy(t,e){return t?.[e]??t?.default??t}function pm(t){t.duration=0,t.type}function i0(t,e,n){return n<0&&(n+=1),n>1&&(n-=1),n<1/6?t+(e-t)*6*n:n<1/2?e:n<2/3?t+(e-t)*(2/3-n)*6:t}function lK({hue:t,saturation:e,lightness:n,alpha:r}){t/=360,e/=100,n/=100;let i=0,o=0,a=0;if(!e)i=o=a=n;else{const c=n<.5?n*(1+e):n+e-n*e,u=2*n-c;i=i0(u,c,t+1/3),o=i0(u,c,t),a=i0(u,c,t-1/3)}return{red:Math.round(i*255),green:Math.round(o*255),blue:Math.round(a*255),alpha:r}}function nf(t,e){return n=>n>0?e:t}const s0=(t,e,n)=>{const r=t*t,i=n*(e*e-r)+r;return i<0?0:Math.sqrt(i)},cK=[dm,yo,Sa],uK=t=>cK.find(e=>e.test(t));function aS(t){const e=uK(t);if(!e)return!1;let n=e.parse(t);return e===Sa&&(n=lK(n)),n}const lS=(t,e)=>{const n=aS(t),r=aS(e);if(!n||!r)return nf(t,e);const i={...n};return o=>(i.red=s0(n.red,r.red,o),i.green=s0(n.green,r.green,o),i.blue=s0(n.blue,r.blue,o),i.alpha=Gc(n.alpha,r.alpha,o),yo.transform(i))},hm=new Set(["none","hidden"]);function dK(t,e){return hm.has(t)?n=>n<=0?t:e:n=>n>=1?e:t}const fK=(t,e)=>n=>e(t(n)),J_=(...t)=>t.reduce(fK);function pK(t,e){return n=>Gc(t,e,n)}function Z_(t){return typeof t=="number"?pK:typeof t=="string"?W_(t)?nf:An.test(t)?lS:_K:Array.isArray(t)?qy:typeof t=="object"?An.test(t)?lS:hK:nf}function qy(t,e){const n=[...t],r=n.length,i=t.map((o,a)=>Z_(o)(o,e[a]));return o=>{for(let a=0;a<r;a++)n[a]=i[a](o);return n}}function hK(t,e){const n={...t,...e},r={};for(const i in n)t[i]!==void 0&&e[i]!==void 0&&(r[i]=Z_(t[i])(t[i],e[i]));return i=>{for(const o in r)n[o]=r[o](i);return n}}function mK(t,e){const n=[],r={color:0,var:0,number:0};for(let i=0;i<e.values.length;i++){const o=e.types[i],a=t.indexes[o][r[o]],c=t.values[a]??0;n[i]=c,r[o]++}return n}const _K=(t,e)=>{const n=ul.createTransformer(e),r=yc(t),i=yc(e);return r.indexes.var.length===i.indexes.var.length&&r.indexes.color.length===i.indexes.color.length&&r.indexes.number.length>=i.indexes.number.length?hm.has(t)&&!i.values.length||hm.has(e)&&!r.values.length?dK(t,e):J_(qy(mK(r,i),i.values),n):nf(t,e)};function jy(t,e,n){return typeof t=="number"&&typeof e=="number"&&typeof n=="number"?Gc(t,e,n):Z_(t)(t,e)}const EK=t=>{const e=({timestamp:n})=>t(n);return{start:(n=!0)=>ps.update(e,n),stop:()=>em(e),now:()=>tf.isProcessing?tf.timestamp:Wr.now()}},Jy=(t,e,n=10)=>{let r="";const i=Math.max(Math.round(e/n),2);for(let o=0;o<i;o++)r+=Math.round(t(o/(i-1))*1e4)/1e4+", ";return`linear(${r.substring(0,r.length-2)})`},gK=5;function Zy(t,e,n){const r=Math.max(e-gK,0);return gy(n-t(r),e-r)}const hn={stiffness:100,damping:10,mass:1,velocity:0,duration:800,bounce:.3,visualDuration:.3,restSpeed:{granular:.01,default:2},restDelta:{granular:.005,default:.5},minDuration:.01,maxDuration:10,minDamping:.05,maxDamping:1},cS=.001;function TK({duration:t=hn.duration,bounce:e=hn.bounce,velocity:n=hn.velocity,mass:r=hn.mass}){let i,o,a=1-e;a=Wo(hn.minDamping,hn.maxDamping,a),t=Wo(hn.minDuration,hn.maxDuration,is(t)),a<1?(i=p=>{const d=p*a,_=d*t,S=d-n,R=mm(p,a),T=Math.exp(-_);return cS-S/R*T},o=p=>{const _=p*a*t,S=_*n+n,R=Math.pow(a,2)*Math.pow(p,2)*t,T=Math.exp(-_),b=mm(Math.pow(p,2),a);return(-i(p)+cS>0?-1:1)*((S-R)*T)/b}):(i=p=>{const d=Math.exp(-p*t),_=(p-n)*t+1;return-.001+d*_},o=p=>{const d=Math.exp(-p*t),_=(n-p)*(t*t);return d*_});const c=5/t,u=SK(i,o,c);if(t=Ii(t),isNaN(u))return{stiffness:hn.stiffness,damping:hn.damping,duration:t};{const p=Math.pow(u,2)*r;return{stiffness:p,damping:a*2*Math.sqrt(r*p),duration:t}}}const vK=12;function SK(t,e,n){let r=n;for(let i=1;i<vK;i++)r=r-t(r)/e(r);return r}function mm(t,e){return t*Math.sqrt(1-e*e)}const AK=["duration","bounce"],RK=["stiffness","damping","mass"];function uS(t,e){return e.some(n=>t[n]!==void 0)}function bK(t){let e={velocity:hn.velocity,stiffness:hn.stiffness,damping:hn.damping,mass:hn.mass,isResolvedFromDuration:!1,...t};if(!uS(t,RK)&&uS(t,AK))if(t.visualDuration){const n=t.visualDuration,r=2*Math.PI/(n*1.2),i=r*r,o=2*Wo(.05,1,1-(t.bounce||0))*Math.sqrt(i);e={...e,mass:hn.mass,stiffness:i,damping:o}}else{const n=TK(t);e={...e,...n,mass:hn.mass},e.isResolvedFromDuration=!0}return e}function Oc(t=hn.visualDuration,e=hn.bounce){const n=typeof t!="object"?{visualDuration:t,keyframes:[0,1],bounce:e}:t;let{restSpeed:r,restDelta:i}=n;const o=n.keyframes[0],a=n.keyframes[n.keyframes.length-1],c={done:!1,value:o},{stiffness:u,damping:p,mass:d,duration:_,velocity:S,isResolvedFromDuration:R}=bK({...n,velocity:-is(n.velocity||0)}),T=S||0,b=p/(2*Math.sqrt(u*d)),N=a-o,C=is(Math.sqrt(u/d)),D=Math.abs(N)<5;r||(r=D?hn.restSpeed.granular:hn.restSpeed.default),i||(i=D?hn.restDelta.granular:hn.restDelta.default);let W;if(b<1){const G=mm(C,b);W=M=>{const z=Math.exp(-b*C*M);return a-z*((T+b*C*N)/G*Math.sin(G*M)+N*Math.cos(G*M))}}else if(b===1)W=G=>a-Math.exp(-C*G)*(N+(T+C*N)*G);else{const G=C*Math.sqrt(b*b-1);W=M=>{const z=Math.exp(-b*C*M),tt=Math.min(G*M,300);return a-z*((T+b*C*N)*Math.sinh(tt)+G*N*Math.cosh(tt))/G}}const O={calculatedDuration:R&&_||null,next:G=>{const M=W(G);if(R)c.done=G>=_;else{let z=G===0?T:0;b<1&&(z=G===0?Ii(T):Zy(W,G,M));const tt=Math.abs(z)<=r,Et=Math.abs(a-M)<=i;c.done=tt&&Et}return c.value=c.done?a:M,c},toString:()=>{const G=Math.min(q_(O),ef),M=Jy(z=>O.next(G*z).value,G,30);return G+"ms "+M},toTransition:()=>{}};return O}Oc.applyToOptions=t=>{const e=Xy(t,100,Oc);return t.ease=e.ease,t.duration=Ii(e.duration),t.type="keyframes",t};function _m({keyframes:t,velocity:e=0,power:n=.8,timeConstant:r=325,bounceDamping:i=10,bounceStiffness:o=500,modifyTarget:a,min:c,max:u,restDelta:p=.5,restSpeed:d}){const _=t[0],S={done:!1,value:_},R=tt=>c!==void 0&&tt<c||u!==void 0&&tt>u,T=tt=>c===void 0?u:u===void 0||Math.abs(c-tt)<Math.abs(u-tt)?c:u;let b=n*e;const N=_+b,C=a===void 0?N:a(N);C!==N&&(b=C-_);const D=tt=>-b*Math.exp(-tt/r),W=tt=>C+D(tt),O=tt=>{const Et=D(tt),Ct=W(tt);S.done=Math.abs(Et)<=p,S.value=S.done?C:Ct};let G,M;const z=tt=>{R(S.value)&&(G=tt,M=Oc({keyframes:[S.value,T(S.value)],velocity:Zy(W,tt,S.value),damping:i,stiffness:o,restDelta:p,restSpeed:d}))};return z(0),{calculatedDuration:null,next:tt=>{let Et=!1;return!M&&G===void 0&&(Et=!0,O(tt),z(tt)),G!==void 0&&tt>=G?M.next(tt-G):(!Et&&O(tt),S)}}}function yK(t,e,n){const r=[],i=n||fs.mix||jy,o=t.length-1;for(let a=0;a<o;a++){let c=i(t[a],t[a+1]);if(e){const u=Array.isArray(e)?e[a]||ol:e;c=J_(u,c)}r.push(c)}return r}function OK(t,e,{clamp:n=!0,ease:r,mixer:i}={}){const o=t.length;if(z_(o===e.length),o===1)return()=>e[0];if(o===2&&e[0]===e[1])return()=>e[1];const a=t[0]===t[1];t[0]>t[o-1]&&(t=[...t].reverse(),e=[...e].reverse());const c=yK(e,r,i),u=c.length,p=d=>{if(a&&d<t[0])return e[0];let _=0;if(u>1)for(;_<t.length-2&&!(d<t[_+1]);_++);const S=Y_(t[_],t[_+1],d);return c[_](S)};return n?d=>p(Wo(t[0],t[o-1],d)):p}function LK(t,e){return t.map(n=>n*e)}const Qy=(t,e,n)=>(((1-3*n+3*e)*t+(3*n-6*e))*t+3*e)*t,CK=1e-7,IK=12;function NK(t,e,n,r,i){let o,a,c=0;do a=e+(n-e)/2,o=Qy(a,r,i)-t,o>0?n=a:e=a;while(Math.abs(o)>CK&&++c<IK);return a}function zc(t,e,n,r){if(t===e&&n===r)return ol;const i=o=>NK(o,0,1,t,n);return o=>o===0||o===1?o:Qy(i(o),e,r)}const xK=zc(.42,0,1,1),wK=zc(0,0,.58,1),tO=zc(.42,0,.58,1),eO=t=>e=>e<=.5?t(2*e)/2:(2-t(2*(1-e)))/2,nO=t=>e=>1-t(1-e),rO=zc(.33,1.53,.69,.99),Q_=nO(rO),iO=eO(Q_),sO=t=>(t*=2)<1?.5*Q_(t):.5*(2-Math.pow(2,-10*(t-1))),tE=t=>1-Math.sin(Math.acos(t)),kK=nO(tE),oO=eO(tE),aO=t=>Array.isArray(t)&&typeof t[0]=="number",BK={linear:ol,easeIn:xK,easeInOut:tO,easeOut:wK,circIn:tE,circInOut:oO,circOut:kK,backIn:Q_,backInOut:iO,backOut:rO,anticipate:sO},DK=t=>typeof t=="string",dS=t=>{if(aO(t)){z_(t.length===4);const[e,n,r,i]=t;return zc(e,n,r,i)}else if(DK(t))return BK[t];return t};function PK(t,e){return t.map(()=>e||tO).splice(0,t.length-1)}function ac({duration:t=300,keyframes:e,times:n,ease:r="easeInOut"}){const i=Fy(r)?r.map(dS):dS(r),o={done:!1,value:e[0]},a=LK(n&&n.length===e.length?n:Ky(e),t),c=OK(a,e,{ease:Array.isArray(i)?i:PK(e,i)});return{calculatedDuration:t,next:u=>(o.value=c(u),o.done=u>=t,o)}}const MK=t=>t!==null;function eE(t,{repeat:e,repeatType:n="loop"},r,i=1){const o=t.filter(MK),c=i<0||e&&n!=="loop"&&e%2===1?0:o.length-1;return!c||r===void 0?o[c]:r}const HK={decay:_m,inertia:_m,tween:ac,keyframes:ac,spring:Oc};function lO(t){typeof t.type=="string"&&(t.type=HK[t.type])}class nE{constructor(){this.updateFinished()}get finished(){return this._finished}updateFinished(){this._finished=new Promise(e=>{this.resolve=e})}notifyFinished(){this.resolve()}then(e,n){return this.finished.then(e,n)}}const WK=t=>t/100;class rE extends nE{constructor(e){super(),this.state="idle",this.startTime=null,this.isStopped=!1,this.currentTime=0,this.holdTime=null,this.playbackSpeed=1,this.stop=()=>{var n,r;const{motionValue:i}=this.options;i&&i.updatedAt!==Wr.now()&&this.tick(Wr.now()),this.isStopped=!0,this.state!=="idle"&&(this.teardown(),(r=(n=this.options).onStop)==null||r.call(n))},this.options=e,this.initAnimation(),this.play(),e.autoplay===!1&&this.pause()}initAnimation(){const{options:e}=this;lO(e);const{type:n=ac,repeat:r=0,repeatDelay:i=0,repeatType:o,velocity:a=0}=e;let{keyframes:c}=e;const u=n||ac;u!==ac&&typeof c[0]!="number"&&(this.mixKeyframes=J_(WK,jy(c[0],c[1])),c=[0,100]);const p=u({...e,keyframes:c});o==="mirror"&&(this.mirroredGenerator=u({...e,keyframes:[...c].reverse(),velocity:-a})),p.calculatedDuration===null&&(p.calculatedDuration=q_(p));const{calculatedDuration:d}=p;this.calculatedDuration=d,this.resolvedDuration=d+i,this.totalDuration=this.resolvedDuration*(r+1)-i,this.generator=p}updateTime(e){const n=Math.round(e-this.startTime)*this.playbackSpeed;this.holdTime!==null?this.currentTime=this.holdTime:this.currentTime=n}tick(e,n=!1){const{generator:r,totalDuration:i,mixKeyframes:o,mirroredGenerator:a,resolvedDuration:c,calculatedDuration:u}=this;if(this.startTime===null)return r.next(0);const{delay:p=0,keyframes:d,repeat:_,repeatType:S,repeatDelay:R,type:T,onUpdate:b,finalKeyframe:N}=this.options;this.speed>0?this.startTime=Math.min(this.startTime,e):this.speed<0&&(this.startTime=Math.min(e-i/this.speed,this.startTime)),n?this.currentTime=e:this.updateTime(e);const C=this.currentTime-p*(this.playbackSpeed>=0?1:-1),D=this.playbackSpeed>=0?C<0:C>i;this.currentTime=Math.max(C,0),this.state==="finished"&&this.holdTime===null&&(this.currentTime=i);let W=this.currentTime,O=r;if(_){const tt=Math.min(this.currentTime,i)/c;let Et=Math.floor(tt),Ct=tt%1;!Ct&&tt>=1&&(Ct=1),Ct===1&&Et--,Et=Math.min(Et,_+1),!!(Et%2)&&(S==="reverse"?(Ct=1-Ct,R&&(Ct-=R/c)):S==="mirror"&&(O=a)),W=Wo(0,1,Ct)*c}const G=D?{done:!1,value:d[0]}:O.next(W);o&&(G.value=o(G.value));let{done:M}=G;!D&&u!==null&&(M=this.playbackSpeed>=0?this.currentTime>=i:this.currentTime<=0);const z=this.holdTime===null&&(this.state==="finished"||this.state==="running"&&M);return z&&T!==_m&&(G.value=eE(d,this.options,N,this.speed)),b&&b(G.value),z&&this.finish(),G}then(e,n){return this.finished.then(e,n)}get duration(){return is(this.calculatedDuration)}get time(){return is(this.currentTime)}set time(e){var n;e=Ii(e),this.currentTime=e,this.startTime===null||this.holdTime!==null||this.playbackSpeed===0?this.holdTime=e:this.driver&&(this.startTime=this.driver.now()-e/this.playbackSpeed),(n=this.driver)==null||n.start(!1)}get speed(){return this.playbackSpeed}set speed(e){this.updateTime(Wr.now());const n=this.playbackSpeed!==e;this.playbackSpeed=e,n&&(this.time=is(this.currentTime))}play(){var e,n;if(this.isStopped)return;const{driver:r=EK,startTime:i}=this.options;this.driver||(this.driver=r(a=>this.tick(a))),(n=(e=this.options).onPlay)==null||n.call(e);const o=this.driver.now();this.state==="finished"?(this.updateFinished(),this.startTime=o):this.holdTime!==null?this.startTime=o-this.holdTime:this.startTime||(this.startTime=i??o),this.state==="finished"&&this.speed<0&&(this.startTime+=this.calculatedDuration),this.holdTime=null,this.state="running",this.driver.start()}pause(){this.state="paused",this.updateTime(Wr.now()),this.holdTime=this.currentTime}complete(){this.state!=="running"&&this.play(),this.state="finished",this.holdTime=null}finish(){var e,n;this.notifyFinished(),this.teardown(),this.state="finished",(n=(e=this.options).onComplete)==null||n.call(e)}cancel(){var e,n;this.holdTime=null,this.startTime=0,this.tick(0),this.teardown(),(n=(e=this.options).onCancel)==null||n.call(e)}teardown(){this.state="idle",this.stopDriver(),this.startTime=this.holdTime=null}stopDriver(){this.driver&&(this.driver.stop(),this.driver=void 0)}sample(e){return this.startTime=0,this.tick(e,!0)}attachTimeline(e){var n;return this.options.allowFlatten&&(this.options.type="keyframes",this.options.ease="linear",this.initAnimation()),(n=this.driver)==null||n.stop(),e.observe(this)}}const UK=t=>t.startsWith("--");function $K(t,e,n){UK(e)?t.style.setProperty(e,n):t.style[e]=n}function iE(t){let e;return()=>(e===void 0&&(e=t()),e)}const VK=iE(()=>window.ScrollTimeline!==void 0),FK={};function GK(t,e){const n=iE(t);return()=>FK[e]??n()}const cO=GK(()=>{try{document.createElement("div").animate({opacity:0},{easing:"linear(0, 1)"})}catch{return!1}return!0},"linearEasing"),zl=([t,e,n,r])=>`cubic-bezier(${t}, ${e}, ${n}, ${r})`,fS={linear:"linear",ease:"ease",easeIn:"ease-in",easeOut:"ease-out",easeInOut:"ease-in-out",circIn:zl([0,.65,.55,1]),circOut:zl([.55,0,1,.45]),backIn:zl([.31,.01,.66,-.59]),backOut:zl([.33,1.53,.69,.99])};function uO(t,e){if(t)return typeof t=="function"?cO()?Jy(t,e):"ease-out":aO(t)?zl(t):Array.isArray(t)?t.map(n=>uO(n,e)||fS.easeOut):fS[t]}function zK(t,e,n,{delay:r=0,duration:i=300,repeat:o=0,repeatType:a="loop",ease:c="easeOut",times:u}={},p=void 0){const d={[e]:n};u&&(d.offset=u);const _=uO(c,i);Array.isArray(_)&&(d.easing=_);const S={delay:r,duration:i,easing:Array.isArray(_)?"linear":_,fill:"both",iterations:o+1,direction:a==="reverse"?"alternate":"normal"};return p&&(S.pseudoElement=p),t.animate(d,S)}function KK({type:t,...e}){return j_(t)&&cO()?t.applyToOptions(e):(e.duration??(e.duration=300),e.ease??(e.ease="easeOut"),e)}class XK extends nE{constructor(e){if(super(),this.finishedTime=null,this.isStopped=!1,!e)return;const{element:n,name:r,keyframes:i,pseudoElement:o,allowFlatten:a=!1,finalKeyframe:c,onComplete:u}=e;this.isPseudoElement=!!o,this.allowFlatten=a,this.options=e,z_(typeof e.type!="string");const p=KK(e);this.animation=zK(n,r,i,p,o),p.autoplay===!1&&this.animation.pause(),this.animation.onfinish=()=>{if(this.finishedTime=this.time,!o){const d=eE(i,this.options,c,this.speed);this.updateMotionValue?this.updateMotionValue(d):$K(n,r,d),this.animation.cancel()}u?.(),this.notifyFinished()}}play(){this.isStopped||(this.animation.play(),this.state==="finished"&&this.updateFinished())}pause(){this.animation.pause()}complete(){var e,n;(n=(e=this.animation).finish)==null||n.call(e)}cancel(){try{this.animation.cancel()}catch{}}stop(){if(this.isStopped)return;this.isStopped=!0;const{state:e}=this;e==="idle"||e==="finished"||(this.updateMotionValue?this.updateMotionValue():this.commitStyles(),this.isPseudoElement||this.cancel())}commitStyles(){var e,n;this.isPseudoElement||(n=(e=this.animation).commitStyles)==null||n.call(e)}get duration(){var e,n;const r=((n=(e=this.animation.effect)==null?void 0:e.getComputedTiming)==null?void 0:n.call(e).duration)||0;return is(Number(r))}get time(){return is(Number(this.animation.currentTime)||0)}set time(e){this.finishedTime=null,this.animation.currentTime=Ii(e)}get speed(){return this.animation.playbackRate}set speed(e){e<0&&(this.finishedTime=null),this.animation.playbackRate=e}get state(){return this.finishedTime!==null?"finished":this.animation.playState}get startTime(){return Number(this.animation.startTime)}set startTime(e){this.animation.startTime=e}attachTimeline({timeline:e,observe:n}){var r;return this.allowFlatten&&((r=this.animation.effect)==null||r.updateTiming({easing:"linear"})),this.animation.onfinish=null,e&&VK()?(this.animation.timeline=e,ol):n(this)}}const dO={anticipate:sO,backInOut:iO,circInOut:oO};function YK(t){return t in dO}function qK(t){typeof t.ease=="string"&&YK(t.ease)&&(t.ease=dO[t.ease])}const pS=10;class jK extends XK{constructor(e){qK(e),lO(e),super(e),e.startTime&&(this.startTime=e.startTime),this.options=e}updateMotionValue(e){const{motionValue:n,onUpdate:r,onComplete:i,element:o,...a}=this.options;if(!n)return;if(e!==void 0){n.set(e);return}const c=new rE({...a,autoplay:!1}),u=Ii(this.finishedTime??this.time);n.setWithVelocity(c.sample(u-pS).value,c.sample(u).value,pS),c.stop()}}const hS=(t,e)=>e==="zIndex"?!1:!!(typeof t=="number"||Array.isArray(t)||typeof t=="string"&&(ul.test(t)||t==="0")&&!t.startsWith("url("));function JK(t){const e=t[0];if(t.length===1)return!0;for(let n=0;n<t.length;n++)if(t[n]!==e)return!0}function ZK(t,e,n,r){const i=t[0];if(i===null)return!1;if(e==="display"||e==="visibility")return!0;const o=t[t.length-1],a=hS(i,e),c=hS(o,e);return!a||!c?!1:JK(t)||(n==="spring"||j_(n))&&r}const QK=new Set(["opacity","clipPath","filter","transform"]),tX=iE(()=>Object.hasOwnProperty.call(Element.prototype,"animate"));function eX(t){var e;const{motionValue:n,name:r,repeatDelay:i,repeatType:o,damping:a,type:c}=t;if(!(((e=n?.owner)==null?void 0:e.current)instanceof HTMLElement))return!1;const{onUpdate:p,transformTemplate:d}=n.owner.getProps();return tX()&&r&&QK.has(r)&&(r!=="transform"||!d)&&!p&&!i&&o!=="mirror"&&a!==0&&c!=="inertia"}const nX=40;class rX extends nE{constructor({autoplay:e=!0,delay:n=0,type:r="keyframes",repeat:i=0,repeatDelay:o=0,repeatType:a="loop",keyframes:c,name:u,motionValue:p,element:d,..._}){var S;super(),this.stop=()=>{var b,N;this._animation&&(this._animation.stop(),(b=this.stopTimeline)==null||b.call(this)),(N=this.keyframeResolver)==null||N.cancel()},this.createdAt=Wr.now();const R={autoplay:e,delay:n,type:r,repeat:i,repeatDelay:o,repeatType:a,name:u,motionValue:p,element:d,..._},T=d?.KeyframeResolver||$_;this.keyframeResolver=new T(c,(b,N,C)=>this.onKeyframesResolved(b,N,R,!C),u,p,d),(S=this.keyframeResolver)==null||S.scheduleResolve()}onKeyframesResolved(e,n,r,i){this.keyframeResolver=void 0;const{name:o,type:a,velocity:c,delay:u,isHandoff:p,onUpdate:d}=r;this.resolvedAt=Wr.now(),ZK(e,o,a,c)||((fs.instantAnimations||!u)&&d?.(eE(e,r,n)),e[0]=e[e.length-1],pm(r),r.repeat=0);const S={startTime:i?this.resolvedAt?this.resolvedAt-this.createdAt>nX?this.resolvedAt:this.createdAt:this.createdAt:void 0,finalKeyframe:n,...r,keyframes:e},R=!p&&eX(S)?new jK({...S,element:S.motionValue.owner.current}):new rE(S);R.finished.then(()=>this.notifyFinished()).catch(ol),this.pendingTimeline&&(this.stopTimeline=R.attachTimeline(this.pendingTimeline),this.pendingTimeline=void 0),this._animation=R}get finished(){return this._animation?this.animation.finished:this._finished}then(e,n){return this.finished.finally(e).then(()=>{})}get animation(){var e;return this._animation||((e=this.keyframeResolver)==null||e.resume(),GG()),this._animation}get duration(){return this.animation.duration}get time(){return this.animation.time}set time(e){this.animation.time=e}get speed(){return this.animation.speed}get state(){return this.animation.state}set speed(e){this.animation.speed=e}get startTime(){return this.animation.startTime}attachTimeline(e){return this._animation?this.stopTimeline=this.animation.attachTimeline(e):this.pendingTimeline=e,()=>this.stop()}play(){this.animation.play()}pause(){this.animation.pause()}complete(){this.animation.complete()}cancel(){var e;this._animation&&this.animation.cancel(),(e=this.keyframeResolver)==null||e.cancel()}}const fO=(t,e,n,r={},i,o)=>a=>{const c=Yy(r,t)||{},u=c.delay||r.delay||0;let{elapsed:p=0}=r;p=p-Ii(u);const d={keyframes:Array.isArray(n)?n:[null,n],ease:"easeOut",velocity:e.getVelocity(),...c,delay:-p,onUpdate:S=>{e.set(S),c.onUpdate&&c.onUpdate(S)},onComplete:()=>{a(),c.onComplete&&c.onComplete()},name:t,motionValue:e,element:o?void 0:i};aK(c)||Object.assign(d,oK(t,d)),d.duration&&(d.duration=Ii(d.duration)),d.repeatDelay&&(d.repeatDelay=Ii(d.repeatDelay)),d.from!==void 0&&(d.keyframes[0]=d.from);let _=!1;if((d.type===!1||d.duration===0&&!d.repeatDelay)&&(pm(d),d.delay===0&&(_=!0)),(fs.instantAnimations||fs.skipAnimations)&&(_=!0,pm(d),d.delay=0),d.allowFlatten=!c.type&&!c.ease,_&&!o&&e.get()!==void 0){const S=eK(d.keyframes,c);if(S!==void 0){ps.update(()=>{d.onUpdate(S),d.onComplete()});return}}return c.isSync?new rE(d):new rX(d)};function iX({protectedKeys:t,needsAnimating:e},n){const r=t.hasOwnProperty(n)&&e[n]!==!0;return e[n]=!1,r}function sX(t,e,{delay:n=0,transitionOverride:r,type:i}={}){let{transition:o=t.getDefaultTransition(),transitionEnd:a,...c}=e;r&&(o=r);const u=[],p=i&&t.animationState&&t.animationState.getState()[i];for(const d in c){const _=t.getValue(d,t.latestValues[d]??null),S=c[d];if(S===void 0||p&&iX(p,d))continue;const R={delay:n,...Yy(o||{},d)},T=_.get();if(T!==void 0&&!_.isAnimating&&!Array.isArray(S)&&S===T&&!R.velocity)continue;let b=!1;if(window.MotionHandoffAnimation){const C=Qz(t);if(C){const D=window.MotionHandoffAnimation(C,d,ps);D!==null&&(R.startTime=D,b=!0)}}jz(t,d),_.start(fO(d,_,S,t.shouldReduceMotion&&By.has(d)?{type:!1}:R,t,b));const N=_.animation;N&&u.push(N)}return a&&Promise.all(u).then(()=>{ps.update(()=>{a&&Yz(t,a)})}),u}function oX(t,e){return t in e}class aX extends ky{constructor(){super(...arguments),this.type="object"}readValueFromInstance(e,n){if(oX(n,e)){const r=e[n];if(typeof r=="string"||typeof r=="number")return r}}getBaseTargetFromProps(){}removeValueFromRenderState(e,n){delete n.output[e]}measureInstanceViewportBox(){return U_()}build(e,n){Object.assign(e.output,n)}renderInstance(e,{output:n}){Object.assign(e,n)}sortInstanceNodePosition(){return 0}}function lX(t){return typeof t=="object"&&t!==null}function pO(t){return lX(t)&&"ownerSVGElement"in t}function cX(t){return pO(t)&&t.tagName==="svg"}function uX(t){const e={presenceContext:null,props:{},visualState:{renderState:{transform:{},transformOrigin:{},style:{},vars:{},attrs:{}},latestValues:{}}},n=pO(t)&&!cX(t)?new Nz(e):new Az(e);n.mount(t),Ac.set(t,n)}function dX(t){const e={presenceContext:null,props:{},visualState:{renderState:{output:{}},latestValues:{}}},n=new aX(e);n.mount(t),Ac.set(t,n)}function fX(t,e,n){const r=Zn(t)?t:Rc(t);return r.start(fO("",r,e,n)),r.animation}function pX(t,e){return Zn(t)||typeof t=="number"||typeof t=="string"&&!X_(e)}function hO(t,e,n,r){const i=[];if(pX(t,e))i.push(fX(t,X_(e)&&e.default||e,n&&(n.default||n)));else{const o=Vy(t,e,r),a=o.length;for(let c=0;c<a;c++){const u=o[c],p=u instanceof Element?uX:dX;Ac.has(u)||p(u);const d=Ac.get(u),_={...n};"delay"in _&&typeof _.delay=="function"&&(_.delay=_.delay(c,a)),i.push(...sX(d,{...e,transition:_},{}))}}return i}function hX(t,e,n){const r=[];return Wz(t,e,n,{spring:Oc}).forEach(({keyframes:o,transition:a},c)=>{r.push(...hO(c,o,a))}),r}class mX{constructor(e){this.stop=()=>this.runAll("stop"),this.animations=e.filter(Boolean)}get finished(){return Promise.all(this.animations.map(e=>e.finished))}getAll(e){return this.animations[0][e]}setAll(e,n){for(let r=0;r<this.animations.length;r++)this.animations[r][e]=n}attachTimeline(e){const n=this.animations.map(r=>r.attachTimeline(e));return()=>{n.forEach((r,i)=>{r&&r(),this.animations[i].stop()})}}get time(){return this.getAll("time")}set time(e){this.setAll("time",e)}get speed(){return this.getAll("speed")}set speed(e){this.setAll("speed",e)}get state(){return this.getAll("state")}get startTime(){return this.getAll("startTime")}get duration(){let e=0;for(let n=0;n<this.animations.length;n++)e=Math.max(e,this.animations[n].duration);return e}runAll(e){this.animations.forEach(n=>n[e]())}play(){this.runAll("play")}pause(){this.runAll("pause")}cancel(){this.runAll("cancel")}complete(){this.runAll("complete")}}class _X extends mX{then(e,n){return this.finished.finally(e).then(()=>{})}}function EX(t){return Array.isArray(t)&&t.some(Array.isArray)}function gX(t){function e(n,r,i){let o=[];return EX(n)?o=hX(n,r,t):o=hO(n,r,i,t),new _X(o)}return e}const TX=gX(),vX=["d","stroke","stroke-width"],SX=Pe({__name:"AnimatedEdge",props:{d:{},strokeColor:{},strokeWidth:{}},setup(t){const e=t,n=Yt(null);return Ze(()=>e.d,r=>{n.value&&TX(n.value,{d:r},{duration:.2,ease:"easeInOut"})}),(r,i)=>(w(),P("path",{ref_key:"path",ref:n,d:t.d,stroke:t.strokeColor,fill:"none","stroke-width":t.strokeWidth},null,8,vX))}}),o0=sl(SX,[["__scopeId","data-v-c6b8e72b"]]);let AX=class{nodeId;size;Options;Timing;Settings;[m.ACTUAL_LOOPS];[m.ACTUAL_ROWS];[m.ACTUAL_ROWS_REVISED];[m.ACTUAL_STARTUP_TIME];[m.ACTUAL_TOTAL_TIME];[m.EXCLUSIVE_COST];[m.EXCLUSIVE_DURATION];[m.EXCLUSIVE_LOCAL_DIRTIED_BLOCKS];[m.EXCLUSIVE_LOCAL_HIT_BLOCKS];[m.EXCLUSIVE_LOCAL_READ_BLOCKS];[m.EXCLUSIVE_LOCAL_WRITTEN_BLOCKS];[m.EXCLUSIVE_SHARED_DIRTIED_BLOCKS];[m.EXCLUSIVE_SHARED_HIT_BLOCKS];[m.EXCLUSIVE_SHARED_READ_BLOCKS];[m.EXCLUSIVE_SHARED_WRITTEN_BLOCKS];[m.EXCLUSIVE_READ_BLOCKS];[m.EXCLUSIVE_WRITTEN_BLOCKS];[m.EXCLUSIVE_TEMP_READ_BLOCKS];[m.EXCLUSIVE_TEMP_WRITTEN_BLOCKS];[m.FILTER];[m.PLANNER_ESTIMATE_DIRECTION];[m.PLANNER_ESTIMATE_FACTOR];[m.INDEX_NAME];[m.NODE_TYPE];[m.PARALLEL_AWARE];[m.PLANS];[m.PLAN_ROWS];[m.PLAN_ROWS_REVISED];[m.SUBPLAN_NAME];[m.TOTAL_COST];[m.WORKERS];[m.WORKERS_LAUNCHED];[m.WORKERS_PLANNED];[m.WORKERS_LAUNCHED_BY_GATHER];[m.WORKERS_PLANNED_BY_GATHER];[m.EXCLUSIVE_IO_READ_TIME];[m.EXCLUSIVE_IO_WRITE_TIME];[m.EXCLUSIVE_SHARED_IO_READ_TIME];[m.EXCLUSIVE_SHARED_IO_WRITE_TIME];[m.EXCLUSIVE_LOCAL_IO_READ_TIME];[m.EXCLUSIVE_LOCAL_IO_WRITE_TIME];[m.EXCLUSIVE_TEMP_IO_READ_TIME];[m.EXCLUSIVE_TEMP_IO_WRITE_TIME];[m.EXCLUSIVE_SUM_IO_READ_TIME];[m.EXCLUSIVE_SUM_IO_WRITE_TIME];[m.AVERAGE_IO_READ_SPEED];[m.AVERAGE_IO_WRITE_SPEED];[m.AVERAGE_SHARED_IO_READ_SPEED];[m.AVERAGE_SHARED_IO_WRITE_SPEED];[m.AVERAGE_LOCAL_IO_READ_SPEED];[m.AVERAGE_LOCAL_IO_WRITE_SPEED];[m.AVERAGE_TEMP_IO_READ_SPEED];[m.AVERAGE_TEMP_IO_WRITE_SPEED];[m.AVERAGE_SUM_IO_READ_SPEED];[m.AVERAGE_SUM_IO_WRITE_SPEED];[m.EXCLUSIVE_AVERAGE_SUM_IO_READ_SPEED];[m.EXCLUSIVE_AVERAGE_SUM_IO_WRITE_SPEED];[m.IO_READ_TIME];[m.IO_WRITE_TIME];[m.SHARED_IO_READ_TIME];[m.SHARED_IO_WRITE_TIME];[m.LOCAL_IO_READ_TIME];[m.LOCAL_IO_WRITE_TIME];[m.TEMP_IO_READ_TIME];[m.TEMP_IO_WRITE_TIME];[m.SUM_IO_READ_TIME];[m.SUM_IO_WRITE_TIME];[m.PARTIAL_MODE];[m.SCAN_DIRECTION];constructor(e){if(!e)return;this[m.NODE_TYPE]=e;let n;(O=>{O[O.NodeType=1]="NodeType",O[O.RelationName=2]="RelationName",O[O.Alias=3]="Alias"})(n||(n={}));const r=/^((?:Parallel\s+)?(?:Seq|Tid.*|Bitmap\s+Heap|WorkTable|(?:Async\s+)?Foreign)\s+Scan|Update|Insert|Delete|Merge)\son\s(\S+)(?:\s+(\S+))?$/.exec(e);let i;(O=>{O[O.NodeType=1]="NodeType",O[O.IndexName=2]="IndexName"})(i||(i={}));const o=/^(Bitmap\s+Index\s+Scan)\son\s(\S+)$/.exec(e);let a;(O=>{O[O.NodeType=1]="NodeType",O[O.ScanDirection=2]="ScanDirection",O[O.IndexName=3]="IndexName",O[O.RelationName=4]="RelationName",O[O.Alias=5]="Alias"})(a||(a={}));const c=/^((?:Parallel\s+)?Index(?:\sOnly)?\sScan)(\sBackward)?\susing\s(\S+)\son\s(\S+)(?:\s+(\S+))?$/.exec(e);let u;(O=>{O[O.NodeType=1]="NodeType",O[O.CteName=2]="CteName",O[O.Alias=3]="Alias"})(u||(u={}));const p=/^(CTE\sScan)\son\s(\S+)(?:\s+(\S+))?$/.exec(e);let d;(O=>{O[O.NodeType=1]="NodeType",O[O.FunctionName=2]="FunctionName",O[O.Alias=3]="Alias"})(d||(d={}));const _=/^(Function\sScan)\son\s(\S+)(?:\s+(\S+))?$/.exec(e);let S;(O=>{O[O.NodeType=1]="NodeType",O[O.Alias=2]="Alias"})(S||(S={}));const R=/^(Subquery\sScan)\son\s(.+)$/.exec(e);r?(this[m.NODE_TYPE]=r[1],this[m.RELATION_NAME]=r[2],r[3]&&(this[m.ALIAS]=r[3])):o?(this[m.NODE_TYPE]=o[1],this[m.INDEX_NAME]=o[2]):c?(this[m.NODE_TYPE]=c[1],this[m.INDEX_NAME]=c[3],this[m.SCAN_DIRECTION]=c[2]?"Backward":"Forward",this[m.RELATION_NAME]=c[4],c[5]&&(this[m.ALIAS]=c[5])):p?(this[m.NODE_TYPE]=p[1],this[m.CTE_NAME]=p[2],p[3]&&(this[m.ALIAS]=p[3])):_?(this[m.NODE_TYPE]=_[1],this[m.FUNCTION_NAME]=_[2],_[3]&&(this[m.ALIAS]=_[3])):R&&(this[m.NODE_TYPE]=R[1],this[m.ALIAS]=R[2]);let T;(O=>{O[O.NodeType=2]="NodeType"})(T||(T={}));const b=/^(Parallel\s+)(.*)/.exec(this[m.NODE_TYPE]);b&&(this[m.NODE_TYPE]=b[2],this[m.PARALLEL_AWARE]=!0);let N;(O=>{O[O.NodeType=1]="NodeType"})(N||(N={}));const C=/(.*)\sJoin$/.exec(this[m.NODE_TYPE]);let D;(O=>{O[O.NodeType=1]="NodeType",O[O.JoinType=2]="JoinType"})(D||(D={}));const W=/(.*)\s+(Full|Left|Right|Anti)/.exec(this[m.NODE_TYPE]);C&&(this[m.NODE_TYPE]=C[1],W&&(this[m.NODE_TYPE]=W[1],this[m.JOIN_TYPE]=W[2]),this[m.NODE_TYPE]+=" Join")}};class RX{constructor(e){this[Gf.WORKER_NUMBER]=e}}class bX{nodeId=0;flat=[];recurse(e){return X.map(e,n=>[n,this.recurse(n[m.PLANS])])}createPlan(e,n,r){r=r.replace(/(\S)(?!$)(\s{2,})/gm,"$1 ");const i={id:m.PEV_PLAN_TAG+new Date().getTime().toString(),name:e||"plan created on "+new Date().toDateString(),createdOn:new Date,content:n,query:r,planStats:{},ctes:[],isAnalyze:X.has(n.Plan,m.ACTUAL_ROWS),isVerbose:this.findOutputProperty(n.Plan)};return this.nodeId=1,this.flat=[],this.processNode(n.Plan,i),this.flat=this.flat.concat(X.flattenDeep(this.recurse([i.content.Plan]))),X.each(i.ctes,o=>{this.flat=this.flat.concat(X.flattenDeep(this.recurse([o])))}),this.fixCteScansDuration(i),this.fixInitPlanUsageDuration(i),this.calculateMaximums(i),i}isCTE(e){return e[m.PARENT_RELATIONSHIP]==="InitPlan"&&X.startsWith(e[m.SUBPLAN_NAME],"CTE")}processNode(e,n){e.nodeId=this.nodeId++,this.calculatePlannerEstimate(e),X.each(e[m.PLANS],r=>{!this.isCTE(r)&&r[m.PARENT_RELATIONSHIP]!=="InitPlan"&&r[m.PARENT_RELATIONSHIP]!=="SubPlan"&&(r[m.WORKERS_PLANNED_BY_GATHER]=e[m.WORKERS_PLANNED]||e[m.WORKERS_PLANNED_BY_GATHER],r[m.WORKERS_LAUNCHED_BY_GATHER]=e[m.WORKERS_LAUNCHED]||e[m.WORKERS_LAUNCHED_BY_GATHER]),this.isCTE(r)&&n.ctes.push(r),this.processNode(r,n)}),X.remove(e[m.PLANS],r=>this.isCTE(r)),this.calculateActuals(e),this.calculateExclusives(e),this.calculateIoTimingsAverage(e),this.convertNodeType(e)}calculateMaximums(e){const n=X.maxBy(this.flat,m.ACTUAL_ROWS_REVISED);n&&(e.content.maxRows=n[m.ACTUAL_ROWS_REVISED]);const r=X.maxBy(this.flat,m.EXCLUSIVE_COST);r&&(e.content.maxCost=r[m.EXCLUSIVE_COST]);const i=X.maxBy(this.flat,m.TOTAL_COST);i&&(e.content.maxTotalCost=i[m.TOTAL_COST]);const o=X.maxBy(this.flat,m.EXCLUSIVE_DURATION);o&&(e.content.maxDuration=o[m.EXCLUSIVE_DURATION]),e.content.maxBlocks||(e.content.maxBlocks={});function a(b){return b[m.EXCLUSIVE_SHARED_HIT_BLOCKS]+b[m.EXCLUSIVE_SHARED_READ_BLOCKS]+b[m.EXCLUSIVE_SHARED_DIRTIED_BLOCKS]+b[m.EXCLUSIVE_SHARED_WRITTEN_BLOCKS]}const c=X.maxBy(this.flat,b=>a(b));c&&a(c)&&(e.content.maxBlocks[fe.shared]=a(c));function u(b){return b[m.EXCLUSIVE_TEMP_READ_BLOCKS]+b[m.EXCLUSIVE_TEMP_WRITTEN_BLOCKS]}const p=X.maxBy(this.flat,b=>u(b));p&&u(p)&&(e.content.maxBlocks[fe.temp]=u(p));function d(b){return b[m.EXCLUSIVE_LOCAL_HIT_BLOCKS]+b[m.EXCLUSIVE_LOCAL_READ_BLOCKS]+b[m.EXCLUSIVE_LOCAL_DIRTIED_BLOCKS]+b[m.EXCLUSIVE_LOCAL_WRITTEN_BLOCKS]}const _=X.maxBy(this.flat,b=>d(b));_&&d(_)&&(e.content.maxBlocks[fe.local]=d(_)),e.content.maxIo||(e.content.maxIo=0);function S(b){return b[m.EXCLUSIVE_SUM_IO_READ_TIME]+b[m.EXCLUSIVE_SUM_IO_WRITE_TIME]}const R=X.maxBy(this.flat,b=>S(b));R&&S(R)&&(e.content.maxIo=S(R));const T=X.max(X.map(this.flat,b=>{const N=b[m.PLANNER_ESTIMATE_FACTOR];if(N!==1/0)return N}));e.content.maxEstimateFactor=T*2||1}calculateActuals(e){if(!X.isUndefined(e[m.ACTUAL_TOTAL_TIME])){const n=(e[m.WORKERS_LAUNCHED_BY_GATHER]||0)+1;e[m.ACTUAL_TOTAL_TIME]=e[m.ACTUAL_TOTAL_TIME]*e[m.ACTUAL_LOOPS]/n,e[m.ACTUAL_STARTUP_TIME]=e[m.ACTUAL_STARTUP_TIME]*e[m.ACTUAL_LOOPS]/n,e[m.EXCLUSIVE_DURATION]=e[m.ACTUAL_TOTAL_TIME];const r=e[m.EXCLUSIVE_DURATION]-this.childrenDuration(e,0);e[m.EXCLUSIVE_DURATION]=r>0?r:0}X.isUndefined(e[m.TOTAL_COST])||(e[m.EXCLUSIVE_COST]=e[m.TOTAL_COST]),X.each(e[m.PLANS],n=>{n[m.TOTAL_COST]&&(e[m.EXCLUSIVE_COST]=e[m.EXCLUSIVE_COST]-n[m.TOTAL_COST])}),e[m.EXCLUSIVE_COST]<0&&(e[m.EXCLUSIVE_COST]=0),X.each(["ACTUAL_ROWS","PLAN_ROWS","ROWS_REMOVED_BY_FILTER","ROWS_REMOVED_BY_JOIN_FILTER","ROWS_REMOVED_BY_INDEX_RECHECK"],n=>{if(!X.isUndefined(e[m[n]])){const r=n+"_REVISED",i=e[m.ACTUAL_LOOPS]||1,o=e[m[n]]*i;e[m[r]]=o}})}fixCteScansDuration(e){e.isAnalyze&&X.each(e.ctes,n=>{const r=n[m.ACTUAL_TOTAL_TIME]||0,i=X.filter(this.flat,a=>`CTE ${a[m.CTE_NAME]}`==n[m.SUBPLAN_NAME]),o=X.sumBy(i,a=>a[m.EXCLUSIVE_DURATION]);X.each(i,a=>{a[m.EXCLUSIVE_DURATION]=Math.max(0,a[m.EXCLUSIVE_DURATION]-r*(a[m.ACTUAL_TOTAL_TIME]||0)/o)})})}fixInitPlanUsageDuration(e){if(!e.isAnalyze)return;const n=X.filter(this.flat,r=>r[m.PARENT_RELATIONSHIP]=="InitPlan");X.each(n,r=>{if(!r[m.SUBPLAN_NAME])return;const i=/(InitPlan\s+[1-9]+)(?:\s+\(returns (\$[0-9]+)\))*/m.exec(r[m.SUBPLAN_NAME]);if(!i)return;const o=i[2]||i[1];X.each(X.filter(this.flat,a=>a[m.PARENT_RELATIONSHIP]!="InitPlan"),a=>{X.each(a,c=>{if(typeof c!="string")return;if(new RegExp(`.*${o.replace(/[^a-zA-Z0-9]/g,"\\$&")}[0-9]?`).exec(c))return a[m.EXCLUSIVE_DURATION]-=r[m.ACTUAL_TOTAL_TIME]||0,!1})})})}childrenDuration(e,n){return X.each(e[m.PLANS],r=>{(r[m.PARENT_RELATIONSHIP]!=="InitPlan"||r[m.PARENT_RELATIONSHIP]=="InitPlan"&&e[m.NODE_TYPE]=="Result")&&(n+=r[m.ACTUAL_TOTAL_TIME]||0)}),n}calculatePlannerEstimate(e){e[m.ACTUAL_ROWS]!==void 0&&e[m.PLAN_ROWS]!==void 0&&(e[m.PLANNER_ESTIMATE_FACTOR]=e[m.ACTUAL_ROWS]/e[m.PLAN_ROWS],e[m.PLANNER_ESTIMATE_DIRECTION]=In.none,e[m.ACTUAL_ROWS]>e[m.PLAN_ROWS]&&(e[m.PLANNER_ESTIMATE_DIRECTION]=In.under),e[m.ACTUAL_ROWS]<e[m.PLAN_ROWS]&&(e[m.PLANNER_ESTIMATE_DIRECTION]=In.over,e[m.PLANNER_ESTIMATE_FACTOR]=e[m.PLAN_ROWS]/e[m.ACTUAL_ROWS]))}cleanupSource(e){return e=e.replace(/^(\|||)(.*)\1\r?\n/gm,`$2
`),e=e.replace(/(.*)(\|||)$\r?\n/gm,`$1
`),e=e.replace(/^\+-+\+\r?\n/gm,""),e=e.replace(/^(-||)\1+\r?\n/gm,""),e=e.replace(/^(|||)(|)\2*(|||)\r?\n/gm,""),e=e.replace(/^\+-+\+\r?\n/gm,""),e=e.replace(/^()+\r?\n/gm,""),e=e.replace(/^()+\r?\n/gm,""),e=e.replace(/^()+\r?\n/gm,""),e=e.replace(/^()+\r?\n/gm,""),e=e.replace(/^(["'])(.*)\1\r?/gm,"$2"),e=e.replace(/\s*\+\r?\n/g,`
`),e=e.replace(/\r?/gm,`
`),e=e.replace(/^\s*QUERY PLAN\s*\r?\n/m,""),e=e.replace(/^\(\d+\s+[a-z]*s?\)(\r?\n|$)/gm,`
`),e}fromSource(e){e=this.cleanupSource(e);try{const n=JSON.parse(e);return this.getPlanContent(n)}catch{return/^(\s*)(\[|\{)\s*\n.*?\1(\]|\})\s*/gms.exec(e)?this.fromJson(e):this.fromText(e)}}fromJson(e){const n=e.split(/[\r\n]+/);let r="",i=0;X.each(n,(u,p)=>{const d=/^(\s*)(\[|\{)\s*$/.exec(u);if(d)return r=d[1],i=p,!1});let o=0;X.each(n,(u,p)=>{if(new RegExp("^"+r+"(]|})s*$").exec(u))return o=p,!1});const a=n.slice(i,o+1).join(`
`).replace(/""/gm,'"'),c=JSON.parse(a);return this.getPlanContent(c)}getPlanContent(e){if(Array.isArray(e)&&(e=e[0]),!e.Plan)throw new Error("Invalid plan");return e}splitIntoLines(e){const n=[],r=e.split(/\r?\n/),i=(c,u)=>(c.match(u)||[]).length,o=c=>{const u=c.indexOf(")"),p=c.indexOf("(");return u!=-1&&u<p},a=(c,u)=>c.search(/\S/)==u.search(/\S/);return X.each(r,c=>{const u=n[n.length-1];u&&i(u,/\)/g)!=i(u,/\(/g)?n[n.length-1]+=c:c.match(/^(?:Total\s+runtime|Planning(\s+time)?|Execution\s+time|Time|Filter|Output|JIT|Trigger)/i)?n.push(c):c.match(/^\S/)||c.match(/^\s*\(/)||o(c)?0<n.length?n[n.length-1]+=c:n.push(c):0<n.length&&u.match(/^.*,\s*$/)&&!a(u,c)&&!c.match(/^\s*->/i)?n[n.length-1]+=c:n.push(c)}),n}fromText(e){const n=this.splitIntoLines(e),r={},i=[],o=/^\s*/,a=/^s*$/,c=/^\\s*(QUERY|---|#).*$/,u="^(\\s*->\\s*|\\s*)",p="(Finalize|Simple|Partial)*",d="([^\\r\\n\\t\\f\\v\\:\\(]*?)",_="\\(cost=(\\d+\\.\\d+)\\.\\.(\\d+\\.\\d+)\\s+rows=(\\d+)\\s+width=(\\d+)\\)",S="(?:",R=")",T="\\(",b="\\)",N="(?:actual(?:\\stime=(\\d+\\.\\d+)\\.\\.(\\d+\\.\\d+))?\\srows=(\\d+(?:\\.\\d+)?)\\sloops=(\\d+)|(never\\s+executed))",C="?",D=/^(\s*)((?:Sub|Init)Plan)\s*(?:\d+\s*)?\s*(?:\(returns.*\)\s*)?$/gm,W=/^(\s*)CTE\s+(\S+)\s*$/g;let O;(it=>{it[it.Name=2]="Name",it[it.Time=3]="Time",it[it.Calls=4]="Calls"})(O||(O={}));const G=/^(\s*)Trigger\s+(.*):\s+time=(\d+\.\d+)\s+calls=(\d+)\s*$/;let M;(it=>{it[it.Number=2]="Number",it[it.ActualTimeFirst=3]="ActualTimeFirst",it[it.ActualTimeLast=4]="ActualTimeLast",it[it.ActualRows=5]="ActualRows",it[it.ActualLoops=6]="ActualLoops",it[it.NeverExecuted=7]="NeverExecuted",it[it.Extra=8]="Extra"})(M||(M={}));const z=new RegExp("^(\\s*)Worker\\s+(\\d+):\\s+"+S+N+R+C+"(.*)\\s*$"),tt=/^(\s*)JIT:\s*$/,Et=/^(\s*)(\S.*\S)\s*$/;let Ct;(it=>{it[it.Prefix=1]="Prefix",it[it.PartialMode=2]="PartialMode",it[it.Type=3]="Type",it[it.EstimatedStartupCost1=4]="EstimatedStartupCost1",it[it.EstimatedTotalCost1=5]="EstimatedTotalCost1",it[it.EstimatedRows=6]="EstimatedRows",it[it.EstimatedRowWidth=7]="EstimatedRowWidth",it[it.ActualTimeFirst1=8]="ActualTimeFirst1",it[it.ActualTimeLast1=9]="ActualTimeLast1",it[it.ActualRows1=10]="ActualRows1",it[it.ActualLoops1=11]="ActualLoops1",it[it.NeverExecuted=12]="NeverExecuted",it[it.EstimatedStartupCost2=13]="EstimatedStartupCost2",it[it.EstimatedTotalCost2=14]="EstimatedTotalCost2",it[it.EstimatedRows2=15]="EstimatedRows2",it[it.EstimatedRowWidth2=16]="EstimatedRowWidth2",it[it.ActualTimeFirst2=17]="ActualTimeFirst2",it[it.ActualTimeLast2=18]="ActualTimeLast2",it[it.ActualRows2=19]="ActualRows2",it[it.ActualLoops2=20]="ActualLoops2"})(Ct||(Ct={}));const Tt=new RegExp(u+p+"\\s*"+d+"\\s*"+S+(S+_+"\\s+"+T+N+b+R)+"|"+S+_+R+"|"+S+T+N+b+R+R+"\\s*$","m");if(X.each(n,it=>{it=it.replace(/"\s*$/,""),it=it.replace(/^\s*"/,""),it=it.replace(/\t/gm,"    ");const U=it.match(o),q=U?U[0].length:0;it=it.replace(o,"");const Z=a.exec(it),B=c.exec(it),j=Tt.exec(it),ct=D.exec(it),St=W.exec(it),Dt=G.exec(it),dt=z.exec(it),vt=tt.exec(it),ht=Et.exec(it);if(!(Z||B)){if(j&&!St&&!ct){const et=j[12],A=new AX(j[3]);if((j[4]&&j[5]||j[13]&&j[14])&&(A[m.STARTUP_COST]=parseFloat(j[4]||j[13]),A[m.TOTAL_COST]=parseFloat(j[5]||j[14]),A[m.PLAN_ROWS]=parseInt(j[6]||j[15],0),A[m.PLAN_WIDTH]=parseInt(j[7]||j[16],0)),(j[8]&&j[9]||j[17]&&j[18])&&(A[m.ACTUAL_STARTUP_TIME]=parseFloat(j[8]||j[17]),A[m.ACTUAL_TOTAL_TIME]=parseFloat(j[9]||j[18])),j[10]&&j[11]||j[19]&&j[20]){const V=j[10]||j[19];V.indexOf(".")!=-1&&(A[m.ACTUAL_ROWS_FRACTIONAL]=!0),A[m.ACTUAL_ROWS]=parseFloat(V),A[m.ACTUAL_LOOPS]=parseInt(j[11]||j[20],0)}j[2]&&(A[m.PARTIAL_MODE]=j[2]),et&&(A[m.ACTUAL_LOOPS]=0,A[m.ACTUAL_ROWS]=0,A[m.ACTUAL_TOTAL_TIME]=void 0);const I={node:A,subelementType:"subnode"};if(i.length===0){i.push([q,I]),r.Plan=A;return}X.remove(i,V=>V[0]>=q);const L=X.last(i)?.[1];if(!L)return;i.push([q,I]),L.node[m.PLANS]||(L.node[m.PLANS]=[]),L.subelementType==="initplan"?(A[m.PARENT_RELATIONSHIP]="InitPlan",A[m.SUBPLAN_NAME]=L.name):L.subelementType==="subplan"&&(A[m.PARENT_RELATIONSHIP]="SubPlan",A[m.SUBPLAN_NAME]=L.name),L.node.Plans?.push(A)}else if(ct){const et=ct[2];X.remove(i,L=>L[0]>=q);const I={node:X.last(i)?.[1]?.node,subelementType:et.toLowerCase(),name:ct[0]};i.push([q,I])}else if(St){const et=St[2];X.remove(i,L=>L[0]>=q);const I={node:X.last(i)?.[1]?.node,subelementType:"initplan",name:"CTE "+et};i.push([q,I])}else if(dt){const et=parseInt(dt[2],0),A=X.last(i)?.[1];if(!A)return;A.node[m.WORKERS]||(A.node[m.WORKERS]=[]);let I=this.getWorker(A.node,et);if(I||(I=new RX(et),A.node[m.WORKERS]?.push(I)),dt[3]&&dt[4]&&(I[m.ACTUAL_STARTUP_TIME]=parseFloat(dt[3]),I[m.ACTUAL_TOTAL_TIME]=parseFloat(dt[4]),I[m.ACTUAL_ROWS]=parseInt(dt[5],0),I[m.ACTUAL_LOOPS]=parseInt(dt[6],0)),this.parseSort(dt[8],I))return;const L=dt[8].split(/: (.+)/).filter(V=>V);if(dt[8]){if(!L[1])return;const V=X.startCase(L[0]);I[V]=L[1]}}else if(Dt)X.remove(i,et=>et[0]>=q),r.Triggers=r.Triggers||[],r.Triggers.push({"Trigger Name":Dt[2],Time:this.parseTime(Dt[3]),Calls:Dt[4]});else if(vt){let et;if(i.length===0)r.JIT={},et={node:r.JIT},i.push([1,et]);else{const A=X.last(i)?.[1];if(!A)return;if(X.last(A.node?.[m.WORKERS])){const I=X.last(A.node?.[m.WORKERS]);I.JIT={},et={node:I.JIT},i.push([q,et])}}}else if(ht){X.remove(i,V=>V[0]>=q||q==1);let et;if(i.length===0?et=r:et=X.last(i)?.[1].node,!et.Plan&&et["Query Text"]){et["Query Text"]+=`
`+it;return}const A=ht[2].split(/: (.+)/).filter(V=>V);if(!A[1]||!et||this.parseSort(ht[2],et)||this.parseBuffers(ht[2],et)||this.parseWAL(ht[2],et)||this.parseIOTimings(ht[2],et)||this.parseOptions(ht[2],et)||this.parseTiming(ht[2],et)||this.parseSettings(ht[2],et)||this.parseSortGroups(ht[2],et)||this.parseSortKey(ht[2],et))return;let I=A[1].replace(/(\s*ms)$/,"");parseFloat(I)&&(I=parseFloat(I));let L=A[0];(L.indexOf(" runtime")!==-1||L.indexOf(" time")!==-1)&&(L=X.startCase(L)),et[L]=I}}}),r==null||!r.Plan)throw new Error("Unable to parse plan");return r}parseSortKey(e,n){const i=/^\s*((?:Sort|Presorted) Key):\s+(.*)/g.exec(e);return i?(n[i[1]]=X.map(Wv(i[2],","),X.trim),!0):!1}parseSort(e,n){let r;(a=>{a[a.Method=2]="Method",a[a.SpaceType=3]="SpaceType",a[a.SpaceUsed=4]="SpaceUsed"})(r||(r={}));const o=/^(\s*)Sort Method:\s+(.*)\s+(Memory|Disk):\s+(?:(\S*)kB)\s*$/g.exec(e);return o?(n[m.SORT_METHOD]=o[2].trim(),n[m.SORT_SPACE_USED]=o[4],n[m.SORT_SPACE_TYPE]=o[3],!0):!1}parseBuffers(e,n){const i=/Buffers:\s+(.*)\s*$/g.exec(e);return i?(X.each(i[1].split(/,\s+/),o=>{const c=/(shared|temp|local)\s+(.*)$/g.exec(o);if(c){const u=c[1];X.each(["hit","read","written","dirtied"],p=>{n[X.map([u,p,"blocks"],X.capitalize).join(" ")]=0}),X.each(c[2].split(/\s+/),p=>{this.parseBuffer(p,u,n)})}}),!0):!1}parseBuffer(e,n,r){const i=e.split(/=/),o=i[0],a=parseInt(i[1],0);r[X.map([n,o,"blocks"],X.capitalize).join(" ")]=a}getWorker(e,n){return X.find(e[m.WORKERS],r=>r[Gf.WORKER_NUMBER]===n)}parseWAL(e,n){const i=/WAL:\s+(.*)\s*$/g.exec(e);return i?(X.each(["Records","Bytes","FPI"],o=>{n["WAL "+o]=0}),X.each(i[1].split(/\s+/),o=>{const a=o.split(/=/),c=a[0],u=parseInt(a[1],0);let p;switch(c){case"fpi":p="FPI";break;default:p=X.capitalize(c)}n["WAL "+p]=u}),!0):!1}parseIOTimings(e,n){if(!/I\/O Timings:\s+(.*)\s*$/g.exec(e))return!1;const o=/\b(shared\/local|shared|local|temp)((?:\s+(?:read|write)=\d+(?:\.\d+)?)+)/g,a=/(read|write)=(\d+(?:\.\d+)?)/g,c=[];let u,p;for(;(u=o.exec(e))!==null;){const b=u[1],N=u[2],C={scope:b,read:0,write:0};for(;(p=a.exec(N))!==null;)C[p[1]]=parseFloat(p[2]);c.push(C)}const d=e.replace(o,""),_={scope:void 0,read:0,write:0};let S=!1;for(;(p=a.exec(d))!==null;)_[p[1]]=parseFloat(p[2]),S=!0;S&&c.push(_);const R=X.some(c,b=>b.scope=="shared"||b.scope=="local"),T=X.some(c,b=>b.scope=="shared/local");return R?(n[m.SHARED_IO_READ_TIME]=0,n[m.SHARED_IO_WRITE_TIME]=0,n[m.LOCAL_IO_READ_TIME]=0,n[m.LOCAL_IO_WRITE_TIME]=0):(n[m.IO_READ_TIME]=0,n[m.IO_WRITE_TIME]=0),(T||R)&&(n[m.TEMP_IO_READ_TIME]=0,n[m.TEMP_IO_WRITE_TIME]=0),c.forEach(b=>{["read","write"].forEach(N=>{let C=`IO_${X.upperCase(N)}_TIME`;b.scope&&b.scope!="shared/local"&&(C=X.upperCase(b.scope)+"_"+C);const D=m[C];n[D]=b[N]})}),!0}parseOptions(e,n){const i=/^(\s*)Options:\s+(.*)$/g.exec(e);if(i){n.Options={};const o=i[2].split(/\s*,\s*/);let a;return X.each(o,c=>{a=/^(\S*)\s+(.*)$/g.exec(c),a&&n.Options&&(n.Options[a[1]]=JSON.parse(a[2]))}),!0}return!1}parseTiming(e,n){const i=/^(\s*)Timing:\s+(.*)$/g.exec(e);if(i){n.Timing={};const o=i[2].split(/\s*,\s*/);let a;return X.each(o,c=>{a=/^(\S*)\s+(.*)$/g.exec(c),a&&n.Timing&&(n.Timing[a[1]]=this.parseTime(a[2]))}),!0}return!1}parseTime(e){return parseFloat(e.replace(/(\s*ms)$/,""))}parseSettings(e,n){const i=/^(\s*)Settings:\s*(.*)$/g.exec(e);if(i){n.Settings={};const o=Wv(i[2],",");let a;return X.each(o,c=>{a=/^(\S*)\s+=\s+(.*)$/g.exec(X.trim(c)),a&&n.Settings&&(n.Settings[a[1]]=a[2].replace(/'/g,""))}),!0}return!1}parseSortGroups(e,n){const i=/^\s*(Full-sort|Pre-sorted) Groups:\s+([0-9]*)\s+Sort Method[s]*:\s+(.*)\s+Average Memory:\s+(\S*)kB\s+Peak Memory:\s+(\S*)kB.*$/g.exec(e);if(i){const o={[Ld.GROUP_COUNT]:parseInt(i[2],0),[Ld.SORT_METHODS_USED]:X.map(i[3].split(","),X.trim),[Ld.SORT_SPACE_MEMORY]:{[J0.AVERAGE_SORT_SPACE_USED]:parseInt(i[4],0),[J0.PEAK_SORT_SPACE_USED]:parseInt(i[5],0)}};if(i[1]==="Full-sort")n[m.FULL_SORT_GROUPS]=o;else if(i[1]==="Pre-sorted")n[m.PRE_SORTED_GROUPS]=o;else throw new Error("Unsupported sort groups method");return!0}return!1}calculateExclusives(e){const n=["SHARED_HIT_BLOCKS","SHARED_READ_BLOCKS","SHARED_DIRTIED_BLOCKS","SHARED_WRITTEN_BLOCKS","TEMP_READ_BLOCKS","TEMP_WRITTEN_BLOCKS","LOCAL_HIT_BLOCKS","LOCAL_READ_BLOCKS","LOCAL_DIRTIED_BLOCKS","LOCAL_WRITTEN_BLOCKS","IO_READ_TIME","IO_WRITE_TIME","SHARED_IO_READ_TIME","SHARED_IO_WRITE_TIME","LOCAL_IO_READ_TIME","LOCAL_IO_WRITE_TIME","TEMP_IO_READ_TIME","TEMP_IO_WRITE_TIME"];X.each(n,r=>{const i=Number(X.sumBy(X.filter(e[m.PLANS],c=>!c[m.SUBPLAN_NAME]),c=>c[m[r]]||0).toFixed(3)),o="EXCLUSIVE_"+r,a=m[o];e[a]=Number((e[m[r]]-i).toFixed(3))})}calculateIoTimingsAverage(e){let n;X.isUndefined(e[m.TEMP_IO_READ_TIME])?n={"":["shared","local","temp"]}:X.isUndefined(e[m.IO_READ_TIME])?n={shared:["shared"],local:["local"],temp:["temp"]}:n={"":["shared","local"],temp:["temp"]};const r=["read","write"],i=["read","written"];X.forEach(n,(o,a)=>{r.forEach((c,u)=>{["exclusive_",""].forEach(p=>{const d=`${p}${a?a+"_":""}io_${c}_time`.toUpperCase(),_=`${p}average_${a?a+"_":""}io_${c}_speed`.toUpperCase(),S=e[m[d]]||0,R=i[u],T=X.sumBy(o,N=>{const C=`${p}${N}_${R}_blocks`.toUpperCase();return e[m[C]]||0}),b=`${p}${R}_blocks`.toUpperCase();e[m[b]]=T,S&&(e[m[_]]=Number((T/(S/1e3)).toFixed(3)))})})}),r.forEach((o,a)=>{["exclusive_",""].forEach(c=>{const u=`${c}sum_io_${o}_time`.toUpperCase(),p=`${c}average_sum_io_${o}_speed`.toUpperCase();let d=0,_=0;X.forEach(n,(S,R)=>{const T=`${c}${R?R+"_":""}io_${o}_time`.toUpperCase();d+=e[m[T]]||0;const b=i[a];_+=X.sumBy(S,N=>{const C=`${c}${N}_${b}_blocks`.toUpperCase();return e[m[C]]||0})}),e[m[u]]=Number(d.toFixed(3)),d&&(e[m[p]]=Number((_/(d/1e3)).toFixed(3)))})})}findOutputProperty(e){const n=e.Plans;return n?X.some(n,r=>X.has(r,m.OUTPUT)||this.findOutputProperty(r)):!1}convertNodeType(e){if(e[m.NODE_TYPE]=="Aggregate"&&e[m.STRATEGY]){let n="";switch(e[m.STRATEGY]){case"Sorted":n="Group";break;case"Hashed":n="Hash";break;case"Plain":n="";break;default:console.error("Unsupported Aggregate Strategy")}e[m.NODE_TYPE]=n+"Aggregate"}e[m.NODE_TYPE]=="ModifyTable"&&(e[m.NODE_TYPE]=e[m.OPERATION])}}function Nd(t,e){return t==null||e==null?NaN:t<e?-1:t>e?1:t>=e?0:NaN}function yX(t,e){return t==null||e==null?NaN:e<t?-1:e>t?1:e>=t?0:NaN}function mO(t){let e,n,r;t.length!==2?(e=Nd,n=(c,u)=>Nd(t(c),u),r=(c,u)=>t(c)-u):(e=t===Nd||t===yX?t:OX,n=t,r=t);function i(c,u,p=0,d=c.length){if(p<d){if(e(u,u)!==0)return d;do{const _=p+d>>>1;n(c[_],u)<0?p=_+1:d=_}while(p<d)}return p}function o(c,u,p=0,d=c.length){if(p<d){if(e(u,u)!==0)return d;do{const _=p+d>>>1;n(c[_],u)<=0?p=_+1:d=_}while(p<d)}return p}function a(c,u,p=0,d=c.length){const _=i(c,u,p,d-1);return _>p&&r(c[_-1],u)>-r(c[_],u)?_-1:_}return{left:i,center:a,right:o}}function OX(){return 0}function LX(t){return t===null?NaN:+t}const CX=mO(Nd),IX=CX.right;mO(LX).center;var Em=Math.sqrt(50),gm=Math.sqrt(10),Tm=Math.sqrt(2);function NX(t,e,n){var r,i=-1,o,a,c;if(e=+e,t=+t,n=+n,t===e&&n>0)return[t];if((r=e<t)&&(o=t,t=e,e=o),(c=_O(t,e,n))===0||!isFinite(c))return[];if(c>0){let u=Math.round(t/c),p=Math.round(e/c);for(u*c<t&&++u,p*c>e&&--p,a=new Array(o=p-u+1);++i<o;)a[i]=(u+i)*c}else{c=-c;let u=Math.round(t*c),p=Math.round(e*c);for(u/c<t&&++u,p/c>e&&--p,a=new Array(o=p-u+1);++i<o;)a[i]=(u+i)/c}return r&&a.reverse(),a}function _O(t,e,n){var r=(e-t)/Math.max(0,n),i=Math.floor(Math.log(r)/Math.LN10),o=r/Math.pow(10,i);return i>=0?(o>=Em?10:o>=gm?5:o>=Tm?2:1)*Math.pow(10,i):-Math.pow(10,-i)/(o>=Em?10:o>=gm?5:o>=Tm?2:1)}function xX(t,e,n){var r=Math.abs(e-t)/Math.max(0,n),i=Math.pow(10,Math.floor(Math.log(r)/Math.LN10)),o=r/i;return o>=Em?i*=10:o>=gm?i*=5:o>=Tm&&(i*=2),e<t?-i:i}var wX={value:()=>{}};function sE(){for(var t=0,e=arguments.length,n={},r;t<e;++t){if(!(r=arguments[t]+"")||r in n||/[\s.]/.test(r))throw new Error("illegal type: "+r);n[r]=[]}return new xd(n)}function xd(t){this._=t}function kX(t,e){return t.trim().split(/^|\s+/).map(function(n){var r="",i=n.indexOf(".");if(i>=0&&(r=n.slice(i+1),n=n.slice(0,i)),n&&!e.hasOwnProperty(n))throw new Error("unknown type: "+n);return{type:n,name:r}})}xd.prototype=sE.prototype={constructor:xd,on:function(t,e){var n=this._,r=kX(t+"",n),i,o=-1,a=r.length;if(arguments.length<2){for(;++o<a;)if((i=(t=r[o]).type)&&(i=BX(n[i],t.name)))return i;return}if(e!=null&&typeof e!="function")throw new Error("invalid callback: "+e);for(;++o<a;)if(i=(t=r[o]).type)n[i]=mS(n[i],t.name,e);else if(e==null)for(i in n)n[i]=mS(n[i],t.name,null);return this},copy:function(){var t={},e=this._;for(var n in e)t[n]=e[n].slice();return new xd(t)},call:function(t,e){if((i=arguments.length-2)>0)for(var n=new Array(i),r=0,i,o;r<i;++r)n[r]=arguments[r+2];if(!this._.hasOwnProperty(t))throw new Error("unknown type: "+t);for(o=this._[t],r=0,i=o.length;r<i;++r)o[r].value.apply(e,n)},apply:function(t,e,n){if(!this._.hasOwnProperty(t))throw new Error("unknown type: "+t);for(var r=this._[t],i=0,o=r.length;i<o;++i)r[i].value.apply(e,n)}};function BX(t,e){for(var n=0,r=t.length,i;n<r;++n)if((i=t[n]).name===e)return i.value}function mS(t,e,n){for(var r=0,i=t.length;r<i;++r)if(t[r].name===e){t[r]=wX,t=t.slice(0,r).concat(t.slice(r+1));break}return n!=null&&t.push({name:e,value:n}),t}var vm="http://www.w3.org/1999/xhtml";const _S={svg:"http://www.w3.org/2000/svg",xhtml:vm,xlink:"http://www.w3.org/1999/xlink",xml:"http://www.w3.org/XML/1998/namespace",xmlns:"http://www.w3.org/2000/xmlns/"};function Xf(t){var e=t+="",n=e.indexOf(":");return n>=0&&(e=t.slice(0,n))!=="xmlns"&&(t=t.slice(n+1)),_S.hasOwnProperty(e)?{space:_S[e],local:t}:t}function DX(t){return function(){var e=this.ownerDocument,n=this.namespaceURI;return n===vm&&e.documentElement.namespaceURI===vm?e.createElement(t):e.createElementNS(n,t)}}function PX(t){return function(){return this.ownerDocument.createElementNS(t.space,t.local)}}function EO(t){var e=Xf(t);return(e.local?PX:DX)(e)}function MX(){}function oE(t){return t==null?MX:function(){return this.querySelector(t)}}function HX(t){typeof t!="function"&&(t=oE(t));for(var e=this._groups,n=e.length,r=new Array(n),i=0;i<n;++i)for(var o=e[i],a=o.length,c=r[i]=new Array(a),u,p,d=0;d<a;++d)(u=o[d])&&(p=t.call(u,u.__data__,d,o))&&("__data__"in u&&(p.__data__=u.__data__),c[d]=p);return new Cr(r,this._parents)}function WX(t){return t==null?[]:Array.isArray(t)?t:Array.from(t)}function UX(){return[]}function gO(t){return t==null?UX:function(){return this.querySelectorAll(t)}}function $X(t){return function(){return WX(t.apply(this,arguments))}}function VX(t){typeof t=="function"?t=$X(t):t=gO(t);for(var e=this._groups,n=e.length,r=[],i=[],o=0;o<n;++o)for(var a=e[o],c=a.length,u,p=0;p<c;++p)(u=a[p])&&(r.push(t.call(u,u.__data__,p,a)),i.push(u));return new Cr(r,i)}function TO(t){return function(){return this.matches(t)}}function vO(t){return function(e){return e.matches(t)}}var FX=Array.prototype.find;function GX(t){return function(){return FX.call(this.children,t)}}function zX(){return this.firstElementChild}function KX(t){return this.select(t==null?zX:GX(typeof t=="function"?t:vO(t)))}var XX=Array.prototype.filter;function YX(){return Array.from(this.children)}function qX(t){return function(){return XX.call(this.children,t)}}function jX(t){return this.selectAll(t==null?YX:qX(typeof t=="function"?t:vO(t)))}function JX(t){typeof t!="function"&&(t=TO(t));for(var e=this._groups,n=e.length,r=new Array(n),i=0;i<n;++i)for(var o=e[i],a=o.length,c=r[i]=[],u,p=0;p<a;++p)(u=o[p])&&t.call(u,u.__data__,p,o)&&c.push(u);return new Cr(r,this._parents)}function SO(t){return new Array(t.length)}function ZX(){return new Cr(this._enter||this._groups.map(SO),this._parents)}function rf(t,e){this.ownerDocument=t.ownerDocument,this.namespaceURI=t.namespaceURI,this._next=null,this._parent=t,this.__data__=e}rf.prototype={constructor:rf,appendChild:function(t){return this._parent.insertBefore(t,this._next)},insertBefore:function(t,e){return this._parent.insertBefore(t,e)},querySelector:function(t){return this._parent.querySelector(t)},querySelectorAll:function(t){return this._parent.querySelectorAll(t)}};function QX(t){return function(){return t}}function tY(t,e,n,r,i,o){for(var a=0,c,u=e.length,p=o.length;a<p;++a)(c=e[a])?(c.__data__=o[a],r[a]=c):n[a]=new rf(t,o[a]);for(;a<u;++a)(c=e[a])&&(i[a]=c)}function eY(t,e,n,r,i,o,a){var c,u,p=new Map,d=e.length,_=o.length,S=new Array(d),R;for(c=0;c<d;++c)(u=e[c])&&(S[c]=R=a.call(u,u.__data__,c,e)+"",p.has(R)?i[c]=u:p.set(R,u));for(c=0;c<_;++c)R=a.call(t,o[c],c,o)+"",(u=p.get(R))?(r[c]=u,u.__data__=o[c],p.delete(R)):n[c]=new rf(t,o[c]);for(c=0;c<d;++c)(u=e[c])&&p.get(S[c])===u&&(i[c]=u)}function nY(t){return t.__data__}function rY(t,e){if(!arguments.length)return Array.from(this,nY);var n=e?eY:tY,r=this._parents,i=this._groups;typeof t!="function"&&(t=QX(t));for(var o=i.length,a=new Array(o),c=new Array(o),u=new Array(o),p=0;p<o;++p){var d=r[p],_=i[p],S=_.length,R=iY(t.call(d,d&&d.__data__,p,r)),T=R.length,b=c[p]=new Array(T),N=a[p]=new Array(T),C=u[p]=new Array(S);n(d,_,b,N,C,R,e);for(var D=0,W=0,O,G;D<T;++D)if(O=b[D]){for(D>=W&&(W=D+1);!(G=N[W])&&++W<T;);O._next=G||null}}return a=new Cr(a,r),a._enter=c,a._exit=u,a}function iY(t){return typeof t=="object"&&"length"in t?t:Array.from(t)}function sY(){return new Cr(this._exit||this._groups.map(SO),this._parents)}function oY(t,e,n){var r=this.enter(),i=this,o=this.exit();return typeof t=="function"?(r=t(r),r&&(r=r.selection())):r=r.append(t+""),e!=null&&(i=e(i),i&&(i=i.selection())),n==null?o.remove():n(o),r&&i?r.merge(i).order():i}function aY(t){for(var e=t.selection?t.selection():t,n=this._groups,r=e._groups,i=n.length,o=r.length,a=Math.min(i,o),c=new Array(i),u=0;u<a;++u)for(var p=n[u],d=r[u],_=p.length,S=c[u]=new Array(_),R,T=0;T<_;++T)(R=p[T]||d[T])&&(S[T]=R);for(;u<i;++u)c[u]=n[u];return new Cr(c,this._parents)}function lY(){for(var t=this._groups,e=-1,n=t.length;++e<n;)for(var r=t[e],i=r.length-1,o=r[i],a;--i>=0;)(a=r[i])&&(o&&a.compareDocumentPosition(o)^4&&o.parentNode.insertBefore(a,o),o=a);return this}function cY(t){t||(t=uY);function e(_,S){return _&&S?t(_.__data__,S.__data__):!_-!S}for(var n=this._groups,r=n.length,i=new Array(r),o=0;o<r;++o){for(var a=n[o],c=a.length,u=i[o]=new Array(c),p,d=0;d<c;++d)(p=a[d])&&(u[d]=p);u.sort(e)}return new Cr(i,this._parents).order()}function uY(t,e){return t<e?-1:t>e?1:t>=e?0:NaN}function dY(){var t=arguments[0];return arguments[0]=this,t.apply(null,arguments),this}function fY(){return Array.from(this)}function pY(){for(var t=this._groups,e=0,n=t.length;e<n;++e)for(var r=t[e],i=0,o=r.length;i<o;++i){var a=r[i];if(a)return a}return null}function hY(){let t=0;for(const e of this)++t;return t}function mY(){return!this.node()}function _Y(t){for(var e=this._groups,n=0,r=e.length;n<r;++n)for(var i=e[n],o=0,a=i.length,c;o<a;++o)(c=i[o])&&t.call(c,c.__data__,o,i);return this}function EY(t){return function(){this.removeAttribute(t)}}function gY(t){return function(){this.removeAttributeNS(t.space,t.local)}}function TY(t,e){return function(){this.setAttribute(t,e)}}function vY(t,e){return function(){this.setAttributeNS(t.space,t.local,e)}}function SY(t,e){return function(){var n=e.apply(this,arguments);n==null?this.removeAttribute(t):this.setAttribute(t,n)}}function AY(t,e){return function(){var n=e.apply(this,arguments);n==null?this.removeAttributeNS(t.space,t.local):this.setAttributeNS(t.space,t.local,n)}}function RY(t,e){var n=Xf(t);if(arguments.length<2){var r=this.node();return n.local?r.getAttributeNS(n.space,n.local):r.getAttribute(n)}return this.each((e==null?n.local?gY:EY:typeof e=="function"?n.local?AY:SY:n.local?vY:TY)(n,e))}function AO(t){return t.ownerDocument&&t.ownerDocument.defaultView||t.document&&t||t.defaultView}function bY(t){return function(){this.style.removeProperty(t)}}function yY(t,e,n){return function(){this.style.setProperty(t,e,n)}}function OY(t,e,n){return function(){var r=e.apply(this,arguments);r==null?this.style.removeProperty(t):this.style.setProperty(t,r,n)}}function LY(t,e,n){return arguments.length>1?this.each((e==null?bY:typeof e=="function"?OY:yY)(t,e,n??"")):ja(this.node(),t)}function ja(t,e){return t.style.getPropertyValue(e)||AO(t).getComputedStyle(t,null).getPropertyValue(e)}function CY(t){return function(){delete this[t]}}function IY(t,e){return function(){this[t]=e}}function NY(t,e){return function(){var n=e.apply(this,arguments);n==null?delete this[t]:this[t]=n}}function xY(t,e){return arguments.length>1?this.each((e==null?CY:typeof e=="function"?NY:IY)(t,e)):this.node()[t]}function RO(t){return t.trim().split(/^|\s+/)}function aE(t){return t.classList||new bO(t)}function bO(t){this._node=t,this._names=RO(t.getAttribute("class")||"")}bO.prototype={add:function(t){var e=this._names.indexOf(t);e<0&&(this._names.push(t),this._node.setAttribute("class",this._names.join(" ")))},remove:function(t){var e=this._names.indexOf(t);e>=0&&(this._names.splice(e,1),this._node.setAttribute("class",this._names.join(" ")))},contains:function(t){return this._names.indexOf(t)>=0}};function yO(t,e){for(var n=aE(t),r=-1,i=e.length;++r<i;)n.add(e[r])}function OO(t,e){for(var n=aE(t),r=-1,i=e.length;++r<i;)n.remove(e[r])}function wY(t){return function(){yO(this,t)}}function kY(t){return function(){OO(this,t)}}function BY(t,e){return function(){(e.apply(this,arguments)?yO:OO)(this,t)}}function DY(t,e){var n=RO(t+"");if(arguments.length<2){for(var r=aE(this.node()),i=-1,o=n.length;++i<o;)if(!r.contains(n[i]))return!1;return!0}return this.each((typeof e=="function"?BY:e?wY:kY)(n,e))}function PY(){this.textContent=""}function MY(t){return function(){this.textContent=t}}function HY(t){return function(){var e=t.apply(this,arguments);this.textContent=e??""}}function WY(t){return arguments.length?this.each(t==null?PY:(typeof t=="function"?HY:MY)(t)):this.node().textContent}function UY(){this.innerHTML=""}function $Y(t){return function(){this.innerHTML=t}}function VY(t){return function(){var e=t.apply(this,arguments);this.innerHTML=e??""}}function FY(t){return arguments.length?this.each(t==null?UY:(typeof t=="function"?VY:$Y)(t)):this.node().innerHTML}function GY(){this.nextSibling&&this.parentNode.appendChild(this)}function zY(){return this.each(GY)}function KY(){this.previousSibling&&this.parentNode.insertBefore(this,this.parentNode.firstChild)}function XY(){return this.each(KY)}function YY(t){var e=typeof t=="function"?t:EO(t);return this.select(function(){return this.appendChild(e.apply(this,arguments))})}function qY(){return null}function jY(t,e){var n=typeof t=="function"?t:EO(t),r=e==null?qY:typeof e=="function"?e:oE(e);return this.select(function(){return this.insertBefore(n.apply(this,arguments),r.apply(this,arguments)||null)})}function JY(){var t=this.parentNode;t&&t.removeChild(this)}function ZY(){return this.each(JY)}function QY(){var t=this.cloneNode(!1),e=this.parentNode;return e?e.insertBefore(t,this.nextSibling):t}function tq(){var t=this.cloneNode(!0),e=this.parentNode;return e?e.insertBefore(t,this.nextSibling):t}function eq(t){return this.select(t?tq:QY)}function nq(t){return arguments.length?this.property("__data__",t):this.node().__data__}function rq(t){return function(e){t.call(this,e,this.__data__)}}function iq(t){return t.trim().split(/^|\s+/).map(function(e){var n="",r=e.indexOf(".");return r>=0&&(n=e.slice(r+1),e=e.slice(0,r)),{type:e,name:n}})}function sq(t){return function(){var e=this.__on;if(e){for(var n=0,r=-1,i=e.length,o;n<i;++n)o=e[n],(!t.type||o.type===t.type)&&o.name===t.name?this.removeEventListener(o.type,o.listener,o.options):e[++r]=o;++r?e.length=r:delete this.__on}}}function oq(t,e,n){return function(){var r=this.__on,i,o=rq(e);if(r){for(var a=0,c=r.length;a<c;++a)if((i=r[a]).type===t.type&&i.name===t.name){this.removeEventListener(i.type,i.listener,i.options),this.addEventListener(i.type,i.listener=o,i.options=n),i.value=e;return}}this.addEventListener(t.type,o,n),i={type:t.type,name:t.name,value:e,listener:o,options:n},r?r.push(i):this.__on=[i]}}function aq(t,e,n){var r=iq(t+""),i,o=r.length,a;if(arguments.length<2){var c=this.node().__on;if(c){for(var u=0,p=c.length,d;u<p;++u)for(i=0,d=c[u];i<o;++i)if((a=r[i]).type===d.type&&a.name===d.name)return d.value}return}for(c=e?oq:sq,i=0;i<o;++i)this.each(c(r[i],e,n));return this}function LO(t,e,n){var r=AO(t),i=r.CustomEvent;typeof i=="function"?i=new i(e,n):(i=r.document.createEvent("Event"),n?(i.initEvent(e,n.bubbles,n.cancelable),i.detail=n.detail):i.initEvent(e,!1,!1)),t.dispatchEvent(i)}function lq(t,e){return function(){return LO(this,t,e)}}function cq(t,e){return function(){return LO(this,t,e.apply(this,arguments))}}function uq(t,e){return this.each((typeof e=="function"?cq:lq)(t,e))}function*dq(){for(var t=this._groups,e=0,n=t.length;e<n;++e)for(var r=t[e],i=0,o=r.length,a;i<o;++i)(a=r[i])&&(yield a)}var CO=[null];function Cr(t,e){this._groups=t,this._parents=e}function Kc(){return new Cr([[document.documentElement]],CO)}function fq(){return this}Cr.prototype=Kc.prototype={constructor:Cr,select:HX,selectAll:VX,selectChild:KX,selectChildren:jX,filter:JX,data:rY,enter:ZX,exit:sY,join:oY,merge:aY,selection:fq,order:lY,sort:cY,call:dY,nodes:fY,node:pY,size:hY,empty:mY,each:_Y,attr:RY,style:LY,property:xY,classed:DY,text:WY,html:FY,raise:zY,lower:XY,append:YY,insert:jY,remove:ZY,clone:eq,datum:nq,on:aq,dispatch:uq,[Symbol.iterator]:dq};function Si(t){return typeof t=="string"?new Cr([[document.querySelector(t)]],[document.documentElement]):new Cr([[t]],CO)}function pq(t){let e;for(;e=t.sourceEvent;)t=e;return t}function ho(t,e){if(t=pq(t),e===void 0&&(e=t.currentTarget),e){var n=e.ownerSVGElement||e;if(n.createSVGPoint){var r=n.createSVGPoint();return r.x=t.clientX,r.y=t.clientY,r=r.matrixTransform(e.getScreenCTM().inverse()),[r.x,r.y]}if(e.getBoundingClientRect){var i=e.getBoundingClientRect();return[t.clientX-i.left-e.clientLeft,t.clientY-i.top-e.clientTop]}}return[t.pageX,t.pageY]}const Sm={capture:!0,passive:!1};function Am(t){t.preventDefault(),t.stopImmediatePropagation()}function hq(t){var e=t.document.documentElement,n=Si(t).on("dragstart.drag",Am,Sm);"onselectstart"in e?n.on("selectstart.drag",Am,Sm):(e.__noselect=e.style.MozUserSelect,e.style.MozUserSelect="none")}function mq(t,e){var n=t.document.documentElement,r=Si(t).on("dragstart.drag",null);e&&(r.on("click.drag",Am,Sm),setTimeout(function(){r.on("click.drag",null)},0)),"onselectstart"in n?r.on("selectstart.drag",null):(n.style.MozUserSelect=n.__noselect,delete n.__noselect)}function lE(t,e,n){t.prototype=e.prototype=n,n.constructor=t}function IO(t,e){var n=Object.create(t.prototype);for(var r in e)n[r]=e[r];return n}function Xc(){}var Lc=.7,sf=1/Lc,wa="\\s*([+-]?\\d+)\\s*",Cc="\\s*([+-]?(?:\\d*\\.)?\\d+(?:[eE][+-]?\\d+)?)\\s*",Ni="\\s*([+-]?(?:\\d*\\.)?\\d+(?:[eE][+-]?\\d+)?)%\\s*",_q=/^#([0-9a-f]{3,8})$/,Eq=new RegExp(`^rgb\\(${wa},${wa},${wa}\\)$`),gq=new RegExp(`^rgb\\(${Ni},${Ni},${Ni}\\)$`),Tq=new RegExp(`^rgba\\(${wa},${wa},${wa},${Cc}\\)$`),vq=new RegExp(`^rgba\\(${Ni},${Ni},${Ni},${Cc}\\)$`),Sq=new RegExp(`^hsl\\(${Cc},${Ni},${Ni}\\)$`),Aq=new RegExp(`^hsla\\(${Cc},${Ni},${Ni},${Cc}\\)$`),ES={aliceblue:15792383,antiquewhite:16444375,aqua:65535,aquamarine:8388564,azure:15794175,beige:16119260,bisque:16770244,black:0,blanchedalmond:16772045,blue:255,blueviolet:9055202,brown:10824234,burlywood:14596231,cadetblue:6266528,chartreuse:8388352,chocolate:13789470,coral:16744272,cornflowerblue:6591981,cornsilk:16775388,crimson:14423100,cyan:65535,darkblue:139,darkcyan:35723,darkgoldenrod:12092939,darkgray:11119017,darkgreen:25600,darkgrey:11119017,darkkhaki:12433259,darkmagenta:9109643,darkolivegreen:5597999,darkorange:16747520,darkorchid:10040012,darkred:9109504,darksalmon:15308410,darkseagreen:9419919,darkslateblue:4734347,darkslategray:3100495,darkslategrey:3100495,darkturquoise:52945,darkviolet:9699539,deeppink:16716947,deepskyblue:49151,dimgray:6908265,dimgrey:6908265,dodgerblue:2003199,firebrick:11674146,floralwhite:16775920,forestgreen:2263842,fuchsia:16711935,gainsboro:14474460,ghostwhite:16316671,gold:16766720,goldenrod:14329120,gray:8421504,green:32768,greenyellow:11403055,grey:8421504,honeydew:15794160,hotpink:16738740,indianred:13458524,indigo:4915330,ivory:16777200,khaki:15787660,lavender:15132410,lavenderblush:16773365,lawngreen:8190976,lemonchiffon:16775885,lightblue:11393254,lightcoral:15761536,lightcyan:14745599,lightgoldenrodyellow:16448210,lightgray:13882323,lightgreen:9498256,lightgrey:13882323,lightpink:16758465,lightsalmon:16752762,lightseagreen:2142890,lightskyblue:8900346,lightslategray:7833753,lightslategrey:7833753,lightsteelblue:11584734,lightyellow:16777184,lime:65280,limegreen:3329330,linen:16445670,magenta:16711935,maroon:8388608,mediumaquamarine:6737322,mediumblue:205,mediumorchid:12211667,mediumpurple:9662683,mediumseagreen:3978097,mediumslateblue:8087790,mediumspringgreen:64154,mediumturquoise:4772300,mediumvioletred:13047173,midnightblue:1644912,mintcream:16121850,mistyrose:16770273,moccasin:16770229,navajowhite:16768685,navy:128,oldlace:16643558,olive:8421376,olivedrab:7048739,orange:16753920,orangered:16729344,orchid:14315734,palegoldenrod:15657130,palegreen:10025880,paleturquoise:11529966,palevioletred:14381203,papayawhip:16773077,peachpuff:16767673,peru:13468991,pink:16761035,plum:14524637,powderblue:11591910,purple:8388736,rebeccapurple:6697881,red:16711680,rosybrown:12357519,royalblue:4286945,saddlebrown:9127187,salmon:16416882,sandybrown:16032864,seagreen:3050327,seashell:16774638,sienna:10506797,silver:12632256,skyblue:8900331,slateblue:6970061,slategray:7372944,slategrey:7372944,snow:16775930,springgreen:65407,steelblue:4620980,tan:13808780,teal:32896,thistle:14204888,tomato:16737095,turquoise:4251856,violet:15631086,wheat:16113331,white:16777215,whitesmoke:16119285,yellow:16776960,yellowgreen:10145074};lE(Xc,Uo,{copy(t){return Object.assign(new this.constructor,this,t)},displayable(){return this.rgb().displayable()},hex:gS,formatHex:gS,formatHex8:Rq,formatHsl:bq,formatRgb:TS,toString:TS});function gS(){return this.rgb().formatHex()}function Rq(){return this.rgb().formatHex8()}function bq(){return NO(this).formatHsl()}function TS(){return this.rgb().formatRgb()}function Uo(t){var e,n;return t=(t+"").trim().toLowerCase(),(e=_q.exec(t))?(n=e[1].length,e=parseInt(e[1],16),n===6?vS(e):n===3?new ur(e>>8&15|e>>4&240,e>>4&15|e&240,(e&15)<<4|e&15,1):n===8?dd(e>>24&255,e>>16&255,e>>8&255,(e&255)/255):n===4?dd(e>>12&15|e>>8&240,e>>8&15|e>>4&240,e>>4&15|e&240,((e&15)<<4|e&15)/255):null):(e=Eq.exec(t))?new ur(e[1],e[2],e[3],1):(e=gq.exec(t))?new ur(e[1]*255/100,e[2]*255/100,e[3]*255/100,1):(e=Tq.exec(t))?dd(e[1],e[2],e[3],e[4]):(e=vq.exec(t))?dd(e[1]*255/100,e[2]*255/100,e[3]*255/100,e[4]):(e=Sq.exec(t))?RS(e[1],e[2]/100,e[3]/100,1):(e=Aq.exec(t))?RS(e[1],e[2]/100,e[3]/100,e[4]):ES.hasOwnProperty(t)?vS(ES[t]):t==="transparent"?new ur(NaN,NaN,NaN,0):null}function vS(t){return new ur(t>>16&255,t>>8&255,t&255,1)}function dd(t,e,n,r){return r<=0&&(t=e=n=NaN),new ur(t,e,n,r)}function yq(t){return t instanceof Xc||(t=Uo(t)),t?(t=t.rgb(),new ur(t.r,t.g,t.b,t.opacity)):new ur}function Rm(t,e,n,r){return arguments.length===1?yq(t):new ur(t,e,n,r??1)}function ur(t,e,n,r){this.r=+t,this.g=+e,this.b=+n,this.opacity=+r}lE(ur,Rm,IO(Xc,{brighter(t){return t=t==null?sf:Math.pow(sf,t),new ur(this.r*t,this.g*t,this.b*t,this.opacity)},darker(t){return t=t==null?Lc:Math.pow(Lc,t),new ur(this.r*t,this.g*t,this.b*t,this.opacity)},rgb(){return this},clamp(){return new ur(ko(this.r),ko(this.g),ko(this.b),of(this.opacity))},displayable(){return-.5<=this.r&&this.r<255.5&&-.5<=this.g&&this.g<255.5&&-.5<=this.b&&this.b<255.5&&0<=this.opacity&&this.opacity<=1},hex:SS,formatHex:SS,formatHex8:Oq,formatRgb:AS,toString:AS}));function SS(){return`#${Oo(this.r)}${Oo(this.g)}${Oo(this.b)}`}function Oq(){return`#${Oo(this.r)}${Oo(this.g)}${Oo(this.b)}${Oo((isNaN(this.opacity)?1:this.opacity)*255)}`}function AS(){const t=of(this.opacity);return`${t===1?"rgb(":"rgba("}${ko(this.r)}, ${ko(this.g)}, ${ko(this.b)}${t===1?")":`, ${t})`}`}function of(t){return isNaN(t)?1:Math.max(0,Math.min(1,t))}function ko(t){return Math.max(0,Math.min(255,Math.round(t)||0))}function Oo(t){return t=ko(t),(t<16?"0":"")+t.toString(16)}function RS(t,e,n,r){return r<=0?t=e=n=NaN:n<=0||n>=1?t=e=NaN:e<=0&&(t=NaN),new ri(t,e,n,r)}function NO(t){if(t instanceof ri)return new ri(t.h,t.s,t.l,t.opacity);if(t instanceof Xc||(t=Uo(t)),!t)return new ri;if(t instanceof ri)return t;t=t.rgb();var e=t.r/255,n=t.g/255,r=t.b/255,i=Math.min(e,n,r),o=Math.max(e,n,r),a=NaN,c=o-i,u=(o+i)/2;return c?(e===o?a=(n-r)/c+(n<r)*6:n===o?a=(r-e)/c+2:a=(e-n)/c+4,c/=u<.5?o+i:2-o-i,a*=60):c=u>0&&u<1?0:a,new ri(a,c,u,t.opacity)}function Lq(t,e,n,r){return arguments.length===1?NO(t):new ri(t,e,n,r??1)}function ri(t,e,n,r){this.h=+t,this.s=+e,this.l=+n,this.opacity=+r}lE(ri,Lq,IO(Xc,{brighter(t){return t=t==null?sf:Math.pow(sf,t),new ri(this.h,this.s,this.l*t,this.opacity)},darker(t){return t=t==null?Lc:Math.pow(Lc,t),new ri(this.h,this.s,this.l*t,this.opacity)},rgb(){var t=this.h%360+(this.h<0)*360,e=isNaN(t)||isNaN(this.s)?0:this.s,n=this.l,r=n+(n<.5?n:1-n)*e,i=2*n-r;return new ur(a0(t>=240?t-240:t+120,i,r),a0(t,i,r),a0(t<120?t+240:t-120,i,r),this.opacity)},clamp(){return new ri(bS(this.h),fd(this.s),fd(this.l),of(this.opacity))},displayable(){return(0<=this.s&&this.s<=1||isNaN(this.s))&&0<=this.l&&this.l<=1&&0<=this.opacity&&this.opacity<=1},formatHsl(){const t=of(this.opacity);return`${t===1?"hsl(":"hsla("}${bS(this.h)}, ${fd(this.s)*100}%, ${fd(this.l)*100}%${t===1?")":`, ${t})`}`}}));function bS(t){return t=(t||0)%360,t<0?t+360:t}function fd(t){return Math.max(0,Math.min(1,t||0))}function a0(t,e,n){return(t<60?e+(n-e)*t/60:t<180?n:t<240?e+(n-e)*(240-t)/60:e)*255}const cE=t=>()=>t;function Cq(t,e){return function(n){return t+n*e}}function Iq(t,e,n){return t=Math.pow(t,n),e=Math.pow(e,n)-t,n=1/n,function(r){return Math.pow(t+r*e,n)}}function Nq(t){return(t=+t)==1?xO:function(e,n){return n-e?Iq(e,n,t):cE(isNaN(e)?n:e)}}function xO(t,e){var n=e-t;return n?Cq(t,n):cE(isNaN(t)?e:t)}const af=function t(e){var n=Nq(e);function r(i,o){var a=n((i=Rm(i)).r,(o=Rm(o)).r),c=n(i.g,o.g),u=n(i.b,o.b),p=xO(i.opacity,o.opacity);return function(d){return i.r=a(d),i.g=c(d),i.b=u(d),i.opacity=p(d),i+""}}return r.gamma=t,r}(1);function xq(t,e){e||(e=[]);var n=t?Math.min(e.length,t.length):0,r=e.slice(),i;return function(o){for(i=0;i<n;++i)r[i]=t[i]*(1-o)+e[i]*o;return r}}function wq(t){return ArrayBuffer.isView(t)&&!(t instanceof DataView)}function kq(t,e){var n=e?e.length:0,r=t?Math.min(n,t.length):0,i=new Array(r),o=new Array(n),a;for(a=0;a<r;++a)i[a]=uE(t[a],e[a]);for(;a<n;++a)o[a]=e[a];return function(c){for(a=0;a<r;++a)o[a]=i[a](c);return o}}function Bq(t,e){var n=new Date;return t=+t,e=+e,function(r){return n.setTime(t*(1-r)+e*r),n}}function ni(t,e){return t=+t,e=+e,function(n){return t*(1-n)+e*n}}function Dq(t,e){var n={},r={},i;(t===null||typeof t!="object")&&(t={}),(e===null||typeof e!="object")&&(e={});for(i in e)i in t?n[i]=uE(t[i],e[i]):r[i]=e[i];return function(o){for(i in n)r[i]=n[i](o);return r}}var bm=/[-+]?(?:\d+\.?\d*|\.?\d+)(?:[eE][-+]?\d+)?/g,l0=new RegExp(bm.source,"g");function Pq(t){return function(){return t}}function Mq(t){return function(e){return t(e)+""}}function wO(t,e){var n=bm.lastIndex=l0.lastIndex=0,r,i,o,a=-1,c=[],u=[];for(t=t+"",e=e+"";(r=bm.exec(t))&&(i=l0.exec(e));)(o=i.index)>n&&(o=e.slice(n,o),c[a]?c[a]+=o:c[++a]=o),(r=r[0])===(i=i[0])?c[a]?c[a]+=i:c[++a]=i:(c[++a]=null,u.push({i:a,x:ni(r,i)})),n=l0.lastIndex;return n<e.length&&(o=e.slice(n),c[a]?c[a]+=o:c[++a]=o),c.length<2?u[0]?Mq(u[0].x):Pq(e):(e=u.length,function(p){for(var d=0,_;d<e;++d)c[(_=u[d]).i]=_.x(p);return c.join("")})}function uE(t,e){var n=typeof e,r;return e==null||n==="boolean"?cE(e):(n==="number"?ni:n==="string"?(r=Uo(e))?(e=r,af):wO:e instanceof Uo?af:e instanceof Date?Bq:wq(e)?xq:Array.isArray(e)?kq:typeof e.valueOf!="function"&&typeof e.toString!="function"||isNaN(e)?Dq:ni)(t,e)}function Hq(t,e){return t=+t,e=+e,function(n){return Math.round(t*(1-n)+e*n)}}var yS=180/Math.PI,ym={translateX:0,translateY:0,rotate:0,skewX:0,scaleX:1,scaleY:1};function kO(t,e,n,r,i,o){var a,c,u;return(a=Math.sqrt(t*t+e*e))&&(t/=a,e/=a),(u=t*n+e*r)&&(n-=t*u,r-=e*u),(c=Math.sqrt(n*n+r*r))&&(n/=c,r/=c,u/=c),t*r<e*n&&(t=-t,e=-e,u=-u,a=-a),{translateX:i,translateY:o,rotate:Math.atan2(e,t)*yS,skewX:Math.atan(u)*yS,scaleX:a,scaleY:c}}var pd;function Wq(t){const e=new(typeof DOMMatrix=="function"?DOMMatrix:WebKitCSSMatrix)(t+"");return e.isIdentity?ym:kO(e.a,e.b,e.c,e.d,e.e,e.f)}function Uq(t){return t==null||(pd||(pd=document.createElementNS("http://www.w3.org/2000/svg","g")),pd.setAttribute("transform",t),!(t=pd.transform.baseVal.consolidate()))?ym:(t=t.matrix,kO(t.a,t.b,t.c,t.d,t.e,t.f))}function BO(t,e,n,r){function i(p){return p.length?p.pop()+" ":""}function o(p,d,_,S,R,T){if(p!==_||d!==S){var b=R.push("translate(",null,e,null,n);T.push({i:b-4,x:ni(p,_)},{i:b-2,x:ni(d,S)})}else(_||S)&&R.push("translate("+_+e+S+n)}function a(p,d,_,S){p!==d?(p-d>180?d+=360:d-p>180&&(p+=360),S.push({i:_.push(i(_)+"rotate(",null,r)-2,x:ni(p,d)})):d&&_.push(i(_)+"rotate("+d+r)}function c(p,d,_,S){p!==d?S.push({i:_.push(i(_)+"skewX(",null,r)-2,x:ni(p,d)}):d&&_.push(i(_)+"skewX("+d+r)}function u(p,d,_,S,R,T){if(p!==_||d!==S){var b=R.push(i(R)+"scale(",null,",",null,")");T.push({i:b-4,x:ni(p,_)},{i:b-2,x:ni(d,S)})}else(_!==1||S!==1)&&R.push(i(R)+"scale("+_+","+S+")")}return function(p,d){var _=[],S=[];return p=t(p),d=t(d),o(p.translateX,p.translateY,d.translateX,d.translateY,_,S),a(p.rotate,d.rotate,_,S),c(p.skewX,d.skewX,_,S),u(p.scaleX,p.scaleY,d.scaleX,d.scaleY,_,S),p=d=null,function(R){for(var T=-1,b=S.length,N;++T<b;)_[(N=S[T]).i]=N.x(R);return _.join("")}}}var $q=BO(Wq,"px, ","px)","deg)"),Vq=BO(Uq,", ",")",")"),Fq=1e-12;function OS(t){return((t=Math.exp(t))+1/t)/2}function Gq(t){return((t=Math.exp(t))-1/t)/2}function zq(t){return((t=Math.exp(2*t))-1)/(t+1)}const Kq=function t(e,n,r){function i(o,a){var c=o[0],u=o[1],p=o[2],d=a[0],_=a[1],S=a[2],R=d-c,T=_-u,b=R*R+T*T,N,C;if(b<Fq)C=Math.log(S/p)/e,N=function(z){return[c+z*R,u+z*T,p*Math.exp(e*z*C)]};else{var D=Math.sqrt(b),W=(S*S-p*p+r*b)/(2*p*n*D),O=(S*S-p*p-r*b)/(2*S*n*D),G=Math.log(Math.sqrt(W*W+1)-W),M=Math.log(Math.sqrt(O*O+1)-O);C=(M-G)/e,N=function(z){var tt=z*C,Et=OS(G),Ct=p/(n*D)*(Et*zq(e*tt+G)-Gq(G));return[c+Ct*R,u+Ct*T,p*Et/OS(e*tt+G)]}}return N.duration=C*1e3*e/Math.SQRT2,N}return i.rho=function(o){var a=Math.max(.001,+o),c=a*a,u=c*c;return t(a,c,u)},i}(Math.SQRT2,2,4);var Ja=0,Kl=0,Hl=0,DO=1e3,lf,Xl,cf=0,$o=0,Yf=0,Ic=typeof performance=="object"&&performance.now?performance:Date,PO=typeof window=="object"&&window.requestAnimationFrame?window.requestAnimationFrame.bind(window):function(t){setTimeout(t,17)};function dE(){return $o||(PO(Xq),$o=Ic.now()+Yf)}function Xq(){$o=0}function uf(){this._call=this._time=this._next=null}uf.prototype=MO.prototype={constructor:uf,restart:function(t,e,n){if(typeof t!="function")throw new TypeError("callback is not a function");n=(n==null?dE():+n)+(e==null?0:+e),!this._next&&Xl!==this&&(Xl?Xl._next=this:lf=this,Xl=this),this._call=t,this._time=n,Om()},stop:function(){this._call&&(this._call=null,this._time=1/0,Om())}};function MO(t,e,n){var r=new uf;return r.restart(t,e,n),r}function Yq(){dE(),++Ja;for(var t=lf,e;t;)(e=$o-t._time)>=0&&t._call.call(void 0,e),t=t._next;--Ja}function LS(){$o=(cf=Ic.now())+Yf,Ja=Kl=0;try{Yq()}finally{Ja=0,jq(),$o=0}}function qq(){var t=Ic.now(),e=t-cf;e>DO&&(Yf-=e,cf=t)}function jq(){for(var t,e=lf,n,r=1/0;e;)e._call?(r>e._time&&(r=e._time),t=e,e=e._next):(n=e._next,e._next=null,e=t?t._next=n:lf=n);Xl=t,Om(r)}function Om(t){if(!Ja){Kl&&(Kl=clearTimeout(Kl));var e=t-$o;e>24?(t<1/0&&(Kl=setTimeout(LS,t-Ic.now()-Yf)),Hl&&(Hl=clearInterval(Hl))):(Hl||(cf=Ic.now(),Hl=setInterval(qq,DO)),Ja=1,PO(LS))}}function CS(t,e,n){var r=new uf;return e=e==null?0:+e,r.restart(i=>{r.stop(),t(i+e)},e,n),r}var Jq=sE("start","end","cancel","interrupt"),Zq=[],HO=0,IS=1,Lm=2,wd=3,NS=4,Cm=5,kd=6;function qf(t,e,n,r,i,o){var a=t.__transition;if(!a)t.__transition={};else if(n in a)return;Qq(t,n,{name:e,index:r,group:i,on:Jq,tween:Zq,time:o.time,delay:o.delay,duration:o.duration,ease:o.ease,timer:null,state:HO})}function fE(t,e){var n=ui(t,e);if(n.state>HO)throw new Error("too late; already scheduled");return n}function Pi(t,e){var n=ui(t,e);if(n.state>wd)throw new Error("too late; already running");return n}function ui(t,e){var n=t.__transition;if(!n||!(n=n[e]))throw new Error("transition not found");return n}function Qq(t,e,n){var r=t.__transition,i;r[e]=n,n.timer=MO(o,0,n.time);function o(p){n.state=IS,n.timer.restart(a,n.delay,n.time),n.delay<=p&&a(p-n.delay)}function a(p){var d,_,S,R;if(n.state!==IS)return u();for(d in r)if(R=r[d],R.name===n.name){if(R.state===wd)return CS(a);R.state===NS?(R.state=kd,R.timer.stop(),R.on.call("interrupt",t,t.__data__,R.index,R.group),delete r[d]):+d<e&&(R.state=kd,R.timer.stop(),R.on.call("cancel",t,t.__data__,R.index,R.group),delete r[d])}if(CS(function(){n.state===wd&&(n.state=NS,n.timer.restart(c,n.delay,n.time),c(p))}),n.state=Lm,n.on.call("start",t,t.__data__,n.index,n.group),n.state===Lm){for(n.state=wd,i=new Array(S=n.tween.length),d=0,_=-1;d<S;++d)(R=n.tween[d].value.call(t,t.__data__,n.index,n.group))&&(i[++_]=R);i.length=_+1}}function c(p){for(var d=p<n.duration?n.ease.call(null,p/n.duration):(n.timer.restart(u),n.state=Cm,1),_=-1,S=i.length;++_<S;)i[_].call(t,d);n.state===Cm&&(n.on.call("end",t,t.__data__,n.index,n.group),u())}function u(){n.state=kd,n.timer.stop(),delete r[e];for(var p in r)return;delete t.__transition}}function Bd(t,e){var n=t.__transition,r,i,o=!0,a;if(n){e=e==null?null:e+"";for(a in n){if((r=n[a]).name!==e){o=!1;continue}i=r.state>Lm&&r.state<Cm,r.state=kd,r.timer.stop(),r.on.call(i?"interrupt":"cancel",t,t.__data__,r.index,r.group),delete n[a]}o&&delete t.__transition}}function tj(t){return this.each(function(){Bd(this,t)})}function ej(t,e){var n,r;return function(){var i=Pi(this,t),o=i.tween;if(o!==n){r=n=o;for(var a=0,c=r.length;a<c;++a)if(r[a].name===e){r=r.slice(),r.splice(a,1);break}}i.tween=r}}function nj(t,e,n){var r,i;if(typeof n!="function")throw new Error;return function(){var o=Pi(this,t),a=o.tween;if(a!==r){i=(r=a).slice();for(var c={name:e,value:n},u=0,p=i.length;u<p;++u)if(i[u].name===e){i[u]=c;break}u===p&&i.push(c)}o.tween=i}}function rj(t,e){var n=this._id;if(t+="",arguments.length<2){for(var r=ui(this.node(),n).tween,i=0,o=r.length,a;i<o;++i)if((a=r[i]).name===t)return a.value;return null}return this.each((e==null?ej:nj)(n,t,e))}function pE(t,e,n){var r=t._id;return t.each(function(){var i=Pi(this,r);(i.value||(i.value={}))[e]=n.apply(this,arguments)}),function(i){return ui(i,r).value[e]}}function WO(t,e){var n;return(typeof e=="number"?ni:e instanceof Uo?af:(n=Uo(e))?(e=n,af):wO)(t,e)}function ij(t){return function(){this.removeAttribute(t)}}function sj(t){return function(){this.removeAttributeNS(t.space,t.local)}}function oj(t,e,n){var r,i=n+"",o;return function(){var a=this.getAttribute(t);return a===i?null:a===r?o:o=e(r=a,n)}}function aj(t,e,n){var r,i=n+"",o;return function(){var a=this.getAttributeNS(t.space,t.local);return a===i?null:a===r?o:o=e(r=a,n)}}function lj(t,e,n){var r,i,o;return function(){var a,c=n(this),u;return c==null?void this.removeAttribute(t):(a=this.getAttribute(t),u=c+"",a===u?null:a===r&&u===i?o:(i=u,o=e(r=a,c)))}}function cj(t,e,n){var r,i,o;return function(){var a,c=n(this),u;return c==null?void this.removeAttributeNS(t.space,t.local):(a=this.getAttributeNS(t.space,t.local),u=c+"",a===u?null:a===r&&u===i?o:(i=u,o=e(r=a,c)))}}function uj(t,e){var n=Xf(t),r=n==="transform"?Vq:WO;return this.attrTween(t,typeof e=="function"?(n.local?cj:lj)(n,r,pE(this,"attr."+t,e)):e==null?(n.local?sj:ij)(n):(n.local?aj:oj)(n,r,e))}function dj(t,e){return function(n){this.setAttribute(t,e.call(this,n))}}function fj(t,e){return function(n){this.setAttributeNS(t.space,t.local,e.call(this,n))}}function pj(t,e){var n,r;function i(){var o=e.apply(this,arguments);return o!==r&&(n=(r=o)&&fj(t,o)),n}return i._value=e,i}function hj(t,e){var n,r;function i(){var o=e.apply(this,arguments);return o!==r&&(n=(r=o)&&dj(t,o)),n}return i._value=e,i}function mj(t,e){var n="attr."+t;if(arguments.length<2)return(n=this.tween(n))&&n._value;if(e==null)return this.tween(n,null);if(typeof e!="function")throw new Error;var r=Xf(t);return this.tween(n,(r.local?pj:hj)(r,e))}function _j(t,e){return function(){fE(this,t).delay=+e.apply(this,arguments)}}function Ej(t,e){return e=+e,function(){fE(this,t).delay=e}}function gj(t){var e=this._id;return arguments.length?this.each((typeof t=="function"?_j:Ej)(e,t)):ui(this.node(),e).delay}function Tj(t,e){return function(){Pi(this,t).duration=+e.apply(this,arguments)}}function vj(t,e){return e=+e,function(){Pi(this,t).duration=e}}function Sj(t){var e=this._id;return arguments.length?this.each((typeof t=="function"?Tj:vj)(e,t)):ui(this.node(),e).duration}function Aj(t,e){if(typeof e!="function")throw new Error;return function(){Pi(this,t).ease=e}}function Rj(t){var e=this._id;return arguments.length?this.each(Aj(e,t)):ui(this.node(),e).ease}function bj(t,e){return function(){var n=e.apply(this,arguments);if(typeof n!="function")throw new Error;Pi(this,t).ease=n}}function yj(t){if(typeof t!="function")throw new Error;return this.each(bj(this._id,t))}function Oj(t){typeof t!="function"&&(t=TO(t));for(var e=this._groups,n=e.length,r=new Array(n),i=0;i<n;++i)for(var o=e[i],a=o.length,c=r[i]=[],u,p=0;p<a;++p)(u=o[p])&&t.call(u,u.__data__,p,o)&&c.push(u);return new hs(r,this._parents,this._name,this._id)}function Lj(t){if(t._id!==this._id)throw new Error;for(var e=this._groups,n=t._groups,r=e.length,i=n.length,o=Math.min(r,i),a=new Array(r),c=0;c<o;++c)for(var u=e[c],p=n[c],d=u.length,_=a[c]=new Array(d),S,R=0;R<d;++R)(S=u[R]||p[R])&&(_[R]=S);for(;c<r;++c)a[c]=e[c];return new hs(a,this._parents,this._name,this._id)}function Cj(t){return(t+"").trim().split(/^|\s+/).every(function(e){var n=e.indexOf(".");return n>=0&&(e=e.slice(0,n)),!e||e==="start"})}function Ij(t,e,n){var r,i,o=Cj(e)?fE:Pi;return function(){var a=o(this,t),c=a.on;c!==r&&(i=(r=c).copy()).on(e,n),a.on=i}}function Nj(t,e){var n=this._id;return arguments.length<2?ui(this.node(),n).on.on(t):this.each(Ij(n,t,e))}function xj(t){return function(){var e=this.parentNode;for(var n in this.__transition)if(+n!==t)return;e&&e.removeChild(this)}}function wj(){return this.on("end.remove",xj(this._id))}function kj(t){var e=this._name,n=this._id;typeof t!="function"&&(t=oE(t));for(var r=this._groups,i=r.length,o=new Array(i),a=0;a<i;++a)for(var c=r[a],u=c.length,p=o[a]=new Array(u),d,_,S=0;S<u;++S)(d=c[S])&&(_=t.call(d,d.__data__,S,c))&&("__data__"in d&&(_.__data__=d.__data__),p[S]=_,qf(p[S],e,n,S,p,ui(d,n)));return new hs(o,this._parents,e,n)}function Bj(t){var e=this._name,n=this._id;typeof t!="function"&&(t=gO(t));for(var r=this._groups,i=r.length,o=[],a=[],c=0;c<i;++c)for(var u=r[c],p=u.length,d,_=0;_<p;++_)if(d=u[_]){for(var S=t.call(d,d.__data__,_,u),R,T=ui(d,n),b=0,N=S.length;b<N;++b)(R=S[b])&&qf(R,e,n,b,S,T);o.push(S),a.push(d)}return new hs(o,a,e,n)}var Dj=Kc.prototype.constructor;function Pj(){return new Dj(this._groups,this._parents)}function Mj(t,e){var n,r,i;return function(){var o=ja(this,t),a=(this.style.removeProperty(t),ja(this,t));return o===a?null:o===n&&a===r?i:i=e(n=o,r=a)}}function UO(t){return function(){this.style.removeProperty(t)}}function Hj(t,e,n){var r,i=n+"",o;return function(){var a=ja(this,t);return a===i?null:a===r?o:o=e(r=a,n)}}function Wj(t,e,n){var r,i,o;return function(){var a=ja(this,t),c=n(this),u=c+"";return c==null&&(u=c=(this.style.removeProperty(t),ja(this,t))),a===u?null:a===r&&u===i?o:(i=u,o=e(r=a,c))}}function Uj(t,e){var n,r,i,o="style."+e,a="end."+o,c;return function(){var u=Pi(this,t),p=u.on,d=u.value[o]==null?c||(c=UO(e)):void 0;(p!==n||i!==d)&&(r=(n=p).copy()).on(a,i=d),u.on=r}}function $j(t,e,n){var r=(t+="")=="transform"?$q:WO;return e==null?this.styleTween(t,Mj(t,r)).on("end.style."+t,UO(t)):typeof e=="function"?this.styleTween(t,Wj(t,r,pE(this,"style."+t,e))).each(Uj(this._id,t)):this.styleTween(t,Hj(t,r,e),n).on("end.style."+t,null)}function Vj(t,e,n){return function(r){this.style.setProperty(t,e.call(this,r),n)}}function Fj(t,e,n){var r,i;function o(){var a=e.apply(this,arguments);return a!==i&&(r=(i=a)&&Vj(t,a,n)),r}return o._value=e,o}function Gj(t,e,n){var r="style."+(t+="");if(arguments.length<2)return(r=this.tween(r))&&r._value;if(e==null)return this.tween(r,null);if(typeof e!="function")throw new Error;return this.tween(r,Fj(t,e,n??""))}function zj(t){return function(){this.textContent=t}}function Kj(t){return function(){var e=t(this);this.textContent=e??""}}function Xj(t){return this.tween("text",typeof t=="function"?Kj(pE(this,"text",t)):zj(t==null?"":t+""))}function Yj(t){return function(e){this.textContent=t.call(this,e)}}function qj(t){var e,n;function r(){var i=t.apply(this,arguments);return i!==n&&(e=(n=i)&&Yj(i)),e}return r._value=t,r}function jj(t){var e="text";if(arguments.length<1)return(e=this.tween(e))&&e._value;if(t==null)return this.tween(e,null);if(typeof t!="function")throw new Error;return this.tween(e,qj(t))}function Jj(){for(var t=this._name,e=this._id,n=$O(),r=this._groups,i=r.length,o=0;o<i;++o)for(var a=r[o],c=a.length,u,p=0;p<c;++p)if(u=a[p]){var d=ui(u,e);qf(u,t,n,p,a,{time:d.time+d.delay+d.duration,delay:0,duration:d.duration,ease:d.ease})}return new hs(r,this._parents,t,n)}function Zj(){var t,e,n=this,r=n._id,i=n.size();return new Promise(function(o,a){var c={value:a},u={value:function(){--i===0&&o()}};n.each(function(){var p=Pi(this,r),d=p.on;d!==t&&(e=(t=d).copy(),e._.cancel.push(c),e._.interrupt.push(c),e._.end.push(u)),p.on=e}),i===0&&o()})}var Qj=0;function hs(t,e,n,r){this._groups=t,this._parents=e,this._name=n,this._id=r}function $O(){return++Qj}var Xi=Kc.prototype;hs.prototype={constructor:hs,select:kj,selectAll:Bj,selectChild:Xi.selectChild,selectChildren:Xi.selectChildren,filter:Oj,merge:Lj,selection:Pj,transition:Jj,call:Xi.call,nodes:Xi.nodes,node:Xi.node,size:Xi.size,empty:Xi.empty,each:Xi.each,on:Nj,attr:uj,attrTween:mj,style:$j,styleTween:Gj,text:Xj,textTween:jj,remove:wj,tween:rj,delay:gj,duration:Sj,ease:Rj,easeVarying:yj,end:Zj,[Symbol.iterator]:Xi[Symbol.iterator]};function tJ(t){return((t*=2)<=1?t*t*t:(t-=2)*t*t+2)/2}var eJ={time:null,delay:0,duration:250,ease:tJ};function nJ(t,e){for(var n;!(n=t.__transition)||!(n=n[e]);)if(!(t=t.parentNode))throw new Error(`transition ${e} not found`);return n}function rJ(t){var e,n;t instanceof hs?(e=t._id,t=t._name):(e=$O(),(n=eJ).time=dE(),t=t==null?null:t+"");for(var r=this._groups,i=r.length,o=0;o<i;++o)for(var a=r[o],c=a.length,u,p=0;p<c;++p)(u=a[p])&&qf(u,t,e,p,a,n||nJ(u,e));return new hs(r,this._parents,t,e)}Kc.prototype.interrupt=tj;Kc.prototype.transition=rJ;const Im=Math.PI,Nm=2*Im,go=1e-6,iJ=Nm-go;function xm(){this._x0=this._y0=this._x1=this._y1=null,this._=""}function VO(){return new xm}xm.prototype=VO.prototype={constructor:xm,moveTo:function(t,e){this._+="M"+(this._x0=this._x1=+t)+","+(this._y0=this._y1=+e)},closePath:function(){this._x1!==null&&(this._x1=this._x0,this._y1=this._y0,this._+="Z")},lineTo:function(t,e){this._+="L"+(this._x1=+t)+","+(this._y1=+e)},quadraticCurveTo:function(t,e,n,r){this._+="Q"+ +t+","+ +e+","+(this._x1=+n)+","+(this._y1=+r)},bezierCurveTo:function(t,e,n,r,i,o){this._+="C"+ +t+","+ +e+","+ +n+","+ +r+","+(this._x1=+i)+","+(this._y1=+o)},arcTo:function(t,e,n,r,i){t=+t,e=+e,n=+n,r=+r,i=+i;var o=this._x1,a=this._y1,c=n-t,u=r-e,p=o-t,d=a-e,_=p*p+d*d;if(i<0)throw new Error("negative radius: "+i);if(this._x1===null)this._+="M"+(this._x1=t)+","+(this._y1=e);else if(_>go)if(!(Math.abs(d*c-u*p)>go)||!i)this._+="L"+(this._x1=t)+","+(this._y1=e);else{var S=n-o,R=r-a,T=c*c+u*u,b=S*S+R*R,N=Math.sqrt(T),C=Math.sqrt(_),D=i*Math.tan((Im-Math.acos((T+_-b)/(2*N*C)))/2),W=D/C,O=D/N;Math.abs(W-1)>go&&(this._+="L"+(t+W*p)+","+(e+W*d)),this._+="A"+i+","+i+",0,0,"+ +(d*S>p*R)+","+(this._x1=t+O*c)+","+(this._y1=e+O*u)}},arc:function(t,e,n,r,i,o){t=+t,e=+e,n=+n,o=!!o;var a=n*Math.cos(r),c=n*Math.sin(r),u=t+a,p=e+c,d=1^o,_=o?r-i:i-r;if(n<0)throw new Error("negative radius: "+n);this._x1===null?this._+="M"+u+","+p:(Math.abs(this._x1-u)>go||Math.abs(this._y1-p)>go)&&(this._+="L"+u+","+p),n&&(_<0&&(_=_%Nm+Nm),_>iJ?this._+="A"+n+","+n+",0,1,"+d+","+(t-a)+","+(e-c)+"A"+n+","+n+",0,1,"+d+","+(this._x1=u)+","+(this._y1=p):_>go&&(this._+="A"+n+","+n+",0,"+ +(_>=Im)+","+d+","+(this._x1=t+n*Math.cos(i))+","+(this._y1=e+n*Math.sin(i))))},rect:function(t,e,n,r){this._+="M"+(this._x0=this._x1=+t)+","+(this._y0=this._y1=+e)+"h"+ +n+"v"+ +r+"h"+-n+"Z"},toString:function(){return this._}};function sJ(t){return Math.abs(t=Math.round(t))>=1e21?t.toLocaleString("en").replace(/,/g,""):t.toString(10)}function df(t,e){if((n=(t=e?t.toExponential(e-1):t.toExponential()).indexOf("e"))<0)return null;var n,r=t.slice(0,n);return[r.length>1?r[0]+r.slice(2):r,+t.slice(n+1)]}function Za(t){return t=df(Math.abs(t)),t?t[1]:NaN}function oJ(t,e){return function(n,r){for(var i=n.length,o=[],a=0,c=t[0],u=0;i>0&&c>0&&(u+c+1>r&&(c=Math.max(1,r-u)),o.push(n.substring(i-=c,i+c)),!((u+=c+1)>r));)c=t[a=(a+1)%t.length];return o.reverse().join(e)}}function aJ(t){return function(e){return e.replace(/[0-9]/g,function(n){return t[+n]})}}var lJ=/^(?:(.)?([<>=^]))?([+\-( ])?([$#])?(0)?(\d+)?(,)?(\.\d+)?(~)?([a-z%])?$/i;function ff(t){if(!(e=lJ.exec(t)))throw new Error("invalid format: "+t);var e;return new hE({fill:e[1],align:e[2],sign:e[3],symbol:e[4],zero:e[5],width:e[6],comma:e[7],precision:e[8]&&e[8].slice(1),trim:e[9],type:e[10]})}ff.prototype=hE.prototype;function hE(t){this.fill=t.fill===void 0?" ":t.fill+"",this.align=t.align===void 0?">":t.align+"",this.sign=t.sign===void 0?"-":t.sign+"",this.symbol=t.symbol===void 0?"":t.symbol+"",this.zero=!!t.zero,this.width=t.width===void 0?void 0:+t.width,this.comma=!!t.comma,this.precision=t.precision===void 0?void 0:+t.precision,this.trim=!!t.trim,this.type=t.type===void 0?"":t.type+""}hE.prototype.toString=function(){return this.fill+this.align+this.sign+this.symbol+(this.zero?"0":"")+(this.width===void 0?"":Math.max(1,this.width|0))+(this.comma?",":"")+(this.precision===void 0?"":"."+Math.max(0,this.precision|0))+(this.trim?"~":"")+this.type};function cJ(t){t:for(var e=t.length,n=1,r=-1,i;n<e;++n)switch(t[n]){case".":r=i=n;break;case"0":r===0&&(r=n),i=n;break;default:if(!+t[n])break t;r>0&&(r=0);break}return r>0?t.slice(0,r)+t.slice(i+1):t}var FO;function uJ(t,e){var n=df(t,e);if(!n)return t+"";var r=n[0],i=n[1],o=i-(FO=Math.max(-8,Math.min(8,Math.floor(i/3)))*3)+1,a=r.length;return o===a?r:o>a?r+new Array(o-a+1).join("0"):o>0?r.slice(0,o)+"."+r.slice(o):"0."+new Array(1-o).join("0")+df(t,Math.max(0,e+o-1))[0]}function xS(t,e){var n=df(t,e);if(!n)return t+"";var r=n[0],i=n[1];return i<0?"0."+new Array(-i).join("0")+r:r.length>i+1?r.slice(0,i+1)+"."+r.slice(i+1):r+new Array(i-r.length+2).join("0")}const wS={"%":(t,e)=>(t*100).toFixed(e),b:t=>Math.round(t).toString(2),c:t=>t+"",d:sJ,e:(t,e)=>t.toExponential(e),f:(t,e)=>t.toFixed(e),g:(t,e)=>t.toPrecision(e),o:t=>Math.round(t).toString(8),p:(t,e)=>xS(t*100,e),r:xS,s:uJ,X:t=>Math.round(t).toString(16).toUpperCase(),x:t=>Math.round(t).toString(16)};function kS(t){return t}var BS=Array.prototype.map,DS=["y","z","a","f","p","n","","m","","k","M","G","T","P","E","Z","Y"];function dJ(t){var e=t.grouping===void 0||t.thousands===void 0?kS:oJ(BS.call(t.grouping,Number),t.thousands+""),n=t.currency===void 0?"":t.currency[0]+"",r=t.currency===void 0?"":t.currency[1]+"",i=t.decimal===void 0?".":t.decimal+"",o=t.numerals===void 0?kS:aJ(BS.call(t.numerals,String)),a=t.percent===void 0?"%":t.percent+"",c=t.minus===void 0?"":t.minus+"",u=t.nan===void 0?"NaN":t.nan+"";function p(_){_=ff(_);var S=_.fill,R=_.align,T=_.sign,b=_.symbol,N=_.zero,C=_.width,D=_.comma,W=_.precision,O=_.trim,G=_.type;G==="n"?(D=!0,G="g"):wS[G]||(W===void 0&&(W=12),O=!0,G="g"),(N||S==="0"&&R==="=")&&(N=!0,S="0",R="=");var M=b==="$"?n:b==="#"&&/[boxX]/.test(G)?"0"+G.toLowerCase():"",z=b==="$"?r:/[%p]/.test(G)?a:"",tt=wS[G],Et=/[defgprs%]/.test(G);W=W===void 0?6:/[gprs]/.test(G)?Math.max(1,Math.min(21,W)):Math.max(0,Math.min(20,W));function Ct(Tt){var it=M,U=z,q,Z,B;if(G==="c")U=tt(Tt)+U,Tt="";else{Tt=+Tt;var j=Tt<0||1/Tt<0;if(Tt=isNaN(Tt)?u:tt(Math.abs(Tt),W),O&&(Tt=cJ(Tt)),j&&+Tt==0&&T!=="+"&&(j=!1),it=(j?T==="("?T:c:T==="-"||T==="("?"":T)+it,U=(G==="s"?DS[8+FO/3]:"")+U+(j&&T==="("?")":""),Et){for(q=-1,Z=Tt.length;++q<Z;)if(B=Tt.charCodeAt(q),48>B||B>57){U=(B===46?i+Tt.slice(q+1):Tt.slice(q))+U,Tt=Tt.slice(0,q);break}}}D&&!N&&(Tt=e(Tt,1/0));var ct=it.length+Tt.length+U.length,St=ct<C?new Array(C-ct+1).join(S):"";switch(D&&N&&(Tt=e(St+Tt,St.length?C-U.length:1/0),St=""),R){case"<":Tt=it+Tt+U+St;break;case"=":Tt=it+St+Tt+U;break;case"^":Tt=St.slice(0,ct=St.length>>1)+it+Tt+U+St.slice(ct);break;default:Tt=St+it+Tt+U;break}return o(Tt)}return Ct.toString=function(){return _+""},Ct}function d(_,S){var R=p((_=ff(_),_.type="f",_)),T=Math.max(-8,Math.min(8,Math.floor(Za(S)/3)))*3,b=Math.pow(10,-T),N=DS[8+T/3];return function(C){return R(b*C)+N}}return{format:p,formatPrefix:d}}var hd,GO,zO;fJ({thousands:",",grouping:[3],currency:["$",""]});function fJ(t){return hd=dJ(t),GO=hd.format,zO=hd.formatPrefix,hd}function pJ(t){return Math.max(0,-Za(Math.abs(t)))}function hJ(t,e){return Math.max(0,Math.max(-8,Math.min(8,Math.floor(Za(e)/3)))*3-Za(Math.abs(t)))}function mJ(t,e){return t=Math.abs(t),e=Math.abs(e)-t,Math.max(0,Za(e)-Za(t))+1}function _J(t,e){switch(arguments.length){case 0:break;case 1:this.range(t);break;default:this.range(e).domain(t);break}return this}function EJ(t){return function(){return t}}function gJ(t){return+t}var PS=[0,1];function Aa(t){return t}function wm(t,e){return(e-=t=+t)?function(n){return(n-t)/e}:EJ(isNaN(e)?NaN:.5)}function TJ(t,e){var n;return t>e&&(n=t,t=e,e=n),function(r){return Math.max(t,Math.min(e,r))}}function vJ(t,e,n){var r=t[0],i=t[1],o=e[0],a=e[1];return i<r?(r=wm(i,r),o=n(a,o)):(r=wm(r,i),o=n(o,a)),function(c){return o(r(c))}}function SJ(t,e,n){var r=Math.min(t.length,e.length)-1,i=new Array(r),o=new Array(r),a=-1;for(t[r]<t[0]&&(t=t.slice().reverse(),e=e.slice().reverse());++a<r;)i[a]=wm(t[a],t[a+1]),o[a]=n(e[a],e[a+1]);return function(c){var u=IX(t,c,1,r)-1;return o[u](i[u](c))}}function AJ(t,e){return e.domain(t.domain()).range(t.range()).interpolate(t.interpolate()).clamp(t.clamp()).unknown(t.unknown())}function RJ(){var t=PS,e=PS,n=uE,r,i,o,a=Aa,c,u,p;function d(){var S=Math.min(t.length,e.length);return a!==Aa&&(a=TJ(t[0],t[S-1])),c=S>2?SJ:vJ,u=p=null,_}function _(S){return S==null||isNaN(S=+S)?o:(u||(u=c(t.map(r),e,n)))(r(a(S)))}return _.invert=function(S){return a(i((p||(p=c(e,t.map(r),ni)))(S)))},_.domain=function(S){return arguments.length?(t=Array.from(S,gJ),d()):t.slice()},_.range=function(S){return arguments.length?(e=Array.from(S),d()):e.slice()},_.rangeRound=function(S){return e=Array.from(S),n=Hq,d()},_.clamp=function(S){return arguments.length?(a=S?!0:Aa,d()):a!==Aa},_.interpolate=function(S){return arguments.length?(n=S,d()):n},_.unknown=function(S){return arguments.length?(o=S,_):o},function(S,R){return r=S,i=R,d()}}function bJ(){return RJ()(Aa,Aa)}function yJ(t,e,n,r){var i=xX(t,e,n),o;switch(r=ff(r??",f"),r.type){case"s":{var a=Math.max(Math.abs(t),Math.abs(e));return r.precision==null&&!isNaN(o=hJ(i,a))&&(r.precision=o),zO(r,a)}case"":case"e":case"g":case"p":case"r":{r.precision==null&&!isNaN(o=mJ(i,Math.max(Math.abs(t),Math.abs(e))))&&(r.precision=o-(r.type==="e"));break}case"f":case"%":{r.precision==null&&!isNaN(o=pJ(i))&&(r.precision=o-(r.type==="%")*2);break}}return GO(r)}function OJ(t){var e=t.domain;return t.ticks=function(n){var r=e();return NX(r[0],r[r.length-1],n??10)},t.tickFormat=function(n,r){var i=e();return yJ(i[0],i[i.length-1],n??10,r)},t.nice=function(n){n==null&&(n=10);var r=e(),i=0,o=r.length-1,a=r[i],c=r[o],u,p,d=10;for(c<a&&(p=a,a=c,c=p,p=i,i=o,o=p);d-- >0;){if(p=_O(a,c,n),p===u)return r[i]=a,r[o]=c,e(r);if(p>0)a=Math.floor(a/p)*p,c=Math.ceil(c/p)*p;else if(p<0)a=Math.ceil(a*p)/p,c=Math.floor(c*p)/p;else break;u=p}return t},t}function KO(){var t=bJ();return t.copy=function(){return AJ(t,KO())},_J.apply(t,arguments),OJ(t)}const md=t=>()=>t;function LJ(t,{sourceEvent:e,target:n,transform:r,dispatch:i}){Object.defineProperties(this,{type:{value:t,enumerable:!0,configurable:!0},sourceEvent:{value:e,enumerable:!0,configurable:!0},target:{value:n,enumerable:!0,configurable:!0},transform:{value:r,enumerable:!0,configurable:!0},_:{value:i}})}function Qi(t,e,n){this.k=t,this.x=e,this.y=n}Qi.prototype={constructor:Qi,scale:function(t){return t===1?this:new Qi(this.k*t,this.x,this.y)},translate:function(t,e){return t===0&e===0?this:new Qi(this.k,this.x+this.k*t,this.y+this.k*e)},apply:function(t){return[t[0]*this.k+this.x,t[1]*this.k+this.y]},applyX:function(t){return t*this.k+this.x},applyY:function(t){return t*this.k+this.y},invert:function(t){return[(t[0]-this.x)/this.k,(t[1]-this.y)/this.k]},invertX:function(t){return(t-this.x)/this.k},invertY:function(t){return(t-this.y)/this.k},rescaleX:function(t){return t.copy().domain(t.range().map(this.invertX,this).map(t.invert,t))},rescaleY:function(t){return t.copy().domain(t.range().map(this.invertY,this).map(t.invert,t))},toString:function(){return"translate("+this.x+","+this.y+") scale("+this.k+")"}};var pf=new Qi(1,0,0);Qi.prototype;function c0(t){t.stopImmediatePropagation()}function Wl(t){t.preventDefault(),t.stopImmediatePropagation()}function CJ(t){return(!t.ctrlKey||t.type==="wheel")&&!t.button}function IJ(){var t=this;return t instanceof SVGElement?(t=t.ownerSVGElement||t,t.hasAttribute("viewBox")?(t=t.viewBox.baseVal,[[t.x,t.y],[t.x+t.width,t.y+t.height]]):[[0,0],[t.width.baseVal.value,t.height.baseVal.value]]):[[0,0],[t.clientWidth,t.clientHeight]]}function MS(){return this.__zoom||pf}function NJ(t){return-t.deltaY*(t.deltaMode===1?.05:t.deltaMode?1:.002)*(t.ctrlKey?10:1)}function xJ(){return navigator.maxTouchPoints||"ontouchstart"in this}function wJ(t,e,n){var r=t.invertX(e[0][0])-n[0][0],i=t.invertX(e[1][0])-n[1][0],o=t.invertY(e[0][1])-n[0][1],a=t.invertY(e[1][1])-n[1][1];return t.translate(i>r?(r+i)/2:Math.min(0,r)||Math.max(0,i),a>o?(o+a)/2:Math.min(0,o)||Math.max(0,a))}function kJ(){var t=CJ,e=IJ,n=wJ,r=NJ,i=xJ,o=[0,1/0],a=[[-1/0,-1/0],[1/0,1/0]],c=250,u=Kq,p=sE("start","zoom","end"),d,_,S,R=500,T=150,b=0,N=10;function C(q){q.property("__zoom",MS).on("wheel.zoom",tt,{passive:!1}).on("mousedown.zoom",Et).on("dblclick.zoom",Ct).filter(i).on("touchstart.zoom",Tt).on("touchmove.zoom",it).on("touchend.zoom touchcancel.zoom",U).style("-webkit-tap-highlight-color","rgba(0,0,0,0)")}C.transform=function(q,Z,B,j){var ct=q.selection?q.selection():q;ct.property("__zoom",MS),q!==ct?G(q,Z,B,j):ct.interrupt().each(function(){M(this,arguments).event(j).start().zoom(null,typeof Z=="function"?Z.apply(this,arguments):Z).end()})},C.scaleBy=function(q,Z,B,j){C.scaleTo(q,function(){var ct=this.__zoom.k,St=typeof Z=="function"?Z.apply(this,arguments):Z;return ct*St},B,j)},C.scaleTo=function(q,Z,B,j){C.transform(q,function(){var ct=e.apply(this,arguments),St=this.__zoom,Dt=B==null?O(ct):typeof B=="function"?B.apply(this,arguments):B,dt=St.invert(Dt),vt=typeof Z=="function"?Z.apply(this,arguments):Z;return n(W(D(St,vt),Dt,dt),ct,a)},B,j)},C.translateBy=function(q,Z,B,j){C.transform(q,function(){return n(this.__zoom.translate(typeof Z=="function"?Z.apply(this,arguments):Z,typeof B=="function"?B.apply(this,arguments):B),e.apply(this,arguments),a)},null,j)},C.translateTo=function(q,Z,B,j,ct){C.transform(q,function(){var St=e.apply(this,arguments),Dt=this.__zoom,dt=j==null?O(St):typeof j=="function"?j.apply(this,arguments):j;return n(pf.translate(dt[0],dt[1]).scale(Dt.k).translate(typeof Z=="function"?-Z.apply(this,arguments):-Z,typeof B=="function"?-B.apply(this,arguments):-B),St,a)},j,ct)};function D(q,Z){return Z=Math.max(o[0],Math.min(o[1],Z)),Z===q.k?q:new Qi(Z,q.x,q.y)}function W(q,Z,B){var j=Z[0]-B[0]*q.k,ct=Z[1]-B[1]*q.k;return j===q.x&&ct===q.y?q:new Qi(q.k,j,ct)}function O(q){return[(+q[0][0]+ +q[1][0])/2,(+q[0][1]+ +q[1][1])/2]}function G(q,Z,B,j){q.on("start.zoom",function(){M(this,arguments).event(j).start()}).on("interrupt.zoom end.zoom",function(){M(this,arguments).event(j).end()}).tween("zoom",function(){var ct=this,St=arguments,Dt=M(ct,St).event(j),dt=e.apply(ct,St),vt=B==null?O(dt):typeof B=="function"?B.apply(ct,St):B,ht=Math.max(dt[1][0]-dt[0][0],dt[1][1]-dt[0][1]),et=ct.__zoom,A=typeof Z=="function"?Z.apply(ct,St):Z,I=u(et.invert(vt).concat(ht/et.k),A.invert(vt).concat(ht/A.k));return function(L){if(L===1)L=A;else{var V=I(L),st=ht/V[2];L=new Qi(st,vt[0]-V[0]*st,vt[1]-V[1]*st)}Dt.zoom(null,L)}})}function M(q,Z,B){return!B&&q.__zooming||new z(q,Z)}function z(q,Z){this.that=q,this.args=Z,this.active=0,this.sourceEvent=null,this.extent=e.apply(q,Z),this.taps=0}z.prototype={event:function(q){return q&&(this.sourceEvent=q),this},start:function(){return++this.active===1&&(this.that.__zooming=this,this.emit("start")),this},zoom:function(q,Z){return this.mouse&&q!=="mouse"&&(this.mouse[1]=Z.invert(this.mouse[0])),this.touch0&&q!=="touch"&&(this.touch0[1]=Z.invert(this.touch0[0])),this.touch1&&q!=="touch"&&(this.touch1[1]=Z.invert(this.touch1[0])),this.that.__zoom=Z,this.emit("zoom"),this},end:function(){return--this.active===0&&(delete this.that.__zooming,this.emit("end")),this},emit:function(q){var Z=Si(this.that).datum();p.call(q,this.that,new LJ(q,{sourceEvent:this.sourceEvent,target:C,transform:this.that.__zoom,dispatch:p}),Z)}};function tt(q,...Z){if(!t.apply(this,arguments))return;var B=M(this,Z).event(q),j=this.__zoom,ct=Math.max(o[0],Math.min(o[1],j.k*Math.pow(2,r.apply(this,arguments)))),St=ho(q);if(B.wheel)(B.mouse[0][0]!==St[0]||B.mouse[0][1]!==St[1])&&(B.mouse[1]=j.invert(B.mouse[0]=St)),clearTimeout(B.wheel);else{if(j.k===ct)return;B.mouse=[St,j.invert(St)],Bd(this),B.start()}Wl(q),B.wheel=setTimeout(Dt,T),B.zoom("mouse",n(W(D(j,ct),B.mouse[0],B.mouse[1]),B.extent,a));function Dt(){B.wheel=null,B.end()}}function Et(q,...Z){if(S||!t.apply(this,arguments))return;var B=q.currentTarget,j=M(this,Z,!0).event(q),ct=Si(q.view).on("mousemove.zoom",vt,!0).on("mouseup.zoom",ht,!0),St=ho(q,B),Dt=q.clientX,dt=q.clientY;hq(q.view),c0(q),j.mouse=[St,this.__zoom.invert(St)],Bd(this),j.start();function vt(et){if(Wl(et),!j.moved){var A=et.clientX-Dt,I=et.clientY-dt;j.moved=A*A+I*I>b}j.event(et).zoom("mouse",n(W(j.that.__zoom,j.mouse[0]=ho(et,B),j.mouse[1]),j.extent,a))}function ht(et){ct.on("mousemove.zoom mouseup.zoom",null),mq(et.view,j.moved),Wl(et),j.event(et).end()}}function Ct(q,...Z){if(t.apply(this,arguments)){var B=this.__zoom,j=ho(q.changedTouches?q.changedTouches[0]:q,this),ct=B.invert(j),St=B.k*(q.shiftKey?.5:2),Dt=n(W(D(B,St),j,ct),e.apply(this,Z),a);Wl(q),c>0?Si(this).transition().duration(c).call(G,Dt,j,q):Si(this).call(C.transform,Dt,j,q)}}function Tt(q,...Z){if(t.apply(this,arguments)){var B=q.touches,j=B.length,ct=M(this,Z,q.changedTouches.length===j).event(q),St,Dt,dt,vt;for(c0(q),Dt=0;Dt<j;++Dt)dt=B[Dt],vt=ho(dt,this),vt=[vt,this.__zoom.invert(vt),dt.identifier],ct.touch0?!ct.touch1&&ct.touch0[2]!==vt[2]&&(ct.touch1=vt,ct.taps=0):(ct.touch0=vt,St=!0,ct.taps=1+!!d);d&&(d=clearTimeout(d)),St&&(ct.taps<2&&(_=vt[0],d=setTimeout(function(){d=null},R)),Bd(this),ct.start())}}function it(q,...Z){if(this.__zooming){var B=M(this,Z).event(q),j=q.changedTouches,ct=j.length,St,Dt,dt,vt;for(Wl(q),St=0;St<ct;++St)Dt=j[St],dt=ho(Dt,this),B.touch0&&B.touch0[2]===Dt.identifier?B.touch0[0]=dt:B.touch1&&B.touch1[2]===Dt.identifier&&(B.touch1[0]=dt);if(Dt=B.that.__zoom,B.touch1){var ht=B.touch0[0],et=B.touch0[1],A=B.touch1[0],I=B.touch1[1],L=(L=A[0]-ht[0])*L+(L=A[1]-ht[1])*L,V=(V=I[0]-et[0])*V+(V=I[1]-et[1])*V;Dt=D(Dt,Math.sqrt(L/V)),dt=[(ht[0]+A[0])/2,(ht[1]+A[1])/2],vt=[(et[0]+I[0])/2,(et[1]+I[1])/2]}else if(B.touch0)dt=B.touch0[0],vt=B.touch0[1];else return;B.zoom("touch",n(W(Dt,dt,vt),B.extent,a))}}function U(q,...Z){if(this.__zooming){var B=M(this,Z).event(q),j=q.changedTouches,ct=j.length,St,Dt;for(c0(q),S&&clearTimeout(S),S=setTimeout(function(){S=null},R),St=0;St<ct;++St)Dt=j[St],B.touch0&&B.touch0[2]===Dt.identifier?delete B.touch0:B.touch1&&B.touch1[2]===Dt.identifier&&delete B.touch1;if(B.touch1&&!B.touch0&&(B.touch0=B.touch1,delete B.touch1),B.touch0)B.touch0[1]=this.__zoom.invert(B.touch0[0]);else if(B.end(),B.taps===2&&(Dt=ho(Dt,this),Math.hypot(_[0]-Dt[0],_[1]-Dt[1])<N)){var dt=Si(this).on("dblclick.zoom");dt&&dt.apply(this,arguments)}}}return C.wheelDelta=function(q){return arguments.length?(r=typeof q=="function"?q:md(+q),C):r},C.filter=function(q){return arguments.length?(t=typeof q=="function"?q:md(!!q),C):t},C.touchable=function(q){return arguments.length?(i=typeof q=="function"?q:md(!!q),C):i},C.extent=function(q){return arguments.length?(e=typeof q=="function"?q:md([[+q[0][0],+q[0][1]],[+q[1][0],+q[1][1]]]),C):e},C.scaleExtent=function(q){return arguments.length?(o[0]=+q[0],o[1]=+q[1],C):[o[0],o[1]]},C.translateExtent=function(q){return arguments.length?(a[0][0]=+q[0][0],a[1][0]=+q[1][0],a[0][1]=+q[0][1],a[1][1]=+q[1][1],C):[[a[0][0],a[0][1]],[a[1][0],a[1][1]]]},C.constrain=function(q){return arguments.length?(n=q,C):n},C.duration=function(q){return arguments.length?(c=+q,C):c},C.interpolate=function(q){return arguments.length?(u=q,C):u},C.on=function(){var q=p.on.apply(p,arguments);return q===p?C:q},C.clickDistance=function(q){return arguments.length?(b=(q=+q)*q,C):Math.sqrt(b)},C.tapDistance=function(q){return arguments.length?(N=+q,C):N},C}function BJ(t){var e=0,n=t.children,r=n&&n.length;if(!r)e=1;else for(;--r>=0;)e+=n[r].value;t.value=e}function DJ(){return this.eachAfter(BJ)}function PJ(t){var e=this,n,r=[e],i,o,a;do for(n=r.reverse(),r=[];e=n.pop();)if(t(e),i=e.children,i)for(o=0,a=i.length;o<a;++o)r.push(i[o]);while(r.length);return this}function MJ(t){for(var e=this,n=[e],r,i;e=n.pop();)if(t(e),r=e.children,r)for(i=r.length-1;i>=0;--i)n.push(r[i]);return this}function HJ(t){for(var e=this,n=[e],r=[],i,o,a;e=n.pop();)if(r.push(e),i=e.children,i)for(o=0,a=i.length;o<a;++o)n.push(i[o]);for(;e=r.pop();)t(e);return this}function WJ(t){return this.eachAfter(function(e){for(var n=+t(e.data)||0,r=e.children,i=r&&r.length;--i>=0;)n+=r[i].value;e.value=n})}function UJ(t){return this.eachBefore(function(e){e.children&&e.children.sort(t)})}function $J(t){for(var e=this,n=VJ(e,t),r=[e];e!==n;)e=e.parent,r.push(e);for(var i=r.length;t!==n;)r.splice(i,0,t),t=t.parent;return r}function VJ(t,e){if(t===e)return t;var n=t.ancestors(),r=e.ancestors(),i=null;for(t=n.pop(),e=r.pop();t===e;)i=t,t=n.pop(),e=r.pop();return i}function FJ(){for(var t=this,e=[t];t=t.parent;)e.push(t);return e}function GJ(){var t=[];return this.each(function(e){t.push(e)}),t}function zJ(){var t=[];return this.eachBefore(function(e){e.children||t.push(e)}),t}function KJ(){var t=this,e=[];return t.each(function(n){n!==t&&e.push({source:n.parent,target:n})}),e}function mE(t,e){var n=new hf(t),r=+t.value&&(n.value=t.value),i,o=[n],a,c,u,p;for(e==null&&(e=YJ);i=o.pop();)if(r&&(i.value=+i.data.value),(c=e(i.data))&&(p=c.length))for(i.children=new Array(p),u=p-1;u>=0;--u)o.push(a=i.children[u]=new hf(c[u])),a.parent=i,a.depth=i.depth+1;return n.eachBefore(jJ)}function XJ(){return mE(this).eachBefore(qJ)}function YJ(t){return t.children}function qJ(t){t.data=t.data.data}function jJ(t){var e=0;do t.height=e;while((t=t.parent)&&t.height<++e)}function hf(t){this.data=t,this.depth=this.height=0,this.parent=null}hf.prototype=mE.prototype={constructor:hf,count:DJ,each:PJ,eachAfter:HJ,eachBefore:MJ,sum:WJ,sort:UJ,path:$J,ancestors:FJ,descendants:GJ,leaves:zJ,links:KJ,copy:XJ};const JJ="2.1.2",ZJ={version:JJ},{version:QJ}=ZJ,tZ=Object.freeze({children:t=>t.children,nodeSize:t=>t.data.size,spacing:0});function YO(t){const e=Object.assign({},tZ,t);function n(c){const u=e[c];return typeof u=="function"?u:()=>u}function r(c){const u=a(o(),c,p=>p.children);return u.update(),u.data}function i(){const c=n("nodeSize"),u=n("spacing");return class XO extends mE.prototype.constructor{constructor(d){super(d)}copy(){const d=a(this.constructor,this,_=>_.children);return d.each(_=>_.data=_.data.data),d}get size(){return c(this)}spacing(d){return u(this,d)}get nodes(){return this.descendants()}get xSize(){return this.size[0]}get ySize(){return this.size[1]}get top(){return this.y}get bottom(){return this.y+this.ySize}get left(){return this.x-this.xSize/2}get right(){return this.x+this.xSize/2}get root(){const d=this.ancestors();return d[d.length-1]}get numChildren(){return this.hasChildren?this.children.length:0}get hasChildren(){return!this.noChildren}get noChildren(){return this.children===null}get firstChild(){return this.hasChildren?this.children[0]:null}get lastChild(){return this.hasChildren?this.children[this.numChildren-1]:null}get extents(){return(this.children||[]).reduce((d,_)=>XO.maxExtents(d,_.extents),this.nodeExtents)}get nodeExtents(){return{top:this.top,bottom:this.bottom,left:this.left,right:this.right}}static maxExtents(d,_){return{top:Math.min(d.top,_.top),bottom:Math.max(d.bottom,_.bottom),left:Math.min(d.left,_.left),right:Math.max(d.right,_.right)}}}}function o(){const c=i(),u=n("nodeSize"),p=n("spacing");return class extends c{constructor(d){super(d),Object.assign(this,{x:0,y:0,relX:0,prelim:0,shift:0,change:0,lExt:this,lExtRelX:0,lThr:null,rExt:this,rExtRelX:0,rThr:null})}get size(){return u(this.data)}spacing(d){return p(this.data,d.data)}get x(){return this.data.x}set x(d){this.data.x=d}get y(){return this.data.y}set y(d){this.data.y=d}update(){return qO(this),jO(this),this}}}function a(c,u,p){const d=(_,S)=>{const R=new c(_);Object.assign(R,{parent:S,depth:S===null?0:S.depth+1,height:0,length:1});const T=p(_)||[];return R.children=T.length===0?null:T.map(b=>d(b,R)),R.children&&Object.assign(R,R.children.reduce((b,N)=>({height:Math.max(b.height,N.height+1),length:b.length+N.length}),R)),R};return d(u,null)}return Object.assign(r,{nodeSize(c){return arguments.length?(e.nodeSize=c,r):e.nodeSize},spacing(c){return arguments.length?(e.spacing=c,r):e.spacing},children(c){return arguments.length?(e.children=c,r):e.children},hierarchy(c,u){const p=typeof u>"u"?e.children:u;return a(i(),c,p)},dump(c){const u=n("nodeSize"),p=d=>_=>{const S=d+"  ",R=d+"    ",{x:T,y:b}=_,N=u(_),C=_.children||[],D=C.length===0?" ":`,${S}children: [${R}${C.map(p(R)).join(R)}${S}],${d}`;return`{ size: [${N.join(", ")}],${S}x: ${T}, y: ${b}${D}},`};return p(`
`)(c)}}),r}YO.version=QJ;const qO=(t,e=0)=>(t.y=e,(t.children||[]).reduce((n,r)=>{const[i,o]=n;qO(r,t.y+t.ySize);const a=(i===0?r.lExt:r.rExt).bottom;i!==0&&nZ(t,i,o);const c=uZ(a,i,o);return[i+1,c]},[0,null]),eZ(t),cZ(t),t),jO=(t,e,n)=>{typeof e>"u"&&(e=-t.relX-t.prelim,n=0);const r=e+t.relX;return t.relX=r+t.prelim-n,t.prelim=0,t.x=n+t.relX,(t.children||[]).forEach(i=>jO(i,r,t.x)),t},eZ=t=>{(t.children||[]).reduce((e,n)=>{const[r,i]=e,o=r+n.shift,a=i+o+n.change;return n.relX+=a,[o,a]},[0,0])},nZ=(t,e,n)=>{const r=t.children[e-1],i=t.children[e];let o=r,a=r.relX,c=i,u=i.relX,p=!0;for(;o&&c;){o.bottom>n.lowY&&(n=n.next);const d=a+o.prelim-(u+c.prelim)+o.xSize/2+c.xSize/2+o.spacing(c);(d>0||d<0&&p)&&(u+=d,rZ(i,d),iZ(t,e,n.index,d)),p=!1;const _=o.bottom,S=c.bottom;_<=S&&(o=oZ(o),o&&(a+=o.relX)),_>=S&&(c=sZ(c),c&&(u+=c.relX))}!o&&c?aZ(t,e,c,u):o&&!c&&lZ(t,e,o,a)},rZ=(t,e)=>{t.relX+=e,t.lExtRelX+=e,t.rExtRelX+=e},iZ=(t,e,n,r)=>{const i=t.children[e],o=e-n;if(o>1){const a=r/o;t.children[n+1].shift+=a,i.shift-=a,i.change-=r-a}},sZ=t=>t.hasChildren?t.firstChild:t.lThr,oZ=t=>t.hasChildren?t.lastChild:t.rThr,aZ=(t,e,n,r)=>{const i=t.firstChild,o=i.lExt,a=t.children[e];o.lThr=n;const c=r-n.relX-i.lExtRelX;o.relX+=c,o.prelim-=c,i.lExt=a.lExt,i.lExtRelX=a.lExtRelX},lZ=(t,e,n,r)=>{const i=t.children[e],o=i.rExt,a=t.children[e-1];o.rThr=n;const c=r-n.relX-i.rExtRelX;o.relX+=c,o.prelim-=c,i.rExt=a.rExt,i.rExtRelX=a.rExtRelX},cZ=t=>{if(t.hasChildren){const e=t.firstChild,n=t.lastChild,r=(e.prelim+e.relX-e.xSize/2+n.relX+n.prelim+n.xSize/2)/2;Object.assign(t,{prelim:r,lExt:e.lExt,lExtRelX:e.lExtRelX,rExt:n.rExt,rExtRelX:n.rExtRelX})}},uZ=(t,e,n)=>{for(;n!==null&&t>=n.lowY;)n=n.next;return{lowY:t,index:e,next:n}},dZ={key:0,class:"flex-grow-1 d-flex justify-content-center"},fZ={class:"card align-self-center border-danger w-50"},pZ={class:"card-body"},hZ={class:"overflow-hidden d-flex w-100 h-100 position-relative mb-3"},mZ={class:"overflow-auto flex-grow-1"},_Z={class:"small p-2 mb-0",style:{"max-height":"200px"}},EZ=["innerHTML"],gZ={class:"d-flex align-items-center"},TZ={class:"text-secondary"},vZ={class:"d-flex align-items-center"},SZ={class:"nav nav-pills"},AZ={class:"nav-item p-1"},RZ={class:"nav-item p-1"},bZ={key:0,class:"badge bg-info",style:{"font-size":"0.6em"}},yZ={class:"nav-item p-1"},OZ={class:"nav-item p-1"},LZ={class:"nav-item p-1"},CZ={class:"ms-auto me-2 small"},IZ={href:"https://github.com/dalibo/pev2",target:"_blank"},NZ={class:"tab-content flex-grow-1 d-flex overflow-hidden"},xZ={class:"d-flex flex-column flex-grow-1 overflow-hidden"},wZ={class:"flex-grow-1 d-flex overflow-hidden"},kZ={class:"flex-grow-1 overflow-hidden"},BZ={key:0,class:"position-absolute m-1 p-1 bottom-0 end-0 rounded bg-white d-flex"},DZ={class:"btn-group btn-group-xs"},PZ=["disabled"],MZ=["disabled"],HZ=["transform"],WZ=["x","y","width"],UZ=["x","y","width","height"],$Z=["x","y","width"],VZ={class:"overflow-hidden d-flex w-100 h-100 flex-column"},FZ={class:"overflow-hidden d-flex w-100 h-100"},GZ={class:"overflow-auto flex-grow-1"},zZ={class:"small p-2 mb-0"},KZ=["innerHTML"],XZ={class:"overflow-hidden d-flex w-100 h-100"},YZ={class:"overflow-auto flex-grow-1"},qZ={class:"small p-2 mb-0"},jZ=["innerHTML"],Ei=40,HS=.2,JZ=Pe({__name:"Plan",props:{planSource:{},planQuery:{}},setup(t){Jb({theme:"light"});const e=t,n="1.19.0",r=Yt(null),i=Yt(""),o=Yt(""),a=Yt(),c=Yt(),u=Pn({}),p=kt(()=>a.value&&a.value.content.Plan),d=Yt(NaN),_=Yt(void 0),S=Yt(NaN),R=localStorage.getItem("gridIsNotNew"),T=Yt(!1),b=Pn({showHighlightBar:!1,showPlanStats:!0,highlightType:Rr.NONE,diagramWidth:20}),N=new bX,C=Yt(""),D=Yt(1),W=kt(()=>KO().domain([0,u.maxRows]).range([1,Ei/1.5])),O=kJ().scaleExtent([HS,3]).on("zoom",function(et){C.value=et.transform,D.value=et.transform.k}),G=Yt(null),M=Yt([]),z=Yt([]),tt=YO({nodeSize:et=>et.data.size?[et.data.size[0],et.data.size[1]+Ei]:[0,0],spacing:(et,A)=>Math.pow(et.path(A).length,1.5)}),Et=Yt(tt.hierarchy({}));Di(()=>{Ze(()=>[e.planSource,e.planQuery],Ct,{immediate:!0})});function Ct(){T.value=!1;const et=localStorage.getItem("viewOptions");et&&X.assignIn(b,JSON.parse(et));let A;try{A=N.fromSource(e.planSource),Dt("plan")}catch{a.value=void 0;return}o.value=A["Query Text"]||e.planQuery,a.value=N.createPlan("",A,o.value);const I=a.value.content;u.executionTime=I["Execution Time"]||I["Total Runtime"]||NaN,u.planningTime=I["Planning Time"]||NaN,u.maxRows=I.maxRows||NaN,u.maxCost=I.maxCost||NaN,u.maxDuration=I.maxDuration||NaN,u.maxBlocks=I.maxBlocks||{},u.maxIo=I.maxIo||NaN,u.maxEstimateFactor=I.maxEstimateFactor||NaN,u.triggers=I.Triggers||[],u.jitTime=I.JIT&&I.JIT.Timing&&I.JIT.Timing.Total||NaN,u.settings=I.Settings,a.value.planStats=u,es(()=>{B()}),window.addEventListener("hashchange",B),p.value&&(Et.value=tt.hierarchy(p.value,L=>L.Plans)),M.value=[],X.each(a.value?.ctes,L=>{const V=tt.hierarchy(L,st=>st.Plans);M.value.push(V)}),es(()=>{it(),T.value=!0})}function Tt(){G.value=tt(Et.value);const et=dt(G.value),A=[et[0],et[3]+Ei];X.each(M.value,I=>{const L=tt(I),V=dt(L),st=V[1]-V[0];L.each(Ot=>{Ot.x+=A[0]-V[0],Ot.y+=A[1]}),A[0]+=st+Ei*2}),z.value=[],X.each(G.value.descendants(),I=>{if(X.has(I.data,m.CTE_NAME)){const L=X.find(M.value,V=>V.data[m.SUBPLAN_NAME]=="CTE "+I.data[m.CTE_NAME]);L&&z.value.push({source:I,target:L})}}),X.each(M.value,I=>{X.each(I.descendants(),L=>{if(X.has(L.data,m.CTE_NAME)){const V=X.find(M.value,st=>st.data[m.SUBPLAN_NAME]=="CTE "+L.data[m.CTE_NAME]);V&&z.value.push({source:L,target:V})}})})}function it(){c.value&&(Si(c.value.$el).call(O),es(()=>{if(G.value){const et=dt(G.value),A=et[0],I=et[2],L=et[1],V=et[3],st=c.value.$el.getBoundingClientRect();Si(c.value.$el).call(O.transform,pf.translate(st.width/2,10).scale(Math.min(1,Math.max(HS,.8/Math.max((L-A)/st.width,(V-I)/st.height)))).translate(-(A+L)/2,10))}}))}bf(()=>{window.removeEventListener("hashchange",B)}),Ze(b,U);function U(){localStorage.setItem("viewOptions",JSON.stringify(b))}Ze(d,q);function q(et){window.location.hash=et?"plan/node/"+et:"",a.value&&et&&(_.value=FW(a.value,et))}function Z(et){const A=et.source,I=et.target,L=Math.abs(I.y-(A.y+A.ySize)-Ei),V=VO();return V.moveTo(A.x,A.y),V.lineTo(A.x,A.y+A.ySize-Ei),V.bezierCurveTo(A.x,A.y+A.ySize-Ei+L/2,I.x,I.y-L/2,I.x,I.y),V.toString()}function B(){const A=/#([a-zA-Z]*)(\/node\/([0-9]*))*/.exec(window.location.hash);if(A){const I=A[1]||"plan";Dt(I);const L=parseInt(A[3],0);I=="plan"&&L!==void 0&&L!=d.value&&setTimeout(()=>{j(L,!0)},1)}}mn(Qd,d),mn(Ff,S),mn("updateNodeSize",ht);function j(et,A){A=!!A,d.value=et,A&&ct(et)}mn(Ho,j),mn(Ys,b),mn(qs,a);function ct(et){const A=c.value.$el.getBoundingClientRect(),I=St(et);if(!I)return;let L=-I.x,V=-I.y;const st=D.value;L=L*st+A.width/2,V=V*st+A.height/2,Si(c.value.$el).transition().duration(500).call(O.transform,pf.translate(L,V).scale(st))}function St(et){const A=[G.value].concat(M.value);let I;return X.each(A,L=>(I=X.find(L?.descendants(),V=>V.data.nodeId==et),!I)),I}const Dt=et=>{i.value=et};function dt(et){const A=X.min(X.map(et.descendants(),st=>st.x-st.xSize/2))||0,I=X.max(X.map(et.descendants(),st=>st.x+st.xSize/2))||0,L=X.min(X.map(et.descendants(),st=>st.y))||0,V=X.max(X.map(et.descendants(),st=>st.y+st.ySize))||0;return[A,I,L,V]}function vt(et){return!!u.executionTime&&!et[m.ACTUAL_LOOPS]}Ze(()=>{const et=[];return et.concat(Et.value.descendants().map(A=>A.data.size)),X.each(M.value,A=>{et.concat(A.descendants().map(I=>I.data.size))}),et},()=>{Tt()});function ht(et,A){et.size=[A[0]/D.value,A[1]/D.value]}return(et,A)=>a.value?(w(),P("div",{key:1,class:"plan-container d-flex flex-column overflow-hidden flex-grow-1 bg-light",ref_key:"rootEl",ref:r},[v("div",vZ,[v("ul",SZ,[v("li",AZ,[v("a",{class:wt(["nav-link px-2 py-0",{active:i.value==="plan"}]),href:"#plan"},"Plan",2)]),A[17]||(A[17]=g()),v("li",RZ,[v("a",{class:wt(["nav-link px-2 py-0 position-relative",{active:i.value==="grid"}]),href:"#grid"},[A[16]||(A[16]=g(`Grid
            `,-1)),h(R)?Q("",!0):(w(),P("span",bZ,`
              new
            `))],2)]),A[18]||(A[18]=g()),v("li",yZ,[v("a",{class:wt(["nav-link px-2 py-0",{active:i.value==="raw"}]),href:"#raw"},"Raw",2)]),A[19]||(A[19]=g()),v("li",OZ,[v("a",{class:wt(["nav-link px-2 py-0",{active:i.value==="query",disabled:!o.value}]),href:"#query"},"Query",2)]),A[20]||(A[20]=g()),v("li",LZ,[v("a",{class:wt(["nav-link px-2 py-0",{active:i.value==="stats"}]),href:"#stats"},"Stats",2)])]),A[21]||(A[21]=g()),v("div",CZ,[v("a",IZ,[Rt(Vv),g(" "+ft(h(n)),1)])])]),A[40]||(A[40]=g()),v("div",NZ,[v("div",{class:wt(["tab-pane flex-grow-1 overflow-hidden",{"show active d-flex":i.value==="plan"}])},[v("div",xZ,[Rt(Gv,{planStats:u,rootNode:p.value,jitDetails:a.value.content.JIT},null,8,["planStats","rootNode","jitDetails"]),A[32]||(A[32]=g()),v("div",wZ,[v("div",kZ,[Rt(h(mW),{class:"default-theme",onResize:A[4]||(A[4]=I=>b.diagramWidth=I[0].size)},{default:Ae(()=>[a.value?(w(),pe(h(wv),{key:0,size:b.diagramWidth,class:"d-flex flex-column"},{default:Ae(()=>[Rt(c9,{ref:"diagram",class:"d-flex flex-column flex-grow-1 overflow-hidden plan-diagram",ctes:a.value.ctes,planStats:u,rootNode:p.value},null,8,["ctes","planStats","rootNode"])]),_:1},8,["size"])):Q("",!0),A[31]||(A[31]=g()),Rt(h(wv),{ref_key:"planEl",ref:c,class:"plan grab-bing position-relative"},{default:Ae(()=>[a.value?(w(),P("div",BZ,[v("div",DZ,[v("button",{class:wt(["btn btn-outline-secondary",{active:b.highlightType===h(Rr).NONE}]),onClick:A[0]||(A[0]=I=>b.highlightType=h(Rr).NONE)},`
                        none
                      `,2),A[22]||(A[22]=g()),v("button",{class:wt(["btn btn-outline-secondary",{active:b.highlightType===h(Rr).DURATION}]),onClick:A[1]||(A[1]=I=>b.highlightType=h(Rr).DURATION),disabled:!a.value.isAnalyze},`
                        duration
                      `,10,PZ),A[23]||(A[23]=g()),v("button",{class:wt(["btn btn-outline-secondary",{active:b.highlightType===h(Rr).ROWS}]),onClick:A[2]||(A[2]=I=>b.highlightType=h(Rr).ROWS),disabled:!p.value||p.value[h(m).ACTUAL_ROWS]===void 0},`
                        rows
                      `,10,MZ),A[24]||(A[24]=g()),v("button",{class:wt(["btn btn-outline-secondary",{active:b.highlightType===h(Rr).COST}]),onClick:A[3]||(A[3]=I=>b.highlightType=h(Rr).COST)},`
                        cost
                      `,2)])])):Q("",!0),A[30]||(A[30]=g()),(w(),P("svg",{width:"100%",height:"100%",class:wt({ready:T.value})},[v("g",{transform:C.value},[(w(!0),P(Kt,null,qe(z.value,(I,L)=>(w(),pe(o0,{key:`${a.value.id}_linkcte${L}`,d:Z(I),"stroke-color":"#B3D7D7","stroke-width":W.value(I.target.data[h(m).ACTUAL_ROWS_REVISED])},null,8,["d","stroke-width"]))),128)),A[27]||(A[27]=g()),(w(!0),P(Kt,null,qe(G.value?.links(),(I,L)=>(w(),pe(o0,{key:`${a.value.id}_link${L}`,d:Z(I),class:wt({"never-executed":vt(I.target.data)}),"stroke-color":"grey","stroke-width":W.value(I.target.data[h(m).ACTUAL_ROWS_REVISED])},null,8,["d","class","stroke-width"]))),128)),A[28]||(A[28]=g()),(w(!0),P(Kt,null,qe(G.value?.descendants(),(I,L)=>(w(),P("foreignObject",{key:`${a.value.id}_${L}`,x:I.x-I.xSize/2,y:I.y,width:I.xSize,height:"1",ref_for:!0,ref:"root"},[Rt(Fv,{node:I.data,class:"d-flex justify-content-center position-fixed"},null,8,["node"])],8,WZ))),128)),A[29]||(A[29]=g()),(w(!0),P(Kt,null,qe(M.value,I=>(w(),P("g",{key:I.data.nodeId},[v("rect",{x:dt(I)[0]-Ei/4,y:dt(I)[2]-Ei/2,width:dt(I)[1]-dt(I)[0]+Ei/2,height:dt(I)[3]-dt(I)[2],stroke:"#cfcfcf","stroke-width":"2",fill:"#cfcfcf","fill-opacity":"10%",rx:"5",ry:"5"},null,8,UZ),A[25]||(A[25]=g()),(w(!0),P(Kt,null,qe(I.links(),(L,V)=>(w(),pe(o0,{key:`${a.value.id}_link${V}`,d:Z(L),"stroke-color":"grey","stroke-width":W.value(L.target.data[h(m).ACTUAL_ROWS_REVISED])},null,8,["d","stroke-width"]))),128)),A[26]||(A[26]=g()),(w(!0),P(Kt,null,qe(I.descendants(),(L,V)=>(w(),P("foreignObject",{key:`${a.value.id}_${V}`,x:L.x-L.xSize/2,y:L.y,width:L.xSize,height:"1",ref_for:!0,ref:"root"},[Rt(Fv,{node:L.data,class:"d-flex justify-content-center position-fixed"},null,8,["node"])],8,$Z))),128))]))),128))],8,HZ)],2))]),_:1},512)]),_:1})])])])],2),A[36]||(A[36]=g()),i.value==="grid"?(w(),P("div",{key:0,class:wt(["tab-pane flex-grow-1 overflow-hidden position-relative",{"show active":i.value==="grid"}])},[v("div",VZ,[Rt(Gv,{planStats:u,rootNode:p.value,jitDetails:a.value.content.JIT},null,8,["planStats","rootNode","jitDetails"]),A[33]||(A[33]=g()),Rt(N$,{class:"flex-grow-1 overflow-auto plan-grid",ctes:a.value.ctes,rootNode:p.value},null,8,["ctes","rootNode"])])],2)):Q("",!0),A[37]||(A[37]=g()),v("div",{class:wt(["tab-pane flex-grow-1 overflow-hidden position-relative",{"show active":i.value==="raw"}])},[v("div",FZ,[v("div",GZ,[v("pre",zZ,[v("code",{innerHTML:h(h7)(t.planSource)},null,8,KZ)])]),A[34]||(A[34]=g()),Rt(t0,{content:t.planSource},null,8,["content"])])],2),A[38]||(A[38]=g()),o.value?(w(),P("div",{key:1,class:wt(["tab-pane flex-grow-1 overflow-hidden position-relative",{"show active":i.value==="query"}])},[v("div",XZ,[v("div",YZ,[v("pre",qZ,[v("code",{innerHTML:h(p7)(o.value)},null,8,jZ)])])]),A[35]||(A[35]=g()),Rt(t0,{content:o.value},null,8,["content"])],2)):Q("",!0),A[39]||(A[39]=g()),v("div",{class:wt(["tab-pane flex-grow-1 overflow-auto",{"show active":i.value==="stats"}])},[a.value?(w(),pe(pG,{key:0,ctes:a.value.ctes,planStats:u,rootNode:p.value},null,8,["ctes","planStats","rootNode"])):Q("",!0)],2)])],512)):(w(),P("div",dZ,[v("div",fZ,[v("div",pZ,[A[9]||(A[9]=v("h5",{class:"card-title text-danger"},"Couldn't parse plan",-1)),A[10]||(A[10]=g()),A[11]||(A[11]=v("h6",{class:"card-subtitle mb-2 text-body-secondary"},`
          An error occured while parsing the plan
        `,-1)),A[12]||(A[12]=g()),v("div",hZ,[v("div",mZ,[v("pre",_Z,[v("code",{innerHTML:t.planSource},null,8,EZ)])]),A[5]||(A[5]=g()),Rt(t0,{content:t.planSource},null,8,["content"])]),A[13]||(A[13]=g()),A[14]||(A[14]=v("p",{class:"card-text text-body-dark"},`
          The plan you submited couldn't be parsed. This may be a bug. You can
          help us fix it by opening a new issue.
        `,-1)),A[15]||(A[15]=g()),v("div",gZ,[v("span",TZ,[Rt(Vv),A[6]||(A[6]=g(`
            PEV2 `,-1)),v("i",null,"version "+ft(h(n)),1)]),A[7]||(A[7]=g()),A[8]||(A[8]=v("a",{href:"https://github.com/dalibo/pev2/issues/new?template=parsing_error.md&labels=parsing&title=Failed+to+parse+plan",target:"_blank",class:"btn btn-primary ms-auto"},"Open an issue on Github",-1))])])])]))}}),ZZ={key:0,class:"alert alert-danger d-inline-block"},QZ=Pe({__name:"VersionCheck",setup(t){const e=Yt("1.19.0"),n=Yt(),r=Yt(!1);async function i(){function o(a,c){const u=a.split(".").map(Number),p=c.split(".").map(Number),d=Math.max(u.length,p.length);for(let _=0;_<d;_++){const S=u[_]??0,R=p[_]??0;if(S>R)return 1;if(S<R)return-1}return 0}try{const a=await fetch("https://api.github.com/repos/dalibo/pev2/releases/latest");if(!a.ok){console.warn("Could not check for updates:",a.status);return}const c=await a.json();n.value=c.tag_name.replace(/^v/i,""),o(e.value,n.value)<0?r.value=!0:console.log("pev2 is up to date.")}catch(a){console.error("Update check failed:",a)}}return Di(()=>{i()}),(o,a)=>r.value?(w(),P("div",ZZ,[a[4]||(a[4]=v("p",{class:"fw-bold"},"A new version of pev2 is available!",-1)),a[5]||(a[5]=g()),v("p",null,[a[0]||(a[0]=g(`
      Local version: `,-1)),v("b",null,ft(e.value),1),a[1]||(a[1]=g()),a[2]||(a[2]=v("br",null,null,-1)),a[3]||(a[3]=g(`
      Latest version: `,-1)),v("b",null,ft(n.value),1)]),a[6]||(a[6]=g()),a[7]||(a[7]=v("p",{class:"mb-0"},[g(`
      You can download
      `),v("a",{href:"https://www.github.com/dalibo/pev2/releases/latest/download/pev2.html"},"the latest version"),g(`.
    `)],-1))])):Q("",!0)}}),tQ=`Nested Loop Left Join  (cost=11.95..28.52 rows=5 width=157) (actual time=0.010..0.010 rows=0 loops=1)
  Output: rel_users_exams.user_username, rel_users_exams.exam_id, rel_users_exams.started_at, rel_users_exams.finished_at, exam_1.id, exam_1.title, exam_1.date_from, exam_1.date_to, exam_1.created, exam_1.created_by_, exam_1.duration, exam_1.success_threshold, exam_1.published
  Inner Unique: true
  Join Filter: (exam_1.id = rel_users_exams.exam_id)
  Buffers: shared hit=1
  ->  Bitmap Heap Scan on public.rel_users_exams  (cost=11.80..20.27 rows=5 width=52) (actual time=0.009..0.009 rows=0 loops=1)
        Output: rel_users_exams.user_username, rel_users_exams.exam_id, rel_users_exams.started_at, rel_users_exams.finished_at
        Recheck Cond: (1 = rel_users_exams.exam_id)
        Buffers: shared hit=1
        ->  Bitmap Index Scan on rel_users_exams_pkey  (cost=0.00..11.80 rows=5 width=0) (actual time=0.005..0.005 rows=0 loops=1)
              Index Cond: (1 = rel_users_exams.exam_id)
              Buffers: shared hit=1
  ->  Materialize  (cost=0.15..8.17 rows=1 width=105) (never executed)
        Output: exam_1.id, exam_1.title, exam_1.date_from, exam_1.date_to, exam_1.created, exam_1.created_by_, exam_1.duration, exam_1.success_threshold, exam_1.published
        ->  Index Scan using exam_pkey on public.exam exam_1  (cost=0.15..8.17 rows=1 width=105) (never executed)
              Output: exam_1.id, exam_1.title, exam_1.date_from, exam_1.date_to, exam_1.created, exam_1.created_by_, exam_1.duration, exam_1.success_threshold, exam_1.published
              Index Cond: (exam_1.id = 1)
Planning Time: 1.110 ms
Execution Time: 0.170 ms
`,WS=`/* A join between two tables */
SELECT rel_users_exams.user_username AS rel_users_exams_user_username,
         rel_users_exams.exam_id AS rel_users_exams_exam_id,
         rel_users_exams.started_at AS rel_users_exams_started_at,
         rel_users_exams.finished_at AS rel_users_exams_finished_at,
         exam_1.id AS exam_1_id,
         exam_1.title AS exam_1_title,
         exam_1.date_from AS exam_1_date_from,
         exam_1.date_to AS exam_1_date_to,
         exam_1.created AS exam_1_created,
         exam_1.created_by_ AS exam_1_created_by_,
         exam_1.duration AS exam_1_duration,
         exam_1.success_threshold AS exam_1_success_threshold,
         exam_1.published AS exam_1_published
FROM rel_users_exams LEFT OUTER
JOIN exam AS exam_1
    ON exam_1.id = rel_users_exams.exam_id
WHERE 1 = rel_users_exams.exam_id;
`,eQ=`[
  {
    "Plan": {
      "Node Type": "Nested Loop",
      "Parallel Aware": false,
      "Join Type": "Left",
      "Startup Cost": 11.95,
      "Total Cost": 28.52,
      "Plan Rows": 5,
      "Plan Width": 157,
      "Actual Startup Time": 0.007,
      "Actual Total Time": 0.007,
      "Actual Rows": 0,
      "Actual Loops": 1,
      "Output": ["rel_users_exams.user_username", "rel_users_exams.exam_id", "rel_users_exams.started_at", "rel_users_exams.finished_at", "exam_1.id", "exam_1.title", "exam_1.date_from", "exam_1.date_to", "exam_1.created", "exam_1.created_by_", "exam_1.duration", "exam_1.success_threshold", "exam_1.published"],
      "Inner Unique": true,
      "Join Filter": "(exam_1.id = rel_users_exams.exam_id)",
      "Rows Removed by Join Filter": 0,
      "Shared Hit Blocks": 1,
      "Shared Read Blocks": 0,
      "Shared Dirtied Blocks": 0,
      "Shared Written Blocks": 0,
      "Local Hit Blocks": 0,
      "Local Read Blocks": 0,
      "Local Dirtied Blocks": 0,
      "Local Written Blocks": 0,
      "Temp Read Blocks": 0,
      "Temp Written Blocks": 0,
      "Plans": [
        {
          "Node Type": "Bitmap Heap Scan",
          "Parent Relationship": "Outer",
          "Parallel Aware": false,
          "Relation Name": "rel_users_exams",
          "Schema": "public",
          "Alias": "rel_users_exams",
          "Startup Cost": 11.80,
          "Total Cost": 20.27,
          "Plan Rows": 5,
          "Plan Width": 52,
          "Actual Startup Time": 0.006,
          "Actual Total Time": 0.006,
          "Actual Rows": 0,
          "Actual Loops": 1,
          "Output": ["rel_users_exams.user_username", "rel_users_exams.exam_id", "rel_users_exams.started_at", "rel_users_exams.finished_at"],
          "Recheck Cond": "(1 = rel_users_exams.exam_id)",
          "Rows Removed by Index Recheck": 0,
          "Exact Heap Blocks": 0,
          "Lossy Heap Blocks": 0,
          "Shared Hit Blocks": 1,
          "Shared Read Blocks": 0,
          "Shared Dirtied Blocks": 0,
          "Shared Written Blocks": 0,
          "Local Hit Blocks": 0,
          "Local Read Blocks": 0,
          "Local Dirtied Blocks": 0,
          "Local Written Blocks": 0,
          "Temp Read Blocks": 0,
          "Temp Written Blocks": 0,
          "Plans": [
            {
              "Node Type": "Bitmap Index Scan",
              "Parent Relationship": "Outer",
              "Parallel Aware": false,
              "Index Name": "rel_users_exams_pkey",
              "Startup Cost": 0.00,
              "Total Cost": 11.80,
              "Plan Rows": 5,
              "Plan Width": 0,
              "Actual Startup Time": 0.003,
              "Actual Total Time": 0.004,
              "Actual Rows": 0,
              "Actual Loops": 1,
              "Index Cond": "(1 = rel_users_exams.exam_id)",
              "Shared Hit Blocks": 1,
              "Shared Read Blocks": 0,
              "Shared Dirtied Blocks": 0,
              "Shared Written Blocks": 0,
              "Local Hit Blocks": 0,
              "Local Read Blocks": 0,
              "Local Dirtied Blocks": 0,
              "Local Written Blocks": 0,
              "Temp Read Blocks": 0,
              "Temp Written Blocks": 0
            }
          ]
        },
        {
          "Node Type": "Materialize",
          "Parent Relationship": "Inner",
          "Parallel Aware": false,
          "Startup Cost": 0.15,
          "Total Cost": 8.17,
          "Plan Rows": 1,
          "Plan Width": 105,
          "Actual Startup Time": 0.000,
          "Actual Total Time": 0.000,
          "Actual Rows": 0,
          "Actual Loops": 0,
          "Output": ["exam_1.id", "exam_1.title", "exam_1.date_from", "exam_1.date_to", "exam_1.created", "exam_1.created_by_", "exam_1.duration", "exam_1.success_threshold", "exam_1.published"],
          "Shared Hit Blocks": 0,
          "Shared Read Blocks": 0,
          "Shared Dirtied Blocks": 0,
          "Shared Written Blocks": 0,
          "Local Hit Blocks": 0,
          "Local Read Blocks": 0,
          "Local Dirtied Blocks": 0,
          "Local Written Blocks": 0,
          "Temp Read Blocks": 0,
          "Temp Written Blocks": 0,
          "Plans": [
            {
              "Node Type": "Index Scan",
              "Parent Relationship": "Outer",
              "Parallel Aware": false,
              "Scan Direction": "Forward",
              "Index Name": "exam_pkey",
              "Relation Name": "exam",
              "Schema": "public",
              "Alias": "exam_1",
              "Startup Cost": 0.15,
              "Total Cost": 8.17,
              "Plan Rows": 1,
              "Plan Width": 105,
              "Actual Startup Time": 0.000,
              "Actual Total Time": 0.000,
              "Actual Rows": 0,
              "Actual Loops": 0,
              "Output": ["exam_1.id", "exam_1.title", "exam_1.date_from", "exam_1.date_to", "exam_1.created", "exam_1.created_by_", "exam_1.duration", "exam_1.success_threshold", "exam_1.published"],
              "Index Cond": "(exam_1.id = 1)",
              "Rows Removed by Index Recheck": 0,
              "Shared Hit Blocks": 0,
              "Shared Read Blocks": 0,
              "Shared Dirtied Blocks": 0,
              "Shared Written Blocks": 0,
              "Local Hit Blocks": 0,
              "Local Read Blocks": 0,
              "Local Dirtied Blocks": 0,
              "Local Written Blocks": 0,
              "Temp Read Blocks": 0,
              "Temp Written Blocks": 0
            }
          ]
        }
      ]
    },
    "Planning Time": 0.905,
    "Triggers": [
    ],
    "Execution Time": 0.134
  }
]`,nQ=`[
  {
    "Plan": {
      "Node Type": "Sort",
      "Parallel Aware": false,
      "Startup Cost": 624.86,
      "Total Cost": 625.88,
      "Plan Rows": 410,
      "Plan Width": 726,
      "Actual Startup Time": 6.039,
      "Actual Total Time": 6.088,
      "Actual Rows": 339,
      "Actual Loops": 1,
      "Output": ["rel_users_exams.user_username", "rel_users_exams.exam_id", "rel_users_exams.started_at", "rel_users_exams.finished_at", "answer_1.id", "answer_1.text", "answer_1.correct", "answer_1.fraction", "answer_1.question_id", "question_1.id", "question_1.title", "question_1.text", "question_1.file", "question_1.type", "question_1.source", "question_1.exam_id", "exam_1.id", "exam_1.title", "exam_1.date_from", "exam_1.date_to", "exam_1.created", "exam_1.created_by_", "exam_1.duration", "exam_1.success_threshold", "exam_1.published"],
      "Sort Key": ["question_1.id"],
      "Sort Method": "quicksort",
      "Sort Space Used": 409,
      "Sort Space Type": "Memory",
      "Shared Hit Blocks": 363,
      "Shared Read Blocks": 0,
      "Shared Dirtied Blocks": 0,
      "Shared Written Blocks": 0,
      "Local Hit Blocks": 0,
      "Local Read Blocks": 0,
      "Local Dirtied Blocks": 0,
      "Local Written Blocks": 0,
      "Temp Read Blocks": 0,
      "Temp Written Blocks": 0,
      "Plans": [
        {
          "Node Type": "Nested Loop",
          "Parent Relationship": "Outer",
          "Parallel Aware": false,
          "Join Type": "Left",
          "Startup Cost": 228.60,
          "Total Cost": 607.06,
          "Plan Rows": 410,
          "Plan Width": 726,
          "Actual Startup Time": 1.074,
          "Actual Total Time": 5.576,
          "Actual Rows": 339,
          "Actual Loops": 1,
          "Output": ["rel_users_exams.user_username", "rel_users_exams.exam_id", "rel_users_exams.started_at", "rel_users_exams.finished_at", "answer_1.id", "answer_1.text", "answer_1.correct", "answer_1.fraction", "answer_1.question_id", "question_1.id", "question_1.title", "question_1.text", "question_1.file", "question_1.type", "question_1.source", "question_1.exam_id", "exam_1.id", "exam_1.title", "exam_1.date_from", "exam_1.date_to", "exam_1.created", "exam_1.created_by_", "exam_1.duration", "exam_1.success_threshold", "exam_1.published"],
          "Join Filter": "(exam_1.id = question_1.exam_id)",
          "Rows Removed by Join Filter": 0,
          "Shared Hit Blocks": 360,
          "Shared Read Blocks": 0,
          "Shared Dirtied Blocks": 0,
          "Shared Written Blocks": 0,
          "Local Hit Blocks": 0,
          "Local Read Blocks": 0,
          "Local Dirtied Blocks": 0,
          "Local Written Blocks": 0,
          "Temp Read Blocks": 0,
          "Temp Written Blocks": 0,
          "Plans": [
            {
              "Node Type": "Nested Loop",
              "Parent Relationship": "Outer",
              "Parallel Aware": false,
              "Join Type": "Left",
              "Startup Cost": 0.00,
              "Total Cost": 2.94,
              "Plan Rows": 1,
              "Plan Width": 99,
              "Actual Startup Time": 0.025,
              "Actual Total Time": 0.033,
              "Actual Rows": 1,
              "Actual Loops": 1,
              "Output": ["rel_users_exams.user_username", "rel_users_exams.exam_id", "rel_users_exams.started_at", "rel_users_exams.finished_at", "exam_1.id", "exam_1.title", "exam_1.date_from", "exam_1.date_to", "exam_1.created", "exam_1.created_by_", "exam_1.duration", "exam_1.success_threshold", "exam_1.published"],
              "Join Filter": "(exam_1.id = rel_users_exams.exam_id)",
              "Rows Removed by Join Filter": 0,
              "Shared Hit Blocks": 2,
              "Shared Read Blocks": 0,
              "Shared Dirtied Blocks": 0,
              "Shared Written Blocks": 0,
              "Local Hit Blocks": 0,
              "Local Read Blocks": 0,
              "Local Dirtied Blocks": 0,
              "Local Written Blocks": 0,
              "Temp Read Blocks": 0,
              "Temp Written Blocks": 0,
              "Plans": [
                {
                  "Node Type": "Seq Scan",
                  "Parent Relationship": "Outer",
                  "Parallel Aware": false,
                  "Relation Name": "rel_users_exams",
                  "Schema": "public",
                  "Alias": "rel_users_exams",
                  "Startup Cost": 0.00,
                  "Total Cost": 1.73,
                  "Plan Rows": 1,
                  "Plan Width": 27,
                  "Actual Startup Time": 0.016,
                  "Actual Total Time": 0.021,
                  "Actual Rows": 1,
                  "Actual Loops": 1,
                  "Output": ["rel_users_exams.user_username", "rel_users_exams.exam_id", "rel_users_exams.started_at", "rel_users_exams.finished_at"],
                  "Filter": "((rel_users_exams.exam_id = 1) AND ((rel_users_exams.user_username)::text = 'nicolas1'::text))",
                  "Rows Removed by Filter": 56,
                  "Shared Hit Blocks": 1,
                  "Shared Read Blocks": 0,
                  "Shared Dirtied Blocks": 0,
                  "Shared Written Blocks": 0,
                  "Local Hit Blocks": 0,
                  "Local Read Blocks": 0,
                  "Local Dirtied Blocks": 0,
                  "Local Written Blocks": 0,
                  "Temp Read Blocks": 0,
                  "Temp Written Blocks": 0
                },
                {
                  "Node Type": "Seq Scan",
                  "Parent Relationship": "Inner",
                  "Parallel Aware": false,
                  "Relation Name": "exam",
                  "Schema": "public",
                  "Alias": "exam_1",
                  "Startup Cost": 0.00,
                  "Total Cost": 1.19,
                  "Plan Rows": 1,
                  "Plan Width": 72,
                  "Actual Startup Time": 0.006,
                  "Actual Total Time": 0.009,
                  "Actual Rows": 1,
                  "Actual Loops": 1,
                  "Output": ["exam_1.id", "exam_1.title", "exam_1.date_from", "exam_1.date_to", "exam_1.created", "exam_1.created_by_", "exam_1.duration", "exam_1.success_threshold", "exam_1.published"],
                  "Filter": "(exam_1.id = 1)",
                  "Rows Removed by Filter": 35,
                  "Shared Hit Blocks": 1,
                  "Shared Read Blocks": 0,
                  "Shared Dirtied Blocks": 0,
                  "Shared Written Blocks": 0,
                  "Local Hit Blocks": 0,
                  "Local Read Blocks": 0,
                  "Local Dirtied Blocks": 0,
                  "Local Written Blocks": 0,
                  "Temp Read Blocks": 0,
                  "Temp Written Blocks": 0
                }
              ]
            },
            {
              "Node Type": "Hash Join",
              "Parent Relationship": "Inner",
              "Parallel Aware": false,
              "Join Type": "Right",
              "Startup Cost": 228.60,
              "Total Cost": 599.00,
              "Plan Rows": 410,
              "Plan Width": 627,
              "Actual Startup Time": 1.047,
              "Actual Total Time": 5.420,
              "Actual Rows": 339,
              "Actual Loops": 1,
              "Output": ["question_1.id", "question_1.title", "question_1.text", "question_1.file", "question_1.type", "question_1.source", "question_1.exam_id", "answer_1.id", "answer_1.text", "answer_1.correct", "answer_1.fraction", "answer_1.question_id"],
              "Hash Cond": "(answer_1.question_id = question_1.id)",
              "Shared Hit Blocks": 358,
              "Shared Read Blocks": 0,
              "Shared Dirtied Blocks": 0,
              "Shared Written Blocks": 0,
              "Local Hit Blocks": 0,
              "Local Read Blocks": 0,
              "Local Dirtied Blocks": 0,
              "Local Written Blocks": 0,
              "Temp Read Blocks": 0,
              "Temp Written Blocks": 0,
              "Plans": [
                {
                  "Node Type": "Seq Scan",
                  "Parent Relationship": "Outer",
                  "Parallel Aware": false,
                  "Relation Name": "answer",
                  "Schema": "public",
                  "Alias": "answer_1",
                  "Startup Cost": 0.00,
                  "Total Cost": 311.13,
                  "Plan Rows": 14713,
                  "Plan Width": 55,
                  "Actual Startup Time": 0.007,
                  "Actual Total Time": 1.962,
                  "Actual Rows": 14726,
                  "Actual Loops": 1,
                  "Output": ["answer_1.id", "answer_1.text", "answer_1.correct", "answer_1.fraction", "answer_1.question_id"],
                  "Shared Hit Blocks": 164,
                  "Shared Read Blocks": 0,
                  "Shared Dirtied Blocks": 0,
                  "Shared Written Blocks": 0,
                  "Local Hit Blocks": 0,
                  "Local Read Blocks": 0,
                  "Local Dirtied Blocks": 0,
                  "Local Written Blocks": 0,
                  "Temp Read Blocks": 0,
                  "Temp Written Blocks": 0
                },
                {
                  "Node Type": "Hash",
                  "Parent Relationship": "Inner",
                  "Parallel Aware": false,
                  "Startup Cost": 227.66,
                  "Total Cost": 227.66,
                  "Plan Rows": 75,
                  "Plan Width": 572,
                  "Actual Startup Time": 1.025,
                  "Actual Total Time": 1.025,
                  "Actual Rows": 63,
                  "Actual Loops": 1,
                  "Output": ["question_1.id", "question_1.title", "question_1.text", "question_1.file", "question_1.type", "question_1.source", "question_1.exam_id"],
                  "Hash Buckets": 1024,
                  "Original Hash Buckets": 1024,
                  "Hash Batches": 1,
                  "Original Hash Batches": 1,
                  "Peak Memory Usage": 46,
                  "Shared Hit Blocks": 194,
                  "Shared Read Blocks": 0,
                  "Shared Dirtied Blocks": 0,
                  "Shared Written Blocks": 0,
                  "Local Hit Blocks": 0,
                  "Local Read Blocks": 0,
                  "Local Dirtied Blocks": 0,
                  "Local Written Blocks": 0,
                  "Temp Read Blocks": 0,
                  "Temp Written Blocks": 0,
                  "Plans": [
                    {
                      "Node Type": "Seq Scan",
                      "Parent Relationship": "Outer",
                      "Parallel Aware": false,
                      "Relation Name": "question",
                      "Schema": "public",
                      "Alias": "question_1",
                      "Startup Cost": 0.00,
                      "Total Cost": 227.66,
                      "Plan Rows": 75,
                      "Plan Width": 572,
                      "Actual Startup Time": 0.004,
                      "Actual Total Time": 0.984,
                      "Actual Rows": 63,
                      "Actual Loops": 1,
                      "Output": ["question_1.id", "question_1.title", "question_1.text", "question_1.file", "question_1.type", "question_1.source", "question_1.exam_id"],
                      "Filter": "(question_1.exam_id = 1)",
                      "Rows Removed by Filter": 2637,
                      "Shared Hit Blocks": 194,
                      "Shared Read Blocks": 0,
                      "Shared Dirtied Blocks": 0,
                      "Shared Written Blocks": 0,
                      "Local Hit Blocks": 0,
                      "Local Read Blocks": 0,
                      "Local Dirtied Blocks": 0,
                      "Local Written Blocks": 0,
                      "Temp Read Blocks": 0,
                      "Temp Written Blocks": 0
                    }
                  ]
                }
              ]
            }
          ]
        }
      ]
    },
    "Planning Time": 1.206,
    "Triggers": [
    ],
    "Execution Time": 6.248
  }
]
`,rQ=`/* Joins between four tables */
SELECT rel_users_exams.user_username AS rel_users_exams_user_username,
         rel_users_exams.exam_id AS rel_users_exams_exam_id,
         rel_users_exams.started_at AS rel_users_exams_started_at,
         rel_users_exams.finished_at AS rel_users_exams_finished_at,
         answer_1.id AS answer_1_id,
         answer_1.text AS answer_1_text,
         answer_1.correct AS answer_1_correct,
         answer_1.fraction AS answer_1_fraction,
         answer_1.question_id AS answer_1_question_id,
         question_1.id AS question_1_id,
         question_1.title AS question_1_title,
         question_1.text AS question_1_text,
         question_1.file AS question_1_file,
         question_1.type AS question_1_type,
         question_1.source AS question_1_source,
         question_1.exam_id AS question_1_exam_id,
         exam_1.id AS exam_1_id,
         exam_1.title AS exam_1_title,
         exam_1.date_from AS exam_1_date_from,
         exam_1.date_to AS exam_1_date_to,
         exam_1.created AS exam_1_created,
         exam_1.created_by_ AS exam_1_created_by_,
         exam_1.duration AS exam_1_duration,
         exam_1.success_threshold AS exam_1_success_threshold,
         exam_1.published AS exam_1_published
FROM rel_users_exams LEFT OUTER
JOIN exam AS exam_1
    ON exam_1.id = rel_users_exams.exam_id LEFT OUTER
JOIN question AS question_1
    ON exam_1.id = question_1.exam_id LEFT OUTER
JOIN answer AS answer_1
    ON question_1.id = answer_1.question_id
WHERE rel_users_exams.user_username = %(param_1)s
        AND rel_users_exams.exam_id = %(param_2)s
ORDER BY  question_1.id;
`,iQ=`[
  {
    "Plan": {
      "Node Type": "Sort",
      "Startup Cost": 1460.74,
      "Total Cost": 1470.87,
      "Plan Rows": 4050,
      "Plan Width": 183,
      "Actual Startup Time": 13.766,
      "Actual Total Time": 13.793,
      "Actual Rows": 352,
      "Actual Loops": 1,
      "Output": ["sv.variant_id", "sv.sku", "sp.slug", "sp.name", "vc.color", "pr.min_price", "pcc.available_colors", "sv.product_id"],
      "Sort Key": ["sv.product_id"],
      "Sort Method": "quicksort",
      "Sort Space Used": 101,
      "Sort Space Type": "Memory",
      "Shared Hit Blocks": 2695,
      "Shared Read Blocks": 0,
      "Shared Dirtied Blocks": 0,
      "Shared Written Blocks": 0,
      "Local Hit Blocks": 0,
      "Local Read Blocks": 0,
      "Local Dirtied Blocks": 0,
      "Local Written Blocks": 0,
      "Temp Read Blocks": 0,
      "Temp Written Blocks": 0,
      "I/O Read Time": 0.000,
      "I/O Write Time": 0.000,
      "Plans": [
        {
          "Node Type": "Seq Scan",
          "Parent Relationship": "InitPlan",
          "Subplan Name": "CTE catalog_variants",
          "Relation Name": "spree_variants",
          "Schema": "public",
          "Alias": "spree_variants",
          "Startup Cost": 0.00,
          "Total Cost": 80.47,
          "Plan Rows": 352,
          "Plan Width": 19,
          "Actual Startup Time": 0.022,
          "Actual Total Time": 0.740,
          "Actual Rows": 352,
          "Actual Loops": 1,
          "Output": ["spree_variants.id", "spree_variants.product_id", "spree_variants.sku"],
          "Filter": "((spree_variants.deleted_at IS NULL) AND spree_variants.show_in_catalog)",
          "Rows Removed by Filter": 3595,
          "Shared Hit Blocks": 41,
          "Shared Read Blocks": 0,
          "Shared Dirtied Blocks": 0,
          "Shared Written Blocks": 0,
          "Local Hit Blocks": 0,
          "Local Read Blocks": 0,
          "Local Dirtied Blocks": 0,
          "Local Written Blocks": 0,
          "Temp Read Blocks": 0,
          "Temp Written Blocks": 0,
          "I/O Read Time": 0.000,
          "I/O Write Time": 0.000
        },
        {
          "Node Type": "Aggregate",
          "Strategy": "Sorted",
          "Parent Relationship": "InitPlan",
          "Subplan Name": "CTE product_color_classifications",
          "Startup Cost": 288.86,
          "Total Cost": 292.38,
          "Plan Rows": 176,
          "Plan Width": 12,
          "Actual Startup Time": 2.799,
          "Actual Total Time": 3.980,
          "Actual Rows": 311,
          "Actual Loops": 1,
          "Output": ["sv_1.product_id", "array_agg(DISTINCT sov.presentation)"],
          "Group Key": ["sv_1.product_id"],
          "Shared Hit Blocks": 1295,
          "Shared Read Blocks": 0,
          "Shared Dirtied Blocks": 0,
          "Shared Written Blocks": 0,
          "Local Hit Blocks": 0,
          "Local Read Blocks": 0,
          "Local Dirtied Blocks": 0,
          "Local Written Blocks": 0,
          "Temp Read Blocks": 0,
          "Temp Written Blocks": 0,
          "I/O Read Time": 0.000,
          "I/O Write Time": 0.000,
          "Plans": [
            {
              "Node Type": "Sort",
              "Parent Relationship": "Outer",
              "Startup Cost": 288.86,
              "Total Cost": 289.30,
              "Plan Rows": 176,
              "Plan Width": 12,
              "Actual Startup Time": 2.676,
              "Actual Total Time": 2.705,
              "Actual Rows": 352,
              "Actual Loops": 1,
              "Output": ["sv_1.product_id", "sov.presentation"],
              "Sort Key": ["sv_1.product_id"],
              "Sort Method": "quicksort",
              "Sort Space Used": 41,
              "Sort Space Type": "Memory",
              "Shared Hit Blocks": 1287,
              "Shared Read Blocks": 0,
              "Shared Dirtied Blocks": 0,
              "Shared Written Blocks": 0,
              "Local Hit Blocks": 0,
              "Local Read Blocks": 0,
              "Local Dirtied Blocks": 0,
              "Local Written Blocks": 0,
              "Temp Read Blocks": 0,
              "Temp Written Blocks": 0,
              "I/O Read Time": 0.000,
              "I/O Write Time": 0.000,
              "Plans": [
                {
                  "Node Type": "Hash Join",
                  "Parent Relationship": "Outer",
                  "Join Type": "Inner",
                  "Startup Cost": 20.28,
                  "Total Cost": 282.30,
                  "Plan Rows": 176,
                  "Plan Width": 12,
                  "Actual Startup Time": 0.312,
                  "Actual Total Time": 2.450,
                  "Actual Rows": 352,
                  "Actual Loops": 1,
                  "Output": ["sv_1.product_id", "sov.presentation"],
                  "Hash Cond": "(sov_sv.option_value_id = sov.id)",
                  "Shared Hit Blocks": 1287,
                  "Shared Read Blocks": 0,
                  "Shared Dirtied Blocks": 0,
                  "Shared Written Blocks": 0,
                  "Local Hit Blocks": 0,
                  "Local Read Blocks": 0,
                  "Local Dirtied Blocks": 0,
                  "Local Written Blocks": 0,
                  "Temp Read Blocks": 0,
                  "Temp Written Blocks": 0,
                  "I/O Read Time": 0.000,
                  "I/O Write Time": 0.000,
                  "Plans": [
                    {
                      "Node Type": "Nested Loop",
                      "Parent Relationship": "Outer",
                      "Join Type": "Inner",
                      "Startup Cost": 12.71,
                      "Total Cost": 270.98,
                      "Plan Rows": 528,
                      "Plan Width": 8,
                      "Actual Startup Time": 0.229,
                      "Actual Total Time": 2.086,
                      "Actual Rows": 1056,
                      "Actual Loops": 1,
                      "Output": ["sv_1.product_id", "sov_sv.option_value_id"],
                      "Shared Hit Blocks": 1284,
                      "Shared Read Blocks": 0,
                      "Shared Dirtied Blocks": 0,
                      "Shared Written Blocks": 0,
                      "Local Hit Blocks": 0,
                      "Local Read Blocks": 0,
                      "Local Dirtied Blocks": 0,
                      "Local Written Blocks": 0,
                      "Temp Read Blocks": 0,
                      "Temp Written Blocks": 0,
                      "I/O Read Time": 0.000,
                      "I/O Write Time": 0.000,
                      "Plans": [
                        {
                          "Node Type": "Hash Join",
                          "Parent Relationship": "Outer",
                          "Join Type": "Inner",
                          "Startup Cost": 12.42,
                          "Total Cost": 24.30,
                          "Plan Rows": 176,
                          "Plan Width": 12,
                          "Actual Startup Time": 0.221,
                          "Actual Total Time": 0.468,
                          "Actual Rows": 352,
                          "Actual Loops": 1,
                          "Output": ["sv_1.product_id", "sv_1.variant_id", "catalog_variants.variant_id"],
                          "Hash Cond": "(sv_1.variant_id = catalog_variants.variant_id)",
                          "Shared Hit Blocks": 0,
                          "Shared Read Blocks": 0,
                          "Shared Dirtied Blocks": 0,
                          "Shared Written Blocks": 0,
                          "Local Hit Blocks": 0,
                          "Local Read Blocks": 0,
                          "Local Dirtied Blocks": 0,
                          "Local Written Blocks": 0,
                          "Temp Read Blocks": 0,
                          "Temp Written Blocks": 0,
                          "I/O Read Time": 0.000,
                          "I/O Write Time": 0.000,
                          "Plans": [
                            {
                              "Node Type": "CTE Scan",
                              "Parent Relationship": "Outer",
                              "CTE Name": "catalog_variants",
                              "Alias": "sv_1",
                              "Startup Cost": 0.00,
                              "Total Cost": 7.04,
                              "Plan Rows": 352,
                              "Plan Width": 8,
                              "Actual Startup Time": 0.000,
                              "Actual Total Time": 0.086,
                              "Actual Rows": 352,
                              "Actual Loops": 1,
                              "Output": ["sv_1.variant_id", "sv_1.product_id", "sv_1.sku"],
                              "Shared Hit Blocks": 0,
                              "Shared Read Blocks": 0,
                              "Shared Dirtied Blocks": 0,
                              "Shared Written Blocks": 0,
                              "Local Hit Blocks": 0,
                              "Local Read Blocks": 0,
                              "Local Dirtied Blocks": 0,
                              "Local Written Blocks": 0,
                              "Temp Read Blocks": 0,
                              "Temp Written Blocks": 0,
                              "I/O Read Time": 0.000,
                              "I/O Write Time": 0.000
                            },
                            {
                              "Node Type": "Hash",
                              "Parent Relationship": "Inner",
                              "Startup Cost": 9.92,
                              "Total Cost": 9.92,
                              "Plan Rows": 200,
                              "Plan Width": 4,
                              "Actual Startup Time": 0.212,
                              "Actual Total Time": 0.212,
                              "Actual Rows": 352,
                              "Actual Loops": 1,
                              "Output": ["catalog_variants.variant_id"],
                              "Hash Buckets": 1024,
                              "Original Hash Buckets": 1024,
                              "Hash Batches": 1,
                              "Original Hash Batches": 1,
                              "Peak Memory Usage": 21,
                              "Shared Hit Blocks": 0,
                              "Shared Read Blocks": 0,
                              "Shared Dirtied Blocks": 0,
                              "Shared Written Blocks": 0,
                              "Local Hit Blocks": 0,
                              "Local Read Blocks": 0,
                              "Local Dirtied Blocks": 0,
                              "Local Written Blocks": 0,
                              "Temp Read Blocks": 0,
                              "Temp Written Blocks": 0,
                              "I/O Read Time": 0.000,
                              "I/O Write Time": 0.000,
                              "Plans": [
                                {
                                  "Node Type": "Aggregate",
                                  "Strategy": "Hashed",
                                  "Parent Relationship": "Outer",
                                  "Startup Cost": 7.92,
                                  "Total Cost": 9.92,
                                  "Plan Rows": 200,
                                  "Plan Width": 4,
                                  "Actual Startup Time": 0.112,
                                  "Actual Total Time": 0.158,
                                  "Actual Rows": 352,
                                  "Actual Loops": 1,
                                  "Output": ["catalog_variants.variant_id"],
                                  "Group Key": ["catalog_variants.variant_id"],
                                  "Shared Hit Blocks": 0,
                                  "Shared Read Blocks": 0,
                                  "Shared Dirtied Blocks": 0,
                                  "Shared Written Blocks": 0,
                                  "Local Hit Blocks": 0,
                                  "Local Read Blocks": 0,
                                  "Local Dirtied Blocks": 0,
                                  "Local Written Blocks": 0,
                                  "Temp Read Blocks": 0,
                                  "Temp Written Blocks": 0,
                                  "I/O Read Time": 0.000,
                                  "I/O Write Time": 0.000,
                                  "Plans": [
                                    {
                                      "Node Type": "CTE Scan",
                                      "Parent Relationship": "Outer",
                                      "CTE Name": "catalog_variants",
                                      "Alias": "catalog_variants",
                                      "Startup Cost": 0.00,
                                      "Total Cost": 7.04,
                                      "Plan Rows": 352,
                                      "Plan Width": 4,
                                      "Actual Startup Time": 0.001,
                                      "Actual Total Time": 0.029,
                                      "Actual Rows": 352,
                                      "Actual Loops": 1,
                                      "Output": ["catalog_variants.variant_id", "catalog_variants.product_id", "catalog_variants.sku"],
                                      "Shared Hit Blocks": 0,
                                      "Shared Read Blocks": 0,
                                      "Shared Dirtied Blocks": 0,
                                      "Shared Written Blocks": 0,
                                      "Local Hit Blocks": 0,
                                      "Local Read Blocks": 0,
                                      "Local Dirtied Blocks": 0,
                                      "Local Written Blocks": 0,
                                      "Temp Read Blocks": 0,
                                      "Temp Written Blocks": 0,
                                      "I/O Read Time": 0.000,
                                      "I/O Write Time": 0.000
                                    }
                                  ]
                                }
                              ]
                            }
                          ]
                        },
                        {
                          "Node Type": "Index Scan",
                          "Parent Relationship": "Inner",
                          "Scan Direction": "Forward",
                          "Index Name": "index_spree_option_values_variants_on_variant_id",
                          "Relation Name": "spree_option_values_variants",
                          "Schema": "public",
                          "Alias": "sov_sv",
                          "Startup Cost": 0.29,
                          "Total Cost": 1.37,
                          "Plan Rows": 3,
                          "Plan Width": 8,
                          "Actual Startup Time": 0.002,
                          "Actual Total Time": 0.003,
                          "Actual Rows": 3,
                          "Actual Loops": 352,
                          "Output": ["sov_sv.variant_id", "sov_sv.option_value_id", "sov_sv.id"],
                          "Index Cond": "(sov_sv.variant_id = sv_1.variant_id)",
                          "Rows Removed by Index Recheck": 0,
                          "Shared Hit Blocks": 1284,
                          "Shared Read Blocks": 0,
                          "Shared Dirtied Blocks": 0,
                          "Shared Written Blocks": 0,
                          "Local Hit Blocks": 0,
                          "Local Read Blocks": 0,
                          "Local Dirtied Blocks": 0,
                          "Local Written Blocks": 0,
                          "Temp Read Blocks": 0,
                          "Temp Written Blocks": 0,
                          "I/O Read Time": 0.000,
                          "I/O Write Time": 0.000
                        }
                      ]
                    },
                    {
                      "Node Type": "Hash",
                      "Parent Relationship": "Inner",
                      "Startup Cost": 6.69,
                      "Total Cost": 6.69,
                      "Plan Rows": 71,
                      "Plan Width": 12,
                      "Actual Startup Time": 0.064,
                      "Actual Total Time": 0.064,
                      "Actual Rows": 11,
                      "Actual Loops": 1,
                      "Output": ["sov.presentation", "sov.id"],
                      "Hash Buckets": 1024,
                      "Original Hash Buckets": 1024,
                      "Hash Batches": 1,
                      "Original Hash Batches": 1,
                      "Peak Memory Usage": 9,
                      "Shared Hit Blocks": 3,
                      "Shared Read Blocks": 0,
                      "Shared Dirtied Blocks": 0,
                      "Shared Written Blocks": 0,
                      "Local Hit Blocks": 0,
                      "Local Read Blocks": 0,
                      "Local Dirtied Blocks": 0,
                      "Local Written Blocks": 0,
                      "Temp Read Blocks": 0,
                      "Temp Written Blocks": 0,
                      "I/O Read Time": 0.000,
                      "I/O Write Time": 0.000,
                      "Plans": [
                        {
                          "Node Type": "Hash Join",
                          "Parent Relationship": "Outer",
                          "Join Type": "Inner",
                          "Startup Cost": 1.05,
                          "Total Cost": 6.69,
                          "Plan Rows": 71,
                          "Plan Width": 12,
                          "Actual Startup Time": 0.020,
                          "Actual Total Time": 0.062,
                          "Actual Rows": 11,
                          "Actual Loops": 1,
                          "Output": ["sov.presentation", "sov.id"],
                          "Hash Cond": "(sov.option_type_id = sot.id)",
                          "Shared Hit Blocks": 3,
                          "Shared Read Blocks": 0,
                          "Shared Dirtied Blocks": 0,
                          "Shared Written Blocks": 0,
                          "Local Hit Blocks": 0,
                          "Local Read Blocks": 0,
                          "Local Dirtied Blocks": 0,
                          "Local Written Blocks": 0,
                          "Temp Read Blocks": 0,
                          "Temp Written Blocks": 0,
                          "I/O Read Time": 0.000,
                          "I/O Write Time": 0.000,
                          "Plans": [
                            {
                              "Node Type": "Seq Scan",
                              "Parent Relationship": "Outer",
                              "Relation Name": "spree_option_values",
                              "Schema": "public",
                              "Alias": "sov",
                              "Startup Cost": 0.00,
                              "Total Cost": 4.13,
                              "Plan Rows": 213,
                              "Plan Width": 16,
                              "Actual Startup Time": 0.003,
                              "Actual Total Time": 0.017,
                              "Actual Rows": 213,
                              "Actual Loops": 1,
                              "Output": ["sov.id", "sov.position", "sov.name", "sov.presentation", "sov.option_type_id", "sov.created_at", "sov.updated_at"],
                              "Shared Hit Blocks": 2,
                              "Shared Read Blocks": 0,
                              "Shared Dirtied Blocks": 0,
                              "Shared Written Blocks": 0,
                              "Local Hit Blocks": 0,
                              "Local Read Blocks": 0,
                              "Local Dirtied Blocks": 0,
                              "Local Written Blocks": 0,
                              "Temp Read Blocks": 0,
                              "Temp Written Blocks": 0,
                              "I/O Read Time": 0.000,
                              "I/O Write Time": 0.000
                            },
                            {
                              "Node Type": "Hash",
                              "Parent Relationship": "Inner",
                              "Startup Cost": 1.04,
                              "Total Cost": 1.04,
                              "Plan Rows": 1,
                              "Plan Width": 4,
                              "Actual Startup Time": 0.007,
                              "Actual Total Time": 0.007,
                              "Actual Rows": 1,
                              "Actual Loops": 1,
                              "Output": ["sot.id"],
                              "Hash Buckets": 1024,
                              "Original Hash Buckets": 1024,
                              "Hash Batches": 1,
                              "Original Hash Batches": 1,
                              "Peak Memory Usage": 9,
                              "Shared Hit Blocks": 1,
                              "Shared Read Blocks": 0,
                              "Shared Dirtied Blocks": 0,
                              "Shared Written Blocks": 0,
                              "Local Hit Blocks": 0,
                              "Local Read Blocks": 0,
                              "Local Dirtied Blocks": 0,
                              "Local Written Blocks": 0,
                              "Temp Read Blocks": 0,
                              "Temp Written Blocks": 0,
                              "I/O Read Time": 0.000,
                              "I/O Write Time": 0.000,
                              "Plans": [
                                {
                                  "Node Type": "Seq Scan",
                                  "Parent Relationship": "Outer",
                                  "Relation Name": "spree_option_types",
                                  "Schema": "public",
                                  "Alias": "sot",
                                  "Startup Cost": 0.00,
                                  "Total Cost": 1.04,
                                  "Plan Rows": 1,
                                  "Plan Width": 4,
                                  "Actual Startup Time": 0.003,
                                  "Actual Total Time": 0.003,
                                  "Actual Rows": 1,
                                  "Actual Loops": 1,
                                  "Output": ["sot.id"],
                                  "Filter": "((sot.name)::text = 'color_classification'::text)",
                                  "Rows Removed by Filter": 2,
                                  "Shared Hit Blocks": 1,
                                  "Shared Read Blocks": 0,
                                  "Shared Dirtied Blocks": 0,
                                  "Shared Written Blocks": 0,
                                  "Local Hit Blocks": 0,
                                  "Local Read Blocks": 0,
                                  "Local Dirtied Blocks": 0,
                                  "Local Written Blocks": 0,
                                  "Temp Read Blocks": 0,
                                  "Temp Written Blocks": 0,
                                  "I/O Read Time": 0.000,
                                  "I/O Write Time": 0.000
                                }
                              ]
                            }
                          ]
                        }
                      ]
                    }
                  ]
                }
              ]
            }
          ]
        },
        {
          "Node Type": "Hash Join",
          "Parent Relationship": "InitPlan",
          "Subplan Name": "CTE variant_colors",
          "Join Type": "Inner",
          "Startup Cost": 20.28,
          "Total Cost": 282.30,
          "Plan Rows": 176,
          "Plan Width": 12,
          "Actual Startup Time": 0.357,
          "Actual Total Time": 1.844,
          "Actual Rows": 352,
          "Actual Loops": 1,
          "Output": ["sv_2.variant_id", "sov_1.presentation"],
          "Hash Cond": "(sov_sv_1.option_value_id = sov_1.id)",
          "Shared Hit Blocks": 1287,
          "Shared Read Blocks": 0,
          "Shared Dirtied Blocks": 0,
          "Shared Written Blocks": 0,
          "Local Hit Blocks": 0,
          "Local Read Blocks": 0,
          "Local Dirtied Blocks": 0,
          "Local Written Blocks": 0,
          "Temp Read Blocks": 0,
          "Temp Written Blocks": 0,
          "I/O Read Time": 0.000,
          "I/O Write Time": 0.000,
          "Plans": [
            {
              "Node Type": "Nested Loop",
              "Parent Relationship": "Outer",
              "Join Type": "Inner",
              "Startup Cost": 12.71,
              "Total Cost": 270.98,
              "Plan Rows": 528,
              "Plan Width": 8,
              "Actual Startup Time": 0.233,
              "Actual Total Time": 1.555,
              "Actual Rows": 1056,
              "Actual Loops": 1,
              "Output": ["sv_2.variant_id", "sov_sv_1.option_value_id"],
              "Shared Hit Blocks": 1284,
              "Shared Read Blocks": 0,
              "Shared Dirtied Blocks": 0,
              "Shared Written Blocks": 0,
              "Local Hit Blocks": 0,
              "Local Read Blocks": 0,
              "Local Dirtied Blocks": 0,
              "Local Written Blocks": 0,
              "Temp Read Blocks": 0,
              "Temp Written Blocks": 0,
              "I/O Read Time": 0.000,
              "I/O Write Time": 0.000,
              "Plans": [
                {
                  "Node Type": "Hash Join",
                  "Parent Relationship": "Outer",
                  "Join Type": "Inner",
                  "Startup Cost": 12.42,
                  "Total Cost": 24.30,
                  "Plan Rows": 176,
                  "Plan Width": 8,
                  "Actual Startup Time": 0.214,
                  "Actual Total Time": 0.350,
                  "Actual Rows": 352,
                  "Actual Loops": 1,
                  "Output": ["sv_2.variant_id", "catalog_variants_1.variant_id"],
                  "Hash Cond": "(sv_2.variant_id = catalog_variants_1.variant_id)",
                  "Shared Hit Blocks": 0,
                  "Shared Read Blocks": 0,
                  "Shared Dirtied Blocks": 0,
                  "Shared Written Blocks": 0,
                  "Local Hit Blocks": 0,
                  "Local Read Blocks": 0,
                  "Local Dirtied Blocks": 0,
                  "Local Written Blocks": 0,
                  "Temp Read Blocks": 0,
                  "Temp Written Blocks": 0,
                  "I/O Read Time": 0.000,
                  "I/O Write Time": 0.000,
                  "Plans": [
                    {
                      "Node Type": "CTE Scan",
                      "Parent Relationship": "Outer",
                      "CTE Name": "catalog_variants",
                      "Alias": "sv_2",
                      "Startup Cost": 0.00,
                      "Total Cost": 7.04,
                      "Plan Rows": 352,
                      "Plan Width": 4,
                      "Actual Startup Time": 0.000,
                      "Actual Total Time": 0.046,
                      "Actual Rows": 352,
                      "Actual Loops": 1,
                      "Output": ["sv_2.variant_id", "sv_2.product_id", "sv_2.sku"],
                      "Shared Hit Blocks": 0,
                      "Shared Read Blocks": 0,
                      "Shared Dirtied Blocks": 0,
                      "Shared Written Blocks": 0,
                      "Local Hit Blocks": 0,
                      "Local Read Blocks": 0,
                      "Local Dirtied Blocks": 0,
                      "Local Written Blocks": 0,
                      "Temp Read Blocks": 0,
                      "Temp Written Blocks": 0,
                      "I/O Read Time": 0.000,
                      "I/O Write Time": 0.000
                    },
                    {
                      "Node Type": "Hash",
                      "Parent Relationship": "Inner",
                      "Startup Cost": 9.92,
                      "Total Cost": 9.92,
                      "Plan Rows": 200,
                      "Plan Width": 4,
                      "Actual Startup Time": 0.204,
                      "Actual Total Time": 0.204,
                      "Actual Rows": 352,
                      "Actual Loops": 1,
                      "Output": ["catalog_variants_1.variant_id"],
                      "Hash Buckets": 1024,
                      "Original Hash Buckets": 1024,
                      "Hash Batches": 1,
                      "Original Hash Batches": 1,
                      "Peak Memory Usage": 21,
                      "Shared Hit Blocks": 0,
                      "Shared Read Blocks": 0,
                      "Shared Dirtied Blocks": 0,
                      "Shared Written Blocks": 0,
                      "Local Hit Blocks": 0,
                      "Local Read Blocks": 0,
                      "Local Dirtied Blocks": 0,
                      "Local Written Blocks": 0,
                      "Temp Read Blocks": 0,
                      "Temp Written Blocks": 0,
                      "I/O Read Time": 0.000,
                      "I/O Write Time": 0.000,
                      "Plans": [
                        {
                          "Node Type": "Aggregate",
                          "Strategy": "Hashed",
                          "Parent Relationship": "Outer",
                          "Startup Cost": 7.92,
                          "Total Cost": 9.92,
                          "Plan Rows": 200,
                          "Plan Width": 4,
                          "Actual Startup Time": 0.115,
                          "Actual Total Time": 0.150,
                          "Actual Rows": 352,
                          "Actual Loops": 1,
                          "Output": ["catalog_variants_1.variant_id"],
                          "Group Key": ["catalog_variants_1.variant_id"],
                          "Shared Hit Blocks": 0,
                          "Shared Read Blocks": 0,
                          "Shared Dirtied Blocks": 0,
                          "Shared Written Blocks": 0,
                          "Local Hit Blocks": 0,
                          "Local Read Blocks": 0,
                          "Local Dirtied Blocks": 0,
                          "Local Written Blocks": 0,
                          "Temp Read Blocks": 0,
                          "Temp Written Blocks": 0,
                          "I/O Read Time": 0.000,
                          "I/O Write Time": 0.000,
                          "Plans": [
                            {
                              "Node Type": "CTE Scan",
                              "Parent Relationship": "Outer",
                              "CTE Name": "catalog_variants",
                              "Alias": "catalog_variants_1",
                              "Startup Cost": 0.00,
                              "Total Cost": 7.04,
                              "Plan Rows": 352,
                              "Plan Width": 4,
                              "Actual Startup Time": 0.001,
                              "Actual Total Time": 0.027,
                              "Actual Rows": 352,
                              "Actual Loops": 1,
                              "Output": ["catalog_variants_1.variant_id", "catalog_variants_1.product_id", "catalog_variants_1.sku"],
                              "Shared Hit Blocks": 0,
                              "Shared Read Blocks": 0,
                              "Shared Dirtied Blocks": 0,
                              "Shared Written Blocks": 0,
                              "Local Hit Blocks": 0,
                              "Local Read Blocks": 0,
                              "Local Dirtied Blocks": 0,
                              "Local Written Blocks": 0,
                              "Temp Read Blocks": 0,
                              "Temp Written Blocks": 0,
                              "I/O Read Time": 0.000,
                              "I/O Write Time": 0.000
                            }
                          ]
                        }
                      ]
                    }
                  ]
                },
                {
                  "Node Type": "Index Scan",
                  "Parent Relationship": "Inner",
                  "Scan Direction": "Forward",
                  "Index Name": "index_spree_option_values_variants_on_variant_id",
                  "Relation Name": "spree_option_values_variants",
                  "Schema": "public",
                  "Alias": "sov_sv_1",
                  "Startup Cost": 0.29,
                  "Total Cost": 1.37,
                  "Plan Rows": 3,
                  "Plan Width": 8,
                  "Actual Startup Time": 0.002,
                  "Actual Total Time": 0.003,
                  "Actual Rows": 3,
                  "Actual Loops": 352,
                  "Output": ["sov_sv_1.variant_id", "sov_sv_1.option_value_id", "sov_sv_1.id"],
                  "Index Cond": "(sov_sv_1.variant_id = sv_2.variant_id)",
                  "Rows Removed by Index Recheck": 0,
                  "Shared Hit Blocks": 1284,
                  "Shared Read Blocks": 0,
                  "Shared Dirtied Blocks": 0,
                  "Shared Written Blocks": 0,
                  "Local Hit Blocks": 0,
                  "Local Read Blocks": 0,
                  "Local Dirtied Blocks": 0,
                  "Local Written Blocks": 0,
                  "Temp Read Blocks": 0,
                  "Temp Written Blocks": 0,
                  "I/O Read Time": 0.000,
                  "I/O Write Time": 0.000
                }
              ]
            },
            {
              "Node Type": "Hash",
              "Parent Relationship": "Inner",
              "Startup Cost": 6.69,
              "Total Cost": 6.69,
              "Plan Rows": 71,
              "Plan Width": 12,
              "Actual Startup Time": 0.109,
              "Actual Total Time": 0.109,
              "Actual Rows": 88,
              "Actual Loops": 1,
              "Output": ["sov_1.presentation", "sov_1.id"],
              "Hash Buckets": 1024,
              "Original Hash Buckets": 1024,
              "Hash Batches": 1,
              "Original Hash Batches": 1,
              "Peak Memory Usage": 13,
              "Shared Hit Blocks": 3,
              "Shared Read Blocks": 0,
              "Shared Dirtied Blocks": 0,
              "Shared Written Blocks": 0,
              "Local Hit Blocks": 0,
              "Local Read Blocks": 0,
              "Local Dirtied Blocks": 0,
              "Local Written Blocks": 0,
              "Temp Read Blocks": 0,
              "Temp Written Blocks": 0,
              "I/O Read Time": 0.000,
              "I/O Write Time": 0.000,
              "Plans": [
                {
                  "Node Type": "Hash Join",
                  "Parent Relationship": "Outer",
                  "Join Type": "Inner",
                  "Startup Cost": 1.05,
                  "Total Cost": 6.69,
                  "Plan Rows": 71,
                  "Plan Width": 12,
                  "Actual Startup Time": 0.034,
                  "Actual Total Time": 0.090,
                  "Actual Rows": 88,
                  "Actual Loops": 1,
                  "Output": ["sov_1.presentation", "sov_1.id"],
                  "Hash Cond": "(sov_1.option_type_id = sot_1.id)",
                  "Shared Hit Blocks": 3,
                  "Shared Read Blocks": 0,
                  "Shared Dirtied Blocks": 0,
                  "Shared Written Blocks": 0,
                  "Local Hit Blocks": 0,
                  "Local Read Blocks": 0,
                  "Local Dirtied Blocks": 0,
                  "Local Written Blocks": 0,
                  "Temp Read Blocks": 0,
                  "Temp Written Blocks": 0,
                  "I/O Read Time": 0.000,
                  "I/O Write Time": 0.000,
                  "Plans": [
                    {
                      "Node Type": "Seq Scan",
                      "Parent Relationship": "Outer",
                      "Relation Name": "spree_option_values",
                      "Schema": "public",
                      "Alias": "sov_1",
                      "Startup Cost": 0.00,
                      "Total Cost": 4.13,
                      "Plan Rows": 213,
                      "Plan Width": 16,
                      "Actual Startup Time": 0.007,
                      "Actual Total Time": 0.028,
                      "Actual Rows": 213,
                      "Actual Loops": 1,
                      "Output": ["sov_1.id", "sov_1.position", "sov_1.name", "sov_1.presentation", "sov_1.option_type_id", "sov_1.created_at", "sov_1.updated_at"],
                      "Shared Hit Blocks": 2,
                      "Shared Read Blocks": 0,
                      "Shared Dirtied Blocks": 0,
                      "Shared Written Blocks": 0,
                      "Local Hit Blocks": 0,
                      "Local Read Blocks": 0,
                      "Local Dirtied Blocks": 0,
                      "Local Written Blocks": 0,
                      "Temp Read Blocks": 0,
                      "Temp Written Blocks": 0,
                      "I/O Read Time": 0.000,
                      "I/O Write Time": 0.000
                    },
                    {
                      "Node Type": "Hash",
                      "Parent Relationship": "Inner",
                      "Startup Cost": 1.04,
                      "Total Cost": 1.04,
                      "Plan Rows": 1,
                      "Plan Width": 4,
                      "Actual Startup Time": 0.018,
                      "Actual Total Time": 0.018,
                      "Actual Rows": 1,
                      "Actual Loops": 1,
                      "Output": ["sot_1.id"],
                      "Hash Buckets": 1024,
                      "Original Hash Buckets": 1024,
                      "Hash Batches": 1,
                      "Original Hash Batches": 1,
                      "Peak Memory Usage": 9,
                      "Shared Hit Blocks": 1,
                      "Shared Read Blocks": 0,
                      "Shared Dirtied Blocks": 0,
                      "Shared Written Blocks": 0,
                      "Local Hit Blocks": 0,
                      "Local Read Blocks": 0,
                      "Local Dirtied Blocks": 0,
                      "Local Written Blocks": 0,
                      "Temp Read Blocks": 0,
                      "Temp Written Blocks": 0,
                      "I/O Read Time": 0.000,
                      "I/O Write Time": 0.000,
                      "Plans": [
                        {
                          "Node Type": "Seq Scan",
                          "Parent Relationship": "Outer",
                          "Relation Name": "spree_option_types",
                          "Schema": "public",
                          "Alias": "sot_1",
                          "Startup Cost": 0.00,
                          "Total Cost": 1.04,
                          "Plan Rows": 1,
                          "Plan Width": 4,
                          "Actual Startup Time": 0.014,
                          "Actual Total Time": 0.015,
                          "Actual Rows": 1,
                          "Actual Loops": 1,
                          "Output": ["sot_1.id"],
                          "Filter": "((sot_1.name)::text = 'color'::text)",
                          "Rows Removed by Filter": 2,
                          "Shared Hit Blocks": 1,
                          "Shared Read Blocks": 0,
                          "Shared Dirtied Blocks": 0,
                          "Shared Written Blocks": 0,
                          "Local Hit Blocks": 0,
                          "Local Read Blocks": 0,
                          "Local Dirtied Blocks": 0,
                          "Local Written Blocks": 0,
                          "Temp Read Blocks": 0,
                          "Temp Written Blocks": 0,
                          "I/O Read Time": 0.000,
                          "I/O Write Time": 0.000
                        }
                      ]
                    }
                  ]
                }
              ]
            }
          ]
        },
        {
          "Node Type": "Aggregate",
          "Strategy": "Hashed",
          "Parent Relationship": "InitPlan",
          "Subplan Name": "CTE variants_min_prices",
          "Startup Cost": 225.63,
          "Total Cost": 271.84,
          "Plan Rows": 4621,
          "Plan Width": 7,
          "Actual Startup Time": 5.936,
          "Actual Total Time": 6.037,
          "Actual Rows": 352,
          "Actual Loops": 1,
          "Output": ["spree_prices.variant_id", "COALESCE(min(spree_prices.amount), '0'::numeric)"],
          "Group Key": ["spree_prices.variant_id"],
          "Shared Hit Blocks": 102,
          "Shared Read Blocks": 0,
          "Shared Dirtied Blocks": 0,
          "Shared Written Blocks": 0,
          "Local Hit Blocks": 0,
          "Local Read Blocks": 0,
          "Local Dirtied Blocks": 0,
          "Local Written Blocks": 0,
          "Temp Read Blocks": 0,
          "Temp Written Blocks": 0,
          "I/O Read Time": 0.000,
          "I/O Write Time": 0.000,
          "Plans": [
            {
              "Node Type": "Hash Join",
              "Parent Relationship": "Outer",
              "Join Type": "Inner",
              "Startup Cost": 12.42,
              "Total Cost": 202.53,
              "Plan Rows": 4621,
              "Plan Width": 7,
              "Actual Startup Time": 2.415,
              "Actual Total Time": 5.785,
              "Actual Rows": 352,
              "Actual Loops": 1,
              "Output": ["spree_prices.variant_id", "spree_prices.amount"],
              "Hash Cond": "(spree_prices.variant_id = catalog_variants_2.variant_id)",
              "Shared Hit Blocks": 102,
              "Shared Read Blocks": 0,
              "Shared Dirtied Blocks": 0,
              "Shared Written Blocks": 0,
              "Local Hit Blocks": 0,
              "Local Read Blocks": 0,
              "Local Dirtied Blocks": 0,
              "Local Written Blocks": 0,
              "Temp Read Blocks": 0,
              "Temp Written Blocks": 0,
              "I/O Read Time": 0.000,
              "I/O Write Time": 0.000,
              "Plans": [
                {
                  "Node Type": "Seq Scan",
                  "Parent Relationship": "Outer",
                  "Relation Name": "spree_prices",
                  "Schema": "public",
                  "Alias": "spree_prices",
                  "Startup Cost": 0.00,
                  "Total Cost": 153.42,
                  "Plan Rows": 9242,
                  "Plan Width": 7,
                  "Actual Startup Time": 0.023,
                  "Actual Total Time": 2.548,
                  "Actual Rows": 9242,
                  "Actual Loops": 1,
                  "Output": ["spree_prices.id", "spree_prices.variant_id", "spree_prices.amount", "spree_prices.currency", "spree_prices.deleted_at", "spree_prices.is_default"],
                  "Shared Hit Blocks": 61,
                  "Shared Read Blocks": 0,
                  "Shared Dirtied Blocks": 0,
                  "Shared Written Blocks": 0,
                  "Local Hit Blocks": 0,
                  "Local Read Blocks": 0,
                  "Local Dirtied Blocks": 0,
                  "Local Written Blocks": 0,
                  "Temp Read Blocks": 0,
                  "Temp Written Blocks": 0,
                  "I/O Read Time": 0.000,
                  "I/O Write Time": 0.000
                },
                {
                  "Node Type": "Hash",
                  "Parent Relationship": "Inner",
                  "Startup Cost": 9.92,
                  "Total Cost": 9.92,
                  "Plan Rows": 200,
                  "Plan Width": 4,
                  "Actual Startup Time": 1.229,
                  "Actual Total Time": 1.229,
                  "Actual Rows": 352,
                  "Actual Loops": 1,
                  "Output": ["catalog_variants_2.variant_id"],
                  "Hash Buckets": 1024,
                  "Original Hash Buckets": 1024,
                  "Hash Batches": 1,
                  "Original Hash Batches": 1,
                  "Peak Memory Usage": 21,
                  "Shared Hit Blocks": 41,
                  "Shared Read Blocks": 0,
                  "Shared Dirtied Blocks": 0,
                  "Shared Written Blocks": 0,
                  "Local Hit Blocks": 0,
                  "Local Read Blocks": 0,
                  "Local Dirtied Blocks": 0,
                  "Local Written Blocks": 0,
                  "Temp Read Blocks": 0,
                  "Temp Written Blocks": 0,
                  "I/O Read Time": 0.000,
                  "I/O Write Time": 0.000,
                  "Plans": [
                    {
                      "Node Type": "Aggregate",
                      "Strategy": "Hashed",
                      "Parent Relationship": "Outer",
                      "Startup Cost": 7.92,
                      "Total Cost": 9.92,
                      "Plan Rows": 200,
                      "Plan Width": 4,
                      "Actual Startup Time": 1.075,
                      "Actual Total Time": 1.140,
                      "Actual Rows": 352,
                      "Actual Loops": 1,
                      "Output": ["catalog_variants_2.variant_id"],
                      "Group Key": ["catalog_variants_2.variant_id"],
                      "Shared Hit Blocks": 41,
                      "Shared Read Blocks": 0,
                      "Shared Dirtied Blocks": 0,
                      "Shared Written Blocks": 0,
                      "Local Hit Blocks": 0,
                      "Local Read Blocks": 0,
                      "Local Dirtied Blocks": 0,
                      "Local Written Blocks": 0,
                      "Temp Read Blocks": 0,
                      "Temp Written Blocks": 0,
                      "I/O Read Time": 0.000,
                      "I/O Write Time": 0.000,
                      "Plans": [
                        {
                          "Node Type": "CTE Scan",
                          "Parent Relationship": "Outer",
                          "CTE Name": "catalog_variants",
                          "Alias": "catalog_variants_2",
                          "Startup Cost": 0.00,
                          "Total Cost": 7.04,
                          "Plan Rows": 352,
                          "Plan Width": 4,
                          "Actual Startup Time": 0.024,
                          "Actual Total Time": 0.915,
                          "Actual Rows": 352,
                          "Actual Loops": 1,
                          "Output": ["catalog_variants_2.variant_id", "catalog_variants_2.product_id", "catalog_variants_2.sku"],
                          "Shared Hit Blocks": 41,
                          "Shared Read Blocks": 0,
                          "Shared Dirtied Blocks": 0,
                          "Shared Written Blocks": 0,
                          "Local Hit Blocks": 0,
                          "Local Read Blocks": 0,
                          "Local Dirtied Blocks": 0,
                          "Local Written Blocks": 0,
                          "Temp Read Blocks": 0,
                          "Temp Written Blocks": 0,
                          "I/O Read Time": 0.000,
                          "I/O Write Time": 0.000
                        }
                      ]
                    }
                  ]
                }
              ]
            }
          ]
        },
        {
          "Node Type": "Hash Join",
          "Parent Relationship": "Outer",
          "Join Type": "Inner",
          "Startup Cost": 42.71,
          "Total Cost": 291.08,
          "Plan Rows": 4050,
          "Plan Width": 183,
          "Actual Startup Time": 13.149,
          "Actual Total Time": 13.526,
          "Actual Rows": 352,
          "Actual Loops": 1,
          "Output": ["sv.variant_id", "sv.sku", "sp.slug", "sp.name", "vc.color", "pr.min_price", "pcc.available_colors", "sv.product_id"],
          "Hash Cond": "(pr.variant_id = sv.variant_id)",
          "Shared Hit Blocks": 2692,
          "Shared Read Blocks": 0,
          "Shared Dirtied Blocks": 0,
          "Shared Written Blocks": 0,
          "Local Hit Blocks": 0,
          "Local Read Blocks": 0,
          "Local Dirtied Blocks": 0,
          "Local Written Blocks": 0,
          "Temp Read Blocks": 0,
          "Temp Written Blocks": 0,
          "I/O Read Time": 0.000,
          "I/O Write Time": 0.000,
          "Plans": [
            {
              "Node Type": "CTE Scan",
              "Parent Relationship": "Outer",
              "CTE Name": "variants_min_prices",
              "Alias": "pr",
              "Startup Cost": 0.00,
              "Total Cost": 92.42,
              "Plan Rows": 4621,
              "Plan Width": 36,
              "Actual Startup Time": 5.939,
              "Actual Total Time": 6.157,
              "Actual Rows": 352,
              "Actual Loops": 1,
              "Output": ["pr.variant_id", "pr.min_price"],
              "Shared Hit Blocks": 102,
              "Shared Read Blocks": 0,
              "Shared Dirtied Blocks": 0,
              "Shared Written Blocks": 0,
              "Local Hit Blocks": 0,
              "Local Read Blocks": 0,
              "Local Dirtied Blocks": 0,
              "Local Written Blocks": 0,
              "Temp Read Blocks": 0,
              "Temp Written Blocks": 0,
              "I/O Read Time": 0.000,
              "I/O Write Time": 0.000
            },
            {
              "Node Type": "Hash",
              "Parent Relationship": "Inner",
              "Startup Cost": 40.52,
              "Total Cost": 40.52,
              "Plan Rows": 175,
              "Plan Width": 155,
              "Actual Startup Time": 7.189,
              "Actual Total Time": 7.189,
              "Actual Rows": 352,
              "Actual Loops": 1,
              "Output": ["sv.variant_id", "sv.sku", "sv.product_id", "sp.slug", "sp.name", "vc.color", "vc.variant_id", "pcc.available_colors"],
              "Hash Buckets": 1024,
              "Original Hash Buckets": 1024,
              "Hash Batches": 1,
              "Original Hash Batches": 1,
              "Peak Memory Usage": 63,
              "Shared Hit Blocks": 2590,
              "Shared Read Blocks": 0,
              "Shared Dirtied Blocks": 0,
              "Shared Written Blocks": 0,
              "Local Hit Blocks": 0,
              "Local Read Blocks": 0,
              "Local Dirtied Blocks": 0,
              "Local Written Blocks": 0,
              "Temp Read Blocks": 0,
              "Temp Written Blocks": 0,
              "I/O Read Time": 0.000,
              "I/O Write Time": 0.000,
              "Plans": [
                {
                  "Node Type": "Hash Join",
                  "Parent Relationship": "Outer",
                  "Join Type": "Inner",
                  "Startup Cost": 27.68,
                  "Total Cost": 40.52,
                  "Plan Rows": 175,
                  "Plan Width": 155,
                  "Actual Startup Time": 6.664,
                  "Actual Total Time": 7.024,
                  "Actual Rows": 352,
                  "Actual Loops": 1,
                  "Output": ["sv.variant_id", "sv.sku", "sv.product_id", "sp.slug", "sp.name", "vc.color", "vc.variant_id", "pcc.available_colors"],
                  "Hash Cond": "(sv.variant_id = vc.variant_id)",
                  "Shared Hit Blocks": 2590,
                  "Shared Read Blocks": 0,
                  "Shared Dirtied Blocks": 0,
                  "Shared Written Blocks": 0,
                  "Local Hit Blocks": 0,
                  "Local Read Blocks": 0,
                  "Local Dirtied Blocks": 0,
                  "Local Written Blocks": 0,
                  "Temp Read Blocks": 0,
                  "Temp Written Blocks": 0,
                  "I/O Read Time": 0.000,
                  "I/O Write Time": 0.000,
                  "Plans": [
                    {
                      "Node Type": "Hash Join",
                      "Parent Relationship": "Outer",
                      "Join Type": "Inner",
                      "Startup Cost": 21.96,
                      "Total Cost": 32.31,
                      "Plan Rows": 199,
                      "Plan Width": 119,
                      "Actual Startup Time": 4.636,
                      "Actual Total Time": 4.846,
                      "Actual Rows": 352,
                      "Actual Loops": 1,
                      "Output": ["sv.variant_id", "sv.sku", "sv.product_id", "sp.slug", "sp.name", "pcc.available_colors"],
                      "Hash Cond": "(sv.product_id = sp.id)",
                      "Shared Hit Blocks": 1303,
                      "Shared Read Blocks": 0,
                      "Shared Dirtied Blocks": 0,
                      "Shared Written Blocks": 0,
                      "Local Hit Blocks": 0,
                      "Local Read Blocks": 0,
                      "Local Dirtied Blocks": 0,
                      "Local Written Blocks": 0,
                      "Temp Read Blocks": 0,
                      "Temp Written Blocks": 0,
                      "I/O Read Time": 0.000,
                      "I/O Write Time": 0.000,
                      "Plans": [
                        {
                          "Node Type": "CTE Scan",
                          "Parent Relationship": "Outer",
                          "CTE Name": "catalog_variants",
                          "Alias": "sv",
                          "Startup Cost": 0.00,
                          "Total Cost": 7.04,
                          "Plan Rows": 352,
                          "Plan Width": 40,
                          "Actual Startup Time": 0.001,
                          "Actual Total Time": 0.059,
                          "Actual Rows": 352,
                          "Actual Loops": 1,
                          "Output": ["sv.variant_id", "sv.product_id", "sv.sku"],
                          "Shared Hit Blocks": 0,
                          "Shared Read Blocks": 0,
                          "Shared Dirtied Blocks": 0,
                          "Shared Written Blocks": 0,
                          "Local Hit Blocks": 0,
                          "Local Read Blocks": 0,
                          "Local Dirtied Blocks": 0,
                          "Local Written Blocks": 0,
                          "Temp Read Blocks": 0,
                          "Temp Written Blocks": 0,
                          "I/O Read Time": 0.000,
                          "I/O Write Time": 0.000
                        },
                        {
                          "Node Type": "Hash",
                          "Parent Relationship": "Inner",
                          "Startup Cost": 19.76,
                          "Total Cost": 19.76,
                          "Plan Rows": 176,
                          "Plan Width": 87,
                          "Actual Startup Time": 4.622,
                          "Actual Total Time": 4.622,
                          "Actual Rows": 311,
                          "Actual Loops": 1,
                          "Output": ["sp.slug", "sp.name", "sp.id", "pcc.available_colors", "pcc.product_id"],
                          "Hash Buckets": 1024,
                          "Original Hash Buckets": 1024,
                          "Hash Batches": 1,
                          "Original Hash Batches": 1,
                          "Peak Memory Usage": 47,
                          "Shared Hit Blocks": 1303,
                          "Shared Read Blocks": 0,
                          "Shared Dirtied Blocks": 0,
                          "Shared Written Blocks": 0,
                          "Local Hit Blocks": 0,
                          "Local Read Blocks": 0,
                          "Local Dirtied Blocks": 0,
                          "Local Written Blocks": 0,
                          "Temp Read Blocks": 0,
                          "Temp Written Blocks": 0,
                          "I/O Read Time": 0.000,
                          "I/O Write Time": 0.000,
                          "Plans": [
                            {
                              "Node Type": "Hash Join",
                              "Parent Relationship": "Outer",
                              "Join Type": "Inner",
                              "Startup Cost": 5.72,
                              "Total Cost": 19.76,
                              "Plan Rows": 176,
                              "Plan Width": 87,
                              "Actual Startup Time": 4.258,
                              "Actual Total Time": 4.510,
                              "Actual Rows": 311,
                              "Actual Loops": 1,
                              "Output": ["sp.slug", "sp.name", "sp.id", "pcc.available_colors", "pcc.product_id"],
                              "Hash Cond": "(sp.id = pcc.product_id)",
                              "Shared Hit Blocks": 1303,
                              "Shared Read Blocks": 0,
                              "Shared Dirtied Blocks": 0,
                              "Shared Written Blocks": 0,
                              "Local Hit Blocks": 0,
                              "Local Read Blocks": 0,
                              "Local Dirtied Blocks": 0,
                              "Local Written Blocks": 0,
                              "Temp Read Blocks": 0,
                              "Temp Written Blocks": 0,
                              "I/O Read Time": 0.000,
                              "I/O Write Time": 0.000,
                              "Plans": [
                                {
                                  "Node Type": "Seq Scan",
                                  "Parent Relationship": "Outer",
                                  "Relation Name": "spree_products",
                                  "Schema": "public",
                                  "Alias": "sp",
                                  "Startup Cost": 0.00,
                                  "Total Cost": 11.11,
                                  "Plan Rows": 311,
                                  "Plan Width": 51,
                                  "Actual Startup Time": 0.016,
                                  "Actual Total Time": 0.115,
                                  "Actual Rows": 311,
                                  "Actual Loops": 1,
                                  "Output": ["sp.id", "sp.name", "sp.description", "sp.available_on", "sp.deleted_at", "sp.slug", "sp.meta_description", "sp.meta_keywords", "sp.tax_category_id", "sp.shipping_category_id", "sp.created_at", "sp.updated_at", "sp.promotionable", "sp.meta_title", "sp.fashion_xl_id"],
                                  "Filter": "(sp.deleted_at IS NULL)",
                                  "Rows Removed by Filter": 0,
                                  "Shared Hit Blocks": 8,
                                  "Shared Read Blocks": 0,
                                  "Shared Dirtied Blocks": 0,
                                  "Shared Written Blocks": 0,
                                  "Local Hit Blocks": 0,
                                  "Local Read Blocks": 0,
                                  "Local Dirtied Blocks": 0,
                                  "Local Written Blocks": 0,
                                  "Temp Read Blocks": 0,
                                  "Temp Written Blocks": 0,
                                  "I/O Read Time": 0.000,
                                  "I/O Write Time": 0.000
                                },
                                {
                                  "Node Type": "Hash",
                                  "Parent Relationship": "Inner",
                                  "Startup Cost": 3.52,
                                  "Total Cost": 3.52,
                                  "Plan Rows": 176,
                                  "Plan Width": 36,
                                  "Actual Startup Time": 4.228,
                                  "Actual Total Time": 4.228,
                                  "Actual Rows": 311,
                                  "Actual Loops": 1,
                                  "Output": ["pcc.available_colors", "pcc.product_id"],
                                  "Hash Buckets": 1024,
                                  "Original Hash Buckets": 1024,
                                  "Hash Batches": 1,
                                  "Original Hash Batches": 1,
                                  "Peak Memory Usage": 31,
                                  "Shared Hit Blocks": 1295,
                                  "Shared Read Blocks": 0,
                                  "Shared Dirtied Blocks": 0,
                                  "Shared Written Blocks": 0,
                                  "Local Hit Blocks": 0,
                                  "Local Read Blocks": 0,
                                  "Local Dirtied Blocks": 0,
                                  "Local Written Blocks": 0,
                                  "Temp Read Blocks": 0,
                                  "Temp Written Blocks": 0,
                                  "I/O Read Time": 0.000,
                                  "I/O Write Time": 0.000,
                                  "Plans": [
                                    {
                                      "Node Type": "CTE Scan",
                                      "Parent Relationship": "Outer",
                                      "CTE Name": "product_color_classifications",
                                      "Alias": "pcc",
                                      "Startup Cost": 0.00,
                                      "Total Cost": 3.52,
                                      "Plan Rows": 176,
                                      "Plan Width": 36,
                                      "Actual Startup Time": 2.801,
                                      "Actual Total Time": 4.136,
                                      "Actual Rows": 311,
                                      "Actual Loops": 1,
                                      "Output": ["pcc.available_colors", "pcc.product_id"],
                                      "Shared Hit Blocks": 1295,
                                      "Shared Read Blocks": 0,
                                      "Shared Dirtied Blocks": 0,
                                      "Shared Written Blocks": 0,
                                      "Local Hit Blocks": 0,
                                      "Local Read Blocks": 0,
                                      "Local Dirtied Blocks": 0,
                                      "Local Written Blocks": 0,
                                      "Temp Read Blocks": 0,
                                      "Temp Written Blocks": 0,
                                      "I/O Read Time": 0.000,
                                      "I/O Write Time": 0.000
                                    }
                                  ]
                                }
                              ]
                            }
                          ]
                        }
                      ]
                    },
                    {
                      "Node Type": "Hash",
                      "Parent Relationship": "Inner",
                      "Startup Cost": 3.52,
                      "Total Cost": 3.52,
                      "Plan Rows": 176,
                      "Plan Width": 36,
                      "Actual Startup Time": 2.018,
                      "Actual Total Time": 2.018,
                      "Actual Rows": 352,
                      "Actual Loops": 1,
                      "Output": ["vc.color", "vc.variant_id"],
                      "Hash Buckets": 1024,
                      "Original Hash Buckets": 1024,
                      "Hash Batches": 1,
                      "Original Hash Batches": 1,
                      "Peak Memory Usage": 26,
                      "Shared Hit Blocks": 1287,
                      "Shared Read Blocks": 0,
                      "Shared Dirtied Blocks": 0,
                      "Shared Written Blocks": 0,
                      "Local Hit Blocks": 0,
                      "Local Read Blocks": 0,
                      "Local Dirtied Blocks": 0,
                      "Local Written Blocks": 0,
                      "Temp Read Blocks": 0,
                      "Temp Written Blocks": 0,
                      "I/O Read Time": 0.000,
                      "I/O Write Time": 0.000,
                      "Plans": [
                        {
                          "Node Type": "CTE Scan",
                          "Parent Relationship": "Outer",
                          "CTE Name": "variant_colors",
                          "Alias": "vc",
                          "Startup Cost": 0.00,
                          "Total Cost": 3.52,
                          "Plan Rows": 176,
                          "Plan Width": 36,
                          "Actual Startup Time": 0.358,
                          "Actual Total Time": 1.945,
                          "Actual Rows": 352,
                          "Actual Loops": 1,
                          "Output": ["vc.color", "vc.variant_id"],
                          "Shared Hit Blocks": 1287,
                          "Shared Read Blocks": 0,
                          "Shared Dirtied Blocks": 0,
                          "Shared Written Blocks": 0,
                          "Local Hit Blocks": 0,
                          "Local Read Blocks": 0,
                          "Local Dirtied Blocks": 0,
                          "Local Written Blocks": 0,
                          "Temp Read Blocks": 0,
                          "Temp Written Blocks": 0,
                          "I/O Read Time": 0.000,
                          "I/O Write Time": 0.000
                        }
                      ]
                    }
                  ]
                }
              ]
            }
          ]
        }
      ]
    },
    "Planning Time": 4.462,
    "Triggers": [
    ],
    "Execution Time": 14.391
  }
]
`,sQ=`
[
  {
    "Plan": {
      "Node Type": "Limit",
      "Startup Cost": 17024.84,
      "Total Cost": 17024.87,
      "Plan Rows": 10,
      "Plan Width": 133,
      "Actual Startup Time": 725.773,
      "Actual Total Time": 725.775,
      "Actual Rows": 10,
      "Actual Loops": 1,
      "Output": ["c.state", "cat.categoryname", "(sum(o.netamount))", "(sum(o.totalamount))"],
      "Shared Hit Blocks": 23,
      "Shared Read Blocks": 1392,
      "Shared Dirtied Blocks": 0,
      "Shared Written Blocks": 0,
      "Local Hit Blocks": 0,
      "Local Read Blocks": 0,
      "Local Dirtied Blocks": 0,
      "Local Written Blocks": 0,
      "Temp Read Blocks": 0,
      "Temp Written Blocks": 0,
      "I/O Read Time": 0.000,
      "I/O Write Time": 0.000,
      "Plans": [
        {
          "Node Type": "Sort",
          "Parent Relationship": "Outer",
          "Startup Cost": 17024.84,
          "Total Cost": 17026.88,
          "Plan Rows": 816,
          "Plan Width": 133,
          "Actual Startup Time": 725.771,
          "Actual Total Time": 725.772,
          "Actual Rows": 11,
          "Actual Loops": 1,
          "Output": ["c.state", "cat.categoryname", "(sum(o.netamount))", "(sum(o.totalamount))"],
          "Sort Key": ["c.state", "(sum(o.totalamount))"],
          "Sort Method": "top-N heapsort",
          "Sort Space Used": 25,
          "Sort Space Type": "Memory",
          "Shared Hit Blocks": 23,
          "Shared Read Blocks": 1392,
          "Shared Dirtied Blocks": 0,
          "Shared Written Blocks": 0,
          "Local Hit Blocks": 0,
          "Local Read Blocks": 0,
          "Local Dirtied Blocks": 0,
          "Local Written Blocks": 0,
          "Temp Read Blocks": 0,
          "Temp Written Blocks": 0,
          "I/O Read Time": 0.000,
          "I/O Write Time": 0.000,
          "Plans": [
            {
              "Node Type": "Aggregate",
              "Strategy": "Hashed",
              "Parent Relationship": "Outer",
              "Startup Cost": 16994.41,
              "Total Cost": 17006.65,
              "Plan Rows": 816,
              "Plan Width": 133,
              "Actual Startup Time": 723.877,
              "Actual Total Time": 724.417,
              "Actual Rows": 832,
              "Actual Loops": 1,
              "Output": ["c.state", "cat.categoryname", "sum(o.netamount)", "sum(o.totalamount)"],
              "Group Key": ["c.state", "cat.categoryname"],
              "Shared Hit Blocks": 13,
              "Shared Read Blocks": 1392,
              "Shared Dirtied Blocks": 0,
              "Shared Written Blocks": 0,
              "Local Hit Blocks": 0,
              "Local Read Blocks": 0,
              "Local Dirtied Blocks": 0,
              "Local Written Blocks": 0,
              "Temp Read Blocks": 0,
              "Temp Written Blocks": 0,
              "I/O Read Time": 0.000,
              "I/O Write Time": 0.000,
              "Plans": [
                {
                  "Node Type": "Hash Join",
                  "Parent Relationship": "Outer",
                  "Join Type": "Inner",
                  "Startup Cost": 4966.48,
                  "Total Cost": 13742.65,
                  "Plan Rows": 325176,
                  "Plan Width": 133,
                  "Actual Startup Time": 118.314,
                  "Actual Total Time": 354.285,
                  "Actual Rows": 383270,
                  "Actual Loops": 1,
                  "Output": ["c.state", "o.netamount", "o.totalamount", "cat.categoryname"],
                  "Hash Cond": "(o.orderid = ch.orderid)",
                  "Shared Hit Blocks": 13,
                  "Shared Read Blocks": 1392,
                  "Shared Dirtied Blocks": 0,
                  "Shared Written Blocks": 0,
                  "Local Hit Blocks": 0,
                  "Local Read Blocks": 0,
                  "Local Dirtied Blocks": 0,
                  "Local Written Blocks": 0,
                  "Temp Read Blocks": 0,
                  "Temp Written Blocks": 0,
                  "I/O Read Time": 0.000,
                  "I/O Write Time": 0.000,
                  "Plans": [
                    {
                      "Node Type": "Hash Join",
                      "Parent Relationship": "Outer",
                      "Join Type": "Inner",
                      "Startup Cost": 834.86,
                      "Total Cost": 4539.11,
                      "Plan Rows": 60350,
                      "Plan Width": 138,
                      "Actual Startup Time": 22.651,
                      "Actual Total Time": 133.484,
                      "Actual Rows": 60350,
                      "Actual Loops": 1,
                      "Output": ["o.netamount", "o.totalamount", "o.orderid", "ol.orderid", "cat.categoryname"],
                      "Hash Cond": "(ol.orderid = o.orderid)",
                      "Shared Hit Blocks": 9,
                      "Shared Read Blocks": 581,
                      "Shared Dirtied Blocks": 0,
                      "Shared Written Blocks": 0,
                      "Local Hit Blocks": 0,
                      "Local Read Blocks": 0,
                      "Local Dirtied Blocks": 0,
                      "Local Written Blocks": 0,
                      "Temp Read Blocks": 0,
                      "Temp Written Blocks": 0,
                      "I/O Read Time": 0.000,
                      "I/O Write Time": 0.000,
                      "Plans": [
                        {
                          "Node Type": "Hash Join",
                          "Parent Relationship": "Outer",
                          "Join Type": "Inner",
                          "Startup Cost": 464.86,
                          "Total Cost": 2962.11,
                          "Plan Rows": 60350,
                          "Plan Width": 122,
                          "Actual Startup Time": 12.467,
                          "Actual Total Time": 85.647,
                          "Actual Rows": 60350,
                          "Actual Loops": 1,
                          "Output": ["ol.orderid", "cat.categoryname"],
                          "Hash Cond": "(ol.prod_id = p.prod_id)",
                          "Shared Hit Blocks": 4,
                          "Shared Read Blocks": 483,
                          "Shared Dirtied Blocks": 0,
                          "Shared Written Blocks": 0,
                          "Local Hit Blocks": 0,
                          "Local Read Blocks": 0,
                          "Local Dirtied Blocks": 0,
                          "Local Written Blocks": 0,
                          "Temp Read Blocks": 0,
                          "Temp Written Blocks": 0,
                          "I/O Read Time": 0.000,
                          "I/O Write Time": 0.000,
                          "Plans": [
                            {
                              "Node Type": "Seq Scan",
                              "Parent Relationship": "Outer",
                              "Relation Name": "orderlines",
                              "Schema": "public",
                              "Alias": "ol",
                              "Startup Cost": 0.00,
                              "Total Cost": 988.50,
                              "Plan Rows": 60350,
                              "Plan Width": 8,
                              "Actual Startup Time": 0.005,
                              "Actual Total Time": 14.054,
                              "Actual Rows": 60350,
                              "Actual Loops": 1,
                              "Output": ["ol.orderlineid", "ol.orderid", "ol.prod_id", "ol.quantity", "ol.orderdate"],
                              "Shared Hit Blocks": 2,
                              "Shared Read Blocks": 383,
                              "Shared Dirtied Blocks": 0,
                              "Shared Written Blocks": 0,
                              "Local Hit Blocks": 0,
                              "Local Read Blocks": 0,
                              "Local Dirtied Blocks": 0,
                              "Local Written Blocks": 0,
                              "Temp Read Blocks": 0,
                              "Temp Written Blocks": 0,
                              "I/O Read Time": 0.000,
                              "I/O Write Time": 0.000
                            },
                            {
                              "Node Type": "Hash",
                              "Parent Relationship": "Inner",
                              "Startup Cost": 339.86,
                              "Total Cost": 339.86,
                              "Plan Rows": 10000,
                              "Plan Width": 122,
                              "Actual Startup Time": 12.446,
                              "Actual Total Time": 12.446,
                              "Actual Rows": 10000,
                              "Actual Loops": 1,
                              "Output": ["p.prod_id", "cat.categoryname"],
                              "Hash Buckets": 1024,
                              "Hash Batches": 1,
                              "Original Hash Batches": 1,
                              "Peak Memory Usage": 425,
                              "Shared Hit Blocks": 2,
                              "Shared Read Blocks": 100,
                              "Shared Dirtied Blocks": 0,
                              "Shared Written Blocks": 0,
                              "Local Hit Blocks": 0,
                              "Local Read Blocks": 0,
                              "Local Dirtied Blocks": 0,
                              "Local Written Blocks": 0,
                              "Temp Read Blocks": 0,
                              "Temp Written Blocks": 0,
                              "I/O Read Time": 0.000,
                              "I/O Write Time": 0.000,
                              "Plans": [
                                {
                                  "Node Type": "Hash Join",
                                  "Parent Relationship": "Outer",
                                  "Join Type": "Inner",
                                  "Startup Cost": 1.36,
                                  "Total Cost": 339.86,
                                  "Plan Rows": 10000,
                                  "Plan Width": 122,
                                  "Actual Startup Time": 0.283,
                                  "Actual Total Time": 9.015,
                                  "Actual Rows": 10000,
                                  "Actual Loops": 1,
                                  "Output": ["p.prod_id", "cat.categoryname"],
                                  "Hash Cond": "(p.category = cat.category)",
                                  "Shared Hit Blocks": 2,
                                  "Shared Read Blocks": 100,
                                  "Shared Dirtied Blocks": 0,
                                  "Shared Written Blocks": 0,
                                  "Local Hit Blocks": 0,
                                  "Local Read Blocks": 0,
                                  "Local Dirtied Blocks": 0,
                                  "Local Written Blocks": 0,
                                  "Temp Read Blocks": 0,
                                  "Temp Written Blocks": 0,
                                  "I/O Read Time": 0.000,
                                  "I/O Write Time": 0.000,
                                  "Plans": [
                                    {
                                      "Node Type": "Seq Scan",
                                      "Parent Relationship": "Outer",
                                      "Relation Name": "products",
                                      "Schema": "public",
                                      "Alias": "p",
                                      "Startup Cost": 0.00,
                                      "Total Cost": 201.00,
                                      "Plan Rows": 10000,
                                      "Plan Width": 8,
                                      "Actual Startup Time": 0.003,
                                      "Actual Total Time": 4.330,
                                      "Actual Rows": 10000,
                                      "Actual Loops": 1,
                                      "Output": ["p.prod_id", "p.category", "p.title", "p.actor", "p.price", "p.special", "p.common_prod_id"],
                                      "Shared Hit Blocks": 2,
                                      "Shared Read Blocks": 99,
                                      "Shared Dirtied Blocks": 0,
                                      "Shared Written Blocks": 0,
                                      "Local Hit Blocks": 0,
                                      "Local Read Blocks": 0,
                                      "Local Dirtied Blocks": 0,
                                      "Local Written Blocks": 0,
                                      "Temp Read Blocks": 0,
                                      "Temp Written Blocks": 0,
                                      "I/O Read Time": 0.000,
                                      "I/O Write Time": 0.000
                                    },
                                    {
                                      "Node Type": "Hash",
                                      "Parent Relationship": "Inner",
                                      "Startup Cost": 1.16,
                                      "Total Cost": 1.16,
                                      "Plan Rows": 16,
                                      "Plan Width": 122,
                                      "Actual Startup Time": 0.265,
                                      "Actual Total Time": 0.265,
                                      "Actual Rows": 16,
                                      "Actual Loops": 1,
                                      "Output": ["cat.categoryname", "cat.category"],
                                      "Hash Buckets": 1024,
                                      "Hash Batches": 1,
                                      "Original Hash Batches": 1,
                                      "Peak Memory Usage": 1,
                                      "Shared Hit Blocks": 0,
                                      "Shared Read Blocks": 1,
                                      "Shared Dirtied Blocks": 0,
                                      "Shared Written Blocks": 0,
                                      "Local Hit Blocks": 0,
                                      "Local Read Blocks": 0,
                                      "Local Dirtied Blocks": 0,
                                      "Local Written Blocks": 0,
                                      "Temp Read Blocks": 0,
                                      "Temp Written Blocks": 0,
                                      "I/O Read Time": 0.000,
                                      "I/O Write Time": 0.000,
                                      "Plans": [
                                        {
                                          "Node Type": "Seq Scan",
                                          "Parent Relationship": "Outer",
                                          "Relation Name": "categories",
                                          "Schema": "public",
                                          "Alias": "cat",
                                          "Startup Cost": 0.00,
                                          "Total Cost": 1.16,
                                          "Plan Rows": 16,
                                          "Plan Width": 122,
                                          "Actual Startup Time": 0.250,
                                          "Actual Total Time": 0.252,
                                          "Actual Rows": 16,
                                          "Actual Loops": 1,
                                          "Output": ["cat.categoryname", "cat.category"],
                                          "Shared Hit Blocks": 0,
                                          "Shared Read Blocks": 1,
                                          "Shared Dirtied Blocks": 0,
                                          "Shared Written Blocks": 0,
                                          "Local Hit Blocks": 0,
                                          "Local Read Blocks": 0,
                                          "Local Dirtied Blocks": 0,
                                          "Local Written Blocks": 0,
                                          "Temp Read Blocks": 0,
                                          "Temp Written Blocks": 0,
                                          "I/O Read Time": 0.000,
                                          "I/O Write Time": 0.000
                                        }
                                      ]
                                    }
                                  ]
                                }
                              ]
                            }
                          ]
                        },
                        {
                          "Node Type": "Hash",
                          "Parent Relationship": "Inner",
                          "Startup Cost": 220.00,
                          "Total Cost": 220.00,
                          "Plan Rows": 12000,
                          "Plan Width": 16,
                          "Actual Startup Time": 10.159,
                          "Actual Total Time": 10.159,
                          "Actual Rows": 12000,
                          "Actual Loops": 1,
                          "Output": ["o.netamount", "o.totalamount", "o.orderid"],
                          "Hash Buckets": 2048,
                          "Hash Batches": 1,
                          "Original Hash Batches": 1,
                          "Peak Memory Usage": 609,
                          "Shared Hit Blocks": 2,
                          "Shared Read Blocks": 98,
                          "Shared Dirtied Blocks": 0,
                          "Shared Written Blocks": 0,
                          "Local Hit Blocks": 0,
                          "Local Read Blocks": 0,
                          "Local Dirtied Blocks": 0,
                          "Local Written Blocks": 0,
                          "Temp Read Blocks": 0,
                          "Temp Written Blocks": 0,
                          "I/O Read Time": 0.000,
                          "I/O Write Time": 0.000,
                          "Plans": [
                            {
                              "Node Type": "Seq Scan",
                              "Parent Relationship": "Outer",
                              "Relation Name": "orders",
                              "Schema": "public",
                              "Alias": "o",
                              "Startup Cost": 0.00,
                              "Total Cost": 220.00,
                              "Plan Rows": 12000,
                              "Plan Width": 16,
                              "Actual Startup Time": 0.008,
                              "Actual Total Time": 5.548,
                              "Actual Rows": 12000,
                              "Actual Loops": 1,
                              "Output": ["o.netamount", "o.totalamount", "o.orderid"],
                              "Shared Hit Blocks": 2,
                              "Shared Read Blocks": 98,
                              "Shared Dirtied Blocks": 0,
                              "Shared Written Blocks": 0,
                              "Local Hit Blocks": 0,
                              "Local Read Blocks": 0,
                              "Local Dirtied Blocks": 0,
                              "Local Written Blocks": 0,
                              "Temp Read Blocks": 0,
                              "Temp Written Blocks": 0,
                              "I/O Read Time": 0.000,
                              "I/O Write Time": 0.000
                            }
                          ]
                        }
                      ]
                    },
                    {
                      "Node Type": "Hash",
                      "Parent Relationship": "Inner",
                      "Startup Cost": 3377.25,
                      "Total Cost": 3377.25,
                      "Plan Rows": 60350,
                      "Plan Width": 7,
                      "Actual Startup Time": 95.610,
                      "Actual Total Time": 95.610,
                      "Actual Rows": 60350,
                      "Actual Loops": 1,
                      "Output": ["c.state", "ch.orderid"],
                      "Hash Buckets": 8192,
                      "Hash Batches": 1,
                      "Original Hash Batches": 1,
                      "Peak Memory Usage": 2239,
                      "Shared Hit Blocks": 4,
                      "Shared Read Blocks": 811,
                      "Shared Dirtied Blocks": 0,
                      "Shared Written Blocks": 0,
                      "Local Hit Blocks": 0,
                      "Local Read Blocks": 0,
                      "Local Dirtied Blocks": 0,
                      "Local Written Blocks": 0,
                      "Temp Read Blocks": 0,
                      "Temp Written Blocks": 0,
                      "I/O Read Time": 0.000,
                      "I/O Write Time": 0.000,
                      "Plans": [
                        {
                          "Node Type": "Hash Join",
                          "Parent Relationship": "Outer",
                          "Join Type": "Inner",
                          "Startup Cost": 938.00,
                          "Total Cost": 3377.25,
                          "Plan Rows": 60350,
                          "Plan Width": 7,
                          "Actual Startup Time": 24.115,
                          "Actual Total Time": 74.639,
                          "Actual Rows": 60350,
                          "Actual Loops": 1,
                          "Output": ["c.state", "ch.orderid"],
                          "Hash Cond": "(ch.customerid = c.customerid)",
                          "Shared Hit Blocks": 4,
                          "Shared Read Blocks": 811,
                          "Shared Dirtied Blocks": 0,
                          "Shared Written Blocks": 0,
                          "Local Hit Blocks": 0,
                          "Local Read Blocks": 0,
                          "Local Dirtied Blocks": 0,
                          "Local Written Blocks": 0,
                          "Temp Read Blocks": 0,
                          "Temp Written Blocks": 0,
                          "I/O Read Time": 0.000,
                          "I/O Write Time": 0.000,
                          "Plans": [
                            {
                              "Node Type": "Seq Scan",
                              "Parent Relationship": "Outer",
                              "Relation Name": "cust_hist",
                              "Schema": "public",
                              "Alias": "ch",
                              "Startup Cost": 0.00,
                              "Total Cost": 930.50,
                              "Plan Rows": 60350,
                              "Plan Width": 8,
                              "Actual Startup Time": 0.294,
                              "Actual Total Time": 11.812,
                              "Actual Rows": 60350,
                              "Actual Loops": 1,
                              "Output": ["ch.customerid", "ch.orderid", "ch.prod_id"],
                              "Shared Hit Blocks": 2,
                              "Shared Read Blocks": 325,
                              "Shared Dirtied Blocks": 0,
                              "Shared Written Blocks": 0,
                              "Local Hit Blocks": 0,
                              "Local Read Blocks": 0,
                              "Local Dirtied Blocks": 0,
                              "Local Written Blocks": 0,
                              "Temp Read Blocks": 0,
                              "Temp Written Blocks": 0,
                              "I/O Read Time": 0.000,
                              "I/O Write Time": 0.000
                            },
                            {
                              "Node Type": "Hash",
                              "Parent Relationship": "Inner",
                              "Startup Cost": 688.00,
                              "Total Cost": 688.00,
                              "Plan Rows": 20000,
                              "Plan Width": 7,
                              "Actual Startup Time": 23.786,
                              "Actual Total Time": 23.786,
                              "Actual Rows": 20000,
                              "Actual Loops": 1,
                              "Output": ["c.state", "c.customerid"],
                              "Hash Buckets": 2048,
                              "Hash Batches": 1,
                              "Original Hash Batches": 1,
                              "Peak Memory Usage": 743,
                              "Shared Hit Blocks": 2,
                              "Shared Read Blocks": 486,
                              "Shared Dirtied Blocks": 0,
                              "Shared Written Blocks": 0,
                              "Local Hit Blocks": 0,
                              "Local Read Blocks": 0,
                              "Local Dirtied Blocks": 0,
                              "Local Written Blocks": 0,
                              "Temp Read Blocks": 0,
                              "Temp Written Blocks": 0,
                              "I/O Read Time": 0.000,
                              "I/O Write Time": 0.000,
                              "Plans": [
                                {
                                  "Node Type": "Seq Scan",
                                  "Parent Relationship": "Outer",
                                  "Relation Name": "customers",
                                  "Schema": "public",
                                  "Alias": "c",
                                  "Startup Cost": 0.00,
                                  "Total Cost": 688.00,
                                  "Plan Rows": 20000,
                                  "Plan Width": 7,
                                  "Actual Startup Time": 0.005,
                                  "Actual Total Time": 16.771,
                                  "Actual Rows": 20000,
                                  "Actual Loops": 1,
                                  "Output": ["c.state", "c.customerid"],
                                  "Shared Hit Blocks": 2,
                                  "Shared Read Blocks": 486,
                                  "Shared Dirtied Blocks": 0,
                                  "Shared Written Blocks": 0,
                                  "Local Hit Blocks": 0,
                                  "Local Read Blocks": 0,
                                  "Local Dirtied Blocks": 0,
                                  "Local Written Blocks": 0,
                                  "Temp Read Blocks": 0,
                                  "Temp Written Blocks": 0,
                                  "I/O Read Time": 0.000,
                                  "I/O Write Time": 0.000
                                }
                              ]
                            }
                          ]
                        }
                      ]
                    }
                  ]
                }
              ]
            }
          ]
        }
      ]
    },
    "Planning Time": 26.171,
    "Triggers": [
    ],
    "Execution Time": 726.800
  }
]
`,oQ=`/* An aggregate with four joins */
SELECT c.state,
  cat.categoryname,
  sum(o.netamount),
  sum(o.totalamount)
FROM customers c
  INNER JOIN cust_hist ch ON c.customerid = ch.customerid
  INNER JOIN orders o ON ch.orderid = o.orderid
  INNER JOIN orderlines ol ON ol.orderid = o.orderid
  INNER JOIN products p ON ol.prod_id = p.prod_id
  INNER JOIN categories cat ON p.category = cat.category
GROUP BY c.state, cat.categoryname
ORDER BY c.state, sum(o.totalamount) DESC LIMIT 10 OFFSET 1;
`,aQ=`"Limit  (cost=1.27..3878.21 rows=5 width=172) (actual time=0.245..2.544 rows=5 loops=1)"
"  ->  Nested Loop  (cost=1.27..48075.41 rows=62 width=172) (actual time=0.244..2.539 rows=5 loops=1)"
"        ->  Nested Loop  (cost=0.84..2420.02 rows=65 width=85) (actual time=0.137..0.151 rows=5 loops=1)"
"              ->  Nested Loop  (cost=0.42..2356.20 rows=5 width=85) (actual time=0.118..0.119 rows=1 loops=1)"
"                    ->  Seq Scan on top_challenge_list  (cost=0.00..30.26 rows=58 width=57) (actual time=0.036..0.043 rows=4 loops=1)"
"                          Filter: (is_active AND ((template_challenge)::text = 'top_turnover'::text))"
"                          Rows Removed by Filter: 26"
"                    ->  Index Scan using ref_people_xperf1 on ref_people  (cost=0.42..40.09 rows=1 width=28) (actual time=0.017..0.017 rows=0 loops=4)"
"                          Index Cond: (id_int = top_challenge_list.id_int_manager)"
"                          Filter: (is_active AND (id_statut <> 2) AND (COALESCE(id_qualification, 1) >= 1) AND (id_type = 5))"
"                          Rows Removed by Filter: 4"
"              ->  Index Scan using ref_genealogy_xperf5 on ref_genealogy  (cost=0.42..12.56 rows=20 width=8) (actual time=0.017..0.026 rows=5 loops=1)"
"                    Index Cond: (id_int = ref_people.id_int)"
"                    Filter: is_active"
"        ->  Index Scan using ref_people_xperf1 on ref_people filleuls  (cost=0.42..0.82 rows=1 width=47) (actual time=0.012..0.030 rows=1 loops=5)"
"              Index Cond: (id_int = ref_genealogy.id_int_level)"
"              Filter: (is_active AND (id_type = ANY ('{5,14}'::integer[])))"
"              Rows Removed by Filter: 7"
"        SubPlan 1"
"          ->  Aggregate  (cost=361.46..361.47 rows=1 width=8) (actual time=0.233..0.233 rows=1 loops=5)"
"                ->  Index Scan using ref_transaction_xperf4 on ref_transaction  (cost=0.42..361.46 rows=1 width=8) (actual time=0.155..0.229 rows=0 loops=5)"
"                      Index Cond: (id_int_agent_out = filleuls.id_int)"
"                      Filter: (is_active AND (date_acte IS NOT NULL) AND (date_acte >= top_challenge_list.date_deb_challenge) AND (date_acte <= top_challenge_list.date_fin_challenge) AND (id_type_transaction = 1))"
"                      Rows Removed by Filter: 100"
"        SubPlan 2"
"          ->  Aggregate  (cost=373.99..374.00 rows=1 width=8) (actual time=0.177..0.178 rows=1 loops=5)"
"                ->  Index Scan using ref_transaction_xperf3 on ref_transaction ref_transaction_1  (cost=0.42..373.99 rows=1 width=8) (actual time=0.117..0.174 rows=0 loops=5)"
"                      Index Cond: (id_int_agent_in = filleuls.id_int)"
"                      Filter: (is_active AND (date_acte IS NOT NULL) AND (date_acte >= top_challenge_list.date_deb_challenge) AND (date_acte <= top_challenge_list.date_fin_challenge) AND (id_type_transaction = 1))"
"                      Rows Removed by Filter: 102"
"Planning Time: 2.916 ms"
"Execution Time: 2.900 ms"`,lQ=String.raw`
                                                                         QUERY PLAN

 Merge on public.t1  (cost=1824058.07..1336099696.57 rows=0 width=0) (actual time=16254.981..16254.984 rows=0 loops=1)
   Tuples: deleted=2499999
   Buffers: shared hit=5002762 read=51294 dirtied=13514 written=8006, local hit=7541658 read=25779 dirtied=46608 written=67441, temp read=98262 written=150446
   WAL: records=2500630 fpi=8047 bytes=200763653
   CTE t2bb
     ->  Update on pg_temp.t2  (cost=0.00..54898.62 rows=2912462 width=14) (actual time=244.180..2939.572 rows=2499999 loops=1)
           Output: t2.i, t2.x, t2.filler
           Buffers: local hit=7541658 read=25779 dirtied=46608 written=67441
           ->  Seq Scan on pg_temp.t2  (cost=0.00..54898.62 rows=2912462 width=14) (actual time=226.341..690.083 rows=2499999 loops=1)
                 Output: NULL::double precision, t2.ctid
                 Buffers: local read=25774 dirtied=25774 written=25771
   CTE t2b
     ->  Sort  (cost=650151.19..657432.35 rows=2912462 width=52) (actual time=5387.848..5800.321 rows=2499999 loops=1)
           Output: t2bb.i, t2bb.x, t2bb.filler, (random())
           Sort Key: (random())
           Sort Method: external merge  Disk: 141936kB
           Buffers: shared hit=3, local hit=7541658 read=25779 dirtied=46608 written=67441, temp read=35480 written=49892
           ->  CTE Scan on t2bb  (cost=0.00..65530.39 rows=2912462 width=52) (actual time=244.188..3856.231 rows=2499999 loops=1)
                 Output: t2bb.i, t2bb.x, t2bb.filler, random()
                 Buffers: local hit=7541658 read=25779 dirtied=46608 written=67441, temp written=14343
   ->  Merge Left Join  (cost=1111727.10..1335387365.61 rows=88949720377 width=42) (actual time=10989.361..12903.243 rows=2499999 loops=1)
         Output: t1.ctid, t2b.i, t2b.filler
         Merge Cond: (t2b.i = t1.i)
         Buffers: shared hit=15647 read=38411 dirtied=631, local hit=7541658 read=25779 dirtied=46608 written=67441, temp read=98262 written=150446
         WAL: records=631 fpi=631 bytes=5182403
         ->  Sort  (cost=530235.49..537516.64 rows=2912462 width=36) (actual time=7556.652..7928.837 rows=2499999 loops=1)
               Output: t2b.i, t2b.filler
               Sort Key: t2b.i
               Sort Method: external merge  Disk: 115072kB
               Buffers: shared hit=3, local hit=7541658 read=25779 dirtied=46608 written=67441, temp read=64238 written=96414
               ->  CTE Scan on t2b  (cost=0.00..58249.24 rows=2912462 width=36) (actual time=5387.869..6356.641 rows=2499999 loops=1)
                     Output: t2b.i, t2b.filler
                     Buffers: shared hit=3, local hit=7541658 read=25779 dirtied=46608 written=67441, temp read=35480 written=67592
         ->  Materialize  (cost=1012385.82..1042926.89 rows=6108215 width=10) (actual time=3432.664..4124.070 rows=2500000 loops=1)
               Output: t1.ctid, t1.i
               Buffers: shared hit=15644 read=38411 dirtied=631, temp read=34024 written=54032
               WAL: records=631 fpi=631 bytes=5182403
               ->  Sort  (cost=1012385.82..1027656.36 rows=6108215 width=10) (actual time=3432.659..3773.369 rows=2500000 loops=1)
                     Output: t1.ctid, t1.i
                     Sort Key: t1.i
                     Sort Method: external merge  Disk: 215352kB
                     Buffers: shared hit=15644 read=38411 dirtied=631, temp read=34024 written=54032
                     WAL: records=631 fpi=631 bytes=5182403
                     ->  Seq Scan on public.t1  (cost=0.00..115137.15 rows=6108215 width=10) (actual time=0.031..1073.371 rows=10000000 loops=1)
                           Output: t1.ctid, t1.i
                           Buffers: shared hit=15644 read=38411 dirtied=631
                           WAL: records=631 fpi=631 bytes=5182403
 Planning:
   Buffers: shared hit=21 read=7
 Planning Time: 0.237 ms
 JIT:
   Functions: 20
   Options: Inlining true, Optimization true, Expressions true, Deforming true
   Timing: Generation 0.948 ms, Inlining 76.071 ms, Optimization 97.998 ms, Emission 70.028 ms, Total 245.045 ms
 Execution Time: 16365.829 ms
(55 lignes)
`,cQ=String.raw`
-- create a plan with all written/buffers/shared/local/temp at once

\timing off

\set NB 10000000
\set MINIMUM :NB/4


SET synchronous_commit TO off;

\set ON_ERROR_STOP 1

\set ECHO queries

DROP TABLE  IF EXISTS t1, t2 ;

CREATE TABLE t1 (i int GENERATED BY DEFAULT AS IDENTITY, x float DEFAULT random(), filler text DEFAULT NULL) ;

CREATE TEMP TABLE t2 (LIKE t1);
VACUUM (ANALYZE,VERBOSE) t1,t2;

\d+ t1
\d+ t2

INSERT INTO t1 SELECT FROM generate_series (1,:NB) i ;

INSERT INTO t2 SELECT i,x,md5(i::text) FROM t1 WHERE i < :MINIMUM ;

\dt+ t?

SET work_mem TO '4MB' ;

\echo "Update T1 from a modified version of T2"

EXPLAIN (ANALYZE,BUFFERS,VERBOSE,SETTINGS,WAL)
WITH t2bb AS ( UPDATE t2 SET x=null RETURNING * ),
t2b AS ( SELECT * FROM t2bb ORDER BY random())
MERGE INTO t1
USING t2b
ON (t1.i=t2b.i)
WHEN NOT MATCHED AND t2b.i >= :MINIMUM THEN
  INSERT VALUES (t2b.i, null, t2b.filler)
WHEN MATCHED AND t2b.i < :MINIMUM THEN
  DELETE
WHEN MATCHED THEN
  UPDATE SET filler=t2b.filler, x=null ;
`,uQ=`Append (actual time=102.409..302.675 rows=3 loops=1)
  CTE init
    ->  Append (actual time=102.397..302.649 rows=2 loops=1)
          ->  Function Scan on pg_sleep pg_sleep_for (actual time=102.396..102.398 rows=1 loops=1)
          ->  Function Scan on pg_sleep pg_sleep_for_1 (actual time=200.243..200.245 rows=1 loops=1)
  ->  Limit (actual time=102.407..102.409 rows=1 loops=1)
        ->  CTE Scan on init init_1 (actual time=102.402..102.402 rows=1 loops=1)
  ->  CTE Scan on init (actual time=0.001..200.256 rows=2 loops=1)
Planning Time: 47.003 ms
Execution Time: 303.905 ms
`,dQ=`WITH init AS (
 SELECT * FROM pg_sleep_for('100ms')
 UNION ALL
 SELECT * FROM pg_sleep_for('200ms')
)
(SELECT * FROM init LIMIT 1)
UNION ALL
(SELECT * FROM init);
`,fQ=String.raw`{
  "Plan": {
    "Node Type": "Hash Join",
    "Parallel Aware": false,
    "Join Type": "Left",
    "Startup Cost": 394.93,
    "Total Cost": 417.11,
    "Plan Rows": 12,
    "Plan Width": 316,
    "Actual Startup Time": 226.103,
    "Actual Total Time": 232.217,
    "Actual Rows": 62,
    "Actual Loops": 1,
    "Output": [
      "c.relname",
      "(pg_total_relation_size((c.oid)::regclass))",
      "(pg_indexes_size((c.oid)::regclass))",
      "(COALESCE(pg_total_relation_size((c.reltoastrelid)::regclass), '0'::bigint))",
      "(((pg_total_relation_size((c.oid)::regclass)) - (pg_indexes_size((c.oid)::regclass))) - (COALESCE(pg_total_relation_size((c.reltoastrelid)::regclass), '0'::bigint)))",
      "COALESCE((count(*)), '0'::bigint)",
      "pg_size_pretty((pg_total_relation_size((c.oid)::regclass)))",
      "pg_size_pretty((pg_indexes_size((c.oid)::regclass)))",
      "pg_size_pretty((COALESCE(pg_total_relation_size((c.reltoastrelid)::regclass), '0'::bigint)))",
      "pg_size_pretty((((pg_total_relation_size((c.oid)::regclass)) - (pg_indexes_size((c.oid)::regclass))) - (COALESCE(pg_total_relation_size((c.reltoastrelid)::regclass), '0'::bigint))))",
      "CASE WHEN ((((s.heappages + s.toastpages))::double precision - (ceil((s.reltuples / ((((s.bs - (s.page_hdr)::numeric) * (s.fillfactor)::numeric))::double precision / (((((((4 + s.tpl_hdr_size))::double precision + s.tpl_data_size) + ((2 * s.ma))::double precision) - (CASE WHEN ((s.tpl_hdr_size % (s.ma)::bigint) = 0) THEN (s.ma)::bigint ELSE (s.tpl_hdr_size % (s.ma)::bigint) END)::double precision) - (CASE WHEN (((ceil(s.tpl_data_size))::integer % s.ma) = 0) THEN s.ma ELSE ((ceil(s.tpl_data_size))::integer % s.ma) END)::double precision) * '100'::double precision)))) + ceil((s.toasttuples / '4'::double precision)))) > '0'::double precision) THEN ((((s.heappages + s.toastpages))::double precision - (ceil((s.reltuples / ((((s.bs - (s.page_hdr)::numeric) * (s.fillfactor)::numeric))::double precision / (((((((4 + s.tpl_hdr_size))::double precision + s.tpl_data_size) + ((2 * s.ma))::double precision) - (CASE WHEN ((s.tpl_hdr_size % (s.ma)::bigint) = 0) THEN (s.ma)::bigint ELSE (s.tpl_hdr_size % (s.ma)::bigint) END)::double precision) - (CASE WHEN (((ceil(s.tpl_data_size))::integer % s.ma) = 0) THEN s.ma ELSE ((ceil(s.tpl_data_size))::integer % s.ma) END)::double precision) * '100'::double precision)))) + ceil((s.toasttuples / '4'::double precision)))) * (s.bs)::double precision) ELSE '0'::double precision END",
      "pg_size_pretty((CASE WHEN ((((s.heappages + s.toastpages))::double precision - (ceil((s.reltuples / ((((s.bs - (s.page_hdr)::numeric) * (s.fillfactor)::numeric))::double precision / (((((((4 + s.tpl_hdr_size))::double precision + s.tpl_data_size) + ((2 * s.ma))::double precision) - (CASE WHEN ((s.tpl_hdr_size % (s.ma)::bigint) = 0) THEN (s.ma)::bigint ELSE (s.tpl_hdr_size % (s.ma)::bigint) END)::double precision) - (CASE WHEN (((ceil(s.tpl_data_size))::integer % s.ma) = 0) THEN s.ma ELSE ((ceil(s.tpl_data_size))::integer % s.ma) END)::double precision) * '100'::double precision)))) + ceil((s.toasttuples / '4'::double precision)))) > '0'::double precision) THEN ((((s.heappages + s.toastpages))::double precision - (ceil((s.reltuples / ((((s.bs - (s.page_hdr)::numeric) * (s.fillfactor)::numeric))::double precision / (((((((4 + s.tpl_hdr_size))::double precision + s.tpl_data_size) + ((2 * s.ma))::double precision) - (CASE WHEN ((s.tpl_hdr_size % (s.ma)::bigint) = 0) THEN (s.ma)::bigint ELSE (s.tpl_hdr_size % (s.ma)::bigint) END)::double precision) - (CASE WHEN (((ceil(s.tpl_data_size))::integer % s.ma) = 0) THEN s.ma ELSE ((ceil(s.tpl_data_size))::integer % s.ma) END)::double precision) * '100'::double precision)))) + ceil((s.toasttuples / '4'::double precision)))) * (s.bs)::double precision) ELSE '0'::double precision END)::bigint)",
      "(sum((CASE WHEN ((q.relpages)::double precision > COALESCE(('1'::double precision + ceil((q.reltuples / floor((((((((current_setting('block_size'::text))::numeric) - ((16))::numeric) - ((24))::numeric) * (q.fillfactor)::numeric))::double precision / ('100'::double precision * (('4'::numeric + ((((((((CASE WHEN (max(COALESCE(s_3.stanullfrac, '0'::real)) = '0'::double precision) THEN 2 ELSE 6 END) + (CASE WHEN ((version() ~ 'mingw32'::text) OR (version() ~ '64-bit|x86_64|ppc64|ia64|amd64'::text)) THEN 8 ELSE 4 END)) - CASE WHEN (((CASE WHEN (max(COALESCE(s_3.stanullfrac, '0'::real)) = '0'::double precision) THEN 2 ELSE 6 END) % (CASE WHEN ((version() ~ 'mingw32'::text) OR (version() ~ '64-bit|x86_64|ppc64|ia64|amd64'::text)) THEN 8 ELSE 4 END)) = 0) THEN (CASE WHEN ((version() ~ 'mingw32'::text) OR (version() ~ '64-bit|x86_64|ppc64|ia64|amd64'::text)) THEN 8 ELSE 4 END) ELSE ((CASE WHEN (max(COALESCE(s_3.stanullfrac, '0'::real)) = '0'::double precision) THEN 2 ELSE 6 END) % (CASE WHEN ((version() ~ 'mingw32'::text) OR (version() ~ '64-bit|x86_64|ppc64|ia64|amd64'::text)) THEN 8 ELSE 4 END)) END))::double precision + (sum((('1'::double precision - COALESCE(s_3.stanullfrac, '0'::real)) * (COALESCE(s_3.stawidth, 1024))::double precision)))) + ((CASE WHEN ((version() ~ 'mingw32'::text) OR (version() ~ '64-bit|x86_64|ppc64|ia64|amd64'::text)) THEN 8 ELSE 4 END))::double precision) - (CASE WHEN ((sum((('1'::double precision - COALESCE(s_3.stanullfrac, '0'::real)) * (COALESCE(s_3.stawidth, 1024))::double precision))) = '0'::double precision) THEN 0 WHEN ((((sum((('1'::double precision - COALESCE(s_3.stanullfrac, '0'::real)) * (COALESCE(s_3.stawidth, 1024))::double precision))))::integer % (CASE WHEN ((version() ~ 'mingw32'::text) OR (version() ~ '64-bit|x86_64|ppc64|ia64|amd64'::text)) THEN 8 ELSE 4 END)) = 0) THEN (CASE WHEN ((version() ~ 'mingw32'::text) OR (version() ~ '64-bit|x86_64|ppc64|ia64|amd64'::text)) THEN 8 ELSE 4 END) ELSE (((sum((('1'::double precision - COALESCE(s_3.stanullfrac, '0'::real)) * (COALESCE(s_3.stawidth, 1024))::double precision))))::integer % (CASE WHEN ((version() ~ 'mingw32'::text) OR (version() ~ '64-bit|x86_64|ppc64|ia64|amd64'::text)) THEN 8 ELSE 4 END)) END)::double precision))::numeric))::double precision)))))), '0'::double precision)) THEN ((((current_setting('block_size'::text))::numeric))::double precision * ((q.relpages)::double precision - COALESCE(('1'::double precision + ceil((q.reltuples / floor((((((((current_setting('block_size'::text))::numeric) - ((16))::numeric) - ((24))::numeric) * (q.fillfactor)::numeric))::double precision / ('100'::double precision * (('4'::numeric + ((((((((CASE WHEN (max(COALESCE(s_3.stanullfrac, '0'::real)) = '0'::double precision) THEN 2 ELSE 6 END) + (CASE WHEN ((version() ~ 'mingw32'::text) OR (version() ~ '64-bit|x86_64|ppc64|ia64|amd64'::text)) THEN 8 ELSE 4 END)) - CASE WHEN (((CASE WHEN (max(COALESCE(s_3.stanullfrac, '0'::real)) = '0'::double precision) THEN 2 ELSE 6 END) % (CASE WHEN ((version() ~ 'mingw32'::text) OR (version() ~ '64-bit|x86_64|ppc64|ia64|amd64'::text)) THEN 8 ELSE 4 END)) = 0) THEN (CASE WHEN ((version() ~ 'mingw32'::text) OR (version() ~ '64-bit|x86_64|ppc64|ia64|amd64'::text)) THEN 8 ELSE 4 END) ELSE ((CASE WHEN (max(COALESCE(s_3.stanullfrac, '0'::real)) = '0'::double precision) THEN 2 ELSE 6 END) % (CASE WHEN ((version() ~ 'mingw32'::text) OR (version() ~ '64-bit|x86_64|ppc64|ia64|amd64'::text)) THEN 8 ELSE 4 END)) END))::double precision + (sum((('1'::double precision - COALESCE(s_3.stanullfrac, '0'::real)) * (COALESCE(s_3.stawidth, 1024))::double precision)))) + ((CASE WHEN ((version() ~ 'mingw32'::text) OR (version() ~ '64-bit|x86_64|ppc64|ia64|amd64'::text)) THEN 8 ELSE 4 END))::double precision) - (CASE WHEN ((sum((('1'::double precision - COALESCE(s_3.stanullfrac, '0'::real)) * (COALESCE(s_3.stawidth, 1024))::double precision))) = '0'::double precision) THEN 0 WHEN ((((sum((('1'::double precision - COALESCE(s_3.stanullfrac, '0'::real)) * (COALESCE(s_3.stawidth, 1024))::double precision))))::integer % (CASE WHEN ((version() ~ 'mingw32'::text) OR (version() ~ '64-bit|x86_64|ppc64|ia64|amd64'::text)) THEN 8 ELSE 4 END)) = 0) THEN (CASE WHEN ((version() ~ 'mingw32'::text) OR (version() ~ '64-bit|x86_64|ppc64|ia64|amd64'::text)) THEN 8 ELSE 4 END) ELSE (((sum((('1'::double precision - COALESCE(s_3.stanullfrac, '0'::real)) * (COALESCE(s_3.stawidth, 1024))::double precision))))::integer % (CASE WHEN ((version() ~ 'mingw32'::text) OR (version() ~ '64-bit|x86_64|ppc64|ia64|amd64'::text)) THEN 8 ELSE 4 END)) END)::double precision))::numeric))::double precision)))))), '0'::double precision))) ELSE '0'::double precision END)))",
      "pg_size_pretty(((sum((CASE WHEN ((q.relpages)::double precision > COALESCE(('1'::double precision + ceil((q.reltuples / floor((((((((current_setting('block_size'::text))::numeric) - ((16))::numeric) - ((24))::numeric) * (q.fillfactor)::numeric))::double precision / ('100'::double precision * (('4'::numeric + ((((((((CASE WHEN (max(COALESCE(s_3.stanullfrac, '0'::real)) = '0'::double precision) THEN 2 ELSE 6 END) + (CASE WHEN ((version() ~ 'mingw32'::text) OR (version() ~ '64-bit|x86_64|ppc64|ia64|amd64'::text)) THEN 8 ELSE 4 END)) - CASE WHEN (((CASE WHEN (max(COALESCE(s_3.stanullfrac, '0'::real)) = '0'::double precision) THEN 2 ELSE 6 END) % (CASE WHEN ((version() ~ 'mingw32'::text) OR (version() ~ '64-bit|x86_64|ppc64|ia64|amd64'::text)) THEN 8 ELSE 4 END)) = 0) THEN (CASE WHEN ((version() ~ 'mingw32'::text) OR (version() ~ '64-bit|x86_64|ppc64|ia64|amd64'::text)) THEN 8 ELSE 4 END) ELSE ((CASE WHEN (max(COALESCE(s_3.stanullfrac, '0'::real)) = '0'::double precision) THEN 2 ELSE 6 END) % (CASE WHEN ((version() ~ 'mingw32'::text) OR (version() ~ '64-bit|x86_64|ppc64|ia64|amd64'::text)) THEN 8 ELSE 4 END)) END))::double precision + (sum((('1'::double precision - COALESCE(s_3.stanullfrac, '0'::real)) * (COALESCE(s_3.stawidth, 1024))::double precision)))) + ((CASE WHEN ((version() ~ 'mingw32'::text) OR (version() ~ '64-bit|x86_64|ppc64|ia64|amd64'::text)) THEN 8 ELSE 4 END))::double precision) - (CASE WHEN ((sum((('1'::double precision - COALESCE(s_3.stanullfrac, '0'::real)) * (COALESCE(s_3.stawidth, 1024))::double precision))) = '0'::double precision) THEN 0 WHEN ((((sum((('1'::double precision - COALESCE(s_3.stanullfrac, '0'::real)) * (COALESCE(s_3.stawidth, 1024))::double precision))))::integer % (CASE WHEN ((version() ~ 'mingw32'::text) OR (version() ~ '64-bit|x86_64|ppc64|ia64|amd64'::text)) THEN 8 ELSE 4 END)) = 0) THEN (CASE WHEN ((version() ~ 'mingw32'::text) OR (version() ~ '64-bit|x86_64|ppc64|ia64|amd64'::text)) THEN 8 ELSE 4 END) ELSE (((sum((('1'::double precision - COALESCE(s_3.stanullfrac, '0'::real)) * (COALESCE(s_3.stawidth, 1024))::double precision))))::integer % (CASE WHEN ((version() ~ 'mingw32'::text) OR (version() ~ '64-bit|x86_64|ppc64|ia64|amd64'::text)) THEN 8 ELSE 4 END)) END)::double precision))::numeric))::double precision)))))), '0'::double precision)) THEN ((((current_setting('block_size'::text))::numeric))::double precision * ((q.relpages)::double precision - COALESCE(('1'::double precision + ceil((q.reltuples / floor((((((((current_setting('block_size'::text))::numeric) - ((16))::numeric) - ((24))::numeric) * (q.fillfactor)::numeric))::double precision / ('100'::double precision * (('4'::numeric + ((((((((CASE WHEN (max(COALESCE(s_3.stanullfrac, '0'::real)) = '0'::double precision) THEN 2 ELSE 6 END) + (CASE WHEN ((version() ~ 'mingw32'::text) OR (version() ~ '64-bit|x86_64|ppc64|ia64|amd64'::text)) THEN 8 ELSE 4 END)) - CASE WHEN (((CASE WHEN (max(COALESCE(s_3.stanullfrac, '0'::real)) = '0'::double precision) THEN 2 ELSE 6 END) % (CASE WHEN ((version() ~ 'mingw32'::text) OR (version() ~ '64-bit|x86_64|ppc64|ia64|amd64'::text)) THEN 8 ELSE 4 END)) = 0) THEN (CASE WHEN ((version() ~ 'mingw32'::text) OR (version() ~ '64-bit|x86_64|ppc64|ia64|amd64'::text)) THEN 8 ELSE 4 END) ELSE ((CASE WHEN (max(COALESCE(s_3.stanullfrac, '0'::real)) = '0'::double precision) THEN 2 ELSE 6 END) % (CASE WHEN ((version() ~ 'mingw32'::text) OR (version() ~ '64-bit|x86_64|ppc64|ia64|amd64'::text)) THEN 8 ELSE 4 END)) END))::double precision + (sum((('1'::double precision - COALESCE(s_3.stanullfrac, '0'::real)) * (COALESCE(s_3.stawidth, 1024))::double precision)))) + ((CASE WHEN ((version() ~ 'mingw32'::text) OR (version() ~ '64-bit|x86_64|ppc64|ia64|amd64'::text)) THEN 8 ELSE 4 END))::double precision) - (CASE WHEN ((sum((('1'::double precision - COALESCE(s_3.stanullfrac, '0'::real)) * (COALESCE(s_3.stawidth, 1024))::double precision))) = '0'::double precision) THEN 0 WHEN ((((sum((('1'::double precision - COALESCE(s_3.stanullfrac, '0'::real)) * (COALESCE(s_3.stawidth, 1024))::double precision))))::integer % (CASE WHEN ((version() ~ 'mingw32'::text) OR (version() ~ '64-bit|x86_64|ppc64|ia64|amd64'::text)) THEN 8 ELSE 4 END)) = 0) THEN (CASE WHEN ((version() ~ 'mingw32'::text) OR (version() ~ '64-bit|x86_64|ppc64|ia64|amd64'::text)) THEN 8 ELSE 4 END) ELSE (((sum((('1'::double precision - COALESCE(s_3.stanullfrac, '0'::real)) * (COALESCE(s_3.stawidth, 1024))::double precision))))::integer % (CASE WHEN ((version() ~ 'mingw32'::text) OR (version() ~ '64-bit|x86_64|ppc64|ia64|amd64'::text)) THEN 8 ELSE 4 END)) END)::double precision))::numeric))::double precision)))))), '0'::double precision))) ELSE '0'::double precision END))))::bigint)",
      "c.reltuples"
    ],
    "Inner Unique": true,
    "Hash Cond": "((n.nspname = q.nspname) AND (c.relname = q.tblname))",
    "Shared Hit Blocks": 218101,
    "Shared Read Blocks": 0,
    "Shared Dirtied Blocks": 0,
    "Shared Written Blocks": 0,
    "Local Hit Blocks": 0,
    "Local Read Blocks": 0,
    "Local Dirtied Blocks": 0,
    "Local Written Blocks": 0,
    "Temp Read Blocks": 0,
    "Temp Written Blocks": 0,
    "Plans": [
      {
        "Node Type": "Hash Join",
        "Parent Relationship": "Outer",
        "Parallel Aware": false,
        "Join Type": "Inner",
        "Startup Cost": 211.58,
        "Total Cost": 228.59,
        "Plan Rows": 12,
        "Plan Width": 240,
        "Actual Startup Time": 35.727,
        "Actual Total Time": 41.452,
        "Actual Rows": 62,
        "Actual Loops": 1,
        "Output": [
          "c.relname",
          "(pg_total_relation_size((c.oid)::regclass))",
          "(pg_indexes_size((c.oid)::regclass))",
          "(COALESCE(pg_total_relation_size((c.reltoastrelid)::regclass), '0'::bigint))",
          "c.reltuples",
          "n.nspname",
          "(count(*))",
          "s.heappages",
          "s.toastpages",
          "s.reltuples",
          "s.bs",
          "s.page_hdr",
          "s.fillfactor",
          "s.tpl_hdr_size",
          "s.tpl_data_size",
          "s.ma",
          "s.toasttuples"
        ],
        "Inner Unique": false,
        "Hash Cond": "(c.relname = s.tblname)",
        "Shared Hit Blocks": 2449,
        "Shared Read Blocks": 0,
        "Shared Dirtied Blocks": 0,
        "Shared Written Blocks": 0,
        "Local Hit Blocks": 0,
        "Local Read Blocks": 0,
        "Local Dirtied Blocks": 0,
        "Local Written Blocks": 0,
        "Temp Read Blocks": 0,
        "Temp Written Blocks": 0,
        "Plans": [
          {
            "Node Type": "Hash Join",
            "Parent Relationship": "Outer",
            "Parallel Aware": false,
            "Join Type": "Left",
            "Startup Cost": 42.71,
            "Total Cost": 59.55,
            "Plan Rows": 12,
            "Plan Width": 164,
            "Actual Startup Time": 0.697,
            "Actual Total Time": 6.325,
            "Actual Rows": 62,
            "Actual Loops": 1,
            "Output": [
              "c.relname",
              "(pg_total_relation_size((c.oid)::regclass))",
              "(pg_indexes_size((c.oid)::regclass))",
              "(COALESCE(pg_total_relation_size((c.reltoastrelid)::regclass), '0'::bigint))",
              "c.reltuples",
              "n.nspname",
              "(count(*))"
            ],
            "Inner Unique": true,
            "Hash Cond": "(c.relname = c_1.relname)",
            "Shared Hit Blocks": 694,
            "Shared Read Blocks": 0,
            "Shared Dirtied Blocks": 0,
            "Shared Written Blocks": 0,
            "Local Hit Blocks": 0,
            "Local Read Blocks": 0,
            "Local Dirtied Blocks": 0,
            "Local Written Blocks": 0,
            "Temp Read Blocks": 0,
            "Temp Written Blocks": 0,
            "Plans": [
              {
                "Node Type": "Hash Join",
                "Parent Relationship": "Outer",
                "Parallel Aware": false,
                "Join Type": "Inner",
                "Startup Cost": 1.09,
                "Total Cost": 17.77,
                "Plan Rows": 12,
                "Plan Width": 160,
                "Actual Startup Time": 0.151,
                "Actual Total Time": 5.685,
                "Actual Rows": 62,
                "Actual Loops": 1,
                "Output": [
                  "NULL::oid",
                  "n.nspname",
                  "c.relname",
                  "c.reltuples",
                  "pg_total_relation_size((c.oid)::regclass)",
                  "pg_indexes_size((c.oid)::regclass)",
                  "COALESCE(pg_total_relation_size((c.reltoastrelid)::regclass), '0'::bigint)"
                ],
                "Inner Unique": true,
                "Hash Cond": "(c.relnamespace = n.oid)",
                "Shared Hit Blocks": 663,
                "Shared Read Blocks": 0,
                "Shared Dirtied Blocks": 0,
                "Shared Written Blocks": 0,
                "Local Hit Blocks": 0,
                "Local Read Blocks": 0,
                "Local Dirtied Blocks": 0,
                "Local Written Blocks": 0,
                "Temp Read Blocks": 0,
                "Temp Written Blocks": 0,
                "Plans": [
                  {
                    "Node Type": "Seq Scan",
                    "Parent Relationship": "Outer",
                    "Parallel Aware": false,
                    "Relation Name": "pg_class",
                    "Schema": "pg_catalog",
                    "Alias": "c",
                    "Startup Cost": 0.0,
                    "Total Cost": 16.27,
                    "Plan Rows": 69,
                    "Plan Width": 80,
                    "Actual Startup Time": 0.014,
                    "Actual Total Time": 0.135,
                    "Actual Rows": 71,
                    "Actual Loops": 1,
                    "Output": [
                      "c.relname",
                      "c.reltuples",
                      "c.oid",
                      "c.reltoastrelid",
                      "c.relnamespace"
                    ],
                    "Filter": "(c.relkind = 'r'::\"char\")",
                    "Rows Removed by Filter": 277,
                    "Shared Hit Blocks": 12,
                    "Shared Read Blocks": 0,
                    "Shared Dirtied Blocks": 0,
                    "Shared Written Blocks": 0,
                    "Local Hit Blocks": 0,
                    "Local Read Blocks": 0,
                    "Local Dirtied Blocks": 0,
                    "Local Written Blocks": 0,
                    "Temp Read Blocks": 0,
                    "Temp Written Blocks": 0
                  },
                  {
                    "Node Type": "Hash",
                    "Parent Relationship": "Inner",
                    "Parallel Aware": false,
                    "Startup Cost": 1.07,
                    "Total Cost": 1.07,
                    "Plan Rows": 1,
                    "Plan Width": 68,
                    "Actual Startup Time": 0.014,
                    "Actual Total Time": 0.014,
                    "Actual Rows": 1,
                    "Actual Loops": 1,
                    "Output": ["n.nspname", "n.oid"],
                    "Hash Buckets": 1024,
                    "Original Hash Buckets": 1024,
                    "Hash Batches": 1,
                    "Original Hash Batches": 1,
                    "Peak Memory Usage": 9,
                    "Shared Hit Blocks": 1,
                    "Shared Read Blocks": 0,
                    "Shared Dirtied Blocks": 0,
                    "Shared Written Blocks": 0,
                    "Local Hit Blocks": 0,
                    "Local Read Blocks": 0,
                    "Local Dirtied Blocks": 0,
                    "Local Written Blocks": 0,
                    "Temp Read Blocks": 0,
                    "Temp Written Blocks": 0,
                    "Plans": [
                      {
                        "Node Type": "Seq Scan",
                        "Parent Relationship": "Outer",
                        "Parallel Aware": false,
                        "Relation Name": "pg_namespace",
                        "Schema": "pg_catalog",
                        "Alias": "n",
                        "Startup Cost": 0.0,
                        "Total Cost": 1.07,
                        "Plan Rows": 1,
                        "Plan Width": 68,
                        "Actual Startup Time": 0.006,
                        "Actual Total Time": 0.007,
                        "Actual Rows": 1,
                        "Actual Loops": 1,
                        "Output": ["n.nspname", "n.oid"],
                        "Filter": "(n.nspname = 'pg_catalog'::name)",
                        "Rows Removed by Filter": 6,
                        "Shared Hit Blocks": 1,
                        "Shared Read Blocks": 0,
                        "Shared Dirtied Blocks": 0,
                        "Shared Written Blocks": 0,
                        "Local Hit Blocks": 0,
                        "Local Read Blocks": 0,
                        "Local Dirtied Blocks": 0,
                        "Local Written Blocks": 0,
                        "Temp Read Blocks": 0,
                        "Temp Written Blocks": 0
                      }
                    ]
                  }
                ]
              },
              {
                "Node Type": "Hash",
                "Parent Relationship": "Inner",
                "Parallel Aware": false,
                "Startup Cost": 41.44,
                "Total Cost": 41.44,
                "Plan Rows": 14,
                "Plan Width": 72,
                "Actual Startup Time": 0.529,
                "Actual Total Time": 0.529,
                "Actual Rows": 62,
                "Actual Loops": 1,
                "Output": ["(count(*))", "c_1.relname"],
                "Hash Buckets": 1024,
                "Original Hash Buckets": 1024,
                "Hash Batches": 1,
                "Original Hash Batches": 1,
                "Peak Memory Usage": 15,
                "Shared Hit Blocks": 31,
                "Shared Read Blocks": 0,
                "Shared Dirtied Blocks": 0,
                "Shared Written Blocks": 0,
                "Local Hit Blocks": 0,
                "Local Read Blocks": 0,
                "Local Dirtied Blocks": 0,
                "Local Written Blocks": 0,
                "Temp Read Blocks": 0,
                "Temp Written Blocks": 0,
                "Plans": [
                  {
                    "Node Type": "Aggregate",
                    "Strategy": "Sorted",
                    "Partial Mode": "Simple",
                    "Parent Relationship": "Outer",
                    "Parallel Aware": false,
                    "Startup Cost": 41.06,
                    "Total Cost": 41.3,
                    "Plan Rows": 14,
                    "Plan Width": 72,
                    "Actual Startup Time": 0.474,
                    "Actual Total Time": 0.504,
                    "Actual Rows": 62,
                    "Actual Loops": 1,
                    "Output": ["count(*)", "c_1.relname"],
                    "Group Key": ["c_1.relname"],
                    "Shared Hit Blocks": 31,
                    "Shared Read Blocks": 0,
                    "Shared Dirtied Blocks": 0,
                    "Shared Written Blocks": 0,
                    "Local Hit Blocks": 0,
                    "Local Read Blocks": 0,
                    "Local Dirtied Blocks": 0,
                    "Local Written Blocks": 0,
                    "Temp Read Blocks": 0,
                    "Temp Written Blocks": 0,
                    "Plans": [
                      {
                        "Node Type": "Sort",
                        "Parent Relationship": "Outer",
                        "Parallel Aware": false,
                        "Startup Cost": 41.06,
                        "Total Cost": 41.09,
                        "Plan Rows": 14,
                        "Plan Width": 64,
                        "Actual Startup Time": 0.463,
                        "Actual Total Time": 0.469,
                        "Actual Rows": 116,
                        "Actual Loops": 1,
                        "Output": ["c_1.relname"],
                        "Sort Key": ["c_1.relname"],
                        "Sort Method": "quicksort",
                        "Sort Space Used": 41,
                        "Sort Space Type": "Memory",
                        "Shared Hit Blocks": 31,
                        "Shared Read Blocks": 0,
                        "Shared Dirtied Blocks": 0,
                        "Shared Written Blocks": 0,
                        "Local Hit Blocks": 0,
                        "Local Read Blocks": 0,
                        "Local Dirtied Blocks": 0,
                        "Local Written Blocks": 0,
                        "Temp Read Blocks": 0,
                        "Temp Written Blocks": 0,
                        "Plans": [
                          {
                            "Node Type": "Hash Join",
                            "Parent Relationship": "Outer",
                            "Parallel Aware": false,
                            "Join Type": "Inner",
                            "Startup Cost": 23.87,
                            "Total Cost": 40.79,
                            "Plan Rows": 14,
                            "Plan Width": 64,
                            "Actual Startup Time": 0.266,
                            "Actual Total Time": 0.366,
                            "Actual Rows": 116,
                            "Actual Loops": 1,
                            "Output": ["c_1.relname"],
                            "Inner Unique": false,
                            "Hash Cond": "(i.oid = x.indexrelid)",
                            "Shared Hit Blocks": 28,
                            "Shared Read Blocks": 0,
                            "Shared Dirtied Blocks": 0,
                            "Shared Written Blocks": 0,
                            "Local Hit Blocks": 0,
                            "Local Read Blocks": 0,
                            "Local Dirtied Blocks": 0,
                            "Local Written Blocks": 0,
                            "Temp Read Blocks": 0,
                            "Temp Written Blocks": 0,
                            "Plans": [
                              {
                                "Node Type": "Seq Scan",
                                "Parent Relationship": "Outer",
                                "Parallel Aware": false,
                                "Relation Name": "pg_class",
                                "Schema": "pg_catalog",
                                "Alias": "i",
                                "Startup Cost": 0.0,
                                "Total Cost": 16.27,
                                "Plan Rows": 135,
                                "Plan Width": 8,
                                "Actual Startup Time": 0.009,
                                "Actual Total Time": 0.09,
                                "Actual Rows": 137,
                                "Actual Loops": 1,
                                "Output": ["i.oid", "i.reltablespace"],
                                "Filter": "(i.relkind = 'i'::\"char\")",
                                "Rows Removed by Filter": 211,
                                "Shared Hit Blocks": 12,
                                "Shared Read Blocks": 0,
                                "Shared Dirtied Blocks": 0,
                                "Shared Written Blocks": 0,
                                "Local Hit Blocks": 0,
                                "Local Read Blocks": 0,
                                "Local Dirtied Blocks": 0,
                                "Local Written Blocks": 0,
                                "Temp Read Blocks": 0,
                                "Temp Written Blocks": 0
                              },
                              {
                                "Node Type": "Hash",
                                "Parent Relationship": "Inner",
                                "Parallel Aware": false,
                                "Startup Cost": 23.42,
                                "Total Cost": 23.42,
                                "Plan Rows": 36,
                                "Plan Width": 68,
                                "Actual Startup Time": 0.237,
                                "Actual Total Time": 0.237,
                                "Actual Rows": 116,
                                "Actual Loops": 1,
                                "Output": ["x.indexrelid", "c_1.relname"],
                                "Hash Buckets": 1024,
                                "Original Hash Buckets": 1024,
                                "Hash Batches": 1,
                                "Original Hash Batches": 1,
                                "Peak Memory Usage": 20,
                                "Shared Hit Blocks": 16,
                                "Shared Read Blocks": 0,
                                "Shared Dirtied Blocks": 0,
                                "Shared Written Blocks": 0,
                                "Local Hit Blocks": 0,
                                "Local Read Blocks": 0,
                                "Local Dirtied Blocks": 0,
                                "Local Written Blocks": 0,
                                "Temp Read Blocks": 0,
                                "Temp Written Blocks": 0,
                                "Plans": [
                                  {
                                    "Node Type": "Hash Join",
                                    "Parent Relationship": "Outer",
                                    "Parallel Aware": false,
                                    "Join Type": "Inner",
                                    "Startup Cost": 17.14,
                                    "Total Cost": 23.42,
                                    "Plan Rows": 36,
                                    "Plan Width": 68,
                                    "Actual Startup Time": 0.145,
                                    "Actual Total Time": 0.21,
                                    "Actual Rows": 116,
                                    "Actual Loops": 1,
                                    "Output": ["x.indexrelid", "c_1.relname"],
                                    "Inner Unique": true,
                                    "Hash Cond": "(x.indrelid = c_1.oid)",
                                    "Shared Hit Blocks": 16,
                                    "Shared Read Blocks": 0,
                                    "Shared Dirtied Blocks": 0,
                                    "Shared Written Blocks": 0,
                                    "Local Hit Blocks": 0,
                                    "Local Read Blocks": 0,
                                    "Local Dirtied Blocks": 0,
                                    "Local Written Blocks": 0,
                                    "Temp Read Blocks": 0,
                                    "Temp Written Blocks": 0,
                                    "Plans": [
                                      {
                                        "Node Type": "Seq Scan",
                                        "Parent Relationship": "Outer",
                                        "Parallel Aware": false,
                                        "Relation Name": "pg_index",
                                        "Schema": "pg_catalog",
                                        "Alias": "x",
                                        "Startup Cost": 0.0,
                                        "Total Cost": 5.8,
                                        "Plan Rows": 180,
                                        "Plan Width": 8,
                                        "Actual Startup Time": 0.005,
                                        "Actual Total Time": 0.018,
                                        "Actual Rows": 137,
                                        "Actual Loops": 1,
                                        "Output": [
                                          "x.indexrelid",
                                          "x.indrelid",
                                          "x.indnatts",
                                          "x.indnkeyatts",
                                          "x.indisunique",
                                          "x.indisprimary",
                                          "x.indisexclusion",
                                          "x.indimmediate",
                                          "x.indisclustered",
                                          "x.indisvalid",
                                          "x.indcheckxmin",
                                          "x.indisready",
                                          "x.indislive",
                                          "x.indisreplident",
                                          "x.indkey",
                                          "x.indcollation",
                                          "x.indclass",
                                          "x.indoption",
                                          "x.indexprs",
                                          "x.indpred"
                                        ],
                                        "Shared Hit Blocks": 4,
                                        "Shared Read Blocks": 0,
                                        "Shared Dirtied Blocks": 0,
                                        "Shared Written Blocks": 0,
                                        "Local Hit Blocks": 0,
                                        "Local Read Blocks": 0,
                                        "Local Dirtied Blocks": 0,
                                        "Local Written Blocks": 0,
                                        "Temp Read Blocks": 0,
                                        "Temp Written Blocks": 0
                                      },
                                      {
                                        "Node Type": "Hash",
                                        "Parent Relationship": "Inner",
                                        "Parallel Aware": false,
                                        "Startup Cost": 16.27,
                                        "Total Cost": 16.27,
                                        "Plan Rows": 69,
                                        "Plan Width": 72,
                                        "Actual Startup Time": 0.124,
                                        "Actual Total Time": 0.124,
                                        "Actual Rows": 71,
                                        "Actual Loops": 1,
                                        "Output": [
                                          "c_1.relname",
                                          "c_1.oid",
                                          "c_1.relnamespace"
                                        ],
                                        "Hash Buckets": 1024,
                                        "Original Hash Buckets": 1024,
                                        "Hash Batches": 1,
                                        "Original Hash Batches": 1,
                                        "Peak Memory Usage": 16,
                                        "Shared Hit Blocks": 12,
                                        "Shared Read Blocks": 0,
                                        "Shared Dirtied Blocks": 0,
                                        "Shared Written Blocks": 0,
                                        "Local Hit Blocks": 0,
                                        "Local Read Blocks": 0,
                                        "Local Dirtied Blocks": 0,
                                        "Local Written Blocks": 0,
                                        "Temp Read Blocks": 0,
                                        "Temp Written Blocks": 0,
                                        "Plans": [
                                          {
                                            "Node Type": "Seq Scan",
                                            "Parent Relationship": "Outer",
                                            "Parallel Aware": false,
                                            "Relation Name": "pg_class",
                                            "Schema": "pg_catalog",
                                            "Alias": "c_1",
                                            "Startup Cost": 0.0,
                                            "Total Cost": 16.27,
                                            "Plan Rows": 69,
                                            "Plan Width": 72,
                                            "Actual Startup Time": 0.005,
                                            "Actual Total Time": 0.11,
                                            "Actual Rows": 71,
                                            "Actual Loops": 1,
                                            "Output": [
                                              "c_1.relname",
                                              "c_1.oid",
                                              "c_1.relnamespace"
                                            ],
                                            "Filter": "(c_1.relkind = ANY ('{r,m}'::\"char\"[]))",
                                            "Rows Removed by Filter": 277,
                                            "Shared Hit Blocks": 12,
                                            "Shared Read Blocks": 0,
                                            "Shared Dirtied Blocks": 0,
                                            "Shared Written Blocks": 0,
                                            "Local Hit Blocks": 0,
                                            "Local Read Blocks": 0,
                                            "Local Dirtied Blocks": 0,
                                            "Local Written Blocks": 0,
                                            "Temp Read Blocks": 0,
                                            "Temp Written Blocks": 0
                                          }
                                        ]
                                      }
                                    ]
                                  }
                                ]
                              }
                            ]
                          }
                        ]
                      }
                    ]
                  }
                ]
              }
            ]
          },
          {
            "Node Type": "Hash",
            "Parent Relationship": "Inner",
            "Parallel Aware": false,
            "Startup Cost": 168.03,
            "Total Cost": 168.03,
            "Plan Rows": 68,
            "Plan Width": 204,
            "Actual Startup Time": 34.99,
            "Actual Total Time": 34.99,
            "Actual Rows": 62,
            "Actual Loops": 1,
            "Output": [
              "s.heappages",
              "s.toastpages",
              "s.reltuples",
              "s.bs",
              "s.page_hdr",
              "s.fillfactor",
              "s.tpl_hdr_size",
              "s.tpl_data_size",
              "s.ma",
              "s.toasttuples",
              "s.schemaname",
              "s.tblname"
            ],
            "Hash Buckets": 1024,
            "Original Hash Buckets": 1024,
            "Hash Batches": 1,
            "Original Hash Batches": 1,
            "Peak Memory Usage": 22,
            "Shared Hit Blocks": 1755,
            "Shared Read Blocks": 0,
            "Shared Dirtied Blocks": 0,
            "Shared Written Blocks": 0,
            "Local Hit Blocks": 0,
            "Local Read Blocks": 0,
            "Local Dirtied Blocks": 0,
            "Local Written Blocks": 0,
            "Temp Read Blocks": 0,
            "Temp Written Blocks": 0,
            "Plans": [
              {
                "Node Type": "Subquery Scan",
                "Parent Relationship": "Outer",
                "Parallel Aware": false,
                "Alias": "s",
                "Startup Cost": 160.72,
                "Total Cost": 168.03,
                "Plan Rows": 68,
                "Plan Width": 204,
                "Actual Startup Time": 34.381,
                "Actual Total Time": 34.907,
                "Actual Rows": 62,
                "Actual Loops": 1,
                "Output": [
                  "s.heappages",
                  "s.toastpages",
                  "s.reltuples",
                  "s.bs",
                  "s.page_hdr",
                  "s.fillfactor",
                  "s.tpl_hdr_size",
                  "s.tpl_data_size",
                  "s.ma",
                  "s.toasttuples",
                  "s.schemaname",
                  "s.tblname"
                ],
                "Shared Hit Blocks": 1755,
                "Shared Read Blocks": 0,
                "Shared Dirtied Blocks": 0,
                "Shared Written Blocks": 0,
                "Local Hit Blocks": 0,
                "Local Read Blocks": 0,
                "Local Dirtied Blocks": 0,
                "Local Written Blocks": 0,
                "Temp Read Blocks": 0,
                "Temp Written Blocks": 0,
                "Plans": [
                  {
                    "Node Type": "Aggregate",
                    "Strategy": "Sorted",
                    "Partial Mode": "Simple",
                    "Parent Relationship": "Subquery",
                    "Parallel Aware": false,
                    "Startup Cost": 160.72,
                    "Total Cost": 167.35,
                    "Plan Rows": 68,
                    "Plan Width": 210,
                    "Actual Startup Time": 34.375,
                    "Actual Total Time": 34.86,
                    "Actual Rows": 62,
                    "Actual Loops": 1,
                    "Output": [
                      "tbl.oid",
                      "ns.nspname",
                      "tbl.relname",
                      "tbl.reltuples",
                      "tbl.relpages",
                      "(COALESCE(toast.relpages, 0))",
                      "(COALESCE(toast.reltuples, '0'::real))",
                      "(COALESCE(((\"substring\"(array_to_string(tbl.reloptions, ' '::text), 'fillfactor=([0-9]+)'::text))::smallint)::integer, 100))",
                      "((current_setting('block_size'::text))::numeric)",
                      "(CASE WHEN ((version() ~ 'mingw32'::text) OR (version() ~ '64-bit|x86_64|ppc64|ia64|amd64'::text)) THEN 8 ELSE 4 END)",
                      "24",
                      "((23 + CASE WHEN (max(COALESCE(s_1.null_frac, '0'::real)) > '0'::double precision) THEN ((7 + count(*)) / 8) ELSE '0'::bigint END) + CASE WHEN tbl.relhasoids THEN 4 ELSE 0 END)",
                      "sum((('1'::double precision - COALESCE(s_1.null_frac, '0'::real)) * (COALESCE(s_1.avg_width, 1024))::double precision))",
                      "NULL::boolean",
                      "tbl.relhasoids"
                    ],
                    "Group Key": [
                      "ns.nspname",
                      "tbl.relname",
                      "tbl.oid",
                      "tbl.reltuples",
                      "tbl.relpages",
                      "(COALESCE(toast.relpages, 0))",
                      "(COALESCE(toast.reltuples, '0'::real))",
                      "(COALESCE(((\"substring\"(array_to_string(tbl.reloptions, ' '::text), 'fillfactor=([0-9]+)'::text))::smallint)::integer, 100))",
                      "((current_setting('block_size'::text))::numeric)",
                      "(CASE WHEN ((version() ~ 'mingw32'::text) OR (version() ~ '64-bit|x86_64|ppc64|ia64|amd64'::text)) THEN 8 ELSE 4 END)",
                      "tbl.relhasoids"
                    ],
                    "Shared Hit Blocks": 1755,
                    "Shared Read Blocks": 0,
                    "Shared Dirtied Blocks": 0,
                    "Shared Written Blocks": 0,
                    "Local Hit Blocks": 0,
                    "Local Read Blocks": 0,
                    "Local Dirtied Blocks": 0,
                    "Local Written Blocks": 0,
                    "Temp Read Blocks": 0,
                    "Temp Written Blocks": 0,
                    "Plans": [
                      {
                        "Node Type": "Sort",
                        "Parent Relationship": "Outer",
                        "Parallel Aware": false,
                        "Startup Cost": 160.72,
                        "Total Cost": 160.89,
                        "Plan Rows": 68,
                        "Plan Width": 197,
                        "Actual Startup Time": 34.295,
                        "Actual Total Time": 34.371,
                        "Actual Rows": 522,
                        "Actual Loops": 1,
                        "Output": [
                          "tbl.oid",
                          "ns.nspname",
                          "tbl.relname",
                          "tbl.reltuples",
                          "tbl.relpages",
                          "(COALESCE(toast.relpages, 0))",
                          "(COALESCE(toast.reltuples, '0'::real))",
                          "(COALESCE(((\"substring\"(array_to_string(tbl.reloptions, ' '::text), 'fillfactor=([0-9]+)'::text))::smallint)::integer, 100))",
                          "((current_setting('block_size'::text))::numeric)",
                          "(CASE WHEN ((version() ~ 'mingw32'::text) OR (version() ~ '64-bit|x86_64|ppc64|ia64|amd64'::text)) THEN 8 ELSE 4 END)",
                          "tbl.relhasoids",
                          "s_1.null_frac",
                          "s_1.avg_width"
                        ],
                        "Sort Key": [
                          "tbl.relname",
                          "tbl.oid",
                          "tbl.reltuples",
                          "tbl.relpages",
                          "(COALESCE(toast.relpages, 0))",
                          "(COALESCE(toast.reltuples, '0'::real))",
                          "(COALESCE(((\"substring\"(array_to_string(tbl.reloptions, ' '::text), 'fillfactor=([0-9]+)'::text))::smallint)::integer, 100))",
                          "tbl.relhasoids"
                        ],
                        "Sort Method": "quicksort",
                        "Sort Space Used": 163,
                        "Sort Space Type": "Memory",
                        "Shared Hit Blocks": 1755,
                        "Shared Read Blocks": 0,
                        "Shared Dirtied Blocks": 0,
                        "Shared Written Blocks": 0,
                        "Local Hit Blocks": 0,
                        "Local Read Blocks": 0,
                        "Local Dirtied Blocks": 0,
                        "Local Written Blocks": 0,
                        "Temp Read Blocks": 0,
                        "Temp Written Blocks": 0,
                        "Plans": [
                          {
                            "Node Type": "Nested Loop",
                            "Parent Relationship": "Outer",
                            "Parallel Aware": false,
                            "Join Type": "Left",
                            "Startup Cost": 21.53,
                            "Total Cost": 158.65,
                            "Plan Rows": 68,
                            "Plan Width": 197,
                            "Actual Startup Time": 4.752,
                            "Actual Total Time": 33.21,
                            "Actual Rows": 522,
                            "Actual Loops": 1,
                            "Output": [
                              "tbl.oid",
                              "ns.nspname",
                              "tbl.relname",
                              "tbl.reltuples",
                              "tbl.relpages",
                              "COALESCE(toast.relpages, 0)",
                              "COALESCE(toast.reltuples, '0'::real)",
                              "COALESCE(((\"substring\"(array_to_string(tbl.reloptions, ' '::text), 'fillfactor=([0-9]+)'::text))::smallint)::integer, 100)",
                              "(current_setting('block_size'::text))::numeric",
                              "CASE WHEN ((version() ~ 'mingw32'::text) OR (version() ~ '64-bit|x86_64|ppc64|ia64|amd64'::text)) THEN 8 ELSE 4 END",
                              "tbl.relhasoids",
                              "s_1.null_frac",
                              "s_1.avg_width"
                            ],
                            "Inner Unique": false,
                            "Join Filter": "((s_1.schemaname = ns.nspname) AND (s_1.tablename = tbl.relname) AND (s_1.attname = att.attname))",
                            "Rows Removed by Join Filter": 190165,
                            "Shared Hit Blocks": 1741,
                            "Shared Read Blocks": 0,
                            "Shared Dirtied Blocks": 0,
                            "Shared Written Blocks": 0,
                            "Local Hit Blocks": 0,
                            "Local Read Blocks": 0,
                            "Local Dirtied Blocks": 0,
                            "Local Written Blocks": 0,
                            "Temp Read Blocks": 0,
                            "Temp Written Blocks": 0,
                            "Plans": [
                              {
                                "Node Type": "Nested Loop",
                                "Parent Relationship": "Outer",
                                "Parallel Aware": false,
                                "Join Type": "Inner",
                                "Startup Cost": 1.64,
                                "Total Cost": 76.04,
                                "Plan Rows": 68,
                                "Plan Width": 262,
                                "Actual Startup Time": 0.083,
                                "Actual Total Time": 1.493,
                                "Actual Rows": 522,
                                "Actual Loops": 1,
                                "Output": [
                                  "att.attname",
                                  "tbl.oid",
                                  "tbl.relname",
                                  "tbl.reltuples",
                                  "tbl.relpages",
                                  "tbl.reloptions",
                                  "tbl.relhasoids",
                                  "ns.nspname",
                                  "toast.relpages",
                                  "toast.reltuples"
                                ],
                                "Inner Unique": false,
                                "Shared Hit Blocks": 351,
                                "Shared Read Blocks": 0,
                                "Shared Dirtied Blocks": 0,
                                "Shared Written Blocks": 0,
                                "Local Hit Blocks": 0,
                                "Local Read Blocks": 0,
                                "Local Dirtied Blocks": 0,
                                "Local Written Blocks": 0,
                                "Temp Read Blocks": 0,
                                "Temp Written Blocks": 0,
                                "Plans": [
                                  {
                                    "Node Type": "Nested Loop",
                                    "Parent Relationship": "Outer",
                                    "Parallel Aware": false,
                                    "Join Type": "Left",
                                    "Startup Cost": 1.36,
                                    "Total Cost": 32.29,
                                    "Plan Rows": 12,
                                    "Plan Width": 198,
                                    "Actual Startup Time": 0.033,
                                    "Actual Total Time": 0.576,
                                    "Actual Rows": 62,
                                    "Actual Loops": 1,
                                    "Output": [
                                      "tbl.oid",
                                      "tbl.relname",
                                      "tbl.reltuples",
                                      "tbl.relpages",
                                      "tbl.reloptions",
                                      "tbl.relhasoids",
                                      "ns.nspname",
                                      "toast.relpages",
                                      "toast.reltuples"
                                    ],
                                    "Inner Unique": true,
                                    "Shared Hit Blocks": 149,
                                    "Shared Read Blocks": 0,
                                    "Shared Dirtied Blocks": 0,
                                    "Shared Written Blocks": 0,
                                    "Local Hit Blocks": 0,
                                    "Local Read Blocks": 0,
                                    "Local Dirtied Blocks": 0,
                                    "Local Written Blocks": 0,
                                    "Temp Read Blocks": 0,
                                    "Temp Written Blocks": 0,
                                    "Plans": [
                                      {
                                        "Node Type": "Hash Join",
                                        "Parent Relationship": "Outer",
                                        "Parallel Aware": false,
                                        "Join Type": "Inner",
                                        "Startup Cost": 1.09,
                                        "Total Cost": 17.68,
                                        "Plan Rows": 12,
                                        "Plan Width": 194,
                                        "Actual Startup Time": 0.023,
                                        "Actual Total Time": 0.32,
                                        "Actual Rows": 62,
                                        "Actual Loops": 1,
                                        "Output": [
                                          "tbl.oid",
                                          "tbl.relname",
                                          "tbl.reltuples",
                                          "tbl.relpages",
                                          "tbl.reloptions",
                                          "tbl.relhasoids",
                                          "tbl.reltoastrelid",
                                          "ns.nspname"
                                        ],
                                        "Inner Unique": true,
                                        "Hash Cond": "(tbl.relnamespace = ns.oid)",
                                        "Shared Hit Blocks": 13,
                                        "Shared Read Blocks": 0,
                                        "Shared Dirtied Blocks": 0,
                                        "Shared Written Blocks": 0,
                                        "Local Hit Blocks": 0,
                                        "Local Read Blocks": 0,
                                        "Local Dirtied Blocks": 0,
                                        "Local Written Blocks": 0,
                                        "Temp Read Blocks": 0,
                                        "Temp Written Blocks": 0,
                                        "Plans": [
                                          {
                                            "Node Type": "Seq Scan",
                                            "Parent Relationship": "Outer",
                                            "Parallel Aware": false,
                                            "Relation Name": "pg_class",
                                            "Schema": "pg_catalog",
                                            "Alias": "tbl",
                                            "Startup Cost": 0.0,
                                            "Total Cost": 16.27,
                                            "Plan Rows": 69,
                                            "Plan Width": 134,
                                            "Actual Startup Time": 0.005,
                                            "Actual Total Time": 0.235,
                                            "Actual Rows": 71,
                                            "Actual Loops": 1,
                                            "Output": [
                                              "tbl.oid",
                                              "tbl.relname",
                                              "tbl.reltuples",
                                              "tbl.relpages",
                                              "tbl.reloptions",
                                              "tbl.relhasoids",
                                              "tbl.relnamespace",
                                              "tbl.reltoastrelid"
                                            ],
                                            "Filter": "(tbl.relkind = 'r'::\"char\")",
                                            "Rows Removed by Filter": 277,
                                            "Shared Hit Blocks": 12,
                                            "Shared Read Blocks": 0,
                                            "Shared Dirtied Blocks": 0,
                                            "Shared Written Blocks": 0,
                                            "Local Hit Blocks": 0,
                                            "Local Read Blocks": 0,
                                            "Local Dirtied Blocks": 0,
                                            "Local Written Blocks": 0,
                                            "Temp Read Blocks": 0,
                                            "Temp Written Blocks": 0
                                          },
                                          {
                                            "Node Type": "Hash",
                                            "Parent Relationship": "Inner",
                                            "Parallel Aware": false,
                                            "Startup Cost": 1.07,
                                            "Total Cost": 1.07,
                                            "Plan Rows": 1,
                                            "Plan Width": 68,
                                            "Actual Startup Time": 0.007,
                                            "Actual Total Time": 0.007,
                                            "Actual Rows": 1,
                                            "Actual Loops": 1,
                                            "Output": ["ns.nspname", "ns.oid"],
                                            "Hash Buckets": 1024,
                                            "Original Hash Buckets": 1024,
                                            "Hash Batches": 1,
                                            "Original Hash Batches": 1,
                                            "Peak Memory Usage": 9,
                                            "Shared Hit Blocks": 1,
                                            "Shared Read Blocks": 0,
                                            "Shared Dirtied Blocks": 0,
                                            "Shared Written Blocks": 0,
                                            "Local Hit Blocks": 0,
                                            "Local Read Blocks": 0,
                                            "Local Dirtied Blocks": 0,
                                            "Local Written Blocks": 0,
                                            "Temp Read Blocks": 0,
                                            "Temp Written Blocks": 0,
                                            "Plans": [
                                              {
                                                "Node Type": "Seq Scan",
                                                "Parent Relationship": "Outer",
                                                "Parallel Aware": false,
                                                "Relation Name": "pg_namespace",
                                                "Schema": "pg_catalog",
                                                "Alias": "ns",
                                                "Startup Cost": 0.0,
                                                "Total Cost": 1.07,
                                                "Plan Rows": 1,
                                                "Plan Width": 68,
                                                "Actual Startup Time": 0.003,
                                                "Actual Total Time": 0.003,
                                                "Actual Rows": 1,
                                                "Actual Loops": 1,
                                                "Output": [
                                                  "ns.nspname",
                                                  "ns.oid"
                                                ],
                                                "Filter": "(ns.nspname = 'pg_catalog'::name)",
                                                "Rows Removed by Filter": 6,
                                                "Shared Hit Blocks": 1,
                                                "Shared Read Blocks": 0,
                                                "Shared Dirtied Blocks": 0,
                                                "Shared Written Blocks": 0,
                                                "Local Hit Blocks": 0,
                                                "Local Read Blocks": 0,
                                                "Local Dirtied Blocks": 0,
                                                "Local Written Blocks": 0,
                                                "Temp Read Blocks": 0,
                                                "Temp Written Blocks": 0
                                              }
                                            ]
                                          }
                                        ]
                                      },
                                      {
                                        "Node Type": "Index Scan",
                                        "Parent Relationship": "Inner",
                                        "Parallel Aware": false,
                                        "Scan Direction": "Forward",
                                        "Index Name": "pg_class_oid_index",
                                        "Relation Name": "pg_class",
                                        "Schema": "pg_catalog",
                                        "Alias": "toast",
                                        "Startup Cost": 0.27,
                                        "Total Cost": 1.22,
                                        "Plan Rows": 1,
                                        "Plan Width": 12,
                                        "Actual Startup Time": 0.003,
                                        "Actual Total Time": 0.003,
                                        "Actual Rows": 0,
                                        "Actual Loops": 62,
                                        "Output": [
                                          "toast.relpages",
                                          "toast.reltuples",
                                          "toast.oid"
                                        ],
                                        "Index Cond": "(tbl.reltoastrelid = toast.oid)",
                                        "Rows Removed by Index Recheck": 0,
                                        "Shared Hit Blocks": 136,
                                        "Shared Read Blocks": 0,
                                        "Shared Dirtied Blocks": 0,
                                        "Shared Written Blocks": 0,
                                        "Local Hit Blocks": 0,
                                        "Local Read Blocks": 0,
                                        "Local Dirtied Blocks": 0,
                                        "Local Written Blocks": 0,
                                        "Temp Read Blocks": 0,
                                        "Temp Written Blocks": 0
                                      }
                                    ]
                                  },
                                  {
                                    "Node Type": "Index Scan",
                                    "Parent Relationship": "Inner",
                                    "Parallel Aware": false,
                                    "Scan Direction": "Forward",
                                    "Index Name": "pg_attribute_relid_attnum_index",
                                    "Relation Name": "pg_attribute",
                                    "Schema": "pg_catalog",
                                    "Alias": "att",
                                    "Startup Cost": 0.28,
                                    "Total Cost": 3.59,
                                    "Plan Rows": 6,
                                    "Plan Width": 68,
                                    "Actual Startup Time": 0.006,
                                    "Actual Total Time": 0.013,
                                    "Actual Rows": 8,
                                    "Actual Loops": 62,
                                    "Output": [
                                      "att.attrelid",
                                      "att.attname",
                                      "att.atttypid",
                                      "att.attstattarget",
                                      "att.attlen",
                                      "att.attnum",
                                      "att.attndims",
                                      "att.attcacheoff",
                                      "att.atttypmod",
                                      "att.attbyval",
                                      "att.attstorage",
                                      "att.attalign",
                                      "att.attnotnull",
                                      "att.atthasdef",
                                      "att.atthasmissing",
                                      "att.attidentity",
                                      "att.attisdropped",
                                      "att.attislocal",
                                      "att.attinhcount",
                                      "att.attcollation",
                                      "att.attacl",
                                      "att.attoptions",
                                      "att.attfdwoptions",
                                      "att.attmissingval"
                                    ],
                                    "Index Cond": "((att.attrelid = tbl.oid) AND (att.attnum > 0))",
                                    "Rows Removed by Index Recheck": 0,
                                    "Filter": "(NOT att.attisdropped)",
                                    "Rows Removed by Filter": 0,
                                    "Shared Hit Blocks": 202,
                                    "Shared Read Blocks": 0,
                                    "Shared Dirtied Blocks": 0,
                                    "Shared Written Blocks": 0,
                                    "Local Hit Blocks": 0,
                                    "Local Read Blocks": 0,
                                    "Local Dirtied Blocks": 0,
                                    "Local Written Blocks": 0,
                                    "Temp Read Blocks": 0,
                                    "Temp Written Blocks": 0
                                  }
                                ]
                              },
                              {
                                "Node Type": "Materialize",
                                "Parent Relationship": "Inner",
                                "Parallel Aware": false,
                                "Startup Cost": 19.89,
                                "Total Cost": 79.21,
                                "Plan Rows": 1,
                                "Plan Width": 200,
                                "Actual Startup Time": 0.001,
                                "Actual Total Time": 0.021,
                                "Actual Rows": 365,
                                "Actual Loops": 522,
                                "Output": [
                                  "s_1.null_frac",
                                  "s_1.avg_width",
                                  "s_1.schemaname",
                                  "s_1.tablename",
                                  "s_1.attname"
                                ],
                                "Shared Hit Blocks": 1390,
                                "Shared Read Blocks": 0,
                                "Shared Dirtied Blocks": 0,
                                "Shared Written Blocks": 0,
                                "Local Hit Blocks": 0,
                                "Local Read Blocks": 0,
                                "Local Dirtied Blocks": 0,
                                "Local Written Blocks": 0,
                                "Temp Read Blocks": 0,
                                "Temp Written Blocks": 0,
                                "Plans": [
                                  {
                                    "Node Type": "Subquery Scan",
                                    "Parent Relationship": "Outer",
                                    "Parallel Aware": false,
                                    "Alias": "s_1",
                                    "Startup Cost": 19.89,
                                    "Total Cost": 79.2,
                                    "Plan Rows": 1,
                                    "Plan Width": 200,
                                    "Actual Startup Time": 0.464,
                                    "Actual Total Time": 4.067,
                                    "Actual Rows": 365,
                                    "Actual Loops": 1,
                                    "Output": [
                                      "s_1.null_frac",
                                      "s_1.avg_width",
                                      "s_1.schemaname",
                                      "s_1.tablename",
                                      "s_1.attname"
                                    ],
                                    "Shared Hit Blocks": 1390,
                                    "Shared Read Blocks": 0,
                                    "Shared Dirtied Blocks": 0,
                                    "Shared Written Blocks": 0,
                                    "Local Hit Blocks": 0,
                                    "Local Read Blocks": 0,
                                    "Local Dirtied Blocks": 0,
                                    "Local Written Blocks": 0,
                                    "Temp Read Blocks": 0,
                                    "Temp Written Blocks": 0,
                                    "Plans": [
                                      {
                                        "Node Type": "Nested Loop",
                                        "Parent Relationship": "Subquery",
                                        "Parallel Aware": false,
                                        "Join Type": "Inner",
                                        "Startup Cost": 19.89,
                                        "Total Cost": 79.19,
                                        "Plan Rows": 1,
                                        "Plan Width": 401,
                                        "Actual Startup Time": 0.459,
                                        "Actual Total Time": 4.022,
                                        "Actual Rows": 365,
                                        "Actual Loops": 1,
                                        "Output": [
                                          "n_1.nspname",
                                          "c_2.relname",
                                          "a.attname",
                                          "NULL::boolean",
                                          "s_2.stanullfrac",
                                          "s_2.stawidth",
                                          "NULL::real",
                                          "NULL::anyarray",
                                          "NULL::real[]",
                                          "NULL::anyarray",
                                          "NULL::real",
                                          "NULL::anyarray",
                                          "NULL::real[]",
                                          "NULL::real[]"
                                        ],
                                        "Inner Unique": true,
                                        "Join Filter": "(s_2.staattnum = a.attnum)",
                                        "Rows Removed by Join Filter": 5375,
                                        "Shared Hit Blocks": 1390,
                                        "Shared Read Blocks": 0,
                                        "Shared Dirtied Blocks": 0,
                                        "Shared Written Blocks": 0,
                                        "Local Hit Blocks": 0,
                                        "Local Read Blocks": 0,
                                        "Local Dirtied Blocks": 0,
                                        "Local Written Blocks": 0,
                                        "Temp Read Blocks": 0,
                                        "Temp Written Blocks": 0,
                                        "Plans": [
                                          {
                                            "Node Type": "Hash Join",
                                            "Parent Relationship": "Outer",
                                            "Parallel Aware": false,
                                            "Join Type": "Inner",
                                            "Startup Cost": 19.61,
                                            "Total Cost": 40.66,
                                            "Plan Rows": 33,
                                            "Plan Width": 146,
                                            "Actual Startup Time": 0.365,
                                            "Actual Total Time": 0.749,
                                            "Actual Rows": 365,
                                            "Actual Loops": 1,
                                            "Output": [
                                              "s_2.stanullfrac",
                                              "s_2.stawidth",
                                              "s_2.starelid",
                                              "s_2.staattnum",
                                              "c_2.relname",
                                              "c_2.oid",
                                              "n_1.nspname"
                                            ],
                                            "Inner Unique": false,
                                            "Hash Cond": "(s_2.starelid = c_2.oid)",
                                            "Shared Hit Blocks": 29,
                                            "Shared Read Blocks": 0,
                                            "Shared Dirtied Blocks": 0,
                                            "Shared Written Blocks": 0,
                                            "Local Hit Blocks": 0,
                                            "Local Read Blocks": 0,
                                            "Local Dirtied Blocks": 0,
                                            "Local Written Blocks": 0,
                                            "Temp Read Blocks": 0,
                                            "Temp Written Blocks": 0,
                                            "Plans": [
                                              {
                                                "Node Type": "Seq Scan",
                                                "Parent Relationship": "Outer",
                                                "Parallel Aware": false,
                                                "Relation Name": "pg_statistic",
                                                "Schema": "pg_catalog",
                                                "Alias": "s_2",
                                                "Startup Cost": 0.0,
                                                "Total Cost": 19.98,
                                                "Plan Rows": 199,
                                                "Plan Width": 14,
                                                "Actual Startup Time": 0.011,
                                                "Actual Total Time": 0.294,
                                                "Actual Rows": 398,
                                                "Actual Loops": 1,
                                                "Output": [
                                                  "s_2.starelid",
                                                  "s_2.staattnum",
                                                  "s_2.stainherit",
                                                  "s_2.stanullfrac",
                                                  "s_2.stawidth",
                                                  "s_2.stadistinct",
                                                  "s_2.stakind1",
                                                  "s_2.stakind2",
                                                  "s_2.stakind3",
                                                  "s_2.stakind4",
                                                  "s_2.stakind5",
                                                  "s_2.staop1",
                                                  "s_2.staop2",
                                                  "s_2.staop3",
                                                  "s_2.staop4",
                                                  "s_2.staop5",
                                                  "s_2.stanumbers1",
                                                  "s_2.stanumbers2",
                                                  "s_2.stanumbers3",
                                                  "s_2.stanumbers4",
                                                  "s_2.stanumbers5",
                                                  "s_2.stavalues1",
                                                  "s_2.stavalues2",
                                                  "s_2.stavalues3",
                                                  "s_2.stavalues4",
                                                  "s_2.stavalues5"
                                                ],
                                                "Filter": "(NOT s_2.stainherit)",
                                                "Rows Removed by Filter": 0,
                                                "Shared Hit Blocks": 16,
                                                "Shared Read Blocks": 0,
                                                "Shared Dirtied Blocks": 0,
                                                "Shared Written Blocks": 0,
                                                "Local Hit Blocks": 0,
                                                "Local Read Blocks": 0,
                                                "Local Dirtied Blocks": 0,
                                                "Local Written Blocks": 0,
                                                "Temp Read Blocks": 0,
                                                "Temp Written Blocks": 0
                                              },
                                              {
                                                "Node Type": "Hash",
                                                "Parent Relationship": "Inner",
                                                "Parallel Aware": false,
                                                "Startup Cost": 18.89,
                                                "Total Cost": 18.89,
                                                "Plan Rows": 57,
                                                "Plan Width": 132,
                                                "Actual Startup Time": 0.313,
                                                "Actual Total Time": 0.313,
                                                "Actual Rows": 237,
                                                "Actual Loops": 1,
                                                "Output": [
                                                  "c_2.relname",
                                                  "c_2.oid",
                                                  "n_1.nspname"
                                                ],
                                                "Hash Buckets": 1024,
                                                "Original Hash Buckets": 1024,
                                                "Hash Batches": 1,
                                                "Original Hash Batches": 1,
                                                "Peak Memory Usage": 46,
                                                "Shared Hit Blocks": 13,
                                                "Shared Read Blocks": 0,
                                                "Shared Dirtied Blocks": 0,
                                                "Shared Written Blocks": 0,
                                                "Local Hit Blocks": 0,
                                                "Local Read Blocks": 0,
                                                "Local Dirtied Blocks": 0,
                                                "Local Written Blocks": 0,
                                                "Temp Read Blocks": 0,
                                                "Temp Written Blocks": 0,
                                                "Plans": [
                                                  {
                                                    "Node Type": "Hash Join",
                                                    "Parent Relationship": "Outer",
                                                    "Parallel Aware": false,
                                                    "Join Type": "Inner",
                                                    "Startup Cost": 1.09,
                                                    "Total Cost": 18.89,
                                                    "Plan Rows": 57,
                                                    "Plan Width": 132,
                                                    "Actual Startup Time": 0.074,
                                                    "Actual Total Time": 0.216,
                                                    "Actual Rows": 237,
                                                    "Actual Loops": 1,
                                                    "Output": [
                                                      "c_2.relname",
                                                      "c_2.oid",
                                                      "n_1.nspname"
                                                    ],
                                                    "Inner Unique": true,
                                                    "Hash Cond": "(c_2.relnamespace = n_1.oid)",
                                                    "Shared Hit Blocks": 13,
                                                    "Shared Read Blocks": 0,
                                                    "Shared Dirtied Blocks": 0,
                                                    "Shared Written Blocks": 0,
                                                    "Local Hit Blocks": 0,
                                                    "Local Read Blocks": 0,
                                                    "Local Dirtied Blocks": 0,
                                                    "Local Written Blocks": 0,
                                                    "Temp Read Blocks": 0,
                                                    "Temp Written Blocks": 0,
                                                    "Plans": [
                                                      {
                                                        "Node Type": "Seq Scan",
                                                        "Parent Relationship": "Outer",
                                                        "Parallel Aware": false,
                                                        "Relation Name": "pg_class",
                                                        "Schema": "pg_catalog",
                                                        "Alias": "c_2",
                                                        "Startup Cost": 0.0,
                                                        "Total Cost": 16.27,
                                                        "Plan Rows": 342,
                                                        "Plan Width": 72,
                                                        "Actual Startup Time": 0.006,
                                                        "Actual Total Time": 0.106,
                                                        "Actual Rows": 348,
                                                        "Actual Loops": 1,
                                                        "Output": [
                                                          "c_2.relname",
                                                          "c_2.oid",
                                                          "c_2.relnamespace"
                                                        ],
                                                        "Filter": "((NOT c_2.relrowsecurity) OR (NOT row_security_active(c_2.oid)))",
                                                        "Rows Removed by Filter": 0,
                                                        "Shared Hit Blocks": 12,
                                                        "Shared Read Blocks": 0,
                                                        "Shared Dirtied Blocks": 0,
                                                        "Shared Written Blocks": 0,
                                                        "Local Hit Blocks": 0,
                                                        "Local Read Blocks": 0,
                                                        "Local Dirtied Blocks": 0,
                                                        "Local Written Blocks": 0,
                                                        "Temp Read Blocks": 0,
                                                        "Temp Written Blocks": 0
                                                      },
                                                      {
                                                        "Node Type": "Hash",
                                                        "Parent Relationship": "Inner",
                                                        "Parallel Aware": false,
                                                        "Startup Cost": 1.07,
                                                        "Total Cost": 1.07,
                                                        "Plan Rows": 1,
                                                        "Plan Width": 68,
                                                        "Actual Startup Time": 0.018,
                                                        "Actual Total Time": 0.018,
                                                        "Actual Rows": 1,
                                                        "Actual Loops": 1,
                                                        "Output": [
                                                          "n_1.nspname",
                                                          "n_1.oid"
                                                        ],
                                                        "Hash Buckets": 1024,
                                                        "Original Hash Buckets": 1024,
                                                        "Hash Batches": 1,
                                                        "Original Hash Batches": 1,
                                                        "Peak Memory Usage": 9,
                                                        "Shared Hit Blocks": 1,
                                                        "Shared Read Blocks": 0,
                                                        "Shared Dirtied Blocks": 0,
                                                        "Shared Written Blocks": 0,
                                                        "Local Hit Blocks": 0,
                                                        "Local Read Blocks": 0,
                                                        "Local Dirtied Blocks": 0,
                                                        "Local Written Blocks": 0,
                                                        "Temp Read Blocks": 0,
                                                        "Temp Written Blocks": 0,
                                                        "Plans": [
                                                          {
                                                            "Node Type": "Seq Scan",
                                                            "Parent Relationship": "Outer",
                                                            "Parallel Aware": false,
                                                            "Relation Name": "pg_namespace",
                                                            "Schema": "pg_catalog",
                                                            "Alias": "n_1",
                                                            "Startup Cost": 0.0,
                                                            "Total Cost": 1.07,
                                                            "Plan Rows": 1,
                                                            "Plan Width": 68,
                                                            "Actual Startup Time": 0.007,
                                                            "Actual Total Time": 0.008,
                                                            "Actual Rows": 1,
                                                            "Actual Loops": 1,
                                                            "Output": [
                                                              "n_1.nspname",
                                                              "n_1.oid"
                                                            ],
                                                            "Filter": "(n_1.nspname = 'pg_catalog'::name)",
                                                            "Rows Removed by Filter": 6,
                                                            "Shared Hit Blocks": 1,
                                                            "Shared Read Blocks": 0,
                                                            "Shared Dirtied Blocks": 0,
                                                            "Shared Written Blocks": 0,
                                                            "Local Hit Blocks": 0,
                                                            "Local Read Blocks": 0,
                                                            "Local Dirtied Blocks": 0,
                                                            "Local Written Blocks": 0,
                                                            "Temp Read Blocks": 0,
                                                            "Temp Written Blocks": 0
                                                          }
                                                        ]
                                                      }
                                                    ]
                                                  }
                                                ]
                                              }
                                            ]
                                          },
                                          {
                                            "Node Type": "Index Scan",
                                            "Parent Relationship": "Inner",
                                            "Parallel Aware": false,
                                            "Scan Direction": "Forward",
                                            "Index Name": "pg_attribute_relid_attnum_index",
                                            "Relation Name": "pg_attribute",
                                            "Schema": "pg_catalog",
                                            "Alias": "a",
                                            "Startup Cost": 0.28,
                                            "Total Cost": 1.13,
                                            "Plan Rows": 3,
                                            "Plan Width": 70,
                                            "Actual Startup Time": 0.002,
                                            "Actual Total Time": 0.008,
                                            "Actual Rows": 16,
                                            "Actual Loops": 365,
                                            "Output": [
                                              "a.attrelid",
                                              "a.attname",
                                              "a.atttypid",
                                              "a.attstattarget",
                                              "a.attlen",
                                              "a.attnum",
                                              "a.attndims",
                                              "a.attcacheoff",
                                              "a.atttypmod",
                                              "a.attbyval",
                                              "a.attstorage",
                                              "a.attalign",
                                              "a.attnotnull",
                                              "a.atthasdef",
                                              "a.atthasmissing",
                                              "a.attidentity",
                                              "a.attisdropped",
                                              "a.attislocal",
                                              "a.attinhcount",
                                              "a.attcollation",
                                              "a.attacl",
                                              "a.attoptions",
                                              "a.attfdwoptions",
                                              "a.attmissingval"
                                            ],
                                            "Index Cond": "(a.attrelid = c_2.oid)",
                                            "Rows Removed by Index Recheck": 0,
                                            "Filter": "((NOT a.attisdropped) AND has_column_privilege(c_2.oid, a.attnum, 'select'::text))",
                                            "Rows Removed by Filter": 0,
                                            "Shared Hit Blocks": 1361,
                                            "Shared Read Blocks": 0,
                                            "Shared Dirtied Blocks": 0,
                                            "Shared Written Blocks": 0,
                                            "Local Hit Blocks": 0,
                                            "Local Read Blocks": 0,
                                            "Local Dirtied Blocks": 0,
                                            "Local Written Blocks": 0,
                                            "Temp Read Blocks": 0,
                                            "Temp Written Blocks": 0
                                          }
                                        ]
                                      }
                                    ]
                                  }
                                ]
                              }
                            ]
                          }
                        ]
                      }
                    ]
                  }
                ]
              }
            ]
          }
        ]
      },
      {
        "Node Type": "Hash",
        "Parent Relationship": "Inner",
        "Parallel Aware": false,
        "Startup Cost": 183.33,
        "Total Cost": 183.33,
        "Plan Rows": 1,
        "Plan Width": 136,
        "Actual Startup Time": 190.33,
        "Actual Total Time": 190.33,
        "Actual Rows": 36,
        "Actual Loops": 1,
        "Output": [
          "(sum((CASE WHEN ((q.relpages)::double precision > COALESCE(('1'::double precision + ceil((q.reltuples / floor((((((((current_setting('block_size'::text))::numeric) - ((16))::numeric) - ((24))::numeric) * (q.fillfactor)::numeric))::double precision / ('100'::double precision * (('4'::numeric + ((((((((CASE WHEN (max(COALESCE(s_3.stanullfrac, '0'::real)) = '0'::double precision) THEN 2 ELSE 6 END) + (CASE WHEN ((version() ~ 'mingw32'::text) OR (version() ~ '64-bit|x86_64|ppc64|ia64|amd64'::text)) THEN 8 ELSE 4 END)) - CASE WHEN (((CASE WHEN (max(COALESCE(s_3.stanullfrac, '0'::real)) = '0'::double precision) THEN 2 ELSE 6 END) % (CASE WHEN ((version() ~ 'mingw32'::text) OR (version() ~ '64-bit|x86_64|ppc64|ia64|amd64'::text)) THEN 8 ELSE 4 END)) = 0) THEN (CASE WHEN ((version() ~ 'mingw32'::text) OR (version() ~ '64-bit|x86_64|ppc64|ia64|amd64'::text)) THEN 8 ELSE 4 END) ELSE ((CASE WHEN (max(COALESCE(s_3.stanullfrac, '0'::real)) = '0'::double precision) THEN 2 ELSE 6 END) % (CASE WHEN ((version() ~ 'mingw32'::text) OR (version() ~ '64-bit|x86_64|ppc64|ia64|amd64'::text)) THEN 8 ELSE 4 END)) END))::double precision + (sum((('1'::double precision - COALESCE(s_3.stanullfrac, '0'::real)) * (COALESCE(s_3.stawidth, 1024))::double precision)))) + ((CASE WHEN ((version() ~ 'mingw32'::text) OR (version() ~ '64-bit|x86_64|ppc64|ia64|amd64'::text)) THEN 8 ELSE 4 END))::double precision) - (CASE WHEN ((sum((('1'::double precision - COALESCE(s_3.stanullfrac, '0'::real)) * (COALESCE(s_3.stawidth, 1024))::double precision))) = '0'::double precision) THEN 0 WHEN ((((sum((('1'::double precision - COALESCE(s_3.stanullfrac, '0'::real)) * (COALESCE(s_3.stawidth, 1024))::double precision))))::integer % (CASE WHEN ((version() ~ 'mingw32'::text) OR (version() ~ '64-bit|x86_64|ppc64|ia64|amd64'::text)) THEN 8 ELSE 4 END)) = 0) THEN (CASE WHEN ((version() ~ 'mingw32'::text) OR (version() ~ '64-bit|x86_64|ppc64|ia64|amd64'::text)) THEN 8 ELSE 4 END) ELSE (((sum((('1'::double precision - COALESCE(s_3.stanullfrac, '0'::real)) * (COALESCE(s_3.stawidth, 1024))::double precision))))::integer % (CASE WHEN ((version() ~ 'mingw32'::text) OR (version() ~ '64-bit|x86_64|ppc64|ia64|amd64'::text)) THEN 8 ELSE 4 END)) END)::double precision))::numeric))::double precision)))))), '0'::double precision)) THEN ((((current_setting('block_size'::text))::numeric))::double precision * ((q.relpages)::double precision - COALESCE(('1'::double precision + ceil((q.reltuples / floor((((((((current_setting('block_size'::text))::numeric) - ((16))::numeric) - ((24))::numeric) * (q.fillfactor)::numeric))::double precision / ('100'::double precision * (('4'::numeric + ((((((((CASE WHEN (max(COALESCE(s_3.stanullfrac, '0'::real)) = '0'::double precision) THEN 2 ELSE 6 END) + (CASE WHEN ((version() ~ 'mingw32'::text) OR (version() ~ '64-bit|x86_64|ppc64|ia64|amd64'::text)) THEN 8 ELSE 4 END)) - CASE WHEN (((CASE WHEN (max(COALESCE(s_3.stanullfrac, '0'::real)) = '0'::double precision) THEN 2 ELSE 6 END) % (CASE WHEN ((version() ~ 'mingw32'::text) OR (version() ~ '64-bit|x86_64|ppc64|ia64|amd64'::text)) THEN 8 ELSE 4 END)) = 0) THEN (CASE WHEN ((version() ~ 'mingw32'::text) OR (version() ~ '64-bit|x86_64|ppc64|ia64|amd64'::text)) THEN 8 ELSE 4 END) ELSE ((CASE WHEN (max(COALESCE(s_3.stanullfrac, '0'::real)) = '0'::double precision) THEN 2 ELSE 6 END) % (CASE WHEN ((version() ~ 'mingw32'::text) OR (version() ~ '64-bit|x86_64|ppc64|ia64|amd64'::text)) THEN 8 ELSE 4 END)) END))::double precision + (sum((('1'::double precision - COALESCE(s_3.stanullfrac, '0'::real)) * (COALESCE(s_3.stawidth, 1024))::double precision)))) + ((CASE WHEN ((version() ~ 'mingw32'::text) OR (version() ~ '64-bit|x86_64|ppc64|ia64|amd64'::text)) THEN 8 ELSE 4 END))::double precision) - (CASE WHEN ((sum((('1'::double precision - COALESCE(s_3.stanullfrac, '0'::real)) * (COALESCE(s_3.stawidth, 1024))::double precision))) = '0'::double precision) THEN 0 WHEN ((((sum((('1'::double precision - COALESCE(s_3.stanullfrac, '0'::real)) * (COALESCE(s_3.stawidth, 1024))::double precision))))::integer % (CASE WHEN ((version() ~ 'mingw32'::text) OR (version() ~ '64-bit|x86_64|ppc64|ia64|amd64'::text)) THEN 8 ELSE 4 END)) = 0) THEN (CASE WHEN ((version() ~ 'mingw32'::text) OR (version() ~ '64-bit|x86_64|ppc64|ia64|amd64'::text)) THEN 8 ELSE 4 END) ELSE (((sum((('1'::double precision - COALESCE(s_3.stanullfrac, '0'::real)) * (COALESCE(s_3.stawidth, 1024))::double precision))))::integer % (CASE WHEN ((version() ~ 'mingw32'::text) OR (version() ~ '64-bit|x86_64|ppc64|ia64|amd64'::text)) THEN 8 ELSE 4 END)) END)::double precision))::numeric))::double precision)))))), '0'::double precision))) ELSE '0'::double precision END)))",
          "q.nspname",
          "q.tblname"
        ],
        "Hash Buckets": 1024,
        "Original Hash Buckets": 1024,
        "Hash Batches": 1,
        "Original Hash Batches": 1,
        "Peak Memory Usage": 14,
        "Shared Hit Blocks": 215652,
        "Shared Read Blocks": 0,
        "Shared Dirtied Blocks": 0,
        "Shared Written Blocks": 0,
        "Local Hit Blocks": 0,
        "Local Read Blocks": 0,
        "Local Dirtied Blocks": 0,
        "Local Written Blocks": 0,
        "Temp Read Blocks": 0,
        "Temp Written Blocks": 0,
        "Plans": [
          {
            "Node Type": "Aggregate",
            "Strategy": "Sorted",
            "Partial Mode": "Simple",
            "Parent Relationship": "Outer",
            "Parallel Aware": false,
            "Startup Cost": 181.95,
            "Total Cost": 183.32,
            "Plan Rows": 1,
            "Plan Width": 136,
            "Actual Startup Time": 190.008,
            "Actual Total Time": 190.312,
            "Actual Rows": 36,
            "Actual Loops": 1,
            "Output": [
              "sum((CASE WHEN ((q.relpages)::double precision > COALESCE(('1'::double precision + ceil((q.reltuples / floor((((((((current_setting('block_size'::text))::numeric) - ((16))::numeric) - ((24))::numeric) * (q.fillfactor)::numeric))::double precision / ('100'::double precision * (('4'::numeric + ((((((((CASE WHEN (max(COALESCE(s_3.stanullfrac, '0'::real)) = '0'::double precision) THEN 2 ELSE 6 END) + (CASE WHEN ((version() ~ 'mingw32'::text) OR (version() ~ '64-bit|x86_64|ppc64|ia64|amd64'::text)) THEN 8 ELSE 4 END)) - CASE WHEN (((CASE WHEN (max(COALESCE(s_3.stanullfrac, '0'::real)) = '0'::double precision) THEN 2 ELSE 6 END) % (CASE WHEN ((version() ~ 'mingw32'::text) OR (version() ~ '64-bit|x86_64|ppc64|ia64|amd64'::text)) THEN 8 ELSE 4 END)) = 0) THEN (CASE WHEN ((version() ~ 'mingw32'::text) OR (version() ~ '64-bit|x86_64|ppc64|ia64|amd64'::text)) THEN 8 ELSE 4 END) ELSE ((CASE WHEN (max(COALESCE(s_3.stanullfrac, '0'::real)) = '0'::double precision) THEN 2 ELSE 6 END) % (CASE WHEN ((version() ~ 'mingw32'::text) OR (version() ~ '64-bit|x86_64|ppc64|ia64|amd64'::text)) THEN 8 ELSE 4 END)) END))::double precision + (sum((('1'::double precision - COALESCE(s_3.stanullfrac, '0'::real)) * (COALESCE(s_3.stawidth, 1024))::double precision)))) + ((CASE WHEN ((version() ~ 'mingw32'::text) OR (version() ~ '64-bit|x86_64|ppc64|ia64|amd64'::text)) THEN 8 ELSE 4 END))::double precision) - (CASE WHEN ((sum((('1'::double precision - COALESCE(s_3.stanullfrac, '0'::real)) * (COALESCE(s_3.stawidth, 1024))::double precision))) = '0'::double precision) THEN 0 WHEN ((((sum((('1'::double precision - COALESCE(s_3.stanullfrac, '0'::real)) * (COALESCE(s_3.stawidth, 1024))::double precision))))::integer % (CASE WHEN ((version() ~ 'mingw32'::text) OR (version() ~ '64-bit|x86_64|ppc64|ia64|amd64'::text)) THEN 8 ELSE 4 END)) = 0) THEN (CASE WHEN ((version() ~ 'mingw32'::text) OR (version() ~ '64-bit|x86_64|ppc64|ia64|amd64'::text)) THEN 8 ELSE 4 END) ELSE (((sum((('1'::double precision - COALESCE(s_3.stanullfrac, '0'::real)) * (COALESCE(s_3.stawidth, 1024))::double precision))))::integer % (CASE WHEN ((version() ~ 'mingw32'::text) OR (version() ~ '64-bit|x86_64|ppc64|ia64|amd64'::text)) THEN 8 ELSE 4 END)) END)::double precision))::numeric))::double precision)))))), '0'::double precision)) THEN ((((current_setting('block_size'::text))::numeric))::double precision * ((q.relpages)::double precision - COALESCE(('1'::double precision + ceil((q.reltuples / floor((((((((current_setting('block_size'::text))::numeric) - ((16))::numeric) - ((24))::numeric) * (q.fillfactor)::numeric))::double precision / ('100'::double precision * (('4'::numeric + ((((((((CASE WHEN (max(COALESCE(s_3.stanullfrac, '0'::real)) = '0'::double precision) THEN 2 ELSE 6 END) + (CASE WHEN ((version() ~ 'mingw32'::text) OR (version() ~ '64-bit|x86_64|ppc64|ia64|amd64'::text)) THEN 8 ELSE 4 END)) - CASE WHEN (((CASE WHEN (max(COALESCE(s_3.stanullfrac, '0'::real)) = '0'::double precision) THEN 2 ELSE 6 END) % (CASE WHEN ((version() ~ 'mingw32'::text) OR (version() ~ '64-bit|x86_64|ppc64|ia64|amd64'::text)) THEN 8 ELSE 4 END)) = 0) THEN (CASE WHEN ((version() ~ 'mingw32'::text) OR (version() ~ '64-bit|x86_64|ppc64|ia64|amd64'::text)) THEN 8 ELSE 4 END) ELSE ((CASE WHEN (max(COALESCE(s_3.stanullfrac, '0'::real)) = '0'::double precision) THEN 2 ELSE 6 END) % (CASE WHEN ((version() ~ 'mingw32'::text) OR (version() ~ '64-bit|x86_64|ppc64|ia64|amd64'::text)) THEN 8 ELSE 4 END)) END))::double precision + (sum((('1'::double precision - COALESCE(s_3.stanullfrac, '0'::real)) * (COALESCE(s_3.stawidth, 1024))::double precision)))) + ((CASE WHEN ((version() ~ 'mingw32'::text) OR (version() ~ '64-bit|x86_64|ppc64|ia64|amd64'::text)) THEN 8 ELSE 4 END))::double precision) - (CASE WHEN ((sum((('1'::double precision - COALESCE(s_3.stanullfrac, '0'::real)) * (COALESCE(s_3.stawidth, 1024))::double precision))) = '0'::double precision) THEN 0 WHEN ((((sum((('1'::double precision - COALESCE(s_3.stanullfrac, '0'::real)) * (COALESCE(s_3.stawidth, 1024))::double precision))))::integer % (CASE WHEN ((version() ~ 'mingw32'::text) OR (version() ~ '64-bit|x86_64|ppc64|ia64|amd64'::text)) THEN 8 ELSE 4 END)) = 0) THEN (CASE WHEN ((version() ~ 'mingw32'::text) OR (version() ~ '64-bit|x86_64|ppc64|ia64|amd64'::text)) THEN 8 ELSE 4 END) ELSE (((sum((('1'::double precision - COALESCE(s_3.stanullfrac, '0'::real)) * (COALESCE(s_3.stawidth, 1024))::double precision))))::integer % (CASE WHEN ((version() ~ 'mingw32'::text) OR (version() ~ '64-bit|x86_64|ppc64|ia64|amd64'::text)) THEN 8 ELSE 4 END)) END)::double precision))::numeric))::double precision)))))), '0'::double precision))) ELSE '0'::double precision END))",
              "q.nspname",
              "q.tblname"
            ],
            "Group Key": ["q.nspname", "q.tblname"],
            "Shared Hit Blocks": 215652,
            "Shared Read Blocks": 0,
            "Shared Dirtied Blocks": 0,
            "Shared Written Blocks": 0,
            "Local Hit Blocks": 0,
            "Local Read Blocks": 0,
            "Local Dirtied Blocks": 0,
            "Local Written Blocks": 0,
            "Temp Read Blocks": 0,
            "Temp Written Blocks": 0,
            "Plans": [
              {
                "Node Type": "Nested Loop",
                "Parent Relationship": "Outer",
                "Parallel Aware": false,
                "Join Type": "Inner",
                "Startup Cost": 181.95,
                "Total Cost": 183.3,
                "Plan Rows": 1,
                "Plan Width": 349,
                "Actual Startup Time": 189.991,
                "Actual Total Time": 190.29,
                "Actual Rows": 47,
                "Actual Loops": 1,
                "Output": [
                  "NULL::name",
                  "q.nspname",
                  "q.tblname",
                  "q.idxname",
                  "NULL::numeric",
                  "NULL::numeric",
                  "NULL::double precision",
                  "NULL::integer",
                  "CASE WHEN ((q.relpages)::double precision > COALESCE(('1'::double precision + ceil((q.reltuples / floor((((((((current_setting('block_size'::text))::numeric) - ((16))::numeric) - ((24))::numeric) * (q.fillfactor)::numeric))::double precision / ('100'::double precision * (('4'::numeric + ((((((((CASE WHEN (max(COALESCE(s_3.stanullfrac, '0'::real)) = '0'::double precision) THEN 2 ELSE 6 END) + (CASE WHEN ((version() ~ 'mingw32'::text) OR (version() ~ '64-bit|x86_64|ppc64|ia64|amd64'::text)) THEN 8 ELSE 4 END)) - CASE WHEN (((CASE WHEN (max(COALESCE(s_3.stanullfrac, '0'::real)) = '0'::double precision) THEN 2 ELSE 6 END) % (CASE WHEN ((version() ~ 'mingw32'::text) OR (version() ~ '64-bit|x86_64|ppc64|ia64|amd64'::text)) THEN 8 ELSE 4 END)) = 0) THEN (CASE WHEN ((version() ~ 'mingw32'::text) OR (version() ~ '64-bit|x86_64|ppc64|ia64|amd64'::text)) THEN 8 ELSE 4 END) ELSE ((CASE WHEN (max(COALESCE(s_3.stanullfrac, '0'::real)) = '0'::double precision) THEN 2 ELSE 6 END) % (CASE WHEN ((version() ~ 'mingw32'::text) OR (version() ~ '64-bit|x86_64|ppc64|ia64|amd64'::text)) THEN 8 ELSE 4 END)) END))::double precision + (sum((('1'::double precision - COALESCE(s_3.stanullfrac, '0'::real)) * (COALESCE(s_3.stawidth, 1024))::double precision)))) + ((CASE WHEN ((version() ~ 'mingw32'::text) OR (version() ~ '64-bit|x86_64|ppc64|ia64|amd64'::text)) THEN 8 ELSE 4 END))::double precision) - (CASE WHEN ((sum((('1'::double precision - COALESCE(s_3.stanullfrac, '0'::real)) * (COALESCE(s_3.stawidth, 1024))::double precision))) = '0'::double precision) THEN 0 WHEN ((((sum((('1'::double precision - COALESCE(s_3.stanullfrac, '0'::real)) * (COALESCE(s_3.stawidth, 1024))::double precision))))::integer % (CASE WHEN ((version() ~ 'mingw32'::text) OR (version() ~ '64-bit|x86_64|ppc64|ia64|amd64'::text)) THEN 8 ELSE 4 END)) = 0) THEN (CASE WHEN ((version() ~ 'mingw32'::text) OR (version() ~ '64-bit|x86_64|ppc64|ia64|amd64'::text)) THEN 8 ELSE 4 END) ELSE (((sum((('1'::double precision - COALESCE(s_3.stanullfrac, '0'::real)) * (COALESCE(s_3.stawidth, 1024))::double precision))))::integer % (CASE WHEN ((version() ~ 'mingw32'::text) OR (version() ~ '64-bit|x86_64|ppc64|ia64|amd64'::text)) THEN 8 ELSE 4 END)) END)::double precision))::numeric))::double precision)))))), '0'::double precision)) THEN ((((current_setting('block_size'::text))::numeric))::double precision * ((q.relpages)::double precision - COALESCE(('1'::double precision + ceil((q.reltuples / floor((((((((current_setting('block_size'::text))::numeric) - ((16))::numeric) - ((24))::numeric) * (q.fillfactor)::numeric))::double precision / ('100'::double precision * (('4'::numeric + ((((((((CASE WHEN (max(COALESCE(s_3.stanullfrac, '0'::real)) = '0'::double precision) THEN 2 ELSE 6 END) + (CASE WHEN ((version() ~ 'mingw32'::text) OR (version() ~ '64-bit|x86_64|ppc64|ia64|amd64'::text)) THEN 8 ELSE 4 END)) - CASE WHEN (((CASE WHEN (max(COALESCE(s_3.stanullfrac, '0'::real)) = '0'::double precision) THEN 2 ELSE 6 END) % (CASE WHEN ((version() ~ 'mingw32'::text) OR (version() ~ '64-bit|x86_64|ppc64|ia64|amd64'::text)) THEN 8 ELSE 4 END)) = 0) THEN (CASE WHEN ((version() ~ 'mingw32'::text) OR (version() ~ '64-bit|x86_64|ppc64|ia64|amd64'::text)) THEN 8 ELSE 4 END) ELSE ((CASE WHEN (max(COALESCE(s_3.stanullfrac, '0'::real)) = '0'::double precision) THEN 2 ELSE 6 END) % (CASE WHEN ((version() ~ 'mingw32'::text) OR (version() ~ '64-bit|x86_64|ppc64|ia64|amd64'::text)) THEN 8 ELSE 4 END)) END))::double precision + (sum((('1'::double precision - COALESCE(s_3.stanullfrac, '0'::real)) * (COALESCE(s_3.stawidth, 1024))::double precision)))) + ((CASE WHEN ((version() ~ 'mingw32'::text) OR (version() ~ '64-bit|x86_64|ppc64|ia64|amd64'::text)) THEN 8 ELSE 4 END))::double precision) - (CASE WHEN ((sum((('1'::double precision - COALESCE(s_3.stanullfrac, '0'::real)) * (COALESCE(s_3.stawidth, 1024))::double precision))) = '0'::double precision) THEN 0 WHEN ((((sum((('1'::double precision - COALESCE(s_3.stanullfrac, '0'::real)) * (COALESCE(s_3.stawidth, 1024))::double precision))))::integer % (CASE WHEN ((version() ~ 'mingw32'::text) OR (version() ~ '64-bit|x86_64|ppc64|ia64|amd64'::text)) THEN 8 ELSE 4 END)) = 0) THEN (CASE WHEN ((version() ~ 'mingw32'::text) OR (version() ~ '64-bit|x86_64|ppc64|ia64|amd64'::text)) THEN 8 ELSE 4 END) ELSE (((sum((('1'::double precision - COALESCE(s_3.stanullfrac, '0'::real)) * (COALESCE(s_3.stawidth, 1024))::double precision))))::integer % (CASE WHEN ((version() ~ 'mingw32'::text) OR (version() ~ '64-bit|x86_64|ppc64|ia64|amd64'::text)) THEN 8 ELSE 4 END)) END)::double precision))::numeric))::double precision)))))), '0'::double precision))) ELSE '0'::double precision END",
                  "NULL::double precision",
                  "NULL::boolean"
                ],
                "Inner Unique": true,
                "Join Filter": "(q.relam = am.oid)",
                "Rows Removed by Join Filter": 0,
                "Shared Hit Blocks": 215652,
                "Shared Read Blocks": 0,
                "Shared Dirtied Blocks": 0,
                "Shared Written Blocks": 0,
                "Local Hit Blocks": 0,
                "Local Read Blocks": 0,
                "Local Dirtied Blocks": 0,
                "Local Written Blocks": 0,
                "Temp Read Blocks": 0,
                "Temp Written Blocks": 0,
                "Plans": [
                  {
                    "Node Type": "Aggregate",
                    "Strategy": "Sorted",
                    "Partial Mode": "Simple",
                    "Parent Relationship": "Outer",
                    "Parallel Aware": false,
                    "Startup Cost": 181.95,
                    "Total Cost": 182.02,
                    "Plan Rows": 1,
                    "Plan Width": 269,
                    "Actual Startup Time": 189.969,
                    "Actual Total Time": 190.143,
                    "Actual Rows": 47,
                    "Actual Loops": 1,
                    "Output": [
                      "q.nspname",
                      "q.tblname",
                      "q.idxname",
                      "q.reltuples",
                      "q.relpages",
                      "q.relam",
                      "q.attrelid",
                      "((current_setting('block_size'::text))::numeric)",
                      "q.fillfactor",
                      "CASE WHEN ((version() ~ 'mingw32'::text) OR (version() ~ '64-bit|x86_64|ppc64|ia64|amd64'::text)) THEN 8 ELSE 4 END",
                      "24",
                      "16",
                      "CASE WHEN (max(COALESCE(s_3.stanullfrac, '0'::real)) = '0'::double precision) THEN 2 ELSE 6 END",
                      "sum((('1'::double precision - COALESCE(s_3.stanullfrac, '0'::real)) * (COALESCE(s_3.stawidth, 1024))::double precision))",
                      "NULL::boolean"
                    ],
                    "Group Key": [
                      "q.nspname",
                      "q.tblname",
                      "q.idxname",
                      "q.reltuples",
                      "q.relpages",
                      "q.relam",
                      "q.attrelid",
                      "((current_setting('block_size'::text))::numeric)",
                      "q.fillfactor"
                    ],
                    "Shared Hit Blocks": 215605,
                    "Shared Read Blocks": 0,
                    "Shared Dirtied Blocks": 0,
                    "Shared Written Blocks": 0,
                    "Local Hit Blocks": 0,
                    "Local Read Blocks": 0,
                    "Local Dirtied Blocks": 0,
                    "Local Written Blocks": 0,
                    "Temp Read Blocks": 0,
                    "Temp Written Blocks": 0,
                    "Plans": [
                      {
                        "Node Type": "Sort",
                        "Parent Relationship": "Outer",
                        "Parallel Aware": false,
                        "Startup Cost": 181.95,
                        "Total Cost": 181.95,
                        "Plan Rows": 1,
                        "Plan Width": 252,
                        "Actual Startup Time": 189.921,
                        "Actual Total Time": 189.926,
                        "Actual Rows": 100,
                        "Actual Loops": 1,
                        "Output": [
                          "q.nspname",
                          "q.tblname",
                          "q.idxname",
                          "q.reltuples",
                          "q.relpages",
                          "q.relam",
                          "q.attrelid",
                          "((current_setting('block_size'::text))::numeric)",
                          "q.fillfactor",
                          "s_3.stanullfrac",
                          "s_3.stawidth"
                        ],
                        "Sort Key": [
                          "q.tblname",
                          "q.idxname",
                          "q.reltuples",
                          "q.relpages",
                          "q.relam",
                          "q.attrelid",
                          "q.fillfactor"
                        ],
                        "Sort Method": "quicksort",
                        "Sort Space Used": 51,
                        "Sort Space Type": "Memory",
                        "Shared Hit Blocks": 215605,
                        "Shared Read Blocks": 0,
                        "Shared Dirtied Blocks": 0,
                        "Shared Written Blocks": 0,
                        "Local Hit Blocks": 0,
                        "Local Read Blocks": 0,
                        "Local Dirtied Blocks": 0,
                        "Local Written Blocks": 0,
                        "Temp Read Blocks": 0,
                        "Temp Written Blocks": 0,
                        "Plans": [
                          {
                            "Node Type": "Nested Loop",
                            "Parent Relationship": "Outer",
                            "Parallel Aware": false,
                            "Join Type": "Inner",
                            "Startup Cost": 93.79,
                            "Total Cost": 181.94,
                            "Plan Rows": 1,
                            "Plan Width": 252,
                            "Actual Startup Time": 2.371,
                            "Actual Total Time": 189.594,
                            "Actual Rows": 100,
                            "Actual Loops": 1,
                            "Output": [
                              "q.nspname",
                              "q.tblname",
                              "q.idxname",
                              "q.reltuples",
                              "q.relpages",
                              "q.relam",
                              "q.attrelid",
                              "(current_setting('block_size'::text))::numeric",
                              "q.fillfactor",
                              "s_3.stanullfrac",
                              "s_3.stawidth"
                            ],
                            "Inner Unique": true,
                            "Shared Hit Blocks": 215605,
                            "Shared Read Blocks": 0,
                            "Shared Dirtied Blocks": 0,
                            "Shared Written Blocks": 0,
                            "Local Hit Blocks": 0,
                            "Local Read Blocks": 0,
                            "Local Dirtied Blocks": 0,
                            "Local Written Blocks": 0,
                            "Temp Read Blocks": 0,
                            "Temp Written Blocks": 0,
                            "Plans": [
                              {
                                "Node Type": "Nested Loop",
                                "Parent Relationship": "Outer",
                                "Parallel Aware": false,
                                "Join Type": "Inner",
                                "Startup Cost": 93.65,
                                "Total Cost": 177.74,
                                "Plan Rows": 1,
                                "Plan Width": 224,
                                "Actual Startup Time": 2.26,
                                "Actual Total Time": 188.458,
                                "Actual Rows": 100,
                                "Actual Loops": 1,
                                "Output": [
                                  "q.nspname",
                                  "q.tblname",
                                  "q.idxname",
                                  "q.reltuples",
                                  "q.relpages",
                                  "q.relam",
                                  "q.attrelid",
                                  "q.fillfactor",
                                  "q.atttypid",
                                  "s_3.stanullfrac",
                                  "s_3.stawidth"
                                ],
                                "Inner Unique": false,
                                "Join Filter": "(((c_3.relname = q.tblname) AND ((a_1.attname)::text = pg_get_indexdef(q.attrelid, (q.attnum)::integer, true))) OR ((c_3.relname = q.idxname) AND (a_1.attname = q.attname)))",
                                "Rows Removed by Join Filter": 70345,
                                "Shared Hit Blocks": 215504,
                                "Shared Read Blocks": 0,
                                "Shared Dirtied Blocks": 0,
                                "Shared Written Blocks": 0,
                                "Local Hit Blocks": 0,
                                "Local Read Blocks": 0,
                                "Local Dirtied Blocks": 0,
                                "Local Written Blocks": 0,
                                "Temp Read Blocks": 0,
                                "Temp Written Blocks": 0,
                                "Plans": [
                                  {
                                    "Node Type": "CTE Scan",
                                    "Parent Relationship": "Outer",
                                    "Parallel Aware": false,
                                    "CTE Name": "q",
                                    "Alias": "q",
                                    "Startup Cost": 73.76,
                                    "Total Cost": 76.03,
                                    "Plan Rows": 1,
                                    "Plan Width": 453,
                                    "Actual Startup Time": 0.663,
                                    "Actual Total Time": 4.145,
                                    "Actual Rows": 193,
                                    "Actual Loops": 1,
                                    "Output": [
                                      "q.nspname",
                                      "q.tblname",
                                      "q.idxname",
                                      "q.reltuples",
                                      "q.relpages",
                                      "q.relam",
                                      "NULL::oid",
                                      "NULL::oid",
                                      "q.fillfactor",
                                      "q.attrelid",
                                      "q.attname",
                                      "q.atttypid",
                                      "NULL::integer",
                                      "NULL::smallint",
                                      "q.attnum",
                                      "NULL::integer",
                                      "NULL::integer",
                                      "NULL::integer",
                                      "NULL::boolean",
                                      "NULL::\"char\"",
                                      "NULL::\"char\"",
                                      "NULL::boolean",
                                      "NULL::boolean",
                                      "NULL::boolean",
                                      "NULL::\"char\"",
                                      "NULL::boolean",
                                      "NULL::boolean",
                                      "NULL::integer",
                                      "NULL::oid",
                                      "NULL::aclitem[]",
                                      "NULL::text[]",
                                      "NULL::text[]",
                                      "NULL::anyarray"
                                    ],
                                    "Filter": "(q.nspname = 'pg_catalog'::name)",
                                    "Rows Removed by Filter": 0,
                                    "Shared Hit Blocks": 380,
                                    "Shared Read Blocks": 0,
                                    "Shared Dirtied Blocks": 0,
                                    "Shared Written Blocks": 0,
                                    "Local Hit Blocks": 0,
                                    "Local Read Blocks": 0,
                                    "Local Dirtied Blocks": 0,
                                    "Local Written Blocks": 0,
                                    "Temp Read Blocks": 0,
                                    "Temp Written Blocks": 0,
                                    "Plans": [
                                      {
                                        "Node Type": "Nested Loop",
                                        "Parent Relationship": "InitPlan",
                                        "Subplan Name": "CTE q",
                                        "Parallel Aware": false,
                                        "Join Type": "Inner",
                                        "Startup Cost": 25.29,
                                        "Total Cost": 73.76,
                                        "Plan Rows": 101,
                                        "Plan Width": 454,
                                        "Actual Startup Time": 0.643,
                                        "Actual Total Time": 2.855,
                                        "Actual Rows": 193,
                                        "Actual Loops": 1,
                                        "Output": [
                                          "pg_namespace.nspname",
                                          "tbl_1.relname",
                                          "idx.relname",
                                          "idx.reltuples",
                                          "idx.relpages",
                                          "idx.relam",
                                          "pg_index.indrelid",
                                          "pg_index.indexrelid",
                                          "COALESCE(((\"substring\"(array_to_string(idx.reloptions, ' '::text), 'fillfactor=([0-9]+)'::text))::smallint)::integer, 90)",
                                          "a_2.attrelid",
                                          "a_2.attname",
                                          "a_2.atttypid",
                                          "a_2.attstattarget",
                                          "a_2.attlen",
                                          "a_2.attnum",
                                          "a_2.attndims",
                                          "a_2.attcacheoff",
                                          "a_2.atttypmod",
                                          "a_2.attbyval",
                                          "a_2.attstorage",
                                          "a_2.attalign",
                                          "a_2.attnotnull",
                                          "a_2.atthasdef",
                                          "a_2.atthasmissing",
                                          "a_2.attidentity",
                                          "a_2.attisdropped",
                                          "a_2.attislocal",
                                          "a_2.attinhcount",
                                          "a_2.attcollation",
                                          "a_2.attacl",
                                          "a_2.attoptions",
                                          "a_2.attfdwoptions",
                                          "a_2.attmissingval"
                                        ],
                                        "Inner Unique": false,
                                        "Join Filter": "(idx.oid = a_2.attrelid)",
                                        "Rows Removed by Join Filter": 0,
                                        "Shared Hit Blocks": 380,
                                        "Shared Read Blocks": 0,
                                        "Shared Dirtied Blocks": 0,
                                        "Shared Written Blocks": 0,
                                        "Local Hit Blocks": 0,
                                        "Local Read Blocks": 0,
                                        "Local Dirtied Blocks": 0,
                                        "Local Written Blocks": 0,
                                        "Temp Read Blocks": 0,
                                        "Temp Written Blocks": 0,
                                        "Plans": [
                                          {
                                            "Node Type": "Hash Join",
                                            "Parent Relationship": "Outer",
                                            "Parallel Aware": false,
                                            "Join Type": "Inner",
                                            "Startup Cost": 25.01,
                                            "Total Cost": 42.13,
                                            "Plan Rows": 17,
                                            "Plan Width": 265,
                                            "Actual Startup Time": 0.604,
                                            "Actual Total Time": 1.613,
                                            "Actual Rows": 116,
                                            "Actual Loops": 1,
                                            "Output": [
                                              "pg_index.indrelid",
                                              "pg_index.indexrelid",
                                              "idx.relname",
                                              "idx.reltuples",
                                              "idx.relpages",
                                              "idx.relam",
                                              "idx.reloptions",
                                              "idx.oid",
                                              "tbl_1.relname",
                                              "pg_namespace.nspname"
                                            ],
                                            "Inner Unique": true,
                                            "Hash Cond": "(idx.relnamespace = pg_namespace.oid)",
                                            "Shared Hit Blocks": 29,
                                            "Shared Read Blocks": 0,
                                            "Shared Dirtied Blocks": 0,
                                            "Shared Written Blocks": 0,
                                            "Local Hit Blocks": 0,
                                            "Local Read Blocks": 0,
                                            "Local Dirtied Blocks": 0,
                                            "Local Written Blocks": 0,
                                            "Temp Read Blocks": 0,
                                            "Temp Written Blocks": 0,
                                            "Plans": [
                                              {
                                                "Node Type": "Hash Join",
                                                "Parent Relationship": "Outer",
                                                "Parallel Aware": false,
                                                "Join Type": "Inner",
                                                "Startup Cost": 23.87,
                                                "Total Cost": 40.92,
                                                "Plan Rows": 17,
                                                "Plan Width": 205,
                                                "Actual Startup Time": 0.534,
                                                "Actual Total Time": 1.282,
                                                "Actual Rows": 116,
                                                "Actual Loops": 1,
                                                "Output": [
                                                  "pg_index.indrelid",
                                                  "pg_index.indexrelid",
                                                  "idx.relname",
                                                  "idx.reltuples",
                                                  "idx.relpages",
                                                  "idx.relam",
                                                  "idx.reloptions",
                                                  "idx.oid",
                                                  "idx.relnamespace",
                                                  "tbl_1.relname"
                                                ],
                                                "Inner Unique": false,
                                                "Hash Cond": "(idx.oid = pg_index.indexrelid)",
                                                "Shared Hit Blocks": 28,
                                                "Shared Read Blocks": 0,
                                                "Shared Dirtied Blocks": 0,
                                                "Shared Written Blocks": 0,
                                                "Local Hit Blocks": 0,
                                                "Local Read Blocks": 0,
                                                "Local Dirtied Blocks": 0,
                                                "Local Written Blocks": 0,
                                                "Temp Read Blocks": 0,
                                                "Temp Written Blocks": 0,
                                                "Plans": [
                                                  {
                                                    "Node Type": "Seq Scan",
                                                    "Parent Relationship": "Outer",
                                                    "Parallel Aware": false,
                                                    "Relation Name": "pg_class",
                                                    "Schema": "pg_catalog",
                                                    "Alias": "idx",
                                                    "Startup Cost": 0.0,
                                                    "Total Cost": 16.27,
                                                    "Plan Rows": 161,
                                                    "Plan Width": 133,
                                                    "Actual Startup Time": 0.013,
                                                    "Actual Total Time": 0.407,
                                                    "Actual Rows": 182,
                                                    "Actual Loops": 1,
                                                    "Output": [
                                                      "idx.relname",
                                                      "idx.reltuples",
                                                      "idx.relpages",
                                                      "idx.relam",
                                                      "idx.reloptions",
                                                      "idx.oid",
                                                      "idx.relnamespace"
                                                    ],
                                                    "Filter": "(idx.relpages > 0)",
                                                    "Rows Removed by Filter": 166,
                                                    "Shared Hit Blocks": 12,
                                                    "Shared Read Blocks": 0,
                                                    "Shared Dirtied Blocks": 0,
                                                    "Shared Written Blocks": 0,
                                                    "Local Hit Blocks": 0,
                                                    "Local Read Blocks": 0,
                                                    "Local Dirtied Blocks": 0,
                                                    "Local Written Blocks": 0,
                                                    "Temp Read Blocks": 0,
                                                    "Temp Written Blocks": 0
                                                  },
                                                  {
                                                    "Node Type": "Hash",
                                                    "Parent Relationship": "Inner",
                                                    "Parallel Aware": false,
                                                    "Startup Cost": 23.42,
                                                    "Total Cost": 23.42,
                                                    "Plan Rows": 36,
                                                    "Plan Width": 72,
                                                    "Actual Startup Time": 0.441,
                                                    "Actual Total Time": 0.442,
                                                    "Actual Rows": 116,
                                                    "Actual Loops": 1,
                                                    "Output": [
                                                      "pg_index.indrelid",
                                                      "pg_index.indexrelid",
                                                      "tbl_1.relname"
                                                    ],
                                                    "Hash Buckets": 1024,
                                                    "Original Hash Buckets": 1024,
                                                    "Hash Batches": 1,
                                                    "Original Hash Batches": 1,
                                                    "Peak Memory Usage": 20,
                                                    "Shared Hit Blocks": 16,
                                                    "Shared Read Blocks": 0,
                                                    "Shared Dirtied Blocks": 0,
                                                    "Shared Written Blocks": 0,
                                                    "Local Hit Blocks": 0,
                                                    "Local Read Blocks": 0,
                                                    "Local Dirtied Blocks": 0,
                                                    "Local Written Blocks": 0,
                                                    "Temp Read Blocks": 0,
                                                    "Temp Written Blocks": 0,
                                                    "Plans": [
                                                      {
                                                        "Node Type": "Hash Join",
                                                        "Parent Relationship": "Outer",
                                                        "Parallel Aware": false,
                                                        "Join Type": "Inner",
                                                        "Startup Cost": 17.14,
                                                        "Total Cost": 23.42,
                                                        "Plan Rows": 36,
                                                        "Plan Width": 72,
                                                        "Actual Startup Time": 0.266,
                                                        "Actual Total Time": 0.378,
                                                        "Actual Rows": 116,
                                                        "Actual Loops": 1,
                                                        "Output": [
                                                          "pg_index.indrelid",
                                                          "pg_index.indexrelid",
                                                          "tbl_1.relname"
                                                        ],
                                                        "Inner Unique": true,
                                                        "Hash Cond": "(pg_index.indrelid = tbl_1.oid)",
                                                        "Shared Hit Blocks": 16,
                                                        "Shared Read Blocks": 0,
                                                        "Shared Dirtied Blocks": 0,
                                                        "Shared Written Blocks": 0,
                                                        "Local Hit Blocks": 0,
                                                        "Local Read Blocks": 0,
                                                        "Local Dirtied Blocks": 0,
                                                        "Local Written Blocks": 0,
                                                        "Temp Read Blocks": 0,
                                                        "Temp Written Blocks": 0,
                                                        "Plans": [
                                                          {
                                                            "Node Type": "Seq Scan",
                                                            "Parent Relationship": "Outer",
                                                            "Parallel Aware": false,
                                                            "Relation Name": "pg_index",
                                                            "Schema": "pg_catalog",
                                                            "Alias": "pg_index",
                                                            "Startup Cost": 0.0,
                                                            "Total Cost": 5.8,
                                                            "Plan Rows": 180,
                                                            "Plan Width": 8,
                                                            "Actual Startup Time": 0.003,
                                                            "Actual Total Time": 0.073,
                                                            "Actual Rows": 137,
                                                            "Actual Loops": 1,
                                                            "Output": [
                                                              "pg_index.indexrelid",
                                                              "pg_index.indrelid",
                                                              "pg_index.indnatts",
                                                              "pg_index.indnkeyatts",
                                                              "pg_index.indisunique",
                                                              "pg_index.indisprimary",
                                                              "pg_index.indisexclusion",
                                                              "pg_index.indimmediate",
                                                              "pg_index.indisclustered",
                                                              "pg_index.indisvalid",
                                                              "pg_index.indcheckxmin",
                                                              "pg_index.indisready",
                                                              "pg_index.indislive",
                                                              "pg_index.indisreplident",
                                                              "pg_index.indkey",
                                                              "pg_index.indcollation",
                                                              "pg_index.indclass",
                                                              "pg_index.indoption",
                                                              "pg_index.indexprs",
                                                              "pg_index.indpred"
                                                            ],
                                                            "Filter": "pg_index.indisvalid",
                                                            "Rows Removed by Filter": 0,
                                                            "Shared Hit Blocks": 4,
                                                            "Shared Read Blocks": 0,
                                                            "Shared Dirtied Blocks": 0,
                                                            "Shared Written Blocks": 0,
                                                            "Local Hit Blocks": 0,
                                                            "Local Read Blocks": 0,
                                                            "Local Dirtied Blocks": 0,
                                                            "Local Written Blocks": 0,
                                                            "Temp Read Blocks": 0,
                                                            "Temp Written Blocks": 0
                                                          },
                                                          {
                                                            "Node Type": "Hash",
                                                            "Parent Relationship": "Inner",
                                                            "Parallel Aware": false,
                                                            "Startup Cost": 16.27,
                                                            "Total Cost": 16.27,
                                                            "Plan Rows": 69,
                                                            "Plan Width": 68,
                                                            "Actual Startup Time": 0.229,
                                                            "Actual Total Time": 0.229,
                                                            "Actual Rows": 71,
                                                            "Actual Loops": 1,
                                                            "Output": [
                                                              "tbl_1.relname",
                                                              "tbl_1.oid"
                                                            ],
                                                            "Hash Buckets": 1024,
                                                            "Original Hash Buckets": 1024,
                                                            "Hash Batches": 1,
                                                            "Original Hash Batches": 1,
                                                            "Peak Memory Usage": 15,
                                                            "Shared Hit Blocks": 12,
                                                            "Shared Read Blocks": 0,
                                                            "Shared Dirtied Blocks": 0,
                                                            "Shared Written Blocks": 0,
                                                            "Local Hit Blocks": 0,
                                                            "Local Read Blocks": 0,
                                                            "Local Dirtied Blocks": 0,
                                                            "Local Written Blocks": 0,
                                                            "Temp Read Blocks": 0,
                                                            "Temp Written Blocks": 0,
                                                            "Plans": [
                                                              {
                                                                "Node Type": "Seq Scan",
                                                                "Parent Relationship": "Outer",
                                                                "Parallel Aware": false,
                                                                "Relation Name": "pg_class",
                                                                "Schema": "pg_catalog",
                                                                "Alias": "tbl_1",
                                                                "Startup Cost": 0.0,
                                                                "Total Cost": 16.27,
                                                                "Plan Rows": 69,
                                                                "Plan Width": 68,
                                                                "Actual Startup Time": 0.01,
                                                                "Actual Total Time": 0.182,
                                                                "Actual Rows": 71,
                                                                "Actual Loops": 1,
                                                                "Output": [
                                                                  "tbl_1.relname",
                                                                  "tbl_1.oid"
                                                                ],
                                                                "Filter": "(tbl_1.relkind = 'r'::\"char\")",
                                                                "Rows Removed by Filter": 277,
                                                                "Shared Hit Blocks": 12,
                                                                "Shared Read Blocks": 0,
                                                                "Shared Dirtied Blocks": 0,
                                                                "Shared Written Blocks": 0,
                                                                "Local Hit Blocks": 0,
                                                                "Local Read Blocks": 0,
                                                                "Local Dirtied Blocks": 0,
                                                                "Local Written Blocks": 0,
                                                                "Temp Read Blocks": 0,
                                                                "Temp Written Blocks": 0
                                                              }
                                                            ]
                                                          }
                                                        ]
                                                      }
                                                    ]
                                                  }
                                                ]
                                              },
                                              {
                                                "Node Type": "Hash",
                                                "Parent Relationship": "Inner",
                                                "Parallel Aware": false,
                                                "Startup Cost": 1.06,
                                                "Total Cost": 1.06,
                                                "Plan Rows": 6,
                                                "Plan Width": 68,
                                                "Actual Startup Time": 0.037,
                                                "Actual Total Time": 0.037,
                                                "Actual Rows": 7,
                                                "Actual Loops": 1,
                                                "Output": [
                                                  "pg_namespace.nspname",
                                                  "pg_namespace.oid"
                                                ],
                                                "Hash Buckets": 1024,
                                                "Original Hash Buckets": 1024,
                                                "Hash Batches": 1,
                                                "Original Hash Batches": 1,
                                                "Peak Memory Usage": 9,
                                                "Shared Hit Blocks": 1,
                                                "Shared Read Blocks": 0,
                                                "Shared Dirtied Blocks": 0,
                                                "Shared Written Blocks": 0,
                                                "Local Hit Blocks": 0,
                                                "Local Read Blocks": 0,
                                                "Local Dirtied Blocks": 0,
                                                "Local Written Blocks": 0,
                                                "Temp Read Blocks": 0,
                                                "Temp Written Blocks": 0,
                                                "Plans": [
                                                  {
                                                    "Node Type": "Seq Scan",
                                                    "Parent Relationship": "Outer",
                                                    "Parallel Aware": false,
                                                    "Relation Name": "pg_namespace",
                                                    "Schema": "pg_catalog",
                                                    "Alias": "pg_namespace",
                                                    "Startup Cost": 0.0,
                                                    "Total Cost": 1.06,
                                                    "Plan Rows": 6,
                                                    "Plan Width": 68,
                                                    "Actual Startup Time": 0.022,
                                                    "Actual Total Time": 0.024,
                                                    "Actual Rows": 7,
                                                    "Actual Loops": 1,
                                                    "Output": [
                                                      "pg_namespace.nspname",
                                                      "pg_namespace.oid"
                                                    ],
                                                    "Shared Hit Blocks": 1,
                                                    "Shared Read Blocks": 0,
                                                    "Shared Dirtied Blocks": 0,
                                                    "Shared Written Blocks": 0,
                                                    "Local Hit Blocks": 0,
                                                    "Local Read Blocks": 0,
                                                    "Local Dirtied Blocks": 0,
                                                    "Local Written Blocks": 0,
                                                    "Temp Read Blocks": 0,
                                                    "Temp Written Blocks": 0
                                                  }
                                                ]
                                              }
                                            ]
                                          },
                                          {
                                            "Node Type": "Index Scan",
                                            "Parent Relationship": "Inner",
                                            "Parallel Aware": false,
                                            "Scan Direction": "Forward",
                                            "Index Name": "pg_attribute_relid_attnum_index",
                                            "Relation Name": "pg_attribute",
                                            "Schema": "pg_catalog",
                                            "Alias": "a_2",
                                            "Startup Cost": 0.28,
                                            "Total Cost": 1.71,
                                            "Plan Rows": 6,
                                            "Plan Width": 238,
                                            "Actual Startup Time": 0.004,
                                            "Actual Total Time": 0.005,
                                            "Actual Rows": 2,
                                            "Actual Loops": 116,
                                            "Output": [
                                              "a_2.attrelid",
                                              "a_2.attname",
                                              "a_2.atttypid",
                                              "a_2.attstattarget",
                                              "a_2.attlen",
                                              "a_2.attnum",
                                              "a_2.attndims",
                                              "a_2.attcacheoff",
                                              "a_2.atttypmod",
                                              "a_2.attbyval",
                                              "a_2.attstorage",
                                              "a_2.attalign",
                                              "a_2.attnotnull",
                                              "a_2.atthasdef",
                                              "a_2.atthasmissing",
                                              "a_2.attidentity",
                                              "a_2.attisdropped",
                                              "a_2.attislocal",
                                              "a_2.attinhcount",
                                              "a_2.attcollation",
                                              "a_2.attacl",
                                              "a_2.attoptions",
                                              "a_2.attfdwoptions",
                                              "a_2.attmissingval"
                                            ],
                                            "Index Cond": "((a_2.attrelid = pg_index.indexrelid) AND (a_2.attnum > 0))",
                                            "Rows Removed by Index Recheck": 0,
                                            "Shared Hit Blocks": 351,
                                            "Shared Read Blocks": 0,
                                            "Shared Dirtied Blocks": 0,
                                            "Shared Written Blocks": 0,
                                            "Local Hit Blocks": 0,
                                            "Local Read Blocks": 0,
                                            "Local Dirtied Blocks": 0,
                                            "Local Written Blocks": 0,
                                            "Temp Read Blocks": 0,
                                            "Temp Written Blocks": 0
                                          }
                                        ]
                                      }
                                    ]
                                  },
                                  {
                                    "Node Type": "Nested Loop",
                                    "Parent Relationship": "Inner",
                                    "Parallel Aware": false,
                                    "Join Type": "Inner",
                                    "Startup Cost": 19.89,
                                    "Total Cost": 101.67,
                                    "Plan Rows": 1,
                                    "Plan Width": 401,
                                    "Actual Startup Time": 0.008,
                                    "Actual Total Time": 0.857,
                                    "Actual Rows": 365,
                                    "Actual Loops": 193,
                                    "Output": [
                                      "n_2.nspname",
                                      "c_3.relname",
                                      "a_1.attname",
                                      "NULL::boolean",
                                      "s_3.stanullfrac",
                                      "s_3.stawidth",
                                      "NULL::real",
                                      "NULL::anyarray",
                                      "NULL::real[]",
                                      "NULL::anyarray",
                                      "NULL::real",
                                      "NULL::anyarray",
                                      "NULL::real[]",
                                      "NULL::real[]"
                                    ],
                                    "Inner Unique": true,
                                    "Join Filter": "(has_column_privilege(c_3.oid, a_1.attnum, 'select'::text) AND (c_3.oid = a_1.attrelid))",
                                    "Rows Removed by Join Filter": 0,
                                    "Shared Hit Blocks": 214436,
                                    "Shared Read Blocks": 0,
                                    "Shared Dirtied Blocks": 0,
                                    "Shared Written Blocks": 0,
                                    "Local Hit Blocks": 0,
                                    "Local Read Blocks": 0,
                                    "Local Dirtied Blocks": 0,
                                    "Local Written Blocks": 0,
                                    "Temp Read Blocks": 0,
                                    "Temp Written Blocks": 0,
                                    "Plans": [
                                      {
                                        "Node Type": "Hash Join",
                                        "Parent Relationship": "Outer",
                                        "Parallel Aware": false,
                                        "Join Type": "Inner",
                                        "Startup Cost": 19.61,
                                        "Total Cost": 41.74,
                                        "Plan Rows": 66,
                                        "Plan Width": 146,
                                        "Actual Startup Time": 0.004,
                                        "Actual Total Time": 0.157,
                                        "Actual Rows": 365,
                                        "Actual Loops": 193,
                                        "Output": [
                                          "s_3.stanullfrac",
                                          "s_3.stawidth",
                                          "s_3.starelid",
                                          "s_3.staattnum",
                                          "c_3.relname",
                                          "c_3.oid",
                                          "n_2.nspname"
                                        ],
                                        "Inner Unique": false,
                                        "Hash Cond": "(s_3.starelid = c_3.oid)",
                                        "Shared Hit Blocks": 3101,
                                        "Shared Read Blocks": 0,
                                        "Shared Dirtied Blocks": 0,
                                        "Shared Written Blocks": 0,
                                        "Local Hit Blocks": 0,
                                        "Local Read Blocks": 0,
                                        "Local Dirtied Blocks": 0,
                                        "Local Written Blocks": 0,
                                        "Temp Read Blocks": 0,
                                        "Temp Written Blocks": 0,
                                        "Plans": [
                                          {
                                            "Node Type": "Seq Scan",
                                            "Parent Relationship": "Outer",
                                            "Parallel Aware": false,
                                            "Relation Name": "pg_statistic",
                                            "Schema": "pg_catalog",
                                            "Alias": "s_3",
                                            "Startup Cost": 0.0,
                                            "Total Cost": 19.98,
                                            "Plan Rows": 398,
                                            "Plan Width": 14,
                                            "Actual Startup Time": 0.001,
                                            "Actual Total Time": 0.035,
                                            "Actual Rows": 398,
                                            "Actual Loops": 193,
                                            "Output": [
                                              "s_3.starelid",
                                              "s_3.staattnum",
                                              "s_3.stainherit",
                                              "s_3.stanullfrac",
                                              "s_3.stawidth",
                                              "s_3.stadistinct",
                                              "s_3.stakind1",
                                              "s_3.stakind2",
                                              "s_3.stakind3",
                                              "s_3.stakind4",
                                              "s_3.stakind5",
                                              "s_3.staop1",
                                              "s_3.staop2",
                                              "s_3.staop3",
                                              "s_3.staop4",
                                              "s_3.staop5",
                                              "s_3.stanumbers1",
                                              "s_3.stanumbers2",
                                              "s_3.stanumbers3",
                                              "s_3.stanumbers4",
                                              "s_3.stanumbers5",
                                              "s_3.stavalues1",
                                              "s_3.stavalues2",
                                              "s_3.stavalues3",
                                              "s_3.stavalues4",
                                              "s_3.stavalues5"
                                            ],
                                            "Shared Hit Blocks": 3088,
                                            "Shared Read Blocks": 0,
                                            "Shared Dirtied Blocks": 0,
                                            "Shared Written Blocks": 0,
                                            "Local Hit Blocks": 0,
                                            "Local Read Blocks": 0,
                                            "Local Dirtied Blocks": 0,
                                            "Local Written Blocks": 0,
                                            "Temp Read Blocks": 0,
                                            "Temp Written Blocks": 0
                                          },
                                          {
                                            "Node Type": "Hash",
                                            "Parent Relationship": "Inner",
                                            "Parallel Aware": false,
                                            "Startup Cost": 18.89,
                                            "Total Cost": 18.89,
                                            "Plan Rows": 57,
                                            "Plan Width": 132,
                                            "Actual Startup Time": 0.476,
                                            "Actual Total Time": 0.476,
                                            "Actual Rows": 237,
                                            "Actual Loops": 1,
                                            "Output": [
                                              "c_3.relname",
                                              "c_3.oid",
                                              "n_2.nspname"
                                            ],
                                            "Hash Buckets": 1024,
                                            "Original Hash Buckets": 1024,
                                            "Hash Batches": 1,
                                            "Original Hash Batches": 1,
                                            "Peak Memory Usage": 46,
                                            "Shared Hit Blocks": 13,
                                            "Shared Read Blocks": 0,
                                            "Shared Dirtied Blocks": 0,
                                            "Shared Written Blocks": 0,
                                            "Local Hit Blocks": 0,
                                            "Local Read Blocks": 0,
                                            "Local Dirtied Blocks": 0,
                                            "Local Written Blocks": 0,
                                            "Temp Read Blocks": 0,
                                            "Temp Written Blocks": 0,
                                            "Plans": [
                                              {
                                                "Node Type": "Hash Join",
                                                "Parent Relationship": "Outer",
                                                "Parallel Aware": false,
                                                "Join Type": "Inner",
                                                "Startup Cost": 1.09,
                                                "Total Cost": 18.89,
                                                "Plan Rows": 57,
                                                "Plan Width": 132,
                                                "Actual Startup Time": 0.098,
                                                "Actual Total Time": 0.355,
                                                "Actual Rows": 237,
                                                "Actual Loops": 1,
                                                "Output": [
                                                  "c_3.relname",
                                                  "c_3.oid",
                                                  "n_2.nspname"
                                                ],
                                                "Inner Unique": true,
                                                "Hash Cond": "(c_3.relnamespace = n_2.oid)",
                                                "Shared Hit Blocks": 13,
                                                "Shared Read Blocks": 0,
                                                "Shared Dirtied Blocks": 0,
                                                "Shared Written Blocks": 0,
                                                "Local Hit Blocks": 0,
                                                "Local Read Blocks": 0,
                                                "Local Dirtied Blocks": 0,
                                                "Local Written Blocks": 0,
                                                "Temp Read Blocks": 0,
                                                "Temp Written Blocks": 0,
                                                "Plans": [
                                                  {
                                                    "Node Type": "Seq Scan",
                                                    "Parent Relationship": "Outer",
                                                    "Parallel Aware": false,
                                                    "Relation Name": "pg_class",
                                                    "Schema": "pg_catalog",
                                                    "Alias": "c_3",
                                                    "Startup Cost": 0.0,
                                                    "Total Cost": 16.27,
                                                    "Plan Rows": 342,
                                                    "Plan Width": 72,
                                                    "Actual Startup Time": 0.012,
                                                    "Actual Total Time": 0.206,
                                                    "Actual Rows": 348,
                                                    "Actual Loops": 1,
                                                    "Output": [
                                                      "c_3.relname",
                                                      "c_3.oid",
                                                      "c_3.relnamespace"
                                                    ],
                                                    "Filter": "((NOT c_3.relrowsecurity) OR (NOT row_security_active(c_3.oid)))",
                                                    "Rows Removed by Filter": 0,
                                                    "Shared Hit Blocks": 12,
                                                    "Shared Read Blocks": 0,
                                                    "Shared Dirtied Blocks": 0,
                                                    "Shared Written Blocks": 0,
                                                    "Local Hit Blocks": 0,
                                                    "Local Read Blocks": 0,
                                                    "Local Dirtied Blocks": 0,
                                                    "Local Written Blocks": 0,
                                                    "Temp Read Blocks": 0,
                                                    "Temp Written Blocks": 0
                                                  },
                                                  {
                                                    "Node Type": "Hash",
                                                    "Parent Relationship": "Inner",
                                                    "Parallel Aware": false,
                                                    "Startup Cost": 1.07,
                                                    "Total Cost": 1.07,
                                                    "Plan Rows": 1,
                                                    "Plan Width": 68,
                                                    "Actual Startup Time": 0.027,
                                                    "Actual Total Time": 0.027,
                                                    "Actual Rows": 1,
                                                    "Actual Loops": 1,
                                                    "Output": [
                                                      "n_2.nspname",
                                                      "n_2.oid"
                                                    ],
                                                    "Hash Buckets": 1024,
                                                    "Original Hash Buckets": 1024,
                                                    "Hash Batches": 1,
                                                    "Original Hash Batches": 1,
                                                    "Peak Memory Usage": 9,
                                                    "Shared Hit Blocks": 1,
                                                    "Shared Read Blocks": 0,
                                                    "Shared Dirtied Blocks": 0,
                                                    "Shared Written Blocks": 0,
                                                    "Local Hit Blocks": 0,
                                                    "Local Read Blocks": 0,
                                                    "Local Dirtied Blocks": 0,
                                                    "Local Written Blocks": 0,
                                                    "Temp Read Blocks": 0,
                                                    "Temp Written Blocks": 0,
                                                    "Plans": [
                                                      {
                                                        "Node Type": "Seq Scan",
                                                        "Parent Relationship": "Outer",
                                                        "Parallel Aware": false,
                                                        "Relation Name": "pg_namespace",
                                                        "Schema": "pg_catalog",
                                                        "Alias": "n_2",
                                                        "Startup Cost": 0.0,
                                                        "Total Cost": 1.07,
                                                        "Plan Rows": 1,
                                                        "Plan Width": 68,
                                                        "Actual Startup Time": 0.021,
                                                        "Actual Total Time": 0.022,
                                                        "Actual Rows": 1,
                                                        "Actual Loops": 1,
                                                        "Output": [
                                                          "n_2.nspname",
                                                          "n_2.oid"
                                                        ],
                                                        "Filter": "(n_2.nspname = 'pg_catalog'::name)",
                                                        "Rows Removed by Filter": 6,
                                                        "Shared Hit Blocks": 1,
                                                        "Shared Read Blocks": 0,
                                                        "Shared Dirtied Blocks": 0,
                                                        "Shared Written Blocks": 0,
                                                        "Local Hit Blocks": 0,
                                                        "Local Read Blocks": 0,
                                                        "Local Dirtied Blocks": 0,
                                                        "Local Written Blocks": 0,
                                                        "Temp Read Blocks": 0,
                                                        "Temp Written Blocks": 0
                                                      }
                                                    ]
                                                  }
                                                ]
                                              }
                                            ]
                                          }
                                        ]
                                      },
                                      {
                                        "Node Type": "Index Scan",
                                        "Parent Relationship": "Inner",
                                        "Parallel Aware": false,
                                        "Scan Direction": "Forward",
                                        "Index Name": "pg_attribute_relid_attnum_index",
                                        "Relation Name": "pg_attribute",
                                        "Schema": "pg_catalog",
                                        "Alias": "a_1",
                                        "Startup Cost": 0.28,
                                        "Total Cost": 0.89,
                                        "Plan Rows": 1,
                                        "Plan Width": 70,
                                        "Actual Startup Time": 0.001,
                                        "Actual Total Time": 0.001,
                                        "Actual Rows": 1,
                                        "Actual Loops": 70445,
                                        "Output": [
                                          "a_1.attrelid",
                                          "a_1.attname",
                                          "a_1.atttypid",
                                          "a_1.attstattarget",
                                          "a_1.attlen",
                                          "a_1.attnum",
                                          "a_1.attndims",
                                          "a_1.attcacheoff",
                                          "a_1.atttypmod",
                                          "a_1.attbyval",
                                          "a_1.attstorage",
                                          "a_1.attalign",
                                          "a_1.attnotnull",
                                          "a_1.atthasdef",
                                          "a_1.atthasmissing",
                                          "a_1.attidentity",
                                          "a_1.attisdropped",
                                          "a_1.attislocal",
                                          "a_1.attinhcount",
                                          "a_1.attcollation",
                                          "a_1.attacl",
                                          "a_1.attoptions",
                                          "a_1.attfdwoptions",
                                          "a_1.attmissingval"
                                        ],
                                        "Index Cond": "((a_1.attrelid = s_3.starelid) AND (a_1.attnum = s_3.staattnum))",
                                        "Rows Removed by Index Recheck": 0,
                                        "Filter": "(NOT a_1.attisdropped)",
                                        "Rows Removed by Filter": 0,
                                        "Shared Hit Blocks": 211335,
                                        "Shared Read Blocks": 0,
                                        "Shared Dirtied Blocks": 0,
                                        "Shared Written Blocks": 0,
                                        "Local Hit Blocks": 0,
                                        "Local Read Blocks": 0,
                                        "Local Dirtied Blocks": 0,
                                        "Local Written Blocks": 0,
                                        "Temp Read Blocks": 0,
                                        "Temp Written Blocks": 0
                                      }
                                    ]
                                  }
                                ]
                              },
                              {
                                "Node Type": "Index Only Scan",
                                "Parent Relationship": "Inner",
                                "Parallel Aware": false,
                                "Scan Direction": "Forward",
                                "Index Name": "pg_type_oid_index",
                                "Relation Name": "pg_type",
                                "Schema": "pg_catalog",
                                "Alias": "t",
                                "Startup Cost": 0.15,
                                "Total Cost": 4.17,
                                "Plan Rows": 1,
                                "Plan Width": 4,
                                "Actual Startup Time": 0.005,
                                "Actual Total Time": 0.005,
                                "Actual Rows": 1,
                                "Actual Loops": 100,
                                "Output": ["t.oid"],
                                "Index Cond": "(t.oid = q.atttypid)",
                                "Rows Removed by Index Recheck": 0,
                                "Heap Fetches": 0,
                                "Shared Hit Blocks": 101,
                                "Shared Read Blocks": 0,
                                "Shared Dirtied Blocks": 0,
                                "Shared Written Blocks": 0,
                                "Local Hit Blocks": 0,
                                "Local Read Blocks": 0,
                                "Local Dirtied Blocks": 0,
                                "Local Written Blocks": 0,
                                "Temp Read Blocks": 0,
                                "Temp Written Blocks": 0
                              }
                            ]
                          }
                        ]
                      }
                    ]
                  },
                  {
                    "Node Type": "Seq Scan",
                    "Parent Relationship": "Inner",
                    "Parallel Aware": false,
                    "Relation Name": "pg_am",
                    "Schema": "pg_catalog",
                    "Alias": "am",
                    "Startup Cost": 0.0,
                    "Total Cost": 1.07,
                    "Plan Rows": 1,
                    "Plan Width": 4,
                    "Actual Startup Time": 0.0,
                    "Actual Total Time": 0.0,
                    "Actual Rows": 1,
                    "Actual Loops": 47,
                    "Output": ["am.oid"],
                    "Filter": "(am.amname = 'btree'::name)",
                    "Rows Removed by Filter": 0,
                    "Shared Hit Blocks": 47,
                    "Shared Read Blocks": 0,
                    "Shared Dirtied Blocks": 0,
                    "Shared Written Blocks": 0,
                    "Local Hit Blocks": 0,
                    "Local Read Blocks": 0,
                    "Local Dirtied Blocks": 0,
                    "Local Written Blocks": 0,
                    "Temp Read Blocks": 0,
                    "Temp Written Blocks": 0
                  }
                ]
              }
            ]
          }
        ]
      }
    ]
  }
}
`,pQ=` Merge on public.tb  (cost=262602.88..306621.45 rows=0 width=0) (actual time=7798.118..7798.122 rows=0 loops=1)
   Tuples: inserted=9995 updated=9679 deleted=326
   Buffers: shared hit=7731564 read=22226 dirtied=27295 written=38115, temp read=9593 written=27592
   I/O Timings: shared read=22.960 write=186.426, temp read=17.017 write=119.861
   WAL: records=5049414 fpi=5192 bytes=416135793
   CTE tbl
     ->  Insert on pg_temp.tblog  (cost=8704.82..8705.65 rows=0 width=0) (actual time=509.761..509.761 rows=0 loops=1)
           Buffers: shared hit=3 read=5448 written=5276, local hit=494411 dirtied=2644 written=4269, temp read=1559 written=1568
           I/O Timings: shared read=10.578 write=13.760, local write=54.430, temp read=2.942 write=6.888
           ->  Sort  (cost=8704.82..8705.65 rows=333 width=12) (actual time=286.491..347.529 rows=489127 loops=1)
                 Output: tb_1.i, tb_1.x
                 Sort Key: tb_1.x
                 Sort Method: external merge  Disk: 12472kB
                 Buffers: shared hit=3 read=5448 written=5276, temp read=1559 written=1568
                 I/O Timings: shared read=10.578 write=13.760, temp read=2.942 write=6.888
                 ->  Bitmap Heap Scan on public.tb tb_1  (cost=180.48..8690.86 rows=333 width=12) (actual time=30.582..122.685 rows=489127 loops=1)
                       Output: tb_1.i, tb_1.x
                       Recheck Cond: ((tb_1.i >= 4000000) AND (tb_1.i <= 5000000))
                       Filter: ((mod(tb_1.i, 99) > 0) AND (mod(tb_1.i, 98) > 0) AND (mod(tb_1.i, 98) > 0) AND ((tb_1.i + 1) > 0))
                       Rows Removed by Filter: 10068
                       Heap Blocks: exact=3181
                       Buffers: shared hit=3 read=5448 written=5276
                       I/O Timings: shared read=10.578 write=13.760
                       ->  Bitmap Index Scan on tb_pkey  (cost=0.00..180.40 rows=8997 width=0) (actual time=30.251..30.251 rows=499195 loops=1)
                             Index Cond: ((tb_1.i >= 4000000) AND (tb_1.i <= 5000000))
                             Buffers: shared hit=2 read=2268 written=2181
                             I/O Timings: shared read=4.315 write=5.384
   CTE tabb
     ->  Update on public.ta  (cost=96.13..93079.47 rows=1667044 width=18) (actual time=11.270..6418.935 rows=2499947 loops=1)
           Output: ta_1.i, ta_1.x, ta_1.filler
           Update on public.ta1 ta_1
           Update on public.ta2 ta_2
           Buffers: shared hit=7542762 read=22126 dirtied=26988 written=37604
           I/O Timings: shared read=22.722 write=184.053
           WAL: records=4999894 fpi=5162 bytes=412139886
           InitPlan 3
             ->  Result  (cost=96.12..96.13 rows=1 width=4) (actual time=0.052..0.053 rows=1 loops=1)
                   Output: ((InitPlan 2).col1 / 2)
                   Buffers: shared hit=2 read=2
                   I/O Timings: shared read=0.007
                   InitPlan 2
                     ->  Limit  (cost=0.43..96.12 rows=1 width=4) (actual time=0.048..0.048 rows=1 loops=1)
                           Output: tb_2.i
                           Buffers: shared hit=2 read=2
                           I/O Timings: shared read=0.007
                           ->  Index Only Scan Backward using tb_pkey on public.tb tb_2  (cost=0.43..95690.29 rows=1000 width=4) (actual time=0.045..0.045 rows=1 loops=1)
                                 Output: tb_2.i
                                 Filter: (((tb_2.i + 1) > 0) AND ((tb_2.i + 2) > 0) AND (mod(tb_2.i, 99) = 0))
                                 Rows Removed by Filter: 38
                                 Heap Fetches: 39
                                 Buffers: shared hit=2 read=2
                                 I/O Timings: shared read=0.007
           ->  Append  (cost=0.00..92983.35 rows=1667044 width=18) (actual time=0.078..650.328 rows=2499947 loops=1)
                 Buffers: shared hit=2 read=22126 written=8891
                 I/O Timings: shared read=22.722 write=25.883
                 ->  Seq Scan on public.ta1 ta_1  (cost=0.00..84624.00 rows=1666667 width=18) (actual time=0.016..486.444 rows=2499947 loops=1)
                       Output: '2'::double precision, ta_1.tableoid, ta_1.ctid
                       Filter: (ta_1.i < (InitPlan 3).col1)
                       Rows Removed by Filter: 2500053
                       Buffers: shared read=22124 written=8891
                       I/O Timings: shared read=22.715 write=25.883
                 ->  Seq Scan on public.ta2 ta_2  (cost=0.00..24.12 rows=377 width=18) (never executed)
                       Output: '2'::double precision, ta_2.tableoid, ta_2.ctid
                       Filter: (ta_2.i < (InitPlan 3).col1)
   CTE tab
     ->  Limit  (cost=160767.33..160817.33 rows=20000 width=44) (actual time=7700.673..7704.219 rows=20000 loops=1)
           Output: tabb.i, tabb.x, tabb.filler
           Buffers: shared hit=7542762 read=22126 dirtied=26988 written=37604, temp read=9593 written=27592
           I/O Timings: shared read=22.722 write=184.053, temp read=17.017 write=119.861
           WAL: records=4999894 fpi=5162 bytes=412139886
           ->  Sort  (cost=160767.33..164934.94 rows=1667044 width=44) (actual time=7563.572..7565.984 rows=20000 loops=1)
                 Output: tabb.i, tabb.x, tabb.filler
                 Sort Key: tabb.x
                 Sort Method: external merge  Disk: 73440kB
                 Buffers: shared hit=7542762 read=22126 dirtied=26988 written=37604, temp read=9593 written=27592
                 I/O Timings: shared read=22.722 write=184.053, temp read=17.017 write=119.861
                 WAL: records=4999894 fpi=5162 bytes=412139886
                 ->  CTE Scan on tabb  (cost=0.00..33340.88 rows=1667044 width=44) (actual time=11.274..7104.296 rows=2499947 loops=1)
                       Output: tabb.i, tabb.x, tabb.filler
                       Buffers: shared hit=7542762 read=22126 dirtied=26988 written=37604, temp written=9155
                       I/O Timings: shared read=22.722 write=184.053, temp write=58.774
                       WAL: records=4999894 fpi=5162 bytes=412139886
   ->  Nested Loop Left Join  (cost=0.43..44019.00 rows=20000 width=102) (actual time=7700.749..7733.331 rows=20000 loops=1)
         Output: tb.ctid, tab.i, tab.filler, tab.*
         Inner Unique: true
         Buffers: shared hit=7612704 read=22189 dirtied=26988 written=37663, temp read=9593 written=27592
         I/O Timings: shared read=22.871 write=184.243, temp read=17.017 write=119.861
         WAL: records=4999894 fpi=5162 bytes=412139886
         ->  CTE Scan on tab  (cost=0.00..400.00 rows=20000 width=96) (actual time=7700.708..7709.042 rows=20000 loops=1)
               Output: tab.i, tab.filler, tab.*
               Buffers: shared hit=7542762 read=22126 dirtied=26988 written=37604, temp read=9593 written=27592
               I/O Timings: shared read=22.722 write=184.053, temp read=17.017 write=119.861
               WAL: records=4999894 fpi=5162 bytes=412139886
         ->  Index Scan using tb_pkey on public.tb  (cost=0.43..2.18 rows=1 width=10) (actual time=0.001..0.001 rows=1 loops=20000)
               Output: tb.ctid, tb.i
               Index Cond: (tb.i = tab.i)
               Buffers: shared hit=69942 read=63 written=59
               I/O Timings: shared read=0.149 write=0.190
 Settings: work_mem = '3MB', random_page_cost = '1.5', parallel_tuple_cost = '0', jit_above_cost = '0', jit_inline_above_cost = '0', jit_optimize_above_cost = '0'
 Planning:
   Buffers: shared hit=26 read=1
   I/O Timings: shared read=0.003
   Memory: used=165kB  allocated=264kB
 Planning Time: 0.289 ms
 Trigger RI_ConstraintTrigger_a_18153 for constraint tc1_fkey on tb: time=4399.335 calls=326
 Trigger RI_ConstraintTrigger_a_18161 for constraint tc2_fkey on tc1: time=6000.010 calls=326
 JIT:
   Functions: 31
   Options: Inlining true, Optimization true, Expressions true, Deforming true
   Timing: Generation 1.340 ms (Deform 0.303 ms), Inlining 9.145 ms, Optimization 82.044 ms, Emission 57.043 ms, Total 149.572 ms
 Serialization: time=0.000 ms  output=0kB  format=text
 Execution Time: 18733.542 ms
(112 lignes)
`,hQ=`EXPLAIN (ANALYZE,BUFFERS,VERBOSE,SETTINGS,WAL,SERIALIZE,MEMORY,FORMAT TEXT)
WITH
tBl  AS ( INSERT INTO tBlog SELECT i,x FROM tB
          WHERE i BETWEEN 4000000 AND 5000000
          AND mod(i,99)>0 AND mod(i,98)>0 AND mod(i,98)>0 and i+1>0 /* force bitmap index */
          ORDER BY x),
tAbb AS ( UPDATE tA SET x=2 WHERE i < (
            SELECT max(i)/2 FROM tB  WHERE mod(i,99)=0  AND i+1>0 AND i+2>0  /* for bad stats */
            )
          RETURNING * ),
tAb  AS MATERIALIZED ( SELECT * FROM tAbb ORDER BY x LIMIT 20000)
MERGE INTO tB
USING tAb ON (tB.i=tAb.i)
WHEN NOT MATCHED THEN
   INSERT VALUES (tAb.i, 0.0, '000')
WHEN MATCHED AND tB.x > 0.97 THEN
   DELETE  /*  will raise the ON DELETE trigger (very costly) */
WHEN MATCHED THEN
   UPDATE SET filler=tAb.filler
;
`,mQ=`[
  {
    "Plan": {
      "Node Type": "Aggregate",
      "Strategy": "Plain",
      "Partial Mode": "Finalize",
      "Parallel Aware": false,
      "Startup Cost": 144975.01,
      "Total Cost": 144975.02,
      "Plan Rows": 1,
      "Plan Width": 32,
      "Actual Startup Time": 484.97,
      "Actual Total Time": 484.97,
      "Actual Rows": 1,
      "Actual Loops": 1,
      "Output": ["sum(l_quantity)"],
      "Plans": [
        {
          "Node Type": "Gather",
          "Parent Relationship": "Outer",
          "Parallel Aware": false,
          "Startup Cost": 144974.57,
          "Total Cost": 144974.98,
          "Plan Rows": 4,
          "Plan Width": 32,
          "Actual Startup Time": 484.868,
          "Actual Total Time": 486.428,
          "Actual Rows": 3,
          "Actual Loops": 1,
          "Output": ["(PARTIAL sum(l_quantity))"],
          "Workers Planned": 4,
          "Workers Launched": 2,
          "Single Copy": false,
          "Plans": [
            {
              "Node Type": "Aggregate",
              "Strategy": "Plain",
              "Partial Mode": "Partial",
              "Parent Relationship": "Outer",
              "Parallel Aware": false,
              "Startup Cost": 143974.57,
              "Total Cost": 143974.58,
              "Plan Rows": 1,
              "Plan Width": 32,
              "Actual Startup Time": 482.39,
              "Actual Total Time": 482.39,
              "Actual Rows": 1,
              "Actual Loops": 3,
              "Output": ["PARTIAL sum(l_quantity)"],
              "Workers": [
                {
                  "Worker Number": 0,
                  "Actual Startup Time": 481.485,
                  "Actual Total Time": 481.485,
                  "Actual Rows": 1,
                  "Actual Loops": 1
                },
                {
                  "Worker Number": 1,
                  "Actual Startup Time": 481.56,
                  "Actual Total Time": 481.56,
                  "Actual Rows": 1,
                  "Actual Loops": 1
                }
              ],
              "Plans": [
                {
                  "Node Type": "Seq Scan",
                  "Parent Relationship": "Outer",
                  "Parallel Aware": true,
                  "Relation Name": "lineitem",
                  "Schema": "public",
                  "Alias": "lineitem",
                  "Startup Cost": 0.0,
                  "Total Cost": 140298.89,
                  "Plan Rows": 1470273,
                  "Plan Width": 5,
                  "Actual Startup Time": 0.652,
                  "Actual Total Time": 344.447,
                  "Actual Rows": 1962085,
                  "Actual Loops": 3,
                  "Output": [
                    "l_orderkey",
                    "l_partkey",
                    "l_suppkey",
                    "l_linenumber",
                    "l_quantity",
                    "l_extendedprice",
                    "l_discount",
                    "l_tax",
                    "l_returnflag",
                    "l_linestatus",
                    "l_shipdate",
                    "l_commitdate",
                    "l_receiptdate",
                    "l_shipinstruct",
                    "l_shipmode",
                    "l_comment"
                  ],
                  "Filter": "(lineitem.l_shipdate <= '1998-08-18 00:00:00'::timestamp without time zone)",
                  "Rows Removed by Filter": 38320,
                  "Workers": [
                    {
                      "Worker Number": 0,
                      "Actual Startup Time": 0.414,
                      "Actual Total Time": 344.435,
                      "Actual Rows": 1962858,
                      "Actual Loops": 1
                    },
                    {
                      "Worker Number": 1,
                      "Actual Startup Time": 0.441,
                      "Actual Total Time": 344.431,
                      "Actual Rows": 1971199,
                      "Actual Loops": 1
                    }
                  ]
                }
              ]
            }
          ]
        }
      ]
    },
    "Planning Time": 0.591,
    "Triggers": [],
    "Execution Time": 486.495
  }
]`,_Q=`select
        l_shipmode,
        sum(case
                when o_orderpriority = '1-URGENT'
                        or o_orderpriority = '2-HIGH'
                        then 1
                else 0
        end) as high_line_count,
        sum(case
                when o_orderpriority <> '1-URGENT'
                        and o_orderpriority <> '2-HIGH'
                        then 1
                else 0
        end) as low_line_count
from
        orders,
        lineitem
where
        o_orderkey = l_orderkey
        and l_shipmode in ('MAIL', 'AIR')
        and l_commitdate < l_receiptdate
        and l_shipdate < l_commitdate
        and l_receiptdate >= date '1996-01-01'
        and l_receiptdate < date '1996-01-01' + interval '1' year
group by
        l_shipmode
order by
        l_shipmode
LIMIT 1;
`,EQ=` Limit  (cost=1964755.66..1964961.44 rows=1 width=27) (actual time=7579.592..7922.997 rows=1 loops=1)
   ->  Finalize GroupAggregate  (cost=1964755.66..1966196.11 rows=7 width=27) (actual time=7579.590..7579.591 rows=1 loops=1)
         Group Key: lineitem.l_shipmode
         ->  Gather Merge  (cost=1964755.66..1966195.83 rows=28 width=27) (actual time=7559.593..7922.319 rows=6 loops=1)
               Workers Planned: 4
               Workers Launched: 4
               ->  Partial GroupAggregate  (cost=1963755.61..1965192.44 rows=7 width=27) (actual time=7548.103..7564.592 rows=2 loops=5)
                     Group Key: lineitem.l_shipmode
                     ->  Sort  (cost=1963755.61..1963935.20 rows=71838 width=27) (actual time=7530.280..7539.688 rows=62519 loops=5)
                           Sort Key: lineitem.l_shipmode
                           Sort Method: external merge  Disk: 2304kB
                           Worker 0:  Sort Method: external merge  Disk: 2064kB
                           Worker 1:  Sort Method: external merge  Disk: 2384kB
                           Worker 2:  Sort Method: external merge  Disk: 2264kB
                           Worker 3:  Sort Method: external merge  Disk: 2336kB
                           ->  Parallel Hash Join  (cost=382571.01..1957960.99 rows=71838 width=27) (actual time=7036.917..7499.692 rows=62519 loops=5)
                                 Hash Cond: (lineitem.l_orderkey = orders.o_orderkey)
                                 ->  Parallel Seq Scan on lineitem  (cost=0.00..1552386.40 rows=71838 width=19) (actual time=0.583..4901.063 rows=62519 loops=5)
                                       Filter: ((l_shipmode = ANY ('{MAIL,AIR}'::bpchar[])) AND (l_commitdate < l_receiptdate) AND (l_shipdate < l_commitdate) AND (l_receiptdate >= '1996-01-01'::date) AND (l_receiptdate < '1997-01-01 00:00:00'::timestamp without time zone))
                                       Rows Removed by Filter: 11934691
                                 ->  Parallel Hash  (cost=313722.45..313722.45 rows=3750045 width=20) (actual time=2011.518..2011.518 rows=3000000 loops=5)
                                       Buckets: 65536  Batches: 256  Memory Usage: 3840kB
                                       ->  Parallel Seq Scan on orders  (cost=0.00..313722.45 rows=3750045 width=20) (actual time=0.029..995.948 rows=3000000 loops=5)
 Planning Time: 0.977 ms
 Execution Time: 7923.770 ms`,gQ=`                                                                                            QUERY PLAN
--------------------------------------------------------------------------------------------------------------------------------------------------------------------------------------------------
 Delete on emailmessages  (cost=224.85..38989.92 rows=5000 width=34) (actual time=217158.570..217158.570 rows=0 loops=1)
   Buffers: shared hit=2579331 read=506594 dirtied=503671
   ->  Nested Loop  (cost=224.85..38989.92 rows=5000 width=34) (actual time=7.105..4576.019 rows=5000 loops=1)
         Buffers: shared hit=20223 read=395
         ->  HashAggregate  (cost=224.42..274.42 rows=5000 width=32) (actual time=7.072..23.891 rows=5000 loops=1)
               Group Key: "ANY_subquery".emailmessageid
               Buffers: shared hit=583
               ->  Subquery Scan on "ANY_subquery"  (cost=0.43..211.92 rows=5000 width=32) (actual time=0.064..3.892 rows=5000 loops=1)
                     Buffers: shared hit=583
                     ->  Limit  (cost=0.43..161.92 rows=5000 width=4) (actual time=0.053..2.808 rows=5000 loops=1)
                           Buffers: shared hit=583
                           ->  Index Only Scan using emailmessages_pkey on emailmessages emailmessages_1  (cost=0.43..89834.20 rows=2781465 width=4) (actual time=0.051..2.260 rows=5000 loops=1)
                                 Heap Fetches: 609
                                 Buffers: shared hit=583
         ->  Index Scan using emailmessages_pkey on emailmessages  (cost=0.43..7.73 rows=1 width=10) (actual time=0.903..0.905 rows=1 loops=5000)
               Index Cond: (emailmessageid = "ANY_subquery".emailmessageid)
               Buffers: shared hit=19640 read=395
 Planning time: 2.482 ms
 Trigger for constraint headeremessageref: time=4038.247 calls=5000
 Trigger for constraint formdataemessageref: time=81.415 calls=5000
 Trigger for constraint attachemessageref: time=158945.774 calls=5000
 Trigger for constraint outgoingemessageref: time=332.316 calls=5000
 Trigger for constraint incomingemessageref: time=125.492 calls=5000
 Trigger for constraint eventemessageref: time=251.365 calls=5000
 Trigger for constraint filteredemessageref: time=125.894 calls=5000
 Execution time: 381072.164 ms
(26 rows)`,TQ="DELETE FROM emailmessages where emailmessageid in ( select emailmessageid from emailmessages limit 5000 );",vQ=`
 Append  (cost=0.43..170502.33 rows=4018259 width=97) (actual time=0.007..464.318 rows=4000001 loops=1)
   Buffers: shared hit=39 read=69641
   I/O Timings: shared read=66.219
   ->  Index Scan using pgbench_accounts_2_pkey on pgbench_accounts_2 pgbench_accounts_1  (cost=0.43..8.45 rows=1 width=97) (actual time=0.006..0.007 rows=1 loops=1)
         Index Cond: ((aid >= 5000000) AND (aid <= 9000000))
         Buffers: shared hit=4
   ->  Seq Scan on pgbench_accounts_3 pgbench_accounts_2  (cost=0.00..78484.00 rows=2500000 width=97) (actual time=0.032..163.701 rows=2500000 loops=1)
         Filter: ((aid >= 5000000) AND (aid <= 9000000))
         Buffers: shared hit=32 read=40952
         I/O Timings: shared read=32.345
   ->  Index Scan using pgbench_accounts_4_pkey on pgbench_accounts_4 pgbench_accounts_3  (cost=0.43..71918.59 rows=1518258 width=97) (actual time=0.020..148.504 rows=1500000 loops=1)
         Index Cond: ((aid >= 5000000) AND (aid <= 9000000))
         Buffers: shared hit=3 read=28689
         I/O Timings: shared read=33.874
 Settings: jit = 'off'
 Planning:
   Buffers: shared hit=20
 Planning Time: 0.271 ms
 Execution Time: 548.488 ms
`,SQ=`
/* Query on a pgbench database with 4 partitions,
   only 3 are used */
EXPLAIN (ANALYZE,BUFFERS,SETTINGS)
SELECT * from pgbench_accounts where aid  BETWEEN  5000000 AND 9000000 ;
`,AQ=[["Simple join (TEXT format)",tQ,WS],["Simple join (JSON format)",eQ,WS],["Three joins, missing an index",nQ,rQ],["Aggregate with four joins",sQ,oQ],["With subplan",aQ,""],["With Buffers",lQ,cQ],["A single CTE",uQ,dQ],["Many CTEs",iQ,""],["Very large plan",fQ,""],["DELETE with triggers",gQ,TQ],["With many options",pQ,hQ],["Parallel (verbose)",mQ,""],["Parallel (4 workers)",EQ,_Q],["Partitions",vQ,SQ]],RQ="pev2",bQ=1;let Ul;function yQ(t,e){return JSON.stringify(t)===JSON.stringify(e)}const $l={async getDb(){return new Promise((t,e)=>{if(Ul)return t(Ul);console.log("OPENING DB",Ul);const n=window.indexedDB.open(RQ,bQ);n.onerror=r=>{console.log("Error opening db",r),e("Error")},n.onsuccess=()=>{Ul=n.result,t(Ul)},n.onupgradeneeded=()=>{console.log("onupgradeneeded"),n.result.createObjectStore("plans",{autoIncrement:!0,keyPath:"id"})}})},async deletePlan(t){const e=await this.getDb();return new Promise(n=>{const r=e.transaction(["plans"],"readwrite");r.oncomplete=()=>{n()},r.objectStore("plans").delete(t.id)})},async getPlans(){const t=await this.getDb();return new Promise(e=>{const n=t.transaction(["plans"],"readonly");n.oncomplete=()=>{e(i)};const r=n.objectStore("plans"),i=[];r.openCursor().onsuccess=o=>{const a=o.target.result;a&&(i.push(a.value),a.continue())}})},async savePlan(t){const e=await this.getDb();return new Promise(n=>{const r=e.transaction(["plans"],"readwrite");r.oncomplete=()=>{n()},r.objectStore("plans").put(t)})},async importPlans(t){const e=await this.getDb();return new Promise((n,r)=>{const i=e.transaction(["plans"],"readwrite"),o=i.objectStore("plans");let a=0,c=0;i.oncomplete=()=>{n([a,c])},i.onerror=()=>{r(i.error)};for(const u of t){"id"in u&&delete u.id;const p=o.openCursor();let d=!1;p.onsuccess=_=>{const S=_.target.result;if(!S){d||(o.add(u),a++);return}const R=S.value;if(delete R.id,yQ(R,u)){d=!0,c++;return}S.continue()}}})}},OQ={class:"container"},LQ={class:"row"},CQ={class:"col-sm-7"},IQ={class:"mb-3"},NQ={class:"d-flex align-items-center mb-2"},xQ={class:"dropdown ms-auto"},wQ={class:"dropdown-menu","aria-labelledby":"dropdownMenuButton"},kQ=["onClick"],BQ={class:"mb-3"},DQ={class:"mb-3"},PQ={class:"d-flex flex-row align-items-center mb-2"},MQ={class:"badge text-bg-light"},HQ={class:"ms-auto"},WQ={class:"pagination pagination-sm justify-content-end mb-2"},UQ={key:1,class:"page-item"},$Q=["onClick"],VQ={class:"page-link",href:"#"},FQ={key:2,class:"page-item"},GQ={class:"page-link",href:"#"},zQ=["innerHTML"],KQ={class:"list-group"},XQ=["onClick","onMouseenter"],YQ={class:"d-flex w-100 align-items-center"},qQ=["value"],jQ={class:"mb-0"},JQ=["title"],ZQ={key:1,class:"end-0 text-nowrap position-absolute z-1 p-2"},QQ=["onClick"],ttt=["onClick"],ett=["onClick"],ntt={key:0,class:"mt-2 d-flex"},rtt={key:1,class:"text-secondary text-center"},itt={key:2,class:"position-absolute top-50 start-50 alert alert-primary translate-middle mb-0 z-3 opacity-100 text-center"},u0=11,d0=5,stt=Pe({__name:"HomeView",setup(t){const e=be("setPlanData"),n=Yt(""),r=Yt(""),i=Yt(""),o=Yt([]),a=Yt(1),c=kt(()=>Math.ceil(o.value.length/u0)),u=Yt(null),p=Yt(!1),d=Yt([]),_=Yt([]),S=kt(()=>{const I=(a.value-1)*u0,L=I+u0;return o.value.slice(I,L)}),R=kt(()=>{const I=c.value,L=Math.floor(d0/2);let V=a.value-L,st=a.value+L;V<1&&(V=1,st=Math.min(d0,I)),st>I&&(st=I,V=Math.max(1,I-d0+1));const Ot=[];for(let Vt=V;Vt<=st;Vt++)Ot.push(Vt);return Ot}),T=gh("planDropZoneRef"),{isOverDropZone:b}=Qh(T,I=>B(I,n)),N=gh("queryDropZoneRef"),{isOverDropZone:C}=Qh(N,I=>B(I,r)),D=gh("savedPlansDropZoneRef"),{isOverDropZone:W}=Qh(D,{onDrop:I=>ht(I),dataTypes:["json"],multiple:!1});function O(){const I=["","",""];I[0]=i.value||"New Plan - "+new Date().toLocaleString("en-US",{dateStyle:"medium",timeStyle:"medium"}),I[1]=n.value,I[2]=r.value,I[3]=new Date().toISOString(),G(I),e(...I)}async function G(I){await $l.savePlan(I)}Di(()=>{const I=document.getElementsByTagName("textarea");Array.prototype.forEach.call(I,V=>{V.placeholder=V.placeholder.replace(/\\n/g,`
`)});const L=window.location.href.replace(/#.*$/,"");window.history.replaceState("",document.title,L),M()});async function M(){const I=await $l.getPlans();o.value=I.slice().sort((L,V)=>new Date(L[3])-new Date(V[3])).reverse()}function z(I){I&&(i.value=I[0],n.value=I[1],r.value=I[2])}function tt(I){p.value?Tt(I):Et(I)}function Et(I){e(I[0],I[1],I[2])}function Ct(I){return d.value.includes(I)}function Tt(I){const L=d.value.indexOf(I.id);L===-1?d.value.push(I.id):d.value.splice(L,1)}function it(I){z(I)}function U(){return d.value.length>0?o.value.filter(I=>d.value.includes(I.id)):o.value}function q(){if(confirm("Are you sure you want to delete plans?")){const I=U();I.forEach(async L=>{await $l.deletePlan(L)}),M(),p.value=!1,A(`Deleted ${I.length} plans`)}a.value=1}async function Z(I){await $l.deletePlan(I),M()}function B(I,L){if(I){const V=new FileReader;V.onload=()=>{V.result instanceof ArrayBuffer||(L.value=V.result||"")},V.readAsText(I[0])}}function j(){a.value<c.value&&a.value++}function ct(){a.value>1&&a.value--}function St(I){a.value=I}Ze(()=>p.value,()=>{d.value=[]});const Dt=Yt(null);function dt(){Dt.value?.click()}async function vt(I){const L=I.target;L.files?.length&&ht(L.files)}function ht(I){const L=I[0],V=new FileReader;V.onload=async()=>{try{const st=JSON.parse(V.result),Ot=await $l.importPlans(st);let Vt=`Imported ${Ot[0]} plans`;Ot[1]&&(Vt+=` <i>(${Ot[1]} duplicates found)</i>`),A(Vt),M()}catch(st){console.error("Invalid file format",st),alert("Invalid file format")}},V.readAsText(L)}async function et(I){I||(I=U());const L=new Blob([JSON.stringify(I,null,2)],{type:"application/json"}),V=URL.createObjectURL(L),st=document.createElement("a");st.href=V,st.download="plans.json",document.body.appendChild(st),st.click(),document.body.removeChild(st),URL.revokeObjectURL(V),A(`Exported ${I.length} plans`)}function A(I){const L=Date.now()+Math.random();_.value.push({id:L,text:I}),setTimeout(()=>{_.value=_.value.filter(V=>V.id!==L)},3e3)}return(I,L)=>(w(),pe(m_,null,{default:Ae(()=>[v("div",OQ,[Rt(QZ),L[66]||(L[66]=g()),L[67]||(L[67]=v("div",{class:"alert alert-warning"},[g(`
        This is the demo application for
        `),v("a",{href:"https://github.com/dalibo/pev2"},"PEV2"),g(`. It is serverless and
        doesn't send your plans over the internet.
        `),v("br"),g(`
        Please consider using
        `),v("a",{href:"https://explain.dalibo.com"},"explain.dalibo.com"),g(` instead if
        you want to save or share your plans.
      `)],-1)),L[68]||(L[68]=g()),v("div",LQ,[v("div",CQ,[L[23]||(L[23]=v("div",{class:"row mb-3"},[v("div",{class:"col d-flex"},[v("div",{class:"text-secondary"},[g(`
                For best results, use
                `),v("code",null,`
                  EXPLAIN (ANALYZE, COSTS, VERBOSE, BUFFERS, FORMAT JSON)
                `),g(),v("br"),g(),v("em",null,"psql"),g(` users can export the plan to a file using
                `),v("code",{class:"text-nowrap"},"psql -XqAt -f explain.sql > analyze.json")])])],-1)),L[24]||(L[24]=g()),v("form",{onSubmit:We(O,["prevent"])},[v("div",IQ,[v("div",NQ,[L[12]||(L[12]=v("label",{for:"planInput",class:"form-label"},[g(`
                  Plan `),v("span",{class:"small text-secondary"},"(text or JSON)")],-1)),L[13]||(L[13]=g()),v("div",xQ,[L[10]||(L[10]=v("button",{class:"btn btn-secondary dropdown-toggle btn-sm",type:"button",id:"dropdownMenuButton","data-bs-toggle":"dropdown","aria-haspopup":"true","aria-expanded":"false"},`
                    Sample Plans
                  `,-1)),L[11]||(L[11]=g()),v("div",wQ,[(w(!0),P(Kt,null,qe(h(AQ),(V,st)=>(w(),P("a",{key:st,class:"dropdown-item",onClick:We(Ot=>z(V),["prevent"]),href:""},ft(V[0]),9,kQ))),128))])])]),L[14]||(L[14]=g()),Ce(v("textarea",{ref_key:"planDropZoneRef",ref:T,class:wt(["form-control",h(b)?"dropzone-over":""]),id:"planInput",rows:"8","onUpdate:modelValue":L[0]||(L[0]=V=>n.value=V),placeholder:"Paste execution plan\\nOr drop a file"},"              ",2),[[bh,n.value]])]),L[19]||(L[19]=g()),v("div",BQ,[L[15]||(L[15]=v("label",{for:"queryInput",class:"form-label"},[g(`
                Query `),v("span",{class:"small text-secondary"},"(optional)")],-1)),L[16]||(L[16]=g()),Ce(v("textarea",{ref_key:"queryDropZoneRef",ref:N,class:wt(["form-control",h(C)?"dropzone-over":""]),id:"queryInput",rows:"8","onUpdate:modelValue":L[1]||(L[1]=V=>r.value=V),placeholder:"Paste corresponding SQL query\\nOr drop a file"},"              ",2),[[bh,r.value]])]),L[20]||(L[20]=g()),v("div",DQ,[L[17]||(L[17]=v("label",{for:"planName",class:"form-label"},[g(`
                Plan Name `),v("span",{class:"small text-secondary"},"(optional)")],-1)),L[18]||(L[18]=g()),Ce(v("input",{type:"text",class:"form-control",id:"planName","onUpdate:modelValue":L[2]||(L[2]=V=>i.value=V),placeholder:"Name for the plan"},null,512),[[bh,i.value]])]),L[21]||(L[21]=g()),L[22]||(L[22]=v("button",{type:"submit",class:"btn btn-primary"},"Submit",-1))],32)]),L[65]||(L[65]=g()),v("div",{class:wt(["col-sm-5 position-relative",{"dropzone-over":h(W)}]),ref_key:"savedPlansDropZoneRef",ref:D},[v("div",PQ,[v("div",null,[L[27]||(L[27]=g(`
              Saved Plans
              `,-1)),v("div",MQ,ft(o.value?.length),1),L[28]||(L[28]=g()),Rt(h(No),null,{content:Ae(()=>[...L[25]||(L[25]=[g("Plans are saved locally in your browser storage.",-1)])]),default:Ae(()=>[Rt(h(Ee),{icon:h(Ms),class:"text-body-tertiary"},null,8,["icon"]),L[26]||(L[26]=g())]),_:1})]),L[34]||(L[34]=g()),v("div",HQ,[Rt(h(No),null,{content:Ae(()=>[...L[30]||(L[30]=[g("Import plans from a JSON file",-1)])]),default:Ae(()=>[v("button",{class:"btn btn-sm btn-primary",onClick:dt},[Rt(h(Ee),{icon:h(Dv),class:"me-2"},null,8,["icon"]),L[29]||(L[29]=g(`
                  Import
                `,-1))]),L[31]||(L[31]=g())]),_:1}),L[32]||(L[32]=g()),v("input",{type:"file",accept:".json",ref_key:"fileInput",ref:Dt,class:"d-none",onChange:vt},null,544),L[33]||(L[33]=g()),v("button",{class:wt(["btn btn-sm ms-1 btn-light",{active:p.value}]),onClick:L[3]||(L[3]=V=>p.value=!p.value)},`
                Select
              `,2)])]),L[59]||(L[59]=g()),v("nav",null,[v("ul",WQ,[v("li",{class:wt(["page-item",{disabled:a.value===1}])},[v("a",{class:"page-link",href:"#",onClick:ct,"aria-label":"Previous"},[...L[35]||(L[35]=[v("span",{"aria-hidden":"true"},"",-1),g(),v("span",{class:"sr-only"},"Previous",-1)])])],2),L[40]||(L[40]=g()),R.value[0]>1?(w(),P("li",{key:0,class:"page-item",onClick:L[4]||(L[4]=V=>St(1))},[...L[36]||(L[36]=[v("a",{class:"page-link",href:"#"},"1",-1)])])):Q("",!0),L[41]||(L[41]=g()),R.value[0]>2?(w(),P("li",UQ,[...L[37]||(L[37]=[v("a",{class:"page-link"},"  ",-1)])])):Q("",!0),L[42]||(L[42]=g()),(w(!0),P(Kt,null,qe(R.value,V=>(w(),P("li",{class:wt(["page-item",{active:V===a.value}]),key:V,onClick:st=>St(V)},[v("a",VQ,ft(V),1)],10,$Q))),128)),L[43]||(L[43]=g()),R.value[R.value.length-1]<c.value-1?(w(),P("li",FQ,[...L[38]||(L[38]=[v("a",{class:"page-link"},"  ",-1)])])):Q("",!0),L[44]||(L[44]=g()),R.value[R.value.length-1]<c.value?(w(),P("li",{key:3,class:"page-item",onClick:L[5]||(L[5]=V=>St(c.value))},[v("a",GQ,ft(c.value),1)])):Q("",!0),L[45]||(L[45]=g()),v("li",{class:wt(["page-item",{disabled:a.value===c.value}])},[v("a",{class:"page-link",href:"#",onClick:j,"aria-labal":"Next"},[...L[39]||(L[39]=[v("span",{"aria-hidden":"true"},"",-1),g(),v("span",{class:"sr-only"},"Next",-1)])])],2)])]),L[60]||(L[60]=g()),v("div",null,[(w(!0),P(Kt,null,qe(_.value,V=>(w(),P("div",{class:"alert alert-success py-1",key:V},[v("span",{innerHTML:V.text},null,8,zQ)]))),128))]),L[61]||(L[61]=g()),v("div",KQ,[(w(!0),P(Kt,null,qe(S.value,(V,st)=>(w(),P("a",{class:wt(["list-group-item list-group-item-action px-2 py-1 flex-column",{active:Ct(V.id)}]),key:V.id,href:"#",onClick:We(Ot=>tt(V),["prevent"]),onMouseenter:Ot=>u.value=st,onMouseleave:L[8]||(L[8]=Ot=>u.value=null)},[v("div",YQ,[p.value?Ce((w(),P("input",{key:0,class:"form-check-input me-3",type:"checkbox",value:V.id,"onUpdate:modelValue":L[6]||(L[6]=Ot=>d.value=Ot),onClick:L[7]||(L[7]=We(()=>{},["stop"]))},null,8,qQ)),[[Z3,d.value]]):Q("",!0),L[50]||(L[50]=g()),v("div",null,[v("p",jQ,ft(V[0]),1),L[47]||(L[47]=g()),v("small",{class:wt({"text-secondary":!Ct(V.id)})},[L[46]||(L[46]=g(`
                    created
                    `,-1)),v("span",{title:V[3]?.toString()},ft(h(fW)(V[3])),9,JQ)],2)]),L[51]||(L[51]=g()),u.value===st&&!p.value?(w(),P("div",ZQ,[Ce((w(),P("button",{class:"btn btn-sm btn-outline-secondary py-0 me-1",onClick:We(Ot=>et([V]),["stop"])},[Rt(h(Ee),{icon:h(Pv)},null,8,["icon"])],8,QQ)),[[h(Be),"Export plan"]]),L[48]||(L[48]=g()),Ce((w(),P("button",{class:"btn btn-sm btn-outline-secondary py-0 me-1",onClick:We(Ot=>Z(V),["stop"])},[Rt(h(Ee),{icon:h(Bv)},null,8,["icon"])],8,ttt)),[[h(Be),"Delete plan"]]),L[49]||(L[49]=g()),Ce((w(),P("button",{class:"btn btn-sm btn-outline-secondary py-0",onClick:We(Ot=>it(V),["stop"])},[Rt(h(Ee),{icon:h(AW)},null,8,["icon"])],8,ett)),[[h(Be),"Edit plan details"]])])):Q("",!0)])],42,XQ))),128))]),L[62]||(L[62]=g()),p.value?(w(),P("div",ntt,[v("button",{class:"btn btn-sm btn-primary",onClick:L[9]||(L[9]=V=>et())},[Rt(h(Ee),{icon:h(Pv),class:"me-2"},null,8,["icon"]),L[52]||(L[52]=g(`
              Export`,-1)),d.value.length<1?(w(),P(Kt,{key:0},[g(" all")],64)):(w(),P(Kt,{key:1},[g(" ("+ft(d.value.length)+")",1)],64))]),L[54]||(L[54]=g()),v("button",{class:"btn btn-sm ms-auto btn-danger",onClick:q},[Rt(h(Ee),{icon:h(Bv),class:"me-2"},null,8,["icon"]),L[53]||(L[53]=g(`
              Delete`,-1)),d.value.length<1?(w(),P(Kt,{key:0},[g(" all")],64)):(w(),P(Kt,{key:1},[g(" ("+ft(d.value.length)+")",1)],64))])])):Q("",!0),L[63]||(L[63]=g()),o.value?.length?Q("",!0):(w(),P("p",rtt,[...L[55]||(L[55]=[v("em",null," You haven't saved any plan yet.",-1)])])),L[64]||(L[64]=g()),h(W)?(w(),P("div",itt,[Rt(h(Ee),{icon:h(Dv),class:"mb-2",size:"2x"},null,8,["icon"]),L[56]||(L[56]=g()),L[57]||(L[57]=v("br",null,null,-1)),L[58]||(L[58]=g(`
            Drop your JSON file here
          `,-1))])):Q("",!0)],2)])])]),_:1}))}}),ott=sl(stt,[["__scopeId","data-v-4d5b9c25"]]),att={};function ltt(t,e){return"not found"}const ctt=sl(att,[["render",ltt]]),utt=Pe({__name:"PlanView",setup(t){const e=be("planData");return(n,r)=>(w(),pe(m_,{title:h(e)[2]},{default:Ae(()=>[h(e)[0]?(w(),pe(JZ,{key:0,"plan-source":h(e)[0],"plan-query":h(e)[1]},null,8,["plan-source","plan-query"])):Q("",!0)]),_:1},8,["title"]))}}),dtt=Pe({__name:"App",setup(t){const e={"/":ott,"/about":uM,"/plan":utt},n=Yt("/");mn("currentPath",n);const r=kt(()=>e[n.value]||ctt),i=["","",""];mn("planData",i);function o(a,c,u){i[0]=c,i[1]=u,i[2]=a,n.value="/plan"}return mn("setPlanData",o),window.setPlanData=o,(a,c)=>(w(),pe(vA(r.value)))}});pc(dtt).mount("#app");</script>
    <style rel="stylesheet" crossorigin>/*!
 * Bootstrap  v5.3.8 (https://getbootstrap.com/)
 * Copyright 2011-2025 The Bootstrap Authors
 * Licensed under MIT (https://github.com/twbs/bootstrap/blob/main/LICENSE)
 */:root,[data-bs-theme=light]{--bs-blue: #0d6efd;--bs-indigo: #6610f2;--bs-purple: #6f42c1;--bs-pink: #d63384;--bs-red: #dc3545;--bs-orange: #fd7e14;--bs-yellow: #ffc107;--bs-green: #198754;--bs-teal: #20c997;--bs-cyan: #0dcaf0;--bs-black: #000;--bs-white: #fff;--bs-gray: #6c757d;--bs-gray-dark: #343a40;--bs-gray-100: #f8f9fa;--bs-gray-200: #e9ecef;--bs-gray-300: #dee2e6;--bs-gray-400: #ced4da;--bs-gray-500: #adb5bd;--bs-gray-600: #6c757d;--bs-gray-700: #495057;--bs-gray-800: #343a40;--bs-gray-900: #212529;--bs-primary: #0d6efd;--bs-secondary: #6c757d;--bs-success: #198754;--bs-info: #0dcaf0;--bs-warning: #ffc107;--bs-danger: #dc3545;--bs-light: #f8f9fa;--bs-dark: #212529;--bs-primary-rgb: 13, 110, 253;--bs-secondary-rgb: 108, 117, 125;--bs-success-rgb: 25, 135, 84;--bs-info-rgb: 13, 202, 240;--bs-warning-rgb: 255, 193, 7;--bs-danger-rgb: 220, 53, 69;--bs-light-rgb: 248, 249, 250;--bs-dark-rgb: 33, 37, 41;--bs-primary-text-emphasis: #052c65;--bs-secondary-text-emphasis: #2b2f32;--bs-success-text-emphasis: #0a3622;--bs-info-text-emphasis: #055160;--bs-warning-text-emphasis: #664d03;--bs-danger-text-emphasis: #58151c;--bs-light-text-emphasis: #495057;--bs-dark-text-emphasis: #495057;--bs-primary-bg-subtle: #cfe2ff;--bs-secondary-bg-subtle: #e2e3e5;--bs-success-bg-subtle: #d1e7dd;--bs-info-bg-subtle: #cff4fc;--bs-warning-bg-subtle: #fff3cd;--bs-danger-bg-subtle: #f8d7da;--bs-light-bg-subtle: #fcfcfd;--bs-dark-bg-subtle: #ced4da;--bs-primary-border-subtle: #9ec5fe;--bs-secondary-border-subtle: #c4c8cb;--bs-success-border-subtle: #a3cfbb;--bs-info-border-subtle: #9eeaf9;--bs-warning-border-subtle: #ffe69c;--bs-danger-border-subtle: #f1aeb5;--bs-light-border-subtle: #e9ecef;--bs-dark-border-subtle: #adb5bd;--bs-white-rgb: 255, 255, 255;--bs-black-rgb: 0, 0, 0;--bs-font-sans-serif: system-ui, -apple-system, "Segoe UI", Roboto, "Helvetica Neue", "Noto Sans", "Liberation Sans", Arial, sans-serif, "Apple Color Emoji", "Segoe UI Emoji", "Segoe UI Symbol", "Noto Color Emoji";--bs-font-monospace: SFMono-Regular, Menlo, Monaco, Consolas, "Liberation Mono", "Courier New", monospace;--bs-gradient: linear-gradient(180deg, rgba(255, 255, 255, .15), rgba(255, 255, 255, 0));--bs-body-font-family: var(--bs-font-sans-serif);--bs-body-font-size: 1rem;--bs-body-font-weight: 400;--bs-body-line-height: 1.5;--bs-body-color: #212529;--bs-body-color-rgb: 33, 37, 41;--bs-body-bg: #fff;--bs-body-bg-rgb: 255, 255, 255;--bs-emphasis-color: #000;--bs-emphasis-color-rgb: 0, 0, 0;--bs-secondary-color: rgba(33, 37, 41, .75);--bs-secondary-color-rgb: 33, 37, 41;--bs-secondary-bg: #e9ecef;--bs-secondary-bg-rgb: 233, 236, 239;--bs-tertiary-color: rgba(33, 37, 41, .5);--bs-tertiary-color-rgb: 33, 37, 41;--bs-tertiary-bg: #f8f9fa;--bs-tertiary-bg-rgb: 248, 249, 250;--bs-heading-color: inherit;--bs-link-color: #0d6efd;--bs-link-color-rgb: 13, 110, 253;--bs-link-decoration: underline;--bs-link-hover-color: #0a58ca;--bs-link-hover-color-rgb: 10, 88, 202;--bs-code-color: #d63384;--bs-highlight-color: #212529;--bs-highlight-bg: #fff3cd;--bs-border-width: 1px;--bs-border-style: solid;--bs-border-color: #dee2e6;--bs-border-color-translucent: rgba(0, 0, 0, .175);--bs-border-radius: .375rem;--bs-border-radius-sm: .25rem;--bs-border-radius-lg: .5rem;--bs-border-radius-xl: 1rem;--bs-border-radius-xxl: 2rem;--bs-border-radius-2xl: var(--bs-border-radius-xxl);--bs-border-radius-pill: 50rem;--bs-box-shadow: 0 .5rem 1rem rgba(0, 0, 0, .15);--bs-box-shadow-sm: 0 .125rem .25rem rgba(0, 0, 0, .075);--bs-box-shadow-lg: 0 1rem 3rem rgba(0, 0, 0, .175);--bs-box-shadow-inset: inset 0 1px 2px rgba(0, 0, 0, .075);--bs-focus-ring-width: .25rem;--bs-focus-ring-opacity: .25;--bs-focus-ring-color: rgba(13, 110, 253, .25);--bs-form-valid-color: #198754;--bs-form-valid-border-color: #198754;--bs-form-invalid-color: #dc3545;--bs-form-invalid-border-color: #dc3545}[data-bs-theme=dark]{color-scheme:dark;--bs-body-color: #dee2e6;--bs-body-color-rgb: 222, 226, 230;--bs-body-bg: #212529;--bs-body-bg-rgb: 33, 37, 41;--bs-emphasis-color: #fff;--bs-emphasis-color-rgb: 255, 255, 255;--bs-secondary-color: rgba(222, 226, 230, .75);--bs-secondary-color-rgb: 222, 226, 230;--bs-secondary-bg: #343a40;--bs-secondary-bg-rgb: 52, 58, 64;--bs-tertiary-color: rgba(222, 226, 230, .5);--bs-tertiary-color-rgb: 222, 226, 230;--bs-tertiary-bg: #2b3035;--bs-tertiary-bg-rgb: 43, 48, 53;--bs-primary-text-emphasis: #6ea8fe;--bs-secondary-text-emphasis: #a7acb1;--bs-success-text-emphasis: #75b798;--bs-info-text-emphasis: #6edff6;--bs-warning-text-emphasis: #ffda6a;--bs-danger-text-emphasis: #ea868f;--bs-light-text-emphasis: #f8f9fa;--bs-dark-text-emphasis: #dee2e6;--bs-primary-bg-subtle: #031633;--bs-secondary-bg-subtle: #161719;--bs-success-bg-subtle: #051b11;--bs-info-bg-subtle: #032830;--bs-warning-bg-subtle: #332701;--bs-danger-bg-subtle: #2c0b0e;--bs-light-bg-subtle: #343a40;--bs-dark-bg-subtle: #1a1d20;--bs-primary-border-subtle: #084298;--bs-secondary-border-subtle: #41464b;--bs-success-border-subtle: #0f5132;--bs-info-border-subtle: #087990;--bs-warning-border-subtle: #997404;--bs-danger-border-subtle: #842029;--bs-light-border-subtle: #495057;--bs-dark-border-subtle: #343a40;--bs-heading-color: inherit;--bs-link-color: #6ea8fe;--bs-link-hover-color: #8bb9fe;--bs-link-color-rgb: 110, 168, 254;--bs-link-hover-color-rgb: 139, 185, 254;--bs-code-color: #e685b5;--bs-highlight-color: #dee2e6;--bs-highlight-bg: #664d03;--bs-border-color: #495057;--bs-border-color-translucent: rgba(255, 255, 255, .15);--bs-form-valid-color: #75b798;--bs-form-valid-border-color: #75b798;--bs-form-invalid-color: #ea868f;--bs-form-invalid-border-color: #ea868f}*,*:before,*:after{box-sizing:border-box}@media (prefers-reduced-motion: no-preference){:root{scroll-behavior:smooth}}body{margin:0;font-family:var(--bs-body-font-family);font-size:var(--bs-body-font-size);font-weight:var(--bs-body-font-weight);line-height:var(--bs-body-line-height);color:var(--bs-body-color);text-align:var(--bs-body-text-align);background-color:var(--bs-body-bg);-webkit-text-size-adjust:100%;-webkit-tap-highlight-color:rgba(0,0,0,0)}hr{margin:1rem 0;color:inherit;border:0;border-top:var(--bs-border-width) solid;opacity:.25}h6,.h6,h5,.h5,h4,.h4,h3,.h3,h2,.h2,h1,.h1{margin-top:0;margin-bottom:.5rem;font-weight:500;line-height:1.2;color:var(--bs-heading-color)}h1,.h1{font-size:calc(1.375rem + 1.5vw)}@media (min-width: 1200px){h1,.h1{font-size:2.5rem}}h2,.h2{font-size:calc(1.325rem + .9vw)}@media (min-width: 1200px){h2,.h2{font-size:2rem}}h3,.h3{font-size:calc(1.3rem + .6vw)}@media (min-width: 1200px){h3,.h3{font-size:1.75rem}}h4,.h4{font-size:calc(1.275rem + .3vw)}@media (min-width: 1200px){h4,.h4{font-size:1.5rem}}h5,.h5{font-size:1.25rem}h6,.h6{font-size:1rem}p{margin-top:0;margin-bottom:1rem}abbr[title]{-webkit-text-decoration:underline dotted;text-decoration:underline dotted;cursor:help;-webkit-text-decoration-skip-ink:none;text-decoration-skip-ink:none}address{margin-bottom:1rem;font-style:normal;line-height:inherit}ol,ul{padding-left:2rem}ol,ul,dl{margin-top:0;margin-bottom:1rem}ol ol,ul ul,ol ul,ul ol{margin-bottom:0}dt{font-weight:700}dd{margin-bottom:.5rem;margin-left:0}blockquote{margin:0 0 1rem}b,strong{font-weight:bolder}small,.small{font-size:.875em}mark,.mark{padding:.1875em;color:var(--bs-highlight-color);background-color:var(--bs-highlight-bg)}sub,sup{position:relative;font-size:.75em;line-height:0;vertical-align:baseline}sub{bottom:-.25em}sup{top:-.5em}a{color:rgba(var(--bs-link-color-rgb),var(--bs-link-opacity, 1));text-decoration:underline}a:hover{--bs-link-color-rgb: var(--bs-link-hover-color-rgb)}a:not([href]):not([class]),a:not([href]):not([class]):hover{color:inherit;text-decoration:none}pre,code,kbd,samp{font-family:var(--bs-font-monospace);font-size:1em}pre{display:block;margin-top:0;margin-bottom:1rem;overflow:auto;font-size:.875em}pre code{font-size:inherit;color:inherit;word-break:normal}code{font-size:.875em;color:var(--bs-code-color);word-wrap:break-word}a>code{color:inherit}kbd{padding:.1875rem .375rem;font-size:.875em;color:var(--bs-body-bg);background-color:var(--bs-body-color);border-radius:.25rem}kbd kbd{padding:0;font-size:1em}figure{margin:0 0 1rem}img,svg{vertical-align:middle}table{caption-side:bottom;border-collapse:collapse}caption{padding-top:.5rem;padding-bottom:.5rem;color:var(--bs-secondary-color);text-align:left}th{text-align:inherit;text-align:-webkit-match-parent}thead,tbody,tfoot,tr,td,th{border-color:inherit;border-style:solid;border-width:0}label{display:inline-block}button{border-radius:0}button:focus:not(:focus-visible){outline:0}input,button,select,optgroup,textarea{margin:0;font-family:inherit;font-size:inherit;line-height:inherit}button,select{text-transform:none}[role=button]{cursor:pointer}select{word-wrap:normal}select:disabled{opacity:1}[list]:not([type=date]):not([type=datetime-local]):not([type=month]):not([type=week]):not([type=time])::-webkit-calendar-picker-indicator{display:none!important}button,[type=button],[type=reset],[type=submit]{-webkit-appearance:button}button:not(:disabled),[type=button]:not(:disabled),[type=reset]:not(:disabled),[type=submit]:not(:disabled){cursor:pointer}::-moz-focus-inner{padding:0;border-style:none}textarea{resize:vertical}fieldset{min-width:0;padding:0;margin:0;border:0}legend{float:left;width:100%;padding:0;margin-bottom:.5rem;line-height:inherit;font-size:calc(1.275rem + .3vw)}@media (min-width: 1200px){legend{font-size:1.5rem}}legend+*{clear:left}::-webkit-datetime-edit-fields-wrapper,::-webkit-datetime-edit-text,::-webkit-datetime-edit-minute,::-webkit-datetime-edit-hour-field,::-webkit-datetime-edit-day-field,::-webkit-datetime-edit-month-field,::-webkit-datetime-edit-year-field{padding:0}::-webkit-inner-spin-button{height:auto}[type=search]{-webkit-appearance:textfield;outline-offset:-2px}[type=search]::-webkit-search-cancel-button{cursor:pointer;filter:grayscale(1)}::-webkit-search-decoration{-webkit-appearance:none}::-webkit-color-swatch-wrapper{padding:0}::-webkit-file-upload-button{font:inherit;-webkit-appearance:button}::file-selector-button{font:inherit;-webkit-appearance:button}output{display:inline-block}iframe{border:0}summary{display:list-item;cursor:pointer}progress{vertical-align:baseline}[hidden]{display:none!important}.lead{font-size:1.25rem;font-weight:300}.display-1{font-weight:300;line-height:1.2;font-size:calc(1.625rem + 4.5vw)}@media (min-width: 1200px){.display-1{font-size:5rem}}.display-2{font-weight:300;line-height:1.2;font-size:calc(1.575rem + 3.9vw)}@media (min-width: 1200px){.display-2{font-size:4.5rem}}.display-3{font-weight:300;line-height:1.2;font-size:calc(1.525rem + 3.3vw)}@media (min-width: 1200px){.display-3{font-size:4rem}}.display-4{font-weight:300;line-height:1.2;font-size:calc(1.475rem + 2.7vw)}@media (min-width: 1200px){.display-4{font-size:3.5rem}}.display-5{font-weight:300;line-height:1.2;font-size:calc(1.425rem + 2.1vw)}@media (min-width: 1200px){.display-5{font-size:3rem}}.display-6{font-weight:300;line-height:1.2;font-size:calc(1.375rem + 1.5vw)}@media (min-width: 1200px){.display-6{font-size:2.5rem}}.list-unstyled,.list-inline{padding-left:0;list-style:none}.list-inline-item{display:inline-block}.list-inline-item:not(:last-child){margin-right:.5rem}.initialism{font-size:.875em;text-transform:uppercase}.blockquote{margin-bottom:1rem;font-size:1.25rem}.blockquote>:last-child{margin-bottom:0}.blockquote-footer{margin-top:-1rem;margin-bottom:1rem;font-size:.875em;color:#6c757d}.blockquote-footer:before{content:""}.img-fluid{max-width:100%;height:auto}.img-thumbnail{padding:.25rem;background-color:var(--bs-body-bg);border:var(--bs-border-width) solid var(--bs-border-color);border-radius:var(--bs-border-radius);max-width:100%;height:auto}.figure{display:inline-block}.figure-img{margin-bottom:.5rem;line-height:1}.figure-caption{font-size:.875em;color:var(--bs-secondary-color)}.container,.container-fluid,.container-xxl,.container-xl,.container-lg,.container-md,.container-sm{--bs-gutter-x: 1.5rem;--bs-gutter-y: 0;width:100%;padding-right:calc(var(--bs-gutter-x) * .5);padding-left:calc(var(--bs-gutter-x) * .5);margin-right:auto;margin-left:auto}@media (min-width: 576px){.container-sm,.container{max-width:540px}}@media (min-width: 768px){.container-md,.container-sm,.container{max-width:720px}}@media (min-width: 992px){.container-lg,.container-md,.container-sm,.container{max-width:960px}}@media (min-width: 1200px){.container-xl,.container-lg,.container-md,.container-sm,.container{max-width:1140px}}@media (min-width: 1400px){.container-xxl,.container-xl,.container-lg,.container-md,.container-sm,.container{max-width:1320px}}:root{--bs-breakpoint-xs: 0;--bs-breakpoint-sm: 576px;--bs-breakpoint-md: 768px;--bs-breakpoint-lg: 992px;--bs-breakpoint-xl: 1200px;--bs-breakpoint-xxl: 1400px}.row{--bs-gutter-x: 1.5rem;--bs-gutter-y: 0;display:flex;flex-wrap:wrap;margin-top:calc(-1 * var(--bs-gutter-y));margin-right:calc(-.5 * var(--bs-gutter-x));margin-left:calc(-.5 * var(--bs-gutter-x))}.row>*{flex-shrink:0;width:100%;max-width:100%;padding-right:calc(var(--bs-gutter-x) * .5);padding-left:calc(var(--bs-gutter-x) * .5);margin-top:var(--bs-gutter-y)}.col{flex:1 0 0}.row-cols-auto>*{flex:0 0 auto;width:auto}.row-cols-1>*{flex:0 0 auto;width:100%}.row-cols-2>*{flex:0 0 auto;width:50%}.row-cols-3>*{flex:0 0 auto;width:33.33333333%}.row-cols-4>*{flex:0 0 auto;width:25%}.row-cols-5>*{flex:0 0 auto;width:20%}.row-cols-6>*{flex:0 0 auto;width:16.66666667%}.col-auto{flex:0 0 auto;width:auto}.col-1{flex:0 0 auto;width:8.33333333%}.col-2{flex:0 0 auto;width:16.66666667%}.col-3{flex:0 0 auto;width:25%}.col-4{flex:0 0 auto;width:33.33333333%}.col-5{flex:0 0 auto;width:41.66666667%}.col-6{flex:0 0 auto;width:50%}.col-7{flex:0 0 auto;width:58.33333333%}.col-8{flex:0 0 auto;width:66.66666667%}.col-9{flex:0 0 auto;width:75%}.col-10{flex:0 0 auto;width:83.33333333%}.col-11{flex:0 0 auto;width:91.66666667%}.col-12{flex:0 0 auto;width:100%}.offset-1{margin-left:8.33333333%}.offset-2{margin-left:16.66666667%}.offset-3{margin-left:25%}.offset-4{margin-left:33.33333333%}.offset-5{margin-left:41.66666667%}.offset-6{margin-left:50%}.offset-7{margin-left:58.33333333%}.offset-8{margin-left:66.66666667%}.offset-9{margin-left:75%}.offset-10{margin-left:83.33333333%}.offset-11{margin-left:91.66666667%}.g-0,.gx-0{--bs-gutter-x: 0}.g-0,.gy-0{--bs-gutter-y: 0}.g-1,.gx-1{--bs-gutter-x: .25rem}.g-1,.gy-1{--bs-gutter-y: .25rem}.g-2,.gx-2{--bs-gutter-x: .5rem}.g-2,.gy-2{--bs-gutter-y: .5rem}.g-3,.gx-3{--bs-gutter-x: 1rem}.g-3,.gy-3{--bs-gutter-y: 1rem}.g-4,.gx-4{--bs-gutter-x: 1.5rem}.g-4,.gy-4{--bs-gutter-y: 1.5rem}.g-5,.gx-5{--bs-gutter-x: 3rem}.g-5,.gy-5{--bs-gutter-y: 3rem}@media (min-width: 576px){.col-sm{flex:1 0 0}.row-cols-sm-auto>*{flex:0 0 auto;width:auto}.row-cols-sm-1>*{flex:0 0 auto;width:100%}.row-cols-sm-2>*{flex:0 0 auto;width:50%}.row-cols-sm-3>*{flex:0 0 auto;width:33.33333333%}.row-cols-sm-4>*{flex:0 0 auto;width:25%}.row-cols-sm-5>*{flex:0 0 auto;width:20%}.row-cols-sm-6>*{flex:0 0 auto;width:16.66666667%}.col-sm-auto{flex:0 0 auto;width:auto}.col-sm-1{flex:0 0 auto;width:8.33333333%}.col-sm-2{flex:0 0 auto;width:16.66666667%}.col-sm-3{flex:0 0 auto;width:25%}.col-sm-4{flex:0 0 auto;width:33.33333333%}.col-sm-5{flex:0 0 auto;width:41.66666667%}.col-sm-6{flex:0 0 auto;width:50%}.col-sm-7{flex:0 0 auto;width:58.33333333%}.col-sm-8{flex:0 0 auto;width:66.66666667%}.col-sm-9{flex:0 0 auto;width:75%}.col-sm-10{flex:0 0 auto;width:83.33333333%}.col-sm-11{flex:0 0 auto;width:91.66666667%}.col-sm-12{flex:0 0 auto;width:100%}.offset-sm-0{margin-left:0}.offset-sm-1{margin-left:8.33333333%}.offset-sm-2{margin-left:16.66666667%}.offset-sm-3{margin-left:25%}.offset-sm-4{margin-left:33.33333333%}.offset-sm-5{margin-left:41.66666667%}.offset-sm-6{margin-left:50%}.offset-sm-7{margin-left:58.33333333%}.offset-sm-8{margin-left:66.66666667%}.offset-sm-9{margin-left:75%}.offset-sm-10{margin-left:83.33333333%}.offset-sm-11{margin-left:91.66666667%}.g-sm-0,.gx-sm-0{--bs-gutter-x: 0}.g-sm-0,.gy-sm-0{--bs-gutter-y: 0}.g-sm-1,.gx-sm-1{--bs-gutter-x: .25rem}.g-sm-1,.gy-sm-1{--bs-gutter-y: .25rem}.g-sm-2,.gx-sm-2{--bs-gutter-x: .5rem}.g-sm-2,.gy-sm-2{--bs-gutter-y: .5rem}.g-sm-3,.gx-sm-3{--bs-gutter-x: 1rem}.g-sm-3,.gy-sm-3{--bs-gutter-y: 1rem}.g-sm-4,.gx-sm-4{--bs-gutter-x: 1.5rem}.g-sm-4,.gy-sm-4{--bs-gutter-y: 1.5rem}.g-sm-5,.gx-sm-5{--bs-gutter-x: 3rem}.g-sm-5,.gy-sm-5{--bs-gutter-y: 3rem}}@media (min-width: 768px){.col-md{flex:1 0 0}.row-cols-md-auto>*{flex:0 0 auto;width:auto}.row-cols-md-1>*{flex:0 0 auto;width:100%}.row-cols-md-2>*{flex:0 0 auto;width:50%}.row-cols-md-3>*{flex:0 0 auto;width:33.33333333%}.row-cols-md-4>*{flex:0 0 auto;width:25%}.row-cols-md-5>*{flex:0 0 auto;width:20%}.row-cols-md-6>*{flex:0 0 auto;width:16.66666667%}.col-md-auto{flex:0 0 auto;width:auto}.col-md-1{flex:0 0 auto;width:8.33333333%}.col-md-2{flex:0 0 auto;width:16.66666667%}.col-md-3{flex:0 0 auto;width:25%}.col-md-4{flex:0 0 auto;width:33.33333333%}.col-md-5{flex:0 0 auto;width:41.66666667%}.col-md-6{flex:0 0 auto;width:50%}.col-md-7{flex:0 0 auto;width:58.33333333%}.col-md-8{flex:0 0 auto;width:66.66666667%}.col-md-9{flex:0 0 auto;width:75%}.col-md-10{flex:0 0 auto;width:83.33333333%}.col-md-11{flex:0 0 auto;width:91.66666667%}.col-md-12{flex:0 0 auto;width:100%}.offset-md-0{margin-left:0}.offset-md-1{margin-left:8.33333333%}.offset-md-2{margin-left:16.66666667%}.offset-md-3{margin-left:25%}.offset-md-4{margin-left:33.33333333%}.offset-md-5{margin-left:41.66666667%}.offset-md-6{margin-left:50%}.offset-md-7{margin-left:58.33333333%}.offset-md-8{margin-left:66.66666667%}.offset-md-9{margin-left:75%}.offset-md-10{margin-left:83.33333333%}.offset-md-11{margin-left:91.66666667%}.g-md-0,.gx-md-0{--bs-gutter-x: 0}.g-md-0,.gy-md-0{--bs-gutter-y: 0}.g-md-1,.gx-md-1{--bs-gutter-x: .25rem}.g-md-1,.gy-md-1{--bs-gutter-y: .25rem}.g-md-2,.gx-md-2{--bs-gutter-x: .5rem}.g-md-2,.gy-md-2{--bs-gutter-y: .5rem}.g-md-3,.gx-md-3{--bs-gutter-x: 1rem}.g-md-3,.gy-md-3{--bs-gutter-y: 1rem}.g-md-4,.gx-md-4{--bs-gutter-x: 1.5rem}.g-md-4,.gy-md-4{--bs-gutter-y: 1.5rem}.g-md-5,.gx-md-5{--bs-gutter-x: 3rem}.g-md-5,.gy-md-5{--bs-gutter-y: 3rem}}@media (min-width: 992px){.col-lg{flex:1 0 0}.row-cols-lg-auto>*{flex:0 0 auto;width:auto}.row-cols-lg-1>*{flex:0 0 auto;width:100%}.row-cols-lg-2>*{flex:0 0 auto;width:50%}.row-cols-lg-3>*{flex:0 0 auto;width:33.33333333%}.row-cols-lg-4>*{flex:0 0 auto;width:25%}.row-cols-lg-5>*{flex:0 0 auto;width:20%}.row-cols-lg-6>*{flex:0 0 auto;width:16.66666667%}.col-lg-auto{flex:0 0 auto;width:auto}.col-lg-1{flex:0 0 auto;width:8.33333333%}.col-lg-2{flex:0 0 auto;width:16.66666667%}.col-lg-3{flex:0 0 auto;width:25%}.col-lg-4{flex:0 0 auto;width:33.33333333%}.col-lg-5{flex:0 0 auto;width:41.66666667%}.col-lg-6{flex:0 0 auto;width:50%}.col-lg-7{flex:0 0 auto;width:58.33333333%}.col-lg-8{flex:0 0 auto;width:66.66666667%}.col-lg-9{flex:0 0 auto;width:75%}.col-lg-10{flex:0 0 auto;width:83.33333333%}.col-lg-11{flex:0 0 auto;width:91.66666667%}.col-lg-12{flex:0 0 auto;width:100%}.offset-lg-0{margin-left:0}.offset-lg-1{margin-left:8.33333333%}.offset-lg-2{margin-left:16.66666667%}.offset-lg-3{margin-left:25%}.offset-lg-4{margin-left:33.33333333%}.offset-lg-5{margin-left:41.66666667%}.offset-lg-6{margin-left:50%}.offset-lg-7{margin-left:58.33333333%}.offset-lg-8{margin-left:66.66666667%}.offset-lg-9{margin-left:75%}.offset-lg-10{margin-left:83.33333333%}.offset-lg-11{margin-left:91.66666667%}.g-lg-0,.gx-lg-0{--bs-gutter-x: 0}.g-lg-0,.gy-lg-0{--bs-gutter-y: 0}.g-lg-1,.gx-lg-1{--bs-gutter-x: .25rem}.g-lg-1,.gy-lg-1{--bs-gutter-y: .25rem}.g-lg-2,.gx-lg-2{--bs-gutter-x: .5rem}.g-lg-2,.gy-lg-2{--bs-gutter-y: .5rem}.g-lg-3,.gx-lg-3{--bs-gutter-x: 1rem}.g-lg-3,.gy-lg-3{--bs-gutter-y: 1rem}.g-lg-4,.gx-lg-4{--bs-gutter-x: 1.5rem}.g-lg-4,.gy-lg-4{--bs-gutter-y: 1.5rem}.g-lg-5,.gx-lg-5{--bs-gutter-x: 3rem}.g-lg-5,.gy-lg-5{--bs-gutter-y: 3rem}}@media (min-width: 1200px){.col-xl{flex:1 0 0}.row-cols-xl-auto>*{flex:0 0 auto;width:auto}.row-cols-xl-1>*{flex:0 0 auto;width:100%}.row-cols-xl-2>*{flex:0 0 auto;width:50%}.row-cols-xl-3>*{flex:0 0 auto;width:33.33333333%}.row-cols-xl-4>*{flex:0 0 auto;width:25%}.row-cols-xl-5>*{flex:0 0 auto;width:20%}.row-cols-xl-6>*{flex:0 0 auto;width:16.66666667%}.col-xl-auto{flex:0 0 auto;width:auto}.col-xl-1{flex:0 0 auto;width:8.33333333%}.col-xl-2{flex:0 0 auto;width:16.66666667%}.col-xl-3{flex:0 0 auto;width:25%}.col-xl-4{flex:0 0 auto;width:33.33333333%}.col-xl-5{flex:0 0 auto;width:41.66666667%}.col-xl-6{flex:0 0 auto;width:50%}.col-xl-7{flex:0 0 auto;width:58.33333333%}.col-xl-8{flex:0 0 auto;width:66.66666667%}.col-xl-9{flex:0 0 auto;width:75%}.col-xl-10{flex:0 0 auto;width:83.33333333%}.col-xl-11{flex:0 0 auto;width:91.66666667%}.col-xl-12{flex:0 0 auto;width:100%}.offset-xl-0{margin-left:0}.offset-xl-1{margin-left:8.33333333%}.offset-xl-2{margin-left:16.66666667%}.offset-xl-3{margin-left:25%}.offset-xl-4{margin-left:33.33333333%}.offset-xl-5{margin-left:41.66666667%}.offset-xl-6{margin-left:50%}.offset-xl-7{margin-left:58.33333333%}.offset-xl-8{margin-left:66.66666667%}.offset-xl-9{margin-left:75%}.offset-xl-10{margin-left:83.33333333%}.offset-xl-11{margin-left:91.66666667%}.g-xl-0,.gx-xl-0{--bs-gutter-x: 0}.g-xl-0,.gy-xl-0{--bs-gutter-y: 0}.g-xl-1,.gx-xl-1{--bs-gutter-x: .25rem}.g-xl-1,.gy-xl-1{--bs-gutter-y: .25rem}.g-xl-2,.gx-xl-2{--bs-gutter-x: .5rem}.g-xl-2,.gy-xl-2{--bs-gutter-y: .5rem}.g-xl-3,.gx-xl-3{--bs-gutter-x: 1rem}.g-xl-3,.gy-xl-3{--bs-gutter-y: 1rem}.g-xl-4,.gx-xl-4{--bs-gutter-x: 1.5rem}.g-xl-4,.gy-xl-4{--bs-gutter-y: 1.5rem}.g-xl-5,.gx-xl-5{--bs-gutter-x: 3rem}.g-xl-5,.gy-xl-5{--bs-gutter-y: 3rem}}@media (min-width: 1400px){.col-xxl{flex:1 0 0}.row-cols-xxl-auto>*{flex:0 0 auto;width:auto}.row-cols-xxl-1>*{flex:0 0 auto;width:100%}.row-cols-xxl-2>*{flex:0 0 auto;width:50%}.row-cols-xxl-3>*{flex:0 0 auto;width:33.33333333%}.row-cols-xxl-4>*{flex:0 0 auto;width:25%}.row-cols-xxl-5>*{flex:0 0 auto;width:20%}.row-cols-xxl-6>*{flex:0 0 auto;width:16.66666667%}.col-xxl-auto{flex:0 0 auto;width:auto}.col-xxl-1{flex:0 0 auto;width:8.33333333%}.col-xxl-2{flex:0 0 auto;width:16.66666667%}.col-xxl-3{flex:0 0 auto;width:25%}.col-xxl-4{flex:0 0 auto;width:33.33333333%}.col-xxl-5{flex:0 0 auto;width:41.66666667%}.col-xxl-6{flex:0 0 auto;width:50%}.col-xxl-7{flex:0 0 auto;width:58.33333333%}.col-xxl-8{flex:0 0 auto;width:66.66666667%}.col-xxl-9{flex:0 0 auto;width:75%}.col-xxl-10{flex:0 0 auto;width:83.33333333%}.col-xxl-11{flex:0 0 auto;width:91.66666667%}.col-xxl-12{flex:0 0 auto;width:100%}.offset-xxl-0{margin-left:0}.offset-xxl-1{margin-left:8.33333333%}.offset-xxl-2{margin-left:16.66666667%}.offset-xxl-3{margin-left:25%}.offset-xxl-4{margin-left:33.33333333%}.offset-xxl-5{margin-left:41.66666667%}.offset-xxl-6{margin-left:50%}.offset-xxl-7{margin-left:58.33333333%}.offset-xxl-8{margin-left:66.66666667%}.offset-xxl-9{margin-left:75%}.offset-xxl-10{margin-left:83.33333333%}.offset-xxl-11{margin-left:91.66666667%}.g-xxl-0,.gx-xxl-0{--bs-gutter-x: 0}.g-xxl-0,.gy-xxl-0{--bs-gutter-y: 0}.g-xxl-1,.gx-xxl-1{--bs-gutter-x: .25rem}.g-xxl-1,.gy-xxl-1{--bs-gutter-y: .25rem}.g-xxl-2,.gx-xxl-2{--bs-gutter-x: .5rem}.g-xxl-2,.gy-xxl-2{--bs-gutter-y: .5rem}.g-xxl-3,.gx-xxl-3{--bs-gutter-x: 1rem}.g-xxl-3,.gy-xxl-3{--bs-gutter-y: 1rem}.g-xxl-4,.gx-xxl-4{--bs-gutter-x: 1.5rem}.g-xxl-4,.gy-xxl-4{--bs-gutter-y: 1.5rem}.g-xxl-5,.gx-xxl-5{--bs-gutter-x: 3rem}.g-xxl-5,.gy-xxl-5{--bs-gutter-y: 3rem}}.table{--bs-table-color-type: initial;--bs-table-bg-type: initial;--bs-table-color-state: initial;--bs-table-bg-state: initial;--bs-table-color: var(--bs-emphasis-color);--bs-table-bg: var(--bs-body-bg);--bs-table-border-color: var(--bs-border-color);--bs-table-accent-bg: transparent;--bs-table-striped-color: var(--bs-emphasis-color);--bs-table-striped-bg: rgba(var(--bs-emphasis-color-rgb), .05);--bs-table-active-color: var(--bs-emphasis-color);--bs-table-active-bg: rgba(var(--bs-emphasis-color-rgb), .1);--bs-table-hover-color: var(--bs-emphasis-color);--bs-table-hover-bg: rgba(var(--bs-emphasis-color-rgb), .075);width:100%;margin-bottom:1rem;vertical-align:top;border-color:var(--bs-table-border-color)}.table>:not(caption)>*>*{padding:.5rem;color:var(--bs-table-color-state, var(--bs-table-color-type, var(--bs-table-color)));background-color:var(--bs-table-bg);border-bottom-width:var(--bs-border-width);box-shadow:inset 0 0 0 9999px var(--bs-table-bg-state, var(--bs-table-bg-type, var(--bs-table-accent-bg)))}.table>tbody{vertical-align:inherit}.table>thead{vertical-align:bottom}.table-group-divider{border-top:calc(var(--bs-border-width) * 2) solid currentcolor}.caption-top{caption-side:top}.table-sm>:not(caption)>*>*{padding:.25rem}.table-bordered>:not(caption)>*{border-width:var(--bs-border-width) 0}.table-bordered>:not(caption)>*>*{border-width:0 var(--bs-border-width)}.table-borderless>:not(caption)>*>*{border-bottom-width:0}.table-borderless>:not(:first-child){border-top-width:0}.table-striped>tbody>tr:nth-of-type(odd)>*{--bs-table-color-type: var(--bs-table-striped-color);--bs-table-bg-type: var(--bs-table-striped-bg)}.table-striped-columns>:not(caption)>tr>:nth-child(2n){--bs-table-color-type: var(--bs-table-striped-color);--bs-table-bg-type: var(--bs-table-striped-bg)}.table-active{--bs-table-color-state: var(--bs-table-active-color);--bs-table-bg-state: var(--bs-table-active-bg)}.table-hover>tbody>tr:hover>*{--bs-table-color-state: var(--bs-table-hover-color);--bs-table-bg-state: var(--bs-table-hover-bg)}.table-primary{--bs-table-color: #000;--bs-table-bg: #cfe2ff;--bs-table-border-color: #a6b5cc;--bs-table-striped-bg: #c5d7f2;--bs-table-striped-color: #000;--bs-table-active-bg: #bacbe6;--bs-table-active-color: #000;--bs-table-hover-bg: #bfd1ec;--bs-table-hover-color: #000;color:var(--bs-table-color);border-color:var(--bs-table-border-color)}.table-secondary{--bs-table-color: #000;--bs-table-bg: #e2e3e5;--bs-table-border-color: #b5b6b7;--bs-table-striped-bg: #d7d8da;--bs-table-striped-color: #000;--bs-table-active-bg: #cbccce;--bs-table-active-color: #000;--bs-table-hover-bg: #d1d2d4;--bs-table-hover-color: #000;color:var(--bs-table-color);border-color:var(--bs-table-border-color)}.table-success{--bs-table-color: #000;--bs-table-bg: #d1e7dd;--bs-table-border-color: #a7b9b1;--bs-table-striped-bg: #c7dbd2;--bs-table-striped-color: #000;--bs-table-active-bg: #bcd0c7;--bs-table-active-color: #000;--bs-table-hover-bg: #c1d6cc;--bs-table-hover-color: #000;color:var(--bs-table-color);border-color:var(--bs-table-border-color)}.table-info{--bs-table-color: #000;--bs-table-bg: #cff4fc;--bs-table-border-color: #a6c3ca;--bs-table-striped-bg: #c5e8ef;--bs-table-striped-color: #000;--bs-table-active-bg: #badce3;--bs-table-active-color: #000;--bs-table-hover-bg: #bfe2e9;--bs-table-hover-color: #000;color:var(--bs-table-color);border-color:var(--bs-table-border-color)}.table-warning{--bs-table-color: #000;--bs-table-bg: #fff3cd;--bs-table-border-color: #ccc2a4;--bs-table-striped-bg: #f2e7c3;--bs-table-striped-color: #000;--bs-table-active-bg: #e6dbb9;--bs-table-active-color: #000;--bs-table-hover-bg: #ece1be;--bs-table-hover-color: #000;color:var(--bs-table-color);border-color:var(--bs-table-border-color)}.table-danger{--bs-table-color: #000;--bs-table-bg: #f8d7da;--bs-table-border-color: #c6acae;--bs-table-striped-bg: #eccccf;--bs-table-striped-color: #000;--bs-table-active-bg: #dfc2c4;--bs-table-active-color: #000;--bs-table-hover-bg: #e5c7ca;--bs-table-hover-color: #000;color:var(--bs-table-color);border-color:var(--bs-table-border-color)}.table-light{--bs-table-color: #000;--bs-table-bg: #f8f9fa;--bs-table-border-color: #c6c7c8;--bs-table-striped-bg: #ecedee;--bs-table-striped-color: #000;--bs-table-active-bg: #dfe0e1;--bs-table-active-color: #000;--bs-table-hover-bg: #e5e6e7;--bs-table-hover-color: #000;color:var(--bs-table-color);border-color:var(--bs-table-border-color)}.table-dark{--bs-table-color: #fff;--bs-table-bg: #212529;--bs-table-border-color: #4d5154;--bs-table-striped-bg: #2c3034;--bs-table-striped-color: #fff;--bs-table-active-bg: #373b3e;--bs-table-active-color: #fff;--bs-table-hover-bg: #323539;--bs-table-hover-color: #fff;color:var(--bs-table-color);border-color:var(--bs-table-border-color)}.table-responsive{overflow-x:auto;-webkit-overflow-scrolling:touch}@media (max-width: 575.98px){.table-responsive-sm{overflow-x:auto;-webkit-overflow-scrolling:touch}}@media (max-width: 767.98px){.table-responsive-md{overflow-x:auto;-webkit-overflow-scrolling:touch}}@media (max-width: 991.98px){.table-responsive-lg{overflow-x:auto;-webkit-overflow-scrolling:touch}}@media (max-width: 1199.98px){.table-responsive-xl{overflow-x:auto;-webkit-overflow-scrolling:touch}}@media (max-width: 1399.98px){.table-responsive-xxl{overflow-x:auto;-webkit-overflow-scrolling:touch}}.form-label{margin-bottom:.5rem}.col-form-label{padding-top:calc(.375rem + var(--bs-border-width));padding-bottom:calc(.375rem + var(--bs-border-width));margin-bottom:0;font-size:inherit;line-height:1.5}.col-form-label-lg{padding-top:calc(.5rem + var(--bs-border-width));padding-bottom:calc(.5rem + var(--bs-border-width));font-size:1.25rem}.col-form-label-sm{padding-top:calc(.25rem + var(--bs-border-width));padding-bottom:calc(.25rem + var(--bs-border-width));font-size:.875rem}.form-text{margin-top:.25rem;font-size:.875em;color:var(--bs-secondary-color)}.form-control{display:block;width:100%;padding:.375rem .75rem;font-size:1rem;font-weight:400;line-height:1.5;color:var(--bs-body-color);-webkit-appearance:none;-moz-appearance:none;appearance:none;background-color:var(--bs-body-bg);background-clip:padding-box;border:var(--bs-border-width) solid var(--bs-border-color);border-radius:var(--bs-border-radius);transition:border-color .15s ease-in-out,box-shadow .15s ease-in-out}@media (prefers-reduced-motion: reduce){.form-control{transition:none}}.form-control[type=file]{overflow:hidden}.form-control[type=file]:not(:disabled):not([readonly]){cursor:pointer}.form-control:focus{color:var(--bs-body-color);background-color:var(--bs-body-bg);border-color:#86b7fe;outline:0;box-shadow:0 0 0 .25rem #0d6efd40}.form-control::-webkit-date-and-time-value{min-width:85px;height:1.5em;margin:0}.form-control::-webkit-datetime-edit{display:block;padding:0}.form-control::placeholder{color:var(--bs-secondary-color);opacity:1}.form-control:disabled{background-color:var(--bs-secondary-bg);opacity:1}.form-control::-webkit-file-upload-button{padding:.375rem .75rem;margin:-.375rem -.75rem;-webkit-margin-end:.75rem;margin-inline-end:.75rem;color:var(--bs-body-color);background-color:var(--bs-tertiary-bg);pointer-events:none;border-color:inherit;border-style:solid;border-width:0;border-inline-end-width:var(--bs-border-width);border-radius:0;-webkit-transition:color .15s ease-in-out,background-color .15s ease-in-out,border-color .15s ease-in-out,box-shadow .15s ease-in-out;transition:color .15s ease-in-out,background-color .15s ease-in-out,border-color .15s ease-in-out,box-shadow .15s ease-in-out}.form-control::file-selector-button{padding:.375rem .75rem;margin:-.375rem -.75rem;-webkit-margin-end:.75rem;margin-inline-end:.75rem;color:var(--bs-body-color);background-color:var(--bs-tertiary-bg);pointer-events:none;border-color:inherit;border-style:solid;border-width:0;border-inline-end-width:var(--bs-border-width);border-radius:0;transition:color .15s ease-in-out,background-color .15s ease-in-out,border-color .15s ease-in-out,box-shadow .15s ease-in-out}@media (prefers-reduced-motion: reduce){.form-control::-webkit-file-upload-button{-webkit-transition:none;transition:none}.form-control::file-selector-button{transition:none}}.form-control:hover:not(:disabled):not([readonly])::-webkit-file-upload-button{background-color:var(--bs-secondary-bg)}.form-control:hover:not(:disabled):not([readonly])::file-selector-button{background-color:var(--bs-secondary-bg)}.form-control-plaintext{display:block;width:100%;padding:.375rem 0;margin-bottom:0;line-height:1.5;color:var(--bs-body-color);background-color:transparent;border:solid transparent;border-width:var(--bs-border-width) 0}.form-control-plaintext:focus{outline:0}.form-control-plaintext.form-control-sm,.form-control-plaintext.form-control-lg{padding-right:0;padding-left:0}.form-control-sm{min-height:calc(1.5em + .5rem + calc(var(--bs-border-width) * 2));padding:.25rem .5rem;font-size:.875rem;border-radius:var(--bs-border-radius-sm)}.form-control-sm::-webkit-file-upload-button{padding:.25rem .5rem;margin:-.25rem -.5rem;-webkit-margin-end:.5rem;margin-inline-end:.5rem}.form-control-sm::file-selector-button{padding:.25rem .5rem;margin:-.25rem -.5rem;-webkit-margin-end:.5rem;margin-inline-end:.5rem}.form-control-lg{min-height:calc(1.5em + 1rem + calc(var(--bs-border-width) * 2));padding:.5rem 1rem;font-size:1.25rem;border-radius:var(--bs-border-radius-lg)}.form-control-lg::-webkit-file-upload-button{padding:.5rem 1rem;margin:-.5rem -1rem;-webkit-margin-end:1rem;margin-inline-end:1rem}.form-control-lg::file-selector-button{padding:.5rem 1rem;margin:-.5rem -1rem;-webkit-margin-end:1rem;margin-inline-end:1rem}textarea.form-control{min-height:calc(1.5em + .75rem + calc(var(--bs-border-width) * 2))}textarea.form-control-sm{min-height:calc(1.5em + .5rem + calc(var(--bs-border-width) * 2))}textarea.form-control-lg{min-height:calc(1.5em + 1rem + calc(var(--bs-border-width) * 2))}.form-control-color{width:3rem;height:calc(1.5em + .75rem + calc(var(--bs-border-width) * 2));padding:.375rem}.form-control-color:not(:disabled):not([readonly]){cursor:pointer}.form-control-color::-moz-color-swatch{border:0!important;border-radius:var(--bs-border-radius)}.form-control-color::-webkit-color-swatch{border:0!important;border-radius:var(--bs-border-radius)}.form-control-color.form-control-sm{height:calc(1.5em + .5rem + calc(var(--bs-border-width) * 2))}.form-control-color.form-control-lg{height:calc(1.5em + 1rem + calc(var(--bs-border-width) * 2))}.form-select{--bs-form-select-bg-img: url("data:image/svg+xml,%3csvg xmlns='http://www.w3.org/2000/svg' viewBox='0 0 16 16'%3e%3cpath fill='none' stroke='%23343a40' stroke-linecap='round' stroke-linejoin='round' stroke-width='2' d='m2 5 6 6 6-6'/%3e%3c/svg%3e");display:block;width:100%;padding:.375rem 2.25rem .375rem .75rem;font-size:1rem;font-weight:400;line-height:1.5;color:var(--bs-body-color);-webkit-appearance:none;-moz-appearance:none;appearance:none;background-color:var(--bs-body-bg);background-image:var(--bs-form-select-bg-img),var(--bs-form-select-bg-icon, none);background-repeat:no-repeat;background-position:right .75rem center;background-size:16px 12px;border:var(--bs-border-width) solid var(--bs-border-color);border-radius:var(--bs-border-radius);transition:border-color .15s ease-in-out,box-shadow .15s ease-in-out}@media (prefers-reduced-motion: reduce){.form-select{transition:none}}.form-select:focus{border-color:#86b7fe;outline:0;box-shadow:0 0 0 .25rem #0d6efd40}.form-select[multiple],.form-select[size]:not([size="1"]){padding-right:.75rem;background-image:none}.form-select:disabled{background-color:var(--bs-secondary-bg)}.form-select:-moz-focusring{color:transparent;text-shadow:0 0 0 var(--bs-body-color)}.form-select-sm{padding-top:.25rem;padding-bottom:.25rem;padding-left:.5rem;font-size:.875rem;border-radius:var(--bs-border-radius-sm)}.form-select-lg{padding-top:.5rem;padding-bottom:.5rem;padding-left:1rem;font-size:1.25rem;border-radius:var(--bs-border-radius-lg)}[data-bs-theme=dark] .form-select{--bs-form-select-bg-img: url("data:image/svg+xml,%3csvg xmlns='http://www.w3.org/2000/svg' viewBox='0 0 16 16'%3e%3cpath fill='none' stroke='%23dee2e6' stroke-linecap='round' stroke-linejoin='round' stroke-width='2' d='m2 5 6 6 6-6'/%3e%3c/svg%3e")}.form-check{display:block;min-height:1.5rem;padding-left:1.5em;margin-bottom:.125rem}.form-check .form-check-input{float:left;margin-left:-1.5em}.form-check-reverse{padding-right:1.5em;padding-left:0;text-align:right}.form-check-reverse .form-check-input{float:right;margin-right:-1.5em;margin-left:0}.form-check-input{--bs-form-check-bg: var(--bs-body-bg);flex-shrink:0;width:1em;height:1em;margin-top:.25em;vertical-align:top;-webkit-appearance:none;-moz-appearance:none;appearance:none;background-color:var(--bs-form-check-bg);background-image:var(--bs-form-check-bg-image);background-repeat:no-repeat;background-position:center;background-size:contain;border:var(--bs-border-width) solid var(--bs-border-color);-webkit-print-color-adjust:exact;color-adjust:exact;print-color-adjust:exact}.form-check-input[type=checkbox]{border-radius:.25em}.form-check-input[type=radio]{border-radius:50%}.form-check-input:active{filter:brightness(90%)}.form-check-input:focus{border-color:#86b7fe;outline:0;box-shadow:0 0 0 .25rem #0d6efd40}.form-check-input:checked{background-color:#0d6efd;border-color:#0d6efd}.form-check-input:checked[type=checkbox]{--bs-form-check-bg-image: url("data:image/svg+xml,%3csvg xmlns='http://www.w3.org/2000/svg' viewBox='0 0 20 20'%3e%3cpath fill='none' stroke='%23fff' stroke-linecap='round' stroke-linejoin='round' stroke-width='3' d='m6 10 3 3 6-6'/%3e%3c/svg%3e")}.form-check-input:checked[type=radio]{--bs-form-check-bg-image: url("data:image/svg+xml,%3csvg xmlns='http://www.w3.org/2000/svg' viewBox='-4 -4 8 8'%3e%3ccircle r='2' fill='%23fff'/%3e%3c/svg%3e")}.form-check-input[type=checkbox]:indeterminate{background-color:#0d6efd;border-color:#0d6efd;--bs-form-check-bg-image: url("data:image/svg+xml,%3csvg xmlns='http://www.w3.org/2000/svg' viewBox='0 0 20 20'%3e%3cpath fill='none' stroke='%23fff' stroke-linecap='round' stroke-linejoin='round' stroke-width='3' d='M6 10h8'/%3e%3c/svg%3e")}.form-check-input:disabled{pointer-events:none;filter:none;opacity:.5}.form-check-input[disabled]~.form-check-label,.form-check-input:disabled~.form-check-label{cursor:default;opacity:.5}.form-switch{padding-left:2.5em}.form-switch .form-check-input{--bs-form-switch-bg: url("data:image/svg+xml,%3csvg xmlns='http://www.w3.org/2000/svg' viewBox='-4 -4 8 8'%3e%3ccircle r='3' fill='rgba%280, 0, 0, 0.25%29'/%3e%3c/svg%3e");width:2em;margin-left:-2.5em;background-image:var(--bs-form-switch-bg);background-position:left center;border-radius:2em;transition:background-position .15s ease-in-out}@media (prefers-reduced-motion: reduce){.form-switch .form-check-input{transition:none}}.form-switch .form-check-input:focus{--bs-form-switch-bg: url("data:image/svg+xml,%3csvg xmlns='http://www.w3.org/2000/svg' viewBox='-4 -4 8 8'%3e%3ccircle r='3' fill='%2386b7fe'/%3e%3c/svg%3e")}.form-switch .form-check-input:checked{background-position:right center;--bs-form-switch-bg: url("data:image/svg+xml,%3csvg xmlns='http://www.w3.org/2000/svg' viewBox='-4 -4 8 8'%3e%3ccircle r='3' fill='%23fff'/%3e%3c/svg%3e")}.form-switch.form-check-reverse{padding-right:2.5em;padding-left:0}.form-switch.form-check-reverse .form-check-input{margin-right:-2.5em;margin-left:0}.form-check-inline{display:inline-block;margin-right:1rem}.btn-check{position:absolute;clip:rect(0,0,0,0);pointer-events:none}.btn-check[disabled]+.btn,.btn-check:disabled+.btn{pointer-events:none;filter:none;opacity:.65}[data-bs-theme=dark] .form-switch .form-check-input:not(:checked):not(:focus){--bs-form-switch-bg: url("data:image/svg+xml,%3csvg xmlns='http://www.w3.org/2000/svg' viewBox='-4 -4 8 8'%3e%3ccircle r='3' fill='rgba%28255, 255, 255, 0.25%29'/%3e%3c/svg%3e")}.form-range{width:100%;height:1.5rem;padding:0;-webkit-appearance:none;-moz-appearance:none;appearance:none;background-color:transparent}.form-range:focus{outline:0}.form-range:focus::-webkit-slider-thumb{box-shadow:0 0 0 1px #fff,0 0 0 .25rem #0d6efd40}.form-range:focus::-moz-range-thumb{box-shadow:0 0 0 1px #fff,0 0 0 .25rem #0d6efd40}.form-range::-moz-focus-outer{border:0}.form-range::-webkit-slider-thumb{width:1rem;height:1rem;margin-top:-.25rem;-webkit-appearance:none;appearance:none;background-color:#0d6efd;border:0;border-radius:1rem;-webkit-transition:background-color .15s ease-in-out,border-color .15s ease-in-out,box-shadow .15s ease-in-out;transition:background-color .15s ease-in-out,border-color .15s ease-in-out,box-shadow .15s ease-in-out}@media (prefers-reduced-motion: reduce){.form-range::-webkit-slider-thumb{-webkit-transition:none;transition:none}}.form-range::-webkit-slider-thumb:active{background-color:#b6d4fe}.form-range::-webkit-slider-runnable-track{width:100%;height:.5rem;color:transparent;cursor:pointer;background-color:var(--bs-secondary-bg);border-color:transparent;border-radius:1rem}.form-range::-moz-range-thumb{width:1rem;height:1rem;-moz-appearance:none;appearance:none;background-color:#0d6efd;border:0;border-radius:1rem;-moz-transition:background-color .15s ease-in-out,border-color .15s ease-in-out,box-shadow .15s ease-in-out;transition:background-color .15s ease-in-out,border-color .15s ease-in-out,box-shadow .15s ease-in-out}@media (prefers-reduced-motion: reduce){.form-range::-moz-range-thumb{-moz-transition:none;transition:none}}.form-range::-moz-range-thumb:active{background-color:#b6d4fe}.form-range::-moz-range-track{width:100%;height:.5rem;color:transparent;cursor:pointer;background-color:var(--bs-secondary-bg);border-color:transparent;border-radius:1rem}.form-range:disabled{pointer-events:none}.form-range:disabled::-webkit-slider-thumb{background-color:var(--bs-secondary-color)}.form-range:disabled::-moz-range-thumb{background-color:var(--bs-secondary-color)}.form-floating{position:relative}.form-floating>.form-control,.form-floating>.form-control-plaintext,.form-floating>.form-select{height:calc(3.5rem + calc(var(--bs-border-width) * 2));min-height:calc(3.5rem + calc(var(--bs-border-width) * 2));line-height:1.25}.form-floating>label{position:absolute;top:0;left:0;z-index:2;max-width:100%;height:100%;padding:1rem .75rem;overflow:hidden;color:rgba(var(--bs-body-color-rgb),.65);text-align:start;text-overflow:ellipsis;white-space:nowrap;pointer-events:none;border:var(--bs-border-width) solid transparent;transform-origin:0 0;transition:opacity .1s ease-in-out,transform .1s ease-in-out}@media (prefers-reduced-motion: reduce){.form-floating>label{transition:none}}.form-floating>.form-control,.form-floating>.form-control-plaintext{padding:1rem .75rem}.form-floating>.form-control::placeholder,.form-floating>.form-control-plaintext::placeholder{color:transparent}.form-floating>.form-control:focus,.form-floating>.form-control:not(:placeholder-shown),.form-floating>.form-control-plaintext:focus,.form-floating>.form-control-plaintext:not(:placeholder-shown){padding-top:1.625rem;padding-bottom:.625rem}.form-floating>.form-control:-webkit-autofill,.form-floating>.form-control-plaintext:-webkit-autofill{padding-top:1.625rem;padding-bottom:.625rem}.form-floating>.form-select{padding-top:1.625rem;padding-bottom:.625rem;padding-left:.75rem}.form-floating>.form-control:focus~label,.form-floating>.form-control:not(:placeholder-shown)~label,.form-floating>.form-control-plaintext~label,.form-floating>.form-select~label{transform:scale(.85) translateY(-.5rem) translate(.15rem)}.form-floating>.form-control:-webkit-autofill~label{transform:scale(.85) translateY(-.5rem) translate(.15rem)}.form-floating>textarea:focus~label:after,.form-floating>textarea:not(:placeholder-shown)~label:after{position:absolute;inset:1rem .375rem;z-index:-1;height:1.5em;content:"";background-color:var(--bs-body-bg);border-radius:var(--bs-border-radius)}.form-floating>textarea:disabled~label:after{background-color:var(--bs-secondary-bg)}.form-floating>.form-control-plaintext~label{border-width:var(--bs-border-width) 0}.form-floating>:disabled~label,.form-floating>.form-control:disabled~label{color:#6c757d}.input-group{position:relative;display:flex;flex-wrap:wrap;align-items:stretch;width:100%}.input-group>.form-control,.input-group>.form-select,.input-group>.form-floating{position:relative;flex:1 1 auto;width:1%;min-width:0}.input-group>.form-control:focus,.input-group>.form-select:focus,.input-group>.form-floating:focus-within{z-index:5}.input-group .btn{position:relative;z-index:2}.input-group .btn:focus{z-index:5}.input-group-text{display:flex;align-items:center;padding:.375rem .75rem;font-size:1rem;font-weight:400;line-height:1.5;color:var(--bs-body-color);text-align:center;white-space:nowrap;background-color:var(--bs-tertiary-bg);border:var(--bs-border-width) solid var(--bs-border-color);border-radius:var(--bs-border-radius)}.input-group-lg>.form-control,.input-group-lg>.form-select,.input-group-lg>.input-group-text,.input-group-lg>.btn{padding:.5rem 1rem;font-size:1.25rem;border-radius:var(--bs-border-radius-lg)}.input-group-sm>.form-control,.input-group-sm>.form-select,.input-group-sm>.input-group-text,.input-group-sm>.btn{padding:.25rem .5rem;font-size:.875rem;border-radius:var(--bs-border-radius-sm)}.input-group-lg>.form-select,.input-group-sm>.form-select{padding-right:3rem}.input-group:not(.has-validation)>:not(:last-child):not(.dropdown-toggle):not(.dropdown-menu):not(.form-floating),.input-group:not(.has-validation)>.dropdown-toggle:nth-last-child(n+3),.input-group:not(.has-validation)>.form-floating:not(:last-child)>.form-control,.input-group:not(.has-validation)>.form-floating:not(:last-child)>.form-select{border-top-right-radius:0;border-bottom-right-radius:0}.input-group.has-validation>:nth-last-child(n+3):not(.dropdown-toggle):not(.dropdown-menu):not(.form-floating),.input-group.has-validation>.dropdown-toggle:nth-last-child(n+4),.input-group.has-validation>.form-floating:nth-last-child(n+3)>.form-control,.input-group.has-validation>.form-floating:nth-last-child(n+3)>.form-select{border-top-right-radius:0;border-bottom-right-radius:0}.input-group>:not(:first-child):not(.dropdown-menu):not(.valid-tooltip):not(.valid-feedback):not(.invalid-tooltip):not(.invalid-feedback){margin-left:calc(-1 * var(--bs-border-width));border-top-left-radius:0;border-bottom-left-radius:0}.input-group>.form-floating:not(:first-child)>.form-control,.input-group>.form-floating:not(:first-child)>.form-select{border-top-left-radius:0;border-bottom-left-radius:0}.valid-feedback{display:none;width:100%;margin-top:.25rem;font-size:.875em;color:var(--bs-form-valid-color)}.valid-tooltip{position:absolute;top:100%;z-index:5;display:none;max-width:100%;padding:.25rem .5rem;margin-top:.1rem;font-size:.875rem;color:#fff;background-color:var(--bs-success);border-radius:var(--bs-border-radius)}.was-validated :valid~.valid-feedback,.was-validated :valid~.valid-tooltip,.is-valid~.valid-feedback,.is-valid~.valid-tooltip{display:block}.was-validated .form-control:valid,.form-control.is-valid{border-color:var(--bs-form-valid-border-color);padding-right:calc(1.5em + .75rem);background-image:url("data:image/svg+xml,%3csvg xmlns='http://www.w3.org/2000/svg' viewBox='0 0 8 8'%3e%3cpath fill='%23198754' d='M2.3 6.73.6 4.53c-.4-1.04.46-1.4 1.1-.8l1.1 1.4 3.4-3.8c.6-.63 1.6-.27 1.2.7l-4 4.6c-.43.5-.8.4-1.1.1'/%3e%3c/svg%3e");background-repeat:no-repeat;background-position:right calc(.375em + .1875rem) center;background-size:calc(.75em + .375rem) calc(.75em + .375rem)}.was-validated .form-control:valid:focus,.form-control.is-valid:focus{border-color:var(--bs-form-valid-border-color);box-shadow:0 0 0 .25rem rgba(var(--bs-success-rgb),.25)}.was-validated textarea.form-control:valid,textarea.form-control.is-valid{padding-right:calc(1.5em + .75rem);background-position:top calc(.375em + .1875rem) right calc(.375em + .1875rem)}.was-validated .form-select:valid,.form-select.is-valid{border-color:var(--bs-form-valid-border-color)}.was-validated .form-select:valid:not([multiple]):not([size]),.was-validated .form-select:valid:not([multiple])[size="1"],.form-select.is-valid:not([multiple]):not([size]),.form-select.is-valid:not([multiple])[size="1"]{--bs-form-select-bg-icon: url("data:image/svg+xml,%3csvg xmlns='http://www.w3.org/2000/svg' viewBox='0 0 8 8'%3e%3cpath fill='%23198754' d='M2.3 6.73.6 4.53c-.4-1.04.46-1.4 1.1-.8l1.1 1.4 3.4-3.8c.6-.63 1.6-.27 1.2.7l-4 4.6c-.43.5-.8.4-1.1.1'/%3e%3c/svg%3e");padding-right:4.125rem;background-position:right .75rem center,center right 2.25rem;background-size:16px 12px,calc(.75em + .375rem) calc(.75em + .375rem)}.was-validated .form-select:valid:focus,.form-select.is-valid:focus{border-color:var(--bs-form-valid-border-color);box-shadow:0 0 0 .25rem rgba(var(--bs-success-rgb),.25)}.was-validated .form-control-color:valid,.form-control-color.is-valid{width:calc(3.75rem + 1.5em)}.was-validated .form-check-input:valid,.form-check-input.is-valid{border-color:var(--bs-form-valid-border-color)}.was-validated .form-check-input:valid:checked,.form-check-input.is-valid:checked{background-color:var(--bs-form-valid-color)}.was-validated .form-check-input:valid:focus,.form-check-input.is-valid:focus{box-shadow:0 0 0 .25rem rgba(var(--bs-success-rgb),.25)}.was-validated .form-check-input:valid~.form-check-label,.form-check-input.is-valid~.form-check-label{color:var(--bs-form-valid-color)}.form-check-inline .form-check-input~.valid-feedback{margin-left:.5em}.was-validated .input-group>.form-control:not(:focus):valid,.input-group>.form-control:not(:focus).is-valid,.was-validated .input-group>.form-select:not(:focus):valid,.input-group>.form-select:not(:focus).is-valid,.was-validated .input-group>.form-floating:not(:focus-within):valid,.input-group>.form-floating:not(:focus-within).is-valid{z-index:3}.invalid-feedback{display:none;width:100%;margin-top:.25rem;font-size:.875em;color:var(--bs-form-invalid-color)}.invalid-tooltip{position:absolute;top:100%;z-index:5;display:none;max-width:100%;padding:.25rem .5rem;margin-top:.1rem;font-size:.875rem;color:#fff;background-color:var(--bs-danger);border-radius:var(--bs-border-radius)}.was-validated :invalid~.invalid-feedback,.was-validated :invalid~.invalid-tooltip,.is-invalid~.invalid-feedback,.is-invalid~.invalid-tooltip{display:block}.was-validated .form-control:invalid,.form-control.is-invalid{border-color:var(--bs-form-invalid-border-color);padding-right:calc(1.5em + .75rem);background-image:url("data:image/svg+xml,%3csvg xmlns='http://www.w3.org/2000/svg' viewBox='0 0 12 12' width='12' height='12' fill='none' stroke='%23dc3545'%3e%3ccircle cx='6' cy='6' r='4.5'/%3e%3cpath stroke-linejoin='round' d='M5.8 3.6h.4L6 6.5z'/%3e%3ccircle cx='6' cy='8.2' r='.6' fill='%23dc3545' stroke='none'/%3e%3c/svg%3e");background-repeat:no-repeat;background-position:right calc(.375em + .1875rem) center;background-size:calc(.75em + .375rem) calc(.75em + .375rem)}.was-validated .form-control:invalid:focus,.form-control.is-invalid:focus{border-color:var(--bs-form-invalid-border-color);box-shadow:0 0 0 .25rem rgba(var(--bs-danger-rgb),.25)}.was-validated textarea.form-control:invalid,textarea.form-control.is-invalid{padding-right:calc(1.5em + .75rem);background-position:top calc(.375em + .1875rem) right calc(.375em + .1875rem)}.was-validated .form-select:invalid,.form-select.is-invalid{border-color:var(--bs-form-invalid-border-color)}.was-validated .form-select:invalid:not([multiple]):not([size]),.was-validated .form-select:invalid:not([multiple])[size="1"],.form-select.is-invalid:not([multiple]):not([size]),.form-select.is-invalid:not([multiple])[size="1"]{--bs-form-select-bg-icon: url("data:image/svg+xml,%3csvg xmlns='http://www.w3.org/2000/svg' viewBox='0 0 12 12' width='12' height='12' fill='none' stroke='%23dc3545'%3e%3ccircle cx='6' cy='6' r='4.5'/%3e%3cpath stroke-linejoin='round' d='M5.8 3.6h.4L6 6.5z'/%3e%3ccircle cx='6' cy='8.2' r='.6' fill='%23dc3545' stroke='none'/%3e%3c/svg%3e");padding-right:4.125rem;background-position:right .75rem center,center right 2.25rem;background-size:16px 12px,calc(.75em + .375rem) calc(.75em + .375rem)}.was-validated .form-select:invalid:focus,.form-select.is-invalid:focus{border-color:var(--bs-form-invalid-border-color);box-shadow:0 0 0 .25rem rgba(var(--bs-danger-rgb),.25)}.was-validated .form-control-color:invalid,.form-control-color.is-invalid{width:calc(3.75rem + 1.5em)}.was-validated .form-check-input:invalid,.form-check-input.is-invalid{border-color:var(--bs-form-invalid-border-color)}.was-validated .form-check-input:invalid:checked,.form-check-input.is-invalid:checked{background-color:var(--bs-form-invalid-color)}.was-validated .form-check-input:invalid:focus,.form-check-input.is-invalid:focus{box-shadow:0 0 0 .25rem rgba(var(--bs-danger-rgb),.25)}.was-validated .form-check-input:invalid~.form-check-label,.form-check-input.is-invalid~.form-check-label{color:var(--bs-form-invalid-color)}.form-check-inline .form-check-input~.invalid-feedback{margin-left:.5em}.was-validated .input-group>.form-control:not(:focus):invalid,.input-group>.form-control:not(:focus).is-invalid,.was-validated .input-group>.form-select:not(:focus):invalid,.input-group>.form-select:not(:focus).is-invalid,.was-validated .input-group>.form-floating:not(:focus-within):invalid,.input-group>.form-floating:not(:focus-within).is-invalid{z-index:4}.btn{--bs-btn-padding-x: .75rem;--bs-btn-padding-y: .375rem;--bs-btn-font-family: ;--bs-btn-font-size: 1rem;--bs-btn-font-weight: 400;--bs-btn-line-height: 1.5;--bs-btn-color: var(--bs-body-color);--bs-btn-bg: transparent;--bs-btn-border-width: var(--bs-border-width);--bs-btn-border-color: transparent;--bs-btn-border-radius: var(--bs-border-radius);--bs-btn-hover-border-color: transparent;--bs-btn-box-shadow: inset 0 1px 0 rgba(255, 255, 255, .15), 0 1px 1px rgba(0, 0, 0, .075);--bs-btn-disabled-opacity: .65;--bs-btn-focus-box-shadow: 0 0 0 .25rem rgba(var(--bs-btn-focus-shadow-rgb), .5);display:inline-block;padding:var(--bs-btn-padding-y) var(--bs-btn-padding-x);font-family:var(--bs-btn-font-family);font-size:var(--bs-btn-font-size);font-weight:var(--bs-btn-font-weight);line-height:var(--bs-btn-line-height);color:var(--bs-btn-color);text-align:center;text-decoration:none;vertical-align:middle;cursor:pointer;-webkit-user-select:none;-moz-user-select:none;user-select:none;border:var(--bs-btn-border-width) solid var(--bs-btn-border-color);border-radius:var(--bs-btn-border-radius);background-color:var(--bs-btn-bg);transition:color .15s ease-in-out,background-color .15s ease-in-out,border-color .15s ease-in-out,box-shadow .15s ease-in-out}@media (prefers-reduced-motion: reduce){.btn{transition:none}}.btn:hover{color:var(--bs-btn-hover-color);background-color:var(--bs-btn-hover-bg);border-color:var(--bs-btn-hover-border-color)}.btn-check+.btn:hover{color:var(--bs-btn-color);background-color:var(--bs-btn-bg);border-color:var(--bs-btn-border-color)}.btn:focus-visible{color:var(--bs-btn-hover-color);background-color:var(--bs-btn-hover-bg);border-color:var(--bs-btn-hover-border-color);outline:0;box-shadow:var(--bs-btn-focus-box-shadow)}.btn-check:focus-visible+.btn{border-color:var(--bs-btn-hover-border-color);outline:0;box-shadow:var(--bs-btn-focus-box-shadow)}.btn-check:checked+.btn,:not(.btn-check)+.btn:active,.btn:first-child:active,.btn.active,.btn.show{color:var(--bs-btn-active-color);background-color:var(--bs-btn-active-bg);border-color:var(--bs-btn-active-border-color)}.btn-check:checked+.btn:focus-visible,:not(.btn-check)+.btn:active:focus-visible,.btn:first-child:active:focus-visible,.btn.active:focus-visible,.btn.show:focus-visible{box-shadow:var(--bs-btn-focus-box-shadow)}.btn-check:checked:focus-visible+.btn{box-shadow:var(--bs-btn-focus-box-shadow)}.btn:disabled,.btn.disabled,fieldset:disabled .btn{color:var(--bs-btn-disabled-color);pointer-events:none;background-color:var(--bs-btn-disabled-bg);border-color:var(--bs-btn-disabled-border-color);opacity:var(--bs-btn-disabled-opacity)}.btn-primary{--bs-btn-color: #fff;--bs-btn-bg: #0d6efd;--bs-btn-border-color: #0d6efd;--bs-btn-hover-color: #fff;--bs-btn-hover-bg: #0b5ed7;--bs-btn-hover-border-color: #0a58ca;--bs-btn-focus-shadow-rgb: 49, 132, 253;--bs-btn-active-color: #fff;--bs-btn-active-bg: #0a58ca;--bs-btn-active-border-color: #0a53be;--bs-btn-active-shadow: inset 0 3px 5px rgba(0, 0, 0, .125);--bs-btn-disabled-color: #fff;--bs-btn-disabled-bg: #0d6efd;--bs-btn-disabled-border-color: #0d6efd}.btn-secondary{--bs-btn-color: #fff;--bs-btn-bg: #6c757d;--bs-btn-border-color: #6c757d;--bs-btn-hover-color: #fff;--bs-btn-hover-bg: #5c636a;--bs-btn-hover-border-color: #565e64;--bs-btn-focus-shadow-rgb: 130, 138, 145;--bs-btn-active-color: #fff;--bs-btn-active-bg: #565e64;--bs-btn-active-border-color: #51585e;--bs-btn-active-shadow: inset 0 3px 5px rgba(0, 0, 0, .125);--bs-btn-disabled-color: #fff;--bs-btn-disabled-bg: #6c757d;--bs-btn-disabled-border-color: #6c757d}.btn-success{--bs-btn-color: #fff;--bs-btn-bg: #198754;--bs-btn-border-color: #198754;--bs-btn-hover-color: #fff;--bs-btn-hover-bg: #157347;--bs-btn-hover-border-color: #146c43;--bs-btn-focus-shadow-rgb: 60, 153, 110;--bs-btn-active-color: #fff;--bs-btn-active-bg: #146c43;--bs-btn-active-border-color: #13653f;--bs-btn-active-shadow: inset 0 3px 5px rgba(0, 0, 0, .125);--bs-btn-disabled-color: #fff;--bs-btn-disabled-bg: #198754;--bs-btn-disabled-border-color: #198754}.btn-info{--bs-btn-color: #000;--bs-btn-bg: #0dcaf0;--bs-btn-border-color: #0dcaf0;--bs-btn-hover-color: #000;--bs-btn-hover-bg: #31d2f2;--bs-btn-hover-border-color: #25cff2;--bs-btn-focus-shadow-rgb: 11, 172, 204;--bs-btn-active-color: #000;--bs-btn-active-bg: #3dd5f3;--bs-btn-active-border-color: #25cff2;--bs-btn-active-shadow: inset 0 3px 5px rgba(0, 0, 0, .125);--bs-btn-disabled-color: #000;--bs-btn-disabled-bg: #0dcaf0;--bs-btn-disabled-border-color: #0dcaf0}.btn-warning{--bs-btn-color: #000;--bs-btn-bg: #ffc107;--bs-btn-border-color: #ffc107;--bs-btn-hover-color: #000;--bs-btn-hover-bg: #ffca2c;--bs-btn-hover-border-color: #ffc720;--bs-btn-focus-shadow-rgb: 217, 164, 6;--bs-btn-active-color: #000;--bs-btn-active-bg: #ffcd39;--bs-btn-active-border-color: #ffc720;--bs-btn-active-shadow: inset 0 3px 5px rgba(0, 0, 0, .125);--bs-btn-disabled-color: #000;--bs-btn-disabled-bg: #ffc107;--bs-btn-disabled-border-color: #ffc107}.btn-danger{--bs-btn-color: #fff;--bs-btn-bg: #dc3545;--bs-btn-border-color: #dc3545;--bs-btn-hover-color: #fff;--bs-btn-hover-bg: #bb2d3b;--bs-btn-hover-border-color: #b02a37;--bs-btn-focus-shadow-rgb: 225, 83, 97;--bs-btn-active-color: #fff;--bs-btn-active-bg: #b02a37;--bs-btn-active-border-color: #a52834;--bs-btn-active-shadow: inset 0 3px 5px rgba(0, 0, 0, .125);--bs-btn-disabled-color: #fff;--bs-btn-disabled-bg: #dc3545;--bs-btn-disabled-border-color: #dc3545}.btn-light{--bs-btn-color: #000;--bs-btn-bg: #f8f9fa;--bs-btn-border-color: #f8f9fa;--bs-btn-hover-color: #000;--bs-btn-hover-bg: #d3d4d5;--bs-btn-hover-border-color: #c6c7c8;--bs-btn-focus-shadow-rgb: 211, 212, 213;--bs-btn-active-color: #000;--bs-btn-active-bg: #c6c7c8;--bs-btn-active-border-color: #babbbc;--bs-btn-active-shadow: inset 0 3px 5px rgba(0, 0, 0, .125);--bs-btn-disabled-color: #000;--bs-btn-disabled-bg: #f8f9fa;--bs-btn-disabled-border-color: #f8f9fa}.btn-dark{--bs-btn-color: #fff;--bs-btn-bg: #212529;--bs-btn-border-color: #212529;--bs-btn-hover-color: #fff;--bs-btn-hover-bg: #424649;--bs-btn-hover-border-color: #373b3e;--bs-btn-focus-shadow-rgb: 66, 70, 73;--bs-btn-active-color: #fff;--bs-btn-active-bg: #4d5154;--bs-btn-active-border-color: #373b3e;--bs-btn-active-shadow: inset 0 3px 5px rgba(0, 0, 0, .125);--bs-btn-disabled-color: #fff;--bs-btn-disabled-bg: #212529;--bs-btn-disabled-border-color: #212529}.btn-outline-primary{--bs-btn-color: #0d6efd;--bs-btn-border-color: #0d6efd;--bs-btn-hover-color: #fff;--bs-btn-hover-bg: #0d6efd;--bs-btn-hover-border-color: #0d6efd;--bs-btn-focus-shadow-rgb: 13, 110, 253;--bs-btn-active-color: #fff;--bs-btn-active-bg: #0d6efd;--bs-btn-active-border-color: #0d6efd;--bs-btn-active-shadow: inset 0 3px 5px rgba(0, 0, 0, .125);--bs-btn-disabled-color: #0d6efd;--bs-btn-disabled-bg: transparent;--bs-btn-disabled-border-color: #0d6efd;--bs-gradient: none}.btn-outline-secondary{--bs-btn-color: #6c757d;--bs-btn-border-color: #6c757d;--bs-btn-hover-color: #fff;--bs-btn-hover-bg: #6c757d;--bs-btn-hover-border-color: #6c757d;--bs-btn-focus-shadow-rgb: 108, 117, 125;--bs-btn-active-color: #fff;--bs-btn-active-bg: #6c757d;--bs-btn-active-border-color: #6c757d;--bs-btn-active-shadow: inset 0 3px 5px rgba(0, 0, 0, .125);--bs-btn-disabled-color: #6c757d;--bs-btn-disabled-bg: transparent;--bs-btn-disabled-border-color: #6c757d;--bs-gradient: none}.btn-outline-success{--bs-btn-color: #198754;--bs-btn-border-color: #198754;--bs-btn-hover-color: #fff;--bs-btn-hover-bg: #198754;--bs-btn-hover-border-color: #198754;--bs-btn-focus-shadow-rgb: 25, 135, 84;--bs-btn-active-color: #fff;--bs-btn-active-bg: #198754;--bs-btn-active-border-color: #198754;--bs-btn-active-shadow: inset 0 3px 5px rgba(0, 0, 0, .125);--bs-btn-disabled-color: #198754;--bs-btn-disabled-bg: transparent;--bs-btn-disabled-border-color: #198754;--bs-gradient: none}.btn-outline-info{--bs-btn-color: #0dcaf0;--bs-btn-border-color: #0dcaf0;--bs-btn-hover-color: #000;--bs-btn-hover-bg: #0dcaf0;--bs-btn-hover-border-color: #0dcaf0;--bs-btn-focus-shadow-rgb: 13, 202, 240;--bs-btn-active-color: #000;--bs-btn-active-bg: #0dcaf0;--bs-btn-active-border-color: #0dcaf0;--bs-btn-active-shadow: inset 0 3px 5px rgba(0, 0, 0, .125);--bs-btn-disabled-color: #0dcaf0;--bs-btn-disabled-bg: transparent;--bs-btn-disabled-border-color: #0dcaf0;--bs-gradient: none}.btn-outline-warning{--bs-btn-color: #ffc107;--bs-btn-border-color: #ffc107;--bs-btn-hover-color: #000;--bs-btn-hover-bg: #ffc107;--bs-btn-hover-border-color: #ffc107;--bs-btn-focus-shadow-rgb: 255, 193, 7;--bs-btn-active-color: #000;--bs-btn-active-bg: #ffc107;--bs-btn-active-border-color: #ffc107;--bs-btn-active-shadow: inset 0 3px 5px rgba(0, 0, 0, .125);--bs-btn-disabled-color: #ffc107;--bs-btn-disabled-bg: transparent;--bs-btn-disabled-border-color: #ffc107;--bs-gradient: none}.btn-outline-danger{--bs-btn-color: #dc3545;--bs-btn-border-color: #dc3545;--bs-btn-hover-color: #fff;--bs-btn-hover-bg: #dc3545;--bs-btn-hover-border-color: #dc3545;--bs-btn-focus-shadow-rgb: 220, 53, 69;--bs-btn-active-color: #fff;--bs-btn-active-bg: #dc3545;--bs-btn-active-border-color: #dc3545;--bs-btn-active-shadow: inset 0 3px 5px rgba(0, 0, 0, .125);--bs-btn-disabled-color: #dc3545;--bs-btn-disabled-bg: transparent;--bs-btn-disabled-border-color: #dc3545;--bs-gradient: none}.btn-outline-light{--bs-btn-color: #f8f9fa;--bs-btn-border-color: #f8f9fa;--bs-btn-hover-color: #000;--bs-btn-hover-bg: #f8f9fa;--bs-btn-hover-border-color: #f8f9fa;--bs-btn-focus-shadow-rgb: 248, 249, 250;--bs-btn-active-color: #000;--bs-btn-active-bg: #f8f9fa;--bs-btn-active-border-color: #f8f9fa;--bs-btn-active-shadow: inset 0 3px 5px rgba(0, 0, 0, .125);--bs-btn-disabled-color: #f8f9fa;--bs-btn-disabled-bg: transparent;--bs-btn-disabled-border-color: #f8f9fa;--bs-gradient: none}.btn-outline-dark{--bs-btn-color: #212529;--bs-btn-border-color: #212529;--bs-btn-hover-color: #fff;--bs-btn-hover-bg: #212529;--bs-btn-hover-border-color: #212529;--bs-btn-focus-shadow-rgb: 33, 37, 41;--bs-btn-active-color: #fff;--bs-btn-active-bg: #212529;--bs-btn-active-border-color: #212529;--bs-btn-active-shadow: inset 0 3px 5px rgba(0, 0, 0, .125);--bs-btn-disabled-color: #212529;--bs-btn-disabled-bg: transparent;--bs-btn-disabled-border-color: #212529;--bs-gradient: none}.btn-link{--bs-btn-font-weight: 400;--bs-btn-color: var(--bs-link-color);--bs-btn-bg: transparent;--bs-btn-border-color: transparent;--bs-btn-hover-color: var(--bs-link-hover-color);--bs-btn-hover-border-color: transparent;--bs-btn-active-color: var(--bs-link-hover-color);--bs-btn-active-border-color: transparent;--bs-btn-disabled-color: #6c757d;--bs-btn-disabled-border-color: transparent;--bs-btn-box-shadow: 0 0 0 #000;--bs-btn-focus-shadow-rgb: 49, 132, 253;text-decoration:underline}.btn-link:focus-visible{color:var(--bs-btn-color)}.btn-link:hover{color:var(--bs-btn-hover-color)}.btn-lg,.btn-group-lg>.btn{--bs-btn-padding-y: .5rem;--bs-btn-padding-x: 1rem;--bs-btn-font-size: 1.25rem;--bs-btn-border-radius: var(--bs-border-radius-lg)}.btn-sm,.btn-group-sm>.btn{--bs-btn-padding-y: .25rem;--bs-btn-padding-x: .5rem;--bs-btn-font-size: .875rem;--bs-btn-border-radius: var(--bs-border-radius-sm)}.fade{transition:opacity .15s linear}@media (prefers-reduced-motion: reduce){.fade{transition:none}}.fade:not(.show){opacity:0}.collapse:not(.show){display:none}.collapsing{height:0;overflow:hidden;transition:height .35s ease}@media (prefers-reduced-motion: reduce){.collapsing{transition:none}}.collapsing.collapse-horizontal{width:0;height:auto;transition:width .35s ease}@media (prefers-reduced-motion: reduce){.collapsing.collapse-horizontal{transition:none}}.dropup,.dropend,.dropdown,.dropstart,.dropup-center,.dropdown-center{position:relative}.dropdown-toggle{white-space:nowrap}.dropdown-toggle:after{display:inline-block;margin-left:.255em;vertical-align:.255em;content:"";border-top:.3em solid;border-right:.3em solid transparent;border-bottom:0;border-left:.3em solid transparent}.dropdown-toggle:empty:after{margin-left:0}.dropdown-menu{--bs-dropdown-zindex: 1000;--bs-dropdown-min-width: 10rem;--bs-dropdown-padding-x: 0;--bs-dropdown-padding-y: .5rem;--bs-dropdown-spacer: .125rem;--bs-dropdown-font-size: 1rem;--bs-dropdown-color: var(--bs-body-color);--bs-dropdown-bg: var(--bs-body-bg);--bs-dropdown-border-color: var(--bs-border-color-translucent);--bs-dropdown-border-radius: var(--bs-border-radius);--bs-dropdown-border-width: var(--bs-border-width);--bs-dropdown-inner-border-radius: calc(var(--bs-border-radius) - var(--bs-border-width));--bs-dropdown-divider-bg: var(--bs-border-color-translucent);--bs-dropdown-divider-margin-y: .5rem;--bs-dropdown-box-shadow: var(--bs-box-shadow);--bs-dropdown-link-color: var(--bs-body-color);--bs-dropdown-link-hover-color: var(--bs-body-color);--bs-dropdown-link-hover-bg: var(--bs-tertiary-bg);--bs-dropdown-link-active-color: #fff;--bs-dropdown-link-active-bg: #0d6efd;--bs-dropdown-link-disabled-color: var(--bs-tertiary-color);--bs-dropdown-item-padding-x: 1rem;--bs-dropdown-item-padding-y: .25rem;--bs-dropdown-header-color: #6c757d;--bs-dropdown-header-padding-x: 1rem;--bs-dropdown-header-padding-y: .5rem;position:absolute;z-index:var(--bs-dropdown-zindex);display:none;min-width:var(--bs-dropdown-min-width);padding:var(--bs-dropdown-padding-y) var(--bs-dropdown-padding-x);margin:0;font-size:var(--bs-dropdown-font-size);color:var(--bs-dropdown-color);text-align:left;list-style:none;background-color:var(--bs-dropdown-bg);background-clip:padding-box;border:var(--bs-dropdown-border-width) solid var(--bs-dropdown-border-color);border-radius:var(--bs-dropdown-border-radius)}.dropdown-menu[data-bs-popper]{top:100%;left:0;margin-top:var(--bs-dropdown-spacer)}.dropdown-menu-start{--bs-position: start}.dropdown-menu-start[data-bs-popper]{right:auto;left:0}.dropdown-menu-end{--bs-position: end}.dropdown-menu-end[data-bs-popper]{right:0;left:auto}@media (min-width: 576px){.dropdown-menu-sm-start{--bs-position: start}.dropdown-menu-sm-start[data-bs-popper]{right:auto;left:0}.dropdown-menu-sm-end{--bs-position: end}.dropdown-menu-sm-end[data-bs-popper]{right:0;left:auto}}@media (min-width: 768px){.dropdown-menu-md-start{--bs-position: start}.dropdown-menu-md-start[data-bs-popper]{right:auto;left:0}.dropdown-menu-md-end{--bs-position: end}.dropdown-menu-md-end[data-bs-popper]{right:0;left:auto}}@media (min-width: 992px){.dropdown-menu-lg-start{--bs-position: start}.dropdown-menu-lg-start[data-bs-popper]{right:auto;left:0}.dropdown-menu-lg-end{--bs-position: end}.dropdown-menu-lg-end[data-bs-popper]{right:0;left:auto}}@media (min-width: 1200px){.dropdown-menu-xl-start{--bs-position: start}.dropdown-menu-xl-start[data-bs-popper]{right:auto;left:0}.dropdown-menu-xl-end{--bs-position: end}.dropdown-menu-xl-end[data-bs-popper]{right:0;left:auto}}@media (min-width: 1400px){.dropdown-menu-xxl-start{--bs-position: start}.dropdown-menu-xxl-start[data-bs-popper]{right:auto;left:0}.dropdown-menu-xxl-end{--bs-position: end}.dropdown-menu-xxl-end[data-bs-popper]{right:0;left:auto}}.dropup .dropdown-menu[data-bs-popper]{top:auto;bottom:100%;margin-top:0;margin-bottom:var(--bs-dropdown-spacer)}.dropup .dropdown-toggle:after{display:inline-block;margin-left:.255em;vertical-align:.255em;content:"";border-top:0;border-right:.3em solid transparent;border-bottom:.3em solid;border-left:.3em solid transparent}.dropup .dropdown-toggle:empty:after{margin-left:0}.dropend .dropdown-menu[data-bs-popper]{top:0;right:auto;left:100%;margin-top:0;margin-left:var(--bs-dropdown-spacer)}.dropend .dropdown-toggle:after{display:inline-block;margin-left:.255em;vertical-align:.255em;content:"";border-top:.3em solid transparent;border-right:0;border-bottom:.3em solid transparent;border-left:.3em solid}.dropend .dropdown-toggle:empty:after{margin-left:0}.dropend .dropdown-toggle:after{vertical-align:0}.dropstart .dropdown-menu[data-bs-popper]{top:0;right:100%;left:auto;margin-top:0;margin-right:var(--bs-dropdown-spacer)}.dropstart .dropdown-toggle:after{display:inline-block;margin-left:.255em;vertical-align:.255em;content:""}.dropstart .dropdown-toggle:after{display:none}.dropstart .dropdown-toggle:before{display:inline-block;margin-right:.255em;vertical-align:.255em;content:"";border-top:.3em solid transparent;border-right:.3em solid;border-bottom:.3em solid transparent}.dropstart .dropdown-toggle:empty:after{margin-left:0}.dropstart .dropdown-toggle:before{vertical-align:0}.dropdown-divider{height:0;margin:var(--bs-dropdown-divider-margin-y) 0;overflow:hidden;border-top:1px solid var(--bs-dropdown-divider-bg);opacity:1}.dropdown-item{display:block;width:100%;padding:var(--bs-dropdown-item-padding-y) var(--bs-dropdown-item-padding-x);clear:both;font-weight:400;color:var(--bs-dropdown-link-color);text-align:inherit;text-decoration:none;white-space:nowrap;background-color:transparent;border:0;border-radius:var(--bs-dropdown-item-border-radius, 0)}.dropdown-item:hover,.dropdown-item:focus{color:var(--bs-dropdown-link-hover-color);background-color:var(--bs-dropdown-link-hover-bg)}.dropdown-item.active,.dropdown-item:active{color:var(--bs-dropdown-link-active-color);text-decoration:none;background-color:var(--bs-dropdown-link-active-bg)}.dropdown-item.disabled,.dropdown-item:disabled{color:var(--bs-dropdown-link-disabled-color);pointer-events:none;background-color:transparent}.dropdown-menu.show{display:block}.dropdown-header{display:block;padding:var(--bs-dropdown-header-padding-y) var(--bs-dropdown-header-padding-x);margin-bottom:0;font-size:.875rem;color:var(--bs-dropdown-header-color);white-space:nowrap}.dropdown-item-text{display:block;padding:var(--bs-dropdown-item-padding-y) var(--bs-dropdown-item-padding-x);color:var(--bs-dropdown-link-color)}.dropdown-menu-dark{--bs-dropdown-color: #dee2e6;--bs-dropdown-bg: #343a40;--bs-dropdown-border-color: var(--bs-border-color-translucent);--bs-dropdown-box-shadow: ;--bs-dropdown-link-color: #dee2e6;--bs-dropdown-link-hover-color: #fff;--bs-dropdown-divider-bg: var(--bs-border-color-translucent);--bs-dropdown-link-hover-bg: rgba(255, 255, 255, .15);--bs-dropdown-link-active-color: #fff;--bs-dropdown-link-active-bg: #0d6efd;--bs-dropdown-link-disabled-color: #adb5bd;--bs-dropdown-header-color: #adb5bd}.btn-group,.btn-group-vertical{position:relative;display:inline-flex;vertical-align:middle}.btn-group>.btn,.btn-group-vertical>.btn{position:relative;flex:1 1 auto}.btn-group>.btn-check:checked+.btn,.btn-group>.btn-check:focus+.btn,.btn-group>.btn:hover,.btn-group>.btn:focus,.btn-group>.btn:active,.btn-group>.btn.active,.btn-group-vertical>.btn-check:checked+.btn,.btn-group-vertical>.btn-check:focus+.btn,.btn-group-vertical>.btn:hover,.btn-group-vertical>.btn:focus,.btn-group-vertical>.btn:active,.btn-group-vertical>.btn.active{z-index:1}.btn-toolbar{display:flex;flex-wrap:wrap;justify-content:flex-start}.btn-toolbar .input-group{width:auto}.btn-group{border-radius:var(--bs-border-radius)}.btn-group>:not(.btn-check:first-child)+.btn,.btn-group>.btn-group:not(:first-child){margin-left:calc(-1 * var(--bs-border-width))}.btn-group>.btn:not(:last-child):not(.dropdown-toggle),.btn-group>.btn.dropdown-toggle-split:first-child,.btn-group>.btn-group:not(:last-child)>.btn{border-top-right-radius:0;border-bottom-right-radius:0}.btn-group>.btn:nth-child(n+3),.btn-group>:not(.btn-check)+.btn,.btn-group>.btn-group:not(:first-child)>.btn{border-top-left-radius:0;border-bottom-left-radius:0}.dropdown-toggle-split{padding-right:.5625rem;padding-left:.5625rem}.dropdown-toggle-split:after,.dropup .dropdown-toggle-split:after,.dropend .dropdown-toggle-split:after{margin-left:0}.dropstart .dropdown-toggle-split:before{margin-right:0}.btn-sm+.dropdown-toggle-split,.btn-group-sm>.btn+.dropdown-toggle-split{padding-right:.375rem;padding-left:.375rem}.btn-lg+.dropdown-toggle-split,.btn-group-lg>.btn+.dropdown-toggle-split{padding-right:.75rem;padding-left:.75rem}.btn-group-vertical{flex-direction:column;align-items:flex-start;justify-content:center}.btn-group-vertical>.btn,.btn-group-vertical>.btn-group{width:100%}.btn-group-vertical>.btn:not(:first-child),.btn-group-vertical>.btn-group:not(:first-child){margin-top:calc(-1 * var(--bs-border-width))}.btn-group-vertical>.btn:not(:last-child):not(.dropdown-toggle),.btn-group-vertical>.btn-group:not(:last-child)>.btn{border-bottom-right-radius:0;border-bottom-left-radius:0}.btn-group-vertical>.btn:nth-child(n+3),.btn-group-vertical>:not(.btn-check)+.btn,.btn-group-vertical>.btn-group:not(:first-child)>.btn{border-top-left-radius:0;border-top-right-radius:0}.nav{--bs-nav-link-padding-x: 1rem;--bs-nav-link-padding-y: .5rem;--bs-nav-link-font-weight: ;--bs-nav-link-color: var(--bs-link-color);--bs-nav-link-hover-color: var(--bs-link-hover-color);--bs-nav-link-disabled-color: var(--bs-secondary-color);display:flex;flex-wrap:wrap;padding-left:0;margin-bottom:0;list-style:none}.nav-link{display:block;padding:var(--bs-nav-link-padding-y) var(--bs-nav-link-padding-x);font-size:var(--bs-nav-link-font-size);font-weight:var(--bs-nav-link-font-weight);color:var(--bs-nav-link-color);text-decoration:none;background:none;border:0;transition:color .15s ease-in-out,background-color .15s ease-in-out,border-color .15s ease-in-out}@media (prefers-reduced-motion: reduce){.nav-link{transition:none}}.nav-link:hover,.nav-link:focus{color:var(--bs-nav-link-hover-color)}.nav-link:focus-visible{outline:0;box-shadow:0 0 0 .25rem #0d6efd40}.nav-link.disabled,.nav-link:disabled{color:var(--bs-nav-link-disabled-color);pointer-events:none;cursor:default}.nav-tabs{--bs-nav-tabs-border-width: var(--bs-border-width);--bs-nav-tabs-border-color: var(--bs-border-color);--bs-nav-tabs-border-radius: var(--bs-border-radius);--bs-nav-tabs-link-hover-border-color: var(--bs-secondary-bg) var(--bs-secondary-bg) var(--bs-border-color);--bs-nav-tabs-link-active-color: var(--bs-emphasis-color);--bs-nav-tabs-link-active-bg: var(--bs-body-bg);--bs-nav-tabs-link-active-border-color: var(--bs-border-color) var(--bs-border-color) var(--bs-body-bg);border-bottom:var(--bs-nav-tabs-border-width) solid var(--bs-nav-tabs-border-color)}.nav-tabs .nav-link{margin-bottom:calc(-1 * var(--bs-nav-tabs-border-width));border:var(--bs-nav-tabs-border-width) solid transparent;border-top-left-radius:var(--bs-nav-tabs-border-radius);border-top-right-radius:var(--bs-nav-tabs-border-radius)}.nav-tabs .nav-link:hover,.nav-tabs .nav-link:focus{isolation:isolate;border-color:var(--bs-nav-tabs-link-hover-border-color)}.nav-tabs .nav-link.active,.nav-tabs .nav-item.show .nav-link{color:var(--bs-nav-tabs-link-active-color);background-color:var(--bs-nav-tabs-link-active-bg);border-color:var(--bs-nav-tabs-link-active-border-color)}.nav-tabs .dropdown-menu{margin-top:calc(-1 * var(--bs-nav-tabs-border-width));border-top-left-radius:0;border-top-right-radius:0}.nav-pills{--bs-nav-pills-border-radius: var(--bs-border-radius);--bs-nav-pills-link-active-color: #fff;--bs-nav-pills-link-active-bg: #0d6efd}.nav-pills .nav-link{border-radius:var(--bs-nav-pills-border-radius)}.nav-pills .nav-link.active,.nav-pills .show>.nav-link{color:var(--bs-nav-pills-link-active-color);background-color:var(--bs-nav-pills-link-active-bg)}.nav-underline{--bs-nav-underline-gap: 1rem;--bs-nav-underline-border-width: .125rem;--bs-nav-underline-link-active-color: var(--bs-emphasis-color);gap:var(--bs-nav-underline-gap)}.nav-underline .nav-link{padding-right:0;padding-left:0;border-bottom:var(--bs-nav-underline-border-width) solid transparent}.nav-underline .nav-link:hover,.nav-underline .nav-link:focus{border-bottom-color:currentcolor}.nav-underline .nav-link.active,.nav-underline .show>.nav-link{font-weight:700;color:var(--bs-nav-underline-link-active-color);border-bottom-color:currentcolor}.nav-fill>.nav-link,.nav-fill .nav-item{flex:1 1 auto;text-align:center}.nav-justified>.nav-link,.nav-justified .nav-item{flex-grow:1;flex-basis:0;text-align:center}.nav-fill .nav-item .nav-link,.nav-justified .nav-item .nav-link{width:100%}.tab-content>.tab-pane{display:none}.tab-content>.active{display:block}.navbar{--bs-navbar-padding-x: 0;--bs-navbar-padding-y: .5rem;--bs-navbar-color: rgba(var(--bs-emphasis-color-rgb), .65);--bs-navbar-hover-color: rgba(var(--bs-emphasis-color-rgb), .8);--bs-navbar-disabled-color: rgba(var(--bs-emphasis-color-rgb), .3);--bs-navbar-active-color: rgba(var(--bs-emphasis-color-rgb), 1);--bs-navbar-brand-padding-y: .3125rem;--bs-navbar-brand-margin-end: 1rem;--bs-navbar-brand-font-size: 1.25rem;--bs-navbar-brand-color: rgba(var(--bs-emphasis-color-rgb), 1);--bs-navbar-brand-hover-color: rgba(var(--bs-emphasis-color-rgb), 1);--bs-navbar-nav-link-padding-x: .5rem;--bs-navbar-toggler-padding-y: .25rem;--bs-navbar-toggler-padding-x: .75rem;--bs-navbar-toggler-font-size: 1.25rem;--bs-navbar-toggler-icon-bg: url("data:image/svg+xml,%3csvg xmlns='http://www.w3.org/2000/svg' viewBox='0 0 30 30'%3e%3cpath stroke='rgba%2833, 37, 41, 0.75%29' stroke-linecap='round' stroke-miterlimit='10' stroke-width='2' d='M4 7h22M4 15h22M4 23h22'/%3e%3c/svg%3e");--bs-navbar-toggler-border-color: rgba(var(--bs-emphasis-color-rgb), .15);--bs-navbar-toggler-border-radius: var(--bs-border-radius);--bs-navbar-toggler-focus-width: .25rem;--bs-navbar-toggler-transition: box-shadow .15s ease-in-out;position:relative;display:flex;flex-wrap:wrap;align-items:center;justify-content:space-between;padding:var(--bs-navbar-padding-y) var(--bs-navbar-padding-x)}.navbar>.container,.navbar>.container-fluid,.navbar>.container-sm,.navbar>.container-md,.navbar>.container-lg,.navbar>.container-xl,.navbar>.container-xxl{display:flex;flex-wrap:inherit;align-items:center;justify-content:space-between}.navbar-brand{padding-top:var(--bs-navbar-brand-padding-y);padding-bottom:var(--bs-navbar-brand-padding-y);margin-right:var(--bs-navbar-brand-margin-end);font-size:var(--bs-navbar-brand-font-size);color:var(--bs-navbar-brand-color);text-decoration:none;white-space:nowrap}.navbar-brand:hover,.navbar-brand:focus{color:var(--bs-navbar-brand-hover-color)}.navbar-nav{--bs-nav-link-padding-x: 0;--bs-nav-link-padding-y: .5rem;--bs-nav-link-font-weight: ;--bs-nav-link-color: var(--bs-navbar-color);--bs-nav-link-hover-color: var(--bs-navbar-hover-color);--bs-nav-link-disabled-color: var(--bs-navbar-disabled-color);display:flex;flex-direction:column;padding-left:0;margin-bottom:0;list-style:none}.navbar-nav .nav-link.active,.navbar-nav .nav-link.show{color:var(--bs-navbar-active-color)}.navbar-nav .dropdown-menu{position:static}.navbar-text{padding-top:.5rem;padding-bottom:.5rem;color:var(--bs-navbar-color)}.navbar-text a,.navbar-text a:hover,.navbar-text a:focus{color:var(--bs-navbar-active-color)}.navbar-collapse{flex-grow:1;flex-basis:100%;align-items:center}.navbar-toggler{padding:var(--bs-navbar-toggler-padding-y) var(--bs-navbar-toggler-padding-x);font-size:var(--bs-navbar-toggler-font-size);line-height:1;color:var(--bs-navbar-color);background-color:transparent;border:var(--bs-border-width) solid var(--bs-navbar-toggler-border-color);border-radius:var(--bs-navbar-toggler-border-radius);transition:var(--bs-navbar-toggler-transition)}@media (prefers-reduced-motion: reduce){.navbar-toggler{transition:none}}.navbar-toggler:hover{text-decoration:none}.navbar-toggler:focus{text-decoration:none;outline:0;box-shadow:0 0 0 var(--bs-navbar-toggler-focus-width)}.navbar-toggler-icon{display:inline-block;width:1.5em;height:1.5em;vertical-align:middle;background-image:var(--bs-navbar-toggler-icon-bg);background-repeat:no-repeat;background-position:center;background-size:100%}.navbar-nav-scroll{max-height:var(--bs-scroll-height, 75vh);overflow-y:auto}@media (min-width: 576px){.navbar-expand-sm{flex-wrap:nowrap;justify-content:flex-start}.navbar-expand-sm .navbar-nav{flex-direction:row}.navbar-expand-sm .navbar-nav .dropdown-menu{position:absolute}.navbar-expand-sm .navbar-nav .nav-link{padding-right:var(--bs-navbar-nav-link-padding-x);padding-left:var(--bs-navbar-nav-link-padding-x)}.navbar-expand-sm .navbar-nav-scroll{overflow:visible}.navbar-expand-sm .navbar-collapse{display:flex!important;flex-basis:auto}.navbar-expand-sm .navbar-toggler{display:none}.navbar-expand-sm .offcanvas{position:static;z-index:auto;flex-grow:1;width:auto!important;height:auto!important;visibility:visible!important;background-color:transparent!important;border:0!important;transform:none!important;transition:none}.navbar-expand-sm .offcanvas .offcanvas-header{display:none}.navbar-expand-sm .offcanvas .offcanvas-body{display:flex;flex-grow:0;padding:0;overflow-y:visible}}@media (min-width: 768px){.navbar-expand-md{flex-wrap:nowrap;justify-content:flex-start}.navbar-expand-md .navbar-nav{flex-direction:row}.navbar-expand-md .navbar-nav .dropdown-menu{position:absolute}.navbar-expand-md .navbar-nav .nav-link{padding-right:var(--bs-navbar-nav-link-padding-x);padding-left:var(--bs-navbar-nav-link-padding-x)}.navbar-expand-md .navbar-nav-scroll{overflow:visible}.navbar-expand-md .navbar-collapse{display:flex!important;flex-basis:auto}.navbar-expand-md .navbar-toggler{display:none}.navbar-expand-md .offcanvas{position:static;z-index:auto;flex-grow:1;width:auto!important;height:auto!important;visibility:visible!important;background-color:transparent!important;border:0!important;transform:none!important;transition:none}.navbar-expand-md .offcanvas .offcanvas-header{display:none}.navbar-expand-md .offcanvas .offcanvas-body{display:flex;flex-grow:0;padding:0;overflow-y:visible}}@media (min-width: 992px){.navbar-expand-lg{flex-wrap:nowrap;justify-content:flex-start}.navbar-expand-lg .navbar-nav{flex-direction:row}.navbar-expand-lg .navbar-nav .dropdown-menu{position:absolute}.navbar-expand-lg .navbar-nav .nav-link{padding-right:var(--bs-navbar-nav-link-padding-x);padding-left:var(--bs-navbar-nav-link-padding-x)}.navbar-expand-lg .navbar-nav-scroll{overflow:visible}.navbar-expand-lg .navbar-collapse{display:flex!important;flex-basis:auto}.navbar-expand-lg .navbar-toggler{display:none}.navbar-expand-lg .offcanvas{position:static;z-index:auto;flex-grow:1;width:auto!important;height:auto!important;visibility:visible!important;background-color:transparent!important;border:0!important;transform:none!important;transition:none}.navbar-expand-lg .offcanvas .offcanvas-header{display:none}.navbar-expand-lg .offcanvas .offcanvas-body{display:flex;flex-grow:0;padding:0;overflow-y:visible}}@media (min-width: 1200px){.navbar-expand-xl{flex-wrap:nowrap;justify-content:flex-start}.navbar-expand-xl .navbar-nav{flex-direction:row}.navbar-expand-xl .navbar-nav .dropdown-menu{position:absolute}.navbar-expand-xl .navbar-nav .nav-link{padding-right:var(--bs-navbar-nav-link-padding-x);padding-left:var(--bs-navbar-nav-link-padding-x)}.navbar-expand-xl .navbar-nav-scroll{overflow:visible}.navbar-expand-xl .navbar-collapse{display:flex!important;flex-basis:auto}.navbar-expand-xl .navbar-toggler{display:none}.navbar-expand-xl .offcanvas{position:static;z-index:auto;flex-grow:1;width:auto!important;height:auto!important;visibility:visible!important;background-color:transparent!important;border:0!important;transform:none!important;transition:none}.navbar-expand-xl .offcanvas .offcanvas-header{display:none}.navbar-expand-xl .offcanvas .offcanvas-body{display:flex;flex-grow:0;padding:0;overflow-y:visible}}@media (min-width: 1400px){.navbar-expand-xxl{flex-wrap:nowrap;justify-content:flex-start}.navbar-expand-xxl .navbar-nav{flex-direction:row}.navbar-expand-xxl .navbar-nav .dropdown-menu{position:absolute}.navbar-expand-xxl .navbar-nav .nav-link{padding-right:var(--bs-navbar-nav-link-padding-x);padding-left:var(--bs-navbar-nav-link-padding-x)}.navbar-expand-xxl .navbar-nav-scroll{overflow:visible}.navbar-expand-xxl .navbar-collapse{display:flex!important;flex-basis:auto}.navbar-expand-xxl .navbar-toggler{display:none}.navbar-expand-xxl .offcanvas{position:static;z-index:auto;flex-grow:1;width:auto!important;height:auto!important;visibility:visible!important;background-color:transparent!important;border:0!important;transform:none!important;transition:none}.navbar-expand-xxl .offcanvas .offcanvas-header{display:none}.navbar-expand-xxl .offcanvas .offcanvas-body{display:flex;flex-grow:0;padding:0;overflow-y:visible}}.navbar-expand{flex-wrap:nowrap;justify-content:flex-start}.navbar-expand .navbar-nav{flex-direction:row}.navbar-expand .navbar-nav .dropdown-menu{position:absolute}.navbar-expand .navbar-nav .nav-link{padding-right:var(--bs-navbar-nav-link-padding-x);padding-left:var(--bs-navbar-nav-link-padding-x)}.navbar-expand .navbar-nav-scroll{overflow:visible}.navbar-expand .navbar-collapse{display:flex!important;flex-basis:auto}.navbar-expand .navbar-toggler{display:none}.navbar-expand .offcanvas{position:static;z-index:auto;flex-grow:1;width:auto!important;height:auto!important;visibility:visible!important;background-color:transparent!important;border:0!important;transform:none!important;transition:none}.navbar-expand .offcanvas .offcanvas-header{display:none}.navbar-expand .offcanvas .offcanvas-body{display:flex;flex-grow:0;padding:0;overflow-y:visible}.navbar-dark,.navbar[data-bs-theme=dark]{--bs-navbar-color: rgba(255, 255, 255, .55);--bs-navbar-hover-color: rgba(255, 255, 255, .75);--bs-navbar-disabled-color: rgba(255, 255, 255, .25);--bs-navbar-active-color: #fff;--bs-navbar-brand-color: #fff;--bs-navbar-brand-hover-color: #fff;--bs-navbar-toggler-border-color: rgba(255, 255, 255, .1);--bs-navbar-toggler-icon-bg: url("data:image/svg+xml,%3csvg xmlns='http://www.w3.org/2000/svg' viewBox='0 0 30 30'%3e%3cpath stroke='rgba%28255, 255, 255, 0.55%29' stroke-linecap='round' stroke-miterlimit='10' stroke-width='2' d='M4 7h22M4 15h22M4 23h22'/%3e%3c/svg%3e")}[data-bs-theme=dark] .navbar-toggler-icon{--bs-navbar-toggler-icon-bg: url("data:image/svg+xml,%3csvg xmlns='http://www.w3.org/2000/svg' viewBox='0 0 30 30'%3e%3cpath stroke='rgba%28255, 255, 255, 0.55%29' stroke-linecap='round' stroke-miterlimit='10' stroke-width='2' d='M4 7h22M4 15h22M4 23h22'/%3e%3c/svg%3e")}.card{--bs-card-spacer-y: 1rem;--bs-card-spacer-x: 1rem;--bs-card-title-spacer-y: .5rem;--bs-card-title-color: ;--bs-card-subtitle-color: ;--bs-card-border-width: var(--bs-border-width);--bs-card-border-color: var(--bs-border-color-translucent);--bs-card-border-radius: var(--bs-border-radius);--bs-card-box-shadow: ;--bs-card-inner-border-radius: calc(var(--bs-border-radius) - (var(--bs-border-width)));--bs-card-cap-padding-y: .5rem;--bs-card-cap-padding-x: 1rem;--bs-card-cap-bg: rgba(var(--bs-body-color-rgb), .03);--bs-card-cap-color: ;--bs-card-height: ;--bs-card-color: ;--bs-card-bg: var(--bs-body-bg);--bs-card-img-overlay-padding: 1rem;--bs-card-group-margin: .75rem;position:relative;display:flex;flex-direction:column;min-width:0;height:var(--bs-card-height);color:var(--bs-body-color);word-wrap:break-word;background-color:var(--bs-card-bg);background-clip:border-box;border:var(--bs-card-border-width) solid var(--bs-card-border-color);border-radius:var(--bs-card-border-radius)}.card>hr{margin-right:0;margin-left:0}.card>.list-group{border-top:inherit;border-bottom:inherit}.card>.list-group:first-child{border-top-width:0;border-top-left-radius:var(--bs-card-inner-border-radius);border-top-right-radius:var(--bs-card-inner-border-radius)}.card>.list-group:last-child{border-bottom-width:0;border-bottom-right-radius:var(--bs-card-inner-border-radius);border-bottom-left-radius:var(--bs-card-inner-border-radius)}.card>.card-header+.list-group,.card>.list-group+.card-footer{border-top:0}.card-body{flex:1 1 auto;padding:var(--bs-card-spacer-y) var(--bs-card-spacer-x);color:var(--bs-card-color)}.card-title{margin-bottom:var(--bs-card-title-spacer-y);color:var(--bs-card-title-color)}.card-subtitle{margin-top:calc(-.5 * var(--bs-card-title-spacer-y));margin-bottom:0;color:var(--bs-card-subtitle-color)}.card-text:last-child{margin-bottom:0}.card-link+.card-link{margin-left:var(--bs-card-spacer-x)}.card-header{padding:var(--bs-card-cap-padding-y) var(--bs-card-cap-padding-x);margin-bottom:0;color:var(--bs-card-cap-color);background-color:var(--bs-card-cap-bg);border-bottom:var(--bs-card-border-width) solid var(--bs-card-border-color)}.card-header:first-child{border-radius:var(--bs-card-inner-border-radius) var(--bs-card-inner-border-radius) 0 0}.card-footer{padding:var(--bs-card-cap-padding-y) var(--bs-card-cap-padding-x);color:var(--bs-card-cap-color);background-color:var(--bs-card-cap-bg);border-top:var(--bs-card-border-width) solid var(--bs-card-border-color)}.card-footer:last-child{border-radius:0 0 var(--bs-card-inner-border-radius) var(--bs-card-inner-border-radius)}.card-header-tabs{margin-right:calc(-.5 * var(--bs-card-cap-padding-x));margin-bottom:calc(-1 * var(--bs-card-cap-padding-y));margin-left:calc(-.5 * var(--bs-card-cap-padding-x));border-bottom:0}.card-header-tabs .nav-link.active{background-color:var(--bs-card-bg);border-bottom-color:var(--bs-card-bg)}.card-header-pills{margin-right:calc(-.5 * var(--bs-card-cap-padding-x));margin-left:calc(-.5 * var(--bs-card-cap-padding-x))}.card-img-overlay{position:absolute;inset:0;padding:var(--bs-card-img-overlay-padding);border-radius:var(--bs-card-inner-border-radius)}.card-img,.card-img-top,.card-img-bottom{width:100%}.card-img,.card-img-top{border-top-left-radius:var(--bs-card-inner-border-radius);border-top-right-radius:var(--bs-card-inner-border-radius)}.card-img,.card-img-bottom{border-bottom-right-radius:var(--bs-card-inner-border-radius);border-bottom-left-radius:var(--bs-card-inner-border-radius)}.card-group>.card{margin-bottom:var(--bs-card-group-margin)}@media (min-width: 576px){.card-group{display:flex;flex-flow:row wrap}.card-group>.card{flex:1 0 0;margin-bottom:0}.card-group>.card+.card{margin-left:0;border-left:0}.card-group>.card:not(:last-child){border-top-right-radius:0;border-bottom-right-radius:0}.card-group>.card:not(:last-child)>.card-img-top,.card-group>.card:not(:last-child)>.card-header{border-top-right-radius:0}.card-group>.card:not(:last-child)>.card-img-bottom,.card-group>.card:not(:last-child)>.card-footer{border-bottom-right-radius:0}.card-group>.card:not(:first-child){border-top-left-radius:0;border-bottom-left-radius:0}.card-group>.card:not(:first-child)>.card-img-top,.card-group>.card:not(:first-child)>.card-header{border-top-left-radius:0}.card-group>.card:not(:first-child)>.card-img-bottom,.card-group>.card:not(:first-child)>.card-footer{border-bottom-left-radius:0}}.accordion{--bs-accordion-color: var(--bs-body-color);--bs-accordion-bg: var(--bs-body-bg);--bs-accordion-transition: color .15s ease-in-out, background-color .15s ease-in-out, border-color .15s ease-in-out, box-shadow .15s ease-in-out, border-radius .15s ease;--bs-accordion-border-color: var(--bs-border-color);--bs-accordion-border-width: var(--bs-border-width);--bs-accordion-border-radius: var(--bs-border-radius);--bs-accordion-inner-border-radius: calc(var(--bs-border-radius) - (var(--bs-border-width)));--bs-accordion-btn-padding-x: 1.25rem;--bs-accordion-btn-padding-y: 1rem;--bs-accordion-btn-color: var(--bs-body-color);--bs-accordion-btn-bg: var(--bs-accordion-bg);--bs-accordion-btn-icon: url("data:image/svg+xml,%3csvg xmlns='http://www.w3.org/2000/svg' viewBox='0 0 16 16' fill='none' stroke='%23212529' stroke-linecap='round' stroke-linejoin='round'%3e%3cpath d='m2 5 6 6 6-6'/%3e%3c/svg%3e");--bs-accordion-btn-icon-width: 1.25rem;--bs-accordion-btn-icon-transform: rotate(-180deg);--bs-accordion-btn-icon-transition: transform .2s ease-in-out;--bs-accordion-btn-active-icon: url("data:image/svg+xml,%3csvg xmlns='http://www.w3.org/2000/svg' viewBox='0 0 16 16' fill='none' stroke='%23052c65' stroke-linecap='round' stroke-linejoin='round'%3e%3cpath d='m2 5 6 6 6-6'/%3e%3c/svg%3e");--bs-accordion-btn-focus-box-shadow: 0 0 0 .25rem rgba(13, 110, 253, .25);--bs-accordion-body-padding-x: 1.25rem;--bs-accordion-body-padding-y: 1rem;--bs-accordion-active-color: var(--bs-primary-text-emphasis);--bs-accordion-active-bg: var(--bs-primary-bg-subtle)}.accordion-button{position:relative;display:flex;align-items:center;width:100%;padding:var(--bs-accordion-btn-padding-y) var(--bs-accordion-btn-padding-x);font-size:1rem;color:var(--bs-accordion-btn-color);text-align:left;background-color:var(--bs-accordion-btn-bg);border:0;border-radius:0;overflow-anchor:none;transition:var(--bs-accordion-transition)}@media (prefers-reduced-motion: reduce){.accordion-button{transition:none}}.accordion-button:not(.collapsed){color:var(--bs-accordion-active-color);background-color:var(--bs-accordion-active-bg);box-shadow:inset 0 calc(-1 * var(--bs-accordion-border-width)) 0 var(--bs-accordion-border-color)}.accordion-button:not(.collapsed):after{background-image:var(--bs-accordion-btn-active-icon);transform:var(--bs-accordion-btn-icon-transform)}.accordion-button:after{flex-shrink:0;width:var(--bs-accordion-btn-icon-width);height:var(--bs-accordion-btn-icon-width);margin-left:auto;content:"";background-image:var(--bs-accordion-btn-icon);background-repeat:no-repeat;background-size:var(--bs-accordion-btn-icon-width);transition:var(--bs-accordion-btn-icon-transition)}@media (prefers-reduced-motion: reduce){.accordion-button:after{transition:none}}.accordion-button:hover{z-index:2}.accordion-button:focus{z-index:3;outline:0;box-shadow:var(--bs-accordion-btn-focus-box-shadow)}.accordion-header{margin-bottom:0}.accordion-item{color:var(--bs-accordion-color);background-color:var(--bs-accordion-bg);border:var(--bs-accordion-border-width) solid var(--bs-accordion-border-color)}.accordion-item:first-of-type{border-top-left-radius:var(--bs-accordion-border-radius);border-top-right-radius:var(--bs-accordion-border-radius)}.accordion-item:first-of-type>.accordion-header .accordion-button{border-top-left-radius:var(--bs-accordion-inner-border-radius);border-top-right-radius:var(--bs-accordion-inner-border-radius)}.accordion-item:not(:first-of-type){border-top:0}.accordion-item:last-of-type{border-bottom-right-radius:var(--bs-accordion-border-radius);border-bottom-left-radius:var(--bs-accordion-border-radius)}.accordion-item:last-of-type>.accordion-header .accordion-button.collapsed{border-bottom-right-radius:var(--bs-accordion-inner-border-radius);border-bottom-left-radius:var(--bs-accordion-inner-border-radius)}.accordion-item:last-of-type>.accordion-collapse{border-bottom-right-radius:var(--bs-accordion-border-radius);border-bottom-left-radius:var(--bs-accordion-border-radius)}.accordion-body{padding:var(--bs-accordion-body-padding-y) var(--bs-accordion-body-padding-x)}.accordion-flush>.accordion-item{border-right:0;border-left:0;border-radius:0}.accordion-flush>.accordion-item:first-child{border-top:0}.accordion-flush>.accordion-item:last-child{border-bottom:0}.accordion-flush>.accordion-item>.accordion-collapse,.accordion-flush>.accordion-item>.accordion-header .accordion-button,.accordion-flush>.accordion-item>.accordion-header .accordion-button.collapsed{border-radius:0}[data-bs-theme=dark] .accordion-button:after{--bs-accordion-btn-icon: url("data:image/svg+xml,%3csvg xmlns='http://www.w3.org/2000/svg' viewBox='0 0 16 16' fill='%236ea8fe'%3e%3cpath fill-rule='evenodd' d='M1.646 4.646a.5.5 0 0 1 .708 0L8 10.293l5.646-5.647a.5.5 0 0 1 .708.708l-6 6a.5.5 0 0 1-.708 0l-6-6a.5.5 0 0 1 0-.708'/%3e%3c/svg%3e");--bs-accordion-btn-active-icon: url("data:image/svg+xml,%3csvg xmlns='http://www.w3.org/2000/svg' viewBox='0 0 16 16' fill='%236ea8fe'%3e%3cpath fill-rule='evenodd' d='M1.646 4.646a.5.5 0 0 1 .708 0L8 10.293l5.646-5.647a.5.5 0 0 1 .708.708l-6 6a.5.5 0 0 1-.708 0l-6-6a.5.5 0 0 1 0-.708'/%3e%3c/svg%3e")}.breadcrumb{--bs-breadcrumb-padding-x: 0;--bs-breadcrumb-padding-y: 0;--bs-breadcrumb-margin-bottom: 1rem;--bs-breadcrumb-bg: ;--bs-breadcrumb-border-radius: ;--bs-breadcrumb-divider-color: var(--bs-secondary-color);--bs-breadcrumb-item-padding-x: .5rem;--bs-breadcrumb-item-active-color: var(--bs-secondary-color);display:flex;flex-wrap:wrap;padding:var(--bs-breadcrumb-padding-y) var(--bs-breadcrumb-padding-x);margin-bottom:var(--bs-breadcrumb-margin-bottom);font-size:var(--bs-breadcrumb-font-size);list-style:none;background-color:var(--bs-breadcrumb-bg);border-radius:var(--bs-breadcrumb-border-radius)}.breadcrumb-item+.breadcrumb-item{padding-left:var(--bs-breadcrumb-item-padding-x)}.breadcrumb-item+.breadcrumb-item:before{float:left;padding-right:var(--bs-breadcrumb-item-padding-x);color:var(--bs-breadcrumb-divider-color);content:var(--bs-breadcrumb-divider, "/")}.breadcrumb-item.active{color:var(--bs-breadcrumb-item-active-color)}.pagination{--bs-pagination-padding-x: .75rem;--bs-pagination-padding-y: .375rem;--bs-pagination-font-size: 1rem;--bs-pagination-color: var(--bs-link-color);--bs-pagination-bg: var(--bs-body-bg);--bs-pagination-border-width: var(--bs-border-width);--bs-pagination-border-color: var(--bs-border-color);--bs-pagination-border-radius: var(--bs-border-radius);--bs-pagination-hover-color: var(--bs-link-hover-color);--bs-pagination-hover-bg: var(--bs-tertiary-bg);--bs-pagination-hover-border-color: var(--bs-border-color);--bs-pagination-focus-color: var(--bs-link-hover-color);--bs-pagination-focus-bg: var(--bs-secondary-bg);--bs-pagination-focus-box-shadow: 0 0 0 .25rem rgba(13, 110, 253, .25);--bs-pagination-active-color: #fff;--bs-pagination-active-bg: #0d6efd;--bs-pagination-active-border-color: #0d6efd;--bs-pagination-disabled-color: var(--bs-secondary-color);--bs-pagination-disabled-bg: var(--bs-secondary-bg);--bs-pagination-disabled-border-color: var(--bs-border-color);display:flex;padding-left:0;list-style:none}.page-link{position:relative;display:block;padding:var(--bs-pagination-padding-y) var(--bs-pagination-padding-x);font-size:var(--bs-pagination-font-size);color:var(--bs-pagination-color);text-decoration:none;background-color:var(--bs-pagination-bg);border:var(--bs-pagination-border-width) solid var(--bs-pagination-border-color);transition:color .15s ease-in-out,background-color .15s ease-in-out,border-color .15s ease-in-out,box-shadow .15s ease-in-out}@media (prefers-reduced-motion: reduce){.page-link{transition:none}}.page-link:hover{z-index:2;color:var(--bs-pagination-hover-color);background-color:var(--bs-pagination-hover-bg);border-color:var(--bs-pagination-hover-border-color)}.page-link:focus{z-index:3;color:var(--bs-pagination-focus-color);background-color:var(--bs-pagination-focus-bg);outline:0;box-shadow:var(--bs-pagination-focus-box-shadow)}.page-link.active,.active>.page-link{z-index:3;color:var(--bs-pagination-active-color);background-color:var(--bs-pagination-active-bg);border-color:var(--bs-pagination-active-border-color)}.page-link.disabled,.disabled>.page-link{color:var(--bs-pagination-disabled-color);pointer-events:none;background-color:var(--bs-pagination-disabled-bg);border-color:var(--bs-pagination-disabled-border-color)}.page-item:not(:first-child) .page-link{margin-left:calc(-1 * var(--bs-border-width))}.page-item:first-child .page-link{border-top-left-radius:var(--bs-pagination-border-radius);border-bottom-left-radius:var(--bs-pagination-border-radius)}.page-item:last-child .page-link{border-top-right-radius:var(--bs-pagination-border-radius);border-bottom-right-radius:var(--bs-pagination-border-radius)}.pagination-lg{--bs-pagination-padding-x: 1.5rem;--bs-pagination-padding-y: .75rem;--bs-pagination-font-size: 1.25rem;--bs-pagination-border-radius: var(--bs-border-radius-lg)}.pagination-sm{--bs-pagination-padding-x: .5rem;--bs-pagination-padding-y: .25rem;--bs-pagination-font-size: .875rem;--bs-pagination-border-radius: var(--bs-border-radius-sm)}.badge{--bs-badge-padding-x: .65em;--bs-badge-padding-y: .35em;--bs-badge-font-size: .75em;--bs-badge-font-weight: 700;--bs-badge-color: #fff;--bs-badge-border-radius: var(--bs-border-radius);display:inline-block;padding:var(--bs-badge-padding-y) var(--bs-badge-padding-x);font-size:var(--bs-badge-font-size);font-weight:var(--bs-badge-font-weight);line-height:1;color:var(--bs-badge-color);text-align:center;white-space:nowrap;vertical-align:baseline;border-radius:var(--bs-badge-border-radius)}.badge:empty{display:none}.btn .badge{position:relative;top:-1px}.alert{--bs-alert-bg: transparent;--bs-alert-padding-x: 1rem;--bs-alert-padding-y: 1rem;--bs-alert-margin-bottom: 1rem;--bs-alert-color: inherit;--bs-alert-border-color: transparent;--bs-alert-border: var(--bs-border-width) solid var(--bs-alert-border-color);--bs-alert-border-radius: var(--bs-border-radius);--bs-alert-link-color: inherit;position:relative;padding:var(--bs-alert-padding-y) var(--bs-alert-padding-x);margin-bottom:var(--bs-alert-margin-bottom);color:var(--bs-alert-color);background-color:var(--bs-alert-bg);border:var(--bs-alert-border);border-radius:var(--bs-alert-border-radius)}.alert-heading{color:inherit}.alert-link{font-weight:700;color:var(--bs-alert-link-color)}.alert-dismissible{padding-right:3rem}.alert-dismissible .btn-close{position:absolute;top:0;right:0;z-index:2;padding:1.25rem 1rem}.alert-primary{--bs-alert-color: var(--bs-primary-text-emphasis);--bs-alert-bg: var(--bs-primary-bg-subtle);--bs-alert-border-color: var(--bs-primary-border-subtle);--bs-alert-link-color: var(--bs-primary-text-emphasis)}.alert-secondary{--bs-alert-color: var(--bs-secondary-text-emphasis);--bs-alert-bg: var(--bs-secondary-bg-subtle);--bs-alert-border-color: var(--bs-secondary-border-subtle);--bs-alert-link-color: var(--bs-secondary-text-emphasis)}.alert-success{--bs-alert-color: var(--bs-success-text-emphasis);--bs-alert-bg: var(--bs-success-bg-subtle);--bs-alert-border-color: var(--bs-success-border-subtle);--bs-alert-link-color: var(--bs-success-text-emphasis)}.alert-info{--bs-alert-color: var(--bs-info-text-emphasis);--bs-alert-bg: var(--bs-info-bg-subtle);--bs-alert-border-color: var(--bs-info-border-subtle);--bs-alert-link-color: var(--bs-info-text-emphasis)}.alert-warning{--bs-alert-color: var(--bs-warning-text-emphasis);--bs-alert-bg: var(--bs-warning-bg-subtle);--bs-alert-border-color: var(--bs-warning-border-subtle);--bs-alert-link-color: var(--bs-warning-text-emphasis)}.alert-danger{--bs-alert-color: var(--bs-danger-text-emphasis);--bs-alert-bg: var(--bs-danger-bg-subtle);--bs-alert-border-color: var(--bs-danger-border-subtle);--bs-alert-link-color: var(--bs-danger-text-emphasis)}.alert-light{--bs-alert-color: var(--bs-light-text-emphasis);--bs-alert-bg: var(--bs-light-bg-subtle);--bs-alert-border-color: var(--bs-light-border-subtle);--bs-alert-link-color: var(--bs-light-text-emphasis)}.alert-dark{--bs-alert-color: var(--bs-dark-text-emphasis);--bs-alert-bg: var(--bs-dark-bg-subtle);--bs-alert-border-color: var(--bs-dark-border-subtle);--bs-alert-link-color: var(--bs-dark-text-emphasis)}@keyframes progress-bar-stripes{0%{background-position-x:var(--bs-progress-height)}}.progress,.progress-stacked{--bs-progress-height: 1rem;--bs-progress-font-size: .75rem;--bs-progress-bg: var(--bs-secondary-bg);--bs-progress-border-radius: var(--bs-border-radius);--bs-progress-box-shadow: var(--bs-box-shadow-inset);--bs-progress-bar-color: #fff;--bs-progress-bar-bg: #0d6efd;--bs-progress-bar-transition: width .6s ease;display:flex;height:var(--bs-progress-height);overflow:hidden;font-size:var(--bs-progress-font-size);background-color:var(--bs-progress-bg);border-radius:var(--bs-progress-border-radius)}.progress-bar{display:flex;flex-direction:column;justify-content:center;overflow:hidden;color:var(--bs-progress-bar-color);text-align:center;white-space:nowrap;background-color:var(--bs-progress-bar-bg);transition:var(--bs-progress-bar-transition)}@media (prefers-reduced-motion: reduce){.progress-bar{transition:none}}.progress-bar-striped{background-image:linear-gradient(45deg,rgba(255,255,255,.15) 25%,transparent 25%,transparent 50%,rgba(255,255,255,.15) 50%,rgba(255,255,255,.15) 75%,transparent 75%,transparent);background-size:var(--bs-progress-height) var(--bs-progress-height)}.progress-stacked>.progress{overflow:visible}.progress-stacked>.progress>.progress-bar{width:100%}.progress-bar-animated{animation:1s linear infinite progress-bar-stripes}@media (prefers-reduced-motion: reduce){.progress-bar-animated{animation:none}}.list-group{--bs-list-group-color: var(--bs-body-color);--bs-list-group-bg: var(--bs-body-bg);--bs-list-group-border-color: var(--bs-border-color);--bs-list-group-border-width: var(--bs-border-width);--bs-list-group-border-radius: var(--bs-border-radius);--bs-list-group-item-padding-x: 1rem;--bs-list-group-item-padding-y: .5rem;--bs-list-group-action-color: var(--bs-secondary-color);--bs-list-group-action-hover-color: var(--bs-emphasis-color);--bs-list-group-action-hover-bg: var(--bs-tertiary-bg);--bs-list-group-action-active-color: var(--bs-body-color);--bs-list-group-action-active-bg: var(--bs-secondary-bg);--bs-list-group-disabled-color: var(--bs-secondary-color);--bs-list-group-disabled-bg: var(--bs-body-bg);--bs-list-group-active-color: #fff;--bs-list-group-active-bg: #0d6efd;--bs-list-group-active-border-color: #0d6efd;display:flex;flex-direction:column;padding-left:0;margin-bottom:0;border-radius:var(--bs-list-group-border-radius)}.list-group-numbered{list-style-type:none;counter-reset:section}.list-group-numbered>.list-group-item:before{content:counters(section,".") ". ";counter-increment:section}.list-group-item{position:relative;display:block;padding:var(--bs-list-group-item-padding-y) var(--bs-list-group-item-padding-x);color:var(--bs-list-group-color);text-decoration:none;background-color:var(--bs-list-group-bg);border:var(--bs-list-group-border-width) solid var(--bs-list-group-border-color)}.list-group-item:first-child{border-top-left-radius:inherit;border-top-right-radius:inherit}.list-group-item:last-child{border-bottom-right-radius:inherit;border-bottom-left-radius:inherit}.list-group-item.disabled,.list-group-item:disabled{color:var(--bs-list-group-disabled-color);pointer-events:none;background-color:var(--bs-list-group-disabled-bg)}.list-group-item.active{z-index:2;color:var(--bs-list-group-active-color);background-color:var(--bs-list-group-active-bg);border-color:var(--bs-list-group-active-border-color)}.list-group-item+.list-group-item{border-top-width:0}.list-group-item+.list-group-item.active{margin-top:calc(-1 * var(--bs-list-group-border-width));border-top-width:var(--bs-list-group-border-width)}.list-group-item-action{width:100%;color:var(--bs-list-group-action-color);text-align:inherit}.list-group-item-action:not(.active):hover,.list-group-item-action:not(.active):focus{z-index:1;color:var(--bs-list-group-action-hover-color);text-decoration:none;background-color:var(--bs-list-group-action-hover-bg)}.list-group-item-action:not(.active):active{color:var(--bs-list-group-action-active-color);background-color:var(--bs-list-group-action-active-bg)}.list-group-horizontal{flex-direction:row}.list-group-horizontal>.list-group-item:first-child:not(:last-child){border-bottom-left-radius:var(--bs-list-group-border-radius);border-top-right-radius:0}.list-group-horizontal>.list-group-item:last-child:not(:first-child){border-top-right-radius:var(--bs-list-group-border-radius);border-bottom-left-radius:0}.list-group-horizontal>.list-group-item.active{margin-top:0}.list-group-horizontal>.list-group-item+.list-group-item{border-top-width:var(--bs-list-group-border-width);border-left-width:0}.list-group-horizontal>.list-group-item+.list-group-item.active{margin-left:calc(-1 * var(--bs-list-group-border-width));border-left-width:var(--bs-list-group-border-width)}@media (min-width: 576px){.list-group-horizontal-sm{flex-direction:row}.list-group-horizontal-sm>.list-group-item:first-child:not(:last-child){border-bottom-left-radius:var(--bs-list-group-border-radius);border-top-right-radius:0}.list-group-horizontal-sm>.list-group-item:last-child:not(:first-child){border-top-right-radius:var(--bs-list-group-border-radius);border-bottom-left-radius:0}.list-group-horizontal-sm>.list-group-item.active{margin-top:0}.list-group-horizontal-sm>.list-group-item+.list-group-item{border-top-width:var(--bs-list-group-border-width);border-left-width:0}.list-group-horizontal-sm>.list-group-item+.list-group-item.active{margin-left:calc(-1 * var(--bs-list-group-border-width));border-left-width:var(--bs-list-group-border-width)}}@media (min-width: 768px){.list-group-horizontal-md{flex-direction:row}.list-group-horizontal-md>.list-group-item:first-child:not(:last-child){border-bottom-left-radius:var(--bs-list-group-border-radius);border-top-right-radius:0}.list-group-horizontal-md>.list-group-item:last-child:not(:first-child){border-top-right-radius:var(--bs-list-group-border-radius);border-bottom-left-radius:0}.list-group-horizontal-md>.list-group-item.active{margin-top:0}.list-group-horizontal-md>.list-group-item+.list-group-item{border-top-width:var(--bs-list-group-border-width);border-left-width:0}.list-group-horizontal-md>.list-group-item+.list-group-item.active{margin-left:calc(-1 * var(--bs-list-group-border-width));border-left-width:var(--bs-list-group-border-width)}}@media (min-width: 992px){.list-group-horizontal-lg{flex-direction:row}.list-group-horizontal-lg>.list-group-item:first-child:not(:last-child){border-bottom-left-radius:var(--bs-list-group-border-radius);border-top-right-radius:0}.list-group-horizontal-lg>.list-group-item:last-child:not(:first-child){border-top-right-radius:var(--bs-list-group-border-radius);border-bottom-left-radius:0}.list-group-horizontal-lg>.list-group-item.active{margin-top:0}.list-group-horizontal-lg>.list-group-item+.list-group-item{border-top-width:var(--bs-list-group-border-width);border-left-width:0}.list-group-horizontal-lg>.list-group-item+.list-group-item.active{margin-left:calc(-1 * var(--bs-list-group-border-width));border-left-width:var(--bs-list-group-border-width)}}@media (min-width: 1200px){.list-group-horizontal-xl{flex-direction:row}.list-group-horizontal-xl>.list-group-item:first-child:not(:last-child){border-bottom-left-radius:var(--bs-list-group-border-radius);border-top-right-radius:0}.list-group-horizontal-xl>.list-group-item:last-child:not(:first-child){border-top-right-radius:var(--bs-list-group-border-radius);border-bottom-left-radius:0}.list-group-horizontal-xl>.list-group-item.active{margin-top:0}.list-group-horizontal-xl>.list-group-item+.list-group-item{border-top-width:var(--bs-list-group-border-width);border-left-width:0}.list-group-horizontal-xl>.list-group-item+.list-group-item.active{margin-left:calc(-1 * var(--bs-list-group-border-width));border-left-width:var(--bs-list-group-border-width)}}@media (min-width: 1400px){.list-group-horizontal-xxl{flex-direction:row}.list-group-horizontal-xxl>.list-group-item:first-child:not(:last-child){border-bottom-left-radius:var(--bs-list-group-border-radius);border-top-right-radius:0}.list-group-horizontal-xxl>.list-group-item:last-child:not(:first-child){border-top-right-radius:var(--bs-list-group-border-radius);border-bottom-left-radius:0}.list-group-horizontal-xxl>.list-group-item.active{margin-top:0}.list-group-horizontal-xxl>.list-group-item+.list-group-item{border-top-width:var(--bs-list-group-border-width);border-left-width:0}.list-group-horizontal-xxl>.list-group-item+.list-group-item.active{margin-left:calc(-1 * var(--bs-list-group-border-width));border-left-width:var(--bs-list-group-border-width)}}.list-group-flush{border-radius:0}.list-group-flush>.list-group-item{border-width:0 0 var(--bs-list-group-border-width)}.list-group-flush>.list-group-item:last-child{border-bottom-width:0}.list-group-item-primary{--bs-list-group-color: var(--bs-primary-text-emphasis);--bs-list-group-bg: var(--bs-primary-bg-subtle);--bs-list-group-border-color: var(--bs-primary-border-subtle);--bs-list-group-action-hover-color: var(--bs-emphasis-color);--bs-list-group-action-hover-bg: var(--bs-primary-border-subtle);--bs-list-group-action-active-color: var(--bs-emphasis-color);--bs-list-group-action-active-bg: var(--bs-primary-border-subtle);--bs-list-group-active-color: var(--bs-primary-bg-subtle);--bs-list-group-active-bg: var(--bs-primary-text-emphasis);--bs-list-group-active-border-color: var(--bs-primary-text-emphasis)}.list-group-item-secondary{--bs-list-group-color: var(--bs-secondary-text-emphasis);--bs-list-group-bg: var(--bs-secondary-bg-subtle);--bs-list-group-border-color: var(--bs-secondary-border-subtle);--bs-list-group-action-hover-color: var(--bs-emphasis-color);--bs-list-group-action-hover-bg: var(--bs-secondary-border-subtle);--bs-list-group-action-active-color: var(--bs-emphasis-color);--bs-list-group-action-active-bg: var(--bs-secondary-border-subtle);--bs-list-group-active-color: var(--bs-secondary-bg-subtle);--bs-list-group-active-bg: var(--bs-secondary-text-emphasis);--bs-list-group-active-border-color: var(--bs-secondary-text-emphasis)}.list-group-item-success{--bs-list-group-color: var(--bs-success-text-emphasis);--bs-list-group-bg: var(--bs-success-bg-subtle);--bs-list-group-border-color: var(--bs-success-border-subtle);--bs-list-group-action-hover-color: var(--bs-emphasis-color);--bs-list-group-action-hover-bg: var(--bs-success-border-subtle);--bs-list-group-action-active-color: var(--bs-emphasis-color);--bs-list-group-action-active-bg: var(--bs-success-border-subtle);--bs-list-group-active-color: var(--bs-success-bg-subtle);--bs-list-group-active-bg: var(--bs-success-text-emphasis);--bs-list-group-active-border-color: var(--bs-success-text-emphasis)}.list-group-item-info{--bs-list-group-color: var(--bs-info-text-emphasis);--bs-list-group-bg: var(--bs-info-bg-subtle);--bs-list-group-border-color: var(--bs-info-border-subtle);--bs-list-group-action-hover-color: var(--bs-emphasis-color);--bs-list-group-action-hover-bg: var(--bs-info-border-subtle);--bs-list-group-action-active-color: var(--bs-emphasis-color);--bs-list-group-action-active-bg: var(--bs-info-border-subtle);--bs-list-group-active-color: var(--bs-info-bg-subtle);--bs-list-group-active-bg: var(--bs-info-text-emphasis);--bs-list-group-active-border-color: var(--bs-info-text-emphasis)}.list-group-item-warning{--bs-list-group-color: var(--bs-warning-text-emphasis);--bs-list-group-bg: var(--bs-warning-bg-subtle);--bs-list-group-border-color: var(--bs-warning-border-subtle);--bs-list-group-action-hover-color: var(--bs-emphasis-color);--bs-list-group-action-hover-bg: var(--bs-warning-border-subtle);--bs-list-group-action-active-color: var(--bs-emphasis-color);--bs-list-group-action-active-bg: var(--bs-warning-border-subtle);--bs-list-group-active-color: var(--bs-warning-bg-subtle);--bs-list-group-active-bg: var(--bs-warning-text-emphasis);--bs-list-group-active-border-color: var(--bs-warning-text-emphasis)}.list-group-item-danger{--bs-list-group-color: var(--bs-danger-text-emphasis);--bs-list-group-bg: var(--bs-danger-bg-subtle);--bs-list-group-border-color: var(--bs-danger-border-subtle);--bs-list-group-action-hover-color: var(--bs-emphasis-color);--bs-list-group-action-hover-bg: var(--bs-danger-border-subtle);--bs-list-group-action-active-color: var(--bs-emphasis-color);--bs-list-group-action-active-bg: var(--bs-danger-border-subtle);--bs-list-group-active-color: var(--bs-danger-bg-subtle);--bs-list-group-active-bg: var(--bs-danger-text-emphasis);--bs-list-group-active-border-color: var(--bs-danger-text-emphasis)}.list-group-item-light{--bs-list-group-color: var(--bs-light-text-emphasis);--bs-list-group-bg: var(--bs-light-bg-subtle);--bs-list-group-border-color: var(--bs-light-border-subtle);--bs-list-group-action-hover-color: var(--bs-emphasis-color);--bs-list-group-action-hover-bg: var(--bs-light-border-subtle);--bs-list-group-action-active-color: var(--bs-emphasis-color);--bs-list-group-action-active-bg: var(--bs-light-border-subtle);--bs-list-group-active-color: var(--bs-light-bg-subtle);--bs-list-group-active-bg: var(--bs-light-text-emphasis);--bs-list-group-active-border-color: var(--bs-light-text-emphasis)}.list-group-item-dark{--bs-list-group-color: var(--bs-dark-text-emphasis);--bs-list-group-bg: var(--bs-dark-bg-subtle);--bs-list-group-border-color: var(--bs-dark-border-subtle);--bs-list-group-action-hover-color: var(--bs-emphasis-color);--bs-list-group-action-hover-bg: var(--bs-dark-border-subtle);--bs-list-group-action-active-color: var(--bs-emphasis-color);--bs-list-group-action-active-bg: var(--bs-dark-border-subtle);--bs-list-group-active-color: var(--bs-dark-bg-subtle);--bs-list-group-active-bg: var(--bs-dark-text-emphasis);--bs-list-group-active-border-color: var(--bs-dark-text-emphasis)}.btn-close{--bs-btn-close-color: #000;--bs-btn-close-bg: url("data:image/svg+xml,%3csvg xmlns='http://www.w3.org/2000/svg' viewBox='0 0 16 16' fill='%23000'%3e%3cpath d='M.293.293a1 1 0 0 1 1.414 0L8 6.586 14.293.293a1 1 0 1 1 1.414 1.414L9.414 8l6.293 6.293a1 1 0 0 1-1.414 1.414L8 9.414l-6.293 6.293a1 1 0 0 1-1.414-1.414L6.586 8 .293 1.707a1 1 0 0 1 0-1.414'/%3e%3c/svg%3e");--bs-btn-close-opacity: .5;--bs-btn-close-hover-opacity: .75;--bs-btn-close-focus-shadow: 0 0 0 .25rem rgba(13, 110, 253, .25);--bs-btn-close-focus-opacity: 1;--bs-btn-close-disabled-opacity: .25;box-sizing:content-box;width:1em;height:1em;padding:.25em;color:var(--bs-btn-close-color);background:transparent var(--bs-btn-close-bg) center/1em auto no-repeat;filter:var(--bs-btn-close-filter);border:0;border-radius:.375rem;opacity:var(--bs-btn-close-opacity)}.btn-close:hover{color:var(--bs-btn-close-color);text-decoration:none;opacity:var(--bs-btn-close-hover-opacity)}.btn-close:focus{outline:0;box-shadow:var(--bs-btn-close-focus-shadow);opacity:var(--bs-btn-close-focus-opacity)}.btn-close:disabled,.btn-close.disabled{pointer-events:none;-webkit-user-select:none;-moz-user-select:none;user-select:none;opacity:var(--bs-btn-close-disabled-opacity)}.btn-close-white{--bs-btn-close-filter: invert(1) grayscale(100%) brightness(200%)}:root,[data-bs-theme=light]{--bs-btn-close-filter: }[data-bs-theme=dark]{--bs-btn-close-filter: invert(1) grayscale(100%) brightness(200%)}.toast{--bs-toast-zindex: 1090;--bs-toast-padding-x: .75rem;--bs-toast-padding-y: .5rem;--bs-toast-spacing: 1.5rem;--bs-toast-max-width: 350px;--bs-toast-font-size: .875rem;--bs-toast-color: ;--bs-toast-bg: rgba(var(--bs-body-bg-rgb), .85);--bs-toast-border-width: var(--bs-border-width);--bs-toast-border-color: var(--bs-border-color-translucent);--bs-toast-border-radius: var(--bs-border-radius);--bs-toast-box-shadow: var(--bs-box-shadow);--bs-toast-header-color: var(--bs-secondary-color);--bs-toast-header-bg: rgba(var(--bs-body-bg-rgb), .85);--bs-toast-header-border-color: var(--bs-border-color-translucent);width:var(--bs-toast-max-width);max-width:100%;font-size:var(--bs-toast-font-size);color:var(--bs-toast-color);pointer-events:auto;background-color:var(--bs-toast-bg);background-clip:padding-box;border:var(--bs-toast-border-width) solid var(--bs-toast-border-color);box-shadow:var(--bs-toast-box-shadow);border-radius:var(--bs-toast-border-radius)}.toast.showing{opacity:0}.toast:not(.show){display:none}.toast-container{--bs-toast-zindex: 1090;position:absolute;z-index:var(--bs-toast-zindex);width:-webkit-max-content;width:-moz-max-content;width:max-content;max-width:100%;pointer-events:none}.toast-container>:not(:last-child){margin-bottom:var(--bs-toast-spacing)}.toast-header{display:flex;align-items:center;padding:var(--bs-toast-padding-y) var(--bs-toast-padding-x);color:var(--bs-toast-header-color);background-color:var(--bs-toast-header-bg);background-clip:padding-box;border-bottom:var(--bs-toast-border-width) solid var(--bs-toast-header-border-color);border-top-left-radius:calc(var(--bs-toast-border-radius) - var(--bs-toast-border-width));border-top-right-radius:calc(var(--bs-toast-border-radius) - var(--bs-toast-border-width))}.toast-header .btn-close{margin-right:calc(-.5 * var(--bs-toast-padding-x));margin-left:var(--bs-toast-padding-x)}.toast-body{padding:var(--bs-toast-padding-x);word-wrap:break-word}.modal{--bs-modal-zindex: 1055;--bs-modal-width: 500px;--bs-modal-padding: 1rem;--bs-modal-margin: .5rem;--bs-modal-color: var(--bs-body-color);--bs-modal-bg: var(--bs-body-bg);--bs-modal-border-color: var(--bs-border-color-translucent);--bs-modal-border-width: var(--bs-border-width);--bs-modal-border-radius: var(--bs-border-radius-lg);--bs-modal-box-shadow: var(--bs-box-shadow-sm);--bs-modal-inner-border-radius: calc(var(--bs-border-radius-lg) - (var(--bs-border-width)));--bs-modal-header-padding-x: 1rem;--bs-modal-header-padding-y: 1rem;--bs-modal-header-padding: 1rem 1rem;--bs-modal-header-border-color: var(--bs-border-color);--bs-modal-header-border-width: var(--bs-border-width);--bs-modal-title-line-height: 1.5;--bs-modal-footer-gap: .5rem;--bs-modal-footer-bg: ;--bs-modal-footer-border-color: var(--bs-border-color);--bs-modal-footer-border-width: var(--bs-border-width);position:fixed;top:0;left:0;z-index:var(--bs-modal-zindex);display:none;width:100%;height:100%;overflow-x:hidden;overflow-y:auto;outline:0}.modal-dialog{position:relative;width:auto;margin:var(--bs-modal-margin);pointer-events:none}.modal.fade .modal-dialog{transform:translateY(-50px);transition:transform .3s ease-out}@media (prefers-reduced-motion: reduce){.modal.fade .modal-dialog{transition:none}}.modal.show .modal-dialog{transform:none}.modal.modal-static .modal-dialog{transform:scale(1.02)}.modal-dialog-scrollable{height:calc(100% - var(--bs-modal-margin) * 2)}.modal-dialog-scrollable .modal-content{max-height:100%;overflow:hidden}.modal-dialog-scrollable .modal-body{overflow-y:auto}.modal-dialog-centered{display:flex;align-items:center;min-height:calc(100% - var(--bs-modal-margin) * 2)}.modal-content{position:relative;display:flex;flex-direction:column;width:100%;color:var(--bs-modal-color);pointer-events:auto;background-color:var(--bs-modal-bg);background-clip:padding-box;border:var(--bs-modal-border-width) solid var(--bs-modal-border-color);border-radius:var(--bs-modal-border-radius);outline:0}.modal-backdrop{--bs-backdrop-zindex: 1050;--bs-backdrop-bg: #000;--bs-backdrop-opacity: .5;position:fixed;top:0;left:0;z-index:var(--bs-backdrop-zindex);width:100vw;height:100vh;background-color:var(--bs-backdrop-bg)}.modal-backdrop.fade{opacity:0}.modal-backdrop.show{opacity:var(--bs-backdrop-opacity)}.modal-header{display:flex;flex-shrink:0;align-items:center;padding:var(--bs-modal-header-padding);border-bottom:var(--bs-modal-header-border-width) solid var(--bs-modal-header-border-color);border-top-left-radius:var(--bs-modal-inner-border-radius);border-top-right-radius:var(--bs-modal-inner-border-radius)}.modal-header .btn-close{padding:calc(var(--bs-modal-header-padding-y) * .5) calc(var(--bs-modal-header-padding-x) * .5);margin-top:calc(-.5 * var(--bs-modal-header-padding-y));margin-right:calc(-.5 * var(--bs-modal-header-padding-x));margin-bottom:calc(-.5 * var(--bs-modal-header-padding-y));margin-left:auto}.modal-title{margin-bottom:0;line-height:var(--bs-modal-title-line-height)}.modal-body{position:relative;flex:1 1 auto;padding:var(--bs-modal-padding)}.modal-footer{display:flex;flex-shrink:0;flex-wrap:wrap;align-items:center;justify-content:flex-end;padding:calc(var(--bs-modal-padding) - var(--bs-modal-footer-gap) * .5);background-color:var(--bs-modal-footer-bg);border-top:var(--bs-modal-footer-border-width) solid var(--bs-modal-footer-border-color);border-bottom-right-radius:var(--bs-modal-inner-border-radius);border-bottom-left-radius:var(--bs-modal-inner-border-radius)}.modal-footer>*{margin:calc(var(--bs-modal-footer-gap) * .5)}@media (min-width: 576px){.modal{--bs-modal-margin: 1.75rem;--bs-modal-box-shadow: var(--bs-box-shadow)}.modal-dialog{max-width:var(--bs-modal-width);margin-right:auto;margin-left:auto}.modal-sm{--bs-modal-width: 300px}}@media (min-width: 992px){.modal-lg,.modal-xl{--bs-modal-width: 800px}}@media (min-width: 1200px){.modal-xl{--bs-modal-width: 1140px}}.modal-fullscreen{width:100vw;max-width:none;height:100%;margin:0}.modal-fullscreen .modal-content{height:100%;border:0;border-radius:0}.modal-fullscreen .modal-header,.modal-fullscreen .modal-footer{border-radius:0}.modal-fullscreen .modal-body{overflow-y:auto}@media (max-width: 575.98px){.modal-fullscreen-sm-down{width:100vw;max-width:none;height:100%;margin:0}.modal-fullscreen-sm-down .modal-content{height:100%;border:0;border-radius:0}.modal-fullscreen-sm-down .modal-header,.modal-fullscreen-sm-down .modal-footer{border-radius:0}.modal-fullscreen-sm-down .modal-body{overflow-y:auto}}@media (max-width: 767.98px){.modal-fullscreen-md-down{width:100vw;max-width:none;height:100%;margin:0}.modal-fullscreen-md-down .modal-content{height:100%;border:0;border-radius:0}.modal-fullscreen-md-down .modal-header,.modal-fullscreen-md-down .modal-footer{border-radius:0}.modal-fullscreen-md-down .modal-body{overflow-y:auto}}@media (max-width: 991.98px){.modal-fullscreen-lg-down{width:100vw;max-width:none;height:100%;margin:0}.modal-fullscreen-lg-down .modal-content{height:100%;border:0;border-radius:0}.modal-fullscreen-lg-down .modal-header,.modal-fullscreen-lg-down .modal-footer{border-radius:0}.modal-fullscreen-lg-down .modal-body{overflow-y:auto}}@media (max-width: 1199.98px){.modal-fullscreen-xl-down{width:100vw;max-width:none;height:100%;margin:0}.modal-fullscreen-xl-down .modal-content{height:100%;border:0;border-radius:0}.modal-fullscreen-xl-down .modal-header,.modal-fullscreen-xl-down .modal-footer{border-radius:0}.modal-fullscreen-xl-down .modal-body{overflow-y:auto}}@media (max-width: 1399.98px){.modal-fullscreen-xxl-down{width:100vw;max-width:none;height:100%;margin:0}.modal-fullscreen-xxl-down .modal-content{height:100%;border:0;border-radius:0}.modal-fullscreen-xxl-down .modal-header,.modal-fullscreen-xxl-down .modal-footer{border-radius:0}.modal-fullscreen-xxl-down .modal-body{overflow-y:auto}}.tooltip{--bs-tooltip-zindex: 1080;--bs-tooltip-max-width: 200px;--bs-tooltip-padding-x: .5rem;--bs-tooltip-padding-y: .25rem;--bs-tooltip-margin: ;--bs-tooltip-font-size: .875rem;--bs-tooltip-color: var(--bs-body-bg);--bs-tooltip-bg: var(--bs-emphasis-color);--bs-tooltip-border-radius: var(--bs-border-radius);--bs-tooltip-opacity: .9;--bs-tooltip-arrow-width: .8rem;--bs-tooltip-arrow-height: .4rem;z-index:var(--bs-tooltip-zindex);display:block;margin:var(--bs-tooltip-margin);font-family:var(--bs-font-sans-serif);font-style:normal;font-weight:400;line-height:1.5;text-align:left;text-align:start;text-decoration:none;text-shadow:none;text-transform:none;letter-spacing:normal;word-break:normal;white-space:normal;word-spacing:normal;line-break:auto;font-size:var(--bs-tooltip-font-size);word-wrap:break-word;opacity:0}.tooltip.show{opacity:var(--bs-tooltip-opacity)}.tooltip .tooltip-arrow{display:block;width:var(--bs-tooltip-arrow-width);height:var(--bs-tooltip-arrow-height)}.tooltip .tooltip-arrow:before{position:absolute;content:"";border-color:transparent;border-style:solid}.bs-tooltip-top .tooltip-arrow,.bs-tooltip-auto[data-popper-placement^=top] .tooltip-arrow{bottom:calc(-1 * var(--bs-tooltip-arrow-height))}.bs-tooltip-top .tooltip-arrow:before,.bs-tooltip-auto[data-popper-placement^=top] .tooltip-arrow:before{top:-1px;border-width:var(--bs-tooltip-arrow-height) calc(var(--bs-tooltip-arrow-width) * .5) 0;border-top-color:var(--bs-tooltip-bg)}.bs-tooltip-end .tooltip-arrow,.bs-tooltip-auto[data-popper-placement^=right] .tooltip-arrow{left:calc(-1 * var(--bs-tooltip-arrow-height));width:var(--bs-tooltip-arrow-height);height:var(--bs-tooltip-arrow-width)}.bs-tooltip-end .tooltip-arrow:before,.bs-tooltip-auto[data-popper-placement^=right] .tooltip-arrow:before{right:-1px;border-width:calc(var(--bs-tooltip-arrow-width) * .5) var(--bs-tooltip-arrow-height) calc(var(--bs-tooltip-arrow-width) * .5) 0;border-right-color:var(--bs-tooltip-bg)}.bs-tooltip-bottom .tooltip-arrow,.bs-tooltip-auto[data-popper-placement^=bottom] .tooltip-arrow{top:calc(-1 * var(--bs-tooltip-arrow-height))}.bs-tooltip-bottom .tooltip-arrow:before,.bs-tooltip-auto[data-popper-placement^=bottom] .tooltip-arrow:before{bottom:-1px;border-width:0 calc(var(--bs-tooltip-arrow-width) * .5) var(--bs-tooltip-arrow-height);border-bottom-color:var(--bs-tooltip-bg)}.bs-tooltip-start .tooltip-arrow,.bs-tooltip-auto[data-popper-placement^=left] .tooltip-arrow{right:calc(-1 * var(--bs-tooltip-arrow-height));width:var(--bs-tooltip-arrow-height);height:var(--bs-tooltip-arrow-width)}.bs-tooltip-start .tooltip-arrow:before,.bs-tooltip-auto[data-popper-placement^=left] .tooltip-arrow:before{left:-1px;border-width:calc(var(--bs-tooltip-arrow-width) * .5) 0 calc(var(--bs-tooltip-arrow-width) * .5) var(--bs-tooltip-arrow-height);border-left-color:var(--bs-tooltip-bg)}.tooltip-inner{max-width:var(--bs-tooltip-max-width);padding:var(--bs-tooltip-padding-y) var(--bs-tooltip-padding-x);color:var(--bs-tooltip-color);text-align:center;background-color:var(--bs-tooltip-bg);border-radius:var(--bs-tooltip-border-radius)}.popover{--bs-popover-zindex: 1070;--bs-popover-max-width: 276px;--bs-popover-font-size: .875rem;--bs-popover-bg: var(--bs-body-bg);--bs-popover-border-width: var(--bs-border-width);--bs-popover-border-color: var(--bs-border-color-translucent);--bs-popover-border-radius: var(--bs-border-radius-lg);--bs-popover-inner-border-radius: calc(var(--bs-border-radius-lg) - var(--bs-border-width));--bs-popover-box-shadow: var(--bs-box-shadow);--bs-popover-header-padding-x: 1rem;--bs-popover-header-padding-y: .5rem;--bs-popover-header-font-size: 1rem;--bs-popover-header-color: inherit;--bs-popover-header-bg: var(--bs-secondary-bg);--bs-popover-body-padding-x: 1rem;--bs-popover-body-padding-y: 1rem;--bs-popover-body-color: var(--bs-body-color);--bs-popover-arrow-width: 1rem;--bs-popover-arrow-height: .5rem;--bs-popover-arrow-border: var(--bs-popover-border-color);z-index:var(--bs-popover-zindex);display:block;max-width:var(--bs-popover-max-width);font-family:var(--bs-font-sans-serif);font-style:normal;font-weight:400;line-height:1.5;text-align:left;text-align:start;text-decoration:none;text-shadow:none;text-transform:none;letter-spacing:normal;word-break:normal;white-space:normal;word-spacing:normal;line-break:auto;font-size:var(--bs-popover-font-size);word-wrap:break-word;background-color:var(--bs-popover-bg);background-clip:padding-box;border:var(--bs-popover-border-width) solid var(--bs-popover-border-color);border-radius:var(--bs-popover-border-radius)}.popover .popover-arrow{display:block;width:var(--bs-popover-arrow-width);height:var(--bs-popover-arrow-height)}.popover .popover-arrow:before,.popover .popover-arrow:after{position:absolute;display:block;content:"";border-color:transparent;border-style:solid;border-width:0}.bs-popover-top>.popover-arrow,.bs-popover-auto[data-popper-placement^=top]>.popover-arrow{bottom:calc(-1 * (var(--bs-popover-arrow-height)) - var(--bs-popover-border-width))}.bs-popover-top>.popover-arrow:before,.bs-popover-auto[data-popper-placement^=top]>.popover-arrow:before,.bs-popover-top>.popover-arrow:after,.bs-popover-auto[data-popper-placement^=top]>.popover-arrow:after{border-width:var(--bs-popover-arrow-height) calc(var(--bs-popover-arrow-width) * .5) 0}.bs-popover-top>.popover-arrow:before,.bs-popover-auto[data-popper-placement^=top]>.popover-arrow:before{bottom:0;border-top-color:var(--bs-popover-arrow-border)}.bs-popover-top>.popover-arrow:after,.bs-popover-auto[data-popper-placement^=top]>.popover-arrow:after{bottom:var(--bs-popover-border-width);border-top-color:var(--bs-popover-bg)}.bs-popover-end>.popover-arrow,.bs-popover-auto[data-popper-placement^=right]>.popover-arrow{left:calc(-1 * (var(--bs-popover-arrow-height)) - var(--bs-popover-border-width));width:var(--bs-popover-arrow-height);height:var(--bs-popover-arrow-width)}.bs-popover-end>.popover-arrow:before,.bs-popover-auto[data-popper-placement^=right]>.popover-arrow:before,.bs-popover-end>.popover-arrow:after,.bs-popover-auto[data-popper-placement^=right]>.popover-arrow:after{border-width:calc(var(--bs-popover-arrow-width) * .5) var(--bs-popover-arrow-height) calc(var(--bs-popover-arrow-width) * .5) 0}.bs-popover-end>.popover-arrow:before,.bs-popover-auto[data-popper-placement^=right]>.popover-arrow:before{left:0;border-right-color:var(--bs-popover-arrow-border)}.bs-popover-end>.popover-arrow:after,.bs-popover-auto[data-popper-placement^=right]>.popover-arrow:after{left:var(--bs-popover-border-width);border-right-color:var(--bs-popover-bg)}.bs-popover-bottom>.popover-arrow,.bs-popover-auto[data-popper-placement^=bottom]>.popover-arrow{top:calc(-1 * (var(--bs-popover-arrow-height)) - var(--bs-popover-border-width))}.bs-popover-bottom>.popover-arrow:before,.bs-popover-auto[data-popper-placement^=bottom]>.popover-arrow:before,.bs-popover-bottom>.popover-arrow:after,.bs-popover-auto[data-popper-placement^=bottom]>.popover-arrow:after{border-width:0 calc(var(--bs-popover-arrow-width) * .5) var(--bs-popover-arrow-height)}.bs-popover-bottom>.popover-arrow:before,.bs-popover-auto[data-popper-placement^=bottom]>.popover-arrow:before{top:0;border-bottom-color:var(--bs-popover-arrow-border)}.bs-popover-bottom>.popover-arrow:after,.bs-popover-auto[data-popper-placement^=bottom]>.popover-arrow:after{top:var(--bs-popover-border-width);border-bottom-color:var(--bs-popover-bg)}.bs-popover-bottom .popover-header:before,.bs-popover-auto[data-popper-placement^=bottom] .popover-header:before{position:absolute;top:0;left:50%;display:block;width:var(--bs-popover-arrow-width);margin-left:calc(-.5 * var(--bs-popover-arrow-width));content:"";border-bottom:var(--bs-popover-border-width) solid var(--bs-popover-header-bg)}.bs-popover-start>.popover-arrow,.bs-popover-auto[data-popper-placement^=left]>.popover-arrow{right:calc(-1 * (var(--bs-popover-arrow-height)) - var(--bs-popover-border-width));width:var(--bs-popover-arrow-height);height:var(--bs-popover-arrow-width)}.bs-popover-start>.popover-arrow:before,.bs-popover-auto[data-popper-placement^=left]>.popover-arrow:before,.bs-popover-start>.popover-arrow:after,.bs-popover-auto[data-popper-placement^=left]>.popover-arrow:after{border-width:calc(var(--bs-popover-arrow-width) * .5) 0 calc(var(--bs-popover-arrow-width) * .5) var(--bs-popover-arrow-height)}.bs-popover-start>.popover-arrow:before,.bs-popover-auto[data-popper-placement^=left]>.popover-arrow:before{right:0;border-left-color:var(--bs-popover-arrow-border)}.bs-popover-start>.popover-arrow:after,.bs-popover-auto[data-popper-placement^=left]>.popover-arrow:after{right:var(--bs-popover-border-width);border-left-color:var(--bs-popover-bg)}.popover-header{padding:var(--bs-popover-header-padding-y) var(--bs-popover-header-padding-x);margin-bottom:0;font-size:var(--bs-popover-header-font-size);color:var(--bs-popover-header-color);background-color:var(--bs-popover-header-bg);border-bottom:var(--bs-popover-border-width) solid var(--bs-popover-border-color);border-top-left-radius:var(--bs-popover-inner-border-radius);border-top-right-radius:var(--bs-popover-inner-border-radius)}.popover-header:empty{display:none}.popover-body{padding:var(--bs-popover-body-padding-y) var(--bs-popover-body-padding-x);color:var(--bs-popover-body-color)}.carousel{position:relative}.carousel.pointer-event{touch-action:pan-y}.carousel-inner{position:relative;width:100%;overflow:hidden}.carousel-inner:after{display:block;clear:both;content:""}.carousel-item{position:relative;display:none;float:left;width:100%;margin-right:-100%;-webkit-backface-visibility:hidden;backface-visibility:hidden;transition:transform .6s ease-in-out}@media (prefers-reduced-motion: reduce){.carousel-item{transition:none}}.carousel-item.active,.carousel-item-next,.carousel-item-prev{display:block}.carousel-item-next:not(.carousel-item-start),.active.carousel-item-end{transform:translate(100%)}.carousel-item-prev:not(.carousel-item-end),.active.carousel-item-start{transform:translate(-100%)}.carousel-fade .carousel-item{opacity:0;transition-property:opacity;transform:none}.carousel-fade .carousel-item.active,.carousel-fade .carousel-item-next.carousel-item-start,.carousel-fade .carousel-item-prev.carousel-item-end{z-index:1;opacity:1}.carousel-fade .active.carousel-item-start,.carousel-fade .active.carousel-item-end{z-index:0;opacity:0;transition:opacity 0s .6s}@media (prefers-reduced-motion: reduce){.carousel-fade .active.carousel-item-start,.carousel-fade .active.carousel-item-end{transition:none}}.carousel-control-prev,.carousel-control-next{position:absolute;top:0;bottom:0;z-index:1;display:flex;align-items:center;justify-content:center;width:15%;padding:0;color:#fff;text-align:center;background:none;filter:var(--bs-carousel-control-icon-filter);border:0;opacity:.5;transition:opacity .15s ease}@media (prefers-reduced-motion: reduce){.carousel-control-prev,.carousel-control-next{transition:none}}.carousel-control-prev:hover,.carousel-control-prev:focus,.carousel-control-next:hover,.carousel-control-next:focus{color:#fff;text-decoration:none;outline:0;opacity:.9}.carousel-control-prev{left:0}.carousel-control-next{right:0}.carousel-control-prev-icon,.carousel-control-next-icon{display:inline-block;width:2rem;height:2rem;background-repeat:no-repeat;background-position:50%;background-size:100% 100%}.carousel-control-prev-icon{background-image:url("data:image/svg+xml,%3csvg xmlns='http://www.w3.org/2000/svg' viewBox='0 0 16 16' fill='%23fff'%3e%3cpath d='M11.354 1.646a.5.5 0 0 1 0 .708L5.707 8l5.647 5.646a.5.5 0 0 1-.708.708l-6-6a.5.5 0 0 1 0-.708l6-6a.5.5 0 0 1 .708 0'/%3e%3c/svg%3e")}.carousel-control-next-icon{background-image:url("data:image/svg+xml,%3csvg xmlns='http://www.w3.org/2000/svg' viewBox='0 0 16 16' fill='%23fff'%3e%3cpath d='M4.646 1.646a.5.5 0 0 1 .708 0l6 6a.5.5 0 0 1 0 .708l-6 6a.5.5 0 0 1-.708-.708L10.293 8 4.646 2.354a.5.5 0 0 1 0-.708'/%3e%3c/svg%3e")}.carousel-indicators{position:absolute;right:0;bottom:0;left:0;z-index:2;display:flex;justify-content:center;padding:0;margin-right:15%;margin-bottom:1rem;margin-left:15%}.carousel-indicators [data-bs-target]{box-sizing:content-box;flex:0 1 auto;width:30px;height:3px;padding:0;margin-right:3px;margin-left:3px;text-indent:-999px;cursor:pointer;background-color:var(--bs-carousel-indicator-active-bg);background-clip:padding-box;border:0;border-top:10px solid transparent;border-bottom:10px solid transparent;opacity:.5;transition:opacity .6s ease}@media (prefers-reduced-motion: reduce){.carousel-indicators [data-bs-target]{transition:none}}.carousel-indicators .active{opacity:1}.carousel-caption{position:absolute;right:15%;bottom:1.25rem;left:15%;padding-top:1.25rem;padding-bottom:1.25rem;color:var(--bs-carousel-caption-color);text-align:center}.carousel-dark{--bs-carousel-indicator-active-bg: #000;--bs-carousel-caption-color: #000;--bs-carousel-control-icon-filter: invert(1) grayscale(100)}:root,[data-bs-theme=light]{--bs-carousel-indicator-active-bg: #fff;--bs-carousel-caption-color: #fff;--bs-carousel-control-icon-filter: }[data-bs-theme=dark]{--bs-carousel-indicator-active-bg: #000;--bs-carousel-caption-color: #000;--bs-carousel-control-icon-filter: invert(1) grayscale(100)}.spinner-grow,.spinner-border{display:inline-block;flex-shrink:0;width:var(--bs-spinner-width);height:var(--bs-spinner-height);vertical-align:var(--bs-spinner-vertical-align);border-radius:50%;animation:var(--bs-spinner-animation-speed) linear infinite var(--bs-spinner-animation-name)}@keyframes spinner-border{to{transform:rotate(360deg)}}.spinner-border{--bs-spinner-width: 2rem;--bs-spinner-height: 2rem;--bs-spinner-vertical-align: -.125em;--bs-spinner-border-width: .25em;--bs-spinner-animation-speed: .75s;--bs-spinner-animation-name: spinner-border;border:var(--bs-spinner-border-width) solid currentcolor;border-right-color:transparent}.spinner-border-sm{--bs-spinner-width: 1rem;--bs-spinner-height: 1rem;--bs-spinner-border-width: .2em}@keyframes spinner-grow{0%{transform:scale(0)}50%{opacity:1;transform:none}}.spinner-grow{--bs-spinner-width: 2rem;--bs-spinner-height: 2rem;--bs-spinner-vertical-align: -.125em;--bs-spinner-animation-speed: .75s;--bs-spinner-animation-name: spinner-grow;background-color:currentcolor;opacity:0}.spinner-grow-sm{--bs-spinner-width: 1rem;--bs-spinner-height: 1rem}@media (prefers-reduced-motion: reduce){.spinner-border,.spinner-grow{--bs-spinner-animation-speed: 1.5s}}.offcanvas,.offcanvas-xxl,.offcanvas-xl,.offcanvas-lg,.offcanvas-md,.offcanvas-sm{--bs-offcanvas-zindex: 1045;--bs-offcanvas-width: 400px;--bs-offcanvas-height: 30vh;--bs-offcanvas-padding-x: 1rem;--bs-offcanvas-padding-y: 1rem;--bs-offcanvas-color: var(--bs-body-color);--bs-offcanvas-bg: var(--bs-body-bg);--bs-offcanvas-border-width: var(--bs-border-width);--bs-offcanvas-border-color: var(--bs-border-color-translucent);--bs-offcanvas-box-shadow: var(--bs-box-shadow-sm);--bs-offcanvas-transition: transform .3s ease-in-out;--bs-offcanvas-title-line-height: 1.5}@media (max-width: 575.98px){.offcanvas-sm{position:fixed;bottom:0;z-index:var(--bs-offcanvas-zindex);display:flex;flex-direction:column;max-width:100%;color:var(--bs-offcanvas-color);visibility:hidden;background-color:var(--bs-offcanvas-bg);background-clip:padding-box;outline:0;transition:var(--bs-offcanvas-transition)}}@media (max-width: 575.98px) and (prefers-reduced-motion: reduce){.offcanvas-sm{transition:none}}@media (max-width: 575.98px){.offcanvas-sm.offcanvas-start{top:0;left:0;width:var(--bs-offcanvas-width);border-right:var(--bs-offcanvas-border-width) solid var(--bs-offcanvas-border-color);transform:translate(-100%)}.offcanvas-sm.offcanvas-end{top:0;right:0;width:var(--bs-offcanvas-width);border-left:var(--bs-offcanvas-border-width) solid var(--bs-offcanvas-border-color);transform:translate(100%)}.offcanvas-sm.offcanvas-top{top:0;right:0;left:0;height:var(--bs-offcanvas-height);max-height:100%;border-bottom:var(--bs-offcanvas-border-width) solid var(--bs-offcanvas-border-color);transform:translateY(-100%)}.offcanvas-sm.offcanvas-bottom{right:0;left:0;height:var(--bs-offcanvas-height);max-height:100%;border-top:var(--bs-offcanvas-border-width) solid var(--bs-offcanvas-border-color);transform:translateY(100%)}.offcanvas-sm.showing,.offcanvas-sm.show:not(.hiding){transform:none}.offcanvas-sm.showing,.offcanvas-sm.hiding,.offcanvas-sm.show{visibility:visible}}@media (min-width: 576px){.offcanvas-sm{--bs-offcanvas-height: auto;--bs-offcanvas-border-width: 0;background-color:transparent!important}.offcanvas-sm .offcanvas-header{display:none}.offcanvas-sm .offcanvas-body{display:flex;flex-grow:0;padding:0;overflow-y:visible;background-color:transparent!important}}@media (max-width: 767.98px){.offcanvas-md{position:fixed;bottom:0;z-index:var(--bs-offcanvas-zindex);display:flex;flex-direction:column;max-width:100%;color:var(--bs-offcanvas-color);visibility:hidden;background-color:var(--bs-offcanvas-bg);background-clip:padding-box;outline:0;transition:var(--bs-offcanvas-transition)}}@media (max-width: 767.98px) and (prefers-reduced-motion: reduce){.offcanvas-md{transition:none}}@media (max-width: 767.98px){.offcanvas-md.offcanvas-start{top:0;left:0;width:var(--bs-offcanvas-width);border-right:var(--bs-offcanvas-border-width) solid var(--bs-offcanvas-border-color);transform:translate(-100%)}.offcanvas-md.offcanvas-end{top:0;right:0;width:var(--bs-offcanvas-width);border-left:var(--bs-offcanvas-border-width) solid var(--bs-offcanvas-border-color);transform:translate(100%)}.offcanvas-md.offcanvas-top{top:0;right:0;left:0;height:var(--bs-offcanvas-height);max-height:100%;border-bottom:var(--bs-offcanvas-border-width) solid var(--bs-offcanvas-border-color);transform:translateY(-100%)}.offcanvas-md.offcanvas-bottom{right:0;left:0;height:var(--bs-offcanvas-height);max-height:100%;border-top:var(--bs-offcanvas-border-width) solid var(--bs-offcanvas-border-color);transform:translateY(100%)}.offcanvas-md.showing,.offcanvas-md.show:not(.hiding){transform:none}.offcanvas-md.showing,.offcanvas-md.hiding,.offcanvas-md.show{visibility:visible}}@media (min-width: 768px){.offcanvas-md{--bs-offcanvas-height: auto;--bs-offcanvas-border-width: 0;background-color:transparent!important}.offcanvas-md .offcanvas-header{display:none}.offcanvas-md .offcanvas-body{display:flex;flex-grow:0;padding:0;overflow-y:visible;background-color:transparent!important}}@media (max-width: 991.98px){.offcanvas-lg{position:fixed;bottom:0;z-index:var(--bs-offcanvas-zindex);display:flex;flex-direction:column;max-width:100%;color:var(--bs-offcanvas-color);visibility:hidden;background-color:var(--bs-offcanvas-bg);background-clip:padding-box;outline:0;transition:var(--bs-offcanvas-transition)}}@media (max-width: 991.98px) and (prefers-reduced-motion: reduce){.offcanvas-lg{transition:none}}@media (max-width: 991.98px){.offcanvas-lg.offcanvas-start{top:0;left:0;width:var(--bs-offcanvas-width);border-right:var(--bs-offcanvas-border-width) solid var(--bs-offcanvas-border-color);transform:translate(-100%)}.offcanvas-lg.offcanvas-end{top:0;right:0;width:var(--bs-offcanvas-width);border-left:var(--bs-offcanvas-border-width) solid var(--bs-offcanvas-border-color);transform:translate(100%)}.offcanvas-lg.offcanvas-top{top:0;right:0;left:0;height:var(--bs-offcanvas-height);max-height:100%;border-bottom:var(--bs-offcanvas-border-width) solid var(--bs-offcanvas-border-color);transform:translateY(-100%)}.offcanvas-lg.offcanvas-bottom{right:0;left:0;height:var(--bs-offcanvas-height);max-height:100%;border-top:var(--bs-offcanvas-border-width) solid var(--bs-offcanvas-border-color);transform:translateY(100%)}.offcanvas-lg.showing,.offcanvas-lg.show:not(.hiding){transform:none}.offcanvas-lg.showing,.offcanvas-lg.hiding,.offcanvas-lg.show{visibility:visible}}@media (min-width: 992px){.offcanvas-lg{--bs-offcanvas-height: auto;--bs-offcanvas-border-width: 0;background-color:transparent!important}.offcanvas-lg .offcanvas-header{display:none}.offcanvas-lg .offcanvas-body{display:flex;flex-grow:0;padding:0;overflow-y:visible;background-color:transparent!important}}@media (max-width: 1199.98px){.offcanvas-xl{position:fixed;bottom:0;z-index:var(--bs-offcanvas-zindex);display:flex;flex-direction:column;max-width:100%;color:var(--bs-offcanvas-color);visibility:hidden;background-color:var(--bs-offcanvas-bg);background-clip:padding-box;outline:0;transition:var(--bs-offcanvas-transition)}}@media (max-width: 1199.98px) and (prefers-reduced-motion: reduce){.offcanvas-xl{transition:none}}@media (max-width: 1199.98px){.offcanvas-xl.offcanvas-start{top:0;left:0;width:var(--bs-offcanvas-width);border-right:var(--bs-offcanvas-border-width) solid var(--bs-offcanvas-border-color);transform:translate(-100%)}.offcanvas-xl.offcanvas-end{top:0;right:0;width:var(--bs-offcanvas-width);border-left:var(--bs-offcanvas-border-width) solid var(--bs-offcanvas-border-color);transform:translate(100%)}.offcanvas-xl.offcanvas-top{top:0;right:0;left:0;height:var(--bs-offcanvas-height);max-height:100%;border-bottom:var(--bs-offcanvas-border-width) solid var(--bs-offcanvas-border-color);transform:translateY(-100%)}.offcanvas-xl.offcanvas-bottom{right:0;left:0;height:var(--bs-offcanvas-height);max-height:100%;border-top:var(--bs-offcanvas-border-width) solid var(--bs-offcanvas-border-color);transform:translateY(100%)}.offcanvas-xl.showing,.offcanvas-xl.show:not(.hiding){transform:none}.offcanvas-xl.showing,.offcanvas-xl.hiding,.offcanvas-xl.show{visibility:visible}}@media (min-width: 1200px){.offcanvas-xl{--bs-offcanvas-height: auto;--bs-offcanvas-border-width: 0;background-color:transparent!important}.offcanvas-xl .offcanvas-header{display:none}.offcanvas-xl .offcanvas-body{display:flex;flex-grow:0;padding:0;overflow-y:visible;background-color:transparent!important}}@media (max-width: 1399.98px){.offcanvas-xxl{position:fixed;bottom:0;z-index:var(--bs-offcanvas-zindex);display:flex;flex-direction:column;max-width:100%;color:var(--bs-offcanvas-color);visibility:hidden;background-color:var(--bs-offcanvas-bg);background-clip:padding-box;outline:0;transition:var(--bs-offcanvas-transition)}}@media (max-width: 1399.98px) and (prefers-reduced-motion: reduce){.offcanvas-xxl{transition:none}}@media (max-width: 1399.98px){.offcanvas-xxl.offcanvas-start{top:0;left:0;width:var(--bs-offcanvas-width);border-right:var(--bs-offcanvas-border-width) solid var(--bs-offcanvas-border-color);transform:translate(-100%)}.offcanvas-xxl.offcanvas-end{top:0;right:0;width:var(--bs-offcanvas-width);border-left:var(--bs-offcanvas-border-width) solid var(--bs-offcanvas-border-color);transform:translate(100%)}.offcanvas-xxl.offcanvas-top{top:0;right:0;left:0;height:var(--bs-offcanvas-height);max-height:100%;border-bottom:var(--bs-offcanvas-border-width) solid var(--bs-offcanvas-border-color);transform:translateY(-100%)}.offcanvas-xxl.offcanvas-bottom{right:0;left:0;height:var(--bs-offcanvas-height);max-height:100%;border-top:var(--bs-offcanvas-border-width) solid var(--bs-offcanvas-border-color);transform:translateY(100%)}.offcanvas-xxl.showing,.offcanvas-xxl.show:not(.hiding){transform:none}.offcanvas-xxl.showing,.offcanvas-xxl.hiding,.offcanvas-xxl.show{visibility:visible}}@media (min-width: 1400px){.offcanvas-xxl{--bs-offcanvas-height: auto;--bs-offcanvas-border-width: 0;background-color:transparent!important}.offcanvas-xxl .offcanvas-header{display:none}.offcanvas-xxl .offcanvas-body{display:flex;flex-grow:0;padding:0;overflow-y:visible;background-color:transparent!important}}.offcanvas{position:fixed;bottom:0;z-index:var(--bs-offcanvas-zindex);display:flex;flex-direction:column;max-width:100%;color:var(--bs-offcanvas-color);visibility:hidden;background-color:var(--bs-offcanvas-bg);background-clip:padding-box;outline:0;transition:var(--bs-offcanvas-transition)}@media (prefers-reduced-motion: reduce){.offcanvas{transition:none}}.offcanvas.offcanvas-start{top:0;left:0;width:var(--bs-offcanvas-width);border-right:var(--bs-offcanvas-border-width) solid var(--bs-offcanvas-border-color);transform:translate(-100%)}.offcanvas.offcanvas-end{top:0;right:0;width:var(--bs-offcanvas-width);border-left:var(--bs-offcanvas-border-width) solid var(--bs-offcanvas-border-color);transform:translate(100%)}.offcanvas.offcanvas-top{top:0;right:0;left:0;height:var(--bs-offcanvas-height);max-height:100%;border-bottom:var(--bs-offcanvas-border-width) solid var(--bs-offcanvas-border-color);transform:translateY(-100%)}.offcanvas.offcanvas-bottom{right:0;left:0;height:var(--bs-offcanvas-height);max-height:100%;border-top:var(--bs-offcanvas-border-width) solid var(--bs-offcanvas-border-color);transform:translateY(100%)}.offcanvas.showing,.offcanvas.show:not(.hiding){transform:none}.offcanvas.showing,.offcanvas.hiding,.offcanvas.show{visibility:visible}.offcanvas-backdrop{position:fixed;top:0;left:0;z-index:1040;width:100vw;height:100vh;background-color:#000}.offcanvas-backdrop.fade{opacity:0}.offcanvas-backdrop.show{opacity:.5}.offcanvas-header{display:flex;align-items:center;padding:var(--bs-offcanvas-padding-y) var(--bs-offcanvas-padding-x)}.offcanvas-header .btn-close{padding:calc(var(--bs-offcanvas-padding-y) * .5) calc(var(--bs-offcanvas-padding-x) * .5);margin-top:calc(-.5 * var(--bs-offcanvas-padding-y));margin-right:calc(-.5 * var(--bs-offcanvas-padding-x));margin-bottom:calc(-.5 * var(--bs-offcanvas-padding-y));margin-left:auto}.offcanvas-title{margin-bottom:0;line-height:var(--bs-offcanvas-title-line-height)}.offcanvas-body{flex-grow:1;padding:var(--bs-offcanvas-padding-y) var(--bs-offcanvas-padding-x);overflow-y:auto}.placeholder{display:inline-block;min-height:1em;vertical-align:middle;cursor:wait;background-color:currentcolor;opacity:.5}.placeholder.btn:before{display:inline-block;content:""}.placeholder-xs{min-height:.6em}.placeholder-sm{min-height:.8em}.placeholder-lg{min-height:1.2em}.placeholder-glow .placeholder{animation:placeholder-glow 2s ease-in-out infinite}@keyframes placeholder-glow{50%{opacity:.2}}.placeholder-wave{-webkit-mask-image:linear-gradient(130deg,#000 55%,rgba(0,0,0,.8) 75%,#000 95%);mask-image:linear-gradient(130deg,#000 55%,#000c,#000 95%);-webkit-mask-size:200% 100%;mask-size:200% 100%;animation:placeholder-wave 2s linear infinite}@keyframes placeholder-wave{to{-webkit-mask-position:-200% 0%;mask-position:-200% 0%}}.clearfix:after{display:block;clear:both;content:""}.text-bg-primary{color:#fff!important;background-color:RGBA(var(--bs-primary-rgb),var(--bs-bg-opacity, 1))!important}.text-bg-secondary{color:#fff!important;background-color:RGBA(var(--bs-secondary-rgb),var(--bs-bg-opacity, 1))!important}.text-bg-success{color:#fff!important;background-color:RGBA(var(--bs-success-rgb),var(--bs-bg-opacity, 1))!important}.text-bg-info{color:#000!important;background-color:RGBA(var(--bs-info-rgb),var(--bs-bg-opacity, 1))!important}.text-bg-warning{color:#000!important;background-color:RGBA(var(--bs-warning-rgb),var(--bs-bg-opacity, 1))!important}.text-bg-danger{color:#fff!important;background-color:RGBA(var(--bs-danger-rgb),var(--bs-bg-opacity, 1))!important}.text-bg-light{color:#000!important;background-color:RGBA(var(--bs-light-rgb),var(--bs-bg-opacity, 1))!important}.text-bg-dark{color:#fff!important;background-color:RGBA(var(--bs-dark-rgb),var(--bs-bg-opacity, 1))!important}.link-primary{color:RGBA(var(--bs-primary-rgb),var(--bs-link-opacity, 1))!important;-webkit-text-decoration-color:RGBA(var(--bs-primary-rgb),var(--bs-link-underline-opacity, 1))!important;text-decoration-color:RGBA(var(--bs-primary-rgb),var(--bs-link-underline-opacity, 1))!important}.link-primary:hover,.link-primary:focus{color:RGBA(10,88,202,var(--bs-link-opacity, 1))!important;-webkit-text-decoration-color:RGBA(10,88,202,var(--bs-link-underline-opacity, 1))!important;text-decoration-color:RGBA(10,88,202,var(--bs-link-underline-opacity, 1))!important}.link-secondary{color:RGBA(var(--bs-secondary-rgb),var(--bs-link-opacity, 1))!important;-webkit-text-decoration-color:RGBA(var(--bs-secondary-rgb),var(--bs-link-underline-opacity, 1))!important;text-decoration-color:RGBA(var(--bs-secondary-rgb),var(--bs-link-underline-opacity, 1))!important}.link-secondary:hover,.link-secondary:focus{color:RGBA(86,94,100,var(--bs-link-opacity, 1))!important;-webkit-text-decoration-color:RGBA(86,94,100,var(--bs-link-underline-opacity, 1))!important;text-decoration-color:RGBA(86,94,100,var(--bs-link-underline-opacity, 1))!important}.link-success{color:RGBA(var(--bs-success-rgb),var(--bs-link-opacity, 1))!important;-webkit-text-decoration-color:RGBA(var(--bs-success-rgb),var(--bs-link-underline-opacity, 1))!important;text-decoration-color:RGBA(var(--bs-success-rgb),var(--bs-link-underline-opacity, 1))!important}.link-success:hover,.link-success:focus{color:RGBA(20,108,67,var(--bs-link-opacity, 1))!important;-webkit-text-decoration-color:RGBA(20,108,67,var(--bs-link-underline-opacity, 1))!important;text-decoration-color:RGBA(20,108,67,var(--bs-link-underline-opacity, 1))!important}.link-info{color:RGBA(var(--bs-info-rgb),var(--bs-link-opacity, 1))!important;-webkit-text-decoration-color:RGBA(var(--bs-info-rgb),var(--bs-link-underline-opacity, 1))!important;text-decoration-color:RGBA(var(--bs-info-rgb),var(--bs-link-underline-opacity, 1))!important}.link-info:hover,.link-info:focus{color:RGBA(61,213,243,var(--bs-link-opacity, 1))!important;-webkit-text-decoration-color:RGBA(61,213,243,var(--bs-link-underline-opacity, 1))!important;text-decoration-color:RGBA(61,213,243,var(--bs-link-underline-opacity, 1))!important}.link-warning{color:RGBA(var(--bs-warning-rgb),var(--bs-link-opacity, 1))!important;-webkit-text-decoration-color:RGBA(var(--bs-warning-rgb),var(--bs-link-underline-opacity, 1))!important;text-decoration-color:RGBA(var(--bs-warning-rgb),var(--bs-link-underline-opacity, 1))!important}.link-warning:hover,.link-warning:focus{color:RGBA(255,205,57,var(--bs-link-opacity, 1))!important;-webkit-text-decoration-color:RGBA(255,205,57,var(--bs-link-underline-opacity, 1))!important;text-decoration-color:RGBA(255,205,57,var(--bs-link-underline-opacity, 1))!important}.link-danger{color:RGBA(var(--bs-danger-rgb),var(--bs-link-opacity, 1))!important;-webkit-text-decoration-color:RGBA(var(--bs-danger-rgb),var(--bs-link-underline-opacity, 1))!important;text-decoration-color:RGBA(var(--bs-danger-rgb),var(--bs-link-underline-opacity, 1))!important}.link-danger:hover,.link-danger:focus{color:RGBA(176,42,55,var(--bs-link-opacity, 1))!important;-webkit-text-decoration-color:RGBA(176,42,55,var(--bs-link-underline-opacity, 1))!important;text-decoration-color:RGBA(176,42,55,var(--bs-link-underline-opacity, 1))!important}.link-light{color:RGBA(var(--bs-light-rgb),var(--bs-link-opacity, 1))!important;-webkit-text-decoration-color:RGBA(var(--bs-light-rgb),var(--bs-link-underline-opacity, 1))!important;text-decoration-color:RGBA(var(--bs-light-rgb),var(--bs-link-underline-opacity, 1))!important}.link-light:hover,.link-light:focus{color:RGBA(249,250,251,var(--bs-link-opacity, 1))!important;-webkit-text-decoration-color:RGBA(249,250,251,var(--bs-link-underline-opacity, 1))!important;text-decoration-color:RGBA(249,250,251,var(--bs-link-underline-opacity, 1))!important}.link-dark{color:RGBA(var(--bs-dark-rgb),var(--bs-link-opacity, 1))!important;-webkit-text-decoration-color:RGBA(var(--bs-dark-rgb),var(--bs-link-underline-opacity, 1))!important;text-decoration-color:RGBA(var(--bs-dark-rgb),var(--bs-link-underline-opacity, 1))!important}.link-dark:hover,.link-dark:focus{color:RGBA(26,30,33,var(--bs-link-opacity, 1))!important;-webkit-text-decoration-color:RGBA(26,30,33,var(--bs-link-underline-opacity, 1))!important;text-decoration-color:RGBA(26,30,33,var(--bs-link-underline-opacity, 1))!important}.link-body-emphasis{color:RGBA(var(--bs-emphasis-color-rgb),var(--bs-link-opacity, 1))!important;-webkit-text-decoration-color:RGBA(var(--bs-emphasis-color-rgb),var(--bs-link-underline-opacity, 1))!important;text-decoration-color:RGBA(var(--bs-emphasis-color-rgb),var(--bs-link-underline-opacity, 1))!important}.link-body-emphasis:hover,.link-body-emphasis:focus{color:RGBA(var(--bs-emphasis-color-rgb),var(--bs-link-opacity, .75))!important;-webkit-text-decoration-color:RGBA(var(--bs-emphasis-color-rgb),var(--bs-link-underline-opacity, .75))!important;text-decoration-color:RGBA(var(--bs-emphasis-color-rgb),var(--bs-link-underline-opacity, .75))!important}.focus-ring:focus{outline:0;box-shadow:var(--bs-focus-ring-x, 0) var(--bs-focus-ring-y, 0) var(--bs-focus-ring-blur, 0) var(--bs-focus-ring-width) var(--bs-focus-ring-color)}.icon-link{display:inline-flex;gap:.375rem;align-items:center;-webkit-text-decoration-color:rgba(var(--bs-link-color-rgb),var(--bs-link-opacity, .5));text-decoration-color:rgba(var(--bs-link-color-rgb),var(--bs-link-opacity, .5));text-underline-offset:.25em;-webkit-backface-visibility:hidden;backface-visibility:hidden}.icon-link>.bi{flex-shrink:0;width:1em;height:1em;fill:currentcolor;transition:.2s ease-in-out transform}@media (prefers-reduced-motion: reduce){.icon-link>.bi{transition:none}}.icon-link-hover:hover>.bi,.icon-link-hover:focus-visible>.bi{transform:var(--bs-icon-link-transform, translate3d(.25em, 0, 0))}.ratio{position:relative;width:100%}.ratio:before{display:block;padding-top:var(--bs-aspect-ratio);content:""}.ratio>*{position:absolute;top:0;left:0;width:100%;height:100%}.ratio-1x1{--bs-aspect-ratio: 100%}.ratio-4x3{--bs-aspect-ratio: 75%}.ratio-16x9{--bs-aspect-ratio: 56.25%}.ratio-21x9{--bs-aspect-ratio: 42.8571428571%}.fixed-top{position:fixed;top:0;right:0;left:0;z-index:1030}.fixed-bottom{position:fixed;right:0;bottom:0;left:0;z-index:1030}.sticky-top{position:-webkit-sticky;position:sticky;top:0;z-index:1020}.sticky-bottom{position:-webkit-sticky;position:sticky;bottom:0;z-index:1020}@media (min-width: 576px){.sticky-sm-top{position:-webkit-sticky;position:sticky;top:0;z-index:1020}.sticky-sm-bottom{position:-webkit-sticky;position:sticky;bottom:0;z-index:1020}}@media (min-width: 768px){.sticky-md-top{position:-webkit-sticky;position:sticky;top:0;z-index:1020}.sticky-md-bottom{position:-webkit-sticky;position:sticky;bottom:0;z-index:1020}}@media (min-width: 992px){.sticky-lg-top{position:-webkit-sticky;position:sticky;top:0;z-index:1020}.sticky-lg-bottom{position:-webkit-sticky;position:sticky;bottom:0;z-index:1020}}@media (min-width: 1200px){.sticky-xl-top{position:-webkit-sticky;position:sticky;top:0;z-index:1020}.sticky-xl-bottom{position:-webkit-sticky;position:sticky;bottom:0;z-index:1020}}@media (min-width: 1400px){.sticky-xxl-top{position:-webkit-sticky;position:sticky;top:0;z-index:1020}.sticky-xxl-bottom{position:-webkit-sticky;position:sticky;bottom:0;z-index:1020}}.hstack{display:flex;flex-direction:row;align-items:center;align-self:stretch}.vstack{display:flex;flex:1 1 auto;flex-direction:column;align-self:stretch}.visually-hidden,.visually-hidden-focusable:not(:focus):not(:focus-within){width:1px!important;height:1px!important;padding:0!important;margin:-1px!important;overflow:hidden!important;clip:rect(0,0,0,0)!important;white-space:nowrap!important;border:0!important}.visually-hidden:not(caption),.visually-hidden-focusable:not(:focus):not(:focus-within):not(caption){position:absolute!important}.visually-hidden *,.visually-hidden-focusable:not(:focus):not(:focus-within) *{overflow:hidden!important}.stretched-link:after{position:absolute;inset:0;z-index:1;content:""}.text-truncate{overflow:hidden;text-overflow:ellipsis;white-space:nowrap}.vr{display:inline-block;align-self:stretch;width:var(--bs-border-width);min-height:1em;background-color:currentcolor;opacity:.25}.align-baseline{vertical-align:baseline!important}.align-top{vertical-align:top!important}.align-middle{vertical-align:middle!important}.align-bottom{vertical-align:bottom!important}.align-text-bottom{vertical-align:text-bottom!important}.align-text-top{vertical-align:text-top!important}.float-start{float:left!important}.float-end{float:right!important}.float-none{float:none!important}.object-fit-contain{-o-object-fit:contain!important;object-fit:contain!important}.object-fit-cover{-o-object-fit:cover!important;object-fit:cover!important}.object-fit-fill{-o-object-fit:fill!important;object-fit:fill!important}.object-fit-scale{-o-object-fit:scale-down!important;object-fit:scale-down!important}.object-fit-none{-o-object-fit:none!important;object-fit:none!important}.opacity-0{opacity:0!important}.opacity-25{opacity:.25!important}.opacity-50{opacity:.5!important}.opacity-75{opacity:.75!important}.opacity-100{opacity:1!important}.overflow-auto{overflow:auto!important}.overflow-hidden{overflow:hidden!important}.overflow-visible{overflow:visible!important}.overflow-scroll{overflow:scroll!important}.overflow-x-auto{overflow-x:auto!important}.overflow-x-hidden{overflow-x:hidden!important}.overflow-x-visible{overflow-x:visible!important}.overflow-x-scroll{overflow-x:scroll!important}.overflow-y-auto{overflow-y:auto!important}.overflow-y-hidden{overflow-y:hidden!important}.overflow-y-visible{overflow-y:visible!important}.overflow-y-scroll{overflow-y:scroll!important}.d-inline{display:inline!important}.d-inline-block{display:inline-block!important}.d-block{display:block!important}.d-grid{display:grid!important}.d-inline-grid{display:inline-grid!important}.d-table{display:table!important}.d-table-row{display:table-row!important}.d-table-cell{display:table-cell!important}.d-flex{display:flex!important}.d-inline-flex{display:inline-flex!important}.d-none{display:none!important}.shadow{box-shadow:var(--bs-box-shadow)!important}.shadow-sm{box-shadow:var(--bs-box-shadow-sm)!important}.shadow-lg{box-shadow:var(--bs-box-shadow-lg)!important}.shadow-none{box-shadow:none!important}.focus-ring-primary{--bs-focus-ring-color: rgba(var(--bs-primary-rgb), var(--bs-focus-ring-opacity))}.focus-ring-secondary{--bs-focus-ring-color: rgba(var(--bs-secondary-rgb), var(--bs-focus-ring-opacity))}.focus-ring-success{--bs-focus-ring-color: rgba(var(--bs-success-rgb), var(--bs-focus-ring-opacity))}.focus-ring-info{--bs-focus-ring-color: rgba(var(--bs-info-rgb), var(--bs-focus-ring-opacity))}.focus-ring-warning{--bs-focus-ring-color: rgba(var(--bs-warning-rgb), var(--bs-focus-ring-opacity))}.focus-ring-danger{--bs-focus-ring-color: rgba(var(--bs-danger-rgb), var(--bs-focus-ring-opacity))}.focus-ring-light{--bs-focus-ring-color: rgba(var(--bs-light-rgb), var(--bs-focus-ring-opacity))}.focus-ring-dark{--bs-focus-ring-color: rgba(var(--bs-dark-rgb), var(--bs-focus-ring-opacity))}.position-static{position:static!important}.position-relative{position:relative!important}.position-absolute{position:absolute!important}.position-fixed{position:fixed!important}.position-sticky{position:-webkit-sticky!important;position:sticky!important}.top-0{top:0!important}.top-50{top:50%!important}.top-100{top:100%!important}.bottom-0{bottom:0!important}.bottom-50{bottom:50%!important}.bottom-100{bottom:100%!important}.start-0{left:0!important}.start-50{left:50%!important}.start-100{left:100%!important}.end-0{right:0!important}.end-50{right:50%!important}.end-100{right:100%!important}.translate-middle{transform:translate(-50%,-50%)!important}.translate-middle-x{transform:translate(-50%)!important}.translate-middle-y{transform:translateY(-50%)!important}.border{border:var(--bs-border-width) var(--bs-border-style) var(--bs-border-color)!important}.border-0{border:0!important}.border-top{border-top:var(--bs-border-width) var(--bs-border-style) var(--bs-border-color)!important}.border-top-0{border-top:0!important}.border-end{border-right:var(--bs-border-width) var(--bs-border-style) var(--bs-border-color)!important}.border-end-0{border-right:0!important}.border-bottom{border-bottom:var(--bs-border-width) var(--bs-border-style) var(--bs-border-color)!important}.border-bottom-0{border-bottom:0!important}.border-start{border-left:var(--bs-border-width) var(--bs-border-style) var(--bs-border-color)!important}.border-start-0{border-left:0!important}.border-primary{--bs-border-opacity: 1;border-color:rgba(var(--bs-primary-rgb),var(--bs-border-opacity))!important}.border-secondary{--bs-border-opacity: 1;border-color:rgba(var(--bs-secondary-rgb),var(--bs-border-opacity))!important}.border-success{--bs-border-opacity: 1;border-color:rgba(var(--bs-success-rgb),var(--bs-border-opacity))!important}.border-info{--bs-border-opacity: 1;border-color:rgba(var(--bs-info-rgb),var(--bs-border-opacity))!important}.border-warning{--bs-border-opacity: 1;border-color:rgba(var(--bs-warning-rgb),var(--bs-border-opacity))!important}.border-danger{--bs-border-opacity: 1;border-color:rgba(var(--bs-danger-rgb),var(--bs-border-opacity))!important}.border-light{--bs-border-opacity: 1;border-color:rgba(var(--bs-light-rgb),var(--bs-border-opacity))!important}.border-dark{--bs-border-opacity: 1;border-color:rgba(var(--bs-dark-rgb),var(--bs-border-opacity))!important}.border-black{--bs-border-opacity: 1;border-color:rgba(var(--bs-black-rgb),var(--bs-border-opacity))!important}.border-white{--bs-border-opacity: 1;border-color:rgba(var(--bs-white-rgb),var(--bs-border-opacity))!important}.border-primary-subtle{border-color:var(--bs-primary-border-subtle)!important}.border-secondary-subtle{border-color:var(--bs-secondary-border-subtle)!important}.border-success-subtle{border-color:var(--bs-success-border-subtle)!important}.border-info-subtle{border-color:var(--bs-info-border-subtle)!important}.border-warning-subtle{border-color:var(--bs-warning-border-subtle)!important}.border-danger-subtle{border-color:var(--bs-danger-border-subtle)!important}.border-light-subtle{border-color:var(--bs-light-border-subtle)!important}.border-dark-subtle{border-color:var(--bs-dark-border-subtle)!important}.border-1{border-width:1px!important}.border-2{border-width:2px!important}.border-3{border-width:3px!important}.border-4{border-width:4px!important}.border-5{border-width:5px!important}.border-opacity-10{--bs-border-opacity: .1}.border-opacity-25{--bs-border-opacity: .25}.border-opacity-50{--bs-border-opacity: .5}.border-opacity-75{--bs-border-opacity: .75}.border-opacity-100{--bs-border-opacity: 1}.w-25{width:25%!important}.w-50{width:50%!important}.w-75{width:75%!important}.w-100{width:100%!important}.w-auto{width:auto!important}.mw-100{max-width:100%!important}.vw-100{width:100vw!important}.min-vw-100{min-width:100vw!important}.h-25{height:25%!important}.h-50{height:50%!important}.h-75{height:75%!important}.h-100{height:100%!important}.h-auto{height:auto!important}.mh-100{max-height:100%!important}.vh-100{height:100vh!important}.min-vh-100{min-height:100vh!important}.flex-fill{flex:1 1 auto!important}.flex-row{flex-direction:row!important}.flex-column{flex-direction:column!important}.flex-row-reverse{flex-direction:row-reverse!important}.flex-column-reverse{flex-direction:column-reverse!important}.flex-grow-0{flex-grow:0!important}.flex-grow-1{flex-grow:1!important}.flex-shrink-0{flex-shrink:0!important}.flex-shrink-1{flex-shrink:1!important}.flex-wrap{flex-wrap:wrap!important}.flex-nowrap{flex-wrap:nowrap!important}.flex-wrap-reverse{flex-wrap:wrap-reverse!important}.justify-content-start{justify-content:flex-start!important}.justify-content-end{justify-content:flex-end!important}.justify-content-center{justify-content:center!important}.justify-content-between{justify-content:space-between!important}.justify-content-around{justify-content:space-around!important}.justify-content-evenly{justify-content:space-evenly!important}.align-items-start{align-items:flex-start!important}.align-items-end{align-items:flex-end!important}.align-items-center{align-items:center!important}.align-items-baseline{align-items:baseline!important}.align-items-stretch{align-items:stretch!important}.align-content-start{align-content:flex-start!important}.align-content-end{align-content:flex-end!important}.align-content-center{align-content:center!important}.align-content-between{align-content:space-between!important}.align-content-around{align-content:space-around!important}.align-content-stretch{align-content:stretch!important}.align-self-auto{align-self:auto!important}.align-self-start{align-self:flex-start!important}.align-self-end{align-self:flex-end!important}.align-self-center{align-self:center!important}.align-self-baseline{align-self:baseline!important}.align-self-stretch{align-self:stretch!important}.order-first{order:-1!important}.order-0{order:0!important}.order-1{order:1!important}.order-2{order:2!important}.order-3{order:3!important}.order-4{order:4!important}.order-5{order:5!important}.order-last{order:6!important}.m-0{margin:0!important}.m-1{margin:.25rem!important}.m-2{margin:.5rem!important}.m-3{margin:1rem!important}.m-4{margin:1.5rem!important}.m-5{margin:3rem!important}.m-auto{margin:auto!important}.mx-0{margin-right:0!important;margin-left:0!important}.mx-1{margin-right:.25rem!important;margin-left:.25rem!important}.mx-2{margin-right:.5rem!important;margin-left:.5rem!important}.mx-3{margin-right:1rem!important;margin-left:1rem!important}.mx-4{margin-right:1.5rem!important;margin-left:1.5rem!important}.mx-5{margin-right:3rem!important;margin-left:3rem!important}.mx-auto{margin-right:auto!important;margin-left:auto!important}.my-0{margin-top:0!important;margin-bottom:0!important}.my-1{margin-top:.25rem!important;margin-bottom:.25rem!important}.my-2{margin-top:.5rem!important;margin-bottom:.5rem!important}.my-3{margin-top:1rem!important;margin-bottom:1rem!important}.my-4{margin-top:1.5rem!important;margin-bottom:1.5rem!important}.my-5{margin-top:3rem!important;margin-bottom:3rem!important}.my-auto{margin-top:auto!important;margin-bottom:auto!important}.mt-0{margin-top:0!important}.mt-1{margin-top:.25rem!important}.mt-2{margin-top:.5rem!important}.mt-3{margin-top:1rem!important}.mt-4{margin-top:1.5rem!important}.mt-5{margin-top:3rem!important}.mt-auto{margin-top:auto!important}.me-0{margin-right:0!important}.me-1{margin-right:.25rem!important}.me-2{margin-right:.5rem!important}.me-3{margin-right:1rem!important}.me-4{margin-right:1.5rem!important}.me-5{margin-right:3rem!important}.me-auto{margin-right:auto!important}.mb-0{margin-bottom:0!important}.mb-1{margin-bottom:.25rem!important}.mb-2{margin-bottom:.5rem!important}.mb-3{margin-bottom:1rem!important}.mb-4{margin-bottom:1.5rem!important}.mb-5{margin-bottom:3rem!important}.mb-auto{margin-bottom:auto!important}.ms-0{margin-left:0!important}.ms-1{margin-left:.25rem!important}.ms-2{margin-left:.5rem!important}.ms-3{margin-left:1rem!important}.ms-4{margin-left:1.5rem!important}.ms-5{margin-left:3rem!important}.ms-auto{margin-left:auto!important}.p-0{padding:0!important}.p-1{padding:.25rem!important}.p-2{padding:.5rem!important}.p-3{padding:1rem!important}.p-4{padding:1.5rem!important}.p-5{padding:3rem!important}.px-0{padding-right:0!important;padding-left:0!important}.px-1{padding-right:.25rem!important;padding-left:.25rem!important}.px-2{padding-right:.5rem!important;padding-left:.5rem!important}.px-3{padding-right:1rem!important;padding-left:1rem!important}.px-4{padding-right:1.5rem!important;padding-left:1.5rem!important}.px-5{padding-right:3rem!important;padding-left:3rem!important}.py-0{padding-top:0!important;padding-bottom:0!important}.py-1{padding-top:.25rem!important;padding-bottom:.25rem!important}.py-2{padding-top:.5rem!important;padding-bottom:.5rem!important}.py-3{padding-top:1rem!important;padding-bottom:1rem!important}.py-4{padding-top:1.5rem!important;padding-bottom:1.5rem!important}.py-5{padding-top:3rem!important;padding-bottom:3rem!important}.pt-0{padding-top:0!important}.pt-1{padding-top:.25rem!important}.pt-2{padding-top:.5rem!important}.pt-3{padding-top:1rem!important}.pt-4{padding-top:1.5rem!important}.pt-5{padding-top:3rem!important}.pe-0{padding-right:0!important}.pe-1{padding-right:.25rem!important}.pe-2{padding-right:.5rem!important}.pe-3{padding-right:1rem!important}.pe-4{padding-right:1.5rem!important}.pe-5{padding-right:3rem!important}.pb-0{padding-bottom:0!important}.pb-1{padding-bottom:.25rem!important}.pb-2{padding-bottom:.5rem!important}.pb-3{padding-bottom:1rem!important}.pb-4{padding-bottom:1.5rem!important}.pb-5{padding-bottom:3rem!important}.ps-0{padding-left:0!important}.ps-1{padding-left:.25rem!important}.ps-2{padding-left:.5rem!important}.ps-3{padding-left:1rem!important}.ps-4{padding-left:1.5rem!important}.ps-5{padding-left:3rem!important}.gap-0{gap:0!important}.gap-1{gap:.25rem!important}.gap-2{gap:.5rem!important}.gap-3{gap:1rem!important}.gap-4{gap:1.5rem!important}.gap-5{gap:3rem!important}.row-gap-0{row-gap:0!important}.row-gap-1{row-gap:.25rem!important}.row-gap-2{row-gap:.5rem!important}.row-gap-3{row-gap:1rem!important}.row-gap-4{row-gap:1.5rem!important}.row-gap-5{row-gap:3rem!important}.column-gap-0{-moz-column-gap:0!important;column-gap:0!important}.column-gap-1{-moz-column-gap:.25rem!important;column-gap:.25rem!important}.column-gap-2{-moz-column-gap:.5rem!important;column-gap:.5rem!important}.column-gap-3{-moz-column-gap:1rem!important;column-gap:1rem!important}.column-gap-4{-moz-column-gap:1.5rem!important;column-gap:1.5rem!important}.column-gap-5{-moz-column-gap:3rem!important;column-gap:3rem!important}.font-monospace{font-family:var(--bs-font-monospace)!important}.fs-1{font-size:calc(1.375rem + 1.5vw)!important}.fs-2{font-size:calc(1.325rem + .9vw)!important}.fs-3{font-size:calc(1.3rem + .6vw)!important}.fs-4{font-size:calc(1.275rem + .3vw)!important}.fs-5{font-size:1.25rem!important}.fs-6{font-size:1rem!important}.fst-italic{font-style:italic!important}.fst-normal{font-style:normal!important}.fw-lighter{font-weight:lighter!important}.fw-light{font-weight:300!important}.fw-normal{font-weight:400!important}.fw-medium{font-weight:500!important}.fw-semibold{font-weight:600!important}.fw-bold{font-weight:700!important}.fw-bolder{font-weight:bolder!important}.lh-1{line-height:1!important}.lh-sm{line-height:1.25!important}.lh-base{line-height:1.5!important}.lh-lg{line-height:2!important}.text-start{text-align:left!important}.text-end{text-align:right!important}.text-center{text-align:center!important}.text-decoration-none{text-decoration:none!important}.text-decoration-underline{text-decoration:underline!important}.text-decoration-line-through{text-decoration:line-through!important}.text-lowercase{text-transform:lowercase!important}.text-uppercase{text-transform:uppercase!important}.text-capitalize{text-transform:capitalize!important}.text-wrap{white-space:normal!important}.text-nowrap{white-space:nowrap!important}.text-break{word-wrap:break-word!important;word-break:break-word!important}.text-primary{--bs-text-opacity: 1;color:rgba(var(--bs-primary-rgb),var(--bs-text-opacity))!important}.text-secondary{--bs-text-opacity: 1;color:rgba(var(--bs-secondary-rgb),var(--bs-text-opacity))!important}.text-success{--bs-text-opacity: 1;color:rgba(var(--bs-success-rgb),var(--bs-text-opacity))!important}.text-info{--bs-text-opacity: 1;color:rgba(var(--bs-info-rgb),var(--bs-text-opacity))!important}.text-warning{--bs-text-opacity: 1;color:rgba(var(--bs-warning-rgb),var(--bs-text-opacity))!important}.text-danger{--bs-text-opacity: 1;color:rgba(var(--bs-danger-rgb),var(--bs-text-opacity))!important}.text-light{--bs-text-opacity: 1;color:rgba(var(--bs-light-rgb),var(--bs-text-opacity))!important}.text-dark{--bs-text-opacity: 1;color:rgba(var(--bs-dark-rgb),var(--bs-text-opacity))!important}.text-black{--bs-text-opacity: 1;color:rgba(var(--bs-black-rgb),var(--bs-text-opacity))!important}.text-white{--bs-text-opacity: 1;color:rgba(var(--bs-white-rgb),var(--bs-text-opacity))!important}.text-body{--bs-text-opacity: 1;color:rgba(var(--bs-body-color-rgb),var(--bs-text-opacity))!important}.text-muted{--bs-text-opacity: 1;color:var(--bs-secondary-color)!important}.text-black-50{--bs-text-opacity: 1;color:#00000080!important}.text-white-50{--bs-text-opacity: 1;color:#ffffff80!important}.text-body-secondary{--bs-text-opacity: 1;color:var(--bs-secondary-color)!important}.text-body-tertiary{--bs-text-opacity: 1;color:var(--bs-tertiary-color)!important}.text-body-emphasis{--bs-text-opacity: 1;color:var(--bs-emphasis-color)!important}.text-reset{--bs-text-opacity: 1;color:inherit!important}.text-opacity-25{--bs-text-opacity: .25}.text-opacity-50{--bs-text-opacity: .5}.text-opacity-75{--bs-text-opacity: .75}.text-opacity-100{--bs-text-opacity: 1}.text-primary-emphasis{color:var(--bs-primary-text-emphasis)!important}.text-secondary-emphasis{color:var(--bs-secondary-text-emphasis)!important}.text-success-emphasis{color:var(--bs-success-text-emphasis)!important}.text-info-emphasis{color:var(--bs-info-text-emphasis)!important}.text-warning-emphasis{color:var(--bs-warning-text-emphasis)!important}.text-danger-emphasis{color:var(--bs-danger-text-emphasis)!important}.text-light-emphasis{color:var(--bs-light-text-emphasis)!important}.text-dark-emphasis{color:var(--bs-dark-text-emphasis)!important}.link-opacity-10,.link-opacity-10-hover:hover{--bs-link-opacity: .1}.link-opacity-25,.link-opacity-25-hover:hover{--bs-link-opacity: .25}.link-opacity-50,.link-opacity-50-hover:hover{--bs-link-opacity: .5}.link-opacity-75,.link-opacity-75-hover:hover{--bs-link-opacity: .75}.link-opacity-100,.link-opacity-100-hover:hover{--bs-link-opacity: 1}.link-offset-1,.link-offset-1-hover:hover{text-underline-offset:.125em!important}.link-offset-2,.link-offset-2-hover:hover{text-underline-offset:.25em!important}.link-offset-3,.link-offset-3-hover:hover{text-underline-offset:.375em!important}.link-underline-primary{--bs-link-underline-opacity: 1;-webkit-text-decoration-color:rgba(var(--bs-primary-rgb),var(--bs-link-underline-opacity))!important;text-decoration-color:rgba(var(--bs-primary-rgb),var(--bs-link-underline-opacity))!important}.link-underline-secondary{--bs-link-underline-opacity: 1;-webkit-text-decoration-color:rgba(var(--bs-secondary-rgb),var(--bs-link-underline-opacity))!important;text-decoration-color:rgba(var(--bs-secondary-rgb),var(--bs-link-underline-opacity))!important}.link-underline-success{--bs-link-underline-opacity: 1;-webkit-text-decoration-color:rgba(var(--bs-success-rgb),var(--bs-link-underline-opacity))!important;text-decoration-color:rgba(var(--bs-success-rgb),var(--bs-link-underline-opacity))!important}.link-underline-info{--bs-link-underline-opacity: 1;-webkit-text-decoration-color:rgba(var(--bs-info-rgb),var(--bs-link-underline-opacity))!important;text-decoration-color:rgba(var(--bs-info-rgb),var(--bs-link-underline-opacity))!important}.link-underline-warning{--bs-link-underline-opacity: 1;-webkit-text-decoration-color:rgba(var(--bs-warning-rgb),var(--bs-link-underline-opacity))!important;text-decoration-color:rgba(var(--bs-warning-rgb),var(--bs-link-underline-opacity))!important}.link-underline-danger{--bs-link-underline-opacity: 1;-webkit-text-decoration-color:rgba(var(--bs-danger-rgb),var(--bs-link-underline-opacity))!important;text-decoration-color:rgba(var(--bs-danger-rgb),var(--bs-link-underline-opacity))!important}.link-underline-light{--bs-link-underline-opacity: 1;-webkit-text-decoration-color:rgba(var(--bs-light-rgb),var(--bs-link-underline-opacity))!important;text-decoration-color:rgba(var(--bs-light-rgb),var(--bs-link-underline-opacity))!important}.link-underline-dark{--bs-link-underline-opacity: 1;-webkit-text-decoration-color:rgba(var(--bs-dark-rgb),var(--bs-link-underline-opacity))!important;text-decoration-color:rgba(var(--bs-dark-rgb),var(--bs-link-underline-opacity))!important}.link-underline{--bs-link-underline-opacity: 1;-webkit-text-decoration-color:rgba(var(--bs-link-color-rgb),var(--bs-link-underline-opacity, 1))!important;text-decoration-color:rgba(var(--bs-link-color-rgb),var(--bs-link-underline-opacity, 1))!important}.link-underline-opacity-0,.link-underline-opacity-0-hover:hover{--bs-link-underline-opacity: 0}.link-underline-opacity-10,.link-underline-opacity-10-hover:hover{--bs-link-underline-opacity: .1}.link-underline-opacity-25,.link-underline-opacity-25-hover:hover{--bs-link-underline-opacity: .25}.link-underline-opacity-50,.link-underline-opacity-50-hover:hover{--bs-link-underline-opacity: .5}.link-underline-opacity-75,.link-underline-opacity-75-hover:hover{--bs-link-underline-opacity: .75}.link-underline-opacity-100,.link-underline-opacity-100-hover:hover{--bs-link-underline-opacity: 1}.bg-primary{--bs-bg-opacity: 1;background-color:rgba(var(--bs-primary-rgb),var(--bs-bg-opacity))!important}.bg-secondary{--bs-bg-opacity: 1;background-color:rgba(var(--bs-secondary-rgb),var(--bs-bg-opacity))!important}.bg-success{--bs-bg-opacity: 1;background-color:rgba(var(--bs-success-rgb),var(--bs-bg-opacity))!important}.bg-info{--bs-bg-opacity: 1;background-color:rgba(var(--bs-info-rgb),var(--bs-bg-opacity))!important}.bg-warning{--bs-bg-opacity: 1;background-color:rgba(var(--bs-warning-rgb),var(--bs-bg-opacity))!important}.bg-danger{--bs-bg-opacity: 1;background-color:rgba(var(--bs-danger-rgb),var(--bs-bg-opacity))!important}.bg-light{--bs-bg-opacity: 1;background-color:rgba(var(--bs-light-rgb),var(--bs-bg-opacity))!important}.bg-dark{--bs-bg-opacity: 1;background-color:rgba(var(--bs-dark-rgb),var(--bs-bg-opacity))!important}.bg-black{--bs-bg-opacity: 1;background-color:rgba(var(--bs-black-rgb),var(--bs-bg-opacity))!important}.bg-white{--bs-bg-opacity: 1;background-color:rgba(var(--bs-white-rgb),var(--bs-bg-opacity))!important}.bg-body{--bs-bg-opacity: 1;background-color:rgba(var(--bs-body-bg-rgb),var(--bs-bg-opacity))!important}.bg-transparent{--bs-bg-opacity: 1;background-color:transparent!important}.bg-body-secondary{--bs-bg-opacity: 1;background-color:rgba(var(--bs-secondary-bg-rgb),var(--bs-bg-opacity))!important}.bg-body-tertiary{--bs-bg-opacity: 1;background-color:rgba(var(--bs-tertiary-bg-rgb),var(--bs-bg-opacity))!important}.bg-opacity-10{--bs-bg-opacity: .1}.bg-opacity-25{--bs-bg-opacity: .25}.bg-opacity-50{--bs-bg-opacity: .5}.bg-opacity-75{--bs-bg-opacity: .75}.bg-opacity-100{--bs-bg-opacity: 1}.bg-primary-subtle{background-color:var(--bs-primary-bg-subtle)!important}.bg-secondary-subtle{background-color:var(--bs-secondary-bg-subtle)!important}.bg-success-subtle{background-color:var(--bs-success-bg-subtle)!important}.bg-info-subtle{background-color:var(--bs-info-bg-subtle)!important}.bg-warning-subtle{background-color:var(--bs-warning-bg-subtle)!important}.bg-danger-subtle{background-color:var(--bs-danger-bg-subtle)!important}.bg-light-subtle{background-color:var(--bs-light-bg-subtle)!important}.bg-dark-subtle{background-color:var(--bs-dark-bg-subtle)!important}.bg-gradient{background-image:var(--bs-gradient)!important}.user-select-all{-webkit-user-select:all!important;-moz-user-select:all!important;user-select:all!important}.user-select-auto{-webkit-user-select:auto!important;-moz-user-select:auto!important;user-select:auto!important}.user-select-none{-webkit-user-select:none!important;-moz-user-select:none!important;user-select:none!important}.pe-none{pointer-events:none!important}.pe-auto{pointer-events:auto!important}.rounded{border-radius:var(--bs-border-radius)!important}.rounded-0{border-radius:0!important}.rounded-1{border-radius:var(--bs-border-radius-sm)!important}.rounded-2{border-radius:var(--bs-border-radius)!important}.rounded-3{border-radius:var(--bs-border-radius-lg)!important}.rounded-4{border-radius:var(--bs-border-radius-xl)!important}.rounded-5{border-radius:var(--bs-border-radius-xxl)!important}.rounded-circle{border-radius:50%!important}.rounded-pill{border-radius:var(--bs-border-radius-pill)!important}.rounded-top{border-top-left-radius:var(--bs-border-radius)!important;border-top-right-radius:var(--bs-border-radius)!important}.rounded-top-0{border-top-left-radius:0!important;border-top-right-radius:0!important}.rounded-top-1{border-top-left-radius:var(--bs-border-radius-sm)!important;border-top-right-radius:var(--bs-border-radius-sm)!important}.rounded-top-2{border-top-left-radius:var(--bs-border-radius)!important;border-top-right-radius:var(--bs-border-radius)!important}.rounded-top-3{border-top-left-radius:var(--bs-border-radius-lg)!important;border-top-right-radius:var(--bs-border-radius-lg)!important}.rounded-top-4{border-top-left-radius:var(--bs-border-radius-xl)!important;border-top-right-radius:var(--bs-border-radius-xl)!important}.rounded-top-5{border-top-left-radius:var(--bs-border-radius-xxl)!important;border-top-right-radius:var(--bs-border-radius-xxl)!important}.rounded-top-circle{border-top-left-radius:50%!important;border-top-right-radius:50%!important}.rounded-top-pill{border-top-left-radius:var(--bs-border-radius-pill)!important;border-top-right-radius:var(--bs-border-radius-pill)!important}.rounded-end{border-top-right-radius:var(--bs-border-radius)!important;border-bottom-right-radius:var(--bs-border-radius)!important}.rounded-end-0{border-top-right-radius:0!important;border-bottom-right-radius:0!important}.rounded-end-1{border-top-right-radius:var(--bs-border-radius-sm)!important;border-bottom-right-radius:var(--bs-border-radius-sm)!important}.rounded-end-2{border-top-right-radius:var(--bs-border-radius)!important;border-bottom-right-radius:var(--bs-border-radius)!important}.rounded-end-3{border-top-right-radius:var(--bs-border-radius-lg)!important;border-bottom-right-radius:var(--bs-border-radius-lg)!important}.rounded-end-4{border-top-right-radius:var(--bs-border-radius-xl)!important;border-bottom-right-radius:var(--bs-border-radius-xl)!important}.rounded-end-5{border-top-right-radius:var(--bs-border-radius-xxl)!important;border-bottom-right-radius:var(--bs-border-radius-xxl)!important}.rounded-end-circle{border-top-right-radius:50%!important;border-bottom-right-radius:50%!important}.rounded-end-pill{border-top-right-radius:var(--bs-border-radius-pill)!important;border-bottom-right-radius:var(--bs-border-radius-pill)!important}.rounded-bottom{border-bottom-right-radius:var(--bs-border-radius)!important;border-bottom-left-radius:var(--bs-border-radius)!important}.rounded-bottom-0{border-bottom-right-radius:0!important;border-bottom-left-radius:0!important}.rounded-bottom-1{border-bottom-right-radius:var(--bs-border-radius-sm)!important;border-bottom-left-radius:var(--bs-border-radius-sm)!important}.rounded-bottom-2{border-bottom-right-radius:var(--bs-border-radius)!important;border-bottom-left-radius:var(--bs-border-radius)!important}.rounded-bottom-3{border-bottom-right-radius:var(--bs-border-radius-lg)!important;border-bottom-left-radius:var(--bs-border-radius-lg)!important}.rounded-bottom-4{border-bottom-right-radius:var(--bs-border-radius-xl)!important;border-bottom-left-radius:var(--bs-border-radius-xl)!important}.rounded-bottom-5{border-bottom-right-radius:var(--bs-border-radius-xxl)!important;border-bottom-left-radius:var(--bs-border-radius-xxl)!important}.rounded-bottom-circle{border-bottom-right-radius:50%!important;border-bottom-left-radius:50%!important}.rounded-bottom-pill{border-bottom-right-radius:var(--bs-border-radius-pill)!important;border-bottom-left-radius:var(--bs-border-radius-pill)!important}.rounded-start{border-bottom-left-radius:var(--bs-border-radius)!important;border-top-left-radius:var(--bs-border-radius)!important}.rounded-start-0{border-bottom-left-radius:0!important;border-top-left-radius:0!important}.rounded-start-1{border-bottom-left-radius:var(--bs-border-radius-sm)!important;border-top-left-radius:var(--bs-border-radius-sm)!important}.rounded-start-2{border-bottom-left-radius:var(--bs-border-radius)!important;border-top-left-radius:var(--bs-border-radius)!important}.rounded-start-3{border-bottom-left-radius:var(--bs-border-radius-lg)!important;border-top-left-radius:var(--bs-border-radius-lg)!important}.rounded-start-4{border-bottom-left-radius:var(--bs-border-radius-xl)!important;border-top-left-radius:var(--bs-border-radius-xl)!important}.rounded-start-5{border-bottom-left-radius:var(--bs-border-radius-xxl)!important;border-top-left-radius:var(--bs-border-radius-xxl)!important}.rounded-start-circle{border-bottom-left-radius:50%!important;border-top-left-radius:50%!important}.rounded-start-pill{border-bottom-left-radius:var(--bs-border-radius-pill)!important;border-top-left-radius:var(--bs-border-radius-pill)!important}.visible{visibility:visible!important}.invisible{visibility:hidden!important}.z-n1{z-index:-1!important}.z-0{z-index:0!important}.z-1{z-index:1!important}.z-2{z-index:2!important}.z-3{z-index:3!important}@media (min-width: 576px){.float-sm-start{float:left!important}.float-sm-end{float:right!important}.float-sm-none{float:none!important}.object-fit-sm-contain{-o-object-fit:contain!important;object-fit:contain!important}.object-fit-sm-cover{-o-object-fit:cover!important;object-fit:cover!important}.object-fit-sm-fill{-o-object-fit:fill!important;object-fit:fill!important}.object-fit-sm-scale{-o-object-fit:scale-down!important;object-fit:scale-down!important}.object-fit-sm-none{-o-object-fit:none!important;object-fit:none!important}.d-sm-inline{display:inline!important}.d-sm-inline-block{display:inline-block!important}.d-sm-block{display:block!important}.d-sm-grid{display:grid!important}.d-sm-inline-grid{display:inline-grid!important}.d-sm-table{display:table!important}.d-sm-table-row{display:table-row!important}.d-sm-table-cell{display:table-cell!important}.d-sm-flex{display:flex!important}.d-sm-inline-flex{display:inline-flex!important}.d-sm-none{display:none!important}.flex-sm-fill{flex:1 1 auto!important}.flex-sm-row{flex-direction:row!important}.flex-sm-column{flex-direction:column!important}.flex-sm-row-reverse{flex-direction:row-reverse!important}.flex-sm-column-reverse{flex-direction:column-reverse!important}.flex-sm-grow-0{flex-grow:0!important}.flex-sm-grow-1{flex-grow:1!important}.flex-sm-shrink-0{flex-shrink:0!important}.flex-sm-shrink-1{flex-shrink:1!important}.flex-sm-wrap{flex-wrap:wrap!important}.flex-sm-nowrap{flex-wrap:nowrap!important}.flex-sm-wrap-reverse{flex-wrap:wrap-reverse!important}.justify-content-sm-start{justify-content:flex-start!important}.justify-content-sm-end{justify-content:flex-end!important}.justify-content-sm-center{justify-content:center!important}.justify-content-sm-between{justify-content:space-between!important}.justify-content-sm-around{justify-content:space-around!important}.justify-content-sm-evenly{justify-content:space-evenly!important}.align-items-sm-start{align-items:flex-start!important}.align-items-sm-end{align-items:flex-end!important}.align-items-sm-center{align-items:center!important}.align-items-sm-baseline{align-items:baseline!important}.align-items-sm-stretch{align-items:stretch!important}.align-content-sm-start{align-content:flex-start!important}.align-content-sm-end{align-content:flex-end!important}.align-content-sm-center{align-content:center!important}.align-content-sm-between{align-content:space-between!important}.align-content-sm-around{align-content:space-around!important}.align-content-sm-stretch{align-content:stretch!important}.align-self-sm-auto{align-self:auto!important}.align-self-sm-start{align-self:flex-start!important}.align-self-sm-end{align-self:flex-end!important}.align-self-sm-center{align-self:center!important}.align-self-sm-baseline{align-self:baseline!important}.align-self-sm-stretch{align-self:stretch!important}.order-sm-first{order:-1!important}.order-sm-0{order:0!important}.order-sm-1{order:1!important}.order-sm-2{order:2!important}.order-sm-3{order:3!important}.order-sm-4{order:4!important}.order-sm-5{order:5!important}.order-sm-last{order:6!important}.m-sm-0{margin:0!important}.m-sm-1{margin:.25rem!important}.m-sm-2{margin:.5rem!important}.m-sm-3{margin:1rem!important}.m-sm-4{margin:1.5rem!important}.m-sm-5{margin:3rem!important}.m-sm-auto{margin:auto!important}.mx-sm-0{margin-right:0!important;margin-left:0!important}.mx-sm-1{margin-right:.25rem!important;margin-left:.25rem!important}.mx-sm-2{margin-right:.5rem!important;margin-left:.5rem!important}.mx-sm-3{margin-right:1rem!important;margin-left:1rem!important}.mx-sm-4{margin-right:1.5rem!important;margin-left:1.5rem!important}.mx-sm-5{margin-right:3rem!important;margin-left:3rem!important}.mx-sm-auto{margin-right:auto!important;margin-left:auto!important}.my-sm-0{margin-top:0!important;margin-bottom:0!important}.my-sm-1{margin-top:.25rem!important;margin-bottom:.25rem!important}.my-sm-2{margin-top:.5rem!important;margin-bottom:.5rem!important}.my-sm-3{margin-top:1rem!important;margin-bottom:1rem!important}.my-sm-4{margin-top:1.5rem!important;margin-bottom:1.5rem!important}.my-sm-5{margin-top:3rem!important;margin-bottom:3rem!important}.my-sm-auto{margin-top:auto!important;margin-bottom:auto!important}.mt-sm-0{margin-top:0!important}.mt-sm-1{margin-top:.25rem!important}.mt-sm-2{margin-top:.5rem!important}.mt-sm-3{margin-top:1rem!important}.mt-sm-4{margin-top:1.5rem!important}.mt-sm-5{margin-top:3rem!important}.mt-sm-auto{margin-top:auto!important}.me-sm-0{margin-right:0!important}.me-sm-1{margin-right:.25rem!important}.me-sm-2{margin-right:.5rem!important}.me-sm-3{margin-right:1rem!important}.me-sm-4{margin-right:1.5rem!important}.me-sm-5{margin-right:3rem!important}.me-sm-auto{margin-right:auto!important}.mb-sm-0{margin-bottom:0!important}.mb-sm-1{margin-bottom:.25rem!important}.mb-sm-2{margin-bottom:.5rem!important}.mb-sm-3{margin-bottom:1rem!important}.mb-sm-4{margin-bottom:1.5rem!important}.mb-sm-5{margin-bottom:3rem!important}.mb-sm-auto{margin-bottom:auto!important}.ms-sm-0{margin-left:0!important}.ms-sm-1{margin-left:.25rem!important}.ms-sm-2{margin-left:.5rem!important}.ms-sm-3{margin-left:1rem!important}.ms-sm-4{margin-left:1.5rem!important}.ms-sm-5{margin-left:3rem!important}.ms-sm-auto{margin-left:auto!important}.p-sm-0{padding:0!important}.p-sm-1{padding:.25rem!important}.p-sm-2{padding:.5rem!important}.p-sm-3{padding:1rem!important}.p-sm-4{padding:1.5rem!important}.p-sm-5{padding:3rem!important}.px-sm-0{padding-right:0!important;padding-left:0!important}.px-sm-1{padding-right:.25rem!important;padding-left:.25rem!important}.px-sm-2{padding-right:.5rem!important;padding-left:.5rem!important}.px-sm-3{padding-right:1rem!important;padding-left:1rem!important}.px-sm-4{padding-right:1.5rem!important;padding-left:1.5rem!important}.px-sm-5{padding-right:3rem!important;padding-left:3rem!important}.py-sm-0{padding-top:0!important;padding-bottom:0!important}.py-sm-1{padding-top:.25rem!important;padding-bottom:.25rem!important}.py-sm-2{padding-top:.5rem!important;padding-bottom:.5rem!important}.py-sm-3{padding-top:1rem!important;padding-bottom:1rem!important}.py-sm-4{padding-top:1.5rem!important;padding-bottom:1.5rem!important}.py-sm-5{padding-top:3rem!important;padding-bottom:3rem!important}.pt-sm-0{padding-top:0!important}.pt-sm-1{padding-top:.25rem!important}.pt-sm-2{padding-top:.5rem!important}.pt-sm-3{padding-top:1rem!important}.pt-sm-4{padding-top:1.5rem!important}.pt-sm-5{padding-top:3rem!important}.pe-sm-0{padding-right:0!important}.pe-sm-1{padding-right:.25rem!important}.pe-sm-2{padding-right:.5rem!important}.pe-sm-3{padding-right:1rem!important}.pe-sm-4{padding-right:1.5rem!important}.pe-sm-5{padding-right:3rem!important}.pb-sm-0{padding-bottom:0!important}.pb-sm-1{padding-bottom:.25rem!important}.pb-sm-2{padding-bottom:.5rem!important}.pb-sm-3{padding-bottom:1rem!important}.pb-sm-4{padding-bottom:1.5rem!important}.pb-sm-5{padding-bottom:3rem!important}.ps-sm-0{padding-left:0!important}.ps-sm-1{padding-left:.25rem!important}.ps-sm-2{padding-left:.5rem!important}.ps-sm-3{padding-left:1rem!important}.ps-sm-4{padding-left:1.5rem!important}.ps-sm-5{padding-left:3rem!important}.gap-sm-0{gap:0!important}.gap-sm-1{gap:.25rem!important}.gap-sm-2{gap:.5rem!important}.gap-sm-3{gap:1rem!important}.gap-sm-4{gap:1.5rem!important}.gap-sm-5{gap:3rem!important}.row-gap-sm-0{row-gap:0!important}.row-gap-sm-1{row-gap:.25rem!important}.row-gap-sm-2{row-gap:.5rem!important}.row-gap-sm-3{row-gap:1rem!important}.row-gap-sm-4{row-gap:1.5rem!important}.row-gap-sm-5{row-gap:3rem!important}.column-gap-sm-0{-moz-column-gap:0!important;column-gap:0!important}.column-gap-sm-1{-moz-column-gap:.25rem!important;column-gap:.25rem!important}.column-gap-sm-2{-moz-column-gap:.5rem!important;column-gap:.5rem!important}.column-gap-sm-3{-moz-column-gap:1rem!important;column-gap:1rem!important}.column-gap-sm-4{-moz-column-gap:1.5rem!important;column-gap:1.5rem!important}.column-gap-sm-5{-moz-column-gap:3rem!important;column-gap:3rem!important}.text-sm-start{text-align:left!important}.text-sm-end{text-align:right!important}.text-sm-center{text-align:center!important}}@media (min-width: 768px){.float-md-start{float:left!important}.float-md-end{float:right!important}.float-md-none{float:none!important}.object-fit-md-contain{-o-object-fit:contain!important;object-fit:contain!important}.object-fit-md-cover{-o-object-fit:cover!important;object-fit:cover!important}.object-fit-md-fill{-o-object-fit:fill!important;object-fit:fill!important}.object-fit-md-scale{-o-object-fit:scale-down!important;object-fit:scale-down!important}.object-fit-md-none{-o-object-fit:none!important;object-fit:none!important}.d-md-inline{display:inline!important}.d-md-inline-block{display:inline-block!important}.d-md-block{display:block!important}.d-md-grid{display:grid!important}.d-md-inline-grid{display:inline-grid!important}.d-md-table{display:table!important}.d-md-table-row{display:table-row!important}.d-md-table-cell{display:table-cell!important}.d-md-flex{display:flex!important}.d-md-inline-flex{display:inline-flex!important}.d-md-none{display:none!important}.flex-md-fill{flex:1 1 auto!important}.flex-md-row{flex-direction:row!important}.flex-md-column{flex-direction:column!important}.flex-md-row-reverse{flex-direction:row-reverse!important}.flex-md-column-reverse{flex-direction:column-reverse!important}.flex-md-grow-0{flex-grow:0!important}.flex-md-grow-1{flex-grow:1!important}.flex-md-shrink-0{flex-shrink:0!important}.flex-md-shrink-1{flex-shrink:1!important}.flex-md-wrap{flex-wrap:wrap!important}.flex-md-nowrap{flex-wrap:nowrap!important}.flex-md-wrap-reverse{flex-wrap:wrap-reverse!important}.justify-content-md-start{justify-content:flex-start!important}.justify-content-md-end{justify-content:flex-end!important}.justify-content-md-center{justify-content:center!important}.justify-content-md-between{justify-content:space-between!important}.justify-content-md-around{justify-content:space-around!important}.justify-content-md-evenly{justify-content:space-evenly!important}.align-items-md-start{align-items:flex-start!important}.align-items-md-end{align-items:flex-end!important}.align-items-md-center{align-items:center!important}.align-items-md-baseline{align-items:baseline!important}.align-items-md-stretch{align-items:stretch!important}.align-content-md-start{align-content:flex-start!important}.align-content-md-end{align-content:flex-end!important}.align-content-md-center{align-content:center!important}.align-content-md-between{align-content:space-between!important}.align-content-md-around{align-content:space-around!important}.align-content-md-stretch{align-content:stretch!important}.align-self-md-auto{align-self:auto!important}.align-self-md-start{align-self:flex-start!important}.align-self-md-end{align-self:flex-end!important}.align-self-md-center{align-self:center!important}.align-self-md-baseline{align-self:baseline!important}.align-self-md-stretch{align-self:stretch!important}.order-md-first{order:-1!important}.order-md-0{order:0!important}.order-md-1{order:1!important}.order-md-2{order:2!important}.order-md-3{order:3!important}.order-md-4{order:4!important}.order-md-5{order:5!important}.order-md-last{order:6!important}.m-md-0{margin:0!important}.m-md-1{margin:.25rem!important}.m-md-2{margin:.5rem!important}.m-md-3{margin:1rem!important}.m-md-4{margin:1.5rem!important}.m-md-5{margin:3rem!important}.m-md-auto{margin:auto!important}.mx-md-0{margin-right:0!important;margin-left:0!important}.mx-md-1{margin-right:.25rem!important;margin-left:.25rem!important}.mx-md-2{margin-right:.5rem!important;margin-left:.5rem!important}.mx-md-3{margin-right:1rem!important;margin-left:1rem!important}.mx-md-4{margin-right:1.5rem!important;margin-left:1.5rem!important}.mx-md-5{margin-right:3rem!important;margin-left:3rem!important}.mx-md-auto{margin-right:auto!important;margin-left:auto!important}.my-md-0{margin-top:0!important;margin-bottom:0!important}.my-md-1{margin-top:.25rem!important;margin-bottom:.25rem!important}.my-md-2{margin-top:.5rem!important;margin-bottom:.5rem!important}.my-md-3{margin-top:1rem!important;margin-bottom:1rem!important}.my-md-4{margin-top:1.5rem!important;margin-bottom:1.5rem!important}.my-md-5{margin-top:3rem!important;margin-bottom:3rem!important}.my-md-auto{margin-top:auto!important;margin-bottom:auto!important}.mt-md-0{margin-top:0!important}.mt-md-1{margin-top:.25rem!important}.mt-md-2{margin-top:.5rem!important}.mt-md-3{margin-top:1rem!important}.mt-md-4{margin-top:1.5rem!important}.mt-md-5{margin-top:3rem!important}.mt-md-auto{margin-top:auto!important}.me-md-0{margin-right:0!important}.me-md-1{margin-right:.25rem!important}.me-md-2{margin-right:.5rem!important}.me-md-3{margin-right:1rem!important}.me-md-4{margin-right:1.5rem!important}.me-md-5{margin-right:3rem!important}.me-md-auto{margin-right:auto!important}.mb-md-0{margin-bottom:0!important}.mb-md-1{margin-bottom:.25rem!important}.mb-md-2{margin-bottom:.5rem!important}.mb-md-3{margin-bottom:1rem!important}.mb-md-4{margin-bottom:1.5rem!important}.mb-md-5{margin-bottom:3rem!important}.mb-md-auto{margin-bottom:auto!important}.ms-md-0{margin-left:0!important}.ms-md-1{margin-left:.25rem!important}.ms-md-2{margin-left:.5rem!important}.ms-md-3{margin-left:1rem!important}.ms-md-4{margin-left:1.5rem!important}.ms-md-5{margin-left:3rem!important}.ms-md-auto{margin-left:auto!important}.p-md-0{padding:0!important}.p-md-1{padding:.25rem!important}.p-md-2{padding:.5rem!important}.p-md-3{padding:1rem!important}.p-md-4{padding:1.5rem!important}.p-md-5{padding:3rem!important}.px-md-0{padding-right:0!important;padding-left:0!important}.px-md-1{padding-right:.25rem!important;padding-left:.25rem!important}.px-md-2{padding-right:.5rem!important;padding-left:.5rem!important}.px-md-3{padding-right:1rem!important;padding-left:1rem!important}.px-md-4{padding-right:1.5rem!important;padding-left:1.5rem!important}.px-md-5{padding-right:3rem!important;padding-left:3rem!important}.py-md-0{padding-top:0!important;padding-bottom:0!important}.py-md-1{padding-top:.25rem!important;padding-bottom:.25rem!important}.py-md-2{padding-top:.5rem!important;padding-bottom:.5rem!important}.py-md-3{padding-top:1rem!important;padding-bottom:1rem!important}.py-md-4{padding-top:1.5rem!important;padding-bottom:1.5rem!important}.py-md-5{padding-top:3rem!important;padding-bottom:3rem!important}.pt-md-0{padding-top:0!important}.pt-md-1{padding-top:.25rem!important}.pt-md-2{padding-top:.5rem!important}.pt-md-3{padding-top:1rem!important}.pt-md-4{padding-top:1.5rem!important}.pt-md-5{padding-top:3rem!important}.pe-md-0{padding-right:0!important}.pe-md-1{padding-right:.25rem!important}.pe-md-2{padding-right:.5rem!important}.pe-md-3{padding-right:1rem!important}.pe-md-4{padding-right:1.5rem!important}.pe-md-5{padding-right:3rem!important}.pb-md-0{padding-bottom:0!important}.pb-md-1{padding-bottom:.25rem!important}.pb-md-2{padding-bottom:.5rem!important}.pb-md-3{padding-bottom:1rem!important}.pb-md-4{padding-bottom:1.5rem!important}.pb-md-5{padding-bottom:3rem!important}.ps-md-0{padding-left:0!important}.ps-md-1{padding-left:.25rem!important}.ps-md-2{padding-left:.5rem!important}.ps-md-3{padding-left:1rem!important}.ps-md-4{padding-left:1.5rem!important}.ps-md-5{padding-left:3rem!important}.gap-md-0{gap:0!important}.gap-md-1{gap:.25rem!important}.gap-md-2{gap:.5rem!important}.gap-md-3{gap:1rem!important}.gap-md-4{gap:1.5rem!important}.gap-md-5{gap:3rem!important}.row-gap-md-0{row-gap:0!important}.row-gap-md-1{row-gap:.25rem!important}.row-gap-md-2{row-gap:.5rem!important}.row-gap-md-3{row-gap:1rem!important}.row-gap-md-4{row-gap:1.5rem!important}.row-gap-md-5{row-gap:3rem!important}.column-gap-md-0{-moz-column-gap:0!important;column-gap:0!important}.column-gap-md-1{-moz-column-gap:.25rem!important;column-gap:.25rem!important}.column-gap-md-2{-moz-column-gap:.5rem!important;column-gap:.5rem!important}.column-gap-md-3{-moz-column-gap:1rem!important;column-gap:1rem!important}.column-gap-md-4{-moz-column-gap:1.5rem!important;column-gap:1.5rem!important}.column-gap-md-5{-moz-column-gap:3rem!important;column-gap:3rem!important}.text-md-start{text-align:left!important}.text-md-end{text-align:right!important}.text-md-center{text-align:center!important}}@media (min-width: 992px){.float-lg-start{float:left!important}.float-lg-end{float:right!important}.float-lg-none{float:none!important}.object-fit-lg-contain{-o-object-fit:contain!important;object-fit:contain!important}.object-fit-lg-cover{-o-object-fit:cover!important;object-fit:cover!important}.object-fit-lg-fill{-o-object-fit:fill!important;object-fit:fill!important}.object-fit-lg-scale{-o-object-fit:scale-down!important;object-fit:scale-down!important}.object-fit-lg-none{-o-object-fit:none!important;object-fit:none!important}.d-lg-inline{display:inline!important}.d-lg-inline-block{display:inline-block!important}.d-lg-block{display:block!important}.d-lg-grid{display:grid!important}.d-lg-inline-grid{display:inline-grid!important}.d-lg-table{display:table!important}.d-lg-table-row{display:table-row!important}.d-lg-table-cell{display:table-cell!important}.d-lg-flex{display:flex!important}.d-lg-inline-flex{display:inline-flex!important}.d-lg-none{display:none!important}.flex-lg-fill{flex:1 1 auto!important}.flex-lg-row{flex-direction:row!important}.flex-lg-column{flex-direction:column!important}.flex-lg-row-reverse{flex-direction:row-reverse!important}.flex-lg-column-reverse{flex-direction:column-reverse!important}.flex-lg-grow-0{flex-grow:0!important}.flex-lg-grow-1{flex-grow:1!important}.flex-lg-shrink-0{flex-shrink:0!important}.flex-lg-shrink-1{flex-shrink:1!important}.flex-lg-wrap{flex-wrap:wrap!important}.flex-lg-nowrap{flex-wrap:nowrap!important}.flex-lg-wrap-reverse{flex-wrap:wrap-reverse!important}.justify-content-lg-start{justify-content:flex-start!important}.justify-content-lg-end{justify-content:flex-end!important}.justify-content-lg-center{justify-content:center!important}.justify-content-lg-between{justify-content:space-between!important}.justify-content-lg-around{justify-content:space-around!important}.justify-content-lg-evenly{justify-content:space-evenly!important}.align-items-lg-start{align-items:flex-start!important}.align-items-lg-end{align-items:flex-end!important}.align-items-lg-center{align-items:center!important}.align-items-lg-baseline{align-items:baseline!important}.align-items-lg-stretch{align-items:stretch!important}.align-content-lg-start{align-content:flex-start!important}.align-content-lg-end{align-content:flex-end!important}.align-content-lg-center{align-content:center!important}.align-content-lg-between{align-content:space-between!important}.align-content-lg-around{align-content:space-around!important}.align-content-lg-stretch{align-content:stretch!important}.align-self-lg-auto{align-self:auto!important}.align-self-lg-start{align-self:flex-start!important}.align-self-lg-end{align-self:flex-end!important}.align-self-lg-center{align-self:center!important}.align-self-lg-baseline{align-self:baseline!important}.align-self-lg-stretch{align-self:stretch!important}.order-lg-first{order:-1!important}.order-lg-0{order:0!important}.order-lg-1{order:1!important}.order-lg-2{order:2!important}.order-lg-3{order:3!important}.order-lg-4{order:4!important}.order-lg-5{order:5!important}.order-lg-last{order:6!important}.m-lg-0{margin:0!important}.m-lg-1{margin:.25rem!important}.m-lg-2{margin:.5rem!important}.m-lg-3{margin:1rem!important}.m-lg-4{margin:1.5rem!important}.m-lg-5{margin:3rem!important}.m-lg-auto{margin:auto!important}.mx-lg-0{margin-right:0!important;margin-left:0!important}.mx-lg-1{margin-right:.25rem!important;margin-left:.25rem!important}.mx-lg-2{margin-right:.5rem!important;margin-left:.5rem!important}.mx-lg-3{margin-right:1rem!important;margin-left:1rem!important}.mx-lg-4{margin-right:1.5rem!important;margin-left:1.5rem!important}.mx-lg-5{margin-right:3rem!important;margin-left:3rem!important}.mx-lg-auto{margin-right:auto!important;margin-left:auto!important}.my-lg-0{margin-top:0!important;margin-bottom:0!important}.my-lg-1{margin-top:.25rem!important;margin-bottom:.25rem!important}.my-lg-2{margin-top:.5rem!important;margin-bottom:.5rem!important}.my-lg-3{margin-top:1rem!important;margin-bottom:1rem!important}.my-lg-4{margin-top:1.5rem!important;margin-bottom:1.5rem!important}.my-lg-5{margin-top:3rem!important;margin-bottom:3rem!important}.my-lg-auto{margin-top:auto!important;margin-bottom:auto!important}.mt-lg-0{margin-top:0!important}.mt-lg-1{margin-top:.25rem!important}.mt-lg-2{margin-top:.5rem!important}.mt-lg-3{margin-top:1rem!important}.mt-lg-4{margin-top:1.5rem!important}.mt-lg-5{margin-top:3rem!important}.mt-lg-auto{margin-top:auto!important}.me-lg-0{margin-right:0!important}.me-lg-1{margin-right:.25rem!important}.me-lg-2{margin-right:.5rem!important}.me-lg-3{margin-right:1rem!important}.me-lg-4{margin-right:1.5rem!important}.me-lg-5{margin-right:3rem!important}.me-lg-auto{margin-right:auto!important}.mb-lg-0{margin-bottom:0!important}.mb-lg-1{margin-bottom:.25rem!important}.mb-lg-2{margin-bottom:.5rem!important}.mb-lg-3{margin-bottom:1rem!important}.mb-lg-4{margin-bottom:1.5rem!important}.mb-lg-5{margin-bottom:3rem!important}.mb-lg-auto{margin-bottom:auto!important}.ms-lg-0{margin-left:0!important}.ms-lg-1{margin-left:.25rem!important}.ms-lg-2{margin-left:.5rem!important}.ms-lg-3{margin-left:1rem!important}.ms-lg-4{margin-left:1.5rem!important}.ms-lg-5{margin-left:3rem!important}.ms-lg-auto{margin-left:auto!important}.p-lg-0{padding:0!important}.p-lg-1{padding:.25rem!important}.p-lg-2{padding:.5rem!important}.p-lg-3{padding:1rem!important}.p-lg-4{padding:1.5rem!important}.p-lg-5{padding:3rem!important}.px-lg-0{padding-right:0!important;padding-left:0!important}.px-lg-1{padding-right:.25rem!important;padding-left:.25rem!important}.px-lg-2{padding-right:.5rem!important;padding-left:.5rem!important}.px-lg-3{padding-right:1rem!important;padding-left:1rem!important}.px-lg-4{padding-right:1.5rem!important;padding-left:1.5rem!important}.px-lg-5{padding-right:3rem!important;padding-left:3rem!important}.py-lg-0{padding-top:0!important;padding-bottom:0!important}.py-lg-1{padding-top:.25rem!important;padding-bottom:.25rem!important}.py-lg-2{padding-top:.5rem!important;padding-bottom:.5rem!important}.py-lg-3{padding-top:1rem!important;padding-bottom:1rem!important}.py-lg-4{padding-top:1.5rem!important;padding-bottom:1.5rem!important}.py-lg-5{padding-top:3rem!important;padding-bottom:3rem!important}.pt-lg-0{padding-top:0!important}.pt-lg-1{padding-top:.25rem!important}.pt-lg-2{padding-top:.5rem!important}.pt-lg-3{padding-top:1rem!important}.pt-lg-4{padding-top:1.5rem!important}.pt-lg-5{padding-top:3rem!important}.pe-lg-0{padding-right:0!important}.pe-lg-1{padding-right:.25rem!important}.pe-lg-2{padding-right:.5rem!important}.pe-lg-3{padding-right:1rem!important}.pe-lg-4{padding-right:1.5rem!important}.pe-lg-5{padding-right:3rem!important}.pb-lg-0{padding-bottom:0!important}.pb-lg-1{padding-bottom:.25rem!important}.pb-lg-2{padding-bottom:.5rem!important}.pb-lg-3{padding-bottom:1rem!important}.pb-lg-4{padding-bottom:1.5rem!important}.pb-lg-5{padding-bottom:3rem!important}.ps-lg-0{padding-left:0!important}.ps-lg-1{padding-left:.25rem!important}.ps-lg-2{padding-left:.5rem!important}.ps-lg-3{padding-left:1rem!important}.ps-lg-4{padding-left:1.5rem!important}.ps-lg-5{padding-left:3rem!important}.gap-lg-0{gap:0!important}.gap-lg-1{gap:.25rem!important}.gap-lg-2{gap:.5rem!important}.gap-lg-3{gap:1rem!important}.gap-lg-4{gap:1.5rem!important}.gap-lg-5{gap:3rem!important}.row-gap-lg-0{row-gap:0!important}.row-gap-lg-1{row-gap:.25rem!important}.row-gap-lg-2{row-gap:.5rem!important}.row-gap-lg-3{row-gap:1rem!important}.row-gap-lg-4{row-gap:1.5rem!important}.row-gap-lg-5{row-gap:3rem!important}.column-gap-lg-0{-moz-column-gap:0!important;column-gap:0!important}.column-gap-lg-1{-moz-column-gap:.25rem!important;column-gap:.25rem!important}.column-gap-lg-2{-moz-column-gap:.5rem!important;column-gap:.5rem!important}.column-gap-lg-3{-moz-column-gap:1rem!important;column-gap:1rem!important}.column-gap-lg-4{-moz-column-gap:1.5rem!important;column-gap:1.5rem!important}.column-gap-lg-5{-moz-column-gap:3rem!important;column-gap:3rem!important}.text-lg-start{text-align:left!important}.text-lg-end{text-align:right!important}.text-lg-center{text-align:center!important}}@media (min-width: 1200px){.float-xl-start{float:left!important}.float-xl-end{float:right!important}.float-xl-none{float:none!important}.object-fit-xl-contain{-o-object-fit:contain!important;object-fit:contain!important}.object-fit-xl-cover{-o-object-fit:cover!important;object-fit:cover!important}.object-fit-xl-fill{-o-object-fit:fill!important;object-fit:fill!important}.object-fit-xl-scale{-o-object-fit:scale-down!important;object-fit:scale-down!important}.object-fit-xl-none{-o-object-fit:none!important;object-fit:none!important}.d-xl-inline{display:inline!important}.d-xl-inline-block{display:inline-block!important}.d-xl-block{display:block!important}.d-xl-grid{display:grid!important}.d-xl-inline-grid{display:inline-grid!important}.d-xl-table{display:table!important}.d-xl-table-row{display:table-row!important}.d-xl-table-cell{display:table-cell!important}.d-xl-flex{display:flex!important}.d-xl-inline-flex{display:inline-flex!important}.d-xl-none{display:none!important}.flex-xl-fill{flex:1 1 auto!important}.flex-xl-row{flex-direction:row!important}.flex-xl-column{flex-direction:column!important}.flex-xl-row-reverse{flex-direction:row-reverse!important}.flex-xl-column-reverse{flex-direction:column-reverse!important}.flex-xl-grow-0{flex-grow:0!important}.flex-xl-grow-1{flex-grow:1!important}.flex-xl-shrink-0{flex-shrink:0!important}.flex-xl-shrink-1{flex-shrink:1!important}.flex-xl-wrap{flex-wrap:wrap!important}.flex-xl-nowrap{flex-wrap:nowrap!important}.flex-xl-wrap-reverse{flex-wrap:wrap-reverse!important}.justify-content-xl-start{justify-content:flex-start!important}.justify-content-xl-end{justify-content:flex-end!important}.justify-content-xl-center{justify-content:center!important}.justify-content-xl-between{justify-content:space-between!important}.justify-content-xl-around{justify-content:space-around!important}.justify-content-xl-evenly{justify-content:space-evenly!important}.align-items-xl-start{align-items:flex-start!important}.align-items-xl-end{align-items:flex-end!important}.align-items-xl-center{align-items:center!important}.align-items-xl-baseline{align-items:baseline!important}.align-items-xl-stretch{align-items:stretch!important}.align-content-xl-start{align-content:flex-start!important}.align-content-xl-end{align-content:flex-end!important}.align-content-xl-center{align-content:center!important}.align-content-xl-between{align-content:space-between!important}.align-content-xl-around{align-content:space-around!important}.align-content-xl-stretch{align-content:stretch!important}.align-self-xl-auto{align-self:auto!important}.align-self-xl-start{align-self:flex-start!important}.align-self-xl-end{align-self:flex-end!important}.align-self-xl-center{align-self:center!important}.align-self-xl-baseline{align-self:baseline!important}.align-self-xl-stretch{align-self:stretch!important}.order-xl-first{order:-1!important}.order-xl-0{order:0!important}.order-xl-1{order:1!important}.order-xl-2{order:2!important}.order-xl-3{order:3!important}.order-xl-4{order:4!important}.order-xl-5{order:5!important}.order-xl-last{order:6!important}.m-xl-0{margin:0!important}.m-xl-1{margin:.25rem!important}.m-xl-2{margin:.5rem!important}.m-xl-3{margin:1rem!important}.m-xl-4{margin:1.5rem!important}.m-xl-5{margin:3rem!important}.m-xl-auto{margin:auto!important}.mx-xl-0{margin-right:0!important;margin-left:0!important}.mx-xl-1{margin-right:.25rem!important;margin-left:.25rem!important}.mx-xl-2{margin-right:.5rem!important;margin-left:.5rem!important}.mx-xl-3{margin-right:1rem!important;margin-left:1rem!important}.mx-xl-4{margin-right:1.5rem!important;margin-left:1.5rem!important}.mx-xl-5{margin-right:3rem!important;margin-left:3rem!important}.mx-xl-auto{margin-right:auto!important;margin-left:auto!important}.my-xl-0{margin-top:0!important;margin-bottom:0!important}.my-xl-1{margin-top:.25rem!important;margin-bottom:.25rem!important}.my-xl-2{margin-top:.5rem!important;margin-bottom:.5rem!important}.my-xl-3{margin-top:1rem!important;margin-bottom:1rem!important}.my-xl-4{margin-top:1.5rem!important;margin-bottom:1.5rem!important}.my-xl-5{margin-top:3rem!important;margin-bottom:3rem!important}.my-xl-auto{margin-top:auto!important;margin-bottom:auto!important}.mt-xl-0{margin-top:0!important}.mt-xl-1{margin-top:.25rem!important}.mt-xl-2{margin-top:.5rem!important}.mt-xl-3{margin-top:1rem!important}.mt-xl-4{margin-top:1.5rem!important}.mt-xl-5{margin-top:3rem!important}.mt-xl-auto{margin-top:auto!important}.me-xl-0{margin-right:0!important}.me-xl-1{margin-right:.25rem!important}.me-xl-2{margin-right:.5rem!important}.me-xl-3{margin-right:1rem!important}.me-xl-4{margin-right:1.5rem!important}.me-xl-5{margin-right:3rem!important}.me-xl-auto{margin-right:auto!important}.mb-xl-0{margin-bottom:0!important}.mb-xl-1{margin-bottom:.25rem!important}.mb-xl-2{margin-bottom:.5rem!important}.mb-xl-3{margin-bottom:1rem!important}.mb-xl-4{margin-bottom:1.5rem!important}.mb-xl-5{margin-bottom:3rem!important}.mb-xl-auto{margin-bottom:auto!important}.ms-xl-0{margin-left:0!important}.ms-xl-1{margin-left:.25rem!important}.ms-xl-2{margin-left:.5rem!important}.ms-xl-3{margin-left:1rem!important}.ms-xl-4{margin-left:1.5rem!important}.ms-xl-5{margin-left:3rem!important}.ms-xl-auto{margin-left:auto!important}.p-xl-0{padding:0!important}.p-xl-1{padding:.25rem!important}.p-xl-2{padding:.5rem!important}.p-xl-3{padding:1rem!important}.p-xl-4{padding:1.5rem!important}.p-xl-5{padding:3rem!important}.px-xl-0{padding-right:0!important;padding-left:0!important}.px-xl-1{padding-right:.25rem!important;padding-left:.25rem!important}.px-xl-2{padding-right:.5rem!important;padding-left:.5rem!important}.px-xl-3{padding-right:1rem!important;padding-left:1rem!important}.px-xl-4{padding-right:1.5rem!important;padding-left:1.5rem!important}.px-xl-5{padding-right:3rem!important;padding-left:3rem!important}.py-xl-0{padding-top:0!important;padding-bottom:0!important}.py-xl-1{padding-top:.25rem!important;padding-bottom:.25rem!important}.py-xl-2{padding-top:.5rem!important;padding-bottom:.5rem!important}.py-xl-3{padding-top:1rem!important;padding-bottom:1rem!important}.py-xl-4{padding-top:1.5rem!important;padding-bottom:1.5rem!important}.py-xl-5{padding-top:3rem!important;padding-bottom:3rem!important}.pt-xl-0{padding-top:0!important}.pt-xl-1{padding-top:.25rem!important}.pt-xl-2{padding-top:.5rem!important}.pt-xl-3{padding-top:1rem!important}.pt-xl-4{padding-top:1.5rem!important}.pt-xl-5{padding-top:3rem!important}.pe-xl-0{padding-right:0!important}.pe-xl-1{padding-right:.25rem!important}.pe-xl-2{padding-right:.5rem!important}.pe-xl-3{padding-right:1rem!important}.pe-xl-4{padding-right:1.5rem!important}.pe-xl-5{padding-right:3rem!important}.pb-xl-0{padding-bottom:0!important}.pb-xl-1{padding-bottom:.25rem!important}.pb-xl-2{padding-bottom:.5rem!important}.pb-xl-3{padding-bottom:1rem!important}.pb-xl-4{padding-bottom:1.5rem!important}.pb-xl-5{padding-bottom:3rem!important}.ps-xl-0{padding-left:0!important}.ps-xl-1{padding-left:.25rem!important}.ps-xl-2{padding-left:.5rem!important}.ps-xl-3{padding-left:1rem!important}.ps-xl-4{padding-left:1.5rem!important}.ps-xl-5{padding-left:3rem!important}.gap-xl-0{gap:0!important}.gap-xl-1{gap:.25rem!important}.gap-xl-2{gap:.5rem!important}.gap-xl-3{gap:1rem!important}.gap-xl-4{gap:1.5rem!important}.gap-xl-5{gap:3rem!important}.row-gap-xl-0{row-gap:0!important}.row-gap-xl-1{row-gap:.25rem!important}.row-gap-xl-2{row-gap:.5rem!important}.row-gap-xl-3{row-gap:1rem!important}.row-gap-xl-4{row-gap:1.5rem!important}.row-gap-xl-5{row-gap:3rem!important}.column-gap-xl-0{-moz-column-gap:0!important;column-gap:0!important}.column-gap-xl-1{-moz-column-gap:.25rem!important;column-gap:.25rem!important}.column-gap-xl-2{-moz-column-gap:.5rem!important;column-gap:.5rem!important}.column-gap-xl-3{-moz-column-gap:1rem!important;column-gap:1rem!important}.column-gap-xl-4{-moz-column-gap:1.5rem!important;column-gap:1.5rem!important}.column-gap-xl-5{-moz-column-gap:3rem!important;column-gap:3rem!important}.text-xl-start{text-align:left!important}.text-xl-end{text-align:right!important}.text-xl-center{text-align:center!important}}@media (min-width: 1400px){.float-xxl-start{float:left!important}.float-xxl-end{float:right!important}.float-xxl-none{float:none!important}.object-fit-xxl-contain{-o-object-fit:contain!important;object-fit:contain!important}.object-fit-xxl-cover{-o-object-fit:cover!important;object-fit:cover!important}.object-fit-xxl-fill{-o-object-fit:fill!important;object-fit:fill!important}.object-fit-xxl-scale{-o-object-fit:scale-down!important;object-fit:scale-down!important}.object-fit-xxl-none{-o-object-fit:none!important;object-fit:none!important}.d-xxl-inline{display:inline!important}.d-xxl-inline-block{display:inline-block!important}.d-xxl-block{display:block!important}.d-xxl-grid{display:grid!important}.d-xxl-inline-grid{display:inline-grid!important}.d-xxl-table{display:table!important}.d-xxl-table-row{display:table-row!important}.d-xxl-table-cell{display:table-cell!important}.d-xxl-flex{display:flex!important}.d-xxl-inline-flex{display:inline-flex!important}.d-xxl-none{display:none!important}.flex-xxl-fill{flex:1 1 auto!important}.flex-xxl-row{flex-direction:row!important}.flex-xxl-column{flex-direction:column!important}.flex-xxl-row-reverse{flex-direction:row-reverse!important}.flex-xxl-column-reverse{flex-direction:column-reverse!important}.flex-xxl-grow-0{flex-grow:0!important}.flex-xxl-grow-1{flex-grow:1!important}.flex-xxl-shrink-0{flex-shrink:0!important}.flex-xxl-shrink-1{flex-shrink:1!important}.flex-xxl-wrap{flex-wrap:wrap!important}.flex-xxl-nowrap{flex-wrap:nowrap!important}.flex-xxl-wrap-reverse{flex-wrap:wrap-reverse!important}.justify-content-xxl-start{justify-content:flex-start!important}.justify-content-xxl-end{justify-content:flex-end!important}.justify-content-xxl-center{justify-content:center!important}.justify-content-xxl-between{justify-content:space-between!important}.justify-content-xxl-around{justify-content:space-around!important}.justify-content-xxl-evenly{justify-content:space-evenly!important}.align-items-xxl-start{align-items:flex-start!important}.align-items-xxl-end{align-items:flex-end!important}.align-items-xxl-center{align-items:center!important}.align-items-xxl-baseline{align-items:baseline!important}.align-items-xxl-stretch{align-items:stretch!important}.align-content-xxl-start{align-content:flex-start!important}.align-content-xxl-end{align-content:flex-end!important}.align-content-xxl-center{align-content:center!important}.align-content-xxl-between{align-content:space-between!important}.align-content-xxl-around{align-content:space-around!important}.align-content-xxl-stretch{align-content:stretch!important}.align-self-xxl-auto{align-self:auto!important}.align-self-xxl-start{align-self:flex-start!important}.align-self-xxl-end{align-self:flex-end!important}.align-self-xxl-center{align-self:center!important}.align-self-xxl-baseline{align-self:baseline!important}.align-self-xxl-stretch{align-self:stretch!important}.order-xxl-first{order:-1!important}.order-xxl-0{order:0!important}.order-xxl-1{order:1!important}.order-xxl-2{order:2!important}.order-xxl-3{order:3!important}.order-xxl-4{order:4!important}.order-xxl-5{order:5!important}.order-xxl-last{order:6!important}.m-xxl-0{margin:0!important}.m-xxl-1{margin:.25rem!important}.m-xxl-2{margin:.5rem!important}.m-xxl-3{margin:1rem!important}.m-xxl-4{margin:1.5rem!important}.m-xxl-5{margin:3rem!important}.m-xxl-auto{margin:auto!important}.mx-xxl-0{margin-right:0!important;margin-left:0!important}.mx-xxl-1{margin-right:.25rem!important;margin-left:.25rem!important}.mx-xxl-2{margin-right:.5rem!important;margin-left:.5rem!important}.mx-xxl-3{margin-right:1rem!important;margin-left:1rem!important}.mx-xxl-4{margin-right:1.5rem!important;margin-left:1.5rem!important}.mx-xxl-5{margin-right:3rem!important;margin-left:3rem!important}.mx-xxl-auto{margin-right:auto!important;margin-left:auto!important}.my-xxl-0{margin-top:0!important;margin-bottom:0!important}.my-xxl-1{margin-top:.25rem!important;margin-bottom:.25rem!important}.my-xxl-2{margin-top:.5rem!important;margin-bottom:.5rem!important}.my-xxl-3{margin-top:1rem!important;margin-bottom:1rem!important}.my-xxl-4{margin-top:1.5rem!important;margin-bottom:1.5rem!important}.my-xxl-5{margin-top:3rem!important;margin-bottom:3rem!important}.my-xxl-auto{margin-top:auto!important;margin-bottom:auto!important}.mt-xxl-0{margin-top:0!important}.mt-xxl-1{margin-top:.25rem!important}.mt-xxl-2{margin-top:.5rem!important}.mt-xxl-3{margin-top:1rem!important}.mt-xxl-4{margin-top:1.5rem!important}.mt-xxl-5{margin-top:3rem!important}.mt-xxl-auto{margin-top:auto!important}.me-xxl-0{margin-right:0!important}.me-xxl-1{margin-right:.25rem!important}.me-xxl-2{margin-right:.5rem!important}.me-xxl-3{margin-right:1rem!important}.me-xxl-4{margin-right:1.5rem!important}.me-xxl-5{margin-right:3rem!important}.me-xxl-auto{margin-right:auto!important}.mb-xxl-0{margin-bottom:0!important}.mb-xxl-1{margin-bottom:.25rem!important}.mb-xxl-2{margin-bottom:.5rem!important}.mb-xxl-3{margin-bottom:1rem!important}.mb-xxl-4{margin-bottom:1.5rem!important}.mb-xxl-5{margin-bottom:3rem!important}.mb-xxl-auto{margin-bottom:auto!important}.ms-xxl-0{margin-left:0!important}.ms-xxl-1{margin-left:.25rem!important}.ms-xxl-2{margin-left:.5rem!important}.ms-xxl-3{margin-left:1rem!important}.ms-xxl-4{margin-left:1.5rem!important}.ms-xxl-5{margin-left:3rem!important}.ms-xxl-auto{margin-left:auto!important}.p-xxl-0{padding:0!important}.p-xxl-1{padding:.25rem!important}.p-xxl-2{padding:.5rem!important}.p-xxl-3{padding:1rem!important}.p-xxl-4{padding:1.5rem!important}.p-xxl-5{padding:3rem!important}.px-xxl-0{padding-right:0!important;padding-left:0!important}.px-xxl-1{padding-right:.25rem!important;padding-left:.25rem!important}.px-xxl-2{padding-right:.5rem!important;padding-left:.5rem!important}.px-xxl-3{padding-right:1rem!important;padding-left:1rem!important}.px-xxl-4{padding-right:1.5rem!important;padding-left:1.5rem!important}.px-xxl-5{padding-right:3rem!important;padding-left:3rem!important}.py-xxl-0{padding-top:0!important;padding-bottom:0!important}.py-xxl-1{padding-top:.25rem!important;padding-bottom:.25rem!important}.py-xxl-2{padding-top:.5rem!important;padding-bottom:.5rem!important}.py-xxl-3{padding-top:1rem!important;padding-bottom:1rem!important}.py-xxl-4{padding-top:1.5rem!important;padding-bottom:1.5rem!important}.py-xxl-5{padding-top:3rem!important;padding-bottom:3rem!important}.pt-xxl-0{padding-top:0!important}.pt-xxl-1{padding-top:.25rem!important}.pt-xxl-2{padding-top:.5rem!important}.pt-xxl-3{padding-top:1rem!important}.pt-xxl-4{padding-top:1.5rem!important}.pt-xxl-5{padding-top:3rem!important}.pe-xxl-0{padding-right:0!important}.pe-xxl-1{padding-right:.25rem!important}.pe-xxl-2{padding-right:.5rem!important}.pe-xxl-3{padding-right:1rem!important}.pe-xxl-4{padding-right:1.5rem!important}.pe-xxl-5{padding-right:3rem!important}.pb-xxl-0{padding-bottom:0!important}.pb-xxl-1{padding-bottom:.25rem!important}.pb-xxl-2{padding-bottom:.5rem!important}.pb-xxl-3{padding-bottom:1rem!important}.pb-xxl-4{padding-bottom:1.5rem!important}.pb-xxl-5{padding-bottom:3rem!important}.ps-xxl-0{padding-left:0!important}.ps-xxl-1{padding-left:.25rem!important}.ps-xxl-2{padding-left:.5rem!important}.ps-xxl-3{padding-left:1rem!important}.ps-xxl-4{padding-left:1.5rem!important}.ps-xxl-5{padding-left:3rem!important}.gap-xxl-0{gap:0!important}.gap-xxl-1{gap:.25rem!important}.gap-xxl-2{gap:.5rem!important}.gap-xxl-3{gap:1rem!important}.gap-xxl-4{gap:1.5rem!important}.gap-xxl-5{gap:3rem!important}.row-gap-xxl-0{row-gap:0!important}.row-gap-xxl-1{row-gap:.25rem!important}.row-gap-xxl-2{row-gap:.5rem!important}.row-gap-xxl-3{row-gap:1rem!important}.row-gap-xxl-4{row-gap:1.5rem!important}.row-gap-xxl-5{row-gap:3rem!important}.column-gap-xxl-0{-moz-column-gap:0!important;column-gap:0!important}.column-gap-xxl-1{-moz-column-gap:.25rem!important;column-gap:.25rem!important}.column-gap-xxl-2{-moz-column-gap:.5rem!important;column-gap:.5rem!important}.column-gap-xxl-3{-moz-column-gap:1rem!important;column-gap:1rem!important}.column-gap-xxl-4{-moz-column-gap:1.5rem!important;column-gap:1.5rem!important}.column-gap-xxl-5{-moz-column-gap:3rem!important;column-gap:3rem!important}.text-xxl-start{text-align:left!important}.text-xxl-end{text-align:right!important}.text-xxl-center{text-align:center!important}}@media (min-width: 1200px){.fs-1{font-size:2.5rem!important}.fs-2{font-size:2rem!important}.fs-3{font-size:1.75rem!important}.fs-4{font-size:1.5rem!important}}@media print{.d-print-inline{display:inline!important}.d-print-inline-block{display:inline-block!important}.d-print-block{display:block!important}.d-print-grid{display:grid!important}.d-print-inline-grid{display:inline-grid!important}.d-print-table{display:table!important}.d-print-table-row{display:table-row!important}.d-print-table-cell{display:table-cell!important}.d-print-flex{display:flex!important}.d-print-inline-flex{display:inline-flex!important}.d-print-none{display:none!important}}.btn-group>.btn-tooltip-wrapper[data-v-1ef80015]:not(:last-child){margin-right:-1px}.btn-group>.btn-tooltip-wrapper>.btn[data-v-1ef80015]{border-radius:0}.btn-group>.btn-tooltip-wrapper:first-child>.btn[data-v-1ef80015]{border-top-left-radius:.375rem;border-bottom-left-radius:.375rem}.btn-group>.btn-tooltip-wrapper:last-child>.btn[data-v-1ef80015]{border-top-right-radius:.375rem;border-bottom-right-radius:.375rem}table{thead tr.table-group{th[data-v-fca44b36]{border-left:1px solid #b5b6b7;border-bottom:0}th:empty+th[data-v-fca44b36]:empty{border-left:0}}}path{&[data-v-c6b8e72b]{stroke-linecap:butt}&.never-executed[data-v-c6b8e72b]{stroke-dasharray:.5em;stroke-opacity:.5}}.tippy-box[data-animation=fade][data-state=hidden]{opacity:0}[data-tippy-root]{max-width:calc(100vw - 10px)}.tippy-box{position:relative;background-color:#333;color:#fff;border-radius:4px;font-size:14px;line-height:1.4;white-space:normal;outline:0;transition-property:transform,visibility,opacity}.tippy-box[data-placement^=top]>.tippy-arrow{bottom:0}.tippy-box[data-placement^=top]>.tippy-arrow:before{bottom:-7px;left:0;border-width:8px 8px 0;border-top-color:initial;transform-origin:center top}.tippy-box[data-placement^=bottom]>.tippy-arrow{top:0}.tippy-box[data-placement^=bottom]>.tippy-arrow:before{top:-7px;left:0;border-width:0 8px 8px;border-bottom-color:initial;transform-origin:center bottom}.tippy-box[data-placement^=left]>.tippy-arrow{right:0}.tippy-box[data-placement^=left]>.tippy-arrow:before{border-width:8px 0 8px 8px;border-left-color:initial;right:-7px;transform-origin:center left}.tippy-box[data-placement^=right]>.tippy-arrow{left:0}.tippy-box[data-placement^=right]>.tippy-arrow:before{left:-7px;border-width:8px 8px 8px 0;border-right-color:initial;transform-origin:center right}.tippy-box[data-inertia][data-state=visible]{transition-timing-function:cubic-bezier(.54,1.5,.38,1.11)}.tippy-arrow{width:16px;height:16px;color:#333}.tippy-arrow:before{content:"";position:absolute;border-color:transparent;border-style:solid}.tippy-content{position:relative;padding:5px 9px;z-index:1}.tippy-box[data-theme~=light]{color:#26323d;box-shadow:0 0 20px 4px #9aa1b126,0 4px 80px -8px #24282f40,0 4px 4px -2px #5b5e6926;background-color:#fff}.tippy-box[data-theme~=light][data-placement^=top]>.tippy-arrow:before{border-top-color:#fff}.tippy-box[data-theme~=light][data-placement^=bottom]>.tippy-arrow:before{border-bottom-color:#fff}.tippy-box[data-theme~=light][data-placement^=left]>.tippy-arrow:before{border-left-color:#fff}.tippy-box[data-theme~=light][data-placement^=right]>.tippy-arrow:before{border-right-color:#fff}.tippy-box[data-theme~=light]>.tippy-backdrop{background-color:#fff}.tippy-box[data-theme~=light]>.tippy-svg-arrow{fill:#fff}.splitpanes{display:flex;width:100%;height:100%}.splitpanes--vertical{flex-direction:row}.splitpanes--horizontal{flex-direction:column}.splitpanes--dragging *{-webkit-user-select:none;user-select:none}.splitpanes__pane{width:100%;height:100%;overflow:hidden}.splitpanes--vertical .splitpanes__pane{transition:width .2s ease-out}.splitpanes--horizontal .splitpanes__pane{transition:height .2s ease-out}.splitpanes--dragging .splitpanes__pane{transition:none}.splitpanes__splitter{touch-action:none}.splitpanes--vertical>.splitpanes__splitter{min-width:1px;cursor:col-resize}.splitpanes--horizontal>.splitpanes__splitter{min-height:1px;cursor:row-resize}.splitpanes.default-theme .splitpanes__pane{background-color:#f2f2f2}.splitpanes.default-theme .splitpanes__splitter{background-color:#fff;box-sizing:border-box;position:relative;flex-shrink:0}.splitpanes.default-theme .splitpanes__splitter:before,.splitpanes.default-theme .splitpanes__splitter:after{content:"";position:absolute;top:50%;left:50%;background-color:#00000026;transition:background-color .3s}.splitpanes.default-theme .splitpanes__splitter:hover:before,.splitpanes.default-theme .splitpanes__splitter:hover:after{background-color:#00000040}.splitpanes.default-theme .splitpanes__splitter:first-child{cursor:auto}.default-theme .splitpanes--dragging{-webkit-user-select:none;user-select:none;pointer-events:none}.default-theme.splitpanes .splitpanes .splitpanes__splitter{z-index:1}.default-theme.splitpanes--vertical>.splitpanes__splitter,.default-theme .splitpanes--vertical>.splitpanes__splitter{width:7px;border-left:1px solid #eee;margin-left:-1px}.default-theme.splitpanes--vertical>.splitpanes__splitter:before,.default-theme.splitpanes--vertical>.splitpanes__splitter:after,.default-theme .splitpanes--vertical>.splitpanes__splitter:before,.default-theme .splitpanes--vertical>.splitpanes__splitter:after{transform:translateY(-50%);width:1px;height:30px}.default-theme.splitpanes--vertical>.splitpanes__splitter:before,.default-theme .splitpanes--vertical>.splitpanes__splitter:before{margin-left:-2px}.default-theme.splitpanes--vertical>.splitpanes__splitter:after,.default-theme .splitpanes--vertical>.splitpanes__splitter:after{margin-left:1px}.default-theme.splitpanes--horizontal>.splitpanes__splitter,.default-theme .splitpanes--horizontal>.splitpanes__splitter{height:7px;border-top:1px solid #eee;margin-top:-1px}.default-theme.splitpanes--horizontal>.splitpanes__splitter:before,.default-theme.splitpanes--horizontal>.splitpanes__splitter:after,.default-theme .splitpanes--horizontal>.splitpanes__splitter:before,.default-theme .splitpanes--horizontal>.splitpanes__splitter:after{transform:translate(-50%);width:30px;height:1px}.default-theme.splitpanes--horizontal>.splitpanes__splitter:before,.default-theme .splitpanes--horizontal>.splitpanes__splitter:before{margin-top:-2px}.default-theme.splitpanes--horizontal>.splitpanes__splitter:after,.default-theme .splitpanes--horizontal>.splitpanes__splitter:after{margin-top:1px}.alert.c-1{background-color:#ccc;color:#454545;font-weight:700}.alert.c-1 .text-secondary{color:#454545!important;font-weight:400}.progress-bar.c-1{background-color:#ccc;border-color:#ccc!important}.text-c-1{color:#ccc}svg circle.c-1{fill:#ccc}.alert.c-2{background-color:#fddb61;color:#454545;font-weight:700}.alert.c-2 .text-secondary{color:#454545!important;font-weight:400}.progress-bar.c-2{background-color:#fddb61;border-color:#fddb61!important}.text-c-2{color:#fddb61}svg circle.c-2{fill:#fddb61}.alert.c-3{background-color:#e80;color:#454545;font-weight:700}.alert.c-3 .text-secondary{color:#454545!important;font-weight:400}.progress-bar.c-3{background-color:#e80;border-color:#e80!important}.text-c-3{color:#e80}svg circle.c-3{fill:#e80}.alert.c-4{background-color:#800;color:#fff;font-weight:700}.alert.c-4 .text-secondary{color:#fff!important;font-weight:400}.progress-bar.c-4{background-color:#800;border-color:#800!important}.text-c-4{color:#800}svg circle.c-4{fill:#800}.bg-hit{background-color:#ccc}.border-hit{border-color:#ccc!important}.bg-read{background-color:#fddb61}.border-read{border-color:#fddb61!important}.bg-dirtied{background-color:#e80}.border-dirtied{border-color:#e80!important}.bg-written{background-color:#800}.border-written{border-color:#800!important}.btn-group-xs .btn,.btn-xs{padding:.25rem .4rem;font-size:12px;border-radius:.2rem}.btn-group-xs .btn,.btn-group-xs .btn .fa,.btn-xs,.btn-xs .fa{line-height:.5}.never-executed,.bg-hatched{background-image:linear-gradient(45deg,#f7f7f7 25%,transparent 25%,transparent 50%,#f7f7f7 50%,#f7f7f7 75%,transparent 75%,transparent);background-size:1rem 1rem}.border-dashed{border-style:dashed!important;background-color:transparent!important}.line-clamp-2{display:-webkit-box;-webkit-line-clamp:2;-webkit-box-orient:vertical;text-overflow:ellipsis;overflow:hidden}.opacity-20{opacity:.2!important}.bg-secondary-light{background-color:#dedede!important}.plan-container{font-family:Noto Sans,sans-serif;-webkit-font-smoothing:antialiased;-moz-osx-font-smoothing:grayscale}.plan-container .menu{position:absolute;z-index:1;right:0}.plan-container .menu-hidden ul,.plan-container .menu-hidden h3{display:none}.plan-container .grab-bing{cursor:-webkit-grab;cursor:-moz-grab;cursor:-o-grab;cursor:grab}.plan-container .grab-bing:active{cursor:-webkit-grabbing;cursor:-moz-grabbing;cursor:-o-grabbing;cursor:grabbing}.plan-container .text-secondary{color:#ababab!important}.plan-container .cursor-help{cursor:help}.plan-container pre{overflow:initial}.plan-stats{font-size:13px}.plan-stats .stat-dropdown-container{border:1px solid #dedede;padding:10px;background-color:#fff;position:absolute;box-shadow:0 0 10px 2px #0000004d;border-radius:3px;margin-bottom:18px;z-index:6;right:0;width:300px;max-height:70vh;overflow:auto}.plan-stats .stat-dropdown-container h3{font-size:17px;width:93%;text-align:left;border-bottom:1px solid #dedede;padding-bottom:6px;margin-bottom:10px}.tippy-popper .tippy-tooltip{text-align:left}.tippy-popper .text-secondary{color:inherit!important}.splitpanes__pane{transition:none!important}.no-focus-outline:focus{outline:none}.table-nonfluid{width:auto!important}.more-info[title]{text-decoration-line:underline;text-decoration-style:dotted;text-decoration-color:#ababab;cursor:help}foreignObject{overflow:visible}.never-executed td{background-color:initial!important}.plan-diagram{line-height:.85em;font-family:Noto Sans,sans-serif}.plan-diagram.plan-diagram-top{max-height:30%}.plan-diagram table tr td:nth-child(3){width:50%}.plan-diagram table tr td:nth-child(2){max-width:0;width:60%;overflow:hidden;text-overflow:ellipsis;white-space:nowrap}.plan-diagram .legend ul li{font-size:13px}.plan-diagram .legend ul li span{display:inline-block;width:8px;height:8px;border-radius:50%}.plan-diagram tbody:after{content:"";display:block;height:10px}.plan-diagram th,.plan-diagram td{margin:0;color:#4d525a;white-space:nowrap}.plan-diagram th.node-index,.plan-diagram th.node-type,.plan-diagram th.subplan,.plan-diagram td.node-index,.plan-diagram td.node-type,.plan-diagram td.subplan{font-size:13px}.plan-diagram th.node-type,.plan-diagram td.node-type{font-weight:700}.plan-diagram th{font-size:13px}.plan-diagram tr.node{cursor:pointer}.plan-diagram tr.selected{outline:1px solid #00b5e2;box-shadow:0 0 5px 2px #00b5e266}.plan-diagram tr.highlight,.plan-diagram tr.selected{background-color:#fff}.plan-diagram table.highlight tr{opacity:50%}.plan-diagram table.highlight tr.highlight{opacity:100%}.plan-diagram .tree-lines{font-family:"monospace"}.plan-grid{background-color:#fff;line-height:.85em}.plan-grid>table{border-collapse:separate;border-spacing:0}.plan-grid>table>tbody>tr>th,.plan-grid>table>tbody>tr>td,.plan-grid>table>thead>tr>th,.plan-grid>table>thead>tr>td,.plan-grid>table>tr>th,.plan-grid>table>tr>td{font-size:11.7px;min-width:20px;padding-left:.5rem;padding-right:.5rem}.plan-grid .detailed{line-height:initial;margin:5px;width:calc(100% - 10px)!important;max-width:700px}.plan-grid .tree-lines{font-family:"monospace"}.plan-grid tr.node{cursor:pointer}.plan-grid .grid-progress-cell{position:relative;background-color:transparent}.plan-grid .grid-progress-cell .grid-progress{margin-top:1px}.plan-grid .grid-progress{position:absolute;width:100%;height:initial;left:calc(.5rem - 2px);top:calc(-3px + .25rem);height:calc(1em + 4px);width:calc(100% - 1rem + 4px);z-index:0;font-size:inherit}.plan-node{cursor:default;text-decoration:none;color:#4d525a;display:inline-block;position:relative;font-size:12px;margin-bottom:4px;overflow-wrap:break-word;word-wrap:break-word;width:240px}.plan-node .plan-node-body{position:relative;border:1px solid #dedede;border-radius:3px;background-color:#fff;box-shadow:1px 1px 3px #0000001a}.plan-node .plan-node-body.card .card-body,.plan-node .plan-node-body.card .card-header{padding:6px 10px}.plan-node .plan-node-body.card .card-header .card-header-tabs{margin:6px 0 -6px}.plan-node .plan-node-body.card .card-header .card-header-tabs .nav-link{padding:3px 10px}.plan-node.parallel .plan-node-body{box-shadow:none}.plan-node header{margin-bottom:6px;overflow:hidden}.plan-node header h4{font-size:13px;font-weight:600;margin:0;line-height:inherit;color:#000!important}.plan-node header .node-duration{float:right;margin-left:10px;font-size:13px}.plan-node .prop-list{color:inherit;table-layout:fixed}.plan-node:hover .plan-node-body,.plan-node.highlight .plan-node-body{box-shadow:1px 1px 5px #0006}.plan-node:hover .workers>div,.plan-node.highlight .workers>div{border-color:#0003}.plan-node.selected .plan-node-body{border-color:#00b5e2;box-shadow:0 0 5px 2px #00b5e266}.plan-node.selected .workers>div{border-color:#00b5e233}.plan-node .node-description{text-align:left;font-style:italic;word-break:normal}.plan-node .node-description .node-type{font-weight:600;background-color:#00b5e2;color:#fff;padding:0 6px}.plan-node .btn-default{border:0}.plan-node .text-secondary{color:#999ea7}.plan-node .plan-query-container{border:1px solid #dedede;padding:18px;background-color:#fff;position:absolute;box-shadow:0 0 10px 2px #0000004d;border-radius:3px;margin-bottom:18px;z-index:1;left:0}.plan-node .plan-query-container h3{font-size:17px;width:93%;text-align:left;border-bottom:1px solid #dedede;padding-bottom:6px;margin-bottom:10px}.plan-node .workers{position:absolute;left:-1px;top:1px;width:100%;height:100%;cursor:pointer}.plan-node .workers>div{border:1px solid #dedede;border-radius:3px;background-color:#fff;width:100%;height:100%;position:absolute}.plan-node .workers-handle{cursor:pointer;position:absolute;top:0;right:-5px}.plan-node .workers-handle>div{position:absolute;top:0;background-color:#fff;border:1px solid #efefef;border-radius:3px}.plan-node .workers-handle>div:hover{background-color:#f7f7f7;border-color:#dedede}.plan-node .subplan-name{background-color:#b3d7d7;border-radius:3px}.plan-node button .fa-chevron-right{display:inline-block}.plan-node button .fa-chevron-down{display:none}.plan-node button[aria-expanded=true] .fa-chevron-right{display:none!important}.plan-node button[aria-expanded=true] .fa-chevron-down{display:inline-block!important}.plan-node.plan-node-detail .text-truncate{overflow:initial;white-space:initial;text-overflow:initial}.node-bar-container{height:5px;margin-top:10px;margin-bottom:3px;border-radius:6px;background-color:#dedede;position:relative}.node-bar-container .node-bar{border-radius:6px;height:100%;text-align:left;position:absolute;left:0;top:0}.node-bar-label{text-align:left;display:block}.detailed{width:400px!important}*>.copy{display:none}*:hover>.copy{display:block}pre code.hljs{display:block;overflow-x:auto;padding:1em}code.hljs{padding:3px 5px}/*!
  Theme: StackOverflow Light
  Description: Light theme as used on stackoverflow.com
  Author: stackoverflow.com
  Maintainer: @Hirse
  Website: https://github.com/StackExchange/Stacks
  License: MIT
  Updated: 2021-05-15

  Updated for @stackoverflow/stacks v0.64.0
  Code Blocks: /blob/v0.64.0/lib/css/components/_stacks-code-blocks.less
  Colors: /blob/v0.64.0/lib/css/exports/_stacks-constants-colors.less
*/.hljs{color:#2f3337;background:#f6f6f6}.hljs-subst{color:#2f3337}.hljs-comment{color:#656e77}.hljs-keyword,.hljs-selector-tag,.hljs-meta .hljs-keyword,.hljs-doctag,.hljs-section,.hljs-attr{color:#015692}.hljs-attribute{color:#803378}.hljs-name,.hljs-type,.hljs-number,.hljs-selector-id,.hljs-quote,.hljs-template-tag{color:#b75501}.hljs-selector-class{color:#015692}.hljs-string,.hljs-regexp,.hljs-symbol,.hljs-variable,.hljs-template-variable,.hljs-link,.hljs-selector-attr{color:#54790d}.hljs-meta,.hljs-selector-pseudo{color:#015692}.hljs-built_in,.hljs-title,.hljs-literal{color:#b75501}.hljs-bullet,.hljs-code{color:#535a60}.hljs-meta .hljs-string{color:#54790d}.hljs-deletion{color:#c02d2e}.hljs-addition{color:#2f6f44}.hljs-emphasis{font-style:italic}.hljs-strong{font-weight:700}.ready rect,.ready foreignObject{transition:all .2s ease-in-out}.dropzone-over[data-v-4d5b9c25]{box-shadow:0 0 5px #51cbee;background-color:#51cbee0d}.dropzone-over[data-v-4d5b9c25]>*{opacity:50%}</style>
  </head>
  <body>
    <div id="app"></div>
  </body>
</html>
